<?xml version="1.0" ?>
<testsuite tests="92" failures="4" errors="0" skipped="3" name="tests.merged" totaltime="476.59">
<testcase classname=".." name="ddal_auth_set_login_faildelay_python" time="0.000">
<skipped></skipped>
<system-out>
no xml report file
</system-out>
<system-err>
Could not find reports for "../ddal_auth_set_login_faildelay_python", either test did not execute,
was aborted, or cannot create reports.

Test directory was /var/fpwork/psulm/lfs-jenkins/workspace/LFS_CI_-_trunk_-_TestNonBlocking_-_FSM-r2_-_FCMD/workspace/src-test/src/tests/basic_components/auth/functional/testsuite
</system-err>
</testcase>

<testcase classname="HW_03011_sfn_get_close_fd" name="TC_03011_001 SFN get/close tests" time="2">
<system-out>
SCR_OUTPUT: ##### Test Case Start: TC_03011_001  SFN get/close tests
CLI_OUTPUT: /Target1/sfn/action ddal_sfn_get_file_descriptor
CLI_OUTPUT: ret /Target1/sfn/action ddal_sfn_get_file_descriptor ==&gt; done OK retv 0 fd 7
CLI_OUTPUT: /Target1/sfn/action ddal_sfn_wakeup_fd 7 100 DDAL_SFN_PERIODIC
CLI_OUTPUT: ret /Target1/sfn/action ddal_sfn_wakeup_fd 7 100 DDAL_SFN_PERIODIC ==&gt; done OK retv 0
CLI_OUTPUT: /Target1/sfn/action ddal_sfn_wakeup_fd 7 100 DDAL_SFN_SPECIFIC
CLI_OUTPUT: ret /Target1/sfn/action ddal_sfn_wakeup_fd 7 100 DDAL_SFN_SPECIFIC ==&gt; done OK retv 0
CLI_OUTPUT: /Target1/sfn/action ddal_sfn_wakeup_fd 7 100 DDAL_SFN_PERIODIC
CLI_OUTPUT: ret /Target1/sfn/action ddal_sfn_wakeup_fd 7 100 DDAL_SFN_PERIODIC ==&gt; done OK retv 0
CLI_OUTPUT: /Target1/sfn/action ddal_sfn_close_file_descriptor 7
CLI_OUTPUT: ret /Target1/sfn/action ddal_sfn_close_file_descriptor 7 ==&gt; done OK retv 0
CLI_OUTPUT: /Target1/sfn/action ddal_sfn_get_file_descriptor
CLI_OUTPUT: ret /Target1/sfn/action ddal_sfn_get_file_descriptor ==&gt; done OK retv 0 fd 7
CLI_OUTPUT: /Target1/sfn/action ddal_sfn_wakeup_fd 7 100 DDAL_SFN_PERIODIC
CLI_OUTPUT: ret /Target1/sfn/action ddal_sfn_wakeup_fd 7 100 DDAL_SFN_PERIODIC ==&gt; done OK retv 0
CLI_OUTPUT: /Target1/sfn/action ddal_sfn_wakeup_fd 7 100 DDAL_SFN_SPECIFIC
CLI_OUTPUT: ret /Target1/sfn/action ddal_sfn_wakeup_fd 7 100 DDAL_SFN_SPECIFIC ==&gt; done OK retv 0
CLI_OUTPUT: /Target1/sfn/action ddal_sfn_wakeup_fd 7 100 DDAL_SFN_PERIODIC
CLI_OUTPUT: ret /Target1/sfn/action ddal_sfn_wakeup_fd 7 100 DDAL_SFN_PERIODIC ==&gt; done OK retv 0
CLI_OUTPUT: /Target1/sfn/action ddal_sfn_close_file_descriptor 7
CLI_OUTPUT: ret /Target1/sfn/action ddal_sfn_close_file_descriptor 7 ==&gt; done OK retv 0
CLI_OUTPUT: /Target1/sfn/action ddal_sfn_get_file_descriptor
CLI_OUTPUT: ret /Target1/sfn/action ddal_sfn_get_file_descriptor ==&gt; done OK retv 0 fd 7
CLI_OUTPUT: /Target1/sfn/action ddal_sfn_wakeup_fd 7 100 DDAL_SFN_PERIODIC
CLI_OUTPUT: ret /Target1/sfn/action ddal_sfn_wakeup_fd 7 100 DDAL_SFN_PERIODIC ==&gt; done OK retv 0
CLI_OUTPUT: /Target1/sfn/action ddal_sfn_wakeup_fd 7 100 DDAL_SFN_SPECIFIC
CLI_OUTPUT: ret /Target1/sfn/action ddal_sfn_wakeup_fd 7 100 DDAL_SFN_SPECIFIC ==&gt; done OK retv 0
CLI_OUTPUT: /Target1/sfn/action ddal_sfn_wakeup_fd 7 100 DDAL_SFN_PERIODIC
CLI_OUTPUT: ret /Target1/sfn/action ddal_sfn_wakeup_fd 7 100 DDAL_SFN_PERIODIC ==&gt; done OK retv 0
CLI_OUTPUT: /Target1/sfn/action ddal_sfn_close_file_descriptor 7
CLI_OUTPUT: ret /Target1/sfn/action ddal_sfn_close_file_descriptor 7 ==&gt; done OK retv 0
CLI_OUTPUT: /Target1/sfn/action ddal_sfn_get_file_descriptor
CLI_OUTPUT: ret /Target1/sfn/action ddal_sfn_get_file_descriptor ==&gt; done OK retv 0 fd 7
CLI_OUTPUT: /Target1/sfn/action ddal_sfn_wakeup_fd 7 100 DDAL_SFN_PERIODIC
CLI_OUTPUT: ret /Target1/sfn/action ddal_sfn_wakeup_fd 7 100 DDAL_SFN_PERIODIC ==&gt; done OK retv 0
CLI_OUTPUT: /Target1/sfn/action ddal_sfn_wakeup_fd 7 100 DDAL_SFN_SPECIFIC
CLI_OUTPUT: ret /Target1/sfn/action ddal_sfn_wakeup_fd 7 100 DDAL_SFN_SPECIFIC ==&gt; done OK retv 0
CLI_OUTPUT: /Target1/sfn/action ddal_sfn_wakeup_fd 7 100 DDAL_SFN_PERIODIC
CLI_OUTPUT: ret /Target1/sfn/action ddal_sfn_wakeup_fd 7 100 DDAL_SFN_PERIODIC ==&gt; done OK retv 0
CLI_OUTPUT: /Target1/sfn/action ddal_sfn_close_file_descriptor 7
CLI_OUTPUT: ret /Target1/sfn/action ddal_sfn_close_file_descriptor 7 ==&gt; done OK retv 0
CLI_OUTPUT: /Target1/sfn/action ddal_sfn_get_file_descriptor
CLI_OUTPUT: ret /Target1/sfn/action ddal_sfn_get_file_descriptor ==&gt; done OK retv 0 fd 7
CLI_OUTPUT: /Target1/sfn/action ddal_sfn_wakeup_fd 7 100 DDAL_SFN_PERIODIC
CLI_OUTPUT: ret /Target1/sfn/action ddal_sfn_wakeup_fd 7 100 DDAL_SFN_PERIODIC ==&gt; done OK retv 0
CLI_OUTPUT: /Target1/sfn/action ddal_sfn_wakeup_fd 7 100 DDAL_SFN_SPECIFIC
CLI_OUTPUT: ret /Target1/sfn/action ddal_sfn_wakeup_fd 7 100 DDAL_SFN_SPECIFIC ==&gt; done OK retv 0
CLI_OUTPUT: /Target1/sfn/action ddal_sfn_wakeup_fd 7 100 DDAL_SFN_PERIODIC
CLI_OUTPUT: ret /Target1/sfn/action ddal_sfn_wakeup_fd 7 100 DDAL_SFN_PERIODIC ==&gt; done OK retv 0
CLI_OUTPUT: /Target1/sfn/action ddal_sfn_close_file_descriptor 7
CLI_OUTPUT: ret /Target1/sfn/action ddal_sfn_close_file_descriptor 7 ==&gt; done OK retv 0
CLI_OUTPUT: /Target1/sfn/action ddal_sfn_get_file_descriptor
CLI_OUTPUT: ret /Target1/sfn/action ddal_sfn_get_file_descriptor ==&gt; done OK retv 0 fd 7
CLI_OUTPUT: /Target1/sfn/action ddal_sfn_wakeup_fd 7 100 DDAL_SFN_PERIODIC
CLI_OUTPUT: ret /Target1/sfn/action ddal_sfn_wakeup_fd 7 100 DDAL_SFN_PERIODIC ==&gt; done OK retv 0
CLI_OUTPUT: /Target1/sfn/action ddal_sfn_wakeup_fd 7 100 DDAL_SFN_SPECIFIC
CLI_OUTPUT: ret /Target1/sfn/action ddal_sfn_wakeup_fd 7 100 DDAL_SFN_SPECIFIC ==&gt; done OK retv 0
CLI_OUTPUT: /Target1/sfn/action ddal_sfn_wakeup_fd 7 100 DDAL_SFN_PERIODIC
CLI_OUTPUT: ret /Target1/sfn/action ddal_sfn_wakeup_fd 7 100 DDAL_SFN_PERIODIC ==&gt; done OK retv 0
CLI_OUTPUT: /Target1/sfn/action ddal_sfn_close_file_descriptor 7
CLI_OUTPUT: ret /Target1/sfn/action ddal_sfn_close_file_descriptor 7 ==&gt; done OK retv 0
CLI_OUTPUT: /Target1/sfn/action ddal_sfn_get_file_descriptor
CLI_OUTPUT: ret /Target1/sfn/action ddal_sfn_get_file_descriptor ==&gt; done OK retv 0 fd 7
CLI_OUTPUT: /Target1/sfn/action ddal_sfn_wakeup_fd 7 100 DDAL_SFN_PERIODIC
CLI_OUTPUT: ret /Target1/sfn/action ddal_sfn_wakeup_fd 7 100 DDAL_SFN_PERIODIC ==&gt; done OK retv 0
CLI_OUTPUT: /Target1/sfn/action ddal_sfn_wakeup_fd 7 100 DDAL_SFN_SPECIFIC
CLI_OUTPUT: ret /Target1/sfn/action ddal_sfn_wakeup_fd 7 100 DDAL_SFN_SPECIFIC ==&gt; done OK retv 0
CLI_OUTPUT: /Target1/sfn/action ddal_sfn_wakeup_fd 7 100 DDAL_SFN_PERIODIC
CLI_OUTPUT: ret /Target1/sfn/action ddal_sfn_wakeup_fd 7 100 DDAL_SFN_PERIODIC ==&gt; done OK retv 0
CLI_OUTPUT: /Target1/sfn/action ddal_sfn_close_file_descriptor 7
CLI_OUTPUT: ret /Target1/sfn/action ddal_sfn_close_file_descriptor 7 ==&gt; done OK retv 0
CLI_OUTPUT: /Target1/sfn/action ddal_sfn_get_file_descriptor
CLI_OUTPUT: ret /Target1/sfn/action ddal_sfn_get_file_descriptor ==&gt; done OK retv 0 fd 7
CLI_OUTPUT: /Target1/sfn/action ddal_sfn_wakeup_fd 7 100 DDAL_SFN_PERIODIC
CLI_OUTPUT: ret /Target1/sfn/action ddal_sfn_wakeup_fd 7 100 DDAL_SFN_PERIODIC ==&gt; done OK retv 0
CLI_OUTPUT: /Target1/sfn/action ddal_sfn_wakeup_fd 7 100 DDAL_SFN_SPECIFIC
CLI_OUTPUT: ret /Target1/sfn/action ddal_sfn_wakeup_fd 7 100 DDAL_SFN_SPECIFIC ==&gt; done OK retv 0
CLI_OUTPUT: /Target1/sfn/action ddal_sfn_wakeup_fd 7 100 DDAL_SFN_PERIODIC
CLI_OUTPUT: ret /Target1/sfn/action ddal_sfn_wakeup_fd 7 100 DDAL_SFN_PERIODIC ==&gt; done OK retv 0
CLI_OUTPUT: /Target1/sfn/action ddal_sfn_close_file_descriptor 7
CLI_OUTPUT: ret /Target1/sfn/action ddal_sfn_close_file_descriptor 7 ==&gt; done OK retv 0
CLI_OUTPUT: /Target1/sfn/action ddal_sfn_get_file_descriptor
CLI_OUTPUT: ret /Target1/sfn/action ddal_sfn_get_file_descriptor ==&gt; done OK retv 0 fd 7
CLI_OUTPUT: /Target1/sfn/action ddal_sfn_wakeup_fd 7 100 DDAL_SFN_PERIODIC
CLI_OUTPUT: ret /Target1/sfn/action ddal_sfn_wakeup_fd 7 100 DDAL_SFN_PERIODIC ==&gt; done OK retv 0
CLI_OUTPUT: /Target1/sfn/action ddal_sfn_wakeup_fd 7 100 DDAL_SFN_SPECIFIC
CLI_OUTPUT: ret /Target1/sfn/action ddal_sfn_wakeup_fd 7 100 DDAL_SFN_SPECIFIC ==&gt; done OK retv 0
CLI_OUTPUT: /Target1/sfn/action ddal_sfn_wakeup_fd 7 100 DDAL_SFN_PERIODIC
CLI_OUTPUT: ret /Target1/sfn/action ddal_sfn_wakeup_fd 7 100 DDAL_SFN_PERIODIC ==&gt; done OK retv 0
CLI_OUTPUT: /Target1/sfn/action ddal_sfn_close_file_descriptor 7
CLI_OUTPUT: ret /Target1/sfn/action ddal_sfn_close_file_descriptor 7 ==&gt; done OK retv 0
CLI_OUTPUT: /Target1/sfn/action ddal_sfn_get_file_descriptor
CLI_OUTPUT: ret /Target1/sfn/action ddal_sfn_get_file_descriptor ==&gt; done OK retv 0 fd 7
CLI_OUTPUT: /Target1/sfn/action ddal_sfn_wakeup_fd 7 100 DDAL_SFN_PERIODIC
CLI_OUTPUT: ret /Target1/sfn/action ddal_sfn_wakeup_fd 7 100 DDAL_SFN_PERIODIC ==&gt; done OK retv 0
CLI_OUTPUT: /Target1/sfn/action ddal_sfn_wakeup_fd 7 100 DDAL_SFN_SPECIFIC
CLI_OUTPUT: ret /Target1/sfn/action ddal_sfn_wakeup_fd 7 100 DDAL_SFN_SPECIFIC ==&gt; done OK retv 0
CLI_OUTPUT: /Target1/sfn/action ddal_sfn_wakeup_fd 7 100 DDAL_SFN_PERIODIC
CLI_OUTPUT: ret /Target1/sfn/action ddal_sfn_wakeup_fd 7 100 DDAL_SFN_PERIODIC ==&gt; done OK retv 0
CLI_OUTPUT: /Target1/sfn/action ddal_sfn_close_file_descriptor 7
CLI_OUTPUT: ret /Target1/sfn/action ddal_sfn_close_file_descriptor 7 ==&gt; done OK retv 0
CLI_OUTPUT: /Target1/sfn/action ddal_sfn_get_file_descriptor
CLI_OUTPUT: ret /Target1/sfn/action ddal_sfn_get_file_descriptor ==&gt; done OK retv 0 fd 7
CLI_OUTPUT: /Target1/sfn/action ddal_sfn_wakeup_fd 7 100 DDAL_SFN_PERIODIC
CLI_OUTPUT: ret /Target1/sfn/action ddal_sfn_wakeup_fd 7 100 DDAL_SFN_PERIODIC ==&gt; done OK retv 0
CLI_OUTPUT: /Target1/sfn/action ddal_sfn_wakeup_fd 7 100 DDAL_SFN_SPECIFIC
CLI_OUTPUT: ret /Target1/sfn/action ddal_sfn_wakeup_fd 7 100 DDAL_SFN_SPECIFIC ==&gt; done OK retv 0
CLI_OUTPUT: /Target1/sfn/action ddal_sfn_wakeup_fd 7 100 DDAL_SFN_PERIODIC
CLI_OUTPUT: ret /Target1/sfn/action ddal_sfn_wakeup_fd 7 100 DDAL_SFN_PERIODIC ==&gt; done OK retv 0
CLI_OUTPUT: /Target1/sfn/action ddal_sfn_close_file_descriptor 7
CLI_OUTPUT: ret /Target1/sfn/action ddal_sfn_close_file_descriptor 7 ==&gt; done OK retv 0
CLI_OUTPUT: /Target1/sfn/action ddal_sfn_get_file_descriptor
CLI_OUTPUT: ret /Target1/sfn/action ddal_sfn_get_file_descriptor ==&gt; done OK retv 0 fd 7
CLI_OUTPUT: /Target1/sfn/action ddal_sfn_wakeup_fd 7 100 DDAL_SFN_PERIODIC
CLI_OUTPUT: ret /Target1/sfn/action ddal_sfn_wakeup_fd 7 100 DDAL_SFN_PERIODIC ==&gt; done OK retv 0
CLI_OUTPUT: /Target1/sfn/action ddal_sfn_wakeup_fd 7 100 DDAL_SFN_SPECIFIC
CLI_OUTPUT: ret /Target1/sfn/action ddal_sfn_wakeup_fd 7 100 DDAL_SFN_SPECIFIC ==&gt; done OK retv 0
CLI_OUTPUT: /Target1/sfn/action ddal_sfn_wakeup_fd 7 100 DDAL_SFN_PERIODIC
CLI_OUTPUT: ret /Target1/sfn/action ddal_sfn_wakeup_fd 7 100 DDAL_SFN_PERIODIC ==&gt; done OK retv 0
CLI_OUTPUT: /Target1/sfn/action ddal_sfn_close_file_descriptor 7
CLI_OUTPUT: ret /Target1/sfn/action ddal_sfn_close_file_descriptor 7 ==&gt; done OK retv 0
CLI_OUTPUT: /Target1/sfn/action ddal_sfn_get_file_descriptor
CLI_OUTPUT: ret /Target1/sfn/action ddal_sfn_get_file_descriptor ==&gt; done OK retv 0 fd 7
CLI_OUTPUT: /Target1/sfn/action ddal_sfn_wakeup_fd 7 100 DDAL_SFN_PERIODIC
CLI_OUTPUT: ret /Target1/sfn/action ddal_sfn_wakeup_fd 7 100 DDAL_SFN_PERIODIC ==&gt; done OK retv 0
CLI_OUTPUT: /Target1/sfn/action ddal_sfn_wakeup_fd 7 100 DDAL_SFN_SPECIFIC
CLI_OUTPUT: ret /Target1/sfn/action ddal_sfn_wakeup_fd 7 100 DDAL_SFN_SPECIFIC ==&gt; done OK retv 0
CLI_OUTPUT: /Target1/sfn/action ddal_sfn_wakeup_fd 7 100 DDAL_SFN_PERIODIC
CLI_OUTPUT: ret /Target1/sfn/action ddal_sfn_wakeup_fd 7 100 DDAL_SFN_PERIODIC ==&gt; done OK retv 0
CLI_OUTPUT: /Target1/sfn/action ddal_sfn_close_file_descriptor 7
CLI_OUTPUT: ret /Target1/sfn/action ddal_sfn_close_file_descriptor 7 ==&gt; done OK retv 0
CLI_OUTPUT: /Target1/sfn/action ddal_sfn_get_file_descriptor
CLI_OUTPUT: ret /Target1/sfn/action ddal_sfn_get_file_descriptor ==&gt; done OK retv 0 fd 7
CLI_OUTPUT: /Target1/sfn/action ddal_sfn_wakeup_fd 7 100 DDAL_SFN_PERIODIC
CLI_OUTPUT: ret /Target1/sfn/action ddal_sfn_wakeup_fd 7 100 DDAL_SFN_PERIODIC ==&gt; done OK retv 0
CLI_OUTPUT: /Target1/sfn/action ddal_sfn_wakeup_fd 7 100 DDAL_SFN_SPECIFIC
CLI_OUTPUT: ret /Target1/sfn/action ddal_sfn_wakeup_fd 7 100 DDAL_SFN_SPECIFIC ==&gt; done OK retv 0
CLI_OUTPUT: /Target1/sfn/action ddal_sfn_wakeup_fd 7 100 DDAL_SFN_PERIODIC
CLI_OUTPUT: ret /Target1/sfn/action ddal_sfn_wakeup_fd 7 100 DDAL_SFN_PERIODIC ==&gt; done OK retv 0
CLI_OUTPUT: /Target1/sfn/action ddal_sfn_close_file_descriptor 7
CLI_OUTPUT: ret /Target1/sfn/action ddal_sfn_close_file_descriptor 7 ==&gt; done OK retv 0
CLI_OUTPUT: /Target1/sfn/action ddal_sfn_get_file_descriptor
CLI_OUTPUT: ret /Target1/sfn/action ddal_sfn_get_file_descriptor ==&gt; done OK retv 0 fd 7
CLI_OUTPUT: /Target1/sfn/action ddal_sfn_wakeup_fd 7 100 DDAL_SFN_PERIODIC
CLI_OUTPUT: ret /Target1/sfn/action ddal_sfn_wakeup_fd 7 100 DDAL_SFN_PERIODIC ==&gt; done OK retv 0
CLI_OUTPUT: /Target1/sfn/action ddal_sfn_wakeup_fd 7 100 DDAL_SFN_SPECIFIC
CLI_OUTPUT: ret /Target1/sfn/action ddal_sfn_wakeup_fd 7 100 DDAL_SFN_SPECIFIC ==&gt; done OK retv 0
CLI_OUTPUT: /Target1/sfn/action ddal_sfn_wakeup_fd 7 100 DDAL_SFN_PERIODIC
CLI_OUTPUT: ret /Target1/sfn/action ddal_sfn_wakeup_fd 7 100 DDAL_SFN_PERIODIC ==&gt; done OK retv 0
CLI_OUTPUT: /Target1/sfn/action ddal_sfn_close_file_descriptor 7
CLI_OUTPUT: ret /Target1/sfn/action ddal_sfn_close_file_descriptor 7 ==&gt; done OK retv 0
CLI_OUTPUT: /Target1/sfn/action ddal_sfn_get_file_descriptor
CLI_OUTPUT: ret /Target1/sfn/action ddal_sfn_get_file_descriptor ==&gt; done OK retv 0 fd 7
CLI_OUTPUT: /Target1/sfn/action ddal_sfn_wakeup_fd 7 100 DDAL_SFN_PERIODIC
CLI_OUTPUT: ret /Target1/sfn/action ddal_sfn_wakeup_fd 7 100 DDAL_SFN_PERIODIC ==&gt; done OK retv 0
CLI_OUTPUT: /Target1/sfn/action ddal_sfn_wakeup_fd 7 100 DDAL_SFN_SPECIFIC
CLI_OUTPUT: ret /Target1/sfn/action ddal_sfn_wakeup_fd 7 100 DDAL_SFN_SPECIFIC ==&gt; done OK retv 0
CLI_OUTPUT: /Target1/sfn/action ddal_sfn_wakeup_fd 7 100 DDAL_SFN_PERIODIC
CLI_OUTPUT: ret /Target1/sfn/action ddal_sfn_wakeup_fd 7 100 DDAL_SFN_PERIODIC ==&gt; done OK retv 0
CLI_OUTPUT: /Target1/sfn/action ddal_sfn_close_file_descriptor 7
CLI_OUTPUT: ret /Target1/sfn/action ddal_sfn_close_file_descriptor 7 ==&gt; done OK retv 0
CLI_OUTPUT: /Target1/sfn/action ddal_sfn_get_file_descriptor
CLI_OUTPUT: ret /Target1/sfn/action ddal_sfn_get_file_descriptor ==&gt; done OK retv 0 fd 7
CLI_OUTPUT: /Target1/sfn/action ddal_sfn_wakeup_fd 7 100 DDAL_SFN_PERIODIC
CLI_OUTPUT: ret /Target1/sfn/action ddal_sfn_wakeup_fd 7 100 DDAL_SFN_PERIODIC ==&gt; done OK retv 0
CLI_OUTPUT: /Target1/sfn/action ddal_sfn_wakeup_fd 7 100 DDAL_SFN_SPECIFIC
CLI_OUTPUT: ret /Target1/sfn/action ddal_sfn_wakeup_fd 7 100 DDAL_SFN_SPECIFIC ==&gt; done OK retv 0
CLI_OUTPUT: /Target1/sfn/action ddal_sfn_wakeup_fd 7 100 DDAL_SFN_PERIODIC
CLI_OUTPUT: ret /Target1/sfn/action ddal_sfn_wakeup_fd 7 100 DDAL_SFN_PERIODIC ==&gt; done OK retv 0
CLI_OUTPUT: /Target1/sfn/action ddal_sfn_close_file_descriptor 7
CLI_OUTPUT: ret /Target1/sfn/action ddal_sfn_close_file_descriptor 7 ==&gt; done OK retv 0
CLI_OUTPUT: /Target1/sfn/action ddal_sfn_get_file_descriptor
CLI_OUTPUT: ret /Target1/sfn/action ddal_sfn_get_file_descriptor ==&gt; done OK retv 0 fd 7
CLI_OUTPUT: /Target1/sfn/action ddal_sfn_wakeup_fd 7 100 DDAL_SFN_PERIODIC
CLI_OUTPUT: ret /Target1/sfn/action ddal_sfn_wakeup_fd 7 100 DDAL_SFN_PERIODIC ==&gt; done OK retv 0
CLI_OUTPUT: /Target1/sfn/action ddal_sfn_wakeup_fd 7 100 DDAL_SFN_SPECIFIC
CLI_OUTPUT: ret /Target1/sfn/action ddal_sfn_wakeup_fd 7 100 DDAL_SFN_SPECIFIC ==&gt; done OK retv 0
CLI_OUTPUT: /Target1/sfn/action ddal_sfn_wakeup_fd 7 100 DDAL_SFN_PERIODIC
CLI_OUTPUT: ret /Target1/sfn/action ddal_sfn_wakeup_fd 7 100 DDAL_SFN_PERIODIC ==&gt; done OK retv 0
CLI_OUTPUT: /Target1/sfn/action ddal_sfn_close_file_descriptor 7
CLI_OUTPUT: ret /Target1/sfn/action ddal_sfn_close_file_descriptor 7 ==&gt; done OK retv 0
CLI_OUTPUT: /Target1/sfn/action ddal_sfn_get_file_descriptor
CLI_OUTPUT: ret /Target1/sfn/action ddal_sfn_get_file_descriptor ==&gt; done OK retv 0 fd 7
CLI_OUTPUT: /Target1/sfn/action ddal_sfn_wakeup_fd 7 100 DDAL_SFN_PERIODIC
CLI_OUTPUT: ret /Target1/sfn/action ddal_sfn_wakeup_fd 7 100 DDAL_SFN_PERIODIC ==&gt; done OK retv 0
CLI_OUTPUT: /Target1/sfn/action ddal_sfn_wakeup_fd 7 100 DDAL_SFN_SPECIFIC
CLI_OUTPUT: ret /Target1/sfn/action ddal_sfn_wakeup_fd 7 100 DDAL_SFN_SPECIFIC ==&gt; done OK retv 0
CLI_OUTPUT: /Target1/sfn/action ddal_sfn_wakeup_fd 7 100 DDAL_SFN_PERIODIC
CLI_OUTPUT: ret /Target1/sfn/action ddal_sfn_wakeup_fd 7 100 DDAL_SFN_PERIODIC ==&gt; done OK retv 0
CLI_OUTPUT: /Target1/sfn/action ddal_sfn_close_file_descriptor 7
CLI_OUTPUT: ret /Target1/sfn/action ddal_sfn_close_file_descriptor 7 ==&gt; done OK retv 0
CLI_OUTPUT: /Target1/sfn/action ddal_sfn_get_file_descriptor
CLI_OUTPUT: ret /Target1/sfn/action ddal_sfn_get_file_descriptor ==&gt; done OK retv 0 fd 7
CLI_OUTPUT: /Target1/sfn/action ddal_sfn_wakeup_fd 7 100 DDAL_SFN_PERIODIC
CLI_OUTPUT: ret /Target1/sfn/action ddal_sfn_wakeup_fd 7 100 DDAL_SFN_PERIODIC ==&gt; done OK retv 0
CLI_OUTPUT: /Target1/sfn/action ddal_sfn_wakeup_fd 7 100 DDAL_SFN_SPECIFIC
CLI_OUTPUT: ret /Target1/sfn/action ddal_sfn_wakeup_fd 7 100 DDAL_SFN_SPECIFIC ==&gt; done OK retv 0
CLI_OUTPUT: /Target1/sfn/action ddal_sfn_wakeup_fd 7 100 DDAL_SFN_PERIODIC
CLI_OUTPUT: ret /Target1/sfn/action ddal_sfn_wakeup_fd 7 100 DDAL_SFN_PERIODIC ==&gt; done OK retv 0
CLI_OUTPUT: /Target1/sfn/action ddal_sfn_close_file_descriptor 7
CLI_OUTPUT: ret /Target1/sfn/action ddal_sfn_close_file_descriptor 7 ==&gt; done OK retv 0
CLI_OUTPUT: /Target1/sfn/action ddal_sfn_get_file_descriptor
CLI_OUTPUT: ret /Target1/sfn/action ddal_sfn_get_file_descriptor ==&gt; done OK retv 0 fd 7
CLI_OUTPUT: /Target1/sfn/action ddal_sfn_wakeup_fd 7 100 DDAL_SFN_PERIODIC
CLI_OUTPUT: ret /Target1/sfn/action ddal_sfn_wakeup_fd 7 100 DDAL_SFN_PERIODIC ==&gt; done OK retv 0
CLI_OUTPUT: /Target1/sfn/action ddal_sfn_wakeup_fd 7 100 DDAL_SFN_SPECIFIC
CLI_OUTPUT: ret /Target1/sfn/action ddal_sfn_wakeup_fd 7 100 DDAL_SFN_SPECIFIC ==&gt; done OK retv 0
CLI_OUTPUT: /Target1/sfn/action ddal_sfn_wakeup_fd 7 100 DDAL_SFN_PERIODIC
CLI_OUTPUT: ret /Target1/sfn/action ddal_sfn_wakeup_fd 7 100 DDAL_SFN_PERIODIC ==&gt; done OK retv 0
CLI_OUTPUT: /Target1/sfn/action ddal_sfn_close_file_descriptor 7
CLI_OUTPUT: ret /Target1/sfn/action ddal_sfn_close_file_descriptor 7 ==&gt; done OK retv 0
CLI_OUTPUT: /Target1/sfn/action ddal_sfn_get_file_descriptor
CLI_OUTPUT: ret /Target1/sfn/action ddal_sfn_get_file_descriptor ==&gt; done OK retv 0 fd 7
CLI_OUTPUT: /Target1/sfn/action ddal_sfn_wakeup_fd 7 100 DDAL_SFN_PERIODIC
CLI_OUTPUT: ret /Target1/sfn/action ddal_sfn_wakeup_fd 7 100 DDAL_SFN_PERIODIC ==&gt; done OK retv 0
CLI_OUTPUT: /Target1/sfn/action ddal_sfn_wakeup_fd 7 100 DDAL_SFN_SPECIFIC
CLI_OUTPUT: ret /Target1/sfn/action ddal_sfn_wakeup_fd 7 100 DDAL_SFN_SPECIFIC ==&gt; done OK retv 0
CLI_OUTPUT: /Target1/sfn/action ddal_sfn_wakeup_fd 7 100 DDAL_SFN_PERIODIC
CLI_OUTPUT: ret /Target1/sfn/action ddal_sfn_wakeup_fd 7 100 DDAL_SFN_PERIODIC ==&gt; done OK retv 0
CLI_OUTPUT: /Target1/sfn/action ddal_sfn_close_file_descriptor 7
CLI_OUTPUT: ret /Target1/sfn/action ddal_sfn_close_file_descriptor 7 ==&gt; done OK retv 0
CLI_OUTPUT: /Target1/sfn/action ddal_sfn_get_file_descriptor
CLI_OUTPUT: ret /Target1/sfn/action ddal_sfn_get_file_descriptor ==&gt; done OK retv 0 fd 7
CLI_OUTPUT: /Target1/sfn/action ddal_sfn_wakeup_fd 7 100 DDAL_SFN_PERIODIC
CLI_OUTPUT: ret /Target1/sfn/action ddal_sfn_wakeup_fd 7 100 DDAL_SFN_PERIODIC ==&gt; done OK retv 0
CLI_OUTPUT: /Target1/sfn/action ddal_sfn_wakeup_fd 7 100 DDAL_SFN_SPECIFIC
CLI_OUTPUT: ret /Target1/sfn/action ddal_sfn_wakeup_fd 7 100 DDAL_SFN_SPECIFIC ==&gt; done OK retv 0
CLI_OUTPUT: /Target1/sfn/action ddal_sfn_wakeup_fd 7 100 DDAL_SFN_PERIODIC
CLI_OUTPUT: ret /Target1/sfn/action ddal_sfn_wakeup_fd 7 100 DDAL_SFN_PERIODIC ==&gt; done OK retv 0
CLI_OUTPUT: /Target1/sfn/action ddal_sfn_close_file_descriptor 7
CLI_OUTPUT: ret /Target1/sfn/action ddal_sfn_close_file_descriptor 7 ==&gt; done OK retv 0
CLI_OUTPUT: /Target1/sfn/action ddal_sfn_get_file_descriptor
CLI_OUTPUT: ret /Target1/sfn/action ddal_sfn_get_file_descriptor ==&gt; done OK retv 0 fd 7
CLI_OUTPUT: /Target1/sfn/action ddal_sfn_wakeup_fd 7 100 DDAL_SFN_PERIODIC
CLI_OUTPUT: ret /Target1/sfn/action ddal_sfn_wakeup_fd 7 100 DDAL_SFN_PERIODIC ==&gt; done OK retv 0
CLI_OUTPUT: /Target1/sfn/action ddal_sfn_wakeup_fd 7 100 DDAL_SFN_SPECIFIC
CLI_OUTPUT: ret /Target1/sfn/action ddal_sfn_wakeup_fd 7 100 DDAL_SFN_SPECIFIC ==&gt; done OK retv 0
CLI_OUTPUT: /Target1/sfn/action ddal_sfn_wakeup_fd 7 100 DDAL_SFN_PERIODIC
CLI_OUTPUT: ret /Target1/sfn/action ddal_sfn_wakeup_fd 7 100 DDAL_SFN_PERIODIC ==&gt; done OK retv 0
CLI_OUTPUT: /Target1/sfn/action ddal_sfn_close_file_descriptor 7
CLI_OUTPUT: ret /Target1/sfn/action ddal_sfn_close_file_descriptor 7 ==&gt; done OK retv 0
CLI_OUTPUT: /Target1/sfn/action ddal_sfn_get_file_descriptor
CLI_OUTPUT: ret /Target1/sfn/action ddal_sfn_get_file_descriptor ==&gt; done OK retv 0 fd 7
CLI_OUTPUT: /Target1/sfn/action ddal_sfn_wakeup_fd 7 100 DDAL_SFN_PERIODIC
CLI_OUTPUT: ret /Target1/sfn/action ddal_sfn_wakeup_fd 7 100 DDAL_SFN_PERIODIC ==&gt; done OK retv 0
CLI_OUTPUT: /Target1/sfn/action ddal_sfn_wakeup_fd 7 100 DDAL_SFN_SPECIFIC
CLI_OUTPUT: ret /Target1/sfn/action ddal_sfn_wakeup_fd 7 100 DDAL_SFN_SPECIFIC ==&gt; done OK retv 0
CLI_OUTPUT: /Target1/sfn/action ddal_sfn_wakeup_fd 7 100 DDAL_SFN_PERIODIC
CLI_OUTPUT: ret /Target1/sfn/action ddal_sfn_wakeup_fd 7 100 DDAL_SFN_PERIODIC ==&gt; done OK retv 0
CLI_OUTPUT: /Target1/sfn/action ddal_sfn_close_file_descriptor 7
CLI_OUTPUT: ret /Target1/sfn/action ddal_sfn_close_file_descriptor 7 ==&gt; done OK retv 0
CLI_OUTPUT: /Target1/sfn/action ddal_sfn_get_file_descriptor
CLI_OUTPUT: ret /Target1/sfn/action ddal_sfn_get_file_descriptor ==&gt; done OK retv 0 fd 7
CLI_OUTPUT: /Target1/sfn/action ddal_sfn_wakeup_fd 7 100 DDAL_SFN_PERIODIC
CLI_OUTPUT: ret /Target1/sfn/action ddal_sfn_wakeup_fd 7 100 DDAL_SFN_PERIODIC ==&gt; done OK retv 0
CLI_OUTPUT: /Target1/sfn/action ddal_sfn_wakeup_fd 7 100 DDAL_SFN_SPECIFIC
CLI_OUTPUT: ret /Target1/sfn/action ddal_sfn_wakeup_fd 7 100 DDAL_SFN_SPECIFIC ==&gt; done OK retv 0
CLI_OUTPUT: /Target1/sfn/action ddal_sfn_wakeup_fd 7 100 DDAL_SFN_PERIODIC
CLI_OUTPUT: ret /Target1/sfn/action ddal_sfn_wakeup_fd 7 100 DDAL_SFN_PERIODIC ==&gt; done OK retv 0
CLI_OUTPUT: /Target1/sfn/action ddal_sfn_close_file_descriptor 7
CLI_OUTPUT: ret /Target1/sfn/action ddal_sfn_close_file_descriptor 7 ==&gt; done OK retv 0
CLI_OUTPUT: /Target1/sfn/action ddal_sfn_get_file_descriptor
CLI_OUTPUT: ret /Target1/sfn/action ddal_sfn_get_file_descriptor ==&gt; done OK retv 0 fd 7
CLI_OUTPUT: /Target1/sfn/action ddal_sfn_wakeup_fd 7 100 DDAL_SFN_PERIODIC
CLI_OUTPUT: ret /Target1/sfn/action ddal_sfn_wakeup_fd 7 100 DDAL_SFN_PERIODIC ==&gt; done OK retv 0
CLI_OUTPUT: /Target1/sfn/action ddal_sfn_wakeup_fd 7 100 DDAL_SFN_SPECIFIC
CLI_OUTPUT: ret /Target1/sfn/action ddal_sfn_wakeup_fd 7 100 DDAL_SFN_SPECIFIC ==&gt; done OK retv 0
CLI_OUTPUT: /Target1/sfn/action ddal_sfn_wakeup_fd 7 100 DDAL_SFN_PERIODIC
CLI_OUTPUT: ret /Target1/sfn/action ddal_sfn_wakeup_fd 7 100 DDAL_SFN_PERIODIC ==&gt; done OK retv 0
CLI_OUTPUT: /Target1/sfn/action ddal_sfn_close_file_descriptor 7
CLI_OUTPUT: ret /Target1/sfn/action ddal_sfn_close_file_descriptor 7 ==&gt; done OK retv 0
CLI_OUTPUT: /Target1/sfn/action ddal_sfn_get_file_descriptor
CLI_OUTPUT: ret /Target1/sfn/action ddal_sfn_get_file_descriptor ==&gt; done OK retv 0 fd 7
CLI_OUTPUT: /Target1/sfn/action ddal_sfn_wakeup_fd 7 100 DDAL_SFN_PERIODIC
CLI_OUTPUT: ret /Target1/sfn/action ddal_sfn_wakeup_fd 7 100 DDAL_SFN_PERIODIC ==&gt; done OK retv 0
CLI_OUTPUT: /Target1/sfn/action ddal_sfn_wakeup_fd 7 100 DDAL_SFN_SPECIFIC
CLI_OUTPUT: ret /Target1/sfn/action ddal_sfn_wakeup_fd 7 100 DDAL_SFN_SPECIFIC ==&gt; done OK retv 0
CLI_OUTPUT: /Target1/sfn/action ddal_sfn_wakeup_fd 7 100 DDAL_SFN_PERIODIC
CLI_OUTPUT: ret /Target1/sfn/action ddal_sfn_wakeup_fd 7 100 DDAL_SFN_PERIODIC ==&gt; done OK retv 0
CLI_OUTPUT: /Target1/sfn/action ddal_sfn_close_file_descriptor 7
CLI_OUTPUT: ret /Target1/sfn/action ddal_sfn_close_file_descriptor 7 ==&gt; done OK retv 0
CLI_OUTPUT: /Target1/sfn/action ddal_sfn_get_file_descriptor
CLI_OUTPUT: ret /Target1/sfn/action ddal_sfn_get_file_descriptor ==&gt; done OK retv 0 fd 7
CLI_OUTPUT: /Target1/sfn/action ddal_sfn_wakeup_fd 7 100 DDAL_SFN_PERIODIC
CLI_OUTPUT: ret /Target1/sfn/action ddal_sfn_wakeup_fd 7 100 DDAL_SFN_PERIODIC ==&gt; done OK retv 0
CLI_OUTPUT: /Target1/sfn/action ddal_sfn_wakeup_fd 7 100 DDAL_SFN_SPECIFIC
CLI_OUTPUT: ret /Target1/sfn/action ddal_sfn_wakeup_fd 7 100 DDAL_SFN_SPECIFIC ==&gt; done OK retv 0
CLI_OUTPUT: /Target1/sfn/action ddal_sfn_wakeup_fd 7 100 DDAL_SFN_PERIODIC
CLI_OUTPUT: ret /Target1/sfn/action ddal_sfn_wakeup_fd 7 100 DDAL_SFN_PERIODIC ==&gt; done OK retv 0
CLI_OUTPUT: /Target1/sfn/action ddal_sfn_close_file_descriptor 7
CLI_OUTPUT: ret /Target1/sfn/action ddal_sfn_close_file_descriptor 7 ==&gt; done OK retv 0
CLI_OUTPUT: /Target1/sfn/action ddal_sfn_get_file_descriptor
CLI_OUTPUT: ret /Target1/sfn/action ddal_sfn_get_file_descriptor ==&gt; done OK retv 0 fd 7
CLI_OUTPUT: /Target1/sfn/action ddal_sfn_wakeup_fd 7 100 DDAL_SFN_PERIODIC
CLI_OUTPUT: ret /Target1/sfn/action ddal_sfn_wakeup_fd 7 100 DDAL_SFN_PERIODIC ==&gt; done OK retv 0
CLI_OUTPUT: /Target1/sfn/action ddal_sfn_wakeup_fd 7 100 DDAL_SFN_SPECIFIC
CLI_OUTPUT: ret /Target1/sfn/action ddal_sfn_wakeup_fd 7 100 DDAL_SFN_SPECIFIC ==&gt; done OK retv 0
CLI_OUTPUT: /Target1/sfn/action ddal_sfn_wakeup_fd 7 100 DDAL_SFN_PERIODIC
CLI_OUTPUT: ret /Target1/sfn/action ddal_sfn_wakeup_fd 7 100 DDAL_SFN_PERIODIC ==&gt; done OK retv 0
CLI_OUTPUT: /Target1/sfn/action ddal_sfn_close_file_descriptor 7
CLI_OUTPUT: ret /Target1/sfn/action ddal_sfn_close_file_descriptor 7 ==&gt; done OK retv 0
CLI_OUTPUT: /Target1/sfn/action ddal_sfn_get_file_descriptor
CLI_OUTPUT: ret /Target1/sfn/action ddal_sfn_get_file_descriptor ==&gt; done OK retv 0 fd 7
CLI_OUTPUT: /Target1/sfn/action ddal_sfn_wakeup_fd 7 100 DDAL_SFN_PERIODIC
CLI_OUTPUT: ret /Target1/sfn/action ddal_sfn_wakeup_fd 7 100 DDAL_SFN_PERIODIC ==&gt; done OK retv 0
CLI_OUTPUT: /Target1/sfn/action ddal_sfn_wakeup_fd 7 100 DDAL_SFN_SPECIFIC
CLI_OUTPUT: ret /Target1/sfn/action ddal_sfn_wakeup_fd 7 100 DDAL_SFN_SPECIFIC ==&gt; done OK retv 0
CLI_OUTPUT: /Target1/sfn/action ddal_sfn_wakeup_fd 7 100 DDAL_SFN_PERIODIC
CLI_OUTPUT: ret /Target1/sfn/action ddal_sfn_wakeup_fd 7 100 DDAL_SFN_PERIODIC ==&gt; done OK retv 0
CLI_OUTPUT: /Target1/sfn/action ddal_sfn_close_file_descriptor 7
CLI_OUTPUT: ret /Target1/sfn/action ddal_sfn_close_file_descriptor 7 ==&gt; done OK retv 0
CLI_OUTPUT: /Target1/sfn/action ddal_sfn_get_file_descriptor
CLI_OUTPUT: ret /Target1/sfn/action ddal_sfn_get_file_descriptor ==&gt; done OK retv 0 fd 7
CLI_OUTPUT: /Target1/sfn/action ddal_sfn_wakeup_fd 7 100 DDAL_SFN_PERIODIC
CLI_OUTPUT: ret /Target1/sfn/action ddal_sfn_wakeup_fd 7 100 DDAL_SFN_PERIODIC ==&gt; done OK retv 0
CLI_OUTPUT: /Target1/sfn/action ddal_sfn_wakeup_fd 7 100 DDAL_SFN_SPECIFIC
CLI_OUTPUT: ret /Target1/sfn/action ddal_sfn_wakeup_fd 7 100 DDAL_SFN_SPECIFIC ==&gt; done OK retv 0
CLI_OUTPUT: /Target1/sfn/action ddal_sfn_wakeup_fd 7 100 DDAL_SFN_PERIODIC
CLI_OUTPUT: ret /Target1/sfn/action ddal_sfn_wakeup_fd 7 100 DDAL_SFN_PERIODIC ==&gt; done OK retv 0
CLI_OUTPUT: /Target1/sfn/action ddal_sfn_close_file_descriptor 7
CLI_OUTPUT: ret /Target1/sfn/action ddal_sfn_close_file_descriptor 7 ==&gt; done OK retv 0
CLI_OUTPUT: /Target1/sfn/action ddal_sfn_get_file_descriptor
CLI_OUTPUT: ret /Target1/sfn/action ddal_sfn_get_file_descriptor ==&gt; done OK retv 0 fd 7
CLI_OUTPUT: /Target1/sfn/action ddal_sfn_wakeup_fd 7 100 DDAL_SFN_PERIODIC
CLI_OUTPUT: ret /Target1/sfn/action ddal_sfn_wakeup_fd 7 100 DDAL_SFN_PERIODIC ==&gt; done OK retv 0
CLI_OUTPUT: /Target1/sfn/action ddal_sfn_wakeup_fd 7 100 DDAL_SFN_SPECIFIC
CLI_OUTPUT: ret /Target1/sfn/action ddal_sfn_wakeup_fd 7 100 DDAL_SFN_SPECIFIC ==&gt; done OK retv 0
CLI_OUTPUT: /Target1/sfn/action ddal_sfn_wakeup_fd 7 100 DDAL_SFN_PERIODIC
CLI_OUTPUT: ret /Target1/sfn/action ddal_sfn_wakeup_fd 7 100 DDAL_SFN_PERIODIC ==&gt; done OK retv 0
CLI_OUTPUT: /Target1/sfn/action ddal_sfn_close_file_descriptor 7
CLI_OUTPUT: ret /Target1/sfn/action ddal_sfn_close_file_descriptor 7 ==&gt; done OK retv 0
CLI_OUTPUT: /Target1/sfn/action ddal_sfn_get_file_descriptor
CLI_OUTPUT: ret /Target1/sfn/action ddal_sfn_get_file_descriptor ==&gt; done OK retv 0 fd 7
CLI_OUTPUT: /Target1/sfn/action ddal_sfn_wakeup_fd 7 100 DDAL_SFN_PERIODIC
CLI_OUTPUT: ret /Target1/sfn/action ddal_sfn_wakeup_fd 7 100 DDAL_SFN_PERIODIC ==&gt; done OK retv 0
CLI_OUTPUT: /Target1/sfn/action ddal_sfn_wakeup_fd 7 100 DDAL_SFN_SPECIFIC
CLI_OUTPUT: ret /Target1/sfn/action ddal_sfn_wakeup_fd 7 100 DDAL_SFN_SPECIFIC ==&gt; done OK retv 0
CLI_OUTPUT: /Target1/sfn/action ddal_sfn_wakeup_fd 7 100 DDAL_SFN_PERIODIC
CLI_OUTPUT: ret /Target1/sfn/action ddal_sfn_wakeup_fd 7 100 DDAL_SFN_PERIODIC ==&gt; done OK retv 0
CLI_OUTPUT: /Target1/sfn/action ddal_sfn_close_file_descriptor 7
CLI_OUTPUT: ret /Target1/sfn/action ddal_sfn_close_file_descriptor 7 ==&gt; done OK retv 0
CLI_OUTPUT: /Target1/sfn/action ddal_sfn_get_file_descriptor
CLI_OUTPUT: ret /Target1/sfn/action ddal_sfn_get_file_descriptor ==&gt; done OK retv 0 fd 7
CLI_OUTPUT: /Target1/sfn/action ddal_sfn_wakeup_fd 7 100 DDAL_SFN_PERIODIC
CLI_OUTPUT: ret /Target1/sfn/action ddal_sfn_wakeup_fd 7 100 DDAL_SFN_PERIODIC ==&gt; done OK retv 0
CLI_OUTPUT: /Target1/sfn/action ddal_sfn_wakeup_fd 7 100 DDAL_SFN_SPECIFIC
CLI_OUTPUT: ret /Target1/sfn/action ddal_sfn_wakeup_fd 7 100 DDAL_SFN_SPECIFIC ==&gt; done OK retv 0
CLI_OUTPUT: /Target1/sfn/action ddal_sfn_wakeup_fd 7 100 DDAL_SFN_PERIODIC
CLI_OUTPUT: ret /Target1/sfn/action ddal_sfn_wakeup_fd 7 100 DDAL_SFN_PERIODIC ==&gt; done OK retv 0
CLI_OUTPUT: /Target1/sfn/action ddal_sfn_close_file_descriptor 7
CLI_OUTPUT: ret /Target1/sfn/action ddal_sfn_close_file_descriptor 7 ==&gt; done OK retv 0
CLI_OUTPUT: /Target1/sfn/action ddal_sfn_get_file_descriptor
CLI_OUTPUT: ret /Target1/sfn/action ddal_sfn_get_file_descriptor ==&gt; done OK retv 0 fd 7
CLI_OUTPUT: /Target1/sfn/action ddal_sfn_wakeup_fd 7 100 DDAL_SFN_PERIODIC
CLI_OUTPUT: ret /Target1/sfn/action ddal_sfn_wakeup_fd 7 100 DDAL_SFN_PERIODIC ==&gt; done OK retv 0
CLI_OUTPUT: /Target1/sfn/action ddal_sfn_wakeup_fd 7 100 DDAL_SFN_SPECIFIC
CLI_OUTPUT: ret /Target1/sfn/action ddal_sfn_wakeup_fd 7 100 DDAL_SFN_SPECIFIC ==&gt; done OK retv 0
CLI_OUTPUT: /Target1/sfn/action ddal_sfn_wakeup_fd 7 100 DDAL_SFN_PERIODIC
CLI_OUTPUT: ret /Target1/sfn/action ddal_sfn_wakeup_fd 7 100 DDAL_SFN_PERIODIC ==&gt; done OK retv 0
CLI_OUTPUT: /Target1/sfn/action ddal_sfn_close_file_descriptor 7
CLI_OUTPUT: ret /Target1/sfn/action ddal_sfn_close_file_descriptor 7 ==&gt; done OK retv 0
CLI_OUTPUT: /Target1/sfn/action ddal_sfn_get_file_descriptor
CLI_OUTPUT: ret /Target1/sfn/action ddal_sfn_get_file_descriptor ==&gt; done OK retv 0 fd 7
CLI_OUTPUT: /Target1/sfn/action ddal_sfn_wakeup_fd 7 100 DDAL_SFN_PERIODIC
CLI_OUTPUT: ret /Target1/sfn/action ddal_sfn_wakeup_fd 7 100 DDAL_SFN_PERIODIC ==&gt; done OK retv 0
CLI_OUTPUT: /Target1/sfn/action ddal_sfn_wakeup_fd 7 100 DDAL_SFN_SPECIFIC
CLI_OUTPUT: ret /Target1/sfn/action ddal_sfn_wakeup_fd 7 100 DDAL_SFN_SPECIFIC ==&gt; done OK retv 0
CLI_OUTPUT: /Target1/sfn/action ddal_sfn_wakeup_fd 7 100 DDAL_SFN_PERIODIC
CLI_OUTPUT: ret /Target1/sfn/action ddal_sfn_wakeup_fd 7 100 DDAL_SFN_PERIODIC ==&gt; done OK retv 0
CLI_OUTPUT: /Target1/sfn/action ddal_sfn_close_file_descriptor 7
CLI_OUTPUT: ret /Target1/sfn/action ddal_sfn_close_file_descriptor 7 ==&gt; done OK retv 0
CLI_OUTPUT: /Target1/sfn/action ddal_sfn_get_file_descriptor
CLI_OUTPUT: ret /Target1/sfn/action ddal_sfn_get_file_descriptor ==&gt; done OK retv 0 fd 7
CLI_OUTPUT: /Target1/sfn/action ddal_sfn_wakeup_fd 7 100 DDAL_SFN_PERIODIC
CLI_OUTPUT: ret /Target1/sfn/action ddal_sfn_wakeup_fd 7 100 DDAL_SFN_PERIODIC ==&gt; done OK retv 0
CLI_OUTPUT: /Target1/sfn/action ddal_sfn_wakeup_fd 7 100 DDAL_SFN_SPECIFIC
CLI_OUTPUT: ret /Target1/sfn/action ddal_sfn_wakeup_fd 7 100 DDAL_SFN_SPECIFIC ==&gt; done OK retv 0
CLI_OUTPUT: /Target1/sfn/action ddal_sfn_wakeup_fd 7 100 DDAL_SFN_PERIODIC
CLI_OUTPUT: ret /Target1/sfn/action ddal_sfn_wakeup_fd 7 100 DDAL_SFN_PERIODIC ==&gt; done OK retv 0
CLI_OUTPUT: /Target1/sfn/action ddal_sfn_close_file_descriptor 7
CLI_OUTPUT: ret /Target1/sfn/action ddal_sfn_close_file_descriptor 7 ==&gt; done OK retv 0
CLI_OUTPUT: /Target1/sfn/action ddal_sfn_get_file_descriptor
CLI_OUTPUT: ret /Target1/sfn/action ddal_sfn_get_file_descriptor ==&gt; done OK retv 0 fd 7
CLI_OUTPUT: /Target1/sfn/action ddal_sfn_wakeup_fd 7 100 DDAL_SFN_PERIODIC
CLI_OUTPUT: ret /Target1/sfn/action ddal_sfn_wakeup_fd 7 100 DDAL_SFN_PERIODIC ==&gt; done OK retv 0
CLI_OUTPUT: /Target1/sfn/action ddal_sfn_wakeup_fd 7 100 DDAL_SFN_SPECIFIC
CLI_OUTPUT: ret /Target1/sfn/action ddal_sfn_wakeup_fd 7 100 DDAL_SFN_SPECIFIC ==&gt; done OK retv 0
CLI_OUTPUT: /Target1/sfn/action ddal_sfn_wakeup_fd 7 100 DDAL_SFN_PERIODIC
CLI_OUTPUT: ret /Target1/sfn/action ddal_sfn_wakeup_fd 7 100 DDAL_SFN_PERIODIC ==&gt; done OK retv 0
CLI_OUTPUT: /Target1/sfn/action ddal_sfn_close_file_descriptor 7
CLI_OUTPUT: ret /Target1/sfn/action ddal_sfn_close_file_descriptor 7 ==&gt; done OK retv 0
CLI_OUTPUT: /Target1/sfn/action ddal_sfn_get_file_descriptor
CLI_OUTPUT: ret /Target1/sfn/action ddal_sfn_get_file_descriptor ==&gt; done OK retv 0 fd 7
CLI_OUTPUT: /Target1/sfn/action ddal_sfn_wakeup_fd 7 100 DDAL_SFN_PERIODIC
CLI_OUTPUT: ret /Target1/sfn/action ddal_sfn_wakeup_fd 7 100 DDAL_SFN_PERIODIC ==&gt; done OK retv 0
CLI_OUTPUT: /Target1/sfn/action ddal_sfn_wakeup_fd 7 100 DDAL_SFN_SPECIFIC
CLI_OUTPUT: ret /Target1/sfn/action ddal_sfn_wakeup_fd 7 100 DDAL_SFN_SPECIFIC ==&gt; done OK retv 0
CLI_OUTPUT: /Target1/sfn/action ddal_sfn_wakeup_fd 7 100 DDAL_SFN_PERIODIC
CLI_OUTPUT: ret /Target1/sfn/action ddal_sfn_wakeup_fd 7 100 DDAL_SFN_PERIODIC ==&gt; done OK retv 0
CLI_OUTPUT: /Target1/sfn/action ddal_sfn_close_file_descriptor 7
CLI_OUTPUT: ret /Target1/sfn/action ddal_sfn_close_file_descriptor 7 ==&gt; done OK retv 0
CLI_OUTPUT: /Target1/sfn/action ddal_sfn_get_file_descriptor
CLI_OUTPUT: ret /Target1/sfn/action ddal_sfn_get_file_descriptor ==&gt; done OK retv 0 fd 7
CLI_OUTPUT: /Target1/sfn/action ddal_sfn_wakeup_fd 7 100 DDAL_SFN_PERIODIC
CLI_OUTPUT: ret /Target1/sfn/action ddal_sfn_wakeup_fd 7 100 DDAL_SFN_PERIODIC ==&gt; done OK retv 0
CLI_OUTPUT: /Target1/sfn/action ddal_sfn_wakeup_fd 7 100 DDAL_SFN_SPECIFIC
CLI_OUTPUT: ret /Target1/sfn/action ddal_sfn_wakeup_fd 7 100 DDAL_SFN_SPECIFIC ==&gt; done OK retv 0
CLI_OUTPUT: /Target1/sfn/action ddal_sfn_wakeup_fd 7 100 DDAL_SFN_PERIODIC
CLI_OUTPUT: ret /Target1/sfn/action ddal_sfn_wakeup_fd 7 100 DDAL_SFN_PERIODIC ==&gt; done OK retv 0
CLI_OUTPUT: /Target1/sfn/action ddal_sfn_close_file_descriptor 7
CLI_OUTPUT: ret /Target1/sfn/action ddal_sfn_close_file_descriptor 7 ==&gt; done OK retv 0
CLI_OUTPUT: /Target1/sfn/action ddal_sfn_get_file_descriptor
CLI_OUTPUT: ret /Target1/sfn/action ddal_sfn_get_file_descriptor ==&gt; done OK retv 0 fd 7
CLI_OUTPUT: /Target1/sfn/action ddal_sfn_wakeup_fd 7 100 DDAL_SFN_PERIODIC
CLI_OUTPUT: ret /Target1/sfn/action ddal_sfn_wakeup_fd 7 100 DDAL_SFN_PERIODIC ==&gt; done OK retv 0
CLI_OUTPUT: /Target1/sfn/action ddal_sfn_wakeup_fd 7 100 DDAL_SFN_SPECIFIC
CLI_OUTPUT: ret /Target1/sfn/action ddal_sfn_wakeup_fd 7 100 DDAL_SFN_SPECIFIC ==&gt; done OK retv 0
CLI_OUTPUT: /Target1/sfn/action ddal_sfn_wakeup_fd 7 100 DDAL_SFN_PERIODIC
CLI_OUTPUT: ret /Target1/sfn/action ddal_sfn_wakeup_fd 7 100 DDAL_SFN_PERIODIC ==&gt; done OK retv 0
CLI_OUTPUT: /Target1/sfn/action ddal_sfn_close_file_descriptor 7
CLI_OUTPUT: ret /Target1/sfn/action ddal_sfn_close_file_descriptor 7 ==&gt; done OK retv 0
CLI_OUTPUT: /Target1/sfn/action ddal_sfn_get_file_descriptor
CLI_OUTPUT: ret /Target1/sfn/action ddal_sfn_get_file_descriptor ==&gt; done OK retv 0 fd 7
CLI_OUTPUT: /Target1/sfn/action ddal_sfn_wakeup_fd 7 100 DDAL_SFN_PERIODIC
CLI_OUTPUT: ret /Target1/sfn/action ddal_sfn_wakeup_fd 7 100 DDAL_SFN_PERIODIC ==&gt; done OK retv 0
CLI_OUTPUT: /Target1/sfn/action ddal_sfn_wakeup_fd 7 100 DDAL_SFN_SPECIFIC
CLI_OUTPUT: ret /Target1/sfn/action ddal_sfn_wakeup_fd 7 100 DDAL_SFN_SPECIFIC ==&gt; done OK retv 0
CLI_OUTPUT: /Target1/sfn/action ddal_sfn_wakeup_fd 7 100 DDAL_SFN_PERIODIC
CLI_OUTPUT: ret /Target1/sfn/action ddal_sfn_wakeup_fd 7 100 DDAL_SFN_PERIODIC ==&gt; done OK retv 0
CLI_OUTPUT: /Target1/sfn/action ddal_sfn_close_file_descriptor 7
CLI_OUTPUT: ret /Target1/sfn/action ddal_sfn_close_file_descriptor 7 ==&gt; done OK retv 0
CLI_OUTPUT: /Target1/sfn/action ddal_sfn_get_file_descriptor
CLI_OUTPUT: ret /Target1/sfn/action ddal_sfn_get_file_descriptor ==&gt; done OK retv 0 fd 7
CLI_OUTPUT: /Target1/sfn/action ddal_sfn_wakeup_fd 7 100 DDAL_SFN_PERIODIC
CLI_OUTPUT: ret /Target1/sfn/action ddal_sfn_wakeup_fd 7 100 DDAL_SFN_PERIODIC ==&gt; done OK retv 0
CLI_OUTPUT: /Target1/sfn/action ddal_sfn_wakeup_fd 7 100 DDAL_SFN_SPECIFIC
CLI_OUTPUT: ret /Target1/sfn/action ddal_sfn_wakeup_fd 7 100 DDAL_SFN_SPECIFIC ==&gt; done OK retv 0
CLI_OUTPUT: /Target1/sfn/action ddal_sfn_wakeup_fd 7 100 DDAL_SFN_PERIODIC
CLI_OUTPUT: ret /Target1/sfn/action ddal_sfn_wakeup_fd 7 100 DDAL_SFN_PERIODIC ==&gt; done OK retv 0
CLI_OUTPUT: /Target1/sfn/action ddal_sfn_close_file_descriptor 7
CLI_OUTPUT: ret /Target1/sfn/action ddal_sfn_close_file_descriptor 7 ==&gt; done OK retv 0
CLI_OUTPUT: /Target1/sfn/action ddal_sfn_get_file_descriptor
CLI_OUTPUT: ret /Target1/sfn/action ddal_sfn_get_file_descriptor ==&gt; done OK retv 0 fd 7
CLI_OUTPUT: /Target1/sfn/action ddal_sfn_wakeup_fd 7 100 DDAL_SFN_PERIODIC
CLI_OUTPUT: ret /Target1/sfn/action ddal_sfn_wakeup_fd 7 100 DDAL_SFN_PERIODIC ==&gt; done OK retv 0
CLI_OUTPUT: /Target1/sfn/action ddal_sfn_wakeup_fd 7 100 DDAL_SFN_SPECIFIC
CLI_OUTPUT: ret /Target1/sfn/action ddal_sfn_wakeup_fd 7 100 DDAL_SFN_SPECIFIC ==&gt; done OK retv 0
CLI_OUTPUT: /Target1/sfn/action ddal_sfn_wakeup_fd 7 100 DDAL_SFN_PERIODIC
CLI_OUTPUT: ret /Target1/sfn/action ddal_sfn_wakeup_fd 7 100 DDAL_SFN_PERIODIC ==&gt; done OK retv 0
CLI_OUTPUT: /Target1/sfn/action ddal_sfn_close_file_descriptor 7
CLI_OUTPUT: ret /Target1/sfn/action ddal_sfn_close_file_descriptor 7 ==&gt; done OK retv 0
CLI_OUTPUT: /Target1/sfn/action ddal_sfn_get_file_descriptor
CLI_OUTPUT: ret /Target1/sfn/action ddal_sfn_get_file_descriptor ==&gt; done OK retv 0 fd 7
CLI_OUTPUT: /Target1/sfn/action ddal_sfn_wakeup_fd 7 100 DDAL_SFN_PERIODIC
CLI_OUTPUT: ret /Target1/sfn/action ddal_sfn_wakeup_fd 7 100 DDAL_SFN_PERIODIC ==&gt; done OK retv 0
CLI_OUTPUT: /Target1/sfn/action ddal_sfn_wakeup_fd 7 100 DDAL_SFN_SPECIFIC
CLI_OUTPUT: ret /Target1/sfn/action ddal_sfn_wakeup_fd 7 100 DDAL_SFN_SPECIFIC ==&gt; done OK retv 0
CLI_OUTPUT: /Target1/sfn/action ddal_sfn_wakeup_fd 7 100 DDAL_SFN_PERIODIC
CLI_OUTPUT: ret /Target1/sfn/action ddal_sfn_wakeup_fd 7 100 DDAL_SFN_PERIODIC ==&gt; done OK retv 0
CLI_OUTPUT: /Target1/sfn/action ddal_sfn_close_file_descriptor 7
CLI_OUTPUT: ret /Target1/sfn/action ddal_sfn_close_file_descriptor 7 ==&gt; done OK retv 0
CLI_OUTPUT: /Target1/sfn/action ddal_sfn_get_file_descriptor
CLI_OUTPUT: ret /Target1/sfn/action ddal_sfn_get_file_descriptor ==&gt; done OK retv 0 fd 7
CLI_OUTPUT: /Target1/sfn/action ddal_sfn_wakeup_fd 7 100 DDAL_SFN_PERIODIC
CLI_OUTPUT: ret /Target1/sfn/action ddal_sfn_wakeup_fd 7 100 DDAL_SFN_PERIODIC ==&gt; done OK retv 0
CLI_OUTPUT: /Target1/sfn/action ddal_sfn_wakeup_fd 7 100 DDAL_SFN_SPECIFIC
CLI_OUTPUT: ret /Target1/sfn/action ddal_sfn_wakeup_fd 7 100 DDAL_SFN_SPECIFIC ==&gt; done OK retv 0
CLI_OUTPUT: /Target1/sfn/action ddal_sfn_wakeup_fd 7 100 DDAL_SFN_PERIODIC
CLI_OUTPUT: ret /Target1/sfn/action ddal_sfn_wakeup_fd 7 100 DDAL_SFN_PERIODIC ==&gt; done OK retv 0
CLI_OUTPUT: /Target1/sfn/action ddal_sfn_close_file_descriptor 7
CLI_OUTPUT: ret /Target1/sfn/action ddal_sfn_close_file_descriptor 7 ==&gt; done OK retv 0
CLI_OUTPUT: /Target1/sfn/action ddal_sfn_get_file_descriptor
CLI_OUTPUT: ret /Target1/sfn/action ddal_sfn_get_file_descriptor ==&gt; done OK retv 0 fd 7
CLI_OUTPUT: /Target1/sfn/action ddal_sfn_wakeup_fd 7 100 DDAL_SFN_PERIODIC
CLI_OUTPUT: ret /Target1/sfn/action ddal_sfn_wakeup_fd 7 100 DDAL_SFN_PERIODIC ==&gt; done OK retv 0
CLI_OUTPUT: /Target1/sfn/action ddal_sfn_wakeup_fd 7 100 DDAL_SFN_SPECIFIC
CLI_OUTPUT: ret /Target1/sfn/action ddal_sfn_wakeup_fd 7 100 DDAL_SFN_SPECIFIC ==&gt; done OK retv 0
CLI_OUTPUT: /Target1/sfn/action ddal_sfn_wakeup_fd 7 100 DDAL_SFN_PERIODIC
CLI_OUTPUT: ret /Target1/sfn/action ddal_sfn_wakeup_fd 7 100 DDAL_SFN_PERIODIC ==&gt; done OK retv 0
CLI_OUTPUT: /Target1/sfn/action ddal_sfn_close_file_descriptor 7
CLI_OUTPUT: ret /Target1/sfn/action ddal_sfn_close_file_descriptor 7 ==&gt; done OK retv 0
CLI_OUTPUT: /Target1/sfn/action ddal_sfn_get_file_descriptor
CLI_OUTPUT: ret /Target1/sfn/action ddal_sfn_get_file_descriptor ==&gt; done OK retv 0 fd 7
CLI_OUTPUT: /Target1/sfn/action ddal_sfn_wakeup_fd 7 100 DDAL_SFN_PERIODIC
CLI_OUTPUT: ret /Target1/sfn/action ddal_sfn_wakeup_fd 7 100 DDAL_SFN_PERIODIC ==&gt; done OK retv 0
CLI_OUTPUT: /Target1/sfn/action ddal_sfn_wakeup_fd 7 100 DDAL_SFN_SPECIFIC
CLI_OUTPUT: ret /Target1/sfn/action ddal_sfn_wakeup_fd 7 100 DDAL_SFN_SPECIFIC ==&gt; done OK retv 0
CLI_OUTPUT: /Target1/sfn/action ddal_sfn_wakeup_fd 7 100 DDAL_SFN_PERIODIC
CLI_OUTPUT: ret /Target1/sfn/action ddal_sfn_wakeup_fd 7 100 DDAL_SFN_PERIODIC ==&gt; done OK retv 0
CLI_OUTPUT: /Target1/sfn/action ddal_sfn_close_file_descriptor 7
CLI_OUTPUT: ret /Target1/sfn/action ddal_sfn_close_file_descriptor 7 ==&gt; done OK retv 0
SCR_OUTPUT: alternate_open_close_loops 50
CLI_OUTPUT: /Target1/sfn/action ddal_sfn_get_file_descriptor
CLI_OUTPUT: ret /Target1/sfn/action ddal_sfn_get_file_descriptor ==&gt; done OK retv 0 fd 7
CLI_OUTPUT: /Target1/sfn/action ddal_sfn_wakeup_fd 7 100 DDAL_SFN_PERIODIC
CLI_OUTPUT: ret /Target1/sfn/action ddal_sfn_wakeup_fd 7 100 DDAL_SFN_PERIODIC ==&gt; done OK retv 0
CLI_OUTPUT: /Target1/sfn/action ddal_sfn_wakeup_fd 7 100 DDAL_SFN_SPECIFIC
CLI_OUTPUT: ret /Target1/sfn/action ddal_sfn_wakeup_fd 7 100 DDAL_SFN_SPECIFIC ==&gt; done OK retv 0
CLI_OUTPUT: /Target1/sfn/action ddal_sfn_wakeup_fd 7 100 DDAL_SFN_PERIODIC
CLI_OUTPUT: ret /Target1/sfn/action ddal_sfn_wakeup_fd 7 100 DDAL_SFN_PERIODIC ==&gt; done OK retv 0
CLI_OUTPUT: /Target1/sfn/action ddal_sfn_close_file_descriptor 7
CLI_OUTPUT: ret /Target1/sfn/action ddal_sfn_close_file_descriptor 7 ==&gt; done OK retv 0
CLI_OUTPUT: /Target1/sfn/action ddal_sfn_get_file_descriptor
CLI_OUTPUT: ret /Target1/sfn/action ddal_sfn_get_file_descriptor ==&gt; done OK retv 0 fd 7
CLI_OUTPUT: /Target1/sfn/action ddal_sfn_wakeup_fd 7 100 DDAL_SFN_PERIODIC
CLI_OUTPUT: ret /Target1/sfn/action ddal_sfn_wakeup_fd 7 100 DDAL_SFN_PERIODIC ==&gt; done OK retv 0
CLI_OUTPUT: /Target1/sfn/action ddal_sfn_wakeup_fd 7 100 DDAL_SFN_SPECIFIC
CLI_OUTPUT: ret /Target1/sfn/action ddal_sfn_wakeup_fd 7 100 DDAL_SFN_SPECIFIC ==&gt; done OK retv 0
CLI_OUTPUT: /Target1/sfn/action ddal_sfn_wakeup_fd 7 100 DDAL_SFN_PERIODIC
CLI_OUTPUT: ret /Target1/sfn/action ddal_sfn_wakeup_fd 7 100 DDAL_SFN_PERIODIC ==&gt; done OK retv 0
CLI_OUTPUT: /Target1/sfn/action ddal_sfn_close_file_descriptor 7
CLI_OUTPUT: ret /Target1/sfn/action ddal_sfn_close_file_descriptor 7 ==&gt; done OK retv 0
CLI_OUTPUT: /Target1/sfn/action ddal_sfn_get_file_descriptor
CLI_OUTPUT: ret /Target1/sfn/action ddal_sfn_get_file_descriptor ==&gt; done OK retv 0 fd 7
CLI_OUTPUT: /Target1/sfn/action ddal_sfn_wakeup_fd 7 100 DDAL_SFN_PERIODIC
CLI_OUTPUT: ret /Target1/sfn/action ddal_sfn_wakeup_fd 7 100 DDAL_SFN_PERIODIC ==&gt; done OK retv 0
CLI_OUTPUT: /Target1/sfn/action ddal_sfn_wakeup_fd 7 100 DDAL_SFN_SPECIFIC
CLI_OUTPUT: ret /Target1/sfn/action ddal_sfn_wakeup_fd 7 100 DDAL_SFN_SPECIFIC ==&gt; done OK retv 0
CLI_OUTPUT: /Target1/sfn/action ddal_sfn_wakeup_fd 7 100 DDAL_SFN_PERIODIC
CLI_OUTPUT: ret /Target1/sfn/action ddal_sfn_wakeup_fd 7 100 DDAL_SFN_PERIODIC ==&gt; done OK retv 0
CLI_OUTPUT: /Target1/sfn/action ddal_sfn_close_file_descriptor 7
CLI_OUTPUT: ret /Target1/sfn/action ddal_sfn_close_file_descriptor 7 ==&gt; done OK retv 0
CLI_OUTPUT: /Target1/sfn/action ddal_sfn_get_file_descriptor
CLI_OUTPUT: ret /Target1/sfn/action ddal_sfn_get_file_descriptor ==&gt; done OK retv 0 fd 7
CLI_OUTPUT: /Target1/sfn/action ddal_sfn_wakeup_fd 7 100 DDAL_SFN_PERIODIC
CLI_OUTPUT: ret /Target1/sfn/action ddal_sfn_wakeup_fd 7 100 DDAL_SFN_PERIODIC ==&gt; done OK retv 0
CLI_OUTPUT: /Target1/sfn/action ddal_sfn_wakeup_fd 7 100 DDAL_SFN_SPECIFIC
CLI_OUTPUT: ret /Target1/sfn/action ddal_sfn_wakeup_fd 7 100 DDAL_SFN_SPECIFIC ==&gt; done OK retv 0
CLI_OUTPUT: /Target1/sfn/action ddal_sfn_wakeup_fd 7 100 DDAL_SFN_PERIODIC
CLI_OUTPUT: ret /Target1/sfn/action ddal_sfn_wakeup_fd 7 100 DDAL_SFN_PERIODIC ==&gt; done OK retv 0
CLI_OUTPUT: /Target1/sfn/action ddal_sfn_close_file_descriptor 7
CLI_OUTPUT: ret /Target1/sfn/action ddal_sfn_close_file_descriptor 7 ==&gt; done OK retv 0
CLI_OUTPUT: /Target1/sfn/action ddal_sfn_get_file_descriptor
CLI_OUTPUT: ret /Target1/sfn/action ddal_sfn_get_file_descriptor ==&gt; done OK retv 0 fd 7
CLI_OUTPUT: /Target1/sfn/action ddal_sfn_wakeup_fd 7 100 DDAL_SFN_PERIODIC
CLI_OUTPUT: ret /Target1/sfn/action ddal_sfn_wakeup_fd 7 100 DDAL_SFN_PERIODIC ==&gt; done OK retv 0
CLI_OUTPUT: /Target1/sfn/action ddal_sfn_wakeup_fd 7 100 DDAL_SFN_SPECIFIC
CLI_OUTPUT: ret /Target1/sfn/action ddal_sfn_wakeup_fd 7 100 DDAL_SFN_SPECIFIC ==&gt; done OK retv 0
CLI_OUTPUT: /Target1/sfn/action ddal_sfn_wakeup_fd 7 100 DDAL_SFN_PERIODIC
CLI_OUTPUT: ret /Target1/sfn/action ddal_sfn_wakeup_fd 7 100 DDAL_SFN_PERIODIC ==&gt; done OK retv 0
CLI_OUTPUT: /Target1/sfn/action ddal_sfn_close_file_descriptor 7
CLI_OUTPUT: ret /Target1/sfn/action ddal_sfn_close_file_descriptor 7 ==&gt; done OK retv 0
CLI_OUTPUT: /Target1/sfn/action ddal_sfn_get_file_descriptor
CLI_OUTPUT: ret /Target1/sfn/action ddal_sfn_get_file_descriptor ==&gt; done OK retv 0 fd 7
CLI_OUTPUT: /Target1/sfn/action ddal_sfn_wakeup_fd 7 100 DDAL_SFN_PERIODIC
CLI_OUTPUT: ret /Target1/sfn/action ddal_sfn_wakeup_fd 7 100 DDAL_SFN_PERIODIC ==&gt; done OK retv 0
CLI_OUTPUT: /Target1/sfn/action ddal_sfn_wakeup_fd 7 100 DDAL_SFN_SPECIFIC
CLI_OUTPUT: ret /Target1/sfn/action ddal_sfn_wakeup_fd 7 100 DDAL_SFN_SPECIFIC ==&gt; done OK retv 0
CLI_OUTPUT: /Target1/sfn/action ddal_sfn_wakeup_fd 7 100 DDAL_SFN_PERIODIC
CLI_OUTPUT: ret /Target1/sfn/action ddal_sfn_wakeup_fd 7 100 DDAL_SFN_PERIODIC ==&gt; done OK retv 0
CLI_OUTPUT: /Target1/sfn/action ddal_sfn_close_file_descriptor 7
CLI_OUTPUT: ret /Target1/sfn/action ddal_sfn_close_file_descriptor 7 ==&gt; done OK retv 0
CLI_OUTPUT: /Target1/sfn/action ddal_sfn_get_file_descriptor
CLI_OUTPUT: ret /Target1/sfn/action ddal_sfn_get_file_descriptor ==&gt; done OK retv 0 fd 7
CLI_OUTPUT: /Target1/sfn/action ddal_sfn_wakeup_fd 7 100 DDAL_SFN_PERIODIC
CLI_OUTPUT: ret /Target1/sfn/action ddal_sfn_wakeup_fd 7 100 DDAL_SFN_PERIODIC ==&gt; done OK retv 0
CLI_OUTPUT: /Target1/sfn/action ddal_sfn_wakeup_fd 7 100 DDAL_SFN_SPECIFIC
CLI_OUTPUT: ret /Target1/sfn/action ddal_sfn_wakeup_fd 7 100 DDAL_SFN_SPECIFIC ==&gt; done OK retv 0
CLI_OUTPUT: /Target1/sfn/action ddal_sfn_wakeup_fd 7 100 DDAL_SFN_PERIODIC
CLI_OUTPUT: ret /Target1/sfn/action ddal_sfn_wakeup_fd 7 100 DDAL_SFN_PERIODIC ==&gt; done OK retv 0
CLI_OUTPUT: /Target1/sfn/action ddal_sfn_close_file_descriptor 7
CLI_OUTPUT: ret /Target1/sfn/action ddal_sfn_close_file_descriptor 7 ==&gt; done OK retv 0
CLI_OUTPUT: /Target1/sfn/action ddal_sfn_get_file_descriptor
CLI_OUTPUT: ret /Target1/sfn/action ddal_sfn_get_file_descriptor ==&gt; done OK retv 0 fd 7
CLI_OUTPUT: /Target1/sfn/action ddal_sfn_wakeup_fd 7 100 DDAL_SFN_PERIODIC
CLI_OUTPUT: ret /Target1/sfn/action ddal_sfn_wakeup_fd 7 100 DDAL_SFN_PERIODIC ==&gt; done OK retv 0
CLI_OUTPUT: /Target1/sfn/action ddal_sfn_wakeup_fd 7 100 DDAL_SFN_SPECIFIC
CLI_OUTPUT: ret /Target1/sfn/action ddal_sfn_wakeup_fd 7 100 DDAL_SFN_SPECIFIC ==&gt; done OK retv 0
CLI_OUTPUT: /Target1/sfn/action ddal_sfn_wakeup_fd 7 100 DDAL_SFN_PERIODIC
CLI_OUTPUT: ret /Target1/sfn/action ddal_sfn_wakeup_fd 7 100 DDAL_SFN_PERIODIC ==&gt; done OK retv 0
CLI_OUTPUT: /Target1/sfn/action ddal_sfn_close_file_descriptor 7
CLI_OUTPUT: ret /Target1/sfn/action ddal_sfn_close_file_descriptor 7 ==&gt; done OK retv 0
CLI_OUTPUT: /Target1/sfn/action ddal_sfn_get_file_descriptor
CLI_OUTPUT: ret /Target1/sfn/action ddal_sfn_get_file_descriptor ==&gt; done OK retv 0 fd 7
CLI_OUTPUT: /Target1/sfn/action ddal_sfn_wakeup_fd 7 100 DDAL_SFN_PERIODIC
CLI_OUTPUT: ret /Target1/sfn/action ddal_sfn_wakeup_fd 7 100 DDAL_SFN_PERIODIC ==&gt; done OK retv 0
CLI_OUTPUT: /Target1/sfn/action ddal_sfn_wakeup_fd 7 100 DDAL_SFN_SPECIFIC
CLI_OUTPUT: ret /Target1/sfn/action ddal_sfn_wakeup_fd 7 100 DDAL_SFN_SPECIFIC ==&gt; done OK retv 0
CLI_OUTPUT: /Target1/sfn/action ddal_sfn_wakeup_fd 7 100 DDAL_SFN_PERIODIC
CLI_OUTPUT: ret /Target1/sfn/action ddal_sfn_wakeup_fd 7 100 DDAL_SFN_PERIODIC ==&gt; done OK retv 0
CLI_OUTPUT: /Target1/sfn/action ddal_sfn_close_file_descriptor 7
CLI_OUTPUT: ret /Target1/sfn/action ddal_sfn_close_file_descriptor 7 ==&gt; done OK retv 0
CLI_OUTPUT: /Target1/sfn/action ddal_sfn_get_file_descriptor
CLI_OUTPUT: ret /Target1/sfn/action ddal_sfn_get_file_descriptor ==&gt; done OK retv 0 fd 7
CLI_OUTPUT: /Target1/sfn/action ddal_sfn_wakeup_fd 7 100 DDAL_SFN_PERIODIC
CLI_OUTPUT: ret /Target1/sfn/action ddal_sfn_wakeup_fd 7 100 DDAL_SFN_PERIODIC ==&gt; done OK retv 0
CLI_OUTPUT: /Target1/sfn/action ddal_sfn_wakeup_fd 7 100 DDAL_SFN_SPECIFIC
CLI_OUTPUT: ret /Target1/sfn/action ddal_sfn_wakeup_fd 7 100 DDAL_SFN_SPECIFIC ==&gt; done OK retv 0
CLI_OUTPUT: /Target1/sfn/action ddal_sfn_wakeup_fd 7 100 DDAL_SFN_PERIODIC
CLI_OUTPUT: ret /Target1/sfn/action ddal_sfn_wakeup_fd 7 100 DDAL_SFN_PERIODIC ==&gt; done OK retv 0
CLI_OUTPUT: /Target1/sfn/action ddal_sfn_close_file_descriptor 7
CLI_OUTPUT: ret /Target1/sfn/action ddal_sfn_close_file_descriptor 7 ==&gt; done OK retv 0
CLI_OUTPUT: /Target1/sfn/action ddal_sfn_get_file_descriptor
CLI_OUTPUT: ret /Target1/sfn/action ddal_sfn_get_file_descriptor ==&gt; done OK retv 0 fd 7
CLI_OUTPUT: /Target1/sfn/action ddal_sfn_wakeup_fd 7 100 DDAL_SFN_PERIODIC
CLI_OUTPUT: ret /Target1/sfn/action ddal_sfn_wakeup_fd 7 100 DDAL_SFN_PERIODIC ==&gt; done OK retv 0
CLI_OUTPUT: /Target1/sfn/action ddal_sfn_wakeup_fd 7 100 DDAL_SFN_SPECIFIC
CLI_OUTPUT: ret /Target1/sfn/action ddal_sfn_wakeup_fd 7 100 DDAL_SFN_SPECIFIC ==&gt; done OK retv 0
CLI_OUTPUT: /Target1/sfn/action ddal_sfn_wakeup_fd 7 100 DDAL_SFN_PERIODIC
CLI_OUTPUT: ret /Target1/sfn/action ddal_sfn_wakeup_fd 7 100 DDAL_SFN_PERIODIC ==&gt; done OK retv 0
CLI_OUTPUT: /Target1/sfn/action ddal_sfn_close_file_descriptor 7
CLI_OUTPUT: ret /Target1/sfn/action ddal_sfn_close_file_descriptor 7 ==&gt; done OK retv 0
CLI_OUTPUT: /Target1/sfn/action ddal_sfn_get_file_descriptor
CLI_OUTPUT: ret /Target1/sfn/action ddal_sfn_get_file_descriptor ==&gt; done OK retv 0 fd 7
CLI_OUTPUT: /Target1/sfn/action ddal_sfn_wakeup_fd 7 100 DDAL_SFN_PERIODIC
CLI_OUTPUT: ret /Target1/sfn/action ddal_sfn_wakeup_fd 7 100 DDAL_SFN_PERIODIC ==&gt; done OK retv 0
CLI_OUTPUT: /Target1/sfn/action ddal_sfn_wakeup_fd 7 100 DDAL_SFN_SPECIFIC
CLI_OUTPUT: ret /Target1/sfn/action ddal_sfn_wakeup_fd 7 100 DDAL_SFN_SPECIFIC ==&gt; done OK retv 0
CLI_OUTPUT: /Target1/sfn/action ddal_sfn_wakeup_fd 7 100 DDAL_SFN_PERIODIC
CLI_OUTPUT: ret /Target1/sfn/action ddal_sfn_wakeup_fd 7 100 DDAL_SFN_PERIODIC ==&gt; done OK retv 0
CLI_OUTPUT: /Target1/sfn/action ddal_sfn_close_file_descriptor 7
CLI_OUTPUT: ret /Target1/sfn/action ddal_sfn_close_file_descriptor 7 ==&gt; done OK retv 0
CLI_OUTPUT: /Target1/sfn/action ddal_sfn_get_file_descriptor
CLI_OUTPUT: ret /Target1/sfn/action ddal_sfn_get_file_descriptor ==&gt; done OK retv 0 fd 7
CLI_OUTPUT: /Target1/sfn/action ddal_sfn_wakeup_fd 7 100 DDAL_SFN_PERIODIC
CLI_OUTPUT: ret /Target1/sfn/action ddal_sfn_wakeup_fd 7 100 DDAL_SFN_PERIODIC ==&gt; done OK retv 0
CLI_OUTPUT: /Target1/sfn/action ddal_sfn_wakeup_fd 7 100 DDAL_SFN_SPECIFIC
CLI_OUTPUT: ret /Target1/sfn/action ddal_sfn_wakeup_fd 7 100 DDAL_SFN_SPECIFIC ==&gt; done OK retv 0
CLI_OUTPUT: /Target1/sfn/action ddal_sfn_wakeup_fd 7 100 DDAL_SFN_PERIODIC
CLI_OUTPUT: ret /Target1/sfn/action ddal_sfn_wakeup_fd 7 100 DDAL_SFN_PERIODIC ==&gt; done OK retv 0
CLI_OUTPUT: /Target1/sfn/action ddal_sfn_close_file_descriptor 7
CLI_OUTPUT: ret /Target1/sfn/action ddal_sfn_close_file_descriptor 7 ==&gt; done OK retv 0
CLI_OUTPUT: /Target1/sfn/action ddal_sfn_get_file_descriptor
CLI_OUTPUT: ret /Target1/sfn/action ddal_sfn_get_file_descriptor ==&gt; done OK retv 0 fd 7
CLI_OUTPUT: /Target1/sfn/action ddal_sfn_wakeup_fd 7 100 DDAL_SFN_PERIODIC
CLI_OUTPUT: ret /Target1/sfn/action ddal_sfn_wakeup_fd 7 100 DDAL_SFN_PERIODIC ==&gt; done OK retv 0
CLI_OUTPUT: /Target1/sfn/action ddal_sfn_wakeup_fd 7 100 DDAL_SFN_SPECIFIC
CLI_OUTPUT: ret /Target1/sfn/action ddal_sfn_wakeup_fd 7 100 DDAL_SFN_SPECIFIC ==&gt; done OK retv 0
CLI_OUTPUT: /Target1/sfn/action ddal_sfn_wakeup_fd 7 100 DDAL_SFN_PERIODIC
CLI_OUTPUT: ret /Target1/sfn/action ddal_sfn_wakeup_fd 7 100 DDAL_SFN_PERIODIC ==&gt; done OK retv 0
CLI_OUTPUT: /Target1/sfn/action ddal_sfn_close_file_descriptor 7
CLI_OUTPUT: ret /Target1/sfn/action ddal_sfn_close_file_descriptor 7 ==&gt; done OK retv 0
CLI_OUTPUT: /Target1/sfn/action ddal_sfn_get_file_descriptor
CLI_OUTPUT: ret /Target1/sfn/action ddal_sfn_get_file_descriptor ==&gt; done OK retv 0 fd 7
CLI_OUTPUT: /Target1/sfn/action ddal_sfn_wakeup_fd 7 100 DDAL_SFN_PERIODIC
CLI_OUTPUT: ret /Target1/sfn/action ddal_sfn_wakeup_fd 7 100 DDAL_SFN_PERIODIC ==&gt; done OK retv 0
CLI_OUTPUT: /Target1/sfn/action ddal_sfn_wakeup_fd 7 100 DDAL_SFN_SPECIFIC
CLI_OUTPUT: ret /Target1/sfn/action ddal_sfn_wakeup_fd 7 100 DDAL_SFN_SPECIFIC ==&gt; done OK retv 0
CLI_OUTPUT: /Target1/sfn/action ddal_sfn_wakeup_fd 7 100 DDAL_SFN_PERIODIC
CLI_OUTPUT: ret /Target1/sfn/action ddal_sfn_wakeup_fd 7 100 DDAL_SFN_PERIODIC ==&gt; done OK retv 0
CLI_OUTPUT: /Target1/sfn/action ddal_sfn_close_file_descriptor 7
CLI_OUTPUT: ret /Target1/sfn/action ddal_sfn_close_file_descriptor 7 ==&gt; done OK retv 0
CLI_OUTPUT: /Target1/sfn/action ddal_sfn_get_file_descriptor
CLI_OUTPUT: ret /Target1/sfn/action ddal_sfn_get_file_descriptor ==&gt; done OK retv 0 fd 7
CLI_OUTPUT: /Target1/sfn/action ddal_sfn_wakeup_fd 7 100 DDAL_SFN_PERIODIC
CLI_OUTPUT: ret /Target1/sfn/action ddal_sfn_wakeup_fd 7 100 DDAL_SFN_PERIODIC ==&gt; done OK retv 0
CLI_OUTPUT: /Target1/sfn/action ddal_sfn_wakeup_fd 7 100 DDAL_SFN_SPECIFIC
CLI_OUTPUT: ret /Target1/sfn/action ddal_sfn_wakeup_fd 7 100 DDAL_SFN_SPECIFIC ==&gt; done OK retv 0
CLI_OUTPUT: /Target1/sfn/action ddal_sfn_wakeup_fd 7 100 DDAL_SFN_PERIODIC
CLI_OUTPUT: ret /Target1/sfn/action ddal_sfn_wakeup_fd 7 100 DDAL_SFN_PERIODIC ==&gt; done OK retv 0
CLI_OUTPUT: /Target1/sfn/action ddal_sfn_close_file_descriptor 7
CLI_OUTPUT: ret /Target1/sfn/action ddal_sfn_close_file_descriptor 7 ==&gt; done OK retv 0
CLI_OUTPUT: /Target1/sfn/action ddal_sfn_get_file_descriptor
CLI_OUTPUT: ret /Target1/sfn/action ddal_sfn_get_file_descriptor ==&gt; done OK retv 0 fd 7
CLI_OUTPUT: /Target1/sfn/action ddal_sfn_wakeup_fd 7 100 DDAL_SFN_PERIODIC
CLI_OUTPUT: ret /Target1/sfn/action ddal_sfn_wakeup_fd 7 100 DDAL_SFN_PERIODIC ==&gt; done OK retv 0
CLI_OUTPUT: /Target1/sfn/action ddal_sfn_wakeup_fd 7 100 DDAL_SFN_SPECIFIC
CLI_OUTPUT: ret /Target1/sfn/action ddal_sfn_wakeup_fd 7 100 DDAL_SFN_SPECIFIC ==&gt; done OK retv 0
CLI_OUTPUT: /Target1/sfn/action ddal_sfn_wakeup_fd 7 100 DDAL_SFN_PERIODIC
CLI_OUTPUT: ret /Target1/sfn/action ddal_sfn_wakeup_fd 7 100 DDAL_SFN_PERIODIC ==&gt; done OK retv 0
CLI_OUTPUT: /Target1/sfn/action ddal_sfn_close_file_descriptor 7
CLI_OUTPUT: ret /Target1/sfn/action ddal_sfn_close_file_descriptor 7 ==&gt; done OK retv 0
CLI_OUTPUT: /Target1/sfn/action ddal_sfn_get_file_descriptor
CLI_OUTPUT: ret /Target1/sfn/action ddal_sfn_get_file_descriptor ==&gt; done OK retv 0 fd 7
CLI_OUTPUT: /Target1/sfn/action ddal_sfn_wakeup_fd 7 100 DDAL_SFN_PERIODIC
CLI_OUTPUT: ret /Target1/sfn/action ddal_sfn_wakeup_fd 7 100 DDAL_SFN_PERIODIC ==&gt; done OK retv 0
CLI_OUTPUT: /Target1/sfn/action ddal_sfn_wakeup_fd 7 100 DDAL_SFN_SPECIFIC
CLI_OUTPUT: ret /Target1/sfn/action ddal_sfn_wakeup_fd 7 100 DDAL_SFN_SPECIFIC ==&gt; done OK retv 0
CLI_OUTPUT: /Target1/sfn/action ddal_sfn_wakeup_fd 7 100 DDAL_SFN_PERIODIC
CLI_OUTPUT: ret /Target1/sfn/action ddal_sfn_wakeup_fd 7 100 DDAL_SFN_PERIODIC ==&gt; done OK retv 0
CLI_OUTPUT: /Target1/sfn/action ddal_sfn_close_file_descriptor 7
CLI_OUTPUT: ret /Target1/sfn/action ddal_sfn_close_file_descriptor 7 ==&gt; done OK retv 0
CLI_OUTPUT: /Target1/sfn/action ddal_sfn_get_file_descriptor
CLI_OUTPUT: ret /Target1/sfn/action ddal_sfn_get_file_descriptor ==&gt; done OK retv 0 fd 7
CLI_OUTPUT: /Target1/sfn/action ddal_sfn_wakeup_fd 7 100 DDAL_SFN_PERIODIC
CLI_OUTPUT: ret /Target1/sfn/action ddal_sfn_wakeup_fd 7 100 DDAL_SFN_PERIODIC ==&gt; done OK retv 0
CLI_OUTPUT: /Target1/sfn/action ddal_sfn_wakeup_fd 7 100 DDAL_SFN_SPECIFIC
CLI_OUTPUT: ret /Target1/sfn/action ddal_sfn_wakeup_fd 7 100 DDAL_SFN_SPECIFIC ==&gt; done OK retv 0
CLI_OUTPUT: /Target1/sfn/action ddal_sfn_wakeup_fd 7 100 DDAL_SFN_PERIODIC
CLI_OUTPUT: ret /Target1/sfn/action ddal_sfn_wakeup_fd 7 100 DDAL_SFN_PERIODIC ==&gt; done OK retv 0
CLI_OUTPUT: /Target1/sfn/action ddal_sfn_close_file_descriptor 7
CLI_OUTPUT: ret /Target1/sfn/action ddal_sfn_close_file_descriptor 7 ==&gt; done OK retv 0
CLI_OUTPUT: /Target1/sfn/action ddal_sfn_get_file_descriptor
CLI_OUTPUT: ret /Target1/sfn/action ddal_sfn_get_file_descriptor ==&gt; done OK retv 0 fd 7
CLI_OUTPUT: /Target1/sfn/action ddal_sfn_wakeup_fd 7 100 DDAL_SFN_PERIODIC
CLI_OUTPUT: ret /Target1/sfn/action ddal_sfn_wakeup_fd 7 100 DDAL_SFN_PERIODIC ==&gt; done OK retv 0
CLI_OUTPUT: /Target1/sfn/action ddal_sfn_wakeup_fd 7 100 DDAL_SFN_SPECIFIC
CLI_OUTPUT: ret /Target1/sfn/action ddal_sfn_wakeup_fd 7 100 DDAL_SFN_SPECIFIC ==&gt; done OK retv 0
CLI_OUTPUT: /Target1/sfn/action ddal_sfn_wakeup_fd 7 100 DDAL_SFN_PERIODIC
CLI_OUTPUT: ret /Target1/sfn/action ddal_sfn_wakeup_fd 7 100 DDAL_SFN_PERIODIC ==&gt; done OK retv 0
CLI_OUTPUT: /Target1/sfn/action ddal_sfn_close_file_descriptor 7
CLI_OUTPUT: ret /Target1/sfn/action ddal_sfn_close_file_descriptor 7 ==&gt; done OK retv 0
CLI_OUTPUT: /Target1/sfn/action ddal_sfn_get_file_descriptor
CLI_OUTPUT: ret /Target1/sfn/action ddal_sfn_get_file_descriptor ==&gt; done OK retv 0 fd 7
CLI_OUTPUT: /Target1/sfn/action ddal_sfn_wakeup_fd 7 100 DDAL_SFN_PERIODIC
CLI_OUTPUT: ret /Target1/sfn/action ddal_sfn_wakeup_fd 7 100 DDAL_SFN_PERIODIC ==&gt; done OK retv 0
CLI_OUTPUT: /Target1/sfn/action ddal_sfn_wakeup_fd 7 100 DDAL_SFN_SPECIFIC
CLI_OUTPUT: ret /Target1/sfn/action ddal_sfn_wakeup_fd 7 100 DDAL_SFN_SPECIFIC ==&gt; done OK retv 0
CLI_OUTPUT: /Target1/sfn/action ddal_sfn_wakeup_fd 7 100 DDAL_SFN_PERIODIC
CLI_OUTPUT: ret /Target1/sfn/action ddal_sfn_wakeup_fd 7 100 DDAL_SFN_PERIODIC ==&gt; done OK retv 0
CLI_OUTPUT: /Target1/sfn/action ddal_sfn_close_file_descriptor 7
CLI_OUTPUT: ret /Target1/sfn/action ddal_sfn_close_file_descriptor 7 ==&gt; done OK retv 0
CLI_OUTPUT: /Target1/sfn/action ddal_sfn_get_file_descriptor
CLI_OUTPUT: ret /Target1/sfn/action ddal_sfn_get_file_descriptor ==&gt; done OK retv 0 fd 7
CLI_OUTPUT: /Target1/sfn/action ddal_sfn_wakeup_fd 7 100 DDAL_SFN_PERIODIC
CLI_OUTPUT: ret /Target1/sfn/action ddal_sfn_wakeup_fd 7 100 DDAL_SFN_PERIODIC ==&gt; done OK retv 0
CLI_OUTPUT: /Target1/sfn/action ddal_sfn_wakeup_fd 7 100 DDAL_SFN_SPECIFIC
CLI_OUTPUT: ret /Target1/sfn/action ddal_sfn_wakeup_fd 7 100 DDAL_SFN_SPECIFIC ==&gt; done OK retv 0
CLI_OUTPUT: /Target1/sfn/action ddal_sfn_wakeup_fd 7 100 DDAL_SFN_PERIODIC
CLI_OUTPUT: ret /Target1/sfn/action ddal_sfn_wakeup_fd 7 100 DDAL_SFN_PERIODIC ==&gt; done OK retv 0
CLI_OUTPUT: /Target1/sfn/action ddal_sfn_close_file_descriptor 7
CLI_OUTPUT: ret /Target1/sfn/action ddal_sfn_close_file_descriptor 7 ==&gt; done OK retv 0
CLI_OUTPUT: /Target1/sfn/action ddal_sfn_get_file_descriptor
CLI_OUTPUT: ret /Target1/sfn/action ddal_sfn_get_file_descriptor ==&gt; done OK retv 0 fd 7
CLI_OUTPUT: /Target1/sfn/action ddal_sfn_wakeup_fd 7 100 DDAL_SFN_PERIODIC
CLI_OUTPUT: ret /Target1/sfn/action ddal_sfn_wakeup_fd 7 100 DDAL_SFN_PERIODIC ==&gt; done OK retv 0
CLI_OUTPUT: /Target1/sfn/action ddal_sfn_wakeup_fd 7 100 DDAL_SFN_SPECIFIC
CLI_OUTPUT: ret /Target1/sfn/action ddal_sfn_wakeup_fd 7 100 DDAL_SFN_SPECIFIC ==&gt; done OK retv 0
CLI_OUTPUT: /Target1/sfn/action ddal_sfn_wakeup_fd 7 100 DDAL_SFN_PERIODIC
CLI_OUTPUT: ret /Target1/sfn/action ddal_sfn_wakeup_fd 7 100 DDAL_SFN_PERIODIC ==&gt; done OK retv 0
CLI_OUTPUT: /Target1/sfn/action ddal_sfn_close_file_descriptor 7
CLI_OUTPUT: ret /Target1/sfn/action ddal_sfn_close_file_descriptor 7 ==&gt; done OK retv 0
CLI_OUTPUT: /Target1/sfn/action ddal_sfn_get_file_descriptor
CLI_OUTPUT: ret /Target1/sfn/action ddal_sfn_get_file_descriptor ==&gt; done OK retv 0 fd 7
CLI_OUTPUT: /Target1/sfn/action ddal_sfn_wakeup_fd 7 100 DDAL_SFN_PERIODIC
CLI_OUTPUT: ret /Target1/sfn/action ddal_sfn_wakeup_fd 7 100 DDAL_SFN_PERIODIC ==&gt; done OK retv 0
CLI_OUTPUT: /Target1/sfn/action ddal_sfn_wakeup_fd 7 100 DDAL_SFN_SPECIFIC
CLI_OUTPUT: ret /Target1/sfn/action ddal_sfn_wakeup_fd 7 100 DDAL_SFN_SPECIFIC ==&gt; done OK retv 0
CLI_OUTPUT: /Target1/sfn/action ddal_sfn_wakeup_fd 7 100 DDAL_SFN_PERIODIC
CLI_OUTPUT: ret /Target1/sfn/action ddal_sfn_wakeup_fd 7 100 DDAL_SFN_PERIODIC ==&gt; done OK retv 0
CLI_OUTPUT: /Target1/sfn/action ddal_sfn_close_file_descriptor 7
CLI_OUTPUT: ret /Target1/sfn/action ddal_sfn_close_file_descriptor 7 ==&gt; done OK retv 0
CLI_OUTPUT: /Target1/sfn/action ddal_sfn_get_file_descriptor
CLI_OUTPUT: ret /Target1/sfn/action ddal_sfn_get_file_descriptor ==&gt; done OK retv 0 fd 7
CLI_OUTPUT: /Target1/sfn/action ddal_sfn_wakeup_fd 7 100 DDAL_SFN_PERIODIC
CLI_OUTPUT: ret /Target1/sfn/action ddal_sfn_wakeup_fd 7 100 DDAL_SFN_PERIODIC ==&gt; done OK retv 0
CLI_OUTPUT: /Target1/sfn/action ddal_sfn_wakeup_fd 7 100 DDAL_SFN_SPECIFIC
CLI_OUTPUT: ret /Target1/sfn/action ddal_sfn_wakeup_fd 7 100 DDAL_SFN_SPECIFIC ==&gt; done OK retv 0
CLI_OUTPUT: /Target1/sfn/action ddal_sfn_wakeup_fd 7 100 DDAL_SFN_PERIODIC
CLI_OUTPUT: ret /Target1/sfn/action ddal_sfn_wakeup_fd 7 100 DDAL_SFN_PERIODIC ==&gt; done OK retv 0
CLI_OUTPUT: /Target1/sfn/action ddal_sfn_close_file_descriptor 7
CLI_OUTPUT: ret /Target1/sfn/action ddal_sfn_close_file_descriptor 7 ==&gt; done OK retv 0
CLI_OUTPUT: /Target1/sfn/action ddal_sfn_get_file_descriptor
CLI_OUTPUT: ret /Target1/sfn/action ddal_sfn_get_file_descriptor ==&gt; done OK retv 0 fd 7
CLI_OUTPUT: /Target1/sfn/action ddal_sfn_wakeup_fd 7 100 DDAL_SFN_PERIODIC
CLI_OUTPUT: ret /Target1/sfn/action ddal_sfn_wakeup_fd 7 100 DDAL_SFN_PERIODIC ==&gt; done OK retv 0
CLI_OUTPUT: /Target1/sfn/action ddal_sfn_wakeup_fd 7 100 DDAL_SFN_SPECIFIC
CLI_OUTPUT: ret /Target1/sfn/action ddal_sfn_wakeup_fd 7 100 DDAL_SFN_SPECIFIC ==&gt; done OK retv 0
CLI_OUTPUT: /Target1/sfn/action ddal_sfn_wakeup_fd 7 100 DDAL_SFN_PERIODIC
CLI_OUTPUT: ret /Target1/sfn/action ddal_sfn_wakeup_fd 7 100 DDAL_SFN_PERIODIC ==&gt; done OK retv 0
CLI_OUTPUT: /Target1/sfn/action ddal_sfn_close_file_descriptor 7
CLI_OUTPUT: ret /Target1/sfn/action ddal_sfn_close_file_descriptor 7 ==&gt; done OK retv 0
CLI_OUTPUT: /Target1/sfn/action ddal_sfn_get_file_descriptor
CLI_OUTPUT: ret /Target1/sfn/action ddal_sfn_get_file_descriptor ==&gt; done OK retv 0 fd 7
CLI_OUTPUT: /Target1/sfn/action ddal_sfn_wakeup_fd 7 100 DDAL_SFN_PERIODIC
CLI_OUTPUT: ret /Target1/sfn/action ddal_sfn_wakeup_fd 7 100 DDAL_SFN_PERIODIC ==&gt; done OK retv 0
CLI_OUTPUT: /Target1/sfn/action ddal_sfn_wakeup_fd 7 100 DDAL_SFN_SPECIFIC
CLI_OUTPUT: ret /Target1/sfn/action ddal_sfn_wakeup_fd 7 100 DDAL_SFN_SPECIFIC ==&gt; done OK retv 0
CLI_OUTPUT: /Target1/sfn/action ddal_sfn_wakeup_fd 7 100 DDAL_SFN_PERIODIC
CLI_OUTPUT: ret /Target1/sfn/action ddal_sfn_wakeup_fd 7 100 DDAL_SFN_PERIODIC ==&gt; done OK retv 0
CLI_OUTPUT: /Target1/sfn/action ddal_sfn_close_file_descriptor 7
CLI_OUTPUT: ret /Target1/sfn/action ddal_sfn_close_file_descriptor 7 ==&gt; done OK retv 0
CLI_OUTPUT: /Target1/sfn/action ddal_sfn_get_file_descriptor
CLI_OUTPUT: ret /Target1/sfn/action ddal_sfn_get_file_descriptor ==&gt; done OK retv 0 fd 7
CLI_OUTPUT: /Target1/sfn/action ddal_sfn_wakeup_fd 7 100 DDAL_SFN_PERIODIC
CLI_OUTPUT: ret /Target1/sfn/action ddal_sfn_wakeup_fd 7 100 DDAL_SFN_PERIODIC ==&gt; done OK retv 0
CLI_OUTPUT: /Target1/sfn/action ddal_sfn_wakeup_fd 7 100 DDAL_SFN_SPECIFIC
CLI_OUTPUT: ret /Target1/sfn/action ddal_sfn_wakeup_fd 7 100 DDAL_SFN_SPECIFIC ==&gt; done OK retv 0
CLI_OUTPUT: /Target1/sfn/action ddal_sfn_wakeup_fd 7 100 DDAL_SFN_PERIODIC
CLI_OUTPUT: ret /Target1/sfn/action ddal_sfn_wakeup_fd 7 100 DDAL_SFN_PERIODIC ==&gt; done OK retv 0
CLI_OUTPUT: /Target1/sfn/action ddal_sfn_close_file_descriptor 7
CLI_OUTPUT: ret /Target1/sfn/action ddal_sfn_close_file_descriptor 7 ==&gt; done OK retv 0
CLI_OUTPUT: /Target1/sfn/action ddal_sfn_get_file_descriptor
CLI_OUTPUT: ret /Target1/sfn/action ddal_sfn_get_file_descriptor ==&gt; done OK retv 0 fd 7
CLI_OUTPUT: /Target1/sfn/action ddal_sfn_wakeup_fd 7 100 DDAL_SFN_PERIODIC
CLI_OUTPUT: ret /Target1/sfn/action ddal_sfn_wakeup_fd 7 100 DDAL_SFN_PERIODIC ==&gt; done OK retv 0
CLI_OUTPUT: /Target1/sfn/action ddal_sfn_wakeup_fd 7 100 DDAL_SFN_SPECIFIC
CLI_OUTPUT: ret /Target1/sfn/action ddal_sfn_wakeup_fd 7 100 DDAL_SFN_SPECIFIC ==&gt; done OK retv 0
CLI_OUTPUT: /Target1/sfn/action ddal_sfn_wakeup_fd 7 100 DDAL_SFN_PERIODIC
CLI_OUTPUT: ret /Target1/sfn/action ddal_sfn_wakeup_fd 7 100 DDAL_SFN_PERIODIC ==&gt; done OK retv 0
CLI_OUTPUT: /Target1/sfn/action ddal_sfn_close_file_descriptor 7
CLI_OUTPUT: ret /Target1/sfn/action ddal_sfn_close_file_descriptor 7 ==&gt; done OK retv 0
CLI_OUTPUT: /Target1/sfn/action ddal_sfn_get_file_descriptor
CLI_OUTPUT: ret /Target1/sfn/action ddal_sfn_get_file_descriptor ==&gt; done OK retv 0 fd 7
CLI_OUTPUT: /Target1/sfn/action ddal_sfn_wakeup_fd 7 100 DDAL_SFN_PERIODIC
CLI_OUTPUT: ret /Target1/sfn/action ddal_sfn_wakeup_fd 7 100 DDAL_SFN_PERIODIC ==&gt; done OK retv 0
CLI_OUTPUT: /Target1/sfn/action ddal_sfn_wakeup_fd 7 100 DDAL_SFN_SPECIFIC
CLI_OUTPUT: ret /Target1/sfn/action ddal_sfn_wakeup_fd 7 100 DDAL_SFN_SPECIFIC ==&gt; done OK retv 0
CLI_OUTPUT: /Target1/sfn/action ddal_sfn_wakeup_fd 7 100 DDAL_SFN_PERIODIC
CLI_OUTPUT: ret /Target1/sfn/action ddal_sfn_wakeup_fd 7 100 DDAL_SFN_PERIODIC ==&gt; done OK retv 0
CLI_OUTPUT: /Target1/sfn/action ddal_sfn_close_file_descriptor 7
CLI_OUTPUT: ret /Target1/sfn/action ddal_sfn_close_file_descriptor 7 ==&gt; done OK retv 0
CLI_OUTPUT: /Target1/sfn/action ddal_sfn_get_file_descriptor
CLI_OUTPUT: ret /Target1/sfn/action ddal_sfn_get_file_descriptor ==&gt; done OK retv 0 fd 7
CLI_OUTPUT: /Target1/sfn/action ddal_sfn_wakeup_fd 7 100 DDAL_SFN_PERIODIC
CLI_OUTPUT: ret /Target1/sfn/action ddal_sfn_wakeup_fd 7 100 DDAL_SFN_PERIODIC ==&gt; done OK retv 0
CLI_OUTPUT: /Target1/sfn/action ddal_sfn_wakeup_fd 7 100 DDAL_SFN_SPECIFIC
CLI_OUTPUT: ret /Target1/sfn/action ddal_sfn_wakeup_fd 7 100 DDAL_SFN_SPECIFIC ==&gt; done OK retv 0
CLI_OUTPUT: /Target1/sfn/action ddal_sfn_wakeup_fd 7 100 DDAL_SFN_PERIODIC
CLI_OUTPUT: ret /Target1/sfn/action ddal_sfn_wakeup_fd 7 100 DDAL_SFN_PERIODIC ==&gt; done OK retv 0
CLI_OUTPUT: /Target1/sfn/action ddal_sfn_close_file_descriptor 7
CLI_OUTPUT: ret /Target1/sfn/action ddal_sfn_close_file_descriptor 7 ==&gt; done OK retv 0
CLI_OUTPUT: /Target1/sfn/action ddal_sfn_get_file_descriptor
CLI_OUTPUT: ret /Target1/sfn/action ddal_sfn_get_file_descriptor ==&gt; done OK retv 0 fd 7
CLI_OUTPUT: /Target1/sfn/action ddal_sfn_wakeup_fd 7 100 DDAL_SFN_PERIODIC
CLI_OUTPUT: ret /Target1/sfn/action ddal_sfn_wakeup_fd 7 100 DDAL_SFN_PERIODIC ==&gt; done OK retv 0
CLI_OUTPUT: /Target1/sfn/action ddal_sfn_wakeup_fd 7 100 DDAL_SFN_SPECIFIC
CLI_OUTPUT: ret /Target1/sfn/action ddal_sfn_wakeup_fd 7 100 DDAL_SFN_SPECIFIC ==&gt; done OK retv 0
CLI_OUTPUT: /Target1/sfn/action ddal_sfn_wakeup_fd 7 100 DDAL_SFN_PERIODIC
CLI_OUTPUT: ret /Target1/sfn/action ddal_sfn_wakeup_fd 7 100 DDAL_SFN_PERIODIC ==&gt; done OK retv 0
CLI_OUTPUT: /Target1/sfn/action ddal_sfn_close_file_descriptor 7
CLI_OUTPUT: ret /Target1/sfn/action ddal_sfn_close_file_descriptor 7 ==&gt; done OK retv 0
CLI_OUTPUT: /Target1/sfn/action ddal_sfn_get_file_descriptor
CLI_OUTPUT: ret /Target1/sfn/action ddal_sfn_get_file_descriptor ==&gt; done OK retv 0 fd 7
CLI_OUTPUT: /Target1/sfn/action ddal_sfn_wakeup_fd 7 100 DDAL_SFN_PERIODIC
CLI_OUTPUT: ret /Target1/sfn/action ddal_sfn_wakeup_fd 7 100 DDAL_SFN_PERIODIC ==&gt; done OK retv 0
CLI_OUTPUT: /Target1/sfn/action ddal_sfn_wakeup_fd 7 100 DDAL_SFN_SPECIFIC
CLI_OUTPUT: ret /Target1/sfn/action ddal_sfn_wakeup_fd 7 100 DDAL_SFN_SPECIFIC ==&gt; done OK retv 0
CLI_OUTPUT: /Target1/sfn/action ddal_sfn_wakeup_fd 7 100 DDAL_SFN_PERIODIC
CLI_OUTPUT: ret /Target1/sfn/action ddal_sfn_wakeup_fd 7 100 DDAL_SFN_PERIODIC ==&gt; done OK retv 0
CLI_OUTPUT: /Target1/sfn/action ddal_sfn_close_file_descriptor 7
CLI_OUTPUT: ret /Target1/sfn/action ddal_sfn_close_file_descriptor 7 ==&gt; done OK retv 0
CLI_OUTPUT: /Target1/sfn/action ddal_sfn_get_file_descriptor
CLI_OUTPUT: ret /Target1/sfn/action ddal_sfn_get_file_descriptor ==&gt; done OK retv 0 fd 7
CLI_OUTPUT: /Target1/sfn/action ddal_sfn_wakeup_fd 7 100 DDAL_SFN_PERIODIC
CLI_OUTPUT: ret /Target1/sfn/action ddal_sfn_wakeup_fd 7 100 DDAL_SFN_PERIODIC ==&gt; done OK retv 0
CLI_OUTPUT: /Target1/sfn/action ddal_sfn_wakeup_fd 7 100 DDAL_SFN_SPECIFIC
CLI_OUTPUT: ret /Target1/sfn/action ddal_sfn_wakeup_fd 7 100 DDAL_SFN_SPECIFIC ==&gt; done OK retv 0
CLI_OUTPUT: /Target1/sfn/action ddal_sfn_wakeup_fd 7 100 DDAL_SFN_PERIODIC
CLI_OUTPUT: ret /Target1/sfn/action ddal_sfn_wakeup_fd 7 100 DDAL_SFN_PERIODIC ==&gt; done OK retv 0
CLI_OUTPUT: /Target1/sfn/action ddal_sfn_close_file_descriptor 7
CLI_OUTPUT: ret /Target1/sfn/action ddal_sfn_close_file_descriptor 7 ==&gt; done OK retv 0
CLI_OUTPUT: /Target1/sfn/action ddal_sfn_get_file_descriptor
CLI_OUTPUT: ret /Target1/sfn/action ddal_sfn_get_file_descriptor ==&gt; done OK retv 0 fd 7
CLI_OUTPUT: /Target1/sfn/action ddal_sfn_wakeup_fd 7 100 DDAL_SFN_PERIODIC
CLI_OUTPUT: ret /Target1/sfn/action ddal_sfn_wakeup_fd 7 100 DDAL_SFN_PERIODIC ==&gt; done OK retv 0
CLI_OUTPUT: /Target1/sfn/action ddal_sfn_wakeup_fd 7 100 DDAL_SFN_SPECIFIC
CLI_OUTPUT: ret /Target1/sfn/action ddal_sfn_wakeup_fd 7 100 DDAL_SFN_SPECIFIC ==&gt; done OK retv 0
CLI_OUTPUT: /Target1/sfn/action ddal_sfn_wakeup_fd 7 100 DDAL_SFN_PERIODIC
CLI_OUTPUT: ret /Target1/sfn/action ddal_sfn_wakeup_fd 7 100 DDAL_SFN_PERIODIC ==&gt; done OK retv 0
CLI_OUTPUT: /Target1/sfn/action ddal_sfn_close_file_descriptor 7
CLI_OUTPUT: ret /Target1/sfn/action ddal_sfn_close_file_descriptor 7 ==&gt; done OK retv 0
CLI_OUTPUT: /Target1/sfn/action ddal_sfn_get_file_descriptor
CLI_OUTPUT: ret /Target1/sfn/action ddal_sfn_get_file_descriptor ==&gt; done OK retv 0 fd 7
CLI_OUTPUT: /Target1/sfn/action ddal_sfn_wakeup_fd 7 100 DDAL_SFN_PERIODIC
CLI_OUTPUT: ret /Target1/sfn/action ddal_sfn_wakeup_fd 7 100 DDAL_SFN_PERIODIC ==&gt; done OK retv 0
CLI_OUTPUT: /Target1/sfn/action ddal_sfn_wakeup_fd 7 100 DDAL_SFN_SPECIFIC
CLI_OUTPUT: ret /Target1/sfn/action ddal_sfn_wakeup_fd 7 100 DDAL_SFN_SPECIFIC ==&gt; done OK retv 0
CLI_OUTPUT: /Target1/sfn/action ddal_sfn_wakeup_fd 7 100 DDAL_SFN_PERIODIC
CLI_OUTPUT: ret /Target1/sfn/action ddal_sfn_wakeup_fd 7 100 DDAL_SFN_PERIODIC ==&gt; done OK retv 0
CLI_OUTPUT: /Target1/sfn/action ddal_sfn_close_file_descriptor 7
CLI_OUTPUT: ret /Target1/sfn/action ddal_sfn_close_file_descriptor 7 ==&gt; done OK retv 0
CLI_OUTPUT: /Target1/sfn/action ddal_sfn_get_file_descriptor
CLI_OUTPUT: ret /Target1/sfn/action ddal_sfn_get_file_descriptor ==&gt; done OK retv 0 fd 7
CLI_OUTPUT: /Target1/sfn/action ddal_sfn_wakeup_fd 7 100 DDAL_SFN_PERIODIC
CLI_OUTPUT: ret /Target1/sfn/action ddal_sfn_wakeup_fd 7 100 DDAL_SFN_PERIODIC ==&gt; done OK retv 0
CLI_OUTPUT: /Target1/sfn/action ddal_sfn_wakeup_fd 7 100 DDAL_SFN_SPECIFIC
CLI_OUTPUT: ret /Target1/sfn/action ddal_sfn_wakeup_fd 7 100 DDAL_SFN_SPECIFIC ==&gt; done OK retv 0
CLI_OUTPUT: /Target1/sfn/action ddal_sfn_wakeup_fd 7 100 DDAL_SFN_PERIODIC
CLI_OUTPUT: ret /Target1/sfn/action ddal_sfn_wakeup_fd 7 100 DDAL_SFN_PERIODIC ==&gt; done OK retv 0
CLI_OUTPUT: /Target1/sfn/action ddal_sfn_close_file_descriptor 7
CLI_OUTPUT: ret /Target1/sfn/action ddal_sfn_close_file_descriptor 7 ==&gt; done OK retv 0
CLI_OUTPUT: /Target1/sfn/action ddal_sfn_get_file_descriptor
CLI_OUTPUT: ret /Target1/sfn/action ddal_sfn_get_file_descriptor ==&gt; done OK retv 0 fd 7
CLI_OUTPUT: /Target1/sfn/action ddal_sfn_wakeup_fd 7 100 DDAL_SFN_PERIODIC
CLI_OUTPUT: ret /Target1/sfn/action ddal_sfn_wakeup_fd 7 100 DDAL_SFN_PERIODIC ==&gt; done OK retv 0
CLI_OUTPUT: /Target1/sfn/action ddal_sfn_wakeup_fd 7 100 DDAL_SFN_SPECIFIC
CLI_OUTPUT: ret /Target1/sfn/action ddal_sfn_wakeup_fd 7 100 DDAL_SFN_SPECIFIC ==&gt; done OK retv 0
CLI_OUTPUT: /Target1/sfn/action ddal_sfn_wakeup_fd 7 100 DDAL_SFN_PERIODIC
CLI_OUTPUT: ret /Target1/sfn/action ddal_sfn_wakeup_fd 7 100 DDAL_SFN_PERIODIC ==&gt; done OK retv 0
CLI_OUTPUT: /Target1/sfn/action ddal_sfn_close_file_descriptor 7
CLI_OUTPUT: ret /Target1/sfn/action ddal_sfn_close_file_descriptor 7 ==&gt; done OK retv 0
CLI_OUTPUT: /Target1/sfn/action ddal_sfn_get_file_descriptor
CLI_OUTPUT: ret /Target1/sfn/action ddal_sfn_get_file_descriptor ==&gt; done OK retv 0 fd 7
CLI_OUTPUT: /Target1/sfn/action ddal_sfn_wakeup_fd 7 100 DDAL_SFN_PERIODIC
CLI_OUTPUT: ret /Target1/sfn/action ddal_sfn_wakeup_fd 7 100 DDAL_SFN_PERIODIC ==&gt; done OK retv 0
CLI_OUTPUT: /Target1/sfn/action ddal_sfn_wakeup_fd 7 100 DDAL_SFN_SPECIFIC
CLI_OUTPUT: ret /Target1/sfn/action ddal_sfn_wakeup_fd 7 100 DDAL_SFN_SPECIFIC ==&gt; done OK retv 0
CLI_OUTPUT: /Target1/sfn/action ddal_sfn_wakeup_fd 7 100 DDAL_SFN_PERIODIC
CLI_OUTPUT: ret /Target1/sfn/action ddal_sfn_wakeup_fd 7 100 DDAL_SFN_PERIODIC ==&gt; done OK retv 0
CLI_OUTPUT: /Target1/sfn/action ddal_sfn_close_file_descriptor 7
CLI_OUTPUT: ret /Target1/sfn/action ddal_sfn_close_file_descriptor 7 ==&gt; done OK retv 0
CLI_OUTPUT: /Target1/sfn/action ddal_sfn_get_file_descriptor
CLI_OUTPUT: ret /Target1/sfn/action ddal_sfn_get_file_descriptor ==&gt; done OK retv 0 fd 7
CLI_OUTPUT: /Target1/sfn/action ddal_sfn_wakeup_fd 7 100 DDAL_SFN_PERIODIC
CLI_OUTPUT: ret /Target1/sfn/action ddal_sfn_wakeup_fd 7 100 DDAL_SFN_PERIODIC ==&gt; done OK retv 0
CLI_OUTPUT: /Target1/sfn/action ddal_sfn_wakeup_fd 7 100 DDAL_SFN_SPECIFIC
CLI_OUTPUT: ret /Target1/sfn/action ddal_sfn_wakeup_fd 7 100 DDAL_SFN_SPECIFIC ==&gt; done OK retv 0
CLI_OUTPUT: /Target1/sfn/action ddal_sfn_wakeup_fd 7 100 DDAL_SFN_PERIODIC
CLI_OUTPUT: ret /Target1/sfn/action ddal_sfn_wakeup_fd 7 100 DDAL_SFN_PERIODIC ==&gt; done OK retv 0
CLI_OUTPUT: /Target1/sfn/action ddal_sfn_close_file_descriptor 7
CLI_OUTPUT: ret /Target1/sfn/action ddal_sfn_close_file_descriptor 7 ==&gt; done OK retv 0
CLI_OUTPUT: /Target1/sfn/action ddal_sfn_get_file_descriptor
CLI_OUTPUT: ret /Target1/sfn/action ddal_sfn_get_file_descriptor ==&gt; done OK retv 0 fd 7
CLI_OUTPUT: /Target1/sfn/action ddal_sfn_wakeup_fd 7 100 DDAL_SFN_PERIODIC
CLI_OUTPUT: ret /Target1/sfn/action ddal_sfn_wakeup_fd 7 100 DDAL_SFN_PERIODIC ==&gt; done OK retv 0
CLI_OUTPUT: /Target1/sfn/action ddal_sfn_wakeup_fd 7 100 DDAL_SFN_SPECIFIC
CLI_OUTPUT: ret /Target1/sfn/action ddal_sfn_wakeup_fd 7 100 DDAL_SFN_SPECIFIC ==&gt; done OK retv 0
CLI_OUTPUT: /Target1/sfn/action ddal_sfn_wakeup_fd 7 100 DDAL_SFN_PERIODIC
CLI_OUTPUT: ret /Target1/sfn/action ddal_sfn_wakeup_fd 7 100 DDAL_SFN_PERIODIC ==&gt; done OK retv 0
CLI_OUTPUT: /Target1/sfn/action ddal_sfn_close_file_descriptor 7
CLI_OUTPUT: ret /Target1/sfn/action ddal_sfn_close_file_descriptor 7 ==&gt; done OK retv 0
CLI_OUTPUT: /Target1/sfn/action ddal_sfn_get_file_descriptor
CLI_OUTPUT: ret /Target1/sfn/action ddal_sfn_get_file_descriptor ==&gt; done OK retv 0 fd 7
CLI_OUTPUT: /Target1/sfn/action ddal_sfn_wakeup_fd 7 100 DDAL_SFN_PERIODIC
CLI_OUTPUT: ret /Target1/sfn/action ddal_sfn_wakeup_fd 7 100 DDAL_SFN_PERIODIC ==&gt; done OK retv 0
CLI_OUTPUT: /Target1/sfn/action ddal_sfn_wakeup_fd 7 100 DDAL_SFN_SPECIFIC
CLI_OUTPUT: ret /Target1/sfn/action ddal_sfn_wakeup_fd 7 100 DDAL_SFN_SPECIFIC ==&gt; done OK retv 0
CLI_OUTPUT: /Target1/sfn/action ddal_sfn_wakeup_fd 7 100 DDAL_SFN_PERIODIC
CLI_OUTPUT: ret /Target1/sfn/action ddal_sfn_wakeup_fd 7 100 DDAL_SFN_PERIODIC ==&gt; done OK retv 0
CLI_OUTPUT: /Target1/sfn/action ddal_sfn_close_file_descriptor 7
CLI_OUTPUT: ret /Target1/sfn/action ddal_sfn_close_file_descriptor 7 ==&gt; done OK retv 0
CLI_OUTPUT: /Target1/sfn/action ddal_sfn_get_file_descriptor
CLI_OUTPUT: ret /Target1/sfn/action ddal_sfn_get_file_descriptor ==&gt; done OK retv 0 fd 7
CLI_OUTPUT: /Target1/sfn/action ddal_sfn_wakeup_fd 7 100 DDAL_SFN_PERIODIC
CLI_OUTPUT: ret /Target1/sfn/action ddal_sfn_wakeup_fd 7 100 DDAL_SFN_PERIODIC ==&gt; done OK retv 0
CLI_OUTPUT: /Target1/sfn/action ddal_sfn_wakeup_fd 7 100 DDAL_SFN_SPECIFIC
CLI_OUTPUT: ret /Target1/sfn/action ddal_sfn_wakeup_fd 7 100 DDAL_SFN_SPECIFIC ==&gt; done OK retv 0
CLI_OUTPUT: /Target1/sfn/action ddal_sfn_wakeup_fd 7 100 DDAL_SFN_PERIODIC
CLI_OUTPUT: ret /Target1/sfn/action ddal_sfn_wakeup_fd 7 100 DDAL_SFN_PERIODIC ==&gt; done OK retv 0
CLI_OUTPUT: /Target1/sfn/action ddal_sfn_close_file_descriptor 7
CLI_OUTPUT: ret /Target1/sfn/action ddal_sfn_close_file_descriptor 7 ==&gt; done OK retv 0
CLI_OUTPUT: /Target1/sfn/action ddal_sfn_get_file_descriptor
CLI_OUTPUT: ret /Target1/sfn/action ddal_sfn_get_file_descriptor ==&gt; done OK retv 0 fd 7
CLI_OUTPUT: /Target1/sfn/action ddal_sfn_wakeup_fd 7 100 DDAL_SFN_PERIODIC
CLI_OUTPUT: ret /Target1/sfn/action ddal_sfn_wakeup_fd 7 100 DDAL_SFN_PERIODIC ==&gt; done OK retv 0
CLI_OUTPUT: /Target1/sfn/action ddal_sfn_wakeup_fd 7 100 DDAL_SFN_SPECIFIC
CLI_OUTPUT: ret /Target1/sfn/action ddal_sfn_wakeup_fd 7 100 DDAL_SFN_SPECIFIC ==&gt; done OK retv 0
CLI_OUTPUT: /Target1/sfn/action ddal_sfn_wakeup_fd 7 100 DDAL_SFN_PERIODIC
CLI_OUTPUT: ret /Target1/sfn/action ddal_sfn_wakeup_fd 7 100 DDAL_SFN_PERIODIC ==&gt; done OK retv 0
CLI_OUTPUT: /Target1/sfn/action ddal_sfn_close_file_descriptor 7
CLI_OUTPUT: ret /Target1/sfn/action ddal_sfn_close_file_descriptor 7 ==&gt; done OK retv 0
CLI_OUTPUT: /Target1/sfn/action ddal_sfn_get_file_descriptor
CLI_OUTPUT: ret /Target1/sfn/action ddal_sfn_get_file_descriptor ==&gt; done OK retv 0 fd 7
CLI_OUTPUT: /Target1/sfn/action ddal_sfn_wakeup_fd 7 100 DDAL_SFN_PERIODIC
CLI_OUTPUT: ret /Target1/sfn/action ddal_sfn_wakeup_fd 7 100 DDAL_SFN_PERIODIC ==&gt; done OK retv 0
CLI_OUTPUT: /Target1/sfn/action ddal_sfn_wakeup_fd 7 100 DDAL_SFN_SPECIFIC
CLI_OUTPUT: ret /Target1/sfn/action ddal_sfn_wakeup_fd 7 100 DDAL_SFN_SPECIFIC ==&gt; done OK retv 0
CLI_OUTPUT: /Target1/sfn/action ddal_sfn_wakeup_fd 7 100 DDAL_SFN_PERIODIC
CLI_OUTPUT: ret /Target1/sfn/action ddal_sfn_wakeup_fd 7 100 DDAL_SFN_PERIODIC ==&gt; done OK retv 0
CLI_OUTPUT: /Target1/sfn/action ddal_sfn_close_file_descriptor 7
CLI_OUTPUT: ret /Target1/sfn/action ddal_sfn_close_file_descriptor 7 ==&gt; done OK retv 0
CLI_OUTPUT: /Target1/sfn/action ddal_sfn_get_file_descriptor
CLI_OUTPUT: ret /Target1/sfn/action ddal_sfn_get_file_descriptor ==&gt; done OK retv 0 fd 7
CLI_OUTPUT: /Target1/sfn/action ddal_sfn_wakeup_fd 7 100 DDAL_SFN_PERIODIC
CLI_OUTPUT: ret /Target1/sfn/action ddal_sfn_wakeup_fd 7 100 DDAL_SFN_PERIODIC ==&gt; done OK retv 0
CLI_OUTPUT: /Target1/sfn/action ddal_sfn_wakeup_fd 7 100 DDAL_SFN_SPECIFIC
CLI_OUTPUT: ret /Target1/sfn/action ddal_sfn_wakeup_fd 7 100 DDAL_SFN_SPECIFIC ==&gt; done OK retv 0
CLI_OUTPUT: /Target1/sfn/action ddal_sfn_wakeup_fd 7 100 DDAL_SFN_PERIODIC
CLI_OUTPUT: ret /Target1/sfn/action ddal_sfn_wakeup_fd 7 100 DDAL_SFN_PERIODIC ==&gt; done OK retv 0
CLI_OUTPUT: /Target1/sfn/action ddal_sfn_close_file_descriptor 7
CLI_OUTPUT: ret /Target1/sfn/action ddal_sfn_close_file_descriptor 7 ==&gt; done OK retv 0
CLI_OUTPUT: /Target1/sfn/action ddal_sfn_get_file_descriptor
CLI_OUTPUT: ret /Target1/sfn/action ddal_sfn_get_file_descriptor ==&gt; done OK retv 0 fd 7
CLI_OUTPUT: /Target1/sfn/action ddal_sfn_wakeup_fd 7 100 DDAL_SFN_PERIODIC
CLI_OUTPUT: ret /Target1/sfn/action ddal_sfn_wakeup_fd 7 100 DDAL_SFN_PERIODIC ==&gt; done OK retv 0
CLI_OUTPUT: /Target1/sfn/action ddal_sfn_wakeup_fd 7 100 DDAL_SFN_SPECIFIC
CLI_OUTPUT: ret /Target1/sfn/action ddal_sfn_wakeup_fd 7 100 DDAL_SFN_SPECIFIC ==&gt; done OK retv 0
CLI_OUTPUT: /Target1/sfn/action ddal_sfn_wakeup_fd 7 100 DDAL_SFN_PERIODIC
CLI_OUTPUT: ret /Target1/sfn/action ddal_sfn_wakeup_fd 7 100 DDAL_SFN_PERIODIC ==&gt; done OK retv 0
CLI_OUTPUT: /Target1/sfn/action ddal_sfn_close_file_descriptor 7
CLI_OUTPUT: ret /Target1/sfn/action ddal_sfn_close_file_descriptor 7 ==&gt; done OK retv 0
CLI_OUTPUT: /Target1/sfn/action ddal_sfn_get_file_descriptor
CLI_OUTPUT: ret /Target1/sfn/action ddal_sfn_get_file_descriptor ==&gt; done OK retv 0 fd 7
CLI_OUTPUT: /Target1/sfn/action ddal_sfn_wakeup_fd 7 100 DDAL_SFN_PERIODIC
CLI_OUTPUT: ret /Target1/sfn/action ddal_sfn_wakeup_fd 7 100 DDAL_SFN_PERIODIC ==&gt; done OK retv 0
CLI_OUTPUT: /Target1/sfn/action ddal_sfn_wakeup_fd 7 100 DDAL_SFN_SPECIFIC
CLI_OUTPUT: ret /Target1/sfn/action ddal_sfn_wakeup_fd 7 100 DDAL_SFN_SPECIFIC ==&gt; done OK retv 0
CLI_OUTPUT: /Target1/sfn/action ddal_sfn_wakeup_fd 7 100 DDAL_SFN_PERIODIC
CLI_OUTPUT: ret /Target1/sfn/action ddal_sfn_wakeup_fd 7 100 DDAL_SFN_PERIODIC ==&gt; done OK retv 0
CLI_OUTPUT: /Target1/sfn/action ddal_sfn_close_file_descriptor 7
CLI_OUTPUT: ret /Target1/sfn/action ddal_sfn_close_file_descriptor 7 ==&gt; done OK retv 0
CLI_OUTPUT: /Target1/sfn/action ddal_sfn_get_file_descriptor
CLI_OUTPUT: ret /Target1/sfn/action ddal_sfn_get_file_descriptor ==&gt; done OK retv 0 fd 7
CLI_OUTPUT: /Target1/sfn/action ddal_sfn_wakeup_fd 7 100 DDAL_SFN_PERIODIC
CLI_OUTPUT: ret /Target1/sfn/action ddal_sfn_wakeup_fd 7 100 DDAL_SFN_PERIODIC ==&gt; done OK retv 0
CLI_OUTPUT: /Target1/sfn/action ddal_sfn_wakeup_fd 7 100 DDAL_SFN_SPECIFIC
CLI_OUTPUT: ret /Target1/sfn/action ddal_sfn_wakeup_fd 7 100 DDAL_SFN_SPECIFIC ==&gt; done OK retv 0
CLI_OUTPUT: /Target1/sfn/action ddal_sfn_wakeup_fd 7 100 DDAL_SFN_PERIODIC
CLI_OUTPUT: ret /Target1/sfn/action ddal_sfn_wakeup_fd 7 100 DDAL_SFN_PERIODIC ==&gt; done OK retv 0
CLI_OUTPUT: /Target1/sfn/action ddal_sfn_close_file_descriptor 7
CLI_OUTPUT: ret /Target1/sfn/action ddal_sfn_close_file_descriptor 7 ==&gt; done OK retv 0
CLI_OUTPUT: /Target1/sfn/action ddal_sfn_get_file_descriptor
CLI_OUTPUT: ret /Target1/sfn/action ddal_sfn_get_file_descriptor ==&gt; done OK retv 0 fd 7
CLI_OUTPUT: /Target1/sfn/action ddal_sfn_wakeup_fd 7 100 DDAL_SFN_PERIODIC
CLI_OUTPUT: ret /Target1/sfn/action ddal_sfn_wakeup_fd 7 100 DDAL_SFN_PERIODIC ==&gt; done OK retv 0
CLI_OUTPUT: /Target1/sfn/action ddal_sfn_wakeup_fd 7 100 DDAL_SFN_SPECIFIC
CLI_OUTPUT: ret /Target1/sfn/action ddal_sfn_wakeup_fd 7 100 DDAL_SFN_SPECIFIC ==&gt; done OK retv 0
CLI_OUTPUT: /Target1/sfn/action ddal_sfn_wakeup_fd 7 100 DDAL_SFN_PERIODIC
CLI_OUTPUT: ret /Target1/sfn/action ddal_sfn_wakeup_fd 7 100 DDAL_SFN_PERIODIC ==&gt; done OK retv 0
CLI_OUTPUT: /Target1/sfn/action ddal_sfn_close_file_descriptor 7
CLI_OUTPUT: ret /Target1/sfn/action ddal_sfn_close_file_descriptor 7 ==&gt; done OK retv 0
SCR_OUTPUT: alternate_open_close_loops 100
CLI_OUTPUT: /Target1/sfn/action ddal_sfn_get_file_descriptor
CLI_OUTPUT: ret /Target1/sfn/action ddal_sfn_get_file_descriptor ==&gt; done OK retv 0 fd 7
CLI_OUTPUT: /Target1/sfn/action ddal_sfn_wakeup_fd 7 100 DDAL_SFN_PERIODIC
CLI_OUTPUT: ret /Target1/sfn/action ddal_sfn_wakeup_fd 7 100 DDAL_SFN_PERIODIC ==&gt; done OK retv 0
CLI_OUTPUT: /Target1/sfn/action ddal_sfn_wakeup_fd 7 100 DDAL_SFN_SPECIFIC
CLI_OUTPUT: ret /Target1/sfn/action ddal_sfn_wakeup_fd 7 100 DDAL_SFN_SPECIFIC ==&gt; done OK retv 0
CLI_OUTPUT: /Target1/sfn/action ddal_sfn_wakeup_fd 7 100 DDAL_SFN_PERIODIC
CLI_OUTPUT: ret /Target1/sfn/action ddal_sfn_wakeup_fd 7 100 DDAL_SFN_PERIODIC ==&gt; done OK retv 0
CLI_OUTPUT: /Target1/sfn/action ddal_sfn_close_file_descriptor 7
CLI_OUTPUT: ret /Target1/sfn/action ddal_sfn_close_file_descriptor 7 ==&gt; done OK retv 0
SCR_OUTPUT: ##### Test Case End: TC_03011_001 PASSED (0)
</system-out>
</testcase>

<testcase classname="HW_03011_sfn_get_close_fd" name="TC_03011_002 SFN get/close tests" time="2">
<system-out>
SCR_OUTPUT: ##### Test Case Start: TC_03011_002  SFN get/close tests
CLI_OUTPUT: /Target1/sfn/action ddal_sfn_get_file_descriptor
CLI_OUTPUT: ret /Target1/sfn/action ddal_sfn_get_file_descriptor ==&gt; done OK retv 0 fd 7
CLI_OUTPUT: /Target1/sfn/action ddal_sfn_get_file_descriptor
CLI_OUTPUT: ret /Target1/sfn/action ddal_sfn_get_file_descriptor ==&gt; done OK retv 0 fd 8
CLI_OUTPUT: /Target1/sfn/action ddal_sfn_get_file_descriptor
CLI_OUTPUT: ret /Target1/sfn/action ddal_sfn_get_file_descriptor ==&gt; done OK retv 0 fd 9
CLI_OUTPUT: /Target1/sfn/action ddal_sfn_get_file_descriptor
CLI_OUTPUT: ret /Target1/sfn/action ddal_sfn_get_file_descriptor ==&gt; done OK retv 0 fd 10
CLI_OUTPUT: /Target1/sfn/action ddal_sfn_get_file_descriptor
CLI_OUTPUT: ret /Target1/sfn/action ddal_sfn_get_file_descriptor ==&gt; done OK retv 0 fd 11
CLI_OUTPUT: /Target1/sfn/action ddal_sfn_get_file_descriptor
CLI_OUTPUT: ret /Target1/sfn/action ddal_sfn_get_file_descriptor ==&gt; done OK retv 0 fd 12
CLI_OUTPUT: /Target1/sfn/action ddal_sfn_get_file_descriptor
CLI_OUTPUT: ret /Target1/sfn/action ddal_sfn_get_file_descriptor ==&gt; done OK retv 0 fd 13
CLI_OUTPUT: /Target1/sfn/action ddal_sfn_get_file_descriptor
CLI_OUTPUT: ret /Target1/sfn/action ddal_sfn_get_file_descriptor ==&gt; done OK retv 0 fd 14
CLI_OUTPUT: /Target1/sfn/action ddal_sfn_get_file_descriptor
CLI_OUTPUT: ret /Target1/sfn/action ddal_sfn_get_file_descriptor ==&gt; done OK retv 0 fd 15
CLI_OUTPUT: /Target1/sfn/action ddal_sfn_get_file_descriptor
CLI_OUTPUT: ret /Target1/sfn/action ddal_sfn_get_file_descriptor ==&gt; done OK retv 0 fd 16
CLI_OUTPUT: /Target1/sfn/action ddal_sfn_get_file_descriptor
CLI_OUTPUT: ret /Target1/sfn/action ddal_sfn_get_file_descriptor ==&gt; done OK retv 0 fd 17
CLI_OUTPUT: /Target1/sfn/action ddal_sfn_get_file_descriptor
CLI_OUTPUT: ret /Target1/sfn/action ddal_sfn_get_file_descriptor ==&gt; done OK retv 0 fd 18
CLI_OUTPUT: /Target1/sfn/action ddal_sfn_get_file_descriptor
CLI_OUTPUT: ret /Target1/sfn/action ddal_sfn_get_file_descriptor ==&gt; done OK retv 0 fd 19
CLI_OUTPUT: /Target1/sfn/action ddal_sfn_get_file_descriptor
CLI_OUTPUT: ret /Target1/sfn/action ddal_sfn_get_file_descriptor ==&gt; done OK retv 0 fd 20
CLI_OUTPUT: /Target1/sfn/action ddal_sfn_get_file_descriptor
CLI_OUTPUT: ret /Target1/sfn/action ddal_sfn_get_file_descriptor ==&gt; done OK retv 0 fd 21
CLI_OUTPUT: /Target1/sfn/action ddal_sfn_get_file_descriptor
CLI_OUTPUT: ret /Target1/sfn/action ddal_sfn_get_file_descriptor ==&gt; done OK retv 0 fd 22
CLI_OUTPUT: /Target1/sfn/action ddal_sfn_get_file_descriptor
CLI_OUTPUT: ret /Target1/sfn/action ddal_sfn_get_file_descriptor ==&gt; done OK retv 0 fd 23
CLI_OUTPUT: /Target1/sfn/action ddal_sfn_get_file_descriptor
CLI_OUTPUT: ret /Target1/sfn/action ddal_sfn_get_file_descriptor ==&gt; done OK retv 0 fd 24
CLI_OUTPUT: /Target1/sfn/action ddal_sfn_get_file_descriptor
CLI_OUTPUT: ret /Target1/sfn/action ddal_sfn_get_file_descriptor ==&gt; done OK retv 0 fd 25
CLI_OUTPUT: /Target1/sfn/action ddal_sfn_get_file_descriptor
CLI_OUTPUT: ret /Target1/sfn/action ddal_sfn_get_file_descriptor ==&gt; done OK retv 0 fd 26
CLI_OUTPUT: /Target1/sfn/action ddal_sfn_get_file_descriptor
CLI_OUTPUT: ret /Target1/sfn/action ddal_sfn_get_file_descriptor ==&gt; done OK retv 0 fd 27
CLI_OUTPUT: /Target1/sfn/action ddal_sfn_get_file_descriptor
CLI_OUTPUT: ret /Target1/sfn/action ddal_sfn_get_file_descriptor ==&gt; done OK retv 0 fd 28
CLI_OUTPUT: /Target1/sfn/action ddal_sfn_get_file_descriptor
CLI_OUTPUT: ret /Target1/sfn/action ddal_sfn_get_file_descriptor ==&gt; done OK retv 0 fd 29
CLI_OUTPUT: /Target1/sfn/action ddal_sfn_get_file_descriptor
CLI_OUTPUT: ret /Target1/sfn/action ddal_sfn_get_file_descriptor ==&gt; done OK retv 0 fd 30
CLI_OUTPUT: /Target1/sfn/action ddal_sfn_get_file_descriptor
CLI_OUTPUT: ret /Target1/sfn/action ddal_sfn_get_file_descriptor ==&gt; done OK retv 0 fd 31
CLI_OUTPUT: /Target1/sfn/action ddal_sfn_get_file_descriptor
CLI_OUTPUT: ret /Target1/sfn/action ddal_sfn_get_file_descriptor ==&gt; done OK retv 0 fd 32
CLI_OUTPUT: /Target1/sfn/action ddal_sfn_get_file_descriptor
CLI_OUTPUT: ret /Target1/sfn/action ddal_sfn_get_file_descriptor ==&gt; done OK retv 0 fd 33
CLI_OUTPUT: /Target1/sfn/action ddal_sfn_get_file_descriptor
CLI_OUTPUT: ret /Target1/sfn/action ddal_sfn_get_file_descriptor ==&gt; done OK retv 0 fd 34
CLI_OUTPUT: /Target1/sfn/action ddal_sfn_get_file_descriptor
CLI_OUTPUT: ret /Target1/sfn/action ddal_sfn_get_file_descriptor ==&gt; done OK retv 0 fd 35
CLI_OUTPUT: /Target1/sfn/action ddal_sfn_get_file_descriptor
CLI_OUTPUT: ret /Target1/sfn/action ddal_sfn_get_file_descriptor ==&gt; done OK retv 0 fd 36
CLI_OUTPUT: /Target1/sfn/action ddal_sfn_get_file_descriptor
CLI_OUTPUT: ret /Target1/sfn/action ddal_sfn_get_file_descriptor ==&gt; done OK retv 0 fd 37
CLI_OUTPUT: /Target1/sfn/action ddal_sfn_get_file_descriptor
CLI_OUTPUT: ret /Target1/sfn/action ddal_sfn_get_file_descriptor ==&gt; done OK retv 0 fd 38
CLI_OUTPUT: /Target1/sfn/action ddal_sfn_get_file_descriptor
CLI_OUTPUT: ret /Target1/sfn/action ddal_sfn_get_file_descriptor ==&gt; done OK retv 0 fd 39
CLI_OUTPUT: /Target1/sfn/action ddal_sfn_get_file_descriptor
CLI_OUTPUT: ret /Target1/sfn/action ddal_sfn_get_file_descriptor ==&gt; done OK retv 0 fd 40
CLI_OUTPUT: /Target1/sfn/action ddal_sfn_get_file_descriptor
CLI_OUTPUT: ret /Target1/sfn/action ddal_sfn_get_file_descriptor ==&gt; done OK retv 0 fd 41
CLI_OUTPUT: /Target1/sfn/action ddal_sfn_get_file_descriptor
CLI_OUTPUT: ret /Target1/sfn/action ddal_sfn_get_file_descriptor ==&gt; done OK retv 0 fd 42
CLI_OUTPUT: /Target1/sfn/action ddal_sfn_get_file_descriptor
CLI_OUTPUT: ret /Target1/sfn/action ddal_sfn_get_file_descriptor ==&gt; done OK retv 0 fd 43
CLI_OUTPUT: /Target1/sfn/action ddal_sfn_get_file_descriptor
CLI_OUTPUT: ret /Target1/sfn/action ddal_sfn_get_file_descriptor ==&gt; done OK retv 0 fd 44
CLI_OUTPUT: /Target1/sfn/action ddal_sfn_get_file_descriptor
CLI_OUTPUT: ret /Target1/sfn/action ddal_sfn_get_file_descriptor ==&gt; done OK retv 0 fd 45
CLI_OUTPUT: /Target1/sfn/action ddal_sfn_get_file_descriptor
CLI_OUTPUT: ret /Target1/sfn/action ddal_sfn_get_file_descriptor ==&gt; done OK retv 0 fd 46
CLI_OUTPUT: /Target1/sfn/action ddal_sfn_get_file_descriptor
CLI_OUTPUT: ret /Target1/sfn/action ddal_sfn_get_file_descriptor ==&gt; done OK retv 0 fd 47
CLI_OUTPUT: /Target1/sfn/action ddal_sfn_get_file_descriptor
CLI_OUTPUT: ret /Target1/sfn/action ddal_sfn_get_file_descriptor ==&gt; done OK retv 0 fd 48
CLI_OUTPUT: /Target1/sfn/action ddal_sfn_get_file_descriptor
CLI_OUTPUT: ret /Target1/sfn/action ddal_sfn_get_file_descriptor ==&gt; done OK retv 0 fd 49
CLI_OUTPUT: /Target1/sfn/action ddal_sfn_get_file_descriptor
CLI_OUTPUT: ret /Target1/sfn/action ddal_sfn_get_file_descriptor ==&gt; done OK retv 0 fd 50
CLI_OUTPUT: /Target1/sfn/action ddal_sfn_get_file_descriptor
CLI_OUTPUT: ret /Target1/sfn/action ddal_sfn_get_file_descriptor ==&gt; done OK retv 0 fd 51
CLI_OUTPUT: /Target1/sfn/action ddal_sfn_get_file_descriptor
CLI_OUTPUT: ret /Target1/sfn/action ddal_sfn_get_file_descriptor ==&gt; done OK retv 0 fd 52
CLI_OUTPUT: /Target1/sfn/action ddal_sfn_get_file_descriptor
CLI_OUTPUT: ret /Target1/sfn/action ddal_sfn_get_file_descriptor ==&gt; done OK retv 0 fd 53
CLI_OUTPUT: /Target1/sfn/action ddal_sfn_get_file_descriptor
CLI_OUTPUT: ret /Target1/sfn/action ddal_sfn_get_file_descriptor ==&gt; done OK retv 0 fd 54
CLI_OUTPUT: /Target1/sfn/action ddal_sfn_get_file_descriptor
CLI_OUTPUT: ret /Target1/sfn/action ddal_sfn_get_file_descriptor ==&gt; done OK retv 0 fd 55
SCR_OUTPUT: cumulated_open_close_loops OPEN 50
CLI_OUTPUT: /Target1/sfn/action ddal_sfn_get_file_descriptor
CLI_OUTPUT: ret /Target1/sfn/action ddal_sfn_get_file_descriptor ==&gt; done OK retv 0 fd 56
CLI_OUTPUT: /Target1/sfn/action ddal_sfn_get_file_descriptor
CLI_OUTPUT: ret /Target1/sfn/action ddal_sfn_get_file_descriptor ==&gt; done OK retv 0 fd 57
CLI_OUTPUT: /Target1/sfn/action ddal_sfn_get_file_descriptor
CLI_OUTPUT: ret /Target1/sfn/action ddal_sfn_get_file_descriptor ==&gt; done OK retv 0 fd 58
CLI_OUTPUT: /Target1/sfn/action ddal_sfn_get_file_descriptor
CLI_OUTPUT: ret /Target1/sfn/action ddal_sfn_get_file_descriptor ==&gt; done OK retv 0 fd 59
CLI_OUTPUT: /Target1/sfn/action ddal_sfn_get_file_descriptor
CLI_OUTPUT: ret /Target1/sfn/action ddal_sfn_get_file_descriptor ==&gt; done OK retv 0 fd 60
CLI_OUTPUT: /Target1/sfn/action ddal_sfn_get_file_descriptor
CLI_OUTPUT: ret /Target1/sfn/action ddal_sfn_get_file_descriptor ==&gt; done OK retv 0 fd 61
CLI_OUTPUT: /Target1/sfn/action ddal_sfn_get_file_descriptor
CLI_OUTPUT: ret /Target1/sfn/action ddal_sfn_get_file_descriptor ==&gt; done OK retv 0 fd 62
CLI_OUTPUT: /Target1/sfn/action ddal_sfn_get_file_descriptor
CLI_OUTPUT: ret /Target1/sfn/action ddal_sfn_get_file_descriptor ==&gt; done OK retv 0 fd 63
CLI_OUTPUT: /Target1/sfn/action ddal_sfn_get_file_descriptor
CLI_OUTPUT: ret /Target1/sfn/action ddal_sfn_get_file_descriptor ==&gt; done OK retv 0 fd 64
CLI_OUTPUT: /Target1/sfn/action ddal_sfn_get_file_descriptor
CLI_OUTPUT: ret /Target1/sfn/action ddal_sfn_get_file_descriptor ==&gt; done OK retv 0 fd 65
CLI_OUTPUT: /Target1/sfn/action ddal_sfn_get_file_descriptor
CLI_OUTPUT: ret /Target1/sfn/action ddal_sfn_get_file_descriptor ==&gt; done OK retv 0 fd 66
CLI_OUTPUT: /Target1/sfn/action ddal_sfn_get_file_descriptor
CLI_OUTPUT: ret /Target1/sfn/action ddal_sfn_get_file_descriptor ==&gt; done OK retv 0 fd 67
CLI_OUTPUT: /Target1/sfn/action ddal_sfn_get_file_descriptor
CLI_OUTPUT: ret /Target1/sfn/action ddal_sfn_get_file_descriptor ==&gt; done OK retv 0 fd 68
CLI_OUTPUT: /Target1/sfn/action ddal_sfn_get_file_descriptor
CLI_OUTPUT: ret /Target1/sfn/action ddal_sfn_get_file_descriptor ==&gt; done OK retv 0 fd 69
CLI_OUTPUT: /Target1/sfn/action ddal_sfn_get_file_descriptor
CLI_OUTPUT: ret /Target1/sfn/action ddal_sfn_get_file_descriptor ==&gt; done OK retv 0 fd 70
CLI_OUTPUT: /Target1/sfn/action ddal_sfn_get_file_descriptor
CLI_OUTPUT: ret /Target1/sfn/action ddal_sfn_get_file_descriptor ==&gt; done OK retv 0 fd 71
CLI_OUTPUT: /Target1/sfn/action ddal_sfn_get_file_descriptor
CLI_OUTPUT: ret /Target1/sfn/action ddal_sfn_get_file_descriptor ==&gt; done OK retv 0 fd 72
CLI_OUTPUT: /Target1/sfn/action ddal_sfn_get_file_descriptor
CLI_OUTPUT: ret /Target1/sfn/action ddal_sfn_get_file_descriptor ==&gt; done OK retv 0 fd 73
CLI_OUTPUT: /Target1/sfn/action ddal_sfn_get_file_descriptor
CLI_OUTPUT: ret /Target1/sfn/action ddal_sfn_get_file_descriptor ==&gt; done OK retv 0 fd 74
CLI_OUTPUT: /Target1/sfn/action ddal_sfn_get_file_descriptor
CLI_OUTPUT: ret /Target1/sfn/action ddal_sfn_get_file_descriptor ==&gt; done OK retv 0 fd 75
CLI_OUTPUT: /Target1/sfn/action ddal_sfn_get_file_descriptor
CLI_OUTPUT: ret /Target1/sfn/action ddal_sfn_get_file_descriptor ==&gt; done OK retv 0 fd 76
CLI_OUTPUT: /Target1/sfn/action ddal_sfn_get_file_descriptor
CLI_OUTPUT: ret /Target1/sfn/action ddal_sfn_get_file_descriptor ==&gt; done OK retv 0 fd 77
CLI_OUTPUT: /Target1/sfn/action ddal_sfn_get_file_descriptor
CLI_OUTPUT: ret /Target1/sfn/action ddal_sfn_get_file_descriptor ==&gt; done OK retv 0 fd 78
CLI_OUTPUT: /Target1/sfn/action ddal_sfn_get_file_descriptor
CLI_OUTPUT: ret /Target1/sfn/action ddal_sfn_get_file_descriptor ==&gt; done OK retv 0 fd 79
CLI_OUTPUT: /Target1/sfn/action ddal_sfn_get_file_descriptor
CLI_OUTPUT: ret /Target1/sfn/action ddal_sfn_get_file_descriptor ==&gt; done OK retv 0 fd 80
CLI_OUTPUT: /Target1/sfn/action ddal_sfn_get_file_descriptor
CLI_OUTPUT: ret /Target1/sfn/action ddal_sfn_get_file_descriptor ==&gt; done OK retv 0 fd 81
CLI_OUTPUT: /Target1/sfn/action ddal_sfn_get_file_descriptor
CLI_OUTPUT: ret /Target1/sfn/action ddal_sfn_get_file_descriptor ==&gt; done OK retv 0 fd 82
CLI_OUTPUT: /Target1/sfn/action ddal_sfn_get_file_descriptor
CLI_OUTPUT: ret /Target1/sfn/action ddal_sfn_get_file_descriptor ==&gt; done OK retv 0 fd 83
CLI_OUTPUT: /Target1/sfn/action ddal_sfn_get_file_descriptor
CLI_OUTPUT: ret /Target1/sfn/action ddal_sfn_get_file_descriptor ==&gt; done OK retv 0 fd 84
CLI_OUTPUT: /Target1/sfn/action ddal_sfn_get_file_descriptor
CLI_OUTPUT: ret /Target1/sfn/action ddal_sfn_get_file_descriptor ==&gt; done OK retv 0 fd 85
CLI_OUTPUT: /Target1/sfn/action ddal_sfn_get_file_descriptor
CLI_OUTPUT: ret /Target1/sfn/action ddal_sfn_get_file_descriptor ==&gt; done OK retv 0 fd 86
CLI_OUTPUT: /Target1/sfn/action ddal_sfn_get_file_descriptor
CLI_OUTPUT: ret /Target1/sfn/action ddal_sfn_get_file_descriptor ==&gt; done OK retv 0 fd 87
CLI_OUTPUT: /Target1/sfn/action ddal_sfn_get_file_descriptor
CLI_OUTPUT: ret /Target1/sfn/action ddal_sfn_get_file_descriptor ==&gt; done OK retv 0 fd 88
CLI_OUTPUT: /Target1/sfn/action ddal_sfn_get_file_descriptor
CLI_OUTPUT: ret /Target1/sfn/action ddal_sfn_get_file_descriptor ==&gt; done OK retv 0 fd 89
CLI_OUTPUT: /Target1/sfn/action ddal_sfn_get_file_descriptor
CLI_OUTPUT: ret /Target1/sfn/action ddal_sfn_get_file_descriptor ==&gt; done OK retv 0 fd 90
CLI_OUTPUT: /Target1/sfn/action ddal_sfn_get_file_descriptor
CLI_OUTPUT: ret /Target1/sfn/action ddal_sfn_get_file_descriptor ==&gt; done OK retv 0 fd 91
CLI_OUTPUT: /Target1/sfn/action ddal_sfn_get_file_descriptor
CLI_OUTPUT: ret /Target1/sfn/action ddal_sfn_get_file_descriptor ==&gt; done OK retv 0 fd 92
CLI_OUTPUT: /Target1/sfn/action ddal_sfn_get_file_descriptor
CLI_OUTPUT: ret /Target1/sfn/action ddal_sfn_get_file_descriptor ==&gt; done OK retv 0 fd 93
CLI_OUTPUT: /Target1/sfn/action ddal_sfn_get_file_descriptor
CLI_OUTPUT: ret /Target1/sfn/action ddal_sfn_get_file_descriptor ==&gt; done OK retv 0 fd 94
CLI_OUTPUT: /Target1/sfn/action ddal_sfn_get_file_descriptor
CLI_OUTPUT: ret /Target1/sfn/action ddal_sfn_get_file_descriptor ==&gt; done OK retv 0 fd 95
CLI_OUTPUT: /Target1/sfn/action ddal_sfn_get_file_descriptor
CLI_OUTPUT: ret /Target1/sfn/action ddal_sfn_get_file_descriptor ==&gt; done OK retv 0 fd 96
CLI_OUTPUT: /Target1/sfn/action ddal_sfn_get_file_descriptor
CLI_OUTPUT: ret /Target1/sfn/action ddal_sfn_get_file_descriptor ==&gt; done OK retv 0 fd 97
CLI_OUTPUT: /Target1/sfn/action ddal_sfn_get_file_descriptor
CLI_OUTPUT: ret /Target1/sfn/action ddal_sfn_get_file_descriptor ==&gt; done OK retv 0 fd 98
CLI_OUTPUT: /Target1/sfn/action ddal_sfn_get_file_descriptor
CLI_OUTPUT: ret /Target1/sfn/action ddal_sfn_get_file_descriptor ==&gt; done OK retv 0 fd 99
CLI_OUTPUT: /Target1/sfn/action ddal_sfn_get_file_descriptor
CLI_OUTPUT: ret /Target1/sfn/action ddal_sfn_get_file_descriptor ==&gt; done OK retv 0 fd 100
CLI_OUTPUT: /Target1/sfn/action ddal_sfn_get_file_descriptor
CLI_OUTPUT: ret /Target1/sfn/action ddal_sfn_get_file_descriptor ==&gt; done OK retv 0 fd 101
CLI_OUTPUT: /Target1/sfn/action ddal_sfn_get_file_descriptor
CLI_OUTPUT: ret /Target1/sfn/action ddal_sfn_get_file_descriptor ==&gt; done OK retv 0 fd 102
CLI_OUTPUT: /Target1/sfn/action ddal_sfn_get_file_descriptor
CLI_OUTPUT: ret /Target1/sfn/action ddal_sfn_get_file_descriptor ==&gt; done OK retv 0 fd 103
CLI_OUTPUT: /Target1/sfn/action ddal_sfn_get_file_descriptor
CLI_OUTPUT: ret /Target1/sfn/action ddal_sfn_get_file_descriptor ==&gt; done OK retv 0 fd 104
CLI_OUTPUT: /Target1/sfn/action ddal_sfn_get_file_descriptor
CLI_OUTPUT: ret /Target1/sfn/action ddal_sfn_get_file_descriptor ==&gt; done OK retv 0 fd 105
SCR_OUTPUT: cumulated_open_close_loops OPEN 100
CLI_OUTPUT: /Target1/sfn/action ddal_sfn_get_file_descriptor
CLI_OUTPUT: ret /Target1/sfn/action ddal_sfn_get_file_descriptor ==&gt; done OK retv 0 fd 106
CLI_OUTPUT: /Target1/sfn/action ddal_sfn_get_file_descriptor
CLI_OUTPUT: ret /Target1/sfn/action ddal_sfn_get_file_descriptor ==&gt; done OK retv 0 fd 107
CLI_OUTPUT: /Target1/sfn/action ddal_sfn_get_file_descriptor
CLI_OUTPUT: ret /Target1/sfn/action ddal_sfn_get_file_descriptor ==&gt; done OK retv 0 fd 108
CLI_OUTPUT: /Target1/sfn/action ddal_sfn_get_file_descriptor
CLI_OUTPUT: ret /Target1/sfn/action ddal_sfn_get_file_descriptor ==&gt; done OK retv 0 fd 109
CLI_OUTPUT: /Target1/sfn/action ddal_sfn_get_file_descriptor
CLI_OUTPUT: ret /Target1/sfn/action ddal_sfn_get_file_descriptor ==&gt; done OK retv 0 fd 110
CLI_OUTPUT: /Target1/sfn/action ddal_sfn_get_file_descriptor
CLI_OUTPUT: ret /Target1/sfn/action ddal_sfn_get_file_descriptor ==&gt; done OK retv 0 fd 111
CLI_OUTPUT: /Target1/sfn/action ddal_sfn_get_file_descriptor
CLI_OUTPUT: ret /Target1/sfn/action ddal_sfn_get_file_descriptor ==&gt; done OK retv 0 fd 112
CLI_OUTPUT: /Target1/sfn/action ddal_sfn_get_file_descriptor
CLI_OUTPUT: ret /Target1/sfn/action ddal_sfn_get_file_descriptor ==&gt; done OK retv 0 fd 113
CLI_OUTPUT: /Target1/sfn/action ddal_sfn_get_file_descriptor
CLI_OUTPUT: ret /Target1/sfn/action ddal_sfn_get_file_descriptor ==&gt; done OK retv 0 fd 114
CLI_OUTPUT: /Target1/sfn/action ddal_sfn_get_file_descriptor
CLI_OUTPUT: ret /Target1/sfn/action ddal_sfn_get_file_descriptor ==&gt; done OK retv 0 fd 115
CLI_OUTPUT: /Target1/sfn/action ddal_sfn_get_file_descriptor
CLI_OUTPUT: ret /Target1/sfn/action ddal_sfn_get_file_descriptor ==&gt; done OK retv 0 fd 116
CLI_OUTPUT: /Target1/sfn/action ddal_sfn_get_file_descriptor
CLI_OUTPUT: ret /Target1/sfn/action ddal_sfn_get_file_descriptor ==&gt; done OK retv 0 fd 117
CLI_OUTPUT: /Target1/sfn/action ddal_sfn_get_file_descriptor
CLI_OUTPUT: ret /Target1/sfn/action ddal_sfn_get_file_descriptor ==&gt; done OK retv 0 fd 118
CLI_OUTPUT: /Target1/sfn/action ddal_sfn_get_file_descriptor
CLI_OUTPUT: ret /Target1/sfn/action ddal_sfn_get_file_descriptor ==&gt; done OK retv 0 fd 119
CLI_OUTPUT: /Target1/sfn/action ddal_sfn_get_file_descriptor
CLI_OUTPUT: ret /Target1/sfn/action ddal_sfn_get_file_descriptor ==&gt; done OK retv 0 fd 120
CLI_OUTPUT: /Target1/sfn/action ddal_sfn_get_file_descriptor
CLI_OUTPUT: ret /Target1/sfn/action ddal_sfn_get_file_descriptor ==&gt; done OK retv 0 fd 121
CLI_OUTPUT: /Target1/sfn/action ddal_sfn_get_file_descriptor
CLI_OUTPUT: ret /Target1/sfn/action ddal_sfn_get_file_descriptor ==&gt; done OK retv 0 fd 122
CLI_OUTPUT: /Target1/sfn/action ddal_sfn_get_file_descriptor
CLI_OUTPUT: ret /Target1/sfn/action ddal_sfn_get_file_descriptor ==&gt; done OK retv 0 fd 123
CLI_OUTPUT: /Target1/sfn/action ddal_sfn_get_file_descriptor
CLI_OUTPUT: ret /Target1/sfn/action ddal_sfn_get_file_descriptor ==&gt; done OK retv 0 fd 124
CLI_OUTPUT: /Target1/sfn/action ddal_sfn_get_file_descriptor
CLI_OUTPUT: ret /Target1/sfn/action ddal_sfn_get_file_descriptor ==&gt; done OK retv 0 fd 125
CLI_OUTPUT: /Target1/sfn/action ddal_sfn_get_file_descriptor
CLI_OUTPUT: ret /Target1/sfn/action ddal_sfn_get_file_descriptor ==&gt; done OK retv 0 fd 126
CLI_OUTPUT: /Target1/sfn/action ddal_sfn_get_file_descriptor
CLI_OUTPUT: ret /Target1/sfn/action ddal_sfn_get_file_descriptor ==&gt; done OK retv 0 fd 127
CLI_OUTPUT: /Target1/sfn/action ddal_sfn_get_file_descriptor
CLI_OUTPUT: ret /Target1/sfn/action ddal_sfn_get_file_descriptor ==&gt; done OK retv 0 fd 128
CLI_OUTPUT: /Target1/sfn/action ddal_sfn_get_file_descriptor
CLI_OUTPUT: ret /Target1/sfn/action ddal_sfn_get_file_descriptor ==&gt; done OK retv 0 fd 129
CLI_OUTPUT: /Target1/sfn/action ddal_sfn_get_file_descriptor
CLI_OUTPUT: ret /Target1/sfn/action ddal_sfn_get_file_descriptor ==&gt; done OK retv 0 fd 130
CLI_OUTPUT: /Target1/sfn/action ddal_sfn_get_file_descriptor
CLI_OUTPUT: ret /Target1/sfn/action ddal_sfn_get_file_descriptor ==&gt; done OK retv 0 fd 131
CLI_OUTPUT: /Target1/sfn/action ddal_sfn_get_file_descriptor
CLI_OUTPUT: ret /Target1/sfn/action ddal_sfn_get_file_descriptor ==&gt; done OK retv 0 fd 132
CLI_OUTPUT: /Target1/sfn/action ddal_sfn_get_file_descriptor
CLI_OUTPUT: ret /Target1/sfn/action ddal_sfn_get_file_descriptor ==&gt; done OK retv 0 fd 133
CLI_OUTPUT: /Target1/sfn/action ddal_sfn_get_file_descriptor
CLI_OUTPUT: ret /Target1/sfn/action ddal_sfn_get_file_descriptor ==&gt; done OK retv 0 fd 134
CLI_OUTPUT: /Target1/sfn/action ddal_sfn_get_file_descriptor
CLI_OUTPUT: ret /Target1/sfn/action ddal_sfn_get_file_descriptor ==&gt; done OK retv 0 fd 135
CLI_OUTPUT: /Target1/sfn/action ddal_sfn_get_file_descriptor
CLI_OUTPUT: ret /Target1/sfn/action ddal_sfn_get_file_descriptor ==&gt; done OK retv 0 fd 136
CLI_OUTPUT: /Target1/sfn/action ddal_sfn_get_file_descriptor
CLI_OUTPUT: ret /Target1/sfn/action ddal_sfn_get_file_descriptor ==&gt; done OK retv 0 fd 137
CLI_OUTPUT: /Target1/sfn/action ddal_sfn_get_file_descriptor
CLI_OUTPUT: ret /Target1/sfn/action ddal_sfn_get_file_descriptor ==&gt; done OK retv 0 fd 138
CLI_OUTPUT: /Target1/sfn/action ddal_sfn_get_file_descriptor
CLI_OUTPUT: ret /Target1/sfn/action ddal_sfn_get_file_descriptor ==&gt; done OK retv 0 fd 139
CLI_OUTPUT: /Target1/sfn/action ddal_sfn_get_file_descriptor
CLI_OUTPUT: ret /Target1/sfn/action ddal_sfn_get_file_descriptor ==&gt; done OK retv 0 fd 140
CLI_OUTPUT: /Target1/sfn/action ddal_sfn_get_file_descriptor
CLI_OUTPUT: ret /Target1/sfn/action ddal_sfn_get_file_descriptor ==&gt; done OK retv 0 fd 141
CLI_OUTPUT: /Target1/sfn/action ddal_sfn_get_file_descriptor
CLI_OUTPUT: ret /Target1/sfn/action ddal_sfn_get_file_descriptor ==&gt; done OK retv 0 fd 142
CLI_OUTPUT: /Target1/sfn/action ddal_sfn_get_file_descriptor
CLI_OUTPUT: ret /Target1/sfn/action ddal_sfn_get_file_descriptor ==&gt; done OK retv 0 fd 143
CLI_OUTPUT: /Target1/sfn/action ddal_sfn_get_file_descriptor
CLI_OUTPUT: ret /Target1/sfn/action ddal_sfn_get_file_descriptor ==&gt; done OK retv 0 fd 144
CLI_OUTPUT: /Target1/sfn/action ddal_sfn_get_file_descriptor
CLI_OUTPUT: ret /Target1/sfn/action ddal_sfn_get_file_descriptor ==&gt; done OK retv 0 fd 145
CLI_OUTPUT: /Target1/sfn/action ddal_sfn_get_file_descriptor
CLI_OUTPUT: ret /Target1/sfn/action ddal_sfn_get_file_descriptor ==&gt; done OK retv 0 fd 146
CLI_OUTPUT: /Target1/sfn/action ddal_sfn_get_file_descriptor
CLI_OUTPUT: ret /Target1/sfn/action ddal_sfn_get_file_descriptor ==&gt; done OK retv 0 fd 147
CLI_OUTPUT: /Target1/sfn/action ddal_sfn_get_file_descriptor
CLI_OUTPUT: ret /Target1/sfn/action ddal_sfn_get_file_descriptor ==&gt; done OK retv 0 fd 148
CLI_OUTPUT: /Target1/sfn/action ddal_sfn_get_file_descriptor
CLI_OUTPUT: ret /Target1/sfn/action ddal_sfn_get_file_descriptor ==&gt; done OK retv 0 fd 149
CLI_OUTPUT: /Target1/sfn/action ddal_sfn_get_file_descriptor
CLI_OUTPUT: ret /Target1/sfn/action ddal_sfn_get_file_descriptor ==&gt; done OK retv 0 fd 150
CLI_OUTPUT: /Target1/sfn/action ddal_sfn_get_file_descriptor
CLI_OUTPUT: ret /Target1/sfn/action ddal_sfn_get_file_descriptor ==&gt; done OK retv 0 fd 151
CLI_OUTPUT: /Target1/sfn/action ddal_sfn_get_file_descriptor
CLI_OUTPUT: ret /Target1/sfn/action ddal_sfn_get_file_descriptor ==&gt; done OK retv 0 fd 152
CLI_OUTPUT: /Target1/sfn/action ddal_sfn_get_file_descriptor
CLI_OUTPUT: ret /Target1/sfn/action ddal_sfn_get_file_descriptor ==&gt; done OK retv 0 fd 153
CLI_OUTPUT: /Target1/sfn/action ddal_sfn_get_file_descriptor
CLI_OUTPUT: ret /Target1/sfn/action ddal_sfn_get_file_descriptor ==&gt; done OK retv 0 fd 154
CLI_OUTPUT: /Target1/sfn/action ddal_sfn_get_file_descriptor
CLI_OUTPUT: ret /Target1/sfn/action ddal_sfn_get_file_descriptor ==&gt; done OK retv 0 fd 155
SCR_OUTPUT: cumulated_open_close_loops OPEN 150
CLI_OUTPUT: /Target1/sfn/action ddal_sfn_get_file_descriptor
CLI_OUTPUT: ret /Target1/sfn/action ddal_sfn_get_file_descriptor ==&gt; done OK retv 0 fd 156
CLI_OUTPUT: /Target1/sfn/action ddal_sfn_get_file_descriptor
CLI_OUTPUT: ret /Target1/sfn/action ddal_sfn_get_file_descriptor ==&gt; done OK retv 0 fd 157
CLI_OUTPUT: /Target1/sfn/action ddal_sfn_get_file_descriptor
CLI_OUTPUT: ret /Target1/sfn/action ddal_sfn_get_file_descriptor ==&gt; done OK retv 0 fd 158
CLI_OUTPUT: /Target1/sfn/action ddal_sfn_get_file_descriptor
CLI_OUTPUT: ret /Target1/sfn/action ddal_sfn_get_file_descriptor ==&gt; done OK retv 0 fd 159
CLI_OUTPUT: /Target1/sfn/action ddal_sfn_get_file_descriptor
CLI_OUTPUT: ret /Target1/sfn/action ddal_sfn_get_file_descriptor ==&gt; done OK retv 0 fd 160
CLI_OUTPUT: /Target1/sfn/action ddal_sfn_get_file_descriptor
CLI_OUTPUT: ret /Target1/sfn/action ddal_sfn_get_file_descriptor ==&gt; done OK retv 0 fd 161
CLI_OUTPUT: /Target1/sfn/action ddal_sfn_get_file_descriptor
CLI_OUTPUT: ret /Target1/sfn/action ddal_sfn_get_file_descriptor ==&gt; done OK retv 0 fd 162
CLI_OUTPUT: /Target1/sfn/action ddal_sfn_get_file_descriptor
CLI_OUTPUT: ret /Target1/sfn/action ddal_sfn_get_file_descriptor ==&gt; done OK retv 0 fd 163
CLI_OUTPUT: /Target1/sfn/action ddal_sfn_get_file_descriptor
CLI_OUTPUT: ret /Target1/sfn/action ddal_sfn_get_file_descriptor ==&gt; done OK retv 0 fd 164
CLI_OUTPUT: /Target1/sfn/action ddal_sfn_get_file_descriptor
CLI_OUTPUT: ret /Target1/sfn/action ddal_sfn_get_file_descriptor ==&gt; done OK retv 0 fd 165
CLI_OUTPUT: /Target1/sfn/action ddal_sfn_get_file_descriptor
CLI_OUTPUT: ret /Target1/sfn/action ddal_sfn_get_file_descriptor ==&gt; done OK retv 0 fd 166
CLI_OUTPUT: /Target1/sfn/action ddal_sfn_get_file_descriptor
CLI_OUTPUT: ret /Target1/sfn/action ddal_sfn_get_file_descriptor ==&gt; done OK retv 0 fd 167
CLI_OUTPUT: /Target1/sfn/action ddal_sfn_get_file_descriptor
CLI_OUTPUT: ret /Target1/sfn/action ddal_sfn_get_file_descriptor ==&gt; done OK retv 0 fd 168
CLI_OUTPUT: /Target1/sfn/action ddal_sfn_get_file_descriptor
CLI_OUTPUT: ret /Target1/sfn/action ddal_sfn_get_file_descriptor ==&gt; done OK retv 0 fd 169
CLI_OUTPUT: /Target1/sfn/action ddal_sfn_get_file_descriptor
CLI_OUTPUT: ret /Target1/sfn/action ddal_sfn_get_file_descriptor ==&gt; done OK retv 0 fd 170
CLI_OUTPUT: /Target1/sfn/action ddal_sfn_get_file_descriptor
CLI_OUTPUT: ret /Target1/sfn/action ddal_sfn_get_file_descriptor ==&gt; done OK retv 0 fd 171
CLI_OUTPUT: /Target1/sfn/action ddal_sfn_get_file_descriptor
CLI_OUTPUT: ret /Target1/sfn/action ddal_sfn_get_file_descriptor ==&gt; done OK retv 0 fd 172
CLI_OUTPUT: /Target1/sfn/action ddal_sfn_get_file_descriptor
CLI_OUTPUT: ret /Target1/sfn/action ddal_sfn_get_file_descriptor ==&gt; done OK retv 0 fd 173
CLI_OUTPUT: /Target1/sfn/action ddal_sfn_get_file_descriptor
CLI_OUTPUT: ret /Target1/sfn/action ddal_sfn_get_file_descriptor ==&gt; done OK retv 0 fd 174
CLI_OUTPUT: /Target1/sfn/action ddal_sfn_get_file_descriptor
CLI_OUTPUT: ret /Target1/sfn/action ddal_sfn_get_file_descriptor ==&gt; done OK retv 0 fd 175
CLI_OUTPUT: /Target1/sfn/action ddal_sfn_get_file_descriptor
CLI_OUTPUT: ret /Target1/sfn/action ddal_sfn_get_file_descriptor ==&gt; done OK retv 0 fd 176
CLI_OUTPUT: /Target1/sfn/action ddal_sfn_get_file_descriptor
CLI_OUTPUT: ret /Target1/sfn/action ddal_sfn_get_file_descriptor ==&gt; done OK retv 0 fd 177
CLI_OUTPUT: /Target1/sfn/action ddal_sfn_get_file_descriptor
CLI_OUTPUT: ret /Target1/sfn/action ddal_sfn_get_file_descriptor ==&gt; done OK retv 0 fd 178
CLI_OUTPUT: /Target1/sfn/action ddal_sfn_get_file_descriptor
CLI_OUTPUT: ret /Target1/sfn/action ddal_sfn_get_file_descriptor ==&gt; done OK retv 0 fd 179
CLI_OUTPUT: /Target1/sfn/action ddal_sfn_get_file_descriptor
CLI_OUTPUT: ret /Target1/sfn/action ddal_sfn_get_file_descriptor ==&gt; done OK retv 0 fd 180
CLI_OUTPUT: /Target1/sfn/action ddal_sfn_get_file_descriptor
CLI_OUTPUT: ret /Target1/sfn/action ddal_sfn_get_file_descriptor ==&gt; done OK retv 0 fd 181
CLI_OUTPUT: /Target1/sfn/action ddal_sfn_get_file_descriptor
CLI_OUTPUT: ret /Target1/sfn/action ddal_sfn_get_file_descriptor ==&gt; done OK retv 0 fd 182
CLI_OUTPUT: /Target1/sfn/action ddal_sfn_get_file_descriptor
CLI_OUTPUT: ret /Target1/sfn/action ddal_sfn_get_file_descriptor ==&gt; done OK retv 0 fd 183
CLI_OUTPUT: /Target1/sfn/action ddal_sfn_get_file_descriptor
CLI_OUTPUT: ret /Target1/sfn/action ddal_sfn_get_file_descriptor ==&gt; done OK retv 0 fd 184
CLI_OUTPUT: /Target1/sfn/action ddal_sfn_get_file_descriptor
CLI_OUTPUT: ret /Target1/sfn/action ddal_sfn_get_file_descriptor ==&gt; done OK retv 0 fd 185
CLI_OUTPUT: /Target1/sfn/action ddal_sfn_get_file_descriptor
CLI_OUTPUT: ret /Target1/sfn/action ddal_sfn_get_file_descriptor ==&gt; done OK retv 0 fd 186
CLI_OUTPUT: /Target1/sfn/action ddal_sfn_get_file_descriptor
CLI_OUTPUT: ret /Target1/sfn/action ddal_sfn_get_file_descriptor ==&gt; done OK retv 0 fd 187
CLI_OUTPUT: /Target1/sfn/action ddal_sfn_get_file_descriptor
CLI_OUTPUT: ret /Target1/sfn/action ddal_sfn_get_file_descriptor ==&gt; done OK retv 0 fd 188
CLI_OUTPUT: /Target1/sfn/action ddal_sfn_get_file_descriptor
CLI_OUTPUT: ret /Target1/sfn/action ddal_sfn_get_file_descriptor ==&gt; done OK retv 0 fd 189
CLI_OUTPUT: /Target1/sfn/action ddal_sfn_get_file_descriptor
CLI_OUTPUT: ret /Target1/sfn/action ddal_sfn_get_file_descriptor ==&gt; done OK retv 0 fd 190
CLI_OUTPUT: /Target1/sfn/action ddal_sfn_get_file_descriptor
CLI_OUTPUT: ret /Target1/sfn/action ddal_sfn_get_file_descriptor ==&gt; done OK retv 0 fd 191
CLI_OUTPUT: /Target1/sfn/action ddal_sfn_get_file_descriptor
CLI_OUTPUT: ret /Target1/sfn/action ddal_sfn_get_file_descriptor ==&gt; done OK retv 0 fd 192
CLI_OUTPUT: /Target1/sfn/action ddal_sfn_get_file_descriptor
CLI_OUTPUT: ret /Target1/sfn/action ddal_sfn_get_file_descriptor ==&gt; done OK retv 0 fd 193
CLI_OUTPUT: /Target1/sfn/action ddal_sfn_get_file_descriptor
CLI_OUTPUT: ret /Target1/sfn/action ddal_sfn_get_file_descriptor ==&gt; done OK retv 0 fd 194
CLI_OUTPUT: /Target1/sfn/action ddal_sfn_get_file_descriptor
CLI_OUTPUT: ret /Target1/sfn/action ddal_sfn_get_file_descriptor ==&gt; done OK retv 0 fd 195
CLI_OUTPUT: /Target1/sfn/action ddal_sfn_get_file_descriptor
CLI_OUTPUT: ret /Target1/sfn/action ddal_sfn_get_file_descriptor ==&gt; done OK retv 0 fd 196
CLI_OUTPUT: /Target1/sfn/action ddal_sfn_get_file_descriptor
CLI_OUTPUT: ret /Target1/sfn/action ddal_sfn_get_file_descriptor ==&gt; done OK retv 0 fd 197
CLI_OUTPUT: /Target1/sfn/action ddal_sfn_get_file_descriptor
CLI_OUTPUT: ret /Target1/sfn/action ddal_sfn_get_file_descriptor ==&gt; done OK retv 0 fd 198
CLI_OUTPUT: /Target1/sfn/action ddal_sfn_get_file_descriptor
CLI_OUTPUT: ret /Target1/sfn/action ddal_sfn_get_file_descriptor ==&gt; done OK retv 0 fd 199
CLI_OUTPUT: /Target1/sfn/action ddal_sfn_get_file_descriptor
CLI_OUTPUT: ret /Target1/sfn/action ddal_sfn_get_file_descriptor ==&gt; done OK retv 0 fd 200
CLI_OUTPUT: /Target1/sfn/action ddal_sfn_get_file_descriptor
CLI_OUTPUT: ret /Target1/sfn/action ddal_sfn_get_file_descriptor ==&gt; done OK retv 0 fd 201
CLI_OUTPUT: /Target1/sfn/action ddal_sfn_get_file_descriptor
CLI_OUTPUT: ret /Target1/sfn/action ddal_sfn_get_file_descriptor ==&gt; done OK retv 0 fd 202
CLI_OUTPUT: /Target1/sfn/action ddal_sfn_get_file_descriptor
CLI_OUTPUT: ret /Target1/sfn/action ddal_sfn_get_file_descriptor ==&gt; done OK retv 0 fd 203
CLI_OUTPUT: /Target1/sfn/action ddal_sfn_get_file_descriptor
CLI_OUTPUT: ret /Target1/sfn/action ddal_sfn_get_file_descriptor ==&gt; done OK retv 0 fd 204
CLI_OUTPUT: /Target1/sfn/action ddal_sfn_get_file_descriptor
CLI_OUTPUT: ret /Target1/sfn/action ddal_sfn_get_file_descriptor ==&gt; done OK retv 0 fd 205
SCR_OUTPUT: cumulated_open_close_loops OPEN 200
CLI_OUTPUT: /Target1/sfn/action ddal_sfn_get_file_descriptor
CLI_OUTPUT: ret /Target1/sfn/action ddal_sfn_get_file_descriptor ==&gt; done OK retv 0 fd 206
SCR_OUTPUT: Do ddal_sfn_wakeup_fd calls!
CLI_OUTPUT: /Target1/sfn/action ddal_sfn_wakeup_fd 7 100 DDAL_SFN_PERIODIC
CLI_OUTPUT: ret /Target1/sfn/action ddal_sfn_wakeup_fd 7 100 DDAL_SFN_PERIODIC ==&gt; done OK retv 0
CLI_OUTPUT: /Target1/sfn/action ddal_sfn_wakeup_fd 7 100 DDAL_SFN_SPECIFIC
CLI_OUTPUT: ret /Target1/sfn/action ddal_sfn_wakeup_fd 7 100 DDAL_SFN_SPECIFIC ==&gt; done OK retv 0
CLI_OUTPUT: /Target1/sfn/action ddal_sfn_wakeup_fd 7 100 DDAL_SFN_PERIODIC
CLI_OUTPUT: ret /Target1/sfn/action ddal_sfn_wakeup_fd 7 100 DDAL_SFN_PERIODIC ==&gt; done OK retv 0
CLI_OUTPUT: /Target1/sfn/action ddal_sfn_wakeup_fd 8 100 DDAL_SFN_PERIODIC
CLI_OUTPUT: ret /Target1/sfn/action ddal_sfn_wakeup_fd 8 100 DDAL_SFN_PERIODIC ==&gt; done OK retv 0
CLI_OUTPUT: /Target1/sfn/action ddal_sfn_wakeup_fd 8 100 DDAL_SFN_SPECIFIC
CLI_OUTPUT: ret /Target1/sfn/action ddal_sfn_wakeup_fd 8 100 DDAL_SFN_SPECIFIC ==&gt; done OK retv 0
CLI_OUTPUT: /Target1/sfn/action ddal_sfn_wakeup_fd 8 100 DDAL_SFN_PERIODIC
CLI_OUTPUT: ret /Target1/sfn/action ddal_sfn_wakeup_fd 8 100 DDAL_SFN_PERIODIC ==&gt; done OK retv 0
CLI_OUTPUT: /Target1/sfn/action ddal_sfn_wakeup_fd 9 100 DDAL_SFN_PERIODIC
CLI_OUTPUT: ret /Target1/sfn/action ddal_sfn_wakeup_fd 9 100 DDAL_SFN_PERIODIC ==&gt; done OK retv 0
CLI_OUTPUT: /Target1/sfn/action ddal_sfn_wakeup_fd 9 100 DDAL_SFN_SPECIFIC
CLI_OUTPUT: ret /Target1/sfn/action ddal_sfn_wakeup_fd 9 100 DDAL_SFN_SPECIFIC ==&gt; done OK retv 0
CLI_OUTPUT: /Target1/sfn/action ddal_sfn_wakeup_fd 9 100 DDAL_SFN_PERIODIC
CLI_OUTPUT: ret /Target1/sfn/action ddal_sfn_wakeup_fd 9 100 DDAL_SFN_PERIODIC ==&gt; done OK retv 0
CLI_OUTPUT: /Target1/sfn/action ddal_sfn_wakeup_fd 10 100 DDAL_SFN_PERIODIC
CLI_OUTPUT: ret /Target1/sfn/action ddal_sfn_wakeup_fd 10 100 DDAL_SFN_PERIODIC ==&gt; done OK retv 0
CLI_OUTPUT: /Target1/sfn/action ddal_sfn_wakeup_fd 10 100 DDAL_SFN_SPECIFIC
CLI_OUTPUT: ret /Target1/sfn/action ddal_sfn_wakeup_fd 10 100 DDAL_SFN_SPECIFIC ==&gt; done OK retv 0
CLI_OUTPUT: /Target1/sfn/action ddal_sfn_wakeup_fd 10 100 DDAL_SFN_PERIODIC
CLI_OUTPUT: ret /Target1/sfn/action ddal_sfn_wakeup_fd 10 100 DDAL_SFN_PERIODIC ==&gt; done OK retv 0
CLI_OUTPUT: /Target1/sfn/action ddal_sfn_wakeup_fd 11 100 DDAL_SFN_PERIODIC
CLI_OUTPUT: ret /Target1/sfn/action ddal_sfn_wakeup_fd 11 100 DDAL_SFN_PERIODIC ==&gt; done OK retv 0
CLI_OUTPUT: /Target1/sfn/action ddal_sfn_wakeup_fd 11 100 DDAL_SFN_SPECIFIC
CLI_OUTPUT: ret /Target1/sfn/action ddal_sfn_wakeup_fd 11 100 DDAL_SFN_SPECIFIC ==&gt; done OK retv 0
CLI_OUTPUT: /Target1/sfn/action ddal_sfn_wakeup_fd 11 100 DDAL_SFN_PERIODIC
CLI_OUTPUT: ret /Target1/sfn/action ddal_sfn_wakeup_fd 11 100 DDAL_SFN_PERIODIC ==&gt; done OK retv 0
CLI_OUTPUT: /Target1/sfn/action ddal_sfn_wakeup_fd 12 100 DDAL_SFN_PERIODIC
CLI_OUTPUT: ret /Target1/sfn/action ddal_sfn_wakeup_fd 12 100 DDAL_SFN_PERIODIC ==&gt; done OK retv 0
CLI_OUTPUT: /Target1/sfn/action ddal_sfn_wakeup_fd 12 100 DDAL_SFN_SPECIFIC
CLI_OUTPUT: ret /Target1/sfn/action ddal_sfn_wakeup_fd 12 100 DDAL_SFN_SPECIFIC ==&gt; done OK retv 0
CLI_OUTPUT: /Target1/sfn/action ddal_sfn_wakeup_fd 12 100 DDAL_SFN_PERIODIC
CLI_OUTPUT: ret /Target1/sfn/action ddal_sfn_wakeup_fd 12 100 DDAL_SFN_PERIODIC ==&gt; done OK retv 0
CLI_OUTPUT: /Target1/sfn/action ddal_sfn_wakeup_fd 13 100 DDAL_SFN_PERIODIC
CLI_OUTPUT: ret /Target1/sfn/action ddal_sfn_wakeup_fd 13 100 DDAL_SFN_PERIODIC ==&gt; done OK retv 0
CLI_OUTPUT: /Target1/sfn/action ddal_sfn_wakeup_fd 13 100 DDAL_SFN_SPECIFIC
CLI_OUTPUT: ret /Target1/sfn/action ddal_sfn_wakeup_fd 13 100 DDAL_SFN_SPECIFIC ==&gt; done OK retv 0
CLI_OUTPUT: /Target1/sfn/action ddal_sfn_wakeup_fd 13 100 DDAL_SFN_PERIODIC
CLI_OUTPUT: ret /Target1/sfn/action ddal_sfn_wakeup_fd 13 100 DDAL_SFN_PERIODIC ==&gt; done OK retv 0
CLI_OUTPUT: /Target1/sfn/action ddal_sfn_wakeup_fd 14 100 DDAL_SFN_PERIODIC
CLI_OUTPUT: ret /Target1/sfn/action ddal_sfn_wakeup_fd 14 100 DDAL_SFN_PERIODIC ==&gt; done OK retv 0
CLI_OUTPUT: /Target1/sfn/action ddal_sfn_wakeup_fd 14 100 DDAL_SFN_SPECIFIC
CLI_OUTPUT: ret /Target1/sfn/action ddal_sfn_wakeup_fd 14 100 DDAL_SFN_SPECIFIC ==&gt; done OK retv 0
CLI_OUTPUT: /Target1/sfn/action ddal_sfn_wakeup_fd 14 100 DDAL_SFN_PERIODIC
CLI_OUTPUT: ret /Target1/sfn/action ddal_sfn_wakeup_fd 14 100 DDAL_SFN_PERIODIC ==&gt; done OK retv 0
CLI_OUTPUT: /Target1/sfn/action ddal_sfn_wakeup_fd 15 100 DDAL_SFN_PERIODIC
CLI_OUTPUT: ret /Target1/sfn/action ddal_sfn_wakeup_fd 15 100 DDAL_SFN_PERIODIC ==&gt; done OK retv 0
CLI_OUTPUT: /Target1/sfn/action ddal_sfn_wakeup_fd 15 100 DDAL_SFN_SPECIFIC
CLI_OUTPUT: ret /Target1/sfn/action ddal_sfn_wakeup_fd 15 100 DDAL_SFN_SPECIFIC ==&gt; done OK retv 0
CLI_OUTPUT: /Target1/sfn/action ddal_sfn_wakeup_fd 15 100 DDAL_SFN_PERIODIC
CLI_OUTPUT: ret /Target1/sfn/action ddal_sfn_wakeup_fd 15 100 DDAL_SFN_PERIODIC ==&gt; done OK retv 0
CLI_OUTPUT: /Target1/sfn/action ddal_sfn_wakeup_fd 16 100 DDAL_SFN_PERIODIC
CLI_OUTPUT: ret /Target1/sfn/action ddal_sfn_wakeup_fd 16 100 DDAL_SFN_PERIODIC ==&gt; done OK retv 0
CLI_OUTPUT: /Target1/sfn/action ddal_sfn_wakeup_fd 16 100 DDAL_SFN_SPECIFIC
CLI_OUTPUT: ret /Target1/sfn/action ddal_sfn_wakeup_fd 16 100 DDAL_SFN_SPECIFIC ==&gt; done OK retv 0
CLI_OUTPUT: /Target1/sfn/action ddal_sfn_wakeup_fd 16 100 DDAL_SFN_PERIODIC
CLI_OUTPUT: ret /Target1/sfn/action ddal_sfn_wakeup_fd 16 100 DDAL_SFN_PERIODIC ==&gt; done OK retv 0
CLI_OUTPUT: /Target1/sfn/action ddal_sfn_wakeup_fd 17 100 DDAL_SFN_PERIODIC
CLI_OUTPUT: ret /Target1/sfn/action ddal_sfn_wakeup_fd 17 100 DDAL_SFN_PERIODIC ==&gt; done OK retv 0
CLI_OUTPUT: /Target1/sfn/action ddal_sfn_wakeup_fd 17 100 DDAL_SFN_SPECIFIC
CLI_OUTPUT: ret /Target1/sfn/action ddal_sfn_wakeup_fd 17 100 DDAL_SFN_SPECIFIC ==&gt; done OK retv 0
CLI_OUTPUT: /Target1/sfn/action ddal_sfn_wakeup_fd 17 100 DDAL_SFN_PERIODIC
CLI_OUTPUT: ret /Target1/sfn/action ddal_sfn_wakeup_fd 17 100 DDAL_SFN_PERIODIC ==&gt; done OK retv 0
CLI_OUTPUT: /Target1/sfn/action ddal_sfn_wakeup_fd 18 100 DDAL_SFN_PERIODIC
CLI_OUTPUT: ret /Target1/sfn/action ddal_sfn_wakeup_fd 18 100 DDAL_SFN_PERIODIC ==&gt; done OK retv 0
CLI_OUTPUT: /Target1/sfn/action ddal_sfn_wakeup_fd 18 100 DDAL_SFN_SPECIFIC
CLI_OUTPUT: ret /Target1/sfn/action ddal_sfn_wakeup_fd 18 100 DDAL_SFN_SPECIFIC ==&gt; done OK retv 0
CLI_OUTPUT: /Target1/sfn/action ddal_sfn_wakeup_fd 18 100 DDAL_SFN_PERIODIC
CLI_OUTPUT: ret /Target1/sfn/action ddal_sfn_wakeup_fd 18 100 DDAL_SFN_PERIODIC ==&gt; done OK retv 0
CLI_OUTPUT: /Target1/sfn/action ddal_sfn_wakeup_fd 19 100 DDAL_SFN_PERIODIC
CLI_OUTPUT: ret /Target1/sfn/action ddal_sfn_wakeup_fd 19 100 DDAL_SFN_PERIODIC ==&gt; done OK retv 0
CLI_OUTPUT: /Target1/sfn/action ddal_sfn_wakeup_fd 19 100 DDAL_SFN_SPECIFIC
CLI_OUTPUT: ret /Target1/sfn/action ddal_sfn_wakeup_fd 19 100 DDAL_SFN_SPECIFIC ==&gt; done OK retv 0
CLI_OUTPUT: /Target1/sfn/action ddal_sfn_wakeup_fd 19 100 DDAL_SFN_PERIODIC
CLI_OUTPUT: ret /Target1/sfn/action ddal_sfn_wakeup_fd 19 100 DDAL_SFN_PERIODIC ==&gt; done OK retv 0
CLI_OUTPUT: /Target1/sfn/action ddal_sfn_wakeup_fd 20 100 DDAL_SFN_PERIODIC
CLI_OUTPUT: ret /Target1/sfn/action ddal_sfn_wakeup_fd 20 100 DDAL_SFN_PERIODIC ==&gt; done OK retv 0
CLI_OUTPUT: /Target1/sfn/action ddal_sfn_wakeup_fd 20 100 DDAL_SFN_SPECIFIC
CLI_OUTPUT: ret /Target1/sfn/action ddal_sfn_wakeup_fd 20 100 DDAL_SFN_SPECIFIC ==&gt; done OK retv 0
CLI_OUTPUT: /Target1/sfn/action ddal_sfn_wakeup_fd 20 100 DDAL_SFN_PERIODIC
CLI_OUTPUT: ret /Target1/sfn/action ddal_sfn_wakeup_fd 20 100 DDAL_SFN_PERIODIC ==&gt; done OK retv 0
CLI_OUTPUT: /Target1/sfn/action ddal_sfn_wakeup_fd 21 100 DDAL_SFN_PERIODIC
CLI_OUTPUT: ret /Target1/sfn/action ddal_sfn_wakeup_fd 21 100 DDAL_SFN_PERIODIC ==&gt; done OK retv 0
CLI_OUTPUT: /Target1/sfn/action ddal_sfn_wakeup_fd 21 100 DDAL_SFN_SPECIFIC
CLI_OUTPUT: ret /Target1/sfn/action ddal_sfn_wakeup_fd 21 100 DDAL_SFN_SPECIFIC ==&gt; done OK retv 0
CLI_OUTPUT: /Target1/sfn/action ddal_sfn_wakeup_fd 21 100 DDAL_SFN_PERIODIC
CLI_OUTPUT: ret /Target1/sfn/action ddal_sfn_wakeup_fd 21 100 DDAL_SFN_PERIODIC ==&gt; done OK retv 0
CLI_OUTPUT: /Target1/sfn/action ddal_sfn_wakeup_fd 22 100 DDAL_SFN_PERIODIC
CLI_OUTPUT: ret /Target1/sfn/action ddal_sfn_wakeup_fd 22 100 DDAL_SFN_PERIODIC ==&gt; done OK retv 0
CLI_OUTPUT: /Target1/sfn/action ddal_sfn_wakeup_fd 22 100 DDAL_SFN_SPECIFIC
CLI_OUTPUT: ret /Target1/sfn/action ddal_sfn_wakeup_fd 22 100 DDAL_SFN_SPECIFIC ==&gt; done OK retv 0
CLI_OUTPUT: /Target1/sfn/action ddal_sfn_wakeup_fd 22 100 DDAL_SFN_PERIODIC
CLI_OUTPUT: ret /Target1/sfn/action ddal_sfn_wakeup_fd 22 100 DDAL_SFN_PERIODIC ==&gt; done OK retv 0
CLI_OUTPUT: /Target1/sfn/action ddal_sfn_wakeup_fd 23 100 DDAL_SFN_PERIODIC
CLI_OUTPUT: ret /Target1/sfn/action ddal_sfn_wakeup_fd 23 100 DDAL_SFN_PERIODIC ==&gt; done OK retv 0
CLI_OUTPUT: /Target1/sfn/action ddal_sfn_wakeup_fd 23 100 DDAL_SFN_SPECIFIC
CLI_OUTPUT: ret /Target1/sfn/action ddal_sfn_wakeup_fd 23 100 DDAL_SFN_SPECIFIC ==&gt; done OK retv 0
CLI_OUTPUT: /Target1/sfn/action ddal_sfn_wakeup_fd 23 100 DDAL_SFN_PERIODIC
CLI_OUTPUT: ret /Target1/sfn/action ddal_sfn_wakeup_fd 23 100 DDAL_SFN_PERIODIC ==&gt; done OK retv 0
CLI_OUTPUT: /Target1/sfn/action ddal_sfn_wakeup_fd 24 100 DDAL_SFN_PERIODIC
CLI_OUTPUT: ret /Target1/sfn/action ddal_sfn_wakeup_fd 24 100 DDAL_SFN_PERIODIC ==&gt; done OK retv 0
CLI_OUTPUT: /Target1/sfn/action ddal_sfn_wakeup_fd 24 100 DDAL_SFN_SPECIFIC
CLI_OUTPUT: ret /Target1/sfn/action ddal_sfn_wakeup_fd 24 100 DDAL_SFN_SPECIFIC ==&gt; done OK retv 0
CLI_OUTPUT: /Target1/sfn/action ddal_sfn_wakeup_fd 24 100 DDAL_SFN_PERIODIC
CLI_OUTPUT: ret /Target1/sfn/action ddal_sfn_wakeup_fd 24 100 DDAL_SFN_PERIODIC ==&gt; done OK retv 0
CLI_OUTPUT: /Target1/sfn/action ddal_sfn_wakeup_fd 25 100 DDAL_SFN_PERIODIC
CLI_OUTPUT: ret /Target1/sfn/action ddal_sfn_wakeup_fd 25 100 DDAL_SFN_PERIODIC ==&gt; done OK retv 0
CLI_OUTPUT: /Target1/sfn/action ddal_sfn_wakeup_fd 25 100 DDAL_SFN_SPECIFIC
CLI_OUTPUT: ret /Target1/sfn/action ddal_sfn_wakeup_fd 25 100 DDAL_SFN_SPECIFIC ==&gt; done OK retv 0
CLI_OUTPUT: /Target1/sfn/action ddal_sfn_wakeup_fd 25 100 DDAL_SFN_PERIODIC
CLI_OUTPUT: ret /Target1/sfn/action ddal_sfn_wakeup_fd 25 100 DDAL_SFN_PERIODIC ==&gt; done OK retv 0
CLI_OUTPUT: /Target1/sfn/action ddal_sfn_wakeup_fd 26 100 DDAL_SFN_PERIODIC
CLI_OUTPUT: ret /Target1/sfn/action ddal_sfn_wakeup_fd 26 100 DDAL_SFN_PERIODIC ==&gt; done OK retv 0
CLI_OUTPUT: /Target1/sfn/action ddal_sfn_wakeup_fd 26 100 DDAL_SFN_SPECIFIC
CLI_OUTPUT: ret /Target1/sfn/action ddal_sfn_wakeup_fd 26 100 DDAL_SFN_SPECIFIC ==&gt; done OK retv 0
CLI_OUTPUT: /Target1/sfn/action ddal_sfn_wakeup_fd 26 100 DDAL_SFN_PERIODIC
CLI_OUTPUT: ret /Target1/sfn/action ddal_sfn_wakeup_fd 26 100 DDAL_SFN_PERIODIC ==&gt; done OK retv 0
CLI_OUTPUT: /Target1/sfn/action ddal_sfn_wakeup_fd 27 100 DDAL_SFN_PERIODIC
CLI_OUTPUT: ret /Target1/sfn/action ddal_sfn_wakeup_fd 27 100 DDAL_SFN_PERIODIC ==&gt; done OK retv 0
CLI_OUTPUT: /Target1/sfn/action ddal_sfn_wakeup_fd 27 100 DDAL_SFN_SPECIFIC
CLI_OUTPUT: ret /Target1/sfn/action ddal_sfn_wakeup_fd 27 100 DDAL_SFN_SPECIFIC ==&gt; done OK retv 0
CLI_OUTPUT: /Target1/sfn/action ddal_sfn_wakeup_fd 27 100 DDAL_SFN_PERIODIC
CLI_OUTPUT: ret /Target1/sfn/action ddal_sfn_wakeup_fd 27 100 DDAL_SFN_PERIODIC ==&gt; done OK retv 0
CLI_OUTPUT: /Target1/sfn/action ddal_sfn_wakeup_fd 28 100 DDAL_SFN_PERIODIC
CLI_OUTPUT: ret /Target1/sfn/action ddal_sfn_wakeup_fd 28 100 DDAL_SFN_PERIODIC ==&gt; done OK retv 0
CLI_OUTPUT: /Target1/sfn/action ddal_sfn_wakeup_fd 28 100 DDAL_SFN_SPECIFIC
CLI_OUTPUT: ret /Target1/sfn/action ddal_sfn_wakeup_fd 28 100 DDAL_SFN_SPECIFIC ==&gt; done OK retv 0
CLI_OUTPUT: /Target1/sfn/action ddal_sfn_wakeup_fd 28 100 DDAL_SFN_PERIODIC
CLI_OUTPUT: ret /Target1/sfn/action ddal_sfn_wakeup_fd 28 100 DDAL_SFN_PERIODIC ==&gt; done OK retv 0
CLI_OUTPUT: /Target1/sfn/action ddal_sfn_wakeup_fd 29 100 DDAL_SFN_PERIODIC
CLI_OUTPUT: ret /Target1/sfn/action ddal_sfn_wakeup_fd 29 100 DDAL_SFN_PERIODIC ==&gt; done OK retv 0
CLI_OUTPUT: /Target1/sfn/action ddal_sfn_wakeup_fd 29 100 DDAL_SFN_SPECIFIC
CLI_OUTPUT: ret /Target1/sfn/action ddal_sfn_wakeup_fd 29 100 DDAL_SFN_SPECIFIC ==&gt; done OK retv 0
CLI_OUTPUT: /Target1/sfn/action ddal_sfn_wakeup_fd 29 100 DDAL_SFN_PERIODIC
CLI_OUTPUT: ret /Target1/sfn/action ddal_sfn_wakeup_fd 29 100 DDAL_SFN_PERIODIC ==&gt; done OK retv 0
CLI_OUTPUT: /Target1/sfn/action ddal_sfn_wakeup_fd 30 100 DDAL_SFN_PERIODIC
CLI_OUTPUT: ret /Target1/sfn/action ddal_sfn_wakeup_fd 30 100 DDAL_SFN_PERIODIC ==&gt; done OK retv 0
CLI_OUTPUT: /Target1/sfn/action ddal_sfn_wakeup_fd 30 100 DDAL_SFN_SPECIFIC
CLI_OUTPUT: ret /Target1/sfn/action ddal_sfn_wakeup_fd 30 100 DDAL_SFN_SPECIFIC ==&gt; done OK retv 0
CLI_OUTPUT: /Target1/sfn/action ddal_sfn_wakeup_fd 30 100 DDAL_SFN_PERIODIC
CLI_OUTPUT: ret /Target1/sfn/action ddal_sfn_wakeup_fd 30 100 DDAL_SFN_PERIODIC ==&gt; done OK retv 0
CLI_OUTPUT: /Target1/sfn/action ddal_sfn_wakeup_fd 31 100 DDAL_SFN_PERIODIC
CLI_OUTPUT: ret /Target1/sfn/action ddal_sfn_wakeup_fd 31 100 DDAL_SFN_PERIODIC ==&gt; done OK retv 0
CLI_OUTPUT: /Target1/sfn/action ddal_sfn_wakeup_fd 31 100 DDAL_SFN_SPECIFIC
CLI_OUTPUT: ret /Target1/sfn/action ddal_sfn_wakeup_fd 31 100 DDAL_SFN_SPECIFIC ==&gt; done OK retv 0
CLI_OUTPUT: /Target1/sfn/action ddal_sfn_wakeup_fd 31 100 DDAL_SFN_PERIODIC
CLI_OUTPUT: ret /Target1/sfn/action ddal_sfn_wakeup_fd 31 100 DDAL_SFN_PERIODIC ==&gt; done OK retv 0
CLI_OUTPUT: /Target1/sfn/action ddal_sfn_wakeup_fd 32 100 DDAL_SFN_PERIODIC
CLI_OUTPUT: ret /Target1/sfn/action ddal_sfn_wakeup_fd 32 100 DDAL_SFN_PERIODIC ==&gt; done OK retv 0
CLI_OUTPUT: /Target1/sfn/action ddal_sfn_wakeup_fd 32 100 DDAL_SFN_SPECIFIC
CLI_OUTPUT: ret /Target1/sfn/action ddal_sfn_wakeup_fd 32 100 DDAL_SFN_SPECIFIC ==&gt; done OK retv 0
CLI_OUTPUT: /Target1/sfn/action ddal_sfn_wakeup_fd 32 100 DDAL_SFN_PERIODIC
CLI_OUTPUT: ret /Target1/sfn/action ddal_sfn_wakeup_fd 32 100 DDAL_SFN_PERIODIC ==&gt; done OK retv 0
CLI_OUTPUT: /Target1/sfn/action ddal_sfn_wakeup_fd 33 100 DDAL_SFN_PERIODIC
CLI_OUTPUT: ret /Target1/sfn/action ddal_sfn_wakeup_fd 33 100 DDAL_SFN_PERIODIC ==&gt; done OK retv 0
CLI_OUTPUT: /Target1/sfn/action ddal_sfn_wakeup_fd 33 100 DDAL_SFN_SPECIFIC
CLI_OUTPUT: ret /Target1/sfn/action ddal_sfn_wakeup_fd 33 100 DDAL_SFN_SPECIFIC ==&gt; done OK retv 0
CLI_OUTPUT: /Target1/sfn/action ddal_sfn_wakeup_fd 33 100 DDAL_SFN_PERIODIC
CLI_OUTPUT: ret /Target1/sfn/action ddal_sfn_wakeup_fd 33 100 DDAL_SFN_PERIODIC ==&gt; done OK retv 0
CLI_OUTPUT: /Target1/sfn/action ddal_sfn_wakeup_fd 34 100 DDAL_SFN_PERIODIC
CLI_OUTPUT: ret /Target1/sfn/action ddal_sfn_wakeup_fd 34 100 DDAL_SFN_PERIODIC ==&gt; done OK retv 0
CLI_OUTPUT: /Target1/sfn/action ddal_sfn_wakeup_fd 34 100 DDAL_SFN_SPECIFIC
CLI_OUTPUT: ret /Target1/sfn/action ddal_sfn_wakeup_fd 34 100 DDAL_SFN_SPECIFIC ==&gt; done OK retv 0
CLI_OUTPUT: /Target1/sfn/action ddal_sfn_wakeup_fd 34 100 DDAL_SFN_PERIODIC
CLI_OUTPUT: ret /Target1/sfn/action ddal_sfn_wakeup_fd 34 100 DDAL_SFN_PERIODIC ==&gt; done OK retv 0
CLI_OUTPUT: /Target1/sfn/action ddal_sfn_wakeup_fd 35 100 DDAL_SFN_PERIODIC
CLI_OUTPUT: ret /Target1/sfn/action ddal_sfn_wakeup_fd 35 100 DDAL_SFN_PERIODIC ==&gt; done OK retv 0
CLI_OUTPUT: /Target1/sfn/action ddal_sfn_wakeup_fd 35 100 DDAL_SFN_SPECIFIC
CLI_OUTPUT: ret /Target1/sfn/action ddal_sfn_wakeup_fd 35 100 DDAL_SFN_SPECIFIC ==&gt; done OK retv 0
CLI_OUTPUT: /Target1/sfn/action ddal_sfn_wakeup_fd 35 100 DDAL_SFN_PERIODIC
CLI_OUTPUT: ret /Target1/sfn/action ddal_sfn_wakeup_fd 35 100 DDAL_SFN_PERIODIC ==&gt; done OK retv 0
CLI_OUTPUT: /Target1/sfn/action ddal_sfn_wakeup_fd 36 100 DDAL_SFN_PERIODIC
CLI_OUTPUT: ret /Target1/sfn/action ddal_sfn_wakeup_fd 36 100 DDAL_SFN_PERIODIC ==&gt; done OK retv 0
CLI_OUTPUT: /Target1/sfn/action ddal_sfn_wakeup_fd 36 100 DDAL_SFN_SPECIFIC
CLI_OUTPUT: ret /Target1/sfn/action ddal_sfn_wakeup_fd 36 100 DDAL_SFN_SPECIFIC ==&gt; done OK retv 0
CLI_OUTPUT: /Target1/sfn/action ddal_sfn_wakeup_fd 36 100 DDAL_SFN_PERIODIC
CLI_OUTPUT: ret /Target1/sfn/action ddal_sfn_wakeup_fd 36 100 DDAL_SFN_PERIODIC ==&gt; done OK retv 0
CLI_OUTPUT: /Target1/sfn/action ddal_sfn_wakeup_fd 37 100 DDAL_SFN_PERIODIC
CLI_OUTPUT: ret /Target1/sfn/action ddal_sfn_wakeup_fd 37 100 DDAL_SFN_PERIODIC ==&gt; done OK retv 0
CLI_OUTPUT: /Target1/sfn/action ddal_sfn_wakeup_fd 37 100 DDAL_SFN_SPECIFIC
CLI_OUTPUT: ret /Target1/sfn/action ddal_sfn_wakeup_fd 37 100 DDAL_SFN_SPECIFIC ==&gt; done OK retv 0
CLI_OUTPUT: /Target1/sfn/action ddal_sfn_wakeup_fd 37 100 DDAL_SFN_PERIODIC
CLI_OUTPUT: ret /Target1/sfn/action ddal_sfn_wakeup_fd 37 100 DDAL_SFN_PERIODIC ==&gt; done OK retv 0
CLI_OUTPUT: /Target1/sfn/action ddal_sfn_wakeup_fd 38 100 DDAL_SFN_PERIODIC
CLI_OUTPUT: ret /Target1/sfn/action ddal_sfn_wakeup_fd 38 100 DDAL_SFN_PERIODIC ==&gt; done OK retv 0
CLI_OUTPUT: /Target1/sfn/action ddal_sfn_wakeup_fd 38 100 DDAL_SFN_SPECIFIC
CLI_OUTPUT: ret /Target1/sfn/action ddal_sfn_wakeup_fd 38 100 DDAL_SFN_SPECIFIC ==&gt; done OK retv 0
CLI_OUTPUT: /Target1/sfn/action ddal_sfn_wakeup_fd 38 100 DDAL_SFN_PERIODIC
CLI_OUTPUT: ret /Target1/sfn/action ddal_sfn_wakeup_fd 38 100 DDAL_SFN_PERIODIC ==&gt; done OK retv 0
CLI_OUTPUT: /Target1/sfn/action ddal_sfn_wakeup_fd 39 100 DDAL_SFN_PERIODIC
CLI_OUTPUT: ret /Target1/sfn/action ddal_sfn_wakeup_fd 39 100 DDAL_SFN_PERIODIC ==&gt; done OK retv 0
CLI_OUTPUT: /Target1/sfn/action ddal_sfn_wakeup_fd 39 100 DDAL_SFN_SPECIFIC
CLI_OUTPUT: ret /Target1/sfn/action ddal_sfn_wakeup_fd 39 100 DDAL_SFN_SPECIFIC ==&gt; done OK retv 0
CLI_OUTPUT: /Target1/sfn/action ddal_sfn_wakeup_fd 39 100 DDAL_SFN_PERIODIC
CLI_OUTPUT: ret /Target1/sfn/action ddal_sfn_wakeup_fd 39 100 DDAL_SFN_PERIODIC ==&gt; done OK retv 0
CLI_OUTPUT: /Target1/sfn/action ddal_sfn_wakeup_fd 40 100 DDAL_SFN_PERIODIC
CLI_OUTPUT: ret /Target1/sfn/action ddal_sfn_wakeup_fd 40 100 DDAL_SFN_PERIODIC ==&gt; done OK retv 0
CLI_OUTPUT: /Target1/sfn/action ddal_sfn_wakeup_fd 40 100 DDAL_SFN_SPECIFIC
CLI_OUTPUT: ret /Target1/sfn/action ddal_sfn_wakeup_fd 40 100 DDAL_SFN_SPECIFIC ==&gt; done OK retv 0
CLI_OUTPUT: /Target1/sfn/action ddal_sfn_wakeup_fd 40 100 DDAL_SFN_PERIODIC
CLI_OUTPUT: ret /Target1/sfn/action ddal_sfn_wakeup_fd 40 100 DDAL_SFN_PERIODIC ==&gt; done OK retv 0
CLI_OUTPUT: /Target1/sfn/action ddal_sfn_wakeup_fd 41 100 DDAL_SFN_PERIODIC
CLI_OUTPUT: ret /Target1/sfn/action ddal_sfn_wakeup_fd 41 100 DDAL_SFN_PERIODIC ==&gt; done OK retv 0
CLI_OUTPUT: /Target1/sfn/action ddal_sfn_wakeup_fd 41 100 DDAL_SFN_SPECIFIC
CLI_OUTPUT: ret /Target1/sfn/action ddal_sfn_wakeup_fd 41 100 DDAL_SFN_SPECIFIC ==&gt; done OK retv 0
CLI_OUTPUT: /Target1/sfn/action ddal_sfn_wakeup_fd 41 100 DDAL_SFN_PERIODIC
CLI_OUTPUT: ret /Target1/sfn/action ddal_sfn_wakeup_fd 41 100 DDAL_SFN_PERIODIC ==&gt; done OK retv 0
CLI_OUTPUT: /Target1/sfn/action ddal_sfn_wakeup_fd 42 100 DDAL_SFN_PERIODIC
CLI_OUTPUT: ret /Target1/sfn/action ddal_sfn_wakeup_fd 42 100 DDAL_SFN_PERIODIC ==&gt; done OK retv 0
CLI_OUTPUT: /Target1/sfn/action ddal_sfn_wakeup_fd 42 100 DDAL_SFN_SPECIFIC
CLI_OUTPUT: ret /Target1/sfn/action ddal_sfn_wakeup_fd 42 100 DDAL_SFN_SPECIFIC ==&gt; done OK retv 0
CLI_OUTPUT: /Target1/sfn/action ddal_sfn_wakeup_fd 42 100 DDAL_SFN_PERIODIC
CLI_OUTPUT: ret /Target1/sfn/action ddal_sfn_wakeup_fd 42 100 DDAL_SFN_PERIODIC ==&gt; done OK retv 0
CLI_OUTPUT: /Target1/sfn/action ddal_sfn_wakeup_fd 43 100 DDAL_SFN_PERIODIC
CLI_OUTPUT: ret /Target1/sfn/action ddal_sfn_wakeup_fd 43 100 DDAL_SFN_PERIODIC ==&gt; done OK retv 0
CLI_OUTPUT: /Target1/sfn/action ddal_sfn_wakeup_fd 43 100 DDAL_SFN_SPECIFIC
CLI_OUTPUT: ret /Target1/sfn/action ddal_sfn_wakeup_fd 43 100 DDAL_SFN_SPECIFIC ==&gt; done OK retv 0
CLI_OUTPUT: /Target1/sfn/action ddal_sfn_wakeup_fd 43 100 DDAL_SFN_PERIODIC
CLI_OUTPUT: ret /Target1/sfn/action ddal_sfn_wakeup_fd 43 100 DDAL_SFN_PERIODIC ==&gt; done OK retv 0
CLI_OUTPUT: /Target1/sfn/action ddal_sfn_wakeup_fd 44 100 DDAL_SFN_PERIODIC
CLI_OUTPUT: ret /Target1/sfn/action ddal_sfn_wakeup_fd 44 100 DDAL_SFN_PERIODIC ==&gt; done OK retv 0
CLI_OUTPUT: /Target1/sfn/action ddal_sfn_wakeup_fd 44 100 DDAL_SFN_SPECIFIC
CLI_OUTPUT: ret /Target1/sfn/action ddal_sfn_wakeup_fd 44 100 DDAL_SFN_SPECIFIC ==&gt; done OK retv 0
CLI_OUTPUT: /Target1/sfn/action ddal_sfn_wakeup_fd 44 100 DDAL_SFN_PERIODIC
CLI_OUTPUT: ret /Target1/sfn/action ddal_sfn_wakeup_fd 44 100 DDAL_SFN_PERIODIC ==&gt; done OK retv 0
CLI_OUTPUT: /Target1/sfn/action ddal_sfn_wakeup_fd 45 100 DDAL_SFN_PERIODIC
CLI_OUTPUT: ret /Target1/sfn/action ddal_sfn_wakeup_fd 45 100 DDAL_SFN_PERIODIC ==&gt; done OK retv 0
CLI_OUTPUT: /Target1/sfn/action ddal_sfn_wakeup_fd 45 100 DDAL_SFN_SPECIFIC
CLI_OUTPUT: ret /Target1/sfn/action ddal_sfn_wakeup_fd 45 100 DDAL_SFN_SPECIFIC ==&gt; done OK retv 0
CLI_OUTPUT: /Target1/sfn/action ddal_sfn_wakeup_fd 45 100 DDAL_SFN_PERIODIC
CLI_OUTPUT: ret /Target1/sfn/action ddal_sfn_wakeup_fd 45 100 DDAL_SFN_PERIODIC ==&gt; done OK retv 0
CLI_OUTPUT: /Target1/sfn/action ddal_sfn_wakeup_fd 46 100 DDAL_SFN_PERIODIC
CLI_OUTPUT: ret /Target1/sfn/action ddal_sfn_wakeup_fd 46 100 DDAL_SFN_PERIODIC ==&gt; done OK retv 0
CLI_OUTPUT: /Target1/sfn/action ddal_sfn_wakeup_fd 46 100 DDAL_SFN_SPECIFIC
CLI_OUTPUT: ret /Target1/sfn/action ddal_sfn_wakeup_fd 46 100 DDAL_SFN_SPECIFIC ==&gt; done OK retv 0
CLI_OUTPUT: /Target1/sfn/action ddal_sfn_wakeup_fd 46 100 DDAL_SFN_PERIODIC
CLI_OUTPUT: ret /Target1/sfn/action ddal_sfn_wakeup_fd 46 100 DDAL_SFN_PERIODIC ==&gt; done OK retv 0
CLI_OUTPUT: /Target1/sfn/action ddal_sfn_wakeup_fd 47 100 DDAL_SFN_PERIODIC
CLI_OUTPUT: ret /Target1/sfn/action ddal_sfn_wakeup_fd 47 100 DDAL_SFN_PERIODIC ==&gt; done OK retv 0
CLI_OUTPUT: /Target1/sfn/action ddal_sfn_wakeup_fd 47 100 DDAL_SFN_SPECIFIC
CLI_OUTPUT: ret /Target1/sfn/action ddal_sfn_wakeup_fd 47 100 DDAL_SFN_SPECIFIC ==&gt; done OK retv 0
CLI_OUTPUT: /Target1/sfn/action ddal_sfn_wakeup_fd 47 100 DDAL_SFN_PERIODIC
CLI_OUTPUT: ret /Target1/sfn/action ddal_sfn_wakeup_fd 47 100 DDAL_SFN_PERIODIC ==&gt; done OK retv 0
CLI_OUTPUT: /Target1/sfn/action ddal_sfn_wakeup_fd 48 100 DDAL_SFN_PERIODIC
CLI_OUTPUT: ret /Target1/sfn/action ddal_sfn_wakeup_fd 48 100 DDAL_SFN_PERIODIC ==&gt; done OK retv 0
CLI_OUTPUT: /Target1/sfn/action ddal_sfn_wakeup_fd 48 100 DDAL_SFN_SPECIFIC
CLI_OUTPUT: ret /Target1/sfn/action ddal_sfn_wakeup_fd 48 100 DDAL_SFN_SPECIFIC ==&gt; done OK retv 0
CLI_OUTPUT: /Target1/sfn/action ddal_sfn_wakeup_fd 48 100 DDAL_SFN_PERIODIC
CLI_OUTPUT: ret /Target1/sfn/action ddal_sfn_wakeup_fd 48 100 DDAL_SFN_PERIODIC ==&gt; done OK retv 0
CLI_OUTPUT: /Target1/sfn/action ddal_sfn_wakeup_fd 49 100 DDAL_SFN_PERIODIC
CLI_OUTPUT: ret /Target1/sfn/action ddal_sfn_wakeup_fd 49 100 DDAL_SFN_PERIODIC ==&gt; done OK retv 0
CLI_OUTPUT: /Target1/sfn/action ddal_sfn_wakeup_fd 49 100 DDAL_SFN_SPECIFIC
CLI_OUTPUT: ret /Target1/sfn/action ddal_sfn_wakeup_fd 49 100 DDAL_SFN_SPECIFIC ==&gt; done OK retv 0
CLI_OUTPUT: /Target1/sfn/action ddal_sfn_wakeup_fd 49 100 DDAL_SFN_PERIODIC
CLI_OUTPUT: ret /Target1/sfn/action ddal_sfn_wakeup_fd 49 100 DDAL_SFN_PERIODIC ==&gt; done OK retv 0
CLI_OUTPUT: /Target1/sfn/action ddal_sfn_wakeup_fd 50 100 DDAL_SFN_PERIODIC
CLI_OUTPUT: ret /Target1/sfn/action ddal_sfn_wakeup_fd 50 100 DDAL_SFN_PERIODIC ==&gt; done OK retv 0
CLI_OUTPUT: /Target1/sfn/action ddal_sfn_wakeup_fd 50 100 DDAL_SFN_SPECIFIC
CLI_OUTPUT: ret /Target1/sfn/action ddal_sfn_wakeup_fd 50 100 DDAL_SFN_SPECIFIC ==&gt; done OK retv 0
CLI_OUTPUT: /Target1/sfn/action ddal_sfn_wakeup_fd 50 100 DDAL_SFN_PERIODIC
CLI_OUTPUT: ret /Target1/sfn/action ddal_sfn_wakeup_fd 50 100 DDAL_SFN_PERIODIC ==&gt; done OK retv 0
CLI_OUTPUT: /Target1/sfn/action ddal_sfn_wakeup_fd 51 100 DDAL_SFN_PERIODIC
CLI_OUTPUT: ret /Target1/sfn/action ddal_sfn_wakeup_fd 51 100 DDAL_SFN_PERIODIC ==&gt; done OK retv 0
CLI_OUTPUT: /Target1/sfn/action ddal_sfn_wakeup_fd 51 100 DDAL_SFN_SPECIFIC
CLI_OUTPUT: ret /Target1/sfn/action ddal_sfn_wakeup_fd 51 100 DDAL_SFN_SPECIFIC ==&gt; done OK retv 0
CLI_OUTPUT: /Target1/sfn/action ddal_sfn_wakeup_fd 51 100 DDAL_SFN_PERIODIC
CLI_OUTPUT: ret /Target1/sfn/action ddal_sfn_wakeup_fd 51 100 DDAL_SFN_PERIODIC ==&gt; done OK retv 0
CLI_OUTPUT: /Target1/sfn/action ddal_sfn_wakeup_fd 52 100 DDAL_SFN_PERIODIC
CLI_OUTPUT: ret /Target1/sfn/action ddal_sfn_wakeup_fd 52 100 DDAL_SFN_PERIODIC ==&gt; done OK retv 0
CLI_OUTPUT: /Target1/sfn/action ddal_sfn_wakeup_fd 52 100 DDAL_SFN_SPECIFIC
CLI_OUTPUT: ret /Target1/sfn/action ddal_sfn_wakeup_fd 52 100 DDAL_SFN_SPECIFIC ==&gt; done OK retv 0
CLI_OUTPUT: /Target1/sfn/action ddal_sfn_wakeup_fd 52 100 DDAL_SFN_PERIODIC
CLI_OUTPUT: ret /Target1/sfn/action ddal_sfn_wakeup_fd 52 100 DDAL_SFN_PERIODIC ==&gt; done OK retv 0
CLI_OUTPUT: /Target1/sfn/action ddal_sfn_wakeup_fd 53 100 DDAL_SFN_PERIODIC
CLI_OUTPUT: ret /Target1/sfn/action ddal_sfn_wakeup_fd 53 100 DDAL_SFN_PERIODIC ==&gt; done OK retv 0
CLI_OUTPUT: /Target1/sfn/action ddal_sfn_wakeup_fd 53 100 DDAL_SFN_SPECIFIC
CLI_OUTPUT: ret /Target1/sfn/action ddal_sfn_wakeup_fd 53 100 DDAL_SFN_SPECIFIC ==&gt; done OK retv 0
CLI_OUTPUT: /Target1/sfn/action ddal_sfn_wakeup_fd 53 100 DDAL_SFN_PERIODIC
CLI_OUTPUT: ret /Target1/sfn/action ddal_sfn_wakeup_fd 53 100 DDAL_SFN_PERIODIC ==&gt; done OK retv 0
CLI_OUTPUT: /Target1/sfn/action ddal_sfn_wakeup_fd 54 100 DDAL_SFN_PERIODIC
CLI_OUTPUT: ret /Target1/sfn/action ddal_sfn_wakeup_fd 54 100 DDAL_SFN_PERIODIC ==&gt; done OK retv 0
CLI_OUTPUT: /Target1/sfn/action ddal_sfn_wakeup_fd 54 100 DDAL_SFN_SPECIFIC
CLI_OUTPUT: ret /Target1/sfn/action ddal_sfn_wakeup_fd 54 100 DDAL_SFN_SPECIFIC ==&gt; done OK retv 0
CLI_OUTPUT: /Target1/sfn/action ddal_sfn_wakeup_fd 54 100 DDAL_SFN_PERIODIC
CLI_OUTPUT: ret /Target1/sfn/action ddal_sfn_wakeup_fd 54 100 DDAL_SFN_PERIODIC ==&gt; done OK retv 0
CLI_OUTPUT: /Target1/sfn/action ddal_sfn_wakeup_fd 55 100 DDAL_SFN_PERIODIC
CLI_OUTPUT: ret /Target1/sfn/action ddal_sfn_wakeup_fd 55 100 DDAL_SFN_PERIODIC ==&gt; done OK retv 0
CLI_OUTPUT: /Target1/sfn/action ddal_sfn_wakeup_fd 55 100 DDAL_SFN_SPECIFIC
CLI_OUTPUT: ret /Target1/sfn/action ddal_sfn_wakeup_fd 55 100 DDAL_SFN_SPECIFIC ==&gt; done OK retv 0
CLI_OUTPUT: /Target1/sfn/action ddal_sfn_wakeup_fd 55 100 DDAL_SFN_PERIODIC
CLI_OUTPUT: ret /Target1/sfn/action ddal_sfn_wakeup_fd 55 100 DDAL_SFN_PERIODIC ==&gt; done OK retv 0
CLI_OUTPUT: /Target1/sfn/action ddal_sfn_wakeup_fd 56 100 DDAL_SFN_PERIODIC
CLI_OUTPUT: ret /Target1/sfn/action ddal_sfn_wakeup_fd 56 100 DDAL_SFN_PERIODIC ==&gt; done OK retv 0
CLI_OUTPUT: /Target1/sfn/action ddal_sfn_wakeup_fd 56 100 DDAL_SFN_SPECIFIC
CLI_OUTPUT: ret /Target1/sfn/action ddal_sfn_wakeup_fd 56 100 DDAL_SFN_SPECIFIC ==&gt; done OK retv 0
CLI_OUTPUT: /Target1/sfn/action ddal_sfn_wakeup_fd 56 100 DDAL_SFN_PERIODIC
CLI_OUTPUT: ret /Target1/sfn/action ddal_sfn_wakeup_fd 56 100 DDAL_SFN_PERIODIC ==&gt; done OK retv 0
CLI_OUTPUT: /Target1/sfn/action ddal_sfn_wakeup_fd 57 100 DDAL_SFN_PERIODIC
CLI_OUTPUT: ret /Target1/sfn/action ddal_sfn_wakeup_fd 57 100 DDAL_SFN_PERIODIC ==&gt; done OK retv 0
CLI_OUTPUT: /Target1/sfn/action ddal_sfn_wakeup_fd 57 100 DDAL_SFN_SPECIFIC
CLI_OUTPUT: ret /Target1/sfn/action ddal_sfn_wakeup_fd 57 100 DDAL_SFN_SPECIFIC ==&gt; done OK retv 0
CLI_OUTPUT: /Target1/sfn/action ddal_sfn_wakeup_fd 57 100 DDAL_SFN_PERIODIC
CLI_OUTPUT: ret /Target1/sfn/action ddal_sfn_wakeup_fd 57 100 DDAL_SFN_PERIODIC ==&gt; done OK retv 0
CLI_OUTPUT: /Target1/sfn/action ddal_sfn_wakeup_fd 58 100 DDAL_SFN_PERIODIC
CLI_OUTPUT: ret /Target1/sfn/action ddal_sfn_wakeup_fd 58 100 DDAL_SFN_PERIODIC ==&gt; done OK retv 0
CLI_OUTPUT: /Target1/sfn/action ddal_sfn_wakeup_fd 58 100 DDAL_SFN_SPECIFIC
CLI_OUTPUT: ret /Target1/sfn/action ddal_sfn_wakeup_fd 58 100 DDAL_SFN_SPECIFIC ==&gt; done OK retv 0
CLI_OUTPUT: /Target1/sfn/action ddal_sfn_wakeup_fd 58 100 DDAL_SFN_PERIODIC
CLI_OUTPUT: ret /Target1/sfn/action ddal_sfn_wakeup_fd 58 100 DDAL_SFN_PERIODIC ==&gt; done OK retv 0
CLI_OUTPUT: /Target1/sfn/action ddal_sfn_wakeup_fd 59 100 DDAL_SFN_PERIODIC
CLI_OUTPUT: ret /Target1/sfn/action ddal_sfn_wakeup_fd 59 100 DDAL_SFN_PERIODIC ==&gt; done OK retv 0
CLI_OUTPUT: /Target1/sfn/action ddal_sfn_wakeup_fd 59 100 DDAL_SFN_SPECIFIC
CLI_OUTPUT: ret /Target1/sfn/action ddal_sfn_wakeup_fd 59 100 DDAL_SFN_SPECIFIC ==&gt; done OK retv 0
CLI_OUTPUT: /Target1/sfn/action ddal_sfn_wakeup_fd 59 100 DDAL_SFN_PERIODIC
CLI_OUTPUT: ret /Target1/sfn/action ddal_sfn_wakeup_fd 59 100 DDAL_SFN_PERIODIC ==&gt; done OK retv 0
CLI_OUTPUT: /Target1/sfn/action ddal_sfn_wakeup_fd 60 100 DDAL_SFN_PERIODIC
CLI_OUTPUT: ret /Target1/sfn/action ddal_sfn_wakeup_fd 60 100 DDAL_SFN_PERIODIC ==&gt; done OK retv 0
CLI_OUTPUT: /Target1/sfn/action ddal_sfn_wakeup_fd 60 100 DDAL_SFN_SPECIFIC
CLI_OUTPUT: ret /Target1/sfn/action ddal_sfn_wakeup_fd 60 100 DDAL_SFN_SPECIFIC ==&gt; done OK retv 0
CLI_OUTPUT: /Target1/sfn/action ddal_sfn_wakeup_fd 60 100 DDAL_SFN_PERIODIC
CLI_OUTPUT: ret /Target1/sfn/action ddal_sfn_wakeup_fd 60 100 DDAL_SFN_PERIODIC ==&gt; done OK retv 0
CLI_OUTPUT: /Target1/sfn/action ddal_sfn_wakeup_fd 61 100 DDAL_SFN_PERIODIC
CLI_OUTPUT: ret /Target1/sfn/action ddal_sfn_wakeup_fd 61 100 DDAL_SFN_PERIODIC ==&gt; done OK retv 0
CLI_OUTPUT: /Target1/sfn/action ddal_sfn_wakeup_fd 61 100 DDAL_SFN_SPECIFIC
CLI_OUTPUT: ret /Target1/sfn/action ddal_sfn_wakeup_fd 61 100 DDAL_SFN_SPECIFIC ==&gt; done OK retv 0
CLI_OUTPUT: /Target1/sfn/action ddal_sfn_wakeup_fd 61 100 DDAL_SFN_PERIODIC
CLI_OUTPUT: ret /Target1/sfn/action ddal_sfn_wakeup_fd 61 100 DDAL_SFN_PERIODIC ==&gt; done OK retv 0
CLI_OUTPUT: /Target1/sfn/action ddal_sfn_wakeup_fd 62 100 DDAL_SFN_PERIODIC
CLI_OUTPUT: ret /Target1/sfn/action ddal_sfn_wakeup_fd 62 100 DDAL_SFN_PERIODIC ==&gt; done OK retv 0
CLI_OUTPUT: /Target1/sfn/action ddal_sfn_wakeup_fd 62 100 DDAL_SFN_SPECIFIC
CLI_OUTPUT: ret /Target1/sfn/action ddal_sfn_wakeup_fd 62 100 DDAL_SFN_SPECIFIC ==&gt; done OK retv 0
CLI_OUTPUT: /Target1/sfn/action ddal_sfn_wakeup_fd 62 100 DDAL_SFN_PERIODIC
CLI_OUTPUT: ret /Target1/sfn/action ddal_sfn_wakeup_fd 62 100 DDAL_SFN_PERIODIC ==&gt; done OK retv 0
CLI_OUTPUT: /Target1/sfn/action ddal_sfn_wakeup_fd 63 100 DDAL_SFN_PERIODIC
CLI_OUTPUT: ret /Target1/sfn/action ddal_sfn_wakeup_fd 63 100 DDAL_SFN_PERIODIC ==&gt; done OK retv 0
CLI_OUTPUT: /Target1/sfn/action ddal_sfn_wakeup_fd 63 100 DDAL_SFN_SPECIFIC
CLI_OUTPUT: ret /Target1/sfn/action ddal_sfn_wakeup_fd 63 100 DDAL_SFN_SPECIFIC ==&gt; done OK retv 0
CLI_OUTPUT: /Target1/sfn/action ddal_sfn_wakeup_fd 63 100 DDAL_SFN_PERIODIC
CLI_OUTPUT: ret /Target1/sfn/action ddal_sfn_wakeup_fd 63 100 DDAL_SFN_PERIODIC ==&gt; done OK retv 0
CLI_OUTPUT: /Target1/sfn/action ddal_sfn_wakeup_fd 64 100 DDAL_SFN_PERIODIC
CLI_OUTPUT: ret /Target1/sfn/action ddal_sfn_wakeup_fd 64 100 DDAL_SFN_PERIODIC ==&gt; done OK retv 0
CLI_OUTPUT: /Target1/sfn/action ddal_sfn_wakeup_fd 64 100 DDAL_SFN_SPECIFIC
CLI_OUTPUT: ret /Target1/sfn/action ddal_sfn_wakeup_fd 64 100 DDAL_SFN_SPECIFIC ==&gt; done OK retv 0
CLI_OUTPUT: /Target1/sfn/action ddal_sfn_wakeup_fd 64 100 DDAL_SFN_PERIODIC
CLI_OUTPUT: ret /Target1/sfn/action ddal_sfn_wakeup_fd 64 100 DDAL_SFN_PERIODIC ==&gt; done OK retv 0
CLI_OUTPUT: /Target1/sfn/action ddal_sfn_wakeup_fd 65 100 DDAL_SFN_PERIODIC
CLI_OUTPUT: ret /Target1/sfn/action ddal_sfn_wakeup_fd 65 100 DDAL_SFN_PERIODIC ==&gt; done OK retv 0
CLI_OUTPUT: /Target1/sfn/action ddal_sfn_wakeup_fd 65 100 DDAL_SFN_SPECIFIC
CLI_OUTPUT: ret /Target1/sfn/action ddal_sfn_wakeup_fd 65 100 DDAL_SFN_SPECIFIC ==&gt; done OK retv 0
CLI_OUTPUT: /Target1/sfn/action ddal_sfn_wakeup_fd 65 100 DDAL_SFN_PERIODIC
CLI_OUTPUT: ret /Target1/sfn/action ddal_sfn_wakeup_fd 65 100 DDAL_SFN_PERIODIC ==&gt; done OK retv 0
CLI_OUTPUT: /Target1/sfn/action ddal_sfn_wakeup_fd 66 100 DDAL_SFN_PERIODIC
CLI_OUTPUT: ret /Target1/sfn/action ddal_sfn_wakeup_fd 66 100 DDAL_SFN_PERIODIC ==&gt; done OK retv 0
CLI_OUTPUT: /Target1/sfn/action ddal_sfn_wakeup_fd 66 100 DDAL_SFN_SPECIFIC
CLI_OUTPUT: ret /Target1/sfn/action ddal_sfn_wakeup_fd 66 100 DDAL_SFN_SPECIFIC ==&gt; done OK retv 0
CLI_OUTPUT: /Target1/sfn/action ddal_sfn_wakeup_fd 66 100 DDAL_SFN_PERIODIC
CLI_OUTPUT: ret /Target1/sfn/action ddal_sfn_wakeup_fd 66 100 DDAL_SFN_PERIODIC ==&gt; done OK retv 0
CLI_OUTPUT: /Target1/sfn/action ddal_sfn_wakeup_fd 67 100 DDAL_SFN_PERIODIC
CLI_OUTPUT: ret /Target1/sfn/action ddal_sfn_wakeup_fd 67 100 DDAL_SFN_PERIODIC ==&gt; done OK retv 0
CLI_OUTPUT: /Target1/sfn/action ddal_sfn_wakeup_fd 67 100 DDAL_SFN_SPECIFIC
CLI_OUTPUT: ret /Target1/sfn/action ddal_sfn_wakeup_fd 67 100 DDAL_SFN_SPECIFIC ==&gt; done OK retv 0
CLI_OUTPUT: /Target1/sfn/action ddal_sfn_wakeup_fd 67 100 DDAL_SFN_PERIODIC
CLI_OUTPUT: ret /Target1/sfn/action ddal_sfn_wakeup_fd 67 100 DDAL_SFN_PERIODIC ==&gt; done OK retv 0
CLI_OUTPUT: /Target1/sfn/action ddal_sfn_wakeup_fd 68 100 DDAL_SFN_PERIODIC
CLI_OUTPUT: ret /Target1/sfn/action ddal_sfn_wakeup_fd 68 100 DDAL_SFN_PERIODIC ==&gt; done OK retv 0
CLI_OUTPUT: /Target1/sfn/action ddal_sfn_wakeup_fd 68 100 DDAL_SFN_SPECIFIC
CLI_OUTPUT: ret /Target1/sfn/action ddal_sfn_wakeup_fd 68 100 DDAL_SFN_SPECIFIC ==&gt; done OK retv 0
CLI_OUTPUT: /Target1/sfn/action ddal_sfn_wakeup_fd 68 100 DDAL_SFN_PERIODIC
CLI_OUTPUT: ret /Target1/sfn/action ddal_sfn_wakeup_fd 68 100 DDAL_SFN_PERIODIC ==&gt; done OK retv 0
CLI_OUTPUT: /Target1/sfn/action ddal_sfn_wakeup_fd 69 100 DDAL_SFN_PERIODIC
CLI_OUTPUT: ret /Target1/sfn/action ddal_sfn_wakeup_fd 69 100 DDAL_SFN_PERIODIC ==&gt; done OK retv 0
CLI_OUTPUT: /Target1/sfn/action ddal_sfn_wakeup_fd 69 100 DDAL_SFN_SPECIFIC
CLI_OUTPUT: ret /Target1/sfn/action ddal_sfn_wakeup_fd 69 100 DDAL_SFN_SPECIFIC ==&gt; done OK retv 0
CLI_OUTPUT: /Target1/sfn/action ddal_sfn_wakeup_fd 69 100 DDAL_SFN_PERIODIC
CLI_OUTPUT: ret /Target1/sfn/action ddal_sfn_wakeup_fd 69 100 DDAL_SFN_PERIODIC ==&gt; done OK retv 0
CLI_OUTPUT: /Target1/sfn/action ddal_sfn_wakeup_fd 70 100 DDAL_SFN_PERIODIC
CLI_OUTPUT: ret /Target1/sfn/action ddal_sfn_wakeup_fd 70 100 DDAL_SFN_PERIODIC ==&gt; done OK retv 0
CLI_OUTPUT: /Target1/sfn/action ddal_sfn_wakeup_fd 70 100 DDAL_SFN_SPECIFIC
CLI_OUTPUT: ret /Target1/sfn/action ddal_sfn_wakeup_fd 70 100 DDAL_SFN_SPECIFIC ==&gt; done OK retv 0
CLI_OUTPUT: /Target1/sfn/action ddal_sfn_wakeup_fd 70 100 DDAL_SFN_PERIODIC
CLI_OUTPUT: ret /Target1/sfn/action ddal_sfn_wakeup_fd 70 100 DDAL_SFN_PERIODIC ==&gt; done OK retv 0
CLI_OUTPUT: /Target1/sfn/action ddal_sfn_wakeup_fd 71 100 DDAL_SFN_PERIODIC
CLI_OUTPUT: ret /Target1/sfn/action ddal_sfn_wakeup_fd 71 100 DDAL_SFN_PERIODIC ==&gt; done OK retv 0
CLI_OUTPUT: /Target1/sfn/action ddal_sfn_wakeup_fd 71 100 DDAL_SFN_SPECIFIC
CLI_OUTPUT: ret /Target1/sfn/action ddal_sfn_wakeup_fd 71 100 DDAL_SFN_SPECIFIC ==&gt; done OK retv 0
CLI_OUTPUT: /Target1/sfn/action ddal_sfn_wakeup_fd 71 100 DDAL_SFN_PERIODIC
CLI_OUTPUT: ret /Target1/sfn/action ddal_sfn_wakeup_fd 71 100 DDAL_SFN_PERIODIC ==&gt; done OK retv 0
CLI_OUTPUT: /Target1/sfn/action ddal_sfn_wakeup_fd 72 100 DDAL_SFN_PERIODIC
CLI_OUTPUT: ret /Target1/sfn/action ddal_sfn_wakeup_fd 72 100 DDAL_SFN_PERIODIC ==&gt; done OK retv 0
CLI_OUTPUT: /Target1/sfn/action ddal_sfn_wakeup_fd 72 100 DDAL_SFN_SPECIFIC
CLI_OUTPUT: ret /Target1/sfn/action ddal_sfn_wakeup_fd 72 100 DDAL_SFN_SPECIFIC ==&gt; done OK retv 0
CLI_OUTPUT: /Target1/sfn/action ddal_sfn_wakeup_fd 72 100 DDAL_SFN_PERIODIC
CLI_OUTPUT: ret /Target1/sfn/action ddal_sfn_wakeup_fd 72 100 DDAL_SFN_PERIODIC ==&gt; done OK retv 0
CLI_OUTPUT: /Target1/sfn/action ddal_sfn_wakeup_fd 73 100 DDAL_SFN_PERIODIC
CLI_OUTPUT: ret /Target1/sfn/action ddal_sfn_wakeup_fd 73 100 DDAL_SFN_PERIODIC ==&gt; done OK retv 0
CLI_OUTPUT: /Target1/sfn/action ddal_sfn_wakeup_fd 73 100 DDAL_SFN_SPECIFIC
CLI_OUTPUT: ret /Target1/sfn/action ddal_sfn_wakeup_fd 73 100 DDAL_SFN_SPECIFIC ==&gt; done OK retv 0
CLI_OUTPUT: /Target1/sfn/action ddal_sfn_wakeup_fd 73 100 DDAL_SFN_PERIODIC
CLI_OUTPUT: ret /Target1/sfn/action ddal_sfn_wakeup_fd 73 100 DDAL_SFN_PERIODIC ==&gt; done OK retv 0
CLI_OUTPUT: /Target1/sfn/action ddal_sfn_wakeup_fd 74 100 DDAL_SFN_PERIODIC
CLI_OUTPUT: ret /Target1/sfn/action ddal_sfn_wakeup_fd 74 100 DDAL_SFN_PERIODIC ==&gt; done OK retv 0
CLI_OUTPUT: /Target1/sfn/action ddal_sfn_wakeup_fd 74 100 DDAL_SFN_SPECIFIC
CLI_OUTPUT: ret /Target1/sfn/action ddal_sfn_wakeup_fd 74 100 DDAL_SFN_SPECIFIC ==&gt; done OK retv 0
CLI_OUTPUT: /Target1/sfn/action ddal_sfn_wakeup_fd 74 100 DDAL_SFN_PERIODIC
CLI_OUTPUT: ret /Target1/sfn/action ddal_sfn_wakeup_fd 74 100 DDAL_SFN_PERIODIC ==&gt; done OK retv 0
CLI_OUTPUT: /Target1/sfn/action ddal_sfn_wakeup_fd 75 100 DDAL_SFN_PERIODIC
CLI_OUTPUT: ret /Target1/sfn/action ddal_sfn_wakeup_fd 75 100 DDAL_SFN_PERIODIC ==&gt; done OK retv 0
CLI_OUTPUT: /Target1/sfn/action ddal_sfn_wakeup_fd 75 100 DDAL_SFN_SPECIFIC
CLI_OUTPUT: ret /Target1/sfn/action ddal_sfn_wakeup_fd 75 100 DDAL_SFN_SPECIFIC ==&gt; done OK retv 0
CLI_OUTPUT: /Target1/sfn/action ddal_sfn_wakeup_fd 75 100 DDAL_SFN_PERIODIC
CLI_OUTPUT: ret /Target1/sfn/action ddal_sfn_wakeup_fd 75 100 DDAL_SFN_PERIODIC ==&gt; done OK retv 0
CLI_OUTPUT: /Target1/sfn/action ddal_sfn_wakeup_fd 76 100 DDAL_SFN_PERIODIC
CLI_OUTPUT: ret /Target1/sfn/action ddal_sfn_wakeup_fd 76 100 DDAL_SFN_PERIODIC ==&gt; done OK retv 0
CLI_OUTPUT: /Target1/sfn/action ddal_sfn_wakeup_fd 76 100 DDAL_SFN_SPECIFIC
CLI_OUTPUT: ret /Target1/sfn/action ddal_sfn_wakeup_fd 76 100 DDAL_SFN_SPECIFIC ==&gt; done OK retv 0
CLI_OUTPUT: /Target1/sfn/action ddal_sfn_wakeup_fd 76 100 DDAL_SFN_PERIODIC
CLI_OUTPUT: ret /Target1/sfn/action ddal_sfn_wakeup_fd 76 100 DDAL_SFN_PERIODIC ==&gt; done OK retv 0
CLI_OUTPUT: /Target1/sfn/action ddal_sfn_wakeup_fd 77 100 DDAL_SFN_PERIODIC
CLI_OUTPUT: ret /Target1/sfn/action ddal_sfn_wakeup_fd 77 100 DDAL_SFN_PERIODIC ==&gt; done OK retv 0
CLI_OUTPUT: /Target1/sfn/action ddal_sfn_wakeup_fd 77 100 DDAL_SFN_SPECIFIC
CLI_OUTPUT: ret /Target1/sfn/action ddal_sfn_wakeup_fd 77 100 DDAL_SFN_SPECIFIC ==&gt; done OK retv 0
CLI_OUTPUT: /Target1/sfn/action ddal_sfn_wakeup_fd 77 100 DDAL_SFN_PERIODIC
CLI_OUTPUT: ret /Target1/sfn/action ddal_sfn_wakeup_fd 77 100 DDAL_SFN_PERIODIC ==&gt; done OK retv 0
CLI_OUTPUT: /Target1/sfn/action ddal_sfn_wakeup_fd 78 100 DDAL_SFN_PERIODIC
CLI_OUTPUT: ret /Target1/sfn/action ddal_sfn_wakeup_fd 78 100 DDAL_SFN_PERIODIC ==&gt; done OK retv 0
CLI_OUTPUT: /Target1/sfn/action ddal_sfn_wakeup_fd 78 100 DDAL_SFN_SPECIFIC
CLI_OUTPUT: ret /Target1/sfn/action ddal_sfn_wakeup_fd 78 100 DDAL_SFN_SPECIFIC ==&gt; done OK retv 0
CLI_OUTPUT: /Target1/sfn/action ddal_sfn_wakeup_fd 78 100 DDAL_SFN_PERIODIC
CLI_OUTPUT: ret /Target1/sfn/action ddal_sfn_wakeup_fd 78 100 DDAL_SFN_PERIODIC ==&gt; done OK retv 0
CLI_OUTPUT: /Target1/sfn/action ddal_sfn_wakeup_fd 79 100 DDAL_SFN_PERIODIC
CLI_OUTPUT: ret /Target1/sfn/action ddal_sfn_wakeup_fd 79 100 DDAL_SFN_PERIODIC ==&gt; done OK retv 0
CLI_OUTPUT: /Target1/sfn/action ddal_sfn_wakeup_fd 79 100 DDAL_SFN_SPECIFIC
CLI_OUTPUT: ret /Target1/sfn/action ddal_sfn_wakeup_fd 79 100 DDAL_SFN_SPECIFIC ==&gt; done OK retv 0
CLI_OUTPUT: /Target1/sfn/action ddal_sfn_wakeup_fd 79 100 DDAL_SFN_PERIODIC
CLI_OUTPUT: ret /Target1/sfn/action ddal_sfn_wakeup_fd 79 100 DDAL_SFN_PERIODIC ==&gt; done OK retv 0
CLI_OUTPUT: /Target1/sfn/action ddal_sfn_wakeup_fd 80 100 DDAL_SFN_PERIODIC
CLI_OUTPUT: ret /Target1/sfn/action ddal_sfn_wakeup_fd 80 100 DDAL_SFN_PERIODIC ==&gt; done OK retv 0
CLI_OUTPUT: /Target1/sfn/action ddal_sfn_wakeup_fd 80 100 DDAL_SFN_SPECIFIC
CLI_OUTPUT: ret /Target1/sfn/action ddal_sfn_wakeup_fd 80 100 DDAL_SFN_SPECIFIC ==&gt; done OK retv 0
CLI_OUTPUT: /Target1/sfn/action ddal_sfn_wakeup_fd 80 100 DDAL_SFN_PERIODIC
CLI_OUTPUT: ret /Target1/sfn/action ddal_sfn_wakeup_fd 80 100 DDAL_SFN_PERIODIC ==&gt; done OK retv 0
CLI_OUTPUT: /Target1/sfn/action ddal_sfn_wakeup_fd 81 100 DDAL_SFN_PERIODIC
CLI_OUTPUT: ret /Target1/sfn/action ddal_sfn_wakeup_fd 81 100 DDAL_SFN_PERIODIC ==&gt; done OK retv 0
CLI_OUTPUT: /Target1/sfn/action ddal_sfn_wakeup_fd 81 100 DDAL_SFN_SPECIFIC
CLI_OUTPUT: ret /Target1/sfn/action ddal_sfn_wakeup_fd 81 100 DDAL_SFN_SPECIFIC ==&gt; done OK retv 0
CLI_OUTPUT: /Target1/sfn/action ddal_sfn_wakeup_fd 81 100 DDAL_SFN_PERIODIC
CLI_OUTPUT: ret /Target1/sfn/action ddal_sfn_wakeup_fd 81 100 DDAL_SFN_PERIODIC ==&gt; done OK retv 0
CLI_OUTPUT: /Target1/sfn/action ddal_sfn_wakeup_fd 82 100 DDAL_SFN_PERIODIC
CLI_OUTPUT: ret /Target1/sfn/action ddal_sfn_wakeup_fd 82 100 DDAL_SFN_PERIODIC ==&gt; done OK retv 0
CLI_OUTPUT: /Target1/sfn/action ddal_sfn_wakeup_fd 82 100 DDAL_SFN_SPECIFIC
CLI_OUTPUT: ret /Target1/sfn/action ddal_sfn_wakeup_fd 82 100 DDAL_SFN_SPECIFIC ==&gt; done OK retv 0
CLI_OUTPUT: /Target1/sfn/action ddal_sfn_wakeup_fd 82 100 DDAL_SFN_PERIODIC
CLI_OUTPUT: ret /Target1/sfn/action ddal_sfn_wakeup_fd 82 100 DDAL_SFN_PERIODIC ==&gt; done OK retv 0
CLI_OUTPUT: /Target1/sfn/action ddal_sfn_wakeup_fd 83 100 DDAL_SFN_PERIODIC
CLI_OUTPUT: ret /Target1/sfn/action ddal_sfn_wakeup_fd 83 100 DDAL_SFN_PERIODIC ==&gt; done OK retv 0
CLI_OUTPUT: /Target1/sfn/action ddal_sfn_wakeup_fd 83 100 DDAL_SFN_SPECIFIC
CLI_OUTPUT: ret /Target1/sfn/action ddal_sfn_wakeup_fd 83 100 DDAL_SFN_SPECIFIC ==&gt; done OK retv 0
CLI_OUTPUT: /Target1/sfn/action ddal_sfn_wakeup_fd 83 100 DDAL_SFN_PERIODIC
CLI_OUTPUT: ret /Target1/sfn/action ddal_sfn_wakeup_fd 83 100 DDAL_SFN_PERIODIC ==&gt; done OK retv 0
CLI_OUTPUT: /Target1/sfn/action ddal_sfn_wakeup_fd 84 100 DDAL_SFN_PERIODIC
CLI_OUTPUT: ret /Target1/sfn/action ddal_sfn_wakeup_fd 84 100 DDAL_SFN_PERIODIC ==&gt; done OK retv 0
CLI_OUTPUT: /Target1/sfn/action ddal_sfn_wakeup_fd 84 100 DDAL_SFN_SPECIFIC
CLI_OUTPUT: ret /Target1/sfn/action ddal_sfn_wakeup_fd 84 100 DDAL_SFN_SPECIFIC ==&gt; done OK retv 0
CLI_OUTPUT: /Target1/sfn/action ddal_sfn_wakeup_fd 84 100 DDAL_SFN_PERIODIC
CLI_OUTPUT: ret /Target1/sfn/action ddal_sfn_wakeup_fd 84 100 DDAL_SFN_PERIODIC ==&gt; done OK retv 0
CLI_OUTPUT: /Target1/sfn/action ddal_sfn_wakeup_fd 85 100 DDAL_SFN_PERIODIC
CLI_OUTPUT: ret /Target1/sfn/action ddal_sfn_wakeup_fd 85 100 DDAL_SFN_PERIODIC ==&gt; done OK retv 0
CLI_OUTPUT: /Target1/sfn/action ddal_sfn_wakeup_fd 85 100 DDAL_SFN_SPECIFIC
CLI_OUTPUT: ret /Target1/sfn/action ddal_sfn_wakeup_fd 85 100 DDAL_SFN_SPECIFIC ==&gt; done OK retv 0
CLI_OUTPUT: /Target1/sfn/action ddal_sfn_wakeup_fd 85 100 DDAL_SFN_PERIODIC
CLI_OUTPUT: ret /Target1/sfn/action ddal_sfn_wakeup_fd 85 100 DDAL_SFN_PERIODIC ==&gt; done OK retv 0
CLI_OUTPUT: /Target1/sfn/action ddal_sfn_wakeup_fd 86 100 DDAL_SFN_PERIODIC
CLI_OUTPUT: ret /Target1/sfn/action ddal_sfn_wakeup_fd 86 100 DDAL_SFN_PERIODIC ==&gt; done OK retv 0
CLI_OUTPUT: /Target1/sfn/action ddal_sfn_wakeup_fd 86 100 DDAL_SFN_SPECIFIC
CLI_OUTPUT: ret /Target1/sfn/action ddal_sfn_wakeup_fd 86 100 DDAL_SFN_SPECIFIC ==&gt; done OK retv 0
CLI_OUTPUT: /Target1/sfn/action ddal_sfn_wakeup_fd 86 100 DDAL_SFN_PERIODIC
CLI_OUTPUT: ret /Target1/sfn/action ddal_sfn_wakeup_fd 86 100 DDAL_SFN_PERIODIC ==&gt; done OK retv 0
CLI_OUTPUT: /Target1/sfn/action ddal_sfn_wakeup_fd 87 100 DDAL_SFN_PERIODIC
CLI_OUTPUT: ret /Target1/sfn/action ddal_sfn_wakeup_fd 87 100 DDAL_SFN_PERIODIC ==&gt; done OK retv 0
CLI_OUTPUT: /Target1/sfn/action ddal_sfn_wakeup_fd 87 100 DDAL_SFN_SPECIFIC
CLI_OUTPUT: ret /Target1/sfn/action ddal_sfn_wakeup_fd 87 100 DDAL_SFN_SPECIFIC ==&gt; done OK retv 0
CLI_OUTPUT: /Target1/sfn/action ddal_sfn_wakeup_fd 87 100 DDAL_SFN_PERIODIC
CLI_OUTPUT: ret /Target1/sfn/action ddal_sfn_wakeup_fd 87 100 DDAL_SFN_PERIODIC ==&gt; done OK retv 0
CLI_OUTPUT: /Target1/sfn/action ddal_sfn_wakeup_fd 88 100 DDAL_SFN_PERIODIC
CLI_OUTPUT: ret /Target1/sfn/action ddal_sfn_wakeup_fd 88 100 DDAL_SFN_PERIODIC ==&gt; done OK retv 0
CLI_OUTPUT: /Target1/sfn/action ddal_sfn_wakeup_fd 88 100 DDAL_SFN_SPECIFIC
CLI_OUTPUT: ret /Target1/sfn/action ddal_sfn_wakeup_fd 88 100 DDAL_SFN_SPECIFIC ==&gt; done OK retv 0
CLI_OUTPUT: /Target1/sfn/action ddal_sfn_wakeup_fd 88 100 DDAL_SFN_PERIODIC
CLI_OUTPUT: ret /Target1/sfn/action ddal_sfn_wakeup_fd 88 100 DDAL_SFN_PERIODIC ==&gt; done OK retv 0
CLI_OUTPUT: /Target1/sfn/action ddal_sfn_wakeup_fd 89 100 DDAL_SFN_PERIODIC
CLI_OUTPUT: ret /Target1/sfn/action ddal_sfn_wakeup_fd 89 100 DDAL_SFN_PERIODIC ==&gt; done OK retv 0
CLI_OUTPUT: /Target1/sfn/action ddal_sfn_wakeup_fd 89 100 DDAL_SFN_SPECIFIC
CLI_OUTPUT: ret /Target1/sfn/action ddal_sfn_wakeup_fd 89 100 DDAL_SFN_SPECIFIC ==&gt; done OK retv 0
CLI_OUTPUT: /Target1/sfn/action ddal_sfn_wakeup_fd 89 100 DDAL_SFN_PERIODIC
CLI_OUTPUT: ret /Target1/sfn/action ddal_sfn_wakeup_fd 89 100 DDAL_SFN_PERIODIC ==&gt; done OK retv 0
CLI_OUTPUT: /Target1/sfn/action ddal_sfn_wakeup_fd 90 100 DDAL_SFN_PERIODIC
CLI_OUTPUT: ret /Target1/sfn/action ddal_sfn_wakeup_fd 90 100 DDAL_SFN_PERIODIC ==&gt; done OK retv 0
CLI_OUTPUT: /Target1/sfn/action ddal_sfn_wakeup_fd 90 100 DDAL_SFN_SPECIFIC
CLI_OUTPUT: ret /Target1/sfn/action ddal_sfn_wakeup_fd 90 100 DDAL_SFN_SPECIFIC ==&gt; done OK retv 0
CLI_OUTPUT: /Target1/sfn/action ddal_sfn_wakeup_fd 90 100 DDAL_SFN_PERIODIC
CLI_OUTPUT: ret /Target1/sfn/action ddal_sfn_wakeup_fd 90 100 DDAL_SFN_PERIODIC ==&gt; done OK retv 0
CLI_OUTPUT: /Target1/sfn/action ddal_sfn_wakeup_fd 91 100 DDAL_SFN_PERIODIC
CLI_OUTPUT: ret /Target1/sfn/action ddal_sfn_wakeup_fd 91 100 DDAL_SFN_PERIODIC ==&gt; done OK retv 0
CLI_OUTPUT: /Target1/sfn/action ddal_sfn_wakeup_fd 91 100 DDAL_SFN_SPECIFIC
CLI_OUTPUT: ret /Target1/sfn/action ddal_sfn_wakeup_fd 91 100 DDAL_SFN_SPECIFIC ==&gt; done OK retv 0
CLI_OUTPUT: /Target1/sfn/action ddal_sfn_wakeup_fd 91 100 DDAL_SFN_PERIODIC
CLI_OUTPUT: ret /Target1/sfn/action ddal_sfn_wakeup_fd 91 100 DDAL_SFN_PERIODIC ==&gt; done OK retv 0
CLI_OUTPUT: /Target1/sfn/action ddal_sfn_wakeup_fd 92 100 DDAL_SFN_PERIODIC
CLI_OUTPUT: ret /Target1/sfn/action ddal_sfn_wakeup_fd 92 100 DDAL_SFN_PERIODIC ==&gt; done OK retv 0
CLI_OUTPUT: /Target1/sfn/action ddal_sfn_wakeup_fd 92 100 DDAL_SFN_SPECIFIC
CLI_OUTPUT: ret /Target1/sfn/action ddal_sfn_wakeup_fd 92 100 DDAL_SFN_SPECIFIC ==&gt; done OK retv 0
CLI_OUTPUT: /Target1/sfn/action ddal_sfn_wakeup_fd 92 100 DDAL_SFN_PERIODIC
CLI_OUTPUT: ret /Target1/sfn/action ddal_sfn_wakeup_fd 92 100 DDAL_SFN_PERIODIC ==&gt; done OK retv 0
CLI_OUTPUT: /Target1/sfn/action ddal_sfn_wakeup_fd 93 100 DDAL_SFN_PERIODIC
CLI_OUTPUT: ret /Target1/sfn/action ddal_sfn_wakeup_fd 93 100 DDAL_SFN_PERIODIC ==&gt; done OK retv 0
CLI_OUTPUT: /Target1/sfn/action ddal_sfn_wakeup_fd 93 100 DDAL_SFN_SPECIFIC
CLI_OUTPUT: ret /Target1/sfn/action ddal_sfn_wakeup_fd 93 100 DDAL_SFN_SPECIFIC ==&gt; done OK retv 0
CLI_OUTPUT: /Target1/sfn/action ddal_sfn_wakeup_fd 93 100 DDAL_SFN_PERIODIC
CLI_OUTPUT: ret /Target1/sfn/action ddal_sfn_wakeup_fd 93 100 DDAL_SFN_PERIODIC ==&gt; done OK retv 0
CLI_OUTPUT: /Target1/sfn/action ddal_sfn_wakeup_fd 94 100 DDAL_SFN_PERIODIC
CLI_OUTPUT: ret /Target1/sfn/action ddal_sfn_wakeup_fd 94 100 DDAL_SFN_PERIODIC ==&gt; done OK retv 0
CLI_OUTPUT: /Target1/sfn/action ddal_sfn_wakeup_fd 94 100 DDAL_SFN_SPECIFIC
CLI_OUTPUT: ret /Target1/sfn/action ddal_sfn_wakeup_fd 94 100 DDAL_SFN_SPECIFIC ==&gt; done OK retv 0
CLI_OUTPUT: /Target1/sfn/action ddal_sfn_wakeup_fd 94 100 DDAL_SFN_PERIODIC
CLI_OUTPUT: ret /Target1/sfn/action ddal_sfn_wakeup_fd 94 100 DDAL_SFN_PERIODIC ==&gt; done OK retv 0
CLI_OUTPUT: /Target1/sfn/action ddal_sfn_wakeup_fd 95 100 DDAL_SFN_PERIODIC
CLI_OUTPUT: ret /Target1/sfn/action ddal_sfn_wakeup_fd 95 100 DDAL_SFN_PERIODIC ==&gt; done OK retv 0
CLI_OUTPUT: /Target1/sfn/action ddal_sfn_wakeup_fd 95 100 DDAL_SFN_SPECIFIC
CLI_OUTPUT: ret /Target1/sfn/action ddal_sfn_wakeup_fd 95 100 DDAL_SFN_SPECIFIC ==&gt; done OK retv 0
CLI_OUTPUT: /Target1/sfn/action ddal_sfn_wakeup_fd 95 100 DDAL_SFN_PERIODIC
CLI_OUTPUT: ret /Target1/sfn/action ddal_sfn_wakeup_fd 95 100 DDAL_SFN_PERIODIC ==&gt; done OK retv 0
CLI_OUTPUT: /Target1/sfn/action ddal_sfn_wakeup_fd 96 100 DDAL_SFN_PERIODIC
CLI_OUTPUT: ret /Target1/sfn/action ddal_sfn_wakeup_fd 96 100 DDAL_SFN_PERIODIC ==&gt; done OK retv 0
CLI_OUTPUT: /Target1/sfn/action ddal_sfn_wakeup_fd 96 100 DDAL_SFN_SPECIFIC
CLI_OUTPUT: ret /Target1/sfn/action ddal_sfn_wakeup_fd 96 100 DDAL_SFN_SPECIFIC ==&gt; done OK retv 0
CLI_OUTPUT: /Target1/sfn/action ddal_sfn_wakeup_fd 96 100 DDAL_SFN_PERIODIC
CLI_OUTPUT: ret /Target1/sfn/action ddal_sfn_wakeup_fd 96 100 DDAL_SFN_PERIODIC ==&gt; done OK retv 0
CLI_OUTPUT: /Target1/sfn/action ddal_sfn_wakeup_fd 97 100 DDAL_SFN_PERIODIC
CLI_OUTPUT: ret /Target1/sfn/action ddal_sfn_wakeup_fd 97 100 DDAL_SFN_PERIODIC ==&gt; done OK retv 0
CLI_OUTPUT: /Target1/sfn/action ddal_sfn_wakeup_fd 97 100 DDAL_SFN_SPECIFIC
CLI_OUTPUT: ret /Target1/sfn/action ddal_sfn_wakeup_fd 97 100 DDAL_SFN_SPECIFIC ==&gt; done OK retv 0
CLI_OUTPUT: /Target1/sfn/action ddal_sfn_wakeup_fd 97 100 DDAL_SFN_PERIODIC
CLI_OUTPUT: ret /Target1/sfn/action ddal_sfn_wakeup_fd 97 100 DDAL_SFN_PERIODIC ==&gt; done OK retv 0
CLI_OUTPUT: /Target1/sfn/action ddal_sfn_wakeup_fd 98 100 DDAL_SFN_PERIODIC
CLI_OUTPUT: ret /Target1/sfn/action ddal_sfn_wakeup_fd 98 100 DDAL_SFN_PERIODIC ==&gt; done OK retv 0
CLI_OUTPUT: /Target1/sfn/action ddal_sfn_wakeup_fd 98 100 DDAL_SFN_SPECIFIC
CLI_OUTPUT: ret /Target1/sfn/action ddal_sfn_wakeup_fd 98 100 DDAL_SFN_SPECIFIC ==&gt; done OK retv 0
CLI_OUTPUT: /Target1/sfn/action ddal_sfn_wakeup_fd 98 100 DDAL_SFN_PERIODIC
CLI_OUTPUT: ret /Target1/sfn/action ddal_sfn_wakeup_fd 98 100 DDAL_SFN_PERIODIC ==&gt; done OK retv 0
CLI_OUTPUT: /Target1/sfn/action ddal_sfn_wakeup_fd 99 100 DDAL_SFN_PERIODIC
CLI_OUTPUT: ret /Target1/sfn/action ddal_sfn_wakeup_fd 99 100 DDAL_SFN_PERIODIC ==&gt; done OK retv 0
CLI_OUTPUT: /Target1/sfn/action ddal_sfn_wakeup_fd 99 100 DDAL_SFN_SPECIFIC
CLI_OUTPUT: ret /Target1/sfn/action ddal_sfn_wakeup_fd 99 100 DDAL_SFN_SPECIFIC ==&gt; done OK retv 0
CLI_OUTPUT: /Target1/sfn/action ddal_sfn_wakeup_fd 99 100 DDAL_SFN_PERIODIC
CLI_OUTPUT: ret /Target1/sfn/action ddal_sfn_wakeup_fd 99 100 DDAL_SFN_PERIODIC ==&gt; done OK retv 0
CLI_OUTPUT: /Target1/sfn/action ddal_sfn_wakeup_fd 100 100 DDAL_SFN_PERIODIC
CLI_OUTPUT: ret /Target1/sfn/action ddal_sfn_wakeup_fd 100 100 DDAL_SFN_PERIODIC ==&gt; done OK retv 0
CLI_OUTPUT: /Target1/sfn/action ddal_sfn_wakeup_fd 100 100 DDAL_SFN_SPECIFIC
CLI_OUTPUT: ret /Target1/sfn/action ddal_sfn_wakeup_fd 100 100 DDAL_SFN_SPECIFIC ==&gt; done OK retv 0
CLI_OUTPUT: /Target1/sfn/action ddal_sfn_wakeup_fd 100 100 DDAL_SFN_PERIODIC
CLI_OUTPUT: ret /Target1/sfn/action ddal_sfn_wakeup_fd 100 100 DDAL_SFN_PERIODIC ==&gt; done OK retv 0
CLI_OUTPUT: /Target1/sfn/action ddal_sfn_wakeup_fd 101 100 DDAL_SFN_PERIODIC
CLI_OUTPUT: ret /Target1/sfn/action ddal_sfn_wakeup_fd 101 100 DDAL_SFN_PERIODIC ==&gt; done OK retv 0
CLI_OUTPUT: /Target1/sfn/action ddal_sfn_wakeup_fd 101 100 DDAL_SFN_SPECIFIC
CLI_OUTPUT: ret /Target1/sfn/action ddal_sfn_wakeup_fd 101 100 DDAL_SFN_SPECIFIC ==&gt; done OK retv 0
CLI_OUTPUT: /Target1/sfn/action ddal_sfn_wakeup_fd 101 100 DDAL_SFN_PERIODIC
CLI_OUTPUT: ret /Target1/sfn/action ddal_sfn_wakeup_fd 101 100 DDAL_SFN_PERIODIC ==&gt; done OK retv 0
CLI_OUTPUT: /Target1/sfn/action ddal_sfn_wakeup_fd 102 100 DDAL_SFN_PERIODIC
CLI_OUTPUT: ret /Target1/sfn/action ddal_sfn_wakeup_fd 102 100 DDAL_SFN_PERIODIC ==&gt; done OK retv 0
CLI_OUTPUT: /Target1/sfn/action ddal_sfn_wakeup_fd 102 100 DDAL_SFN_SPECIFIC
CLI_OUTPUT: ret /Target1/sfn/action ddal_sfn_wakeup_fd 102 100 DDAL_SFN_SPECIFIC ==&gt; done OK retv 0
CLI_OUTPUT: /Target1/sfn/action ddal_sfn_wakeup_fd 102 100 DDAL_SFN_PERIODIC
CLI_OUTPUT: ret /Target1/sfn/action ddal_sfn_wakeup_fd 102 100 DDAL_SFN_PERIODIC ==&gt; done OK retv 0
CLI_OUTPUT: /Target1/sfn/action ddal_sfn_wakeup_fd 103 100 DDAL_SFN_PERIODIC
CLI_OUTPUT: ret /Target1/sfn/action ddal_sfn_wakeup_fd 103 100 DDAL_SFN_PERIODIC ==&gt; done OK retv 0
CLI_OUTPUT: /Target1/sfn/action ddal_sfn_wakeup_fd 103 100 DDAL_SFN_SPECIFIC
CLI_OUTPUT: ret /Target1/sfn/action ddal_sfn_wakeup_fd 103 100 DDAL_SFN_SPECIFIC ==&gt; done OK retv 0
CLI_OUTPUT: /Target1/sfn/action ddal_sfn_wakeup_fd 103 100 DDAL_SFN_PERIODIC
CLI_OUTPUT: ret /Target1/sfn/action ddal_sfn_wakeup_fd 103 100 DDAL_SFN_PERIODIC ==&gt; done OK retv 0
CLI_OUTPUT: /Target1/sfn/action ddal_sfn_wakeup_fd 104 100 DDAL_SFN_PERIODIC
CLI_OUTPUT: ret /Target1/sfn/action ddal_sfn_wakeup_fd 104 100 DDAL_SFN_PERIODIC ==&gt; done OK retv 0
CLI_OUTPUT: /Target1/sfn/action ddal_sfn_wakeup_fd 104 100 DDAL_SFN_SPECIFIC
CLI_OUTPUT: ret /Target1/sfn/action ddal_sfn_wakeup_fd 104 100 DDAL_SFN_SPECIFIC ==&gt; done OK retv 0
CLI_OUTPUT: /Target1/sfn/action ddal_sfn_wakeup_fd 104 100 DDAL_SFN_PERIODIC
CLI_OUTPUT: ret /Target1/sfn/action ddal_sfn_wakeup_fd 104 100 DDAL_SFN_PERIODIC ==&gt; done OK retv 0
CLI_OUTPUT: /Target1/sfn/action ddal_sfn_wakeup_fd 105 100 DDAL_SFN_PERIODIC
CLI_OUTPUT: ret /Target1/sfn/action ddal_sfn_wakeup_fd 105 100 DDAL_SFN_PERIODIC ==&gt; done OK retv 0
CLI_OUTPUT: /Target1/sfn/action ddal_sfn_wakeup_fd 105 100 DDAL_SFN_SPECIFIC
CLI_OUTPUT: ret /Target1/sfn/action ddal_sfn_wakeup_fd 105 100 DDAL_SFN_SPECIFIC ==&gt; done OK retv 0
CLI_OUTPUT: /Target1/sfn/action ddal_sfn_wakeup_fd 105 100 DDAL_SFN_PERIODIC
CLI_OUTPUT: ret /Target1/sfn/action ddal_sfn_wakeup_fd 105 100 DDAL_SFN_PERIODIC ==&gt; done OK retv 0
CLI_OUTPUT: /Target1/sfn/action ddal_sfn_wakeup_fd 106 100 DDAL_SFN_PERIODIC
CLI_OUTPUT: ret /Target1/sfn/action ddal_sfn_wakeup_fd 106 100 DDAL_SFN_PERIODIC ==&gt; done OK retv 0
CLI_OUTPUT: /Target1/sfn/action ddal_sfn_wakeup_fd 106 100 DDAL_SFN_SPECIFIC
CLI_OUTPUT: ret /Target1/sfn/action ddal_sfn_wakeup_fd 106 100 DDAL_SFN_SPECIFIC ==&gt; done OK retv 0
CLI_OUTPUT: /Target1/sfn/action ddal_sfn_wakeup_fd 106 100 DDAL_SFN_PERIODIC
CLI_OUTPUT: ret /Target1/sfn/action ddal_sfn_wakeup_fd 106 100 DDAL_SFN_PERIODIC ==&gt; done OK retv 0
CLI_OUTPUT: /Target1/sfn/action ddal_sfn_wakeup_fd 107 100 DDAL_SFN_PERIODIC
CLI_OUTPUT: ret /Target1/sfn/action ddal_sfn_wakeup_fd 107 100 DDAL_SFN_PERIODIC ==&gt; done OK retv 0
CLI_OUTPUT: /Target1/sfn/action ddal_sfn_wakeup_fd 107 100 DDAL_SFN_SPECIFIC
CLI_OUTPUT: ret /Target1/sfn/action ddal_sfn_wakeup_fd 107 100 DDAL_SFN_SPECIFIC ==&gt; done OK retv 0
CLI_OUTPUT: /Target1/sfn/action ddal_sfn_wakeup_fd 107 100 DDAL_SFN_PERIODIC
CLI_OUTPUT: ret /Target1/sfn/action ddal_sfn_wakeup_fd 107 100 DDAL_SFN_PERIODIC ==&gt; done OK retv 0
CLI_OUTPUT: /Target1/sfn/action ddal_sfn_wakeup_fd 108 100 DDAL_SFN_PERIODIC
CLI_OUTPUT: ret /Target1/sfn/action ddal_sfn_wakeup_fd 108 100 DDAL_SFN_PERIODIC ==&gt; done OK retv 0
CLI_OUTPUT: /Target1/sfn/action ddal_sfn_wakeup_fd 108 100 DDAL_SFN_SPECIFIC
CLI_OUTPUT: ret /Target1/sfn/action ddal_sfn_wakeup_fd 108 100 DDAL_SFN_SPECIFIC ==&gt; done OK retv 0
CLI_OUTPUT: /Target1/sfn/action ddal_sfn_wakeup_fd 108 100 DDAL_SFN_PERIODIC
CLI_OUTPUT: ret /Target1/sfn/action ddal_sfn_wakeup_fd 108 100 DDAL_SFN_PERIODIC ==&gt; done OK retv 0
CLI_OUTPUT: /Target1/sfn/action ddal_sfn_wakeup_fd 109 100 DDAL_SFN_PERIODIC
CLI_OUTPUT: ret /Target1/sfn/action ddal_sfn_wakeup_fd 109 100 DDAL_SFN_PERIODIC ==&gt; done OK retv 0
CLI_OUTPUT: /Target1/sfn/action ddal_sfn_wakeup_fd 109 100 DDAL_SFN_SPECIFIC
CLI_OUTPUT: ret /Target1/sfn/action ddal_sfn_wakeup_fd 109 100 DDAL_SFN_SPECIFIC ==&gt; done OK retv 0
CLI_OUTPUT: /Target1/sfn/action ddal_sfn_wakeup_fd 109 100 DDAL_SFN_PERIODIC
CLI_OUTPUT: ret /Target1/sfn/action ddal_sfn_wakeup_fd 109 100 DDAL_SFN_PERIODIC ==&gt; done OK retv 0
CLI_OUTPUT: /Target1/sfn/action ddal_sfn_wakeup_fd 110 100 DDAL_SFN_PERIODIC
CLI_OUTPUT: ret /Target1/sfn/action ddal_sfn_wakeup_fd 110 100 DDAL_SFN_PERIODIC ==&gt; done OK retv 0
CLI_OUTPUT: /Target1/sfn/action ddal_sfn_wakeup_fd 110 100 DDAL_SFN_SPECIFIC
CLI_OUTPUT: ret /Target1/sfn/action ddal_sfn_wakeup_fd 110 100 DDAL_SFN_SPECIFIC ==&gt; done OK retv 0
CLI_OUTPUT: /Target1/sfn/action ddal_sfn_wakeup_fd 110 100 DDAL_SFN_PERIODIC
CLI_OUTPUT: ret /Target1/sfn/action ddal_sfn_wakeup_fd 110 100 DDAL_SFN_PERIODIC ==&gt; done OK retv 0
CLI_OUTPUT: /Target1/sfn/action ddal_sfn_wakeup_fd 111 100 DDAL_SFN_PERIODIC
CLI_OUTPUT: ret /Target1/sfn/action ddal_sfn_wakeup_fd 111 100 DDAL_SFN_PERIODIC ==&gt; done OK retv 0
CLI_OUTPUT: /Target1/sfn/action ddal_sfn_wakeup_fd 111 100 DDAL_SFN_SPECIFIC
CLI_OUTPUT: ret /Target1/sfn/action ddal_sfn_wakeup_fd 111 100 DDAL_SFN_SPECIFIC ==&gt; done OK retv 0
CLI_OUTPUT: /Target1/sfn/action ddal_sfn_wakeup_fd 111 100 DDAL_SFN_PERIODIC
CLI_OUTPUT: ret /Target1/sfn/action ddal_sfn_wakeup_fd 111 100 DDAL_SFN_PERIODIC ==&gt; done OK retv 0
CLI_OUTPUT: /Target1/sfn/action ddal_sfn_wakeup_fd 112 100 DDAL_SFN_PERIODIC
CLI_OUTPUT: ret /Target1/sfn/action ddal_sfn_wakeup_fd 112 100 DDAL_SFN_PERIODIC ==&gt; done OK retv 0
CLI_OUTPUT: /Target1/sfn/action ddal_sfn_wakeup_fd 112 100 DDAL_SFN_SPECIFIC
CLI_OUTPUT: ret /Target1/sfn/action ddal_sfn_wakeup_fd 112 100 DDAL_SFN_SPECIFIC ==&gt; done OK retv 0
CLI_OUTPUT: /Target1/sfn/action ddal_sfn_wakeup_fd 112 100 DDAL_SFN_PERIODIC
CLI_OUTPUT: ret /Target1/sfn/action ddal_sfn_wakeup_fd 112 100 DDAL_SFN_PERIODIC ==&gt; done OK retv 0
CLI_OUTPUT: /Target1/sfn/action ddal_sfn_wakeup_fd 113 100 DDAL_SFN_PERIODIC
CLI_OUTPUT: ret /Target1/sfn/action ddal_sfn_wakeup_fd 113 100 DDAL_SFN_PERIODIC ==&gt; done OK retv 0
CLI_OUTPUT: /Target1/sfn/action ddal_sfn_wakeup_fd 113 100 DDAL_SFN_SPECIFIC
CLI_OUTPUT: ret /Target1/sfn/action ddal_sfn_wakeup_fd 113 100 DDAL_SFN_SPECIFIC ==&gt; done OK retv 0
CLI_OUTPUT: /Target1/sfn/action ddal_sfn_wakeup_fd 113 100 DDAL_SFN_PERIODIC
CLI_OUTPUT: ret /Target1/sfn/action ddal_sfn_wakeup_fd 113 100 DDAL_SFN_PERIODIC ==&gt; done OK retv 0
CLI_OUTPUT: /Target1/sfn/action ddal_sfn_wakeup_fd 114 100 DDAL_SFN_PERIODIC
CLI_OUTPUT: ret /Target1/sfn/action ddal_sfn_wakeup_fd 114 100 DDAL_SFN_PERIODIC ==&gt; done OK retv 0
CLI_OUTPUT: /Target1/sfn/action ddal_sfn_wakeup_fd 114 100 DDAL_SFN_SPECIFIC
CLI_OUTPUT: ret /Target1/sfn/action ddal_sfn_wakeup_fd 114 100 DDAL_SFN_SPECIFIC ==&gt; done OK retv 0
CLI_OUTPUT: /Target1/sfn/action ddal_sfn_wakeup_fd 114 100 DDAL_SFN_PERIODIC
CLI_OUTPUT: ret /Target1/sfn/action ddal_sfn_wakeup_fd 114 100 DDAL_SFN_PERIODIC ==&gt; done OK retv 0
CLI_OUTPUT: /Target1/sfn/action ddal_sfn_wakeup_fd 115 100 DDAL_SFN_PERIODIC
CLI_OUTPUT: ret /Target1/sfn/action ddal_sfn_wakeup_fd 115 100 DDAL_SFN_PERIODIC ==&gt; done OK retv 0
CLI_OUTPUT: /Target1/sfn/action ddal_sfn_wakeup_fd 115 100 DDAL_SFN_SPECIFIC
CLI_OUTPUT: ret /Target1/sfn/action ddal_sfn_wakeup_fd 115 100 DDAL_SFN_SPECIFIC ==&gt; done OK retv 0
CLI_OUTPUT: /Target1/sfn/action ddal_sfn_wakeup_fd 115 100 DDAL_SFN_PERIODIC
CLI_OUTPUT: ret /Target1/sfn/action ddal_sfn_wakeup_fd 115 100 DDAL_SFN_PERIODIC ==&gt; done OK retv 0
CLI_OUTPUT: /Target1/sfn/action ddal_sfn_wakeup_fd 116 100 DDAL_SFN_PERIODIC
CLI_OUTPUT: ret /Target1/sfn/action ddal_sfn_wakeup_fd 116 100 DDAL_SFN_PERIODIC ==&gt; done OK retv 0
CLI_OUTPUT: /Target1/sfn/action ddal_sfn_wakeup_fd 116 100 DDAL_SFN_SPECIFIC
CLI_OUTPUT: ret /Target1/sfn/action ddal_sfn_wakeup_fd 116 100 DDAL_SFN_SPECIFIC ==&gt; done OK retv 0
CLI_OUTPUT: /Target1/sfn/action ddal_sfn_wakeup_fd 116 100 DDAL_SFN_PERIODIC
CLI_OUTPUT: ret /Target1/sfn/action ddal_sfn_wakeup_fd 116 100 DDAL_SFN_PERIODIC ==&gt; done OK retv 0
CLI_OUTPUT: /Target1/sfn/action ddal_sfn_wakeup_fd 117 100 DDAL_SFN_PERIODIC
CLI_OUTPUT: ret /Target1/sfn/action ddal_sfn_wakeup_fd 117 100 DDAL_SFN_PERIODIC ==&gt; done OK retv 0
CLI_OUTPUT: /Target1/sfn/action ddal_sfn_wakeup_fd 117 100 DDAL_SFN_SPECIFIC
CLI_OUTPUT: ret /Target1/sfn/action ddal_sfn_wakeup_fd 117 100 DDAL_SFN_SPECIFIC ==&gt; done OK retv 0
CLI_OUTPUT: /Target1/sfn/action ddal_sfn_wakeup_fd 117 100 DDAL_SFN_PERIODIC
CLI_OUTPUT: ret /Target1/sfn/action ddal_sfn_wakeup_fd 117 100 DDAL_SFN_PERIODIC ==&gt; done OK retv 0
CLI_OUTPUT: /Target1/sfn/action ddal_sfn_wakeup_fd 118 100 DDAL_SFN_PERIODIC
CLI_OUTPUT: ret /Target1/sfn/action ddal_sfn_wakeup_fd 118 100 DDAL_SFN_PERIODIC ==&gt; done OK retv 0
CLI_OUTPUT: /Target1/sfn/action ddal_sfn_wakeup_fd 118 100 DDAL_SFN_SPECIFIC
CLI_OUTPUT: ret /Target1/sfn/action ddal_sfn_wakeup_fd 118 100 DDAL_SFN_SPECIFIC ==&gt; done OK retv 0
CLI_OUTPUT: /Target1/sfn/action ddal_sfn_wakeup_fd 118 100 DDAL_SFN_PERIODIC
CLI_OUTPUT: ret /Target1/sfn/action ddal_sfn_wakeup_fd 118 100 DDAL_SFN_PERIODIC ==&gt; done OK retv 0
CLI_OUTPUT: /Target1/sfn/action ddal_sfn_wakeup_fd 119 100 DDAL_SFN_PERIODIC
CLI_OUTPUT: ret /Target1/sfn/action ddal_sfn_wakeup_fd 119 100 DDAL_SFN_PERIODIC ==&gt; done OK retv 0
CLI_OUTPUT: /Target1/sfn/action ddal_sfn_wakeup_fd 119 100 DDAL_SFN_SPECIFIC
CLI_OUTPUT: ret /Target1/sfn/action ddal_sfn_wakeup_fd 119 100 DDAL_SFN_SPECIFIC ==&gt; done OK retv 0
CLI_OUTPUT: /Target1/sfn/action ddal_sfn_wakeup_fd 119 100 DDAL_SFN_PERIODIC
CLI_OUTPUT: ret /Target1/sfn/action ddal_sfn_wakeup_fd 119 100 DDAL_SFN_PERIODIC ==&gt; done OK retv 0
CLI_OUTPUT: /Target1/sfn/action ddal_sfn_wakeup_fd 120 100 DDAL_SFN_PERIODIC
CLI_OUTPUT: ret /Target1/sfn/action ddal_sfn_wakeup_fd 120 100 DDAL_SFN_PERIODIC ==&gt; done OK retv 0
CLI_OUTPUT: /Target1/sfn/action ddal_sfn_wakeup_fd 120 100 DDAL_SFN_SPECIFIC
CLI_OUTPUT: ret /Target1/sfn/action ddal_sfn_wakeup_fd 120 100 DDAL_SFN_SPECIFIC ==&gt; done OK retv 0
CLI_OUTPUT: /Target1/sfn/action ddal_sfn_wakeup_fd 120 100 DDAL_SFN_PERIODIC
CLI_OUTPUT: ret /Target1/sfn/action ddal_sfn_wakeup_fd 120 100 DDAL_SFN_PERIODIC ==&gt; done OK retv 0
CLI_OUTPUT: /Target1/sfn/action ddal_sfn_wakeup_fd 121 100 DDAL_SFN_PERIODIC
CLI_OUTPUT: ret /Target1/sfn/action ddal_sfn_wakeup_fd 121 100 DDAL_SFN_PERIODIC ==&gt; done OK retv 0
CLI_OUTPUT: /Target1/sfn/action ddal_sfn_wakeup_fd 121 100 DDAL_SFN_SPECIFIC
CLI_OUTPUT: ret /Target1/sfn/action ddal_sfn_wakeup_fd 121 100 DDAL_SFN_SPECIFIC ==&gt; done OK retv 0
CLI_OUTPUT: /Target1/sfn/action ddal_sfn_wakeup_fd 121 100 DDAL_SFN_PERIODIC
CLI_OUTPUT: ret /Target1/sfn/action ddal_sfn_wakeup_fd 121 100 DDAL_SFN_PERIODIC ==&gt; done OK retv 0
CLI_OUTPUT: /Target1/sfn/action ddal_sfn_wakeup_fd 122 100 DDAL_SFN_PERIODIC
CLI_OUTPUT: ret /Target1/sfn/action ddal_sfn_wakeup_fd 122 100 DDAL_SFN_PERIODIC ==&gt; done OK retv 0
CLI_OUTPUT: /Target1/sfn/action ddal_sfn_wakeup_fd 122 100 DDAL_SFN_SPECIFIC
CLI_OUTPUT: ret /Target1/sfn/action ddal_sfn_wakeup_fd 122 100 DDAL_SFN_SPECIFIC ==&gt; done OK retv 0
CLI_OUTPUT: /Target1/sfn/action ddal_sfn_wakeup_fd 122 100 DDAL_SFN_PERIODIC
CLI_OUTPUT: ret /Target1/sfn/action ddal_sfn_wakeup_fd 122 100 DDAL_SFN_PERIODIC ==&gt; done OK retv 0
CLI_OUTPUT: /Target1/sfn/action ddal_sfn_wakeup_fd 123 100 DDAL_SFN_PERIODIC
CLI_OUTPUT: ret /Target1/sfn/action ddal_sfn_wakeup_fd 123 100 DDAL_SFN_PERIODIC ==&gt; done OK retv 0
CLI_OUTPUT: /Target1/sfn/action ddal_sfn_wakeup_fd 123 100 DDAL_SFN_SPECIFIC
CLI_OUTPUT: ret /Target1/sfn/action ddal_sfn_wakeup_fd 123 100 DDAL_SFN_SPECIFIC ==&gt; done OK retv 0
CLI_OUTPUT: /Target1/sfn/action ddal_sfn_wakeup_fd 123 100 DDAL_SFN_PERIODIC
CLI_OUTPUT: ret /Target1/sfn/action ddal_sfn_wakeup_fd 123 100 DDAL_SFN_PERIODIC ==&gt; done OK retv 0
CLI_OUTPUT: /Target1/sfn/action ddal_sfn_wakeup_fd 124 100 DDAL_SFN_PERIODIC
CLI_OUTPUT: ret /Target1/sfn/action ddal_sfn_wakeup_fd 124 100 DDAL_SFN_PERIODIC ==&gt; done OK retv 0
CLI_OUTPUT: /Target1/sfn/action ddal_sfn_wakeup_fd 124 100 DDAL_SFN_SPECIFIC
CLI_OUTPUT: ret /Target1/sfn/action ddal_sfn_wakeup_fd 124 100 DDAL_SFN_SPECIFIC ==&gt; done OK retv 0
CLI_OUTPUT: /Target1/sfn/action ddal_sfn_wakeup_fd 124 100 DDAL_SFN_PERIODIC
CLI_OUTPUT: ret /Target1/sfn/action ddal_sfn_wakeup_fd 124 100 DDAL_SFN_PERIODIC ==&gt; done OK retv 0
CLI_OUTPUT: /Target1/sfn/action ddal_sfn_wakeup_fd 125 100 DDAL_SFN_PERIODIC
CLI_OUTPUT: ret /Target1/sfn/action ddal_sfn_wakeup_fd 125 100 DDAL_SFN_PERIODIC ==&gt; done OK retv 0
CLI_OUTPUT: /Target1/sfn/action ddal_sfn_wakeup_fd 125 100 DDAL_SFN_SPECIFIC
CLI_OUTPUT: ret /Target1/sfn/action ddal_sfn_wakeup_fd 125 100 DDAL_SFN_SPECIFIC ==&gt; done OK retv 0
CLI_OUTPUT: /Target1/sfn/action ddal_sfn_wakeup_fd 125 100 DDAL_SFN_PERIODIC
CLI_OUTPUT: ret /Target1/sfn/action ddal_sfn_wakeup_fd 125 100 DDAL_SFN_PERIODIC ==&gt; done OK retv 0
CLI_OUTPUT: /Target1/sfn/action ddal_sfn_wakeup_fd 126 100 DDAL_SFN_PERIODIC
CLI_OUTPUT: ret /Target1/sfn/action ddal_sfn_wakeup_fd 126 100 DDAL_SFN_PERIODIC ==&gt; done OK retv 0
CLI_OUTPUT: /Target1/sfn/action ddal_sfn_wakeup_fd 126 100 DDAL_SFN_SPECIFIC
CLI_OUTPUT: ret /Target1/sfn/action ddal_sfn_wakeup_fd 126 100 DDAL_SFN_SPECIFIC ==&gt; done OK retv 0
CLI_OUTPUT: /Target1/sfn/action ddal_sfn_wakeup_fd 126 100 DDAL_SFN_PERIODIC
CLI_OUTPUT: ret /Target1/sfn/action ddal_sfn_wakeup_fd 126 100 DDAL_SFN_PERIODIC ==&gt; done OK retv 0
CLI_OUTPUT: /Target1/sfn/action ddal_sfn_wakeup_fd 127 100 DDAL_SFN_PERIODIC
CLI_OUTPUT: ret /Target1/sfn/action ddal_sfn_wakeup_fd 127 100 DDAL_SFN_PERIODIC ==&gt; done OK retv 0
CLI_OUTPUT: /Target1/sfn/action ddal_sfn_wakeup_fd 127 100 DDAL_SFN_SPECIFIC
CLI_OUTPUT: ret /Target1/sfn/action ddal_sfn_wakeup_fd 127 100 DDAL_SFN_SPECIFIC ==&gt; done OK retv 0
CLI_OUTPUT: /Target1/sfn/action ddal_sfn_wakeup_fd 127 100 DDAL_SFN_PERIODIC
CLI_OUTPUT: ret /Target1/sfn/action ddal_sfn_wakeup_fd 127 100 DDAL_SFN_PERIODIC ==&gt; done OK retv 0
CLI_OUTPUT: /Target1/sfn/action ddal_sfn_wakeup_fd 128 100 DDAL_SFN_PERIODIC
CLI_OUTPUT: ret /Target1/sfn/action ddal_sfn_wakeup_fd 128 100 DDAL_SFN_PERIODIC ==&gt; done OK retv 0
CLI_OUTPUT: /Target1/sfn/action ddal_sfn_wakeup_fd 128 100 DDAL_SFN_SPECIFIC
CLI_OUTPUT: ret /Target1/sfn/action ddal_sfn_wakeup_fd 128 100 DDAL_SFN_SPECIFIC ==&gt; done OK retv 0
CLI_OUTPUT: /Target1/sfn/action ddal_sfn_wakeup_fd 128 100 DDAL_SFN_PERIODIC
CLI_OUTPUT: ret /Target1/sfn/action ddal_sfn_wakeup_fd 128 100 DDAL_SFN_PERIODIC ==&gt; done OK retv 0
CLI_OUTPUT: /Target1/sfn/action ddal_sfn_wakeup_fd 129 100 DDAL_SFN_PERIODIC
CLI_OUTPUT: ret /Target1/sfn/action ddal_sfn_wakeup_fd 129 100 DDAL_SFN_PERIODIC ==&gt; done OK retv 0
CLI_OUTPUT: /Target1/sfn/action ddal_sfn_wakeup_fd 129 100 DDAL_SFN_SPECIFIC
CLI_OUTPUT: ret /Target1/sfn/action ddal_sfn_wakeup_fd 129 100 DDAL_SFN_SPECIFIC ==&gt; done OK retv 0
CLI_OUTPUT: /Target1/sfn/action ddal_sfn_wakeup_fd 129 100 DDAL_SFN_PERIODIC
CLI_OUTPUT: ret /Target1/sfn/action ddal_sfn_wakeup_fd 129 100 DDAL_SFN_PERIODIC ==&gt; done OK retv 0
CLI_OUTPUT: /Target1/sfn/action ddal_sfn_wakeup_fd 130 100 DDAL_SFN_PERIODIC
CLI_OUTPUT: ret /Target1/sfn/action ddal_sfn_wakeup_fd 130 100 DDAL_SFN_PERIODIC ==&gt; done OK retv 0
CLI_OUTPUT: /Target1/sfn/action ddal_sfn_wakeup_fd 130 100 DDAL_SFN_SPECIFIC
CLI_OUTPUT: ret /Target1/sfn/action ddal_sfn_wakeup_fd 130 100 DDAL_SFN_SPECIFIC ==&gt; done OK retv 0
CLI_OUTPUT: /Target1/sfn/action ddal_sfn_wakeup_fd 130 100 DDAL_SFN_PERIODIC
CLI_OUTPUT: ret /Target1/sfn/action ddal_sfn_wakeup_fd 130 100 DDAL_SFN_PERIODIC ==&gt; done OK retv 0
CLI_OUTPUT: /Target1/sfn/action ddal_sfn_wakeup_fd 131 100 DDAL_SFN_PERIODIC
CLI_OUTPUT: ret /Target1/sfn/action ddal_sfn_wakeup_fd 131 100 DDAL_SFN_PERIODIC ==&gt; done OK retv 0
CLI_OUTPUT: /Target1/sfn/action ddal_sfn_wakeup_fd 131 100 DDAL_SFN_SPECIFIC
CLI_OUTPUT: ret /Target1/sfn/action ddal_sfn_wakeup_fd 131 100 DDAL_SFN_SPECIFIC ==&gt; done OK retv 0
CLI_OUTPUT: /Target1/sfn/action ddal_sfn_wakeup_fd 131 100 DDAL_SFN_PERIODIC
CLI_OUTPUT: ret /Target1/sfn/action ddal_sfn_wakeup_fd 131 100 DDAL_SFN_PERIODIC ==&gt; done OK retv 0
CLI_OUTPUT: /Target1/sfn/action ddal_sfn_wakeup_fd 132 100 DDAL_SFN_PERIODIC
CLI_OUTPUT: ret /Target1/sfn/action ddal_sfn_wakeup_fd 132 100 DDAL_SFN_PERIODIC ==&gt; done OK retv 0
CLI_OUTPUT: /Target1/sfn/action ddal_sfn_wakeup_fd 132 100 DDAL_SFN_SPECIFIC
CLI_OUTPUT: ret /Target1/sfn/action ddal_sfn_wakeup_fd 132 100 DDAL_SFN_SPECIFIC ==&gt; done OK retv 0
CLI_OUTPUT: /Target1/sfn/action ddal_sfn_wakeup_fd 132 100 DDAL_SFN_PERIODIC
CLI_OUTPUT: ret /Target1/sfn/action ddal_sfn_wakeup_fd 132 100 DDAL_SFN_PERIODIC ==&gt; done OK retv 0
CLI_OUTPUT: /Target1/sfn/action ddal_sfn_wakeup_fd 133 100 DDAL_SFN_PERIODIC
CLI_OUTPUT: ret /Target1/sfn/action ddal_sfn_wakeup_fd 133 100 DDAL_SFN_PERIODIC ==&gt; done OK retv 0
CLI_OUTPUT: /Target1/sfn/action ddal_sfn_wakeup_fd 133 100 DDAL_SFN_SPECIFIC
CLI_OUTPUT: ret /Target1/sfn/action ddal_sfn_wakeup_fd 133 100 DDAL_SFN_SPECIFIC ==&gt; done OK retv 0
CLI_OUTPUT: /Target1/sfn/action ddal_sfn_wakeup_fd 133 100 DDAL_SFN_PERIODIC
CLI_OUTPUT: ret /Target1/sfn/action ddal_sfn_wakeup_fd 133 100 DDAL_SFN_PERIODIC ==&gt; done OK retv 0
CLI_OUTPUT: /Target1/sfn/action ddal_sfn_wakeup_fd 134 100 DDAL_SFN_PERIODIC
CLI_OUTPUT: ret /Target1/sfn/action ddal_sfn_wakeup_fd 134 100 DDAL_SFN_PERIODIC ==&gt; done OK retv 0
CLI_OUTPUT: /Target1/sfn/action ddal_sfn_wakeup_fd 134 100 DDAL_SFN_SPECIFIC
CLI_OUTPUT: ret /Target1/sfn/action ddal_sfn_wakeup_fd 134 100 DDAL_SFN_SPECIFIC ==&gt; done OK retv 0
CLI_OUTPUT: /Target1/sfn/action ddal_sfn_wakeup_fd 134 100 DDAL_SFN_PERIODIC
CLI_OUTPUT: ret /Target1/sfn/action ddal_sfn_wakeup_fd 134 100 DDAL_SFN_PERIODIC ==&gt; done OK retv 0
CLI_OUTPUT: /Target1/sfn/action ddal_sfn_wakeup_fd 135 100 DDAL_SFN_PERIODIC
CLI_OUTPUT: ret /Target1/sfn/action ddal_sfn_wakeup_fd 135 100 DDAL_SFN_PERIODIC ==&gt; done OK retv 0
CLI_OUTPUT: /Target1/sfn/action ddal_sfn_wakeup_fd 135 100 DDAL_SFN_SPECIFIC
CLI_OUTPUT: ret /Target1/sfn/action ddal_sfn_wakeup_fd 135 100 DDAL_SFN_SPECIFIC ==&gt; done OK retv 0
CLI_OUTPUT: /Target1/sfn/action ddal_sfn_wakeup_fd 135 100 DDAL_SFN_PERIODIC
CLI_OUTPUT: ret /Target1/sfn/action ddal_sfn_wakeup_fd 135 100 DDAL_SFN_PERIODIC ==&gt; done OK retv 0
CLI_OUTPUT: /Target1/sfn/action ddal_sfn_wakeup_fd 136 100 DDAL_SFN_PERIODIC
CLI_OUTPUT: ret /Target1/sfn/action ddal_sfn_wakeup_fd 136 100 DDAL_SFN_PERIODIC ==&gt; done OK retv 0
CLI_OUTPUT: /Target1/sfn/action ddal_sfn_wakeup_fd 136 100 DDAL_SFN_SPECIFIC
CLI_OUTPUT: ret /Target1/sfn/action ddal_sfn_wakeup_fd 136 100 DDAL_SFN_SPECIFIC ==&gt; done OK retv 0
CLI_OUTPUT: /Target1/sfn/action ddal_sfn_wakeup_fd 136 100 DDAL_SFN_PERIODIC
CLI_OUTPUT: ret /Target1/sfn/action ddal_sfn_wakeup_fd 136 100 DDAL_SFN_PERIODIC ==&gt; done OK retv 0
CLI_OUTPUT: /Target1/sfn/action ddal_sfn_wakeup_fd 137 100 DDAL_SFN_PERIODIC
CLI_OUTPUT: ret /Target1/sfn/action ddal_sfn_wakeup_fd 137 100 DDAL_SFN_PERIODIC ==&gt; done OK retv 0
CLI_OUTPUT: /Target1/sfn/action ddal_sfn_wakeup_fd 137 100 DDAL_SFN_SPECIFIC
CLI_OUTPUT: ret /Target1/sfn/action ddal_sfn_wakeup_fd 137 100 DDAL_SFN_SPECIFIC ==&gt; done OK retv 0
CLI_OUTPUT: /Target1/sfn/action ddal_sfn_wakeup_fd 137 100 DDAL_SFN_PERIODIC
CLI_OUTPUT: ret /Target1/sfn/action ddal_sfn_wakeup_fd 137 100 DDAL_SFN_PERIODIC ==&gt; done OK retv 0
CLI_OUTPUT: /Target1/sfn/action ddal_sfn_wakeup_fd 138 100 DDAL_SFN_PERIODIC
CLI_OUTPUT: ret /Target1/sfn/action ddal_sfn_wakeup_fd 138 100 DDAL_SFN_PERIODIC ==&gt; done OK retv 0
CLI_OUTPUT: /Target1/sfn/action ddal_sfn_wakeup_fd 138 100 DDAL_SFN_SPECIFIC
CLI_OUTPUT: ret /Target1/sfn/action ddal_sfn_wakeup_fd 138 100 DDAL_SFN_SPECIFIC ==&gt; done OK retv 0
CLI_OUTPUT: /Target1/sfn/action ddal_sfn_wakeup_fd 138 100 DDAL_SFN_PERIODIC
CLI_OUTPUT: ret /Target1/sfn/action ddal_sfn_wakeup_fd 138 100 DDAL_SFN_PERIODIC ==&gt; done OK retv 0
CLI_OUTPUT: /Target1/sfn/action ddal_sfn_wakeup_fd 139 100 DDAL_SFN_PERIODIC
CLI_OUTPUT: ret /Target1/sfn/action ddal_sfn_wakeup_fd 139 100 DDAL_SFN_PERIODIC ==&gt; done OK retv 0
CLI_OUTPUT: /Target1/sfn/action ddal_sfn_wakeup_fd 139 100 DDAL_SFN_SPECIFIC
CLI_OUTPUT: ret /Target1/sfn/action ddal_sfn_wakeup_fd 139 100 DDAL_SFN_SPECIFIC ==&gt; done OK retv 0
CLI_OUTPUT: /Target1/sfn/action ddal_sfn_wakeup_fd 139 100 DDAL_SFN_PERIODIC
CLI_OUTPUT: ret /Target1/sfn/action ddal_sfn_wakeup_fd 139 100 DDAL_SFN_PERIODIC ==&gt; done OK retv 0
CLI_OUTPUT: /Target1/sfn/action ddal_sfn_wakeup_fd 140 100 DDAL_SFN_PERIODIC
CLI_OUTPUT: ret /Target1/sfn/action ddal_sfn_wakeup_fd 140 100 DDAL_SFN_PERIODIC ==&gt; done OK retv 0
CLI_OUTPUT: /Target1/sfn/action ddal_sfn_wakeup_fd 140 100 DDAL_SFN_SPECIFIC
CLI_OUTPUT: ret /Target1/sfn/action ddal_sfn_wakeup_fd 140 100 DDAL_SFN_SPECIFIC ==&gt; done OK retv 0
CLI_OUTPUT: /Target1/sfn/action ddal_sfn_wakeup_fd 140 100 DDAL_SFN_PERIODIC
CLI_OUTPUT: ret /Target1/sfn/action ddal_sfn_wakeup_fd 140 100 DDAL_SFN_PERIODIC ==&gt; done OK retv 0
CLI_OUTPUT: /Target1/sfn/action ddal_sfn_wakeup_fd 141 100 DDAL_SFN_PERIODIC
CLI_OUTPUT: ret /Target1/sfn/action ddal_sfn_wakeup_fd 141 100 DDAL_SFN_PERIODIC ==&gt; done OK retv 0
CLI_OUTPUT: /Target1/sfn/action ddal_sfn_wakeup_fd 141 100 DDAL_SFN_SPECIFIC
CLI_OUTPUT: ret /Target1/sfn/action ddal_sfn_wakeup_fd 141 100 DDAL_SFN_SPECIFIC ==&gt; done OK retv 0
CLI_OUTPUT: /Target1/sfn/action ddal_sfn_wakeup_fd 141 100 DDAL_SFN_PERIODIC
CLI_OUTPUT: ret /Target1/sfn/action ddal_sfn_wakeup_fd 141 100 DDAL_SFN_PERIODIC ==&gt; done OK retv 0
CLI_OUTPUT: /Target1/sfn/action ddal_sfn_wakeup_fd 142 100 DDAL_SFN_PERIODIC
CLI_OUTPUT: ret /Target1/sfn/action ddal_sfn_wakeup_fd 142 100 DDAL_SFN_PERIODIC ==&gt; done OK retv 0
CLI_OUTPUT: /Target1/sfn/action ddal_sfn_wakeup_fd 142 100 DDAL_SFN_SPECIFIC
CLI_OUTPUT: ret /Target1/sfn/action ddal_sfn_wakeup_fd 142 100 DDAL_SFN_SPECIFIC ==&gt; done OK retv 0
CLI_OUTPUT: /Target1/sfn/action ddal_sfn_wakeup_fd 142 100 DDAL_SFN_PERIODIC
CLI_OUTPUT: ret /Target1/sfn/action ddal_sfn_wakeup_fd 142 100 DDAL_SFN_PERIODIC ==&gt; done OK retv 0
CLI_OUTPUT: /Target1/sfn/action ddal_sfn_wakeup_fd 143 100 DDAL_SFN_PERIODIC
CLI_OUTPUT: ret /Target1/sfn/action ddal_sfn_wakeup_fd 143 100 DDAL_SFN_PERIODIC ==&gt; done OK retv 0
CLI_OUTPUT: /Target1/sfn/action ddal_sfn_wakeup_fd 143 100 DDAL_SFN_SPECIFIC
CLI_OUTPUT: ret /Target1/sfn/action ddal_sfn_wakeup_fd 143 100 DDAL_SFN_SPECIFIC ==&gt; done OK retv 0
CLI_OUTPUT: /Target1/sfn/action ddal_sfn_wakeup_fd 143 100 DDAL_SFN_PERIODIC
CLI_OUTPUT: ret /Target1/sfn/action ddal_sfn_wakeup_fd 143 100 DDAL_SFN_PERIODIC ==&gt; done OK retv 0
CLI_OUTPUT: /Target1/sfn/action ddal_sfn_wakeup_fd 144 100 DDAL_SFN_PERIODIC
CLI_OUTPUT: ret /Target1/sfn/action ddal_sfn_wakeup_fd 144 100 DDAL_SFN_PERIODIC ==&gt; done OK retv 0
CLI_OUTPUT: /Target1/sfn/action ddal_sfn_wakeup_fd 144 100 DDAL_SFN_SPECIFIC
CLI_OUTPUT: ret /Target1/sfn/action ddal_sfn_wakeup_fd 144 100 DDAL_SFN_SPECIFIC ==&gt; done OK retv 0
CLI_OUTPUT: /Target1/sfn/action ddal_sfn_wakeup_fd 144 100 DDAL_SFN_PERIODIC
CLI_OUTPUT: ret /Target1/sfn/action ddal_sfn_wakeup_fd 144 100 DDAL_SFN_PERIODIC ==&gt; done OK retv 0
CLI_OUTPUT: /Target1/sfn/action ddal_sfn_wakeup_fd 145 100 DDAL_SFN_PERIODIC
CLI_OUTPUT: ret /Target1/sfn/action ddal_sfn_wakeup_fd 145 100 DDAL_SFN_PERIODIC ==&gt; done OK retv 0
CLI_OUTPUT: /Target1/sfn/action ddal_sfn_wakeup_fd 145 100 DDAL_SFN_SPECIFIC
CLI_OUTPUT: ret /Target1/sfn/action ddal_sfn_wakeup_fd 145 100 DDAL_SFN_SPECIFIC ==&gt; done OK retv 0
CLI_OUTPUT: /Target1/sfn/action ddal_sfn_wakeup_fd 145 100 DDAL_SFN_PERIODIC
CLI_OUTPUT: ret /Target1/sfn/action ddal_sfn_wakeup_fd 145 100 DDAL_SFN_PERIODIC ==&gt; done OK retv 0
CLI_OUTPUT: /Target1/sfn/action ddal_sfn_wakeup_fd 146 100 DDAL_SFN_PERIODIC
CLI_OUTPUT: ret /Target1/sfn/action ddal_sfn_wakeup_fd 146 100 DDAL_SFN_PERIODIC ==&gt; done OK retv 0
CLI_OUTPUT: /Target1/sfn/action ddal_sfn_wakeup_fd 146 100 DDAL_SFN_SPECIFIC
CLI_OUTPUT: ret /Target1/sfn/action ddal_sfn_wakeup_fd 146 100 DDAL_SFN_SPECIFIC ==&gt; done OK retv 0
CLI_OUTPUT: /Target1/sfn/action ddal_sfn_wakeup_fd 146 100 DDAL_SFN_PERIODIC
CLI_OUTPUT: ret /Target1/sfn/action ddal_sfn_wakeup_fd 146 100 DDAL_SFN_PERIODIC ==&gt; done OK retv 0
CLI_OUTPUT: /Target1/sfn/action ddal_sfn_wakeup_fd 147 100 DDAL_SFN_PERIODIC
CLI_OUTPUT: ret /Target1/sfn/action ddal_sfn_wakeup_fd 147 100 DDAL_SFN_PERIODIC ==&gt; done OK retv 0
CLI_OUTPUT: /Target1/sfn/action ddal_sfn_wakeup_fd 147 100 DDAL_SFN_SPECIFIC
CLI_OUTPUT: ret /Target1/sfn/action ddal_sfn_wakeup_fd 147 100 DDAL_SFN_SPECIFIC ==&gt; done OK retv 0
CLI_OUTPUT: /Target1/sfn/action ddal_sfn_wakeup_fd 147 100 DDAL_SFN_PERIODIC
CLI_OUTPUT: ret /Target1/sfn/action ddal_sfn_wakeup_fd 147 100 DDAL_SFN_PERIODIC ==&gt; done OK retv 0
CLI_OUTPUT: /Target1/sfn/action ddal_sfn_wakeup_fd 148 100 DDAL_SFN_PERIODIC
CLI_OUTPUT: ret /Target1/sfn/action ddal_sfn_wakeup_fd 148 100 DDAL_SFN_PERIODIC ==&gt; done OK retv 0
CLI_OUTPUT: /Target1/sfn/action ddal_sfn_wakeup_fd 148 100 DDAL_SFN_SPECIFIC
CLI_OUTPUT: ret /Target1/sfn/action ddal_sfn_wakeup_fd 148 100 DDAL_SFN_SPECIFIC ==&gt; done OK retv 0
CLI_OUTPUT: /Target1/sfn/action ddal_sfn_wakeup_fd 148 100 DDAL_SFN_PERIODIC
CLI_OUTPUT: ret /Target1/sfn/action ddal_sfn_wakeup_fd 148 100 DDAL_SFN_PERIODIC ==&gt; done OK retv 0
CLI_OUTPUT: /Target1/sfn/action ddal_sfn_wakeup_fd 149 100 DDAL_SFN_PERIODIC
CLI_OUTPUT: ret /Target1/sfn/action ddal_sfn_wakeup_fd 149 100 DDAL_SFN_PERIODIC ==&gt; done OK retv 0
CLI_OUTPUT: /Target1/sfn/action ddal_sfn_wakeup_fd 149 100 DDAL_SFN_SPECIFIC
CLI_OUTPUT: ret /Target1/sfn/action ddal_sfn_wakeup_fd 149 100 DDAL_SFN_SPECIFIC ==&gt; done OK retv 0
CLI_OUTPUT: /Target1/sfn/action ddal_sfn_wakeup_fd 149 100 DDAL_SFN_PERIODIC
CLI_OUTPUT: ret /Target1/sfn/action ddal_sfn_wakeup_fd 149 100 DDAL_SFN_PERIODIC ==&gt; done OK retv 0
CLI_OUTPUT: /Target1/sfn/action ddal_sfn_wakeup_fd 150 100 DDAL_SFN_PERIODIC
CLI_OUTPUT: ret /Target1/sfn/action ddal_sfn_wakeup_fd 150 100 DDAL_SFN_PERIODIC ==&gt; done OK retv 0
CLI_OUTPUT: /Target1/sfn/action ddal_sfn_wakeup_fd 150 100 DDAL_SFN_SPECIFIC
CLI_OUTPUT: ret /Target1/sfn/action ddal_sfn_wakeup_fd 150 100 DDAL_SFN_SPECIFIC ==&gt; done OK retv 0
CLI_OUTPUT: /Target1/sfn/action ddal_sfn_wakeup_fd 150 100 DDAL_SFN_PERIODIC
CLI_OUTPUT: ret /Target1/sfn/action ddal_sfn_wakeup_fd 150 100 DDAL_SFN_PERIODIC ==&gt; done OK retv 0
CLI_OUTPUT: /Target1/sfn/action ddal_sfn_wakeup_fd 151 100 DDAL_SFN_PERIODIC
CLI_OUTPUT: ret /Target1/sfn/action ddal_sfn_wakeup_fd 151 100 DDAL_SFN_PERIODIC ==&gt; done OK retv 0
CLI_OUTPUT: /Target1/sfn/action ddal_sfn_wakeup_fd 151 100 DDAL_SFN_SPECIFIC
CLI_OUTPUT: ret /Target1/sfn/action ddal_sfn_wakeup_fd 151 100 DDAL_SFN_SPECIFIC ==&gt; done OK retv 0
CLI_OUTPUT: /Target1/sfn/action ddal_sfn_wakeup_fd 151 100 DDAL_SFN_PERIODIC
CLI_OUTPUT: ret /Target1/sfn/action ddal_sfn_wakeup_fd 151 100 DDAL_SFN_PERIODIC ==&gt; done OK retv 0
CLI_OUTPUT: /Target1/sfn/action ddal_sfn_wakeup_fd 152 100 DDAL_SFN_PERIODIC
CLI_OUTPUT: ret /Target1/sfn/action ddal_sfn_wakeup_fd 152 100 DDAL_SFN_PERIODIC ==&gt; done OK retv 0
CLI_OUTPUT: /Target1/sfn/action ddal_sfn_wakeup_fd 152 100 DDAL_SFN_SPECIFIC
CLI_OUTPUT: ret /Target1/sfn/action ddal_sfn_wakeup_fd 152 100 DDAL_SFN_SPECIFIC ==&gt; done OK retv 0
CLI_OUTPUT: /Target1/sfn/action ddal_sfn_wakeup_fd 152 100 DDAL_SFN_PERIODIC
CLI_OUTPUT: ret /Target1/sfn/action ddal_sfn_wakeup_fd 152 100 DDAL_SFN_PERIODIC ==&gt; done OK retv 0
CLI_OUTPUT: /Target1/sfn/action ddal_sfn_wakeup_fd 153 100 DDAL_SFN_PERIODIC
CLI_OUTPUT: ret /Target1/sfn/action ddal_sfn_wakeup_fd 153 100 DDAL_SFN_PERIODIC ==&gt; done OK retv 0
CLI_OUTPUT: /Target1/sfn/action ddal_sfn_wakeup_fd 153 100 DDAL_SFN_SPECIFIC
CLI_OUTPUT: ret /Target1/sfn/action ddal_sfn_wakeup_fd 153 100 DDAL_SFN_SPECIFIC ==&gt; done OK retv 0
CLI_OUTPUT: /Target1/sfn/action ddal_sfn_wakeup_fd 153 100 DDAL_SFN_PERIODIC
CLI_OUTPUT: ret /Target1/sfn/action ddal_sfn_wakeup_fd 153 100 DDAL_SFN_PERIODIC ==&gt; done OK retv 0
CLI_OUTPUT: /Target1/sfn/action ddal_sfn_wakeup_fd 154 100 DDAL_SFN_PERIODIC
CLI_OUTPUT: ret /Target1/sfn/action ddal_sfn_wakeup_fd 154 100 DDAL_SFN_PERIODIC ==&gt; done OK retv 0
CLI_OUTPUT: /Target1/sfn/action ddal_sfn_wakeup_fd 154 100 DDAL_SFN_SPECIFIC
CLI_OUTPUT: ret /Target1/sfn/action ddal_sfn_wakeup_fd 154 100 DDAL_SFN_SPECIFIC ==&gt; done OK retv 0
CLI_OUTPUT: /Target1/sfn/action ddal_sfn_wakeup_fd 154 100 DDAL_SFN_PERIODIC
CLI_OUTPUT: ret /Target1/sfn/action ddal_sfn_wakeup_fd 154 100 DDAL_SFN_PERIODIC ==&gt; done OK retv 0
CLI_OUTPUT: /Target1/sfn/action ddal_sfn_wakeup_fd 155 100 DDAL_SFN_PERIODIC
CLI_OUTPUT: ret /Target1/sfn/action ddal_sfn_wakeup_fd 155 100 DDAL_SFN_PERIODIC ==&gt; done OK retv 0
CLI_OUTPUT: /Target1/sfn/action ddal_sfn_wakeup_fd 155 100 DDAL_SFN_SPECIFIC
CLI_OUTPUT: ret /Target1/sfn/action ddal_sfn_wakeup_fd 155 100 DDAL_SFN_SPECIFIC ==&gt; done OK retv 0
CLI_OUTPUT: /Target1/sfn/action ddal_sfn_wakeup_fd 155 100 DDAL_SFN_PERIODIC
CLI_OUTPUT: ret /Target1/sfn/action ddal_sfn_wakeup_fd 155 100 DDAL_SFN_PERIODIC ==&gt; done OK retv 0
CLI_OUTPUT: /Target1/sfn/action ddal_sfn_wakeup_fd 156 100 DDAL_SFN_PERIODIC
CLI_OUTPUT: ret /Target1/sfn/action ddal_sfn_wakeup_fd 156 100 DDAL_SFN_PERIODIC ==&gt; done OK retv 0
CLI_OUTPUT: /Target1/sfn/action ddal_sfn_wakeup_fd 156 100 DDAL_SFN_SPECIFIC
CLI_OUTPUT: ret /Target1/sfn/action ddal_sfn_wakeup_fd 156 100 DDAL_SFN_SPECIFIC ==&gt; done OK retv 0
CLI_OUTPUT: /Target1/sfn/action ddal_sfn_wakeup_fd 156 100 DDAL_SFN_PERIODIC
CLI_OUTPUT: ret /Target1/sfn/action ddal_sfn_wakeup_fd 156 100 DDAL_SFN_PERIODIC ==&gt; done OK retv 0
CLI_OUTPUT: /Target1/sfn/action ddal_sfn_wakeup_fd 157 100 DDAL_SFN_PERIODIC
CLI_OUTPUT: ret /Target1/sfn/action ddal_sfn_wakeup_fd 157 100 DDAL_SFN_PERIODIC ==&gt; done OK retv 0
CLI_OUTPUT: /Target1/sfn/action ddal_sfn_wakeup_fd 157 100 DDAL_SFN_SPECIFIC
CLI_OUTPUT: ret /Target1/sfn/action ddal_sfn_wakeup_fd 157 100 DDAL_SFN_SPECIFIC ==&gt; done OK retv 0
CLI_OUTPUT: /Target1/sfn/action ddal_sfn_wakeup_fd 157 100 DDAL_SFN_PERIODIC
CLI_OUTPUT: ret /Target1/sfn/action ddal_sfn_wakeup_fd 157 100 DDAL_SFN_PERIODIC ==&gt; done OK retv 0
CLI_OUTPUT: /Target1/sfn/action ddal_sfn_wakeup_fd 158 100 DDAL_SFN_PERIODIC
CLI_OUTPUT: ret /Target1/sfn/action ddal_sfn_wakeup_fd 158 100 DDAL_SFN_PERIODIC ==&gt; done OK retv 0
CLI_OUTPUT: /Target1/sfn/action ddal_sfn_wakeup_fd 158 100 DDAL_SFN_SPECIFIC
CLI_OUTPUT: ret /Target1/sfn/action ddal_sfn_wakeup_fd 158 100 DDAL_SFN_SPECIFIC ==&gt; done OK retv 0
CLI_OUTPUT: /Target1/sfn/action ddal_sfn_wakeup_fd 158 100 DDAL_SFN_PERIODIC
CLI_OUTPUT: ret /Target1/sfn/action ddal_sfn_wakeup_fd 158 100 DDAL_SFN_PERIODIC ==&gt; done OK retv 0
CLI_OUTPUT: /Target1/sfn/action ddal_sfn_wakeup_fd 159 100 DDAL_SFN_PERIODIC
CLI_OUTPUT: ret /Target1/sfn/action ddal_sfn_wakeup_fd 159 100 DDAL_SFN_PERIODIC ==&gt; done OK retv 0
CLI_OUTPUT: /Target1/sfn/action ddal_sfn_wakeup_fd 159 100 DDAL_SFN_SPECIFIC
CLI_OUTPUT: ret /Target1/sfn/action ddal_sfn_wakeup_fd 159 100 DDAL_SFN_SPECIFIC ==&gt; done OK retv 0
CLI_OUTPUT: /Target1/sfn/action ddal_sfn_wakeup_fd 159 100 DDAL_SFN_PERIODIC
CLI_OUTPUT: ret /Target1/sfn/action ddal_sfn_wakeup_fd 159 100 DDAL_SFN_PERIODIC ==&gt; done OK retv 0
CLI_OUTPUT: /Target1/sfn/action ddal_sfn_wakeup_fd 160 100 DDAL_SFN_PERIODIC
CLI_OUTPUT: ret /Target1/sfn/action ddal_sfn_wakeup_fd 160 100 DDAL_SFN_PERIODIC ==&gt; done OK retv 0
CLI_OUTPUT: /Target1/sfn/action ddal_sfn_wakeup_fd 160 100 DDAL_SFN_SPECIFIC
CLI_OUTPUT: ret /Target1/sfn/action ddal_sfn_wakeup_fd 160 100 DDAL_SFN_SPECIFIC ==&gt; done OK retv 0
CLI_OUTPUT: /Target1/sfn/action ddal_sfn_wakeup_fd 160 100 DDAL_SFN_PERIODIC
CLI_OUTPUT: ret /Target1/sfn/action ddal_sfn_wakeup_fd 160 100 DDAL_SFN_PERIODIC ==&gt; done OK retv 0
CLI_OUTPUT: /Target1/sfn/action ddal_sfn_wakeup_fd 161 100 DDAL_SFN_PERIODIC
CLI_OUTPUT: ret /Target1/sfn/action ddal_sfn_wakeup_fd 161 100 DDAL_SFN_PERIODIC ==&gt; done OK retv 0
CLI_OUTPUT: /Target1/sfn/action ddal_sfn_wakeup_fd 161 100 DDAL_SFN_SPECIFIC
CLI_OUTPUT: ret /Target1/sfn/action ddal_sfn_wakeup_fd 161 100 DDAL_SFN_SPECIFIC ==&gt; done OK retv 0
CLI_OUTPUT: /Target1/sfn/action ddal_sfn_wakeup_fd 161 100 DDAL_SFN_PERIODIC
CLI_OUTPUT: ret /Target1/sfn/action ddal_sfn_wakeup_fd 161 100 DDAL_SFN_PERIODIC ==&gt; done OK retv 0
CLI_OUTPUT: /Target1/sfn/action ddal_sfn_wakeup_fd 162 100 DDAL_SFN_PERIODIC
CLI_OUTPUT: ret /Target1/sfn/action ddal_sfn_wakeup_fd 162 100 DDAL_SFN_PERIODIC ==&gt; done OK retv 0
CLI_OUTPUT: /Target1/sfn/action ddal_sfn_wakeup_fd 162 100 DDAL_SFN_SPECIFIC
CLI_OUTPUT: ret /Target1/sfn/action ddal_sfn_wakeup_fd 162 100 DDAL_SFN_SPECIFIC ==&gt; done OK retv 0
CLI_OUTPUT: /Target1/sfn/action ddal_sfn_wakeup_fd 162 100 DDAL_SFN_PERIODIC
CLI_OUTPUT: ret /Target1/sfn/action ddal_sfn_wakeup_fd 162 100 DDAL_SFN_PERIODIC ==&gt; done OK retv 0
CLI_OUTPUT: /Target1/sfn/action ddal_sfn_wakeup_fd 163 100 DDAL_SFN_PERIODIC
CLI_OUTPUT: ret /Target1/sfn/action ddal_sfn_wakeup_fd 163 100 DDAL_SFN_PERIODIC ==&gt; done OK retv 0
CLI_OUTPUT: /Target1/sfn/action ddal_sfn_wakeup_fd 163 100 DDAL_SFN_SPECIFIC
CLI_OUTPUT: ret /Target1/sfn/action ddal_sfn_wakeup_fd 163 100 DDAL_SFN_SPECIFIC ==&gt; done OK retv 0
CLI_OUTPUT: /Target1/sfn/action ddal_sfn_wakeup_fd 163 100 DDAL_SFN_PERIODIC
CLI_OUTPUT: ret /Target1/sfn/action ddal_sfn_wakeup_fd 163 100 DDAL_SFN_PERIODIC ==&gt; done OK retv 0
CLI_OUTPUT: /Target1/sfn/action ddal_sfn_wakeup_fd 164 100 DDAL_SFN_PERIODIC
CLI_OUTPUT: ret /Target1/sfn/action ddal_sfn_wakeup_fd 164 100 DDAL_SFN_PERIODIC ==&gt; done OK retv 0
CLI_OUTPUT: /Target1/sfn/action ddal_sfn_wakeup_fd 164 100 DDAL_SFN_SPECIFIC
CLI_OUTPUT: ret /Target1/sfn/action ddal_sfn_wakeup_fd 164 100 DDAL_SFN_SPECIFIC ==&gt; done OK retv 0
CLI_OUTPUT: /Target1/sfn/action ddal_sfn_wakeup_fd 164 100 DDAL_SFN_PERIODIC
CLI_OUTPUT: ret /Target1/sfn/action ddal_sfn_wakeup_fd 164 100 DDAL_SFN_PERIODIC ==&gt; done OK retv 0
CLI_OUTPUT: /Target1/sfn/action ddal_sfn_wakeup_fd 165 100 DDAL_SFN_PERIODIC
CLI_OUTPUT: ret /Target1/sfn/action ddal_sfn_wakeup_fd 165 100 DDAL_SFN_PERIODIC ==&gt; done OK retv 0
CLI_OUTPUT: /Target1/sfn/action ddal_sfn_wakeup_fd 165 100 DDAL_SFN_SPECIFIC
CLI_OUTPUT: ret /Target1/sfn/action ddal_sfn_wakeup_fd 165 100 DDAL_SFN_SPECIFIC ==&gt; done OK retv 0
CLI_OUTPUT: /Target1/sfn/action ddal_sfn_wakeup_fd 165 100 DDAL_SFN_PERIODIC
CLI_OUTPUT: ret /Target1/sfn/action ddal_sfn_wakeup_fd 165 100 DDAL_SFN_PERIODIC ==&gt; done OK retv 0
CLI_OUTPUT: /Target1/sfn/action ddal_sfn_wakeup_fd 166 100 DDAL_SFN_PERIODIC
CLI_OUTPUT: ret /Target1/sfn/action ddal_sfn_wakeup_fd 166 100 DDAL_SFN_PERIODIC ==&gt; done OK retv 0
CLI_OUTPUT: /Target1/sfn/action ddal_sfn_wakeup_fd 166 100 DDAL_SFN_SPECIFIC
CLI_OUTPUT: ret /Target1/sfn/action ddal_sfn_wakeup_fd 166 100 DDAL_SFN_SPECIFIC ==&gt; done OK retv 0
CLI_OUTPUT: /Target1/sfn/action ddal_sfn_wakeup_fd 166 100 DDAL_SFN_PERIODIC
CLI_OUTPUT: ret /Target1/sfn/action ddal_sfn_wakeup_fd 166 100 DDAL_SFN_PERIODIC ==&gt; done OK retv 0
CLI_OUTPUT: /Target1/sfn/action ddal_sfn_wakeup_fd 167 100 DDAL_SFN_PERIODIC
CLI_OUTPUT: ret /Target1/sfn/action ddal_sfn_wakeup_fd 167 100 DDAL_SFN_PERIODIC ==&gt; done OK retv 0
CLI_OUTPUT: /Target1/sfn/action ddal_sfn_wakeup_fd 167 100 DDAL_SFN_SPECIFIC
CLI_OUTPUT: ret /Target1/sfn/action ddal_sfn_wakeup_fd 167 100 DDAL_SFN_SPECIFIC ==&gt; done OK retv 0
CLI_OUTPUT: /Target1/sfn/action ddal_sfn_wakeup_fd 167 100 DDAL_SFN_PERIODIC
CLI_OUTPUT: ret /Target1/sfn/action ddal_sfn_wakeup_fd 167 100 DDAL_SFN_PERIODIC ==&gt; done OK retv 0
CLI_OUTPUT: /Target1/sfn/action ddal_sfn_wakeup_fd 168 100 DDAL_SFN_PERIODIC
CLI_OUTPUT: ret /Target1/sfn/action ddal_sfn_wakeup_fd 168 100 DDAL_SFN_PERIODIC ==&gt; done OK retv 0
CLI_OUTPUT: /Target1/sfn/action ddal_sfn_wakeup_fd 168 100 DDAL_SFN_SPECIFIC
CLI_OUTPUT: ret /Target1/sfn/action ddal_sfn_wakeup_fd 168 100 DDAL_SFN_SPECIFIC ==&gt; done OK retv 0
CLI_OUTPUT: /Target1/sfn/action ddal_sfn_wakeup_fd 168 100 DDAL_SFN_PERIODIC
CLI_OUTPUT: ret /Target1/sfn/action ddal_sfn_wakeup_fd 168 100 DDAL_SFN_PERIODIC ==&gt; done OK retv 0
CLI_OUTPUT: /Target1/sfn/action ddal_sfn_wakeup_fd 169 100 DDAL_SFN_PERIODIC
CLI_OUTPUT: ret /Target1/sfn/action ddal_sfn_wakeup_fd 169 100 DDAL_SFN_PERIODIC ==&gt; done OK retv 0
CLI_OUTPUT: /Target1/sfn/action ddal_sfn_wakeup_fd 169 100 DDAL_SFN_SPECIFIC
CLI_OUTPUT: ret /Target1/sfn/action ddal_sfn_wakeup_fd 169 100 DDAL_SFN_SPECIFIC ==&gt; done OK retv 0
CLI_OUTPUT: /Target1/sfn/action ddal_sfn_wakeup_fd 169 100 DDAL_SFN_PERIODIC
CLI_OUTPUT: ret /Target1/sfn/action ddal_sfn_wakeup_fd 169 100 DDAL_SFN_PERIODIC ==&gt; done OK retv 0
CLI_OUTPUT: /Target1/sfn/action ddal_sfn_wakeup_fd 170 100 DDAL_SFN_PERIODIC
CLI_OUTPUT: ret /Target1/sfn/action ddal_sfn_wakeup_fd 170 100 DDAL_SFN_PERIODIC ==&gt; done OK retv 0
CLI_OUTPUT: /Target1/sfn/action ddal_sfn_wakeup_fd 170 100 DDAL_SFN_SPECIFIC
CLI_OUTPUT: ret /Target1/sfn/action ddal_sfn_wakeup_fd 170 100 DDAL_SFN_SPECIFIC ==&gt; done OK retv 0
CLI_OUTPUT: /Target1/sfn/action ddal_sfn_wakeup_fd 170 100 DDAL_SFN_PERIODIC
CLI_OUTPUT: ret /Target1/sfn/action ddal_sfn_wakeup_fd 170 100 DDAL_SFN_PERIODIC ==&gt; done OK retv 0
CLI_OUTPUT: /Target1/sfn/action ddal_sfn_wakeup_fd 171 100 DDAL_SFN_PERIODIC
CLI_OUTPUT: ret /Target1/sfn/action ddal_sfn_wakeup_fd 171 100 DDAL_SFN_PERIODIC ==&gt; done OK retv 0
CLI_OUTPUT: /Target1/sfn/action ddal_sfn_wakeup_fd 171 100 DDAL_SFN_SPECIFIC
CLI_OUTPUT: ret /Target1/sfn/action ddal_sfn_wakeup_fd 171 100 DDAL_SFN_SPECIFIC ==&gt; done OK retv 0
CLI_OUTPUT: /Target1/sfn/action ddal_sfn_wakeup_fd 171 100 DDAL_SFN_PERIODIC
CLI_OUTPUT: ret /Target1/sfn/action ddal_sfn_wakeup_fd 171 100 DDAL_SFN_PERIODIC ==&gt; done OK retv 0
CLI_OUTPUT: /Target1/sfn/action ddal_sfn_wakeup_fd 172 100 DDAL_SFN_PERIODIC
CLI_OUTPUT: ret /Target1/sfn/action ddal_sfn_wakeup_fd 172 100 DDAL_SFN_PERIODIC ==&gt; done OK retv 0
CLI_OUTPUT: /Target1/sfn/action ddal_sfn_wakeup_fd 172 100 DDAL_SFN_SPECIFIC
CLI_OUTPUT: ret /Target1/sfn/action ddal_sfn_wakeup_fd 172 100 DDAL_SFN_SPECIFIC ==&gt; done OK retv 0
CLI_OUTPUT: /Target1/sfn/action ddal_sfn_wakeup_fd 172 100 DDAL_SFN_PERIODIC
CLI_OUTPUT: ret /Target1/sfn/action ddal_sfn_wakeup_fd 172 100 DDAL_SFN_PERIODIC ==&gt; done OK retv 0
CLI_OUTPUT: /Target1/sfn/action ddal_sfn_wakeup_fd 173 100 DDAL_SFN_PERIODIC
CLI_OUTPUT: ret /Target1/sfn/action ddal_sfn_wakeup_fd 173 100 DDAL_SFN_PERIODIC ==&gt; done OK retv 0
CLI_OUTPUT: /Target1/sfn/action ddal_sfn_wakeup_fd 173 100 DDAL_SFN_SPECIFIC
CLI_OUTPUT: ret /Target1/sfn/action ddal_sfn_wakeup_fd 173 100 DDAL_SFN_SPECIFIC ==&gt; done OK retv 0
CLI_OUTPUT: /Target1/sfn/action ddal_sfn_wakeup_fd 173 100 DDAL_SFN_PERIODIC
CLI_OUTPUT: ret /Target1/sfn/action ddal_sfn_wakeup_fd 173 100 DDAL_SFN_PERIODIC ==&gt; done OK retv 0
CLI_OUTPUT: /Target1/sfn/action ddal_sfn_wakeup_fd 174 100 DDAL_SFN_PERIODIC
CLI_OUTPUT: ret /Target1/sfn/action ddal_sfn_wakeup_fd 174 100 DDAL_SFN_PERIODIC ==&gt; done OK retv 0
CLI_OUTPUT: /Target1/sfn/action ddal_sfn_wakeup_fd 174 100 DDAL_SFN_SPECIFIC
CLI_OUTPUT: ret /Target1/sfn/action ddal_sfn_wakeup_fd 174 100 DDAL_SFN_SPECIFIC ==&gt; done OK retv 0
CLI_OUTPUT: /Target1/sfn/action ddal_sfn_wakeup_fd 174 100 DDAL_SFN_PERIODIC
CLI_OUTPUT: ret /Target1/sfn/action ddal_sfn_wakeup_fd 174 100 DDAL_SFN_PERIODIC ==&gt; done OK retv 0
CLI_OUTPUT: /Target1/sfn/action ddal_sfn_wakeup_fd 175 100 DDAL_SFN_PERIODIC
CLI_OUTPUT: ret /Target1/sfn/action ddal_sfn_wakeup_fd 175 100 DDAL_SFN_PERIODIC ==&gt; done OK retv 0
CLI_OUTPUT: /Target1/sfn/action ddal_sfn_wakeup_fd 175 100 DDAL_SFN_SPECIFIC
CLI_OUTPUT: ret /Target1/sfn/action ddal_sfn_wakeup_fd 175 100 DDAL_SFN_SPECIFIC ==&gt; done OK retv 0
CLI_OUTPUT: /Target1/sfn/action ddal_sfn_wakeup_fd 175 100 DDAL_SFN_PERIODIC
CLI_OUTPUT: ret /Target1/sfn/action ddal_sfn_wakeup_fd 175 100 DDAL_SFN_PERIODIC ==&gt; done OK retv 0
CLI_OUTPUT: /Target1/sfn/action ddal_sfn_wakeup_fd 176 100 DDAL_SFN_PERIODIC
CLI_OUTPUT: ret /Target1/sfn/action ddal_sfn_wakeup_fd 176 100 DDAL_SFN_PERIODIC ==&gt; done OK retv 0
CLI_OUTPUT: /Target1/sfn/action ddal_sfn_wakeup_fd 176 100 DDAL_SFN_SPECIFIC
CLI_OUTPUT: ret /Target1/sfn/action ddal_sfn_wakeup_fd 176 100 DDAL_SFN_SPECIFIC ==&gt; done OK retv 0
CLI_OUTPUT: /Target1/sfn/action ddal_sfn_wakeup_fd 176 100 DDAL_SFN_PERIODIC
CLI_OUTPUT: ret /Target1/sfn/action ddal_sfn_wakeup_fd 176 100 DDAL_SFN_PERIODIC ==&gt; done OK retv 0
CLI_OUTPUT: /Target1/sfn/action ddal_sfn_wakeup_fd 177 100 DDAL_SFN_PERIODIC
CLI_OUTPUT: ret /Target1/sfn/action ddal_sfn_wakeup_fd 177 100 DDAL_SFN_PERIODIC ==&gt; done OK retv 0
CLI_OUTPUT: /Target1/sfn/action ddal_sfn_wakeup_fd 177 100 DDAL_SFN_SPECIFIC
CLI_OUTPUT: ret /Target1/sfn/action ddal_sfn_wakeup_fd 177 100 DDAL_SFN_SPECIFIC ==&gt; done OK retv 0
CLI_OUTPUT: /Target1/sfn/action ddal_sfn_wakeup_fd 177 100 DDAL_SFN_PERIODIC
CLI_OUTPUT: ret /Target1/sfn/action ddal_sfn_wakeup_fd 177 100 DDAL_SFN_PERIODIC ==&gt; done OK retv 0
CLI_OUTPUT: /Target1/sfn/action ddal_sfn_wakeup_fd 178 100 DDAL_SFN_PERIODIC
CLI_OUTPUT: ret /Target1/sfn/action ddal_sfn_wakeup_fd 178 100 DDAL_SFN_PERIODIC ==&gt; done OK retv 0
CLI_OUTPUT: /Target1/sfn/action ddal_sfn_wakeup_fd 178 100 DDAL_SFN_SPECIFIC
CLI_OUTPUT: ret /Target1/sfn/action ddal_sfn_wakeup_fd 178 100 DDAL_SFN_SPECIFIC ==&gt; done OK retv 0
CLI_OUTPUT: /Target1/sfn/action ddal_sfn_wakeup_fd 178 100 DDAL_SFN_PERIODIC
CLI_OUTPUT: ret /Target1/sfn/action ddal_sfn_wakeup_fd 178 100 DDAL_SFN_PERIODIC ==&gt; done OK retv 0
CLI_OUTPUT: /Target1/sfn/action ddal_sfn_wakeup_fd 179 100 DDAL_SFN_PERIODIC
CLI_OUTPUT: ret /Target1/sfn/action ddal_sfn_wakeup_fd 179 100 DDAL_SFN_PERIODIC ==&gt; done OK retv 0
CLI_OUTPUT: /Target1/sfn/action ddal_sfn_wakeup_fd 179 100 DDAL_SFN_SPECIFIC
CLI_OUTPUT: ret /Target1/sfn/action ddal_sfn_wakeup_fd 179 100 DDAL_SFN_SPECIFIC ==&gt; done OK retv 0
CLI_OUTPUT: /Target1/sfn/action ddal_sfn_wakeup_fd 179 100 DDAL_SFN_PERIODIC
CLI_OUTPUT: ret /Target1/sfn/action ddal_sfn_wakeup_fd 179 100 DDAL_SFN_PERIODIC ==&gt; done OK retv 0
CLI_OUTPUT: /Target1/sfn/action ddal_sfn_wakeup_fd 180 100 DDAL_SFN_PERIODIC
CLI_OUTPUT: ret /Target1/sfn/action ddal_sfn_wakeup_fd 180 100 DDAL_SFN_PERIODIC ==&gt; done OK retv 0
CLI_OUTPUT: /Target1/sfn/action ddal_sfn_wakeup_fd 180 100 DDAL_SFN_SPECIFIC
CLI_OUTPUT: ret /Target1/sfn/action ddal_sfn_wakeup_fd 180 100 DDAL_SFN_SPECIFIC ==&gt; done OK retv 0
CLI_OUTPUT: /Target1/sfn/action ddal_sfn_wakeup_fd 180 100 DDAL_SFN_PERIODIC
CLI_OUTPUT: ret /Target1/sfn/action ddal_sfn_wakeup_fd 180 100 DDAL_SFN_PERIODIC ==&gt; done OK retv 0
CLI_OUTPUT: /Target1/sfn/action ddal_sfn_wakeup_fd 181 100 DDAL_SFN_PERIODIC
CLI_OUTPUT: ret /Target1/sfn/action ddal_sfn_wakeup_fd 181 100 DDAL_SFN_PERIODIC ==&gt; done OK retv 0
CLI_OUTPUT: /Target1/sfn/action ddal_sfn_wakeup_fd 181 100 DDAL_SFN_SPECIFIC
CLI_OUTPUT: ret /Target1/sfn/action ddal_sfn_wakeup_fd 181 100 DDAL_SFN_SPECIFIC ==&gt; done OK retv 0
CLI_OUTPUT: /Target1/sfn/action ddal_sfn_wakeup_fd 181 100 DDAL_SFN_PERIODIC
CLI_OUTPUT: ret /Target1/sfn/action ddal_sfn_wakeup_fd 181 100 DDAL_SFN_PERIODIC ==&gt; done OK retv 0
CLI_OUTPUT: /Target1/sfn/action ddal_sfn_wakeup_fd 182 100 DDAL_SFN_PERIODIC
CLI_OUTPUT: ret /Target1/sfn/action ddal_sfn_wakeup_fd 182 100 DDAL_SFN_PERIODIC ==&gt; done OK retv 0
CLI_OUTPUT: /Target1/sfn/action ddal_sfn_wakeup_fd 182 100 DDAL_SFN_SPECIFIC
CLI_OUTPUT: ret /Target1/sfn/action ddal_sfn_wakeup_fd 182 100 DDAL_SFN_SPECIFIC ==&gt; done OK retv 0
CLI_OUTPUT: /Target1/sfn/action ddal_sfn_wakeup_fd 182 100 DDAL_SFN_PERIODIC
CLI_OUTPUT: ret /Target1/sfn/action ddal_sfn_wakeup_fd 182 100 DDAL_SFN_PERIODIC ==&gt; done OK retv 0
CLI_OUTPUT: /Target1/sfn/action ddal_sfn_wakeup_fd 183 100 DDAL_SFN_PERIODIC
CLI_OUTPUT: ret /Target1/sfn/action ddal_sfn_wakeup_fd 183 100 DDAL_SFN_PERIODIC ==&gt; done OK retv 0
CLI_OUTPUT: /Target1/sfn/action ddal_sfn_wakeup_fd 183 100 DDAL_SFN_SPECIFIC
CLI_OUTPUT: ret /Target1/sfn/action ddal_sfn_wakeup_fd 183 100 DDAL_SFN_SPECIFIC ==&gt; done OK retv 0
CLI_OUTPUT: /Target1/sfn/action ddal_sfn_wakeup_fd 183 100 DDAL_SFN_PERIODIC
CLI_OUTPUT: ret /Target1/sfn/action ddal_sfn_wakeup_fd 183 100 DDAL_SFN_PERIODIC ==&gt; done OK retv 0
CLI_OUTPUT: /Target1/sfn/action ddal_sfn_wakeup_fd 184 100 DDAL_SFN_PERIODIC
CLI_OUTPUT: ret /Target1/sfn/action ddal_sfn_wakeup_fd 184 100 DDAL_SFN_PERIODIC ==&gt; done OK retv 0
CLI_OUTPUT: /Target1/sfn/action ddal_sfn_wakeup_fd 184 100 DDAL_SFN_SPECIFIC
CLI_OUTPUT: ret /Target1/sfn/action ddal_sfn_wakeup_fd 184 100 DDAL_SFN_SPECIFIC ==&gt; done OK retv 0
CLI_OUTPUT: /Target1/sfn/action ddal_sfn_wakeup_fd 184 100 DDAL_SFN_PERIODIC
CLI_OUTPUT: ret /Target1/sfn/action ddal_sfn_wakeup_fd 184 100 DDAL_SFN_PERIODIC ==&gt; done OK retv 0
CLI_OUTPUT: /Target1/sfn/action ddal_sfn_wakeup_fd 185 100 DDAL_SFN_PERIODIC
CLI_OUTPUT: ret /Target1/sfn/action ddal_sfn_wakeup_fd 185 100 DDAL_SFN_PERIODIC ==&gt; done OK retv 0
CLI_OUTPUT: /Target1/sfn/action ddal_sfn_wakeup_fd 185 100 DDAL_SFN_SPECIFIC
CLI_OUTPUT: ret /Target1/sfn/action ddal_sfn_wakeup_fd 185 100 DDAL_SFN_SPECIFIC ==&gt; done OK retv 0
CLI_OUTPUT: /Target1/sfn/action ddal_sfn_wakeup_fd 185 100 DDAL_SFN_PERIODIC
CLI_OUTPUT: ret /Target1/sfn/action ddal_sfn_wakeup_fd 185 100 DDAL_SFN_PERIODIC ==&gt; done OK retv 0
CLI_OUTPUT: /Target1/sfn/action ddal_sfn_wakeup_fd 186 100 DDAL_SFN_PERIODIC
CLI_OUTPUT: ret /Target1/sfn/action ddal_sfn_wakeup_fd 186 100 DDAL_SFN_PERIODIC ==&gt; done OK retv 0
CLI_OUTPUT: /Target1/sfn/action ddal_sfn_wakeup_fd 186 100 DDAL_SFN_SPECIFIC
CLI_OUTPUT: ret /Target1/sfn/action ddal_sfn_wakeup_fd 186 100 DDAL_SFN_SPECIFIC ==&gt; done OK retv 0
CLI_OUTPUT: /Target1/sfn/action ddal_sfn_wakeup_fd 186 100 DDAL_SFN_PERIODIC
CLI_OUTPUT: ret /Target1/sfn/action ddal_sfn_wakeup_fd 186 100 DDAL_SFN_PERIODIC ==&gt; done OK retv 0
CLI_OUTPUT: /Target1/sfn/action ddal_sfn_wakeup_fd 187 100 DDAL_SFN_PERIODIC
CLI_OUTPUT: ret /Target1/sfn/action ddal_sfn_wakeup_fd 187 100 DDAL_SFN_PERIODIC ==&gt; done OK retv 0
CLI_OUTPUT: /Target1/sfn/action ddal_sfn_wakeup_fd 187 100 DDAL_SFN_SPECIFIC
CLI_OUTPUT: ret /Target1/sfn/action ddal_sfn_wakeup_fd 187 100 DDAL_SFN_SPECIFIC ==&gt; done OK retv 0
CLI_OUTPUT: /Target1/sfn/action ddal_sfn_wakeup_fd 187 100 DDAL_SFN_PERIODIC
CLI_OUTPUT: ret /Target1/sfn/action ddal_sfn_wakeup_fd 187 100 DDAL_SFN_PERIODIC ==&gt; done OK retv 0
CLI_OUTPUT: /Target1/sfn/action ddal_sfn_wakeup_fd 188 100 DDAL_SFN_PERIODIC
CLI_OUTPUT: ret /Target1/sfn/action ddal_sfn_wakeup_fd 188 100 DDAL_SFN_PERIODIC ==&gt; done OK retv 0
CLI_OUTPUT: /Target1/sfn/action ddal_sfn_wakeup_fd 188 100 DDAL_SFN_SPECIFIC
CLI_OUTPUT: ret /Target1/sfn/action ddal_sfn_wakeup_fd 188 100 DDAL_SFN_SPECIFIC ==&gt; done OK retv 0
CLI_OUTPUT: /Target1/sfn/action ddal_sfn_wakeup_fd 188 100 DDAL_SFN_PERIODIC
CLI_OUTPUT: ret /Target1/sfn/action ddal_sfn_wakeup_fd 188 100 DDAL_SFN_PERIODIC ==&gt; done OK retv 0
CLI_OUTPUT: /Target1/sfn/action ddal_sfn_wakeup_fd 189 100 DDAL_SFN_PERIODIC
CLI_OUTPUT: ret /Target1/sfn/action ddal_sfn_wakeup_fd 189 100 DDAL_SFN_PERIODIC ==&gt; done OK retv 0
CLI_OUTPUT: /Target1/sfn/action ddal_sfn_wakeup_fd 189 100 DDAL_SFN_SPECIFIC
CLI_OUTPUT: ret /Target1/sfn/action ddal_sfn_wakeup_fd 189 100 DDAL_SFN_SPECIFIC ==&gt; done OK retv 0
CLI_OUTPUT: /Target1/sfn/action ddal_sfn_wakeup_fd 189 100 DDAL_SFN_PERIODIC
CLI_OUTPUT: ret /Target1/sfn/action ddal_sfn_wakeup_fd 189 100 DDAL_SFN_PERIODIC ==&gt; done OK retv 0
CLI_OUTPUT: /Target1/sfn/action ddal_sfn_wakeup_fd 190 100 DDAL_SFN_PERIODIC
CLI_OUTPUT: ret /Target1/sfn/action ddal_sfn_wakeup_fd 190 100 DDAL_SFN_PERIODIC ==&gt; done OK retv 0
CLI_OUTPUT: /Target1/sfn/action ddal_sfn_wakeup_fd 190 100 DDAL_SFN_SPECIFIC
CLI_OUTPUT: ret /Target1/sfn/action ddal_sfn_wakeup_fd 190 100 DDAL_SFN_SPECIFIC ==&gt; done OK retv 0
CLI_OUTPUT: /Target1/sfn/action ddal_sfn_wakeup_fd 190 100 DDAL_SFN_PERIODIC
CLI_OUTPUT: ret /Target1/sfn/action ddal_sfn_wakeup_fd 190 100 DDAL_SFN_PERIODIC ==&gt; done OK retv 0
CLI_OUTPUT: /Target1/sfn/action ddal_sfn_wakeup_fd 191 100 DDAL_SFN_PERIODIC
CLI_OUTPUT: ret /Target1/sfn/action ddal_sfn_wakeup_fd 191 100 DDAL_SFN_PERIODIC ==&gt; done OK retv 0
CLI_OUTPUT: /Target1/sfn/action ddal_sfn_wakeup_fd 191 100 DDAL_SFN_SPECIFIC
CLI_OUTPUT: ret /Target1/sfn/action ddal_sfn_wakeup_fd 191 100 DDAL_SFN_SPECIFIC ==&gt; done OK retv 0
CLI_OUTPUT: /Target1/sfn/action ddal_sfn_wakeup_fd 191 100 DDAL_SFN_PERIODIC
CLI_OUTPUT: ret /Target1/sfn/action ddal_sfn_wakeup_fd 191 100 DDAL_SFN_PERIODIC ==&gt; done OK retv 0
CLI_OUTPUT: /Target1/sfn/action ddal_sfn_wakeup_fd 192 100 DDAL_SFN_PERIODIC
CLI_OUTPUT: ret /Target1/sfn/action ddal_sfn_wakeup_fd 192 100 DDAL_SFN_PERIODIC ==&gt; done OK retv 0
CLI_OUTPUT: /Target1/sfn/action ddal_sfn_wakeup_fd 192 100 DDAL_SFN_SPECIFIC
CLI_OUTPUT: ret /Target1/sfn/action ddal_sfn_wakeup_fd 192 100 DDAL_SFN_SPECIFIC ==&gt; done OK retv 0
CLI_OUTPUT: /Target1/sfn/action ddal_sfn_wakeup_fd 192 100 DDAL_SFN_PERIODIC
CLI_OUTPUT: ret /Target1/sfn/action ddal_sfn_wakeup_fd 192 100 DDAL_SFN_PERIODIC ==&gt; done OK retv 0
CLI_OUTPUT: /Target1/sfn/action ddal_sfn_wakeup_fd 193 100 DDAL_SFN_PERIODIC
CLI_OUTPUT: ret /Target1/sfn/action ddal_sfn_wakeup_fd 193 100 DDAL_SFN_PERIODIC ==&gt; done OK retv 0
CLI_OUTPUT: /Target1/sfn/action ddal_sfn_wakeup_fd 193 100 DDAL_SFN_SPECIFIC
CLI_OUTPUT: ret /Target1/sfn/action ddal_sfn_wakeup_fd 193 100 DDAL_SFN_SPECIFIC ==&gt; done OK retv 0
CLI_OUTPUT: /Target1/sfn/action ddal_sfn_wakeup_fd 193 100 DDAL_SFN_PERIODIC
CLI_OUTPUT: ret /Target1/sfn/action ddal_sfn_wakeup_fd 193 100 DDAL_SFN_PERIODIC ==&gt; done OK retv 0
CLI_OUTPUT: /Target1/sfn/action ddal_sfn_wakeup_fd 194 100 DDAL_SFN_PERIODIC
CLI_OUTPUT: ret /Target1/sfn/action ddal_sfn_wakeup_fd 194 100 DDAL_SFN_PERIODIC ==&gt; done OK retv 0
CLI_OUTPUT: /Target1/sfn/action ddal_sfn_wakeup_fd 194 100 DDAL_SFN_SPECIFIC
CLI_OUTPUT: ret /Target1/sfn/action ddal_sfn_wakeup_fd 194 100 DDAL_SFN_SPECIFIC ==&gt; done OK retv 0
CLI_OUTPUT: /Target1/sfn/action ddal_sfn_wakeup_fd 194 100 DDAL_SFN_PERIODIC
CLI_OUTPUT: ret /Target1/sfn/action ddal_sfn_wakeup_fd 194 100 DDAL_SFN_PERIODIC ==&gt; done OK retv 0
CLI_OUTPUT: /Target1/sfn/action ddal_sfn_wakeup_fd 195 100 DDAL_SFN_PERIODIC
CLI_OUTPUT: ret /Target1/sfn/action ddal_sfn_wakeup_fd 195 100 DDAL_SFN_PERIODIC ==&gt; done OK retv 0
CLI_OUTPUT: /Target1/sfn/action ddal_sfn_wakeup_fd 195 100 DDAL_SFN_SPECIFIC
CLI_OUTPUT: ret /Target1/sfn/action ddal_sfn_wakeup_fd 195 100 DDAL_SFN_SPECIFIC ==&gt; done OK retv 0
CLI_OUTPUT: /Target1/sfn/action ddal_sfn_wakeup_fd 195 100 DDAL_SFN_PERIODIC
CLI_OUTPUT: ret /Target1/sfn/action ddal_sfn_wakeup_fd 195 100 DDAL_SFN_PERIODIC ==&gt; done OK retv 0
CLI_OUTPUT: /Target1/sfn/action ddal_sfn_wakeup_fd 196 100 DDAL_SFN_PERIODIC
CLI_OUTPUT: ret /Target1/sfn/action ddal_sfn_wakeup_fd 196 100 DDAL_SFN_PERIODIC ==&gt; done OK retv 0
CLI_OUTPUT: /Target1/sfn/action ddal_sfn_wakeup_fd 196 100 DDAL_SFN_SPECIFIC
CLI_OUTPUT: ret /Target1/sfn/action ddal_sfn_wakeup_fd 196 100 DDAL_SFN_SPECIFIC ==&gt; done OK retv 0
CLI_OUTPUT: /Target1/sfn/action ddal_sfn_wakeup_fd 196 100 DDAL_SFN_PERIODIC
CLI_OUTPUT: ret /Target1/sfn/action ddal_sfn_wakeup_fd 196 100 DDAL_SFN_PERIODIC ==&gt; done OK retv 0
CLI_OUTPUT: /Target1/sfn/action ddal_sfn_wakeup_fd 197 100 DDAL_SFN_PERIODIC
CLI_OUTPUT: ret /Target1/sfn/action ddal_sfn_wakeup_fd 197 100 DDAL_SFN_PERIODIC ==&gt; done OK retv 0
CLI_OUTPUT: /Target1/sfn/action ddal_sfn_wakeup_fd 197 100 DDAL_SFN_SPECIFIC
CLI_OUTPUT: ret /Target1/sfn/action ddal_sfn_wakeup_fd 197 100 DDAL_SFN_SPECIFIC ==&gt; done OK retv 0
CLI_OUTPUT: /Target1/sfn/action ddal_sfn_wakeup_fd 197 100 DDAL_SFN_PERIODIC
CLI_OUTPUT: ret /Target1/sfn/action ddal_sfn_wakeup_fd 197 100 DDAL_SFN_PERIODIC ==&gt; done OK retv 0
CLI_OUTPUT: /Target1/sfn/action ddal_sfn_wakeup_fd 198 100 DDAL_SFN_PERIODIC
CLI_OUTPUT: ret /Target1/sfn/action ddal_sfn_wakeup_fd 198 100 DDAL_SFN_PERIODIC ==&gt; done OK retv 0
CLI_OUTPUT: /Target1/sfn/action ddal_sfn_wakeup_fd 198 100 DDAL_SFN_SPECIFIC
CLI_OUTPUT: ret /Target1/sfn/action ddal_sfn_wakeup_fd 198 100 DDAL_SFN_SPECIFIC ==&gt; done OK retv 0
CLI_OUTPUT: /Target1/sfn/action ddal_sfn_wakeup_fd 198 100 DDAL_SFN_PERIODIC
CLI_OUTPUT: ret /Target1/sfn/action ddal_sfn_wakeup_fd 198 100 DDAL_SFN_PERIODIC ==&gt; done OK retv 0
CLI_OUTPUT: /Target1/sfn/action ddal_sfn_wakeup_fd 199 100 DDAL_SFN_PERIODIC
CLI_OUTPUT: ret /Target1/sfn/action ddal_sfn_wakeup_fd 199 100 DDAL_SFN_PERIODIC ==&gt; done OK retv 0
CLI_OUTPUT: /Target1/sfn/action ddal_sfn_wakeup_fd 199 100 DDAL_SFN_SPECIFIC
CLI_OUTPUT: ret /Target1/sfn/action ddal_sfn_wakeup_fd 199 100 DDAL_SFN_SPECIFIC ==&gt; done OK retv 0
CLI_OUTPUT: /Target1/sfn/action ddal_sfn_wakeup_fd 199 100 DDAL_SFN_PERIODIC
CLI_OUTPUT: ret /Target1/sfn/action ddal_sfn_wakeup_fd 199 100 DDAL_SFN_PERIODIC ==&gt; done OK retv 0
CLI_OUTPUT: /Target1/sfn/action ddal_sfn_wakeup_fd 200 100 DDAL_SFN_PERIODIC
CLI_OUTPUT: ret /Target1/sfn/action ddal_sfn_wakeup_fd 200 100 DDAL_SFN_PERIODIC ==&gt; done OK retv 0
CLI_OUTPUT: /Target1/sfn/action ddal_sfn_wakeup_fd 200 100 DDAL_SFN_SPECIFIC
CLI_OUTPUT: ret /Target1/sfn/action ddal_sfn_wakeup_fd 200 100 DDAL_SFN_SPECIFIC ==&gt; done OK retv 0
CLI_OUTPUT: /Target1/sfn/action ddal_sfn_wakeup_fd 200 100 DDAL_SFN_PERIODIC
CLI_OUTPUT: ret /Target1/sfn/action ddal_sfn_wakeup_fd 200 100 DDAL_SFN_PERIODIC ==&gt; done OK retv 0
CLI_OUTPUT: /Target1/sfn/action ddal_sfn_wakeup_fd 201 100 DDAL_SFN_PERIODIC
CLI_OUTPUT: ret /Target1/sfn/action ddal_sfn_wakeup_fd 201 100 DDAL_SFN_PERIODIC ==&gt; done OK retv 0
CLI_OUTPUT: /Target1/sfn/action ddal_sfn_wakeup_fd 201 100 DDAL_SFN_SPECIFIC
CLI_OUTPUT: ret /Target1/sfn/action ddal_sfn_wakeup_fd 201 100 DDAL_SFN_SPECIFIC ==&gt; done OK retv 0
CLI_OUTPUT: /Target1/sfn/action ddal_sfn_wakeup_fd 201 100 DDAL_SFN_PERIODIC
CLI_OUTPUT: ret /Target1/sfn/action ddal_sfn_wakeup_fd 201 100 DDAL_SFN_PERIODIC ==&gt; done OK retv 0
CLI_OUTPUT: /Target1/sfn/action ddal_sfn_wakeup_fd 202 100 DDAL_SFN_PERIODIC
CLI_OUTPUT: ret /Target1/sfn/action ddal_sfn_wakeup_fd 202 100 DDAL_SFN_PERIODIC ==&gt; done OK retv 0
CLI_OUTPUT: /Target1/sfn/action ddal_sfn_wakeup_fd 202 100 DDAL_SFN_SPECIFIC
CLI_OUTPUT: ret /Target1/sfn/action ddal_sfn_wakeup_fd 202 100 DDAL_SFN_SPECIFIC ==&gt; done OK retv 0
CLI_OUTPUT: /Target1/sfn/action ddal_sfn_wakeup_fd 202 100 DDAL_SFN_PERIODIC
CLI_OUTPUT: ret /Target1/sfn/action ddal_sfn_wakeup_fd 202 100 DDAL_SFN_PERIODIC ==&gt; done OK retv 0
CLI_OUTPUT: /Target1/sfn/action ddal_sfn_wakeup_fd 203 100 DDAL_SFN_PERIODIC
CLI_OUTPUT: ret /Target1/sfn/action ddal_sfn_wakeup_fd 203 100 DDAL_SFN_PERIODIC ==&gt; done OK retv 0
CLI_OUTPUT: /Target1/sfn/action ddal_sfn_wakeup_fd 203 100 DDAL_SFN_SPECIFIC
CLI_OUTPUT: ret /Target1/sfn/action ddal_sfn_wakeup_fd 203 100 DDAL_SFN_SPECIFIC ==&gt; done OK retv 0
CLI_OUTPUT: /Target1/sfn/action ddal_sfn_wakeup_fd 203 100 DDAL_SFN_PERIODIC
CLI_OUTPUT: ret /Target1/sfn/action ddal_sfn_wakeup_fd 203 100 DDAL_SFN_PERIODIC ==&gt; done OK retv 0
CLI_OUTPUT: /Target1/sfn/action ddal_sfn_wakeup_fd 204 100 DDAL_SFN_PERIODIC
CLI_OUTPUT: ret /Target1/sfn/action ddal_sfn_wakeup_fd 204 100 DDAL_SFN_PERIODIC ==&gt; done OK retv 0
CLI_OUTPUT: /Target1/sfn/action ddal_sfn_wakeup_fd 204 100 DDAL_SFN_SPECIFIC
CLI_OUTPUT: ret /Target1/sfn/action ddal_sfn_wakeup_fd 204 100 DDAL_SFN_SPECIFIC ==&gt; done OK retv 0
CLI_OUTPUT: /Target1/sfn/action ddal_sfn_wakeup_fd 204 100 DDAL_SFN_PERIODIC
CLI_OUTPUT: ret /Target1/sfn/action ddal_sfn_wakeup_fd 204 100 DDAL_SFN_PERIODIC ==&gt; done OK retv 0
CLI_OUTPUT: /Target1/sfn/action ddal_sfn_wakeup_fd 205 100 DDAL_SFN_PERIODIC
CLI_OUTPUT: ret /Target1/sfn/action ddal_sfn_wakeup_fd 205 100 DDAL_SFN_PERIODIC ==&gt; done OK retv 0
CLI_OUTPUT: /Target1/sfn/action ddal_sfn_wakeup_fd 205 100 DDAL_SFN_SPECIFIC
CLI_OUTPUT: ret /Target1/sfn/action ddal_sfn_wakeup_fd 205 100 DDAL_SFN_SPECIFIC ==&gt; done OK retv 0
CLI_OUTPUT: /Target1/sfn/action ddal_sfn_wakeup_fd 205 100 DDAL_SFN_PERIODIC
CLI_OUTPUT: ret /Target1/sfn/action ddal_sfn_wakeup_fd 205 100 DDAL_SFN_PERIODIC ==&gt; done OK retv 0
CLI_OUTPUT: /Target1/sfn/action ddal_sfn_wakeup_fd 206 100 DDAL_SFN_PERIODIC
CLI_OUTPUT: ret /Target1/sfn/action ddal_sfn_wakeup_fd 206 100 DDAL_SFN_PERIODIC ==&gt; done OK retv 0
CLI_OUTPUT: /Target1/sfn/action ddal_sfn_wakeup_fd 206 100 DDAL_SFN_SPECIFIC
CLI_OUTPUT: ret /Target1/sfn/action ddal_sfn_wakeup_fd 206 100 DDAL_SFN_SPECIFIC ==&gt; done OK retv 0
CLI_OUTPUT: /Target1/sfn/action ddal_sfn_wakeup_fd 206 100 DDAL_SFN_PERIODIC
CLI_OUTPUT: ret /Target1/sfn/action ddal_sfn_wakeup_fd 206 100 DDAL_SFN_PERIODIC ==&gt; done OK retv 0
CLI_OUTPUT: /Target1/sfn/action ddal_sfn_close_file_descriptor 7
CLI_OUTPUT: ret /Target1/sfn/action ddal_sfn_close_file_descriptor 7 ==&gt; done OK retv 0
CLI_OUTPUT: /Target1/sfn/action ddal_sfn_close_file_descriptor 8
CLI_OUTPUT: ret /Target1/sfn/action ddal_sfn_close_file_descriptor 8 ==&gt; done OK retv 0
CLI_OUTPUT: /Target1/sfn/action ddal_sfn_close_file_descriptor 9
CLI_OUTPUT: ret /Target1/sfn/action ddal_sfn_close_file_descriptor 9 ==&gt; done OK retv 0
CLI_OUTPUT: /Target1/sfn/action ddal_sfn_close_file_descriptor 10
CLI_OUTPUT: ret /Target1/sfn/action ddal_sfn_close_file_descriptor 10 ==&gt; done OK retv 0
CLI_OUTPUT: /Target1/sfn/action ddal_sfn_close_file_descriptor 11
CLI_OUTPUT: ret /Target1/sfn/action ddal_sfn_close_file_descriptor 11 ==&gt; done OK retv 0
CLI_OUTPUT: /Target1/sfn/action ddal_sfn_close_file_descriptor 12
CLI_OUTPUT: ret /Target1/sfn/action ddal_sfn_close_file_descriptor 12 ==&gt; done OK retv 0
CLI_OUTPUT: /Target1/sfn/action ddal_sfn_close_file_descriptor 13
CLI_OUTPUT: ret /Target1/sfn/action ddal_sfn_close_file_descriptor 13 ==&gt; done OK retv 0
CLI_OUTPUT: /Target1/sfn/action ddal_sfn_close_file_descriptor 14
CLI_OUTPUT: ret /Target1/sfn/action ddal_sfn_close_file_descriptor 14 ==&gt; done OK retv 0
CLI_OUTPUT: /Target1/sfn/action ddal_sfn_close_file_descriptor 15
CLI_OUTPUT: ret /Target1/sfn/action ddal_sfn_close_file_descriptor 15 ==&gt; done OK retv 0
CLI_OUTPUT: /Target1/sfn/action ddal_sfn_close_file_descriptor 16
CLI_OUTPUT: ret /Target1/sfn/action ddal_sfn_close_file_descriptor 16 ==&gt; done OK retv 0
CLI_OUTPUT: /Target1/sfn/action ddal_sfn_close_file_descriptor 17
CLI_OUTPUT: ret /Target1/sfn/action ddal_sfn_close_file_descriptor 17 ==&gt; done OK retv 0
CLI_OUTPUT: /Target1/sfn/action ddal_sfn_close_file_descriptor 18
CLI_OUTPUT: ret /Target1/sfn/action ddal_sfn_close_file_descriptor 18 ==&gt; done OK retv 0
CLI_OUTPUT: /Target1/sfn/action ddal_sfn_close_file_descriptor 19
CLI_OUTPUT: ret /Target1/sfn/action ddal_sfn_close_file_descriptor 19 ==&gt; done OK retv 0
CLI_OUTPUT: /Target1/sfn/action ddal_sfn_close_file_descriptor 20
CLI_OUTPUT: ret /Target1/sfn/action ddal_sfn_close_file_descriptor 20 ==&gt; done OK retv 0
CLI_OUTPUT: /Target1/sfn/action ddal_sfn_close_file_descriptor 21
CLI_OUTPUT: ret /Target1/sfn/action ddal_sfn_close_file_descriptor 21 ==&gt; done OK retv 0
CLI_OUTPUT: /Target1/sfn/action ddal_sfn_close_file_descriptor 22
CLI_OUTPUT: ret /Target1/sfn/action ddal_sfn_close_file_descriptor 22 ==&gt; done OK retv 0
CLI_OUTPUT: /Target1/sfn/action ddal_sfn_close_file_descriptor 23
CLI_OUTPUT: ret /Target1/sfn/action ddal_sfn_close_file_descriptor 23 ==&gt; done OK retv 0
CLI_OUTPUT: /Target1/sfn/action ddal_sfn_close_file_descriptor 24
CLI_OUTPUT: ret /Target1/sfn/action ddal_sfn_close_file_descriptor 24 ==&gt; done OK retv 0
CLI_OUTPUT: /Target1/sfn/action ddal_sfn_close_file_descriptor 25
CLI_OUTPUT: ret /Target1/sfn/action ddal_sfn_close_file_descriptor 25 ==&gt; done OK retv 0
CLI_OUTPUT: /Target1/sfn/action ddal_sfn_close_file_descriptor 26
CLI_OUTPUT: ret /Target1/sfn/action ddal_sfn_close_file_descriptor 26 ==&gt; done OK retv 0
CLI_OUTPUT: /Target1/sfn/action ddal_sfn_close_file_descriptor 27
CLI_OUTPUT: ret /Target1/sfn/action ddal_sfn_close_file_descriptor 27 ==&gt; done OK retv 0
CLI_OUTPUT: /Target1/sfn/action ddal_sfn_close_file_descriptor 28
CLI_OUTPUT: ret /Target1/sfn/action ddal_sfn_close_file_descriptor 28 ==&gt; done OK retv 0
CLI_OUTPUT: /Target1/sfn/action ddal_sfn_close_file_descriptor 29
CLI_OUTPUT: ret /Target1/sfn/action ddal_sfn_close_file_descriptor 29 ==&gt; done OK retv 0
CLI_OUTPUT: /Target1/sfn/action ddal_sfn_close_file_descriptor 30
CLI_OUTPUT: ret /Target1/sfn/action ddal_sfn_close_file_descriptor 30 ==&gt; done OK retv 0
CLI_OUTPUT: /Target1/sfn/action ddal_sfn_close_file_descriptor 31
CLI_OUTPUT: ret /Target1/sfn/action ddal_sfn_close_file_descriptor 31 ==&gt; done OK retv 0
CLI_OUTPUT: /Target1/sfn/action ddal_sfn_close_file_descriptor 32
CLI_OUTPUT: ret /Target1/sfn/action ddal_sfn_close_file_descriptor 32 ==&gt; done OK retv 0
CLI_OUTPUT: /Target1/sfn/action ddal_sfn_close_file_descriptor 33
CLI_OUTPUT: ret /Target1/sfn/action ddal_sfn_close_file_descriptor 33 ==&gt; done OK retv 0
CLI_OUTPUT: /Target1/sfn/action ddal_sfn_close_file_descriptor 34
CLI_OUTPUT: ret /Target1/sfn/action ddal_sfn_close_file_descriptor 34 ==&gt; done OK retv 0
CLI_OUTPUT: /Target1/sfn/action ddal_sfn_close_file_descriptor 35
CLI_OUTPUT: ret /Target1/sfn/action ddal_sfn_close_file_descriptor 35 ==&gt; done OK retv 0
CLI_OUTPUT: /Target1/sfn/action ddal_sfn_close_file_descriptor 36
CLI_OUTPUT: ret /Target1/sfn/action ddal_sfn_close_file_descriptor 36 ==&gt; done OK retv 0
CLI_OUTPUT: /Target1/sfn/action ddal_sfn_close_file_descriptor 37
CLI_OUTPUT: ret /Target1/sfn/action ddal_sfn_close_file_descriptor 37 ==&gt; done OK retv 0
CLI_OUTPUT: /Target1/sfn/action ddal_sfn_close_file_descriptor 38
CLI_OUTPUT: ret /Target1/sfn/action ddal_sfn_close_file_descriptor 38 ==&gt; done OK retv 0
CLI_OUTPUT: /Target1/sfn/action ddal_sfn_close_file_descriptor 39
CLI_OUTPUT: ret /Target1/sfn/action ddal_sfn_close_file_descriptor 39 ==&gt; done OK retv 0
CLI_OUTPUT: /Target1/sfn/action ddal_sfn_close_file_descriptor 40
CLI_OUTPUT: ret /Target1/sfn/action ddal_sfn_close_file_descriptor 40 ==&gt; done OK retv 0
CLI_OUTPUT: /Target1/sfn/action ddal_sfn_close_file_descriptor 41
CLI_OUTPUT: ret /Target1/sfn/action ddal_sfn_close_file_descriptor 41 ==&gt; done OK retv 0
CLI_OUTPUT: /Target1/sfn/action ddal_sfn_close_file_descriptor 42
CLI_OUTPUT: ret /Target1/sfn/action ddal_sfn_close_file_descriptor 42 ==&gt; done OK retv 0
CLI_OUTPUT: /Target1/sfn/action ddal_sfn_close_file_descriptor 43
CLI_OUTPUT: ret /Target1/sfn/action ddal_sfn_close_file_descriptor 43 ==&gt; done OK retv 0
CLI_OUTPUT: /Target1/sfn/action ddal_sfn_close_file_descriptor 44
CLI_OUTPUT: ret /Target1/sfn/action ddal_sfn_close_file_descriptor 44 ==&gt; done OK retv 0
CLI_OUTPUT: /Target1/sfn/action ddal_sfn_close_file_descriptor 45
CLI_OUTPUT: ret /Target1/sfn/action ddal_sfn_close_file_descriptor 45 ==&gt; done OK retv 0
CLI_OUTPUT: /Target1/sfn/action ddal_sfn_close_file_descriptor 46
CLI_OUTPUT: ret /Target1/sfn/action ddal_sfn_close_file_descriptor 46 ==&gt; done OK retv 0
CLI_OUTPUT: /Target1/sfn/action ddal_sfn_close_file_descriptor 47
CLI_OUTPUT: ret /Target1/sfn/action ddal_sfn_close_file_descriptor 47 ==&gt; done OK retv 0
CLI_OUTPUT: /Target1/sfn/action ddal_sfn_close_file_descriptor 48
CLI_OUTPUT: ret /Target1/sfn/action ddal_sfn_close_file_descriptor 48 ==&gt; done OK retv 0
CLI_OUTPUT: /Target1/sfn/action ddal_sfn_close_file_descriptor 49
CLI_OUTPUT: ret /Target1/sfn/action ddal_sfn_close_file_descriptor 49 ==&gt; done OK retv 0
CLI_OUTPUT: /Target1/sfn/action ddal_sfn_close_file_descriptor 50
CLI_OUTPUT: ret /Target1/sfn/action ddal_sfn_close_file_descriptor 50 ==&gt; done OK retv 0
CLI_OUTPUT: /Target1/sfn/action ddal_sfn_close_file_descriptor 51
CLI_OUTPUT: ret /Target1/sfn/action ddal_sfn_close_file_descriptor 51 ==&gt; done OK retv 0
CLI_OUTPUT: /Target1/sfn/action ddal_sfn_close_file_descriptor 52
CLI_OUTPUT: ret /Target1/sfn/action ddal_sfn_close_file_descriptor 52 ==&gt; done OK retv 0
CLI_OUTPUT: /Target1/sfn/action ddal_sfn_close_file_descriptor 53
CLI_OUTPUT: ret /Target1/sfn/action ddal_sfn_close_file_descriptor 53 ==&gt; done OK retv 0
CLI_OUTPUT: /Target1/sfn/action ddal_sfn_close_file_descriptor 54
CLI_OUTPUT: ret /Target1/sfn/action ddal_sfn_close_file_descriptor 54 ==&gt; done OK retv 0
CLI_OUTPUT: /Target1/sfn/action ddal_sfn_close_file_descriptor 55
CLI_OUTPUT: ret /Target1/sfn/action ddal_sfn_close_file_descriptor 55 ==&gt; done OK retv 0
SCR_OUTPUT: cumulated_open_close_loops CLOSE 50
CLI_OUTPUT: /Target1/sfn/action ddal_sfn_close_file_descriptor 56
CLI_OUTPUT: ret /Target1/sfn/action ddal_sfn_close_file_descriptor 56 ==&gt; done OK retv 0
CLI_OUTPUT: /Target1/sfn/action ddal_sfn_close_file_descriptor 57
CLI_OUTPUT: ret /Target1/sfn/action ddal_sfn_close_file_descriptor 57 ==&gt; done OK retv 0
CLI_OUTPUT: /Target1/sfn/action ddal_sfn_close_file_descriptor 58
CLI_OUTPUT: ret /Target1/sfn/action ddal_sfn_close_file_descriptor 58 ==&gt; done OK retv 0
CLI_OUTPUT: /Target1/sfn/action ddal_sfn_close_file_descriptor 59
CLI_OUTPUT: ret /Target1/sfn/action ddal_sfn_close_file_descriptor 59 ==&gt; done OK retv 0
CLI_OUTPUT: /Target1/sfn/action ddal_sfn_close_file_descriptor 60
CLI_OUTPUT: ret /Target1/sfn/action ddal_sfn_close_file_descriptor 60 ==&gt; done OK retv 0
CLI_OUTPUT: /Target1/sfn/action ddal_sfn_close_file_descriptor 61
CLI_OUTPUT: ret /Target1/sfn/action ddal_sfn_close_file_descriptor 61 ==&gt; done OK retv 0
CLI_OUTPUT: /Target1/sfn/action ddal_sfn_close_file_descriptor 62
CLI_OUTPUT: ret /Target1/sfn/action ddal_sfn_close_file_descriptor 62 ==&gt; done OK retv 0
CLI_OUTPUT: /Target1/sfn/action ddal_sfn_close_file_descriptor 63
CLI_OUTPUT: ret /Target1/sfn/action ddal_sfn_close_file_descriptor 63 ==&gt; done OK retv 0
CLI_OUTPUT: /Target1/sfn/action ddal_sfn_close_file_descriptor 64
CLI_OUTPUT: ret /Target1/sfn/action ddal_sfn_close_file_descriptor 64 ==&gt; done OK retv 0
CLI_OUTPUT: /Target1/sfn/action ddal_sfn_close_file_descriptor 65
CLI_OUTPUT: ret /Target1/sfn/action ddal_sfn_close_file_descriptor 65 ==&gt; done OK retv 0
CLI_OUTPUT: /Target1/sfn/action ddal_sfn_close_file_descriptor 66
CLI_OUTPUT: ret /Target1/sfn/action ddal_sfn_close_file_descriptor 66 ==&gt; done OK retv 0
CLI_OUTPUT: /Target1/sfn/action ddal_sfn_close_file_descriptor 67
CLI_OUTPUT: ret /Target1/sfn/action ddal_sfn_close_file_descriptor 67 ==&gt; done OK retv 0
CLI_OUTPUT: /Target1/sfn/action ddal_sfn_close_file_descriptor 68
CLI_OUTPUT: ret /Target1/sfn/action ddal_sfn_close_file_descriptor 68 ==&gt; done OK retv 0
CLI_OUTPUT: /Target1/sfn/action ddal_sfn_close_file_descriptor 69
CLI_OUTPUT: ret /Target1/sfn/action ddal_sfn_close_file_descriptor 69 ==&gt; done OK retv 0
CLI_OUTPUT: /Target1/sfn/action ddal_sfn_close_file_descriptor 70
CLI_OUTPUT: ret /Target1/sfn/action ddal_sfn_close_file_descriptor 70 ==&gt; done OK retv 0
CLI_OUTPUT: /Target1/sfn/action ddal_sfn_close_file_descriptor 71
CLI_OUTPUT: ret /Target1/sfn/action ddal_sfn_close_file_descriptor 71 ==&gt; done OK retv 0
CLI_OUTPUT: /Target1/sfn/action ddal_sfn_close_file_descriptor 72
CLI_OUTPUT: ret /Target1/sfn/action ddal_sfn_close_file_descriptor 72 ==&gt; done OK retv 0
CLI_OUTPUT: /Target1/sfn/action ddal_sfn_close_file_descriptor 73
CLI_OUTPUT: ret /Target1/sfn/action ddal_sfn_close_file_descriptor 73 ==&gt; done OK retv 0
CLI_OUTPUT: /Target1/sfn/action ddal_sfn_close_file_descriptor 74
CLI_OUTPUT: ret /Target1/sfn/action ddal_sfn_close_file_descriptor 74 ==&gt; done OK retv 0
CLI_OUTPUT: /Target1/sfn/action ddal_sfn_close_file_descriptor 75
CLI_OUTPUT: ret /Target1/sfn/action ddal_sfn_close_file_descriptor 75 ==&gt; done OK retv 0
CLI_OUTPUT: /Target1/sfn/action ddal_sfn_close_file_descriptor 76
CLI_OUTPUT: ret /Target1/sfn/action ddal_sfn_close_file_descriptor 76 ==&gt; done OK retv 0
CLI_OUTPUT: /Target1/sfn/action ddal_sfn_close_file_descriptor 77
CLI_OUTPUT: ret /Target1/sfn/action ddal_sfn_close_file_descriptor 77 ==&gt; done OK retv 0
CLI_OUTPUT: /Target1/sfn/action ddal_sfn_close_file_descriptor 78
CLI_OUTPUT: ret /Target1/sfn/action ddal_sfn_close_file_descriptor 78 ==&gt; done OK retv 0
CLI_OUTPUT: /Target1/sfn/action ddal_sfn_close_file_descriptor 79
CLI_OUTPUT: ret /Target1/sfn/action ddal_sfn_close_file_descriptor 79 ==&gt; done OK retv 0
CLI_OUTPUT: /Target1/sfn/action ddal_sfn_close_file_descriptor 80
CLI_OUTPUT: ret /Target1/sfn/action ddal_sfn_close_file_descriptor 80 ==&gt; done OK retv 0
CLI_OUTPUT: /Target1/sfn/action ddal_sfn_close_file_descriptor 81
CLI_OUTPUT: ret /Target1/sfn/action ddal_sfn_close_file_descriptor 81 ==&gt; done OK retv 0
CLI_OUTPUT: /Target1/sfn/action ddal_sfn_close_file_descriptor 82
CLI_OUTPUT: ret /Target1/sfn/action ddal_sfn_close_file_descriptor 82 ==&gt; done OK retv 0
CLI_OUTPUT: /Target1/sfn/action ddal_sfn_close_file_descriptor 83
CLI_OUTPUT: ret /Target1/sfn/action ddal_sfn_close_file_descriptor 83 ==&gt; done OK retv 0
CLI_OUTPUT: /Target1/sfn/action ddal_sfn_close_file_descriptor 84
CLI_OUTPUT: ret /Target1/sfn/action ddal_sfn_close_file_descriptor 84 ==&gt; done OK retv 0
CLI_OUTPUT: /Target1/sfn/action ddal_sfn_close_file_descriptor 85
CLI_OUTPUT: ret /Target1/sfn/action ddal_sfn_close_file_descriptor 85 ==&gt; done OK retv 0
CLI_OUTPUT: /Target1/sfn/action ddal_sfn_close_file_descriptor 86
CLI_OUTPUT: ret /Target1/sfn/action ddal_sfn_close_file_descriptor 86 ==&gt; done OK retv 0
CLI_OUTPUT: /Target1/sfn/action ddal_sfn_close_file_descriptor 87
CLI_OUTPUT: ret /Target1/sfn/action ddal_sfn_close_file_descriptor 87 ==&gt; done OK retv 0
CLI_OUTPUT: /Target1/sfn/action ddal_sfn_close_file_descriptor 88
CLI_OUTPUT: ret /Target1/sfn/action ddal_sfn_close_file_descriptor 88 ==&gt; done OK retv 0
CLI_OUTPUT: /Target1/sfn/action ddal_sfn_close_file_descriptor 89
CLI_OUTPUT: ret /Target1/sfn/action ddal_sfn_close_file_descriptor 89 ==&gt; done OK retv 0
CLI_OUTPUT: /Target1/sfn/action ddal_sfn_close_file_descriptor 90
CLI_OUTPUT: ret /Target1/sfn/action ddal_sfn_close_file_descriptor 90 ==&gt; done OK retv 0
CLI_OUTPUT: /Target1/sfn/action ddal_sfn_close_file_descriptor 91
CLI_OUTPUT: ret /Target1/sfn/action ddal_sfn_close_file_descriptor 91 ==&gt; done OK retv 0
CLI_OUTPUT: /Target1/sfn/action ddal_sfn_close_file_descriptor 92
CLI_OUTPUT: ret /Target1/sfn/action ddal_sfn_close_file_descriptor 92 ==&gt; done OK retv 0
CLI_OUTPUT: /Target1/sfn/action ddal_sfn_close_file_descriptor 93
CLI_OUTPUT: ret /Target1/sfn/action ddal_sfn_close_file_descriptor 93 ==&gt; done OK retv 0
CLI_OUTPUT: /Target1/sfn/action ddal_sfn_close_file_descriptor 94
CLI_OUTPUT: ret /Target1/sfn/action ddal_sfn_close_file_descriptor 94 ==&gt; done OK retv 0
CLI_OUTPUT: /Target1/sfn/action ddal_sfn_close_file_descriptor 95
CLI_OUTPUT: ret /Target1/sfn/action ddal_sfn_close_file_descriptor 95 ==&gt; done OK retv 0
CLI_OUTPUT: /Target1/sfn/action ddal_sfn_close_file_descriptor 96
CLI_OUTPUT: ret /Target1/sfn/action ddal_sfn_close_file_descriptor 96 ==&gt; done OK retv 0
CLI_OUTPUT: /Target1/sfn/action ddal_sfn_close_file_descriptor 97
CLI_OUTPUT: ret /Target1/sfn/action ddal_sfn_close_file_descriptor 97 ==&gt; done OK retv 0
CLI_OUTPUT: /Target1/sfn/action ddal_sfn_close_file_descriptor 98
CLI_OUTPUT: ret /Target1/sfn/action ddal_sfn_close_file_descriptor 98 ==&gt; done OK retv 0
CLI_OUTPUT: /Target1/sfn/action ddal_sfn_close_file_descriptor 99
CLI_OUTPUT: ret /Target1/sfn/action ddal_sfn_close_file_descriptor 99 ==&gt; done OK retv 0
CLI_OUTPUT: /Target1/sfn/action ddal_sfn_close_file_descriptor 100
CLI_OUTPUT: ret /Target1/sfn/action ddal_sfn_close_file_descriptor 100 ==&gt; done OK retv 0
CLI_OUTPUT: /Target1/sfn/action ddal_sfn_close_file_descriptor 101
CLI_OUTPUT: ret /Target1/sfn/action ddal_sfn_close_file_descriptor 101 ==&gt; done OK retv 0
CLI_OUTPUT: /Target1/sfn/action ddal_sfn_close_file_descriptor 102
CLI_OUTPUT: ret /Target1/sfn/action ddal_sfn_close_file_descriptor 102 ==&gt; done OK retv 0
CLI_OUTPUT: /Target1/sfn/action ddal_sfn_close_file_descriptor 103
CLI_OUTPUT: ret /Target1/sfn/action ddal_sfn_close_file_descriptor 103 ==&gt; done OK retv 0
CLI_OUTPUT: /Target1/sfn/action ddal_sfn_close_file_descriptor 104
CLI_OUTPUT: ret /Target1/sfn/action ddal_sfn_close_file_descriptor 104 ==&gt; done OK retv 0
CLI_OUTPUT: /Target1/sfn/action ddal_sfn_close_file_descriptor 105
CLI_OUTPUT: ret /Target1/sfn/action ddal_sfn_close_file_descriptor 105 ==&gt; done OK retv 0
SCR_OUTPUT: cumulated_open_close_loops CLOSE 100
CLI_OUTPUT: /Target1/sfn/action ddal_sfn_close_file_descriptor 106
CLI_OUTPUT: ret /Target1/sfn/action ddal_sfn_close_file_descriptor 106 ==&gt; done OK retv 0
CLI_OUTPUT: /Target1/sfn/action ddal_sfn_close_file_descriptor 107
CLI_OUTPUT: ret /Target1/sfn/action ddal_sfn_close_file_descriptor 107 ==&gt; done OK retv 0
CLI_OUTPUT: /Target1/sfn/action ddal_sfn_close_file_descriptor 108
CLI_OUTPUT: ret /Target1/sfn/action ddal_sfn_close_file_descriptor 108 ==&gt; done OK retv 0
CLI_OUTPUT: /Target1/sfn/action ddal_sfn_close_file_descriptor 109
CLI_OUTPUT: ret /Target1/sfn/action ddal_sfn_close_file_descriptor 109 ==&gt; done OK retv 0
CLI_OUTPUT: /Target1/sfn/action ddal_sfn_close_file_descriptor 110
CLI_OUTPUT: ret /Target1/sfn/action ddal_sfn_close_file_descriptor 110 ==&gt; done OK retv 0
CLI_OUTPUT: /Target1/sfn/action ddal_sfn_close_file_descriptor 111
CLI_OUTPUT: ret /Target1/sfn/action ddal_sfn_close_file_descriptor 111 ==&gt; done OK retv 0
CLI_OUTPUT: /Target1/sfn/action ddal_sfn_close_file_descriptor 112
CLI_OUTPUT: ret /Target1/sfn/action ddal_sfn_close_file_descriptor 112 ==&gt; done OK retv 0
CLI_OUTPUT: /Target1/sfn/action ddal_sfn_close_file_descriptor 113
CLI_OUTPUT: ret /Target1/sfn/action ddal_sfn_close_file_descriptor 113 ==&gt; done OK retv 0
CLI_OUTPUT: /Target1/sfn/action ddal_sfn_close_file_descriptor 114
CLI_OUTPUT: ret /Target1/sfn/action ddal_sfn_close_file_descriptor 114 ==&gt; done OK retv 0
CLI_OUTPUT: /Target1/sfn/action ddal_sfn_close_file_descriptor 115
CLI_OUTPUT: ret /Target1/sfn/action ddal_sfn_close_file_descriptor 115 ==&gt; done OK retv 0
CLI_OUTPUT: /Target1/sfn/action ddal_sfn_close_file_descriptor 116
CLI_OUTPUT: ret /Target1/sfn/action ddal_sfn_close_file_descriptor 116 ==&gt; done OK retv 0
CLI_OUTPUT: /Target1/sfn/action ddal_sfn_close_file_descriptor 117
CLI_OUTPUT: ret /Target1/sfn/action ddal_sfn_close_file_descriptor 117 ==&gt; done OK retv 0
CLI_OUTPUT: /Target1/sfn/action ddal_sfn_close_file_descriptor 118
CLI_OUTPUT: ret /Target1/sfn/action ddal_sfn_close_file_descriptor 118 ==&gt; done OK retv 0
CLI_OUTPUT: /Target1/sfn/action ddal_sfn_close_file_descriptor 119
CLI_OUTPUT: ret /Target1/sfn/action ddal_sfn_close_file_descriptor 119 ==&gt; done OK retv 0
CLI_OUTPUT: /Target1/sfn/action ddal_sfn_close_file_descriptor 120
CLI_OUTPUT: ret /Target1/sfn/action ddal_sfn_close_file_descriptor 120 ==&gt; done OK retv 0
CLI_OUTPUT: /Target1/sfn/action ddal_sfn_close_file_descriptor 121
CLI_OUTPUT: ret /Target1/sfn/action ddal_sfn_close_file_descriptor 121 ==&gt; done OK retv 0
CLI_OUTPUT: /Target1/sfn/action ddal_sfn_close_file_descriptor 122
CLI_OUTPUT: ret /Target1/sfn/action ddal_sfn_close_file_descriptor 122 ==&gt; done OK retv 0
CLI_OUTPUT: /Target1/sfn/action ddal_sfn_close_file_descriptor 123
CLI_OUTPUT: ret /Target1/sfn/action ddal_sfn_close_file_descriptor 123 ==&gt; done OK retv 0
CLI_OUTPUT: /Target1/sfn/action ddal_sfn_close_file_descriptor 124
CLI_OUTPUT: ret /Target1/sfn/action ddal_sfn_close_file_descriptor 124 ==&gt; done OK retv 0
CLI_OUTPUT: /Target1/sfn/action ddal_sfn_close_file_descriptor 125
CLI_OUTPUT: ret /Target1/sfn/action ddal_sfn_close_file_descriptor 125 ==&gt; done OK retv 0
CLI_OUTPUT: /Target1/sfn/action ddal_sfn_close_file_descriptor 126
CLI_OUTPUT: ret /Target1/sfn/action ddal_sfn_close_file_descriptor 126 ==&gt; done OK retv 0
CLI_OUTPUT: /Target1/sfn/action ddal_sfn_close_file_descriptor 127
CLI_OUTPUT: ret /Target1/sfn/action ddal_sfn_close_file_descriptor 127 ==&gt; done OK retv 0
CLI_OUTPUT: /Target1/sfn/action ddal_sfn_close_file_descriptor 128
CLI_OUTPUT: ret /Target1/sfn/action ddal_sfn_close_file_descriptor 128 ==&gt; done OK retv 0
CLI_OUTPUT: /Target1/sfn/action ddal_sfn_close_file_descriptor 129
CLI_OUTPUT: ret /Target1/sfn/action ddal_sfn_close_file_descriptor 129 ==&gt; done OK retv 0
CLI_OUTPUT: /Target1/sfn/action ddal_sfn_close_file_descriptor 130
CLI_OUTPUT: ret /Target1/sfn/action ddal_sfn_close_file_descriptor 130 ==&gt; done OK retv 0
CLI_OUTPUT: /Target1/sfn/action ddal_sfn_close_file_descriptor 131
CLI_OUTPUT: ret /Target1/sfn/action ddal_sfn_close_file_descriptor 131 ==&gt; done OK retv 0
CLI_OUTPUT: /Target1/sfn/action ddal_sfn_close_file_descriptor 132
CLI_OUTPUT: ret /Target1/sfn/action ddal_sfn_close_file_descriptor 132 ==&gt; done OK retv 0
CLI_OUTPUT: /Target1/sfn/action ddal_sfn_close_file_descriptor 133
CLI_OUTPUT: ret /Target1/sfn/action ddal_sfn_close_file_descriptor 133 ==&gt; done OK retv 0
CLI_OUTPUT: /Target1/sfn/action ddal_sfn_close_file_descriptor 134
CLI_OUTPUT: ret /Target1/sfn/action ddal_sfn_close_file_descriptor 134 ==&gt; done OK retv 0
CLI_OUTPUT: /Target1/sfn/action ddal_sfn_close_file_descriptor 135
CLI_OUTPUT: ret /Target1/sfn/action ddal_sfn_close_file_descriptor 135 ==&gt; done OK retv 0
CLI_OUTPUT: /Target1/sfn/action ddal_sfn_close_file_descriptor 136
CLI_OUTPUT: ret /Target1/sfn/action ddal_sfn_close_file_descriptor 136 ==&gt; done OK retv 0
CLI_OUTPUT: /Target1/sfn/action ddal_sfn_close_file_descriptor 137
CLI_OUTPUT: ret /Target1/sfn/action ddal_sfn_close_file_descriptor 137 ==&gt; done OK retv 0
CLI_OUTPUT: /Target1/sfn/action ddal_sfn_close_file_descriptor 138
CLI_OUTPUT: ret /Target1/sfn/action ddal_sfn_close_file_descriptor 138 ==&gt; done OK retv 0
CLI_OUTPUT: /Target1/sfn/action ddal_sfn_close_file_descriptor 139
CLI_OUTPUT: ret /Target1/sfn/action ddal_sfn_close_file_descriptor 139 ==&gt; done OK retv 0
CLI_OUTPUT: /Target1/sfn/action ddal_sfn_close_file_descriptor 140
CLI_OUTPUT: ret /Target1/sfn/action ddal_sfn_close_file_descriptor 140 ==&gt; done OK retv 0
CLI_OUTPUT: /Target1/sfn/action ddal_sfn_close_file_descriptor 141
CLI_OUTPUT: ret /Target1/sfn/action ddal_sfn_close_file_descriptor 141 ==&gt; done OK retv 0
CLI_OUTPUT: /Target1/sfn/action ddal_sfn_close_file_descriptor 142
CLI_OUTPUT: ret /Target1/sfn/action ddal_sfn_close_file_descriptor 142 ==&gt; done OK retv 0
CLI_OUTPUT: /Target1/sfn/action ddal_sfn_close_file_descriptor 143
CLI_OUTPUT: ret /Target1/sfn/action ddal_sfn_close_file_descriptor 143 ==&gt; done OK retv 0
CLI_OUTPUT: /Target1/sfn/action ddal_sfn_close_file_descriptor 144
CLI_OUTPUT: ret /Target1/sfn/action ddal_sfn_close_file_descriptor 144 ==&gt; done OK retv 0
CLI_OUTPUT: /Target1/sfn/action ddal_sfn_close_file_descriptor 145
CLI_OUTPUT: ret /Target1/sfn/action ddal_sfn_close_file_descriptor 145 ==&gt; done OK retv 0
CLI_OUTPUT: /Target1/sfn/action ddal_sfn_close_file_descriptor 146
CLI_OUTPUT: ret /Target1/sfn/action ddal_sfn_close_file_descriptor 146 ==&gt; done OK retv 0
CLI_OUTPUT: /Target1/sfn/action ddal_sfn_close_file_descriptor 147
CLI_OUTPUT: ret /Target1/sfn/action ddal_sfn_close_file_descriptor 147 ==&gt; done OK retv 0
CLI_OUTPUT: /Target1/sfn/action ddal_sfn_close_file_descriptor 148
CLI_OUTPUT: ret /Target1/sfn/action ddal_sfn_close_file_descriptor 148 ==&gt; done OK retv 0
CLI_OUTPUT: /Target1/sfn/action ddal_sfn_close_file_descriptor 149
CLI_OUTPUT: ret /Target1/sfn/action ddal_sfn_close_file_descriptor 149 ==&gt; done OK retv 0
CLI_OUTPUT: /Target1/sfn/action ddal_sfn_close_file_descriptor 150
CLI_OUTPUT: ret /Target1/sfn/action ddal_sfn_close_file_descriptor 150 ==&gt; done OK retv 0
CLI_OUTPUT: /Target1/sfn/action ddal_sfn_close_file_descriptor 151
CLI_OUTPUT: ret /Target1/sfn/action ddal_sfn_close_file_descriptor 151 ==&gt; done OK retv 0
CLI_OUTPUT: /Target1/sfn/action ddal_sfn_close_file_descriptor 152
CLI_OUTPUT: ret /Target1/sfn/action ddal_sfn_close_file_descriptor 152 ==&gt; done OK retv 0
CLI_OUTPUT: /Target1/sfn/action ddal_sfn_close_file_descriptor 153
CLI_OUTPUT: ret /Target1/sfn/action ddal_sfn_close_file_descriptor 153 ==&gt; done OK retv 0
CLI_OUTPUT: /Target1/sfn/action ddal_sfn_close_file_descriptor 154
CLI_OUTPUT: ret /Target1/sfn/action ddal_sfn_close_file_descriptor 154 ==&gt; done OK retv 0
CLI_OUTPUT: /Target1/sfn/action ddal_sfn_close_file_descriptor 155
CLI_OUTPUT: ret /Target1/sfn/action ddal_sfn_close_file_descriptor 155 ==&gt; done OK retv 0
SCR_OUTPUT: cumulated_open_close_loops CLOSE 150
CLI_OUTPUT: /Target1/sfn/action ddal_sfn_close_file_descriptor 156
CLI_OUTPUT: ret /Target1/sfn/action ddal_sfn_close_file_descriptor 156 ==&gt; done OK retv 0
CLI_OUTPUT: /Target1/sfn/action ddal_sfn_close_file_descriptor 157
CLI_OUTPUT: ret /Target1/sfn/action ddal_sfn_close_file_descriptor 157 ==&gt; done OK retv 0
CLI_OUTPUT: /Target1/sfn/action ddal_sfn_close_file_descriptor 158
CLI_OUTPUT: ret /Target1/sfn/action ddal_sfn_close_file_descriptor 158 ==&gt; done OK retv 0
CLI_OUTPUT: /Target1/sfn/action ddal_sfn_close_file_descriptor 159
CLI_OUTPUT: ret /Target1/sfn/action ddal_sfn_close_file_descriptor 159 ==&gt; done OK retv 0
CLI_OUTPUT: /Target1/sfn/action ddal_sfn_close_file_descriptor 160
CLI_OUTPUT: ret /Target1/sfn/action ddal_sfn_close_file_descriptor 160 ==&gt; done OK retv 0
CLI_OUTPUT: /Target1/sfn/action ddal_sfn_close_file_descriptor 161
CLI_OUTPUT: ret /Target1/sfn/action ddal_sfn_close_file_descriptor 161 ==&gt; done OK retv 0
CLI_OUTPUT: /Target1/sfn/action ddal_sfn_close_file_descriptor 162
CLI_OUTPUT: ret /Target1/sfn/action ddal_sfn_close_file_descriptor 162 ==&gt; done OK retv 0
CLI_OUTPUT: /Target1/sfn/action ddal_sfn_close_file_descriptor 163
CLI_OUTPUT: ret /Target1/sfn/action ddal_sfn_close_file_descriptor 163 ==&gt; done OK retv 0
CLI_OUTPUT: /Target1/sfn/action ddal_sfn_close_file_descriptor 164
CLI_OUTPUT: ret /Target1/sfn/action ddal_sfn_close_file_descriptor 164 ==&gt; done OK retv 0
CLI_OUTPUT: /Target1/sfn/action ddal_sfn_close_file_descriptor 165
CLI_OUTPUT: ret /Target1/sfn/action ddal_sfn_close_file_descriptor 165 ==&gt; done OK retv 0
CLI_OUTPUT: /Target1/sfn/action ddal_sfn_close_file_descriptor 166
CLI_OUTPUT: ret /Target1/sfn/action ddal_sfn_close_file_descriptor 166 ==&gt; done OK retv 0
CLI_OUTPUT: /Target1/sfn/action ddal_sfn_close_file_descriptor 167
CLI_OUTPUT: ret /Target1/sfn/action ddal_sfn_close_file_descriptor 167 ==&gt; done OK retv 0
CLI_OUTPUT: /Target1/sfn/action ddal_sfn_close_file_descriptor 168
CLI_OUTPUT: ret /Target1/sfn/action ddal_sfn_close_file_descriptor 168 ==&gt; done OK retv 0
CLI_OUTPUT: /Target1/sfn/action ddal_sfn_close_file_descriptor 169
CLI_OUTPUT: ret /Target1/sfn/action ddal_sfn_close_file_descriptor 169 ==&gt; done OK retv 0
CLI_OUTPUT: /Target1/sfn/action ddal_sfn_close_file_descriptor 170
CLI_OUTPUT: ret /Target1/sfn/action ddal_sfn_close_file_descriptor 170 ==&gt; done OK retv 0
CLI_OUTPUT: /Target1/sfn/action ddal_sfn_close_file_descriptor 171
CLI_OUTPUT: ret /Target1/sfn/action ddal_sfn_close_file_descriptor 171 ==&gt; done OK retv 0
CLI_OUTPUT: /Target1/sfn/action ddal_sfn_close_file_descriptor 172
CLI_OUTPUT: ret /Target1/sfn/action ddal_sfn_close_file_descriptor 172 ==&gt; done OK retv 0
CLI_OUTPUT: /Target1/sfn/action ddal_sfn_close_file_descriptor 173
CLI_OUTPUT: ret /Target1/sfn/action ddal_sfn_close_file_descriptor 173 ==&gt; done OK retv 0
CLI_OUTPUT: /Target1/sfn/action ddal_sfn_close_file_descriptor 174
CLI_OUTPUT: ret /Target1/sfn/action ddal_sfn_close_file_descriptor 174 ==&gt; done OK retv 0
CLI_OUTPUT: /Target1/sfn/action ddal_sfn_close_file_descriptor 175
CLI_OUTPUT: ret /Target1/sfn/action ddal_sfn_close_file_descriptor 175 ==&gt; done OK retv 0
CLI_OUTPUT: /Target1/sfn/action ddal_sfn_close_file_descriptor 176
CLI_OUTPUT: ret /Target1/sfn/action ddal_sfn_close_file_descriptor 176 ==&gt; done OK retv 0
CLI_OUTPUT: /Target1/sfn/action ddal_sfn_close_file_descriptor 177
CLI_OUTPUT: ret /Target1/sfn/action ddal_sfn_close_file_descriptor 177 ==&gt; done OK retv 0
CLI_OUTPUT: /Target1/sfn/action ddal_sfn_close_file_descriptor 178
CLI_OUTPUT: ret /Target1/sfn/action ddal_sfn_close_file_descriptor 178 ==&gt; done OK retv 0
CLI_OUTPUT: /Target1/sfn/action ddal_sfn_close_file_descriptor 179
CLI_OUTPUT: ret /Target1/sfn/action ddal_sfn_close_file_descriptor 179 ==&gt; done OK retv 0
CLI_OUTPUT: /Target1/sfn/action ddal_sfn_close_file_descriptor 180
CLI_OUTPUT: ret /Target1/sfn/action ddal_sfn_close_file_descriptor 180 ==&gt; done OK retv 0
CLI_OUTPUT: /Target1/sfn/action ddal_sfn_close_file_descriptor 181
CLI_OUTPUT: ret /Target1/sfn/action ddal_sfn_close_file_descriptor 181 ==&gt; done OK retv 0
CLI_OUTPUT: /Target1/sfn/action ddal_sfn_close_file_descriptor 182
CLI_OUTPUT: ret /Target1/sfn/action ddal_sfn_close_file_descriptor 182 ==&gt; done OK retv 0
CLI_OUTPUT: /Target1/sfn/action ddal_sfn_close_file_descriptor 183
CLI_OUTPUT: ret /Target1/sfn/action ddal_sfn_close_file_descriptor 183 ==&gt; done OK retv 0
CLI_OUTPUT: /Target1/sfn/action ddal_sfn_close_file_descriptor 184
CLI_OUTPUT: ret /Target1/sfn/action ddal_sfn_close_file_descriptor 184 ==&gt; done OK retv 0
CLI_OUTPUT: /Target1/sfn/action ddal_sfn_close_file_descriptor 185
CLI_OUTPUT: ret /Target1/sfn/action ddal_sfn_close_file_descriptor 185 ==&gt; done OK retv 0
CLI_OUTPUT: /Target1/sfn/action ddal_sfn_close_file_descriptor 186
CLI_OUTPUT: ret /Target1/sfn/action ddal_sfn_close_file_descriptor 186 ==&gt; done OK retv 0
CLI_OUTPUT: /Target1/sfn/action ddal_sfn_close_file_descriptor 187
CLI_OUTPUT: ret /Target1/sfn/action ddal_sfn_close_file_descriptor 187 ==&gt; done OK retv 0
CLI_OUTPUT: /Target1/sfn/action ddal_sfn_close_file_descriptor 188
CLI_OUTPUT: ret /Target1/sfn/action ddal_sfn_close_file_descriptor 188 ==&gt; done OK retv 0
CLI_OUTPUT: /Target1/sfn/action ddal_sfn_close_file_descriptor 189
CLI_OUTPUT: ret /Target1/sfn/action ddal_sfn_close_file_descriptor 189 ==&gt; done OK retv 0
CLI_OUTPUT: /Target1/sfn/action ddal_sfn_close_file_descriptor 190
CLI_OUTPUT: ret /Target1/sfn/action ddal_sfn_close_file_descriptor 190 ==&gt; done OK retv 0
CLI_OUTPUT: /Target1/sfn/action ddal_sfn_close_file_descriptor 191
CLI_OUTPUT: ret /Target1/sfn/action ddal_sfn_close_file_descriptor 191 ==&gt; done OK retv 0
CLI_OUTPUT: /Target1/sfn/action ddal_sfn_close_file_descriptor 192
CLI_OUTPUT: ret /Target1/sfn/action ddal_sfn_close_file_descriptor 192 ==&gt; done OK retv 0
CLI_OUTPUT: /Target1/sfn/action ddal_sfn_close_file_descriptor 193
CLI_OUTPUT: ret /Target1/sfn/action ddal_sfn_close_file_descriptor 193 ==&gt; done OK retv 0
CLI_OUTPUT: /Target1/sfn/action ddal_sfn_close_file_descriptor 194
CLI_OUTPUT: ret /Target1/sfn/action ddal_sfn_close_file_descriptor 194 ==&gt; done OK retv 0
CLI_OUTPUT: /Target1/sfn/action ddal_sfn_close_file_descriptor 195
CLI_OUTPUT: ret /Target1/sfn/action ddal_sfn_close_file_descriptor 195 ==&gt; done OK retv 0
CLI_OUTPUT: /Target1/sfn/action ddal_sfn_close_file_descriptor 196
CLI_OUTPUT: ret /Target1/sfn/action ddal_sfn_close_file_descriptor 196 ==&gt; done OK retv 0
CLI_OUTPUT: /Target1/sfn/action ddal_sfn_close_file_descriptor 197
CLI_OUTPUT: ret /Target1/sfn/action ddal_sfn_close_file_descriptor 197 ==&gt; done OK retv 0
CLI_OUTPUT: /Target1/sfn/action ddal_sfn_close_file_descriptor 198
CLI_OUTPUT: ret /Target1/sfn/action ddal_sfn_close_file_descriptor 198 ==&gt; done OK retv 0
CLI_OUTPUT: /Target1/sfn/action ddal_sfn_close_file_descriptor 199
CLI_OUTPUT: ret /Target1/sfn/action ddal_sfn_close_file_descriptor 199 ==&gt; done OK retv 0
CLI_OUTPUT: /Target1/sfn/action ddal_sfn_close_file_descriptor 200
CLI_OUTPUT: ret /Target1/sfn/action ddal_sfn_close_file_descriptor 200 ==&gt; done OK retv 0
CLI_OUTPUT: /Target1/sfn/action ddal_sfn_close_file_descriptor 201
CLI_OUTPUT: ret /Target1/sfn/action ddal_sfn_close_file_descriptor 201 ==&gt; done OK retv 0
CLI_OUTPUT: /Target1/sfn/action ddal_sfn_close_file_descriptor 202
CLI_OUTPUT: ret /Target1/sfn/action ddal_sfn_close_file_descriptor 202 ==&gt; done OK retv 0
CLI_OUTPUT: /Target1/sfn/action ddal_sfn_close_file_descriptor 203
CLI_OUTPUT: ret /Target1/sfn/action ddal_sfn_close_file_descriptor 203 ==&gt; done OK retv 0
CLI_OUTPUT: /Target1/sfn/action ddal_sfn_close_file_descriptor 204
CLI_OUTPUT: ret /Target1/sfn/action ddal_sfn_close_file_descriptor 204 ==&gt; done OK retv 0
CLI_OUTPUT: /Target1/sfn/action ddal_sfn_close_file_descriptor 205
CLI_OUTPUT: ret /Target1/sfn/action ddal_sfn_close_file_descriptor 205 ==&gt; done OK retv 0
SCR_OUTPUT: cumulated_open_close_loops CLOSE 200
CLI_OUTPUT: /Target1/sfn/action ddal_sfn_close_file_descriptor 206
CLI_OUTPUT: ret /Target1/sfn/action ddal_sfn_close_file_descriptor 206 ==&gt; done OK retv 0
SCR_OUTPUT: ##### Test Case End: TC_03011_002 PASSED (0)
</system-out>
</testcase>

<testcase classname="HW_03020_basic_temperature_tests" name="TC_03020_001 successful ddal_temp_get_curr calls" time="1">
<system-out>
SCR_OUTPUT: ##### Test Case Start: TC_03020_001  successful ddal_temp_get_curr calls
CLI_OUTPUT: /Target1/temperature/action ddal_temp_get_curr FCM1
CLI_OUTPUT: ret /Target1/temperature/action ddal_temp_get_curr FCM1 ==&gt; done OK retv 0 temp 27500
CLI_OUTPUT: /Target1/temperature/action ddal_temp_get_curr FCM2
CLI_OUTPUT: ret /Target1/temperature/action ddal_temp_get_curr FCM2 ==&gt; done OK retv 0 temp 26000
CLI_OUTPUT: /Target1/temperature/action ddal_temp_get_curr FSP3
CLI_OUTPUT: ret /Target1/temperature/action ddal_temp_get_curr FSP3 ==&gt; done OK retv 0 temp 29500
SCR_OUTPUT: ##### Test Case End: TC_03020_001 PASSED (0)
</system-out>
</testcase>

<testcase classname="HW_03020_basic_temperature_tests" name="TC_03020_002 ddal_temp_get_curr range check" time="1">
<system-out>
SCR_OUTPUT: ##### Test Case Start: TC_03020_002  ddal_temp_get_curr range check
CLI_OUTPUT: /Target1/temperature/action ddal_temp_get_curr BAD_VALUE
CLI_OUTPUT: ret /Target1/temperature/action ddal_temp_get_curr BAD_VALUE ==&gt; done fail retv -19 errstr No such device
SCR_OUTPUT: ##### Test Case End: TC_03020_002 PASSED (0)
</system-out>
</testcase>

<testcase classname="HW_03020_basic_temperature_tests" name="TC_03020_003 successful ddal_temp_get_hyst calls" time="1">
<system-out>
SCR_OUTPUT: ##### Test Case Start: TC_03020_003  successful ddal_temp_get_hyst calls
CLI_OUTPUT: /Target1/temperature/action ddal_temp_get_hyst FCM1
CLI_OUTPUT: ret /Target1/temperature/action ddal_temp_get_hyst FCM1 ==&gt; done OK retv 0 hyst 75000
CLI_OUTPUT: /Target1/temperature/action ddal_temp_get_hyst FCM2
CLI_OUTPUT: ret /Target1/temperature/action ddal_temp_get_hyst FCM2 ==&gt; done OK retv 0 hyst 75000
CLI_OUTPUT: /Target1/temperature/action ddal_temp_get_hyst FSP3
CLI_OUTPUT: ret /Target1/temperature/action ddal_temp_get_hyst FSP3 ==&gt; done OK retv 0 hyst 75000
SCR_OUTPUT: ##### Test Case End: TC_03020_003 PASSED (0)
</system-out>
</testcase>

<testcase classname="HW_03020_basic_temperature_tests" name="TC_03020_004 ddal_temp_get_hyst range check" time="1">
<system-out>
SCR_OUTPUT: ##### Test Case Start: TC_03020_004  ddal_temp_get_hyst range check
CLI_OUTPUT: /Target1/temperature/action ddal_temp_get_hyst BAD_VALUE
CLI_OUTPUT: ret /Target1/temperature/action ddal_temp_get_hyst BAD_VALUE ==&gt; done fail retv -19 errstr No such device
SCR_OUTPUT: ##### Test Case End: TC_03020_004 PASSED (0)
</system-out>
</testcase>

<testcase classname="HW_03020_basic_temperature_tests" name="TC_03020_005 successful ddal_temp_get_max calls" time="1">
<system-out>
SCR_OUTPUT: ##### Test Case Start: TC_03020_005  successful ddal_temp_get_max calls
CLI_OUTPUT: /Target1/temperature/action ddal_temp_get_max FCM1
CLI_OUTPUT: ret /Target1/temperature/action ddal_temp_get_max FCM1 ==&gt; done OK retv 0 max 80000
CLI_OUTPUT: /Target1/temperature/action ddal_temp_get_max FCM2
CLI_OUTPUT: ret /Target1/temperature/action ddal_temp_get_max FCM2 ==&gt; done OK retv 0 max 80000
CLI_OUTPUT: /Target1/temperature/action ddal_temp_get_max FSP3
CLI_OUTPUT: ret /Target1/temperature/action ddal_temp_get_max FSP3 ==&gt; done OK retv 0 max 80000
SCR_OUTPUT: ##### Test Case End: TC_03020_005 PASSED (0)
</system-out>
</testcase>

<testcase classname="HW_03020_basic_temperature_tests" name="TC_03020_006 ddal_temp_get_max range check" time="1">
<system-out>
SCR_OUTPUT: ##### Test Case Start: TC_03020_006  ddal_temp_get_max range check
CLI_OUTPUT: /Target1/temperature/action ddal_temp_get_max BAD_VALUE
CLI_OUTPUT: ret /Target1/temperature/action ddal_temp_get_max BAD_VALUE ==&gt; done fail retv -19 errstr No such device
SCR_OUTPUT: ##### Test Case End: TC_03020_006 PASSED (0)
</system-out>
</testcase>

<testcase classname="HW_03020_basic_temperature_tests" name="TC_03020_007 successful ddal_temp_set_hyst calls" time="1">
<system-out>
SCR_OUTPUT: ##### Test Case Start: TC_03020_007  successful ddal_temp_set_hyst calls
CLI_OUTPUT: /Target1/temperature/action ddal_temp_set_hyst FCM1 -10000
CLI_OUTPUT: ret /Target1/temperature/action ddal_temp_set_hyst FCM1 -10000 ==&gt; done OK retv 0 hyst -10000
CLI_OUTPUT: /Target1/temperature/action ddal_temp_set_hyst FCM1 0
CLI_OUTPUT: ret /Target1/temperature/action ddal_temp_set_hyst FCM1 0 ==&gt; done OK retv 0 hyst 0
CLI_OUTPUT: /Target1/temperature/action ddal_temp_set_hyst FCM1 20000
CLI_OUTPUT: ret /Target1/temperature/action ddal_temp_set_hyst FCM1 20000 ==&gt; done OK retv 0 hyst 20000
CLI_OUTPUT: /Target1/temperature/action ddal_temp_set_hyst FCM1 130000
CLI_OUTPUT: ret /Target1/temperature/action ddal_temp_set_hyst FCM1 130000 ==&gt; done OK retv 0 hyst 130000
CLI_OUTPUT: /Target1/temperature/action ddal_temp_set_hyst FCM1 75000
CLI_OUTPUT: ret /Target1/temperature/action ddal_temp_set_hyst FCM1 75000 ==&gt; done OK retv 0 hyst 75000
CLI_OUTPUT: /Target1/temperature/action ddal_temp_set_hyst FCM2 -10000
CLI_OUTPUT: ret /Target1/temperature/action ddal_temp_set_hyst FCM2 -10000 ==&gt; done OK retv 0 hyst -10000
CLI_OUTPUT: /Target1/temperature/action ddal_temp_set_hyst FCM2 0
CLI_OUTPUT: ret /Target1/temperature/action ddal_temp_set_hyst FCM2 0 ==&gt; done OK retv 0 hyst 0
CLI_OUTPUT: /Target1/temperature/action ddal_temp_set_hyst FCM2 20000
CLI_OUTPUT: ret /Target1/temperature/action ddal_temp_set_hyst FCM2 20000 ==&gt; done OK retv 0 hyst 20000
CLI_OUTPUT: /Target1/temperature/action ddal_temp_set_hyst FCM2 130000
CLI_OUTPUT: ret /Target1/temperature/action ddal_temp_set_hyst FCM2 130000 ==&gt; done OK retv 0 hyst 130000
CLI_OUTPUT: /Target1/temperature/action ddal_temp_set_hyst FCM2 75000
CLI_OUTPUT: ret /Target1/temperature/action ddal_temp_set_hyst FCM2 75000 ==&gt; done OK retv 0 hyst 75000
CLI_OUTPUT: /Target1/temperature/action ddal_temp_set_hyst FSP3 -10000
CLI_OUTPUT: ret /Target1/temperature/action ddal_temp_set_hyst FSP3 -10000 ==&gt; done OK retv 0 hyst -10000
CLI_OUTPUT: /Target1/temperature/action ddal_temp_set_hyst FSP3 0
CLI_OUTPUT: ret /Target1/temperature/action ddal_temp_set_hyst FSP3 0 ==&gt; done OK retv 0 hyst 0
CLI_OUTPUT: /Target1/temperature/action ddal_temp_set_hyst FSP3 20000
CLI_OUTPUT: ret /Target1/temperature/action ddal_temp_set_hyst FSP3 20000 ==&gt; done OK retv 0 hyst 20000
CLI_OUTPUT: /Target1/temperature/action ddal_temp_set_hyst FSP3 130000
CLI_OUTPUT: ret /Target1/temperature/action ddal_temp_set_hyst FSP3 130000 ==&gt; done OK retv 0 hyst 130000
CLI_OUTPUT: /Target1/temperature/action ddal_temp_set_hyst FSP3 75000
CLI_OUTPUT: ret /Target1/temperature/action ddal_temp_set_hyst FSP3 75000 ==&gt; done OK retv 0 hyst 75000
SCR_OUTPUT: ##### Test Case End: TC_03020_007 PASSED (0)
</system-out>
</testcase>

<testcase classname="HW_03020_basic_temperature_tests" name="TC_03020_008 ddal_temp_set_hyst range check" time="1">
<system-out>
SCR_OUTPUT: ##### Test Case Start: TC_03020_008  ddal_temp_set_hyst range check
CLI_OUTPUT: /Target1/temperature/action ddal_temp_set_hyst BAD_VALUE 0
CLI_OUTPUT: ret /Target1/temperature/action ddal_temp_set_hyst BAD_VALUE 0 ==&gt; done fail retv -19 errstr No such device
CLI_OUTPUT: /Target1/temperature/action ddal_temp_set_hyst FCM1 200001
CLI_OUTPUT: ret /Target1/temperature/action ddal_temp_set_hyst FCM1 200001 ==&gt; done fail retv -22 errstr Invalid argument
SCR_OUTPUT: ##### Test Case End: TC_03020_008 PASSED (0)
</system-out>
</testcase>

<testcase classname="HW_03020_basic_temperature_tests" name="TC_03020_009 successful ddal_temp_set_max calls" time="1">
<system-out>
SCR_OUTPUT: ##### Test Case Start: TC_03020_009  successful ddal_temp_set_max calls
CLI_OUTPUT: /Target1/temperature/action ddal_temp_set_max FCM1 -10000
CLI_OUTPUT: ret /Target1/temperature/action ddal_temp_set_max FCM1 -10000 ==&gt; done OK retv 0 max -10000
CLI_OUTPUT: /Target1/temperature/action ddal_temp_set_max FCM1 0
CLI_OUTPUT: ret /Target1/temperature/action ddal_temp_set_max FCM1 0 ==&gt; done OK retv 0 max 0
CLI_OUTPUT: /Target1/temperature/action ddal_temp_set_max FCM1 20000
CLI_OUTPUT: ret /Target1/temperature/action ddal_temp_set_max FCM1 20000 ==&gt; done OK retv 0 max 20000
CLI_OUTPUT: /Target1/temperature/action ddal_temp_set_max FCM1 130000
CLI_OUTPUT: ret /Target1/temperature/action ddal_temp_set_max FCM1 130000 ==&gt; done OK retv 0 max 130000
CLI_OUTPUT: /Target1/temperature/action ddal_temp_set_max FCM1 80000
CLI_OUTPUT: ret /Target1/temperature/action ddal_temp_set_max FCM1 80000 ==&gt; done OK retv 0 max 80000
CLI_OUTPUT: /Target1/temperature/action ddal_temp_set_max FCM2 -10000
CLI_OUTPUT: ret /Target1/temperature/action ddal_temp_set_max FCM2 -10000 ==&gt; done OK retv 0 max -10000
CLI_OUTPUT: /Target1/temperature/action ddal_temp_set_max FCM2 0
CLI_OUTPUT: ret /Target1/temperature/action ddal_temp_set_max FCM2 0 ==&gt; done OK retv 0 max 0
CLI_OUTPUT: /Target1/temperature/action ddal_temp_set_max FCM2 20000
CLI_OUTPUT: ret /Target1/temperature/action ddal_temp_set_max FCM2 20000 ==&gt; done OK retv 0 max 20000
CLI_OUTPUT: /Target1/temperature/action ddal_temp_set_max FCM2 130000
CLI_OUTPUT: ret /Target1/temperature/action ddal_temp_set_max FCM2 130000 ==&gt; done OK retv 0 max 130000
CLI_OUTPUT: /Target1/temperature/action ddal_temp_set_max FCM2 80000
CLI_OUTPUT: ret /Target1/temperature/action ddal_temp_set_max FCM2 80000 ==&gt; done OK retv 0 max 80000
CLI_OUTPUT: /Target1/temperature/action ddal_temp_set_max FSP3 -10000
CLI_OUTPUT: ret /Target1/temperature/action ddal_temp_set_max FSP3 -10000 ==&gt; done OK retv 0 max -10000
CLI_OUTPUT: /Target1/temperature/action ddal_temp_set_max FSP3 0
CLI_OUTPUT: ret /Target1/temperature/action ddal_temp_set_max FSP3 0 ==&gt; done OK retv 0 max 0
CLI_OUTPUT: /Target1/temperature/action ddal_temp_set_max FSP3 20000
CLI_OUTPUT: ret /Target1/temperature/action ddal_temp_set_max FSP3 20000 ==&gt; done OK retv 0 max 20000
CLI_OUTPUT: /Target1/temperature/action ddal_temp_set_max FSP3 130000
CLI_OUTPUT: ret /Target1/temperature/action ddal_temp_set_max FSP3 130000 ==&gt; done OK retv 0 max 130000
CLI_OUTPUT: /Target1/temperature/action ddal_temp_set_max FSP3 80000
CLI_OUTPUT: ret /Target1/temperature/action ddal_temp_set_max FSP3 80000 ==&gt; done OK retv 0 max 80000
SCR_OUTPUT: ##### Test Case End: TC_03020_009 PASSED (0)
</system-out>
</testcase>

<testcase classname="HW_03020_basic_temperature_tests" name="TC_03020_010 ddal_temp_set_max range check" time="1">
<system-out>
SCR_OUTPUT: ##### Test Case Start: TC_03020_010  ddal_temp_set_max range check
CLI_OUTPUT: /Target1/temperature/action ddal_temp_set_max BAD_VALUE 0
CLI_OUTPUT: ret /Target1/temperature/action ddal_temp_set_max BAD_VALUE 0 ==&gt; done fail retv -19 errstr No such device
CLI_OUTPUT: /Target1/temperature/action ddal_temp_set_max FCM1 200001
CLI_OUTPUT: ret /Target1/temperature/action ddal_temp_set_max FCM1 200001 ==&gt; done fail retv -22 errstr Invalid argument
SCR_OUTPUT: ##### Test Case End: TC_03020_010 PASSED (0)
</system-out>
</testcase>

<testcase classname="HW_03020_basic_temperature_tests" name="TC_03020_011 successful ddal_temp_wait_alert calls" time="7">
<system-out>
SCR_OUTPUT: ##### Test Case Start: TC_03020_011  successful ddal_temp_wait_alert calls
CLI_OUTPUT: /Target1/temperature/action ddal_temp_wait_alert FCM1 0
CLI_OUTPUT: ret /Target1/temperature/action ddal_temp_wait_alert FCM1 0 ==&gt; done fail retv -1003 errstr ddal timeout
CLI_OUTPUT: /Target1/temperature/action ddal_temp_set_max FCM1 0
CLI_OUTPUT: ret /Target1/temperature/action ddal_temp_set_max FCM1 0 ==&gt; done OK retv 0 max 0
CLI_OUTPUT: /Target1/temperature/action ddal_temp_set_hyst FCM1 0
CLI_OUTPUT: ret /Target1/temperature/action ddal_temp_set_hyst FCM1 0 ==&gt; done OK retv 0 hyst 0
CLI_OUTPUT: /Target1/temperature/action ddal_temp_wait_alert FCM1 3000
CLI_OUTPUT: ret /Target1/temperature/action ddal_temp_wait_alert FCM1 3000 ==&gt; done OK retv 0
CLI_OUTPUT: /Target1/temperature/action ddal_temp_wait_alert FCM1 1000
CLI_OUTPUT: ret /Target1/temperature/action ddal_temp_wait_alert FCM1 1000 ==&gt; done fail retv -1003 errstr ddal timeout
CLI_OUTPUT: /Target1/temperature/action ddal_temp_set_max FCM1 80000
CLI_OUTPUT: ret /Target1/temperature/action ddal_temp_set_max FCM1 80000 ==&gt; done OK retv 0 max 80000
CLI_OUTPUT: /Target1/temperature/action ddal_temp_set_hyst FCM1 75000
CLI_OUTPUT: ret /Target1/temperature/action ddal_temp_set_hyst FCM1 75000 ==&gt; done OK retv 0 hyst 75000
CLI_OUTPUT: /Target1/temperature/action ddal_temp_wait_alert FCM1 3000
CLI_OUTPUT: ret /Target1/temperature/action ddal_temp_wait_alert FCM1 3000 ==&gt; done OK retv 0
CLI_OUTPUT: /Target1/temperature/action ddal_temp_wait_alert FCM1 1000
CLI_OUTPUT: ret /Target1/temperature/action ddal_temp_wait_alert FCM1 1000 ==&gt; done fail retv -1003 errstr ddal timeout
CLI_OUTPUT: /Target1/temperature/action ddal_temp_wait_alert FCM2 0
CLI_OUTPUT: ret /Target1/temperature/action ddal_temp_wait_alert FCM2 0 ==&gt; done fail retv -1003 errstr ddal timeout
CLI_OUTPUT: /Target1/temperature/action ddal_temp_set_max FCM2 0
CLI_OUTPUT: ret /Target1/temperature/action ddal_temp_set_max FCM2 0 ==&gt; done OK retv 0 max 0
CLI_OUTPUT: /Target1/temperature/action ddal_temp_set_hyst FCM2 0
CLI_OUTPUT: ret /Target1/temperature/action ddal_temp_set_hyst FCM2 0 ==&gt; done OK retv 0 hyst 0
CLI_OUTPUT: /Target1/temperature/action ddal_temp_wait_alert FCM2 3000
CLI_OUTPUT: ret /Target1/temperature/action ddal_temp_wait_alert FCM2 3000 ==&gt; done OK retv 0
CLI_OUTPUT: /Target1/temperature/action ddal_temp_wait_alert FCM2 1000
CLI_OUTPUT: ret /Target1/temperature/action ddal_temp_wait_alert FCM2 1000 ==&gt; done fail retv -1003 errstr ddal timeout
CLI_OUTPUT: /Target1/temperature/action ddal_temp_set_max FCM2 80000
CLI_OUTPUT: ret /Target1/temperature/action ddal_temp_set_max FCM2 80000 ==&gt; done OK retv 0 max 80000
CLI_OUTPUT: /Target1/temperature/action ddal_temp_set_hyst FCM2 75000
CLI_OUTPUT: ret /Target1/temperature/action ddal_temp_set_hyst FCM2 75000 ==&gt; done OK retv 0 hyst 75000
CLI_OUTPUT: /Target1/temperature/action ddal_temp_wait_alert FCM2 3000
CLI_OUTPUT: ret /Target1/temperature/action ddal_temp_wait_alert FCM2 3000 ==&gt; done OK retv 0
CLI_OUTPUT: /Target1/temperature/action ddal_temp_wait_alert FCM2 1000
CLI_OUTPUT: ret /Target1/temperature/action ddal_temp_wait_alert FCM2 1000 ==&gt; done fail retv -1003 errstr ddal timeout
CLI_OUTPUT: /Target1/temperature/action ddal_temp_wait_alert FSP3 0
CLI_OUTPUT: ret /Target1/temperature/action ddal_temp_wait_alert FSP3 0 ==&gt; done fail retv -1003 errstr ddal timeout
CLI_OUTPUT: /Target1/temperature/action ddal_temp_set_max FSP3 0
CLI_OUTPUT: ret /Target1/temperature/action ddal_temp_set_max FSP3 0 ==&gt; done OK retv 0 max 0
CLI_OUTPUT: /Target1/temperature/action ddal_temp_set_hyst FSP3 0
CLI_OUTPUT: ret /Target1/temperature/action ddal_temp_set_hyst FSP3 0 ==&gt; done OK retv 0 hyst 0
CLI_OUTPUT: /Target1/temperature/action ddal_temp_wait_alert FSP3 3000
CLI_OUTPUT: ret /Target1/temperature/action ddal_temp_wait_alert FSP3 3000 ==&gt; done OK retv 0
CLI_OUTPUT: /Target1/temperature/action ddal_temp_wait_alert FSP3 1000
CLI_OUTPUT: ret /Target1/temperature/action ddal_temp_wait_alert FSP3 1000 ==&gt; done fail retv -1003 errstr ddal timeout
CLI_OUTPUT: /Target1/temperature/action ddal_temp_set_max FSP3 80000
CLI_OUTPUT: ret /Target1/temperature/action ddal_temp_set_max FSP3 80000 ==&gt; done OK retv 0 max 80000
CLI_OUTPUT: /Target1/temperature/action ddal_temp_set_hyst FSP3 75000
CLI_OUTPUT: ret /Target1/temperature/action ddal_temp_set_hyst FSP3 75000 ==&gt; done OK retv 0 hyst 75000
CLI_OUTPUT: /Target1/temperature/action ddal_temp_wait_alert FSP3 3000
CLI_OUTPUT: ret /Target1/temperature/action ddal_temp_wait_alert FSP3 3000 ==&gt; done OK retv 0
CLI_OUTPUT: /Target1/temperature/action ddal_temp_wait_alert FSP3 1000
CLI_OUTPUT: ret /Target1/temperature/action ddal_temp_wait_alert FSP3 1000 ==&gt; done fail retv -1003 errstr ddal timeout
SCR_OUTPUT: ##### Test Case End: TC_03020_011 PASSED (0)
</system-out>
</testcase>

<testcase classname="HW_03020_basic_temperature_tests" name="TC_03020_012 ddal_temp_wait_alert range check" time="1">
<system-out>
SCR_OUTPUT: ##### Test Case Start: TC_03020_012  ddal_temp_wait_alert range check
CLI_OUTPUT: /Target1/temperature/action ddal_temp_wait_alert BAD_VALUE 0
CLI_OUTPUT: ret /Target1/temperature/action ddal_temp_wait_alert BAD_VALUE 0 ==&gt; done fail retv -19 errstr No such device
SCR_OUTPUT: ##### Test Case End: TC_03020_012 PASSED (0)
</system-out>
</testcase>

<testcase classname="HW_03030_basic_reset_tests" name="TC_03030_001 All Reset unit ddal_reset_get calls" time="1">
<system-out>
SCR_OUTPUT: ##### Test Case Start: TC_03030_001  All Reset unit ddal_reset_get calls
CLI_OUTPUT: /Target1/reset/action ddal_reset_get DDAL_RESET_FSP1
CLI_OUTPUT: ret /Target1/reset/action ddal_reset_get DDAL_RESET_FSP1 ==&gt; done OK retv 0 resetstateptr 1
CLI_OUTPUT: /Target1/cmd/action cmd &quot;test `cat /sys/class/flexi/reset/rstfsp1` = 'released'&quot;
CLI_OUTPUT: ret /Target1/cmd/action cmd &quot;test `cat /sys/class/flexi/reset/rstfsp1` = 'released'&quot; ==&gt; done OK retw=0
SCR_OUTPUT: DDAL_RESET_FSP1 OK...
CLI_OUTPUT: /Target1/reset/action ddal_reset_get DDAL_RESET_FSP2
CLI_OUTPUT: ret /Target1/reset/action ddal_reset_get DDAL_RESET_FSP2 ==&gt; done OK retv 0 resetstateptr 1
CLI_OUTPUT: /Target1/cmd/action cmd &quot;test `cat /sys/class/flexi/reset/rstfsp2` = 'released'&quot;
CLI_OUTPUT: ret /Target1/cmd/action cmd &quot;test `cat /sys/class/flexi/reset/rstfsp2` = 'released'&quot; ==&gt; done OK retw=0
SCR_OUTPUT: DDAL_RESET_FSP2 OK...
CLI_OUTPUT: /Target1/reset/action ddal_reset_get DDAL_RESET_FSP3
CLI_OUTPUT: ret /Target1/reset/action ddal_reset_get DDAL_RESET_FSP3 ==&gt; done OK retv 0 resetstateptr 1
CLI_OUTPUT: /Target1/cmd/action cmd &quot;test `cat /sys/class/flexi/reset/rstfsp3` = 'released'&quot;
CLI_OUTPUT: ret /Target1/cmd/action cmd &quot;test `cat /sys/class/flexi/reset/rstfsp3` = 'released'&quot; ==&gt; done OK retw=0
SCR_OUTPUT: DDAL_RESET_FSP3 OK...
CLI_OUTPUT: /Target1/reset/action ddal_reset_get DDAL_RESET_FTM
CLI_OUTPUT: ret /Target1/reset/action ddal_reset_get DDAL_RESET_FTM ==&gt; done OK retv 0 resetstateptr 1
CLI_OUTPUT: /Target1/cmd/action cmd &quot;test `cat /sys/class/flexi/reset/rstftm` = 'released'&quot;
CLI_OUTPUT: ret /Target1/cmd/action cmd &quot;test `cat /sys/class/flexi/reset/rstftm` = 'released'&quot; ==&gt; done OK retw=0
SCR_OUTPUT: DDAL_RESET_FTM OK...
CLI_OUTPUT: /Target1/reset/action ddal_reset_get DDAL_RESET_MUKSU
CLI_OUTPUT: ret /Target1/reset/action ddal_reset_get DDAL_RESET_MUKSU ==&gt; done OK retv 0 resetstateptr 0
CLI_OUTPUT: /Target1/cmd/action cmd &quot;test `cat /sys/class/flexi/reset/rstmuksu` = 'active'&quot;
CLI_OUTPUT: ret /Target1/cmd/action cmd &quot;test `cat /sys/class/flexi/reset/rstmuksu` = 'active'&quot; ==&gt; done OK retw=0
SCR_OUTPUT: DDAL_RESET_MUKSU OK...
CLI_OUTPUT: /Target1/reset/action ddal_reset_get DDAL_RESET_MUKSUPLL
CLI_OUTPUT: ret /Target1/reset/action ddal_reset_get DDAL_RESET_MUKSUPLL ==&gt; done OK retv 0 resetstateptr 0
CLI_OUTPUT: /Target1/cmd/action cmd &quot;test `cat /sys/class/flexi/reset/rstmuksupll` = 'active'&quot;
CLI_OUTPUT: ret /Target1/cmd/action cmd &quot;test `cat /sys/class/flexi/reset/rstmuksupll` = 'active'&quot; ==&gt; done OK retw=0
SCR_OUTPUT: DDAL_RESET_MUKSUPLL OK...
CLI_OUTPUT: /Target1/reset/action ddal_reset_get DDAL_RESET_CASA
CLI_OUTPUT: ret /Target1/reset/action ddal_reset_get DDAL_RESET_CASA ==&gt; done OK retv 0 resetstateptr 1
CLI_OUTPUT: /Target1/cmd/action cmd &quot;test `cat /sys/class/flexi/reset/rstcasa` = 'released'&quot;
CLI_OUTPUT: ret /Target1/cmd/action cmd &quot;test `cat /sys/class/flexi/reset/rstcasa` = 'released'&quot; ==&gt; done OK retw=0
SCR_OUTPUT: DDAL_RESET_CASA OK...
CLI_OUTPUT: /Target1/reset/action ddal_reset_get DDAL_RESET_L2X
CLI_OUTPUT: ret /Target1/reset/action ddal_reset_get DDAL_RESET_L2X ==&gt; done OK retv 0 resetstateptr 1
CLI_OUTPUT: /Target1/cmd/action cmd &quot;test `cat /sys/class/flexi/reset/rstl2x` = 'released'&quot;
CLI_OUTPUT: ret /Target1/cmd/action cmd &quot;test `cat /sys/class/flexi/reset/rstl2x` = 'released'&quot; ==&gt; done OK retw=0
SCR_OUTPUT: DDAL_RESET_L2X OK...
CLI_OUTPUT: /Target1/reset/action ddal_reset_get DDAL_RESET_PHY
CLI_OUTPUT: ret /Target1/reset/action ddal_reset_get DDAL_RESET_PHY ==&gt; done OK retv 0 resetstateptr 1
CLI_OUTPUT: /Target1/cmd/action cmd &quot;test `cat /sys/class/flexi/reset/rstphy` = 'released'&quot;
CLI_OUTPUT: ret /Target1/cmd/action cmd &quot;test `cat /sys/class/flexi/reset/rstphy` = 'released'&quot; ==&gt; done OK retw=0
SCR_OUTPUT: DDAL_RESET_PHY OK...
SCR_OUTPUT: ##### Test Case End: TC_03030_001 PASSED (0)
</system-out>
</testcase>

<testcase classname="HW_03030_basic_reset_tests" name="TC_03030_002 ddal_reset_get range check" time="1">
<system-out>
SCR_OUTPUT: ##### Test Case Start: TC_03030_002  ddal_reset_get range check
CLI_OUTPUT: /Target1/reset/action ddal_reset_get BAD_VALUE
CLI_OUTPUT: ret /Target1/reset/action ddal_reset_get BAD_VALUE ==&gt; done fail retv -38 errstr Function not implemented
SCR_OUTPUT: Error code returned when BAD_VALUE set as arg --&gt; OK
SCR_OUTPUT: ##### Test Case End: TC_03030_002 PASSED (0)
</system-out>
</testcase>

<testcase classname="HW_03030_basic_reset_tests" name="TC_03030_003 All Reset unit ddal_reset_set calls" time="1">
<system-out>
SCR_OUTPUT: ##### Test Case Start: TC_03030_003  All Reset unit ddal_reset_set calls
CLI_OUTPUT: /Target1/reset/action ddal_reset_get DDAL_RESET_FSP1
CLI_OUTPUT: ret /Target1/reset/action ddal_reset_get DDAL_RESET_FSP1 ==&gt; done OK retv 0 resetstateptr 1
CLI_OUTPUT: /Target1/reset/action ddal_reset_set DDAL_RESET_FSP1 DDAL_RESET_RELEASED
CLI_OUTPUT: ret /Target1/reset/action ddal_reset_set DDAL_RESET_FSP1 DDAL_RESET_RELEASED ==&gt; done OK retv 0
CLI_OUTPUT: /Target1/cmd/action cmd &quot;test `cat /sys/class/flexi/reset/rstfsp1` = 'released'&quot;
CLI_OUTPUT: ret /Target1/cmd/action cmd &quot;test `cat /sys/class/flexi/reset/rstfsp1` = 'released'&quot; ==&gt; done OK retw=0
SCR_OUTPUT: DDAL_RESET_FSP1 OK...
CLI_OUTPUT: /Target1/reset/action ddal_reset_get DDAL_RESET_FSP2
CLI_OUTPUT: ret /Target1/reset/action ddal_reset_get DDAL_RESET_FSP2 ==&gt; done OK retv 0 resetstateptr 1
CLI_OUTPUT: /Target1/reset/action ddal_reset_set DDAL_RESET_FSP2 DDAL_RESET_RELEASED
CLI_OUTPUT: ret /Target1/reset/action ddal_reset_set DDAL_RESET_FSP2 DDAL_RESET_RELEASED ==&gt; done OK retv 0
CLI_OUTPUT: /Target1/cmd/action cmd &quot;test `cat /sys/class/flexi/reset/rstfsp2` = 'released'&quot;
CLI_OUTPUT: ret /Target1/cmd/action cmd &quot;test `cat /sys/class/flexi/reset/rstfsp2` = 'released'&quot; ==&gt; done OK retw=0
SCR_OUTPUT: DDAL_RESET_FSP2 OK...
CLI_OUTPUT: /Target1/reset/action ddal_reset_get DDAL_RESET_FSP3
CLI_OUTPUT: ret /Target1/reset/action ddal_reset_get DDAL_RESET_FSP3 ==&gt; done OK retv 0 resetstateptr 1
CLI_OUTPUT: /Target1/reset/action ddal_reset_set DDAL_RESET_FSP3 DDAL_RESET_RELEASED
CLI_OUTPUT: ret /Target1/reset/action ddal_reset_set DDAL_RESET_FSP3 DDAL_RESET_RELEASED ==&gt; done OK retv 0
CLI_OUTPUT: /Target1/cmd/action cmd &quot;test `cat /sys/class/flexi/reset/rstfsp3` = 'released'&quot;
CLI_OUTPUT: ret /Target1/cmd/action cmd &quot;test `cat /sys/class/flexi/reset/rstfsp3` = 'released'&quot; ==&gt; done OK retw=0
SCR_OUTPUT: DDAL_RESET_FSP3 OK...
CLI_OUTPUT: /Target1/reset/action ddal_reset_get DDAL_RESET_FTM
CLI_OUTPUT: ret /Target1/reset/action ddal_reset_get DDAL_RESET_FTM ==&gt; done OK retv 0 resetstateptr 1
CLI_OUTPUT: /Target1/reset/action ddal_reset_set DDAL_RESET_FTM DDAL_RESET_RELEASED
CLI_OUTPUT: ret /Target1/reset/action ddal_reset_set DDAL_RESET_FTM DDAL_RESET_RELEASED ==&gt; done OK retv 0
CLI_OUTPUT: /Target1/cmd/action cmd &quot;test `cat /sys/class/flexi/reset/rstftm` = 'released'&quot;
CLI_OUTPUT: ret /Target1/cmd/action cmd &quot;test `cat /sys/class/flexi/reset/rstftm` = 'released'&quot; ==&gt; done OK retw=0
SCR_OUTPUT: DDAL_RESET_FTM OK...
CLI_OUTPUT: /Target1/reset/action ddal_reset_get DDAL_RESET_MUKSU
CLI_OUTPUT: ret /Target1/reset/action ddal_reset_get DDAL_RESET_MUKSU ==&gt; done OK retv 0 resetstateptr 0
CLI_OUTPUT: /Target1/reset/action ddal_reset_set DDAL_RESET_MUKSU DDAL_RESET_ACTIVE
CLI_OUTPUT: ret /Target1/reset/action ddal_reset_set DDAL_RESET_MUKSU DDAL_RESET_ACTIVE ==&gt; done OK retv 0
CLI_OUTPUT: /Target1/cmd/action cmd &quot;test `cat /sys/class/flexi/reset/rstmuksu` = 'active'&quot;
CLI_OUTPUT: ret /Target1/cmd/action cmd &quot;test `cat /sys/class/flexi/reset/rstmuksu` = 'active'&quot; ==&gt; done OK retw=0
SCR_OUTPUT: DDAL_RESET_MUKSU OK...
CLI_OUTPUT: /Target1/reset/action ddal_reset_get DDAL_RESET_MUKSUPLL
CLI_OUTPUT: ret /Target1/reset/action ddal_reset_get DDAL_RESET_MUKSUPLL ==&gt; done OK retv 0 resetstateptr 0
CLI_OUTPUT: /Target1/reset/action ddal_reset_set DDAL_RESET_MUKSUPLL DDAL_RESET_ACTIVE
CLI_OUTPUT: ret /Target1/reset/action ddal_reset_set DDAL_RESET_MUKSUPLL DDAL_RESET_ACTIVE ==&gt; done OK retv 0
CLI_OUTPUT: /Target1/cmd/action cmd &quot;test `cat /sys/class/flexi/reset/rstmuksupll` = 'active'&quot;
CLI_OUTPUT: ret /Target1/cmd/action cmd &quot;test `cat /sys/class/flexi/reset/rstmuksupll` = 'active'&quot; ==&gt; done OK retw=0
SCR_OUTPUT: DDAL_RESET_MUKSUPLL OK...
CLI_OUTPUT: /Target1/reset/action ddal_reset_get DDAL_RESET_CASA
CLI_OUTPUT: ret /Target1/reset/action ddal_reset_get DDAL_RESET_CASA ==&gt; done OK retv 0 resetstateptr 1
CLI_OUTPUT: /Target1/reset/action ddal_reset_set DDAL_RESET_CASA DDAL_RESET_RELEASED
CLI_OUTPUT: ret /Target1/reset/action ddal_reset_set DDAL_RESET_CASA DDAL_RESET_RELEASED ==&gt; done OK retv 0
CLI_OUTPUT: /Target1/cmd/action cmd &quot;test `cat /sys/class/flexi/reset/rstcasa` = 'released'&quot;
CLI_OUTPUT: ret /Target1/cmd/action cmd &quot;test `cat /sys/class/flexi/reset/rstcasa` = 'released'&quot; ==&gt; done OK retw=0
SCR_OUTPUT: DDAL_RESET_CASA OK...
CLI_OUTPUT: /Target1/reset/action ddal_reset_get DDAL_RESET_L2X
CLI_OUTPUT: ret /Target1/reset/action ddal_reset_get DDAL_RESET_L2X ==&gt; done OK retv 0 resetstateptr 1
CLI_OUTPUT: /Target1/reset/action ddal_reset_set DDAL_RESET_L2X DDAL_RESET_RELEASED
CLI_OUTPUT: ret /Target1/reset/action ddal_reset_set DDAL_RESET_L2X DDAL_RESET_RELEASED ==&gt; done OK retv 0
CLI_OUTPUT: /Target1/cmd/action cmd &quot;test `cat /sys/class/flexi/reset/rstl2x` = 'released'&quot;
CLI_OUTPUT: ret /Target1/cmd/action cmd &quot;test `cat /sys/class/flexi/reset/rstl2x` = 'released'&quot; ==&gt; done OK retw=0
SCR_OUTPUT: DDAL_RESET_L2X OK...
CLI_OUTPUT: /Target1/reset/action ddal_reset_get DDAL_RESET_PHY
CLI_OUTPUT: ret /Target1/reset/action ddal_reset_get DDAL_RESET_PHY ==&gt; done OK retv 0 resetstateptr 1
CLI_OUTPUT: /Target1/reset/action ddal_reset_set DDAL_RESET_PHY DDAL_RESET_RELEASED
CLI_OUTPUT: ret /Target1/reset/action ddal_reset_set DDAL_RESET_PHY DDAL_RESET_RELEASED ==&gt; done OK retv 0
CLI_OUTPUT: /Target1/cmd/action cmd &quot;test `cat /sys/class/flexi/reset/rstphy` = 'released'&quot;
CLI_OUTPUT: ret /Target1/cmd/action cmd &quot;test `cat /sys/class/flexi/reset/rstphy` = 'released'&quot; ==&gt; done OK retw=0
SCR_OUTPUT: DDAL_RESET_PHY OK...
SCR_OUTPUT: ##### Test Case End: TC_03030_003 PASSED (0)
</system-out>
</testcase>

<testcase classname="HW_03030_basic_reset_tests" name="TC_03030_004 ddal_reset_set range check" time="1">
<system-out>
SCR_OUTPUT: ##### Test Case Start: TC_03030_004  ddal_reset_set range check
CLI_OUTPUT: /Target1/reset/action ddal_reset_set BAD_VALUE DDAL_RESET_RELEASED
CLI_OUTPUT: ret /Target1/reset/action ddal_reset_set BAD_VALUE DDAL_RESET_RELEASED ==&gt; done fail retv -38 errstr Function not implemented
SCR_OUTPUT: Error code returned when BAD_VALUE set on arg_1 --&gt; OK
CLI_OUTPUT: /Target1/reset/action ddal_reset_set DDAL_RESET_FSP1 BAD_VALUE
CLI_OUTPUT: ret /Target1/reset/action ddal_reset_set DDAL_RESET_FSP1 BAD_VALUE ==&gt; done fail retv -38 errstr Function not implemented
SCR_OUTPUT: Error code returned when BAD_VALUE set on arg_2 --&gt; OK
CLI_OUTPUT: /Target1/reset/action ddal_reset_set DDAL_RESET_FSP2 BAD_VALUE
CLI_OUTPUT: ret /Target1/reset/action ddal_reset_set DDAL_RESET_FSP2 BAD_VALUE ==&gt; done fail retv -38 errstr Function not implemented
SCR_OUTPUT: Error code returned when BAD_VALUE set on arg_2 --&gt; OK
CLI_OUTPUT: /Target1/reset/action ddal_reset_set DDAL_RESET_FSP3 BAD_VALUE
CLI_OUTPUT: ret /Target1/reset/action ddal_reset_set DDAL_RESET_FSP3 BAD_VALUE ==&gt; done fail retv -38 errstr Function not implemented
SCR_OUTPUT: Error code returned when BAD_VALUE set on arg_2 --&gt; OK
CLI_OUTPUT: /Target1/reset/action ddal_reset_set DDAL_RESET_FTM BAD_VALUE
CLI_OUTPUT: ret /Target1/reset/action ddal_reset_set DDAL_RESET_FTM BAD_VALUE ==&gt; done fail retv -38 errstr Function not implemented
SCR_OUTPUT: Error code returned when BAD_VALUE set on arg_2 --&gt; OK
CLI_OUTPUT: /Target1/reset/action ddal_reset_set DDAL_RESET_MUKSU BAD_VALUE
CLI_OUTPUT: ret /Target1/reset/action ddal_reset_set DDAL_RESET_MUKSU BAD_VALUE ==&gt; done fail retv -38 errstr Function not implemented
SCR_OUTPUT: Error code returned when BAD_VALUE set on arg_2 --&gt; OK
CLI_OUTPUT: /Target1/reset/action ddal_reset_set DDAL_RESET_MUKSUPLL BAD_VALUE
CLI_OUTPUT: ret /Target1/reset/action ddal_reset_set DDAL_RESET_MUKSUPLL BAD_VALUE ==&gt; done fail retv -38 errstr Function not implemented
SCR_OUTPUT: Error code returned when BAD_VALUE set on arg_2 --&gt; OK
CLI_OUTPUT: /Target1/reset/action ddal_reset_set DDAL_RESET_CASA BAD_VALUE
CLI_OUTPUT: ret /Target1/reset/action ddal_reset_set DDAL_RESET_CASA BAD_VALUE ==&gt; done fail retv -38 errstr Function not implemented
SCR_OUTPUT: Error code returned when BAD_VALUE set on arg_2 --&gt; OK
CLI_OUTPUT: /Target1/reset/action ddal_reset_set DDAL_RESET_L2X BAD_VALUE
CLI_OUTPUT: ret /Target1/reset/action ddal_reset_set DDAL_RESET_L2X BAD_VALUE ==&gt; done fail retv -38 errstr Function not implemented
SCR_OUTPUT: Error code returned when BAD_VALUE set on arg_2 --&gt; OK
CLI_OUTPUT: /Target1/reset/action ddal_reset_set DDAL_RESET_PHY BAD_VALUE
CLI_OUTPUT: ret /Target1/reset/action ddal_reset_set DDAL_RESET_PHY BAD_VALUE ==&gt; done fail retv -38 errstr Function not implemented
SCR_OUTPUT: Error code returned when BAD_VALUE set on arg_2 --&gt; OK
SCR_OUTPUT: ##### Test Case End: TC_03030_004 PASSED (0)
</system-out>
</testcase>

<testcase classname="HW_03030_basic_reset_tests" name="TC_03030_005 successful ddal_reset_por calls" time="1">
<system-out>
SCR_OUTPUT: ##### Test Case Start: TC_03030_005  successful ddal_reset_por calls
SCR_OUTPUT: TC_03030_005 not relevant for fcm boards...
SCR_OUTPUT: ##### Test Case End: TC_03030_005 PASSED (0)
</system-out>
</testcase>

<testcase classname="HW_03030_basic_reset_tests" name="TC_03030_006 ddal_reset_por range check" time="1">
<system-out>
SCR_OUTPUT: ##### Test Case Start: TC_03030_006  ddal_reset_por range check
SCR_OUTPUT: TC_03030_006 not relevant for fcm boards...
SCR_OUTPUT: ##### Test Case End: TC_03030_006 PASSED (0)
</system-out>
</testcase>

<testcase classname="HW_03050_basic_pwr_tests" name="TC_03050_001 All power unit ddal_power_get calls" time="2">
<system-out>
SCR_OUTPUT: ##### Test Case Start: TC_03050_001  All power unit ddal_power_get calls
CLI_OUTPUT: /Target1/power/action ddal_power_get DDAL_POWER_LATCH
CLI_OUTPUT: ret /Target1/power/action ddal_power_get DDAL_POWER_LATCH ==&gt; done OK retv 0 powerstateptr 1
CLI_OUTPUT: /Target1/cmd/action cmd &quot;test `cat /sys/class/flexi/power/powerlatch` = 'on'&quot;
CLI_OUTPUT: ret /Target1/cmd/action cmd &quot;test `cat /sys/class/flexi/power/powerlatch` = 'on'&quot; ==&gt; done OK retw=0
SCR_OUTPUT: DDAL_POWER_LATCH OK...
CLI_OUTPUT: /Target1/power/action ddal_power_get DDAL_POWER_FSP1
CLI_OUTPUT: ret /Target1/power/action ddal_power_get DDAL_POWER_FSP1 ==&gt; done OK retv 0 powerstateptr 1
CLI_OUTPUT: /Target1/cmd/action cmd &quot;test `cat /sys/class/flexi/power/powerfsp1` = 'on'&quot;
CLI_OUTPUT: ret /Target1/cmd/action cmd &quot;test `cat /sys/class/flexi/power/powerfsp1` = 'on'&quot; ==&gt; done OK retw=0
SCR_OUTPUT: DDAL_POWER_FSP1 OK...
CLI_OUTPUT: /Target1/power/action ddal_power_get DDAL_POWER_FSP2
CLI_OUTPUT: ret /Target1/power/action ddal_power_get DDAL_POWER_FSP2 ==&gt; done OK retv 0 powerstateptr 1
CLI_OUTPUT: /Target1/cmd/action cmd &quot;test `cat /sys/class/flexi/power/powerfsp2` = 'on'&quot;
CLI_OUTPUT: ret /Target1/cmd/action cmd &quot;test `cat /sys/class/flexi/power/powerfsp2` = 'on'&quot; ==&gt; done OK retw=0
SCR_OUTPUT: DDAL_POWER_FSP2 OK...
CLI_OUTPUT: /Target1/power/action ddal_power_get DDAL_POWER_FSP3
CLI_OUTPUT: ret /Target1/power/action ddal_power_get DDAL_POWER_FSP3 ==&gt; done OK retv 0 powerstateptr 1
CLI_OUTPUT: /Target1/cmd/action cmd &quot;test `cat /sys/class/flexi/power/powerfsp3` = 'on'&quot;
CLI_OUTPUT: ret /Target1/cmd/action cmd &quot;test `cat /sys/class/flexi/power/powerfsp3` = 'on'&quot; ==&gt; done OK retw=0
SCR_OUTPUT: DDAL_POWER_FSP3 OK...
CLI_OUTPUT: /Target1/power/action ddal_power_get DDAL_PWCTRL_LATCH
CLI_OUTPUT: ret /Target1/power/action ddal_power_get DDAL_PWCTRL_LATCH ==&gt; done OK retv 0 powerstateptr 1
CLI_OUTPUT: /Target1/cmd/action cmd &quot;test `cat /sys/class/flexi/power/pwctrlatch` = 'on'&quot;
CLI_OUTPUT: ret /Target1/cmd/action cmd &quot;test `cat /sys/class/flexi/power/pwctrlatch` = 'on'&quot; ==&gt; done OK retw=0
SCR_OUTPUT: DDAL_PWCTRL_LATCH OK...
CLI_OUTPUT: /Target1/power/action ddal_power_get DDAL_PWCTRL_RF1
CLI_OUTPUT: ret /Target1/power/action ddal_power_get DDAL_PWCTRL_RF1 ==&gt; done OK retv 0 powerstateptr 0
CLI_OUTPUT: /Target1/cmd/action cmd &quot;test `cat /sys/class/flexi/power/pwctrlrf1` = 'off'&quot;
CLI_OUTPUT: ret /Target1/cmd/action cmd &quot;test `cat /sys/class/flexi/power/pwctrlrf1` = 'off'&quot; ==&gt; done OK retw=0
SCR_OUTPUT: DDAL_PWCTRL_RF1 OK...
CLI_OUTPUT: /Target1/power/action ddal_power_get DDAL_PWCTRL_RF2
CLI_OUTPUT: ret /Target1/power/action ddal_power_get DDAL_PWCTRL_RF2 ==&gt; done OK retv 0 powerstateptr 0
CLI_OUTPUT: /Target1/cmd/action cmd &quot;test `cat /sys/class/flexi/power/pwctrlrf2` = 'off'&quot;
CLI_OUTPUT: ret /Target1/cmd/action cmd &quot;test `cat /sys/class/flexi/power/pwctrlrf2` = 'off'&quot; ==&gt; done OK retw=0
SCR_OUTPUT: DDAL_PWCTRL_RF2 OK...
CLI_OUTPUT: /Target1/power/action ddal_power_get DDAL_PWCTRL_RF3
CLI_OUTPUT: ret /Target1/power/action ddal_power_get DDAL_PWCTRL_RF3 ==&gt; done OK retv 0 powerstateptr 0
CLI_OUTPUT: /Target1/cmd/action cmd &quot;test `cat /sys/class/flexi/power/pwctrlrf3` = 'off'&quot;
CLI_OUTPUT: ret /Target1/cmd/action cmd &quot;test `cat /sys/class/flexi/power/pwctrlrf3` = 'off'&quot; ==&gt; done OK retw=0
SCR_OUTPUT: DDAL_PWCTRL_RF3 OK...
CLI_OUTPUT: /Target1/power/action ddal_power_get DDAL_PWCTRL_EXT
CLI_OUTPUT: ret /Target1/power/action ddal_power_get DDAL_PWCTRL_EXT ==&gt; done OK retv 0 powerstateptr 0
CLI_OUTPUT: /Target1/cmd/action cmd &quot;test `cat /sys/class/flexi/power/pwctrlext` = 'off'&quot;
CLI_OUTPUT: ret /Target1/cmd/action cmd &quot;test `cat /sys/class/flexi/power/pwctrlext` = 'off'&quot; ==&gt; done OK retw=0
SCR_OUTPUT: DDAL_PWCTRL_EXT OK...
CLI_OUTPUT: /Target1/power/action ddal_power_get DDAL_PWCTRL_SM
CLI_OUTPUT: ret /Target1/power/action ddal_power_get DDAL_PWCTRL_SM ==&gt; done OK retv 0 powerstateptr 0
CLI_OUTPUT: /Target1/cmd/action cmd &quot;test `cat /sys/class/flexi/power/pwctrlsm` = 'off'&quot;
CLI_OUTPUT: ret /Target1/cmd/action cmd &quot;test `cat /sys/class/flexi/power/pwctrlsm` = 'off'&quot; ==&gt; done OK retw=0
SCR_OUTPUT: DDAL_PWCTRL_SM OK...
SCR_OUTPUT: ##### Test Case End: TC_03050_001 PASSED (0)
</system-out>
</testcase>

<testcase classname="HW_03050_basic_pwr_tests" name="TC_03050_002 ddal_power_get range check" time="1">
<system-out>
SCR_OUTPUT: ##### Test Case Start: TC_03050_002  ddal_power_get range check
CLI_OUTPUT: /Target1/power/action ddal_power_get BAD_VALUE
CLI_OUTPUT: ret /Target1/power/action ddal_power_get BAD_VALUE ==&gt; done fail retv -38 errstr Function not implemented
SCR_OUTPUT: Error code returned when BAD_VALUE set as arg --&gt; OK
SCR_OUTPUT: ##### Test Case End: TC_03050_002 PASSED (0)
</system-out>
</testcase>

<testcase classname="HW_03050_basic_pwr_tests" name="TC_03050_003 All Reset unit ddal_power_set calls" time="1">
<system-out>
SCR_OUTPUT: ##### Test Case Start: TC_03050_003  All Reset unit ddal_power_set calls
CLI_OUTPUT: /Target1/power/action ddal_power_set DDAL_POWER_LATCH DDAL_POWER_ON
CLI_OUTPUT: ret /Target1/power/action ddal_power_set DDAL_POWER_LATCH DDAL_POWER_ON ==&gt; done OK retv 0
CLI_OUTPUT: /Target1/cmd/action cmd &quot;test `cat /sys/class/flexi/power/powerlatch` = 'on'&quot;
CLI_OUTPUT: ret /Target1/cmd/action cmd &quot;test `cat /sys/class/flexi/power/powerlatch` = 'on'&quot; ==&gt; done OK retw=0
SCR_OUTPUT: DDAL_POWER_LATCH OK...
CLI_OUTPUT: /Target1/power/action ddal_power_set DDAL_POWER_FSP1 DDAL_POWER_ON
CLI_OUTPUT: ret /Target1/power/action ddal_power_set DDAL_POWER_FSP1 DDAL_POWER_ON ==&gt; done OK retv 0
CLI_OUTPUT: /Target1/cmd/action cmd &quot;test `cat /sys/class/flexi/power/powerfsp1` = 'on'&quot;
CLI_OUTPUT: ret /Target1/cmd/action cmd &quot;test `cat /sys/class/flexi/power/powerfsp1` = 'on'&quot; ==&gt; done OK retw=0
SCR_OUTPUT: DDAL_POWER_FSP1 OK...
CLI_OUTPUT: /Target1/power/action ddal_power_set DDAL_POWER_FSP2 DDAL_POWER_ON
CLI_OUTPUT: ret /Target1/power/action ddal_power_set DDAL_POWER_FSP2 DDAL_POWER_ON ==&gt; done OK retv 0
CLI_OUTPUT: /Target1/cmd/action cmd &quot;test `cat /sys/class/flexi/power/powerfsp2` = 'on'&quot;
CLI_OUTPUT: ret /Target1/cmd/action cmd &quot;test `cat /sys/class/flexi/power/powerfsp2` = 'on'&quot; ==&gt; done OK retw=0
SCR_OUTPUT: DDAL_POWER_FSP2 OK...
CLI_OUTPUT: /Target1/power/action ddal_power_set DDAL_POWER_FSP3 DDAL_POWER_ON
CLI_OUTPUT: ret /Target1/power/action ddal_power_set DDAL_POWER_FSP3 DDAL_POWER_ON ==&gt; done OK retv 0
CLI_OUTPUT: /Target1/cmd/action cmd &quot;test `cat /sys/class/flexi/power/powerfsp3` = 'on'&quot;
CLI_OUTPUT: ret /Target1/cmd/action cmd &quot;test `cat /sys/class/flexi/power/powerfsp3` = 'on'&quot; ==&gt; done OK retw=0
SCR_OUTPUT: DDAL_POWER_FSP3 OK...
CLI_OUTPUT: /Target1/power/action ddal_power_set DDAL_PWCTRL_LATCH DDAL_POWER_ON
CLI_OUTPUT: ret /Target1/power/action ddal_power_set DDAL_PWCTRL_LATCH DDAL_POWER_ON ==&gt; done OK retv 0
CLI_OUTPUT: /Target1/cmd/action cmd &quot;test `cat /sys/class/flexi/power/pwctrlatch` = 'on'&quot;
CLI_OUTPUT: ret /Target1/cmd/action cmd &quot;test `cat /sys/class/flexi/power/pwctrlatch` = 'on'&quot; ==&gt; done OK retw=0
SCR_OUTPUT: DDAL_PWCTRL_LATCH OK...
CLI_OUTPUT: /Target1/power/action ddal_power_set DDAL_PWCTRL_RF1 DDAL_POWER_ON
CLI_OUTPUT: ret /Target1/power/action ddal_power_set DDAL_PWCTRL_RF1 DDAL_POWER_ON ==&gt; done OK retv 0
CLI_OUTPUT: /Target1/cmd/action cmd &quot;test `cat /sys/class/flexi/power/pwctrlrf1` = 'on'&quot;
CLI_OUTPUT: ret /Target1/cmd/action cmd &quot;test `cat /sys/class/flexi/power/pwctrlrf1` = 'on'&quot; ==&gt; done OK retw=0
SCR_OUTPUT: DDAL_PWCTRL_RF1 OK...
CLI_OUTPUT: /Target1/power/action ddal_power_set DDAL_PWCTRL_RF2 DDAL_POWER_ON
CLI_OUTPUT: ret /Target1/power/action ddal_power_set DDAL_PWCTRL_RF2 DDAL_POWER_ON ==&gt; done OK retv 0
CLI_OUTPUT: /Target1/cmd/action cmd &quot;test `cat /sys/class/flexi/power/pwctrlrf2` = 'on'&quot;
CLI_OUTPUT: ret /Target1/cmd/action cmd &quot;test `cat /sys/class/flexi/power/pwctrlrf2` = 'on'&quot; ==&gt; done OK retw=0
SCR_OUTPUT: DDAL_PWCTRL_RF2 OK...
CLI_OUTPUT: /Target1/power/action ddal_power_set DDAL_PWCTRL_RF3 DDAL_POWER_ON
CLI_OUTPUT: ret /Target1/power/action ddal_power_set DDAL_PWCTRL_RF3 DDAL_POWER_ON ==&gt; done OK retv 0
CLI_OUTPUT: /Target1/cmd/action cmd &quot;test `cat /sys/class/flexi/power/pwctrlrf3` = 'on'&quot;
CLI_OUTPUT: ret /Target1/cmd/action cmd &quot;test `cat /sys/class/flexi/power/pwctrlrf3` = 'on'&quot; ==&gt; done OK retw=0
SCR_OUTPUT: DDAL_PWCTRL_RF3 OK...
CLI_OUTPUT: /Target1/power/action ddal_power_set DDAL_PWCTRL_EXT DDAL_POWER_ON
CLI_OUTPUT: ret /Target1/power/action ddal_power_set DDAL_PWCTRL_EXT DDAL_POWER_ON ==&gt; done OK retv 0
CLI_OUTPUT: /Target1/cmd/action cmd &quot;test `cat /sys/class/flexi/power/pwctrlext` = 'on'&quot;
CLI_OUTPUT: ret /Target1/cmd/action cmd &quot;test `cat /sys/class/flexi/power/pwctrlext` = 'on'&quot; ==&gt; done OK retw=0
SCR_OUTPUT: DDAL_PWCTRL_EXT OK...
CLI_OUTPUT: /Target1/power/action ddal_power_set DDAL_PWCTRL_SM DDAL_POWER_ON
CLI_OUTPUT: ret /Target1/power/action ddal_power_set DDAL_PWCTRL_SM DDAL_POWER_ON ==&gt; done OK retv 0
CLI_OUTPUT: /Target1/cmd/action cmd &quot;test `cat /sys/class/flexi/power/pwctrlsm` = 'on'&quot;
CLI_OUTPUT: ret /Target1/cmd/action cmd &quot;test `cat /sys/class/flexi/power/pwctrlsm` = 'on'&quot; ==&gt; done OK retw=0
SCR_OUTPUT: DDAL_PWCTRL_SM OK...
SCR_OUTPUT: ##### Test Case End: TC_03050_003 PASSED (0)
</system-out>
</testcase>

<testcase classname="HW_03050_basic_pwr_tests" name="TC_03050_004 ddal_power_set range check" time="1">
<system-out>
SCR_OUTPUT: ##### Test Case Start: TC_03050_004  ddal_power_set range check
CLI_OUTPUT: /Target1/power/action ddal_power_set BAD_VALUE DDAL_POWER_ON
CLI_OUTPUT: ret /Target1/power/action ddal_power_set BAD_VALUE DDAL_POWER_ON ==&gt; done fail retv -38 errstr Function not implemented
SCR_OUTPUT: Error code returned when BAD_VALUE set on arg_1 --&gt; OK
CLI_OUTPUT: /Target1/power/action ddal_power_set DDAL_POWER_LATCH BAD_VALUE
CLI_OUTPUT: ret /Target1/power/action ddal_power_set DDAL_POWER_LATCH BAD_VALUE ==&gt; done fail retv -38 errstr Function not implemented
SCR_OUTPUT: Error code returned when BAD_VALUE set on arg_2 --&gt; OK
CLI_OUTPUT: /Target1/power/action ddal_power_set DDAL_POWER_FSP1 BAD_VALUE
CLI_OUTPUT: ret /Target1/power/action ddal_power_set DDAL_POWER_FSP1 BAD_VALUE ==&gt; done fail retv -38 errstr Function not implemented
SCR_OUTPUT: Error code returned when BAD_VALUE set on arg_2 --&gt; OK
CLI_OUTPUT: /Target1/power/action ddal_power_set DDAL_POWER_FSP2 BAD_VALUE
CLI_OUTPUT: ret /Target1/power/action ddal_power_set DDAL_POWER_FSP2 BAD_VALUE ==&gt; done fail retv -38 errstr Function not implemented
SCR_OUTPUT: Error code returned when BAD_VALUE set on arg_2 --&gt; OK
CLI_OUTPUT: /Target1/power/action ddal_power_set DDAL_POWER_FSP3 BAD_VALUE
CLI_OUTPUT: ret /Target1/power/action ddal_power_set DDAL_POWER_FSP3 BAD_VALUE ==&gt; done fail retv -38 errstr Function not implemented
SCR_OUTPUT: Error code returned when BAD_VALUE set on arg_2 --&gt; OK
CLI_OUTPUT: /Target1/power/action ddal_power_set DDAL_PWCTRL_LATCH BAD_VALUE
CLI_OUTPUT: ret /Target1/power/action ddal_power_set DDAL_PWCTRL_LATCH BAD_VALUE ==&gt; done fail retv -38 errstr Function not implemented
SCR_OUTPUT: Error code returned when BAD_VALUE set on arg_2 --&gt; OK
CLI_OUTPUT: /Target1/power/action ddal_power_set DDAL_PWCTRL_RF1 BAD_VALUE
CLI_OUTPUT: ret /Target1/power/action ddal_power_set DDAL_PWCTRL_RF1 BAD_VALUE ==&gt; done fail retv -38 errstr Function not implemented
SCR_OUTPUT: Error code returned when BAD_VALUE set on arg_2 --&gt; OK
CLI_OUTPUT: /Target1/power/action ddal_power_set DDAL_PWCTRL_RF2 BAD_VALUE
CLI_OUTPUT: ret /Target1/power/action ddal_power_set DDAL_PWCTRL_RF2 BAD_VALUE ==&gt; done fail retv -38 errstr Function not implemented
SCR_OUTPUT: Error code returned when BAD_VALUE set on arg_2 --&gt; OK
CLI_OUTPUT: /Target1/power/action ddal_power_set DDAL_PWCTRL_RF3 BAD_VALUE
CLI_OUTPUT: ret /Target1/power/action ddal_power_set DDAL_PWCTRL_RF3 BAD_VALUE ==&gt; done fail retv -38 errstr Function not implemented
SCR_OUTPUT: Error code returned when BAD_VALUE set on arg_2 --&gt; OK
CLI_OUTPUT: /Target1/power/action ddal_power_set DDAL_PWCTRL_EXT BAD_VALUE
CLI_OUTPUT: ret /Target1/power/action ddal_power_set DDAL_PWCTRL_EXT BAD_VALUE ==&gt; done fail retv -38 errstr Function not implemented
SCR_OUTPUT: Error code returned when BAD_VALUE set on arg_2 --&gt; OK
CLI_OUTPUT: /Target1/power/action ddal_power_set DDAL_PWCTRL_SM BAD_VALUE
CLI_OUTPUT: ret /Target1/power/action ddal_power_set DDAL_PWCTRL_SM BAD_VALUE ==&gt; done fail retv -38 errstr Function not implemented
SCR_OUTPUT: Error code returned when BAD_VALUE set on arg_2 --&gt; OK
SCR_OUTPUT: ##### Test Case End: TC_03050_004 PASSED (0)
</system-out>
</testcase>

<testcase classname="HW_03080_basic_led_tests" name="TC_03080_001 successful ddal_led_get calls" time="1">
<system-out>
SCR_OUTPUT: ##### Test Case Start: TC_03080_001  successful ddal_led_get calls
SCR_OUTPUT: Get LED DDAL_LED_FAN!
CLI_OUTPUT: /Target1/led/action ddal_led_get DDAL_LED_FAN
CLI_OUTPUT: ret /Target1/led/action ddal_led_get DDAL_LED_FAN ==&gt; done OK retv 0 colour 0
SCR_OUTPUT: Get LED DDAL_LED_OPTIF5!
CLI_OUTPUT: /Target1/led/action ddal_led_get DDAL_LED_OPTIF5
CLI_OUTPUT: ret /Target1/led/action ddal_led_get DDAL_LED_OPTIF5 ==&gt; done OK retv 0 colour 0
SCR_OUTPUT: Get LED DDAL_LED_OPTIF2!
CLI_OUTPUT: /Target1/led/action ddal_led_get DDAL_LED_OPTIF2
CLI_OUTPUT: ret /Target1/led/action ddal_led_get DDAL_LED_OPTIF2 ==&gt; done OK retv 0 colour 0
SCR_OUTPUT: Get LED DDAL_LED_SYS!
CLI_OUTPUT: /Target1/led/action ddal_led_get DDAL_LED_SYS
CLI_OUTPUT: ret /Target1/led/action ddal_led_get DDAL_LED_SYS ==&gt; done OK retv 0 colour 0
SCR_OUTPUT: Get LED DDAL_LED_OPTIF4!
CLI_OUTPUT: /Target1/led/action ddal_led_get DDAL_LED_OPTIF4
CLI_OUTPUT: ret /Target1/led/action ddal_led_get DDAL_LED_OPTIF4 ==&gt; done OK retv 0 colour 0
SCR_OUTPUT: Get LED DDAL_LED_OPTIF1!
CLI_OUTPUT: /Target1/led/action ddal_led_get DDAL_LED_OPTIF1
CLI_OUTPUT: ret /Target1/led/action ddal_led_get DDAL_LED_OPTIF1 ==&gt; done OK retv 0 colour 0
SCR_OUTPUT: Get LED DDAL_LED_OPTIF3!
CLI_OUTPUT: /Target1/led/action ddal_led_get DDAL_LED_OPTIF3
CLI_OUTPUT: ret /Target1/led/action ddal_led_get DDAL_LED_OPTIF3 ==&gt; done OK retv 0 colour 0
SCR_OUTPUT: ##### Test Case End: TC_03080_001 PASSED (0)
</system-out>
</testcase>

<testcase classname="HW_03080_basic_led_tests" name="TC_03080_002 ddal_led_get range check" time="1">
<system-out>
SCR_OUTPUT: ##### Test Case Start: TC_03080_002  ddal_led_get range check
SCR_OUTPUT: Try to get LED BAD_VALUE!
CLI_OUTPUT: /Target1/led/action ddal_led_get BAD_VALUE
CLI_OUTPUT: ret /Target1/led/action ddal_led_get BAD_VALUE ==&gt; done fail retv -2 errstr No such file or directory
SCR_OUTPUT: ##### Test Case End: TC_03080_002 PASSED (0)
</system-out>
</testcase>

<testcase classname="HW_03080_basic_led_tests" name="TC_03080_003 successful ddal_led_set calls" time="1">
<system-out>
SCR_OUTPUT: ##### Test Case Start: TC_03080_003  successful ddal_led_set calls
SCR_OUTPUT: Set LED DDAL_LED_FAN!
SCR_OUTPUT: with color DDAL_LED_YELLOW!
CLI_OUTPUT: /Target1/led/action ddal_led_set DDAL_LED_FAN DDAL_LED_YELLOW
CLI_OUTPUT: ret /Target1/led/action ddal_led_set DDAL_LED_FAN DDAL_LED_YELLOW ==&gt; done OK retv 0
CLI_OUTPUT: /Target1/led/action ddal_led_get DDAL_LED_FAN
CLI_OUTPUT: ret /Target1/led/action ddal_led_get DDAL_LED_FAN ==&gt; done OK retv 0 colour 3
SCR_OUTPUT: with color DDAL_LED_GREEN!
CLI_OUTPUT: /Target1/led/action ddal_led_set DDAL_LED_FAN DDAL_LED_GREEN
CLI_OUTPUT: ret /Target1/led/action ddal_led_set DDAL_LED_FAN DDAL_LED_GREEN ==&gt; done OK retv 0
CLI_OUTPUT: /Target1/led/action ddal_led_get DDAL_LED_FAN
CLI_OUTPUT: ret /Target1/led/action ddal_led_get DDAL_LED_FAN ==&gt; done OK retv 0 colour 1
SCR_OUTPUT: with color DDAL_LED_OFF!
CLI_OUTPUT: /Target1/led/action ddal_led_set DDAL_LED_FAN DDAL_LED_OFF
CLI_OUTPUT: ret /Target1/led/action ddal_led_set DDAL_LED_FAN DDAL_LED_OFF ==&gt; done OK retv 0
CLI_OUTPUT: /Target1/led/action ddal_led_get DDAL_LED_FAN
CLI_OUTPUT: ret /Target1/led/action ddal_led_get DDAL_LED_FAN ==&gt; done OK retv 0 colour 0
SCR_OUTPUT: with color DDAL_LED_RED_OFF_B!
CLI_OUTPUT: /Target1/led/action ddal_led_set DDAL_LED_FAN DDAL_LED_RED_OFF_B
CLI_OUTPUT: ret /Target1/led/action ddal_led_set DDAL_LED_FAN DDAL_LED_RED_OFF_B ==&gt; done OK retv 0
CLI_OUTPUT: /Target1/led/action ddal_led_get DDAL_LED_FAN
CLI_OUTPUT: ret /Target1/led/action ddal_led_get DDAL_LED_FAN ==&gt; done OK retv 0 colour 5
SCR_OUTPUT: with color DDAL_LED_RED!
CLI_OUTPUT: /Target1/led/action ddal_led_set DDAL_LED_FAN DDAL_LED_RED
CLI_OUTPUT: ret /Target1/led/action ddal_led_set DDAL_LED_FAN DDAL_LED_RED ==&gt; done OK retv 0
CLI_OUTPUT: /Target1/led/action ddal_led_get DDAL_LED_FAN
CLI_OUTPUT: ret /Target1/led/action ddal_led_get DDAL_LED_FAN ==&gt; done OK retv 0 colour 2
SCR_OUTPUT: with color DDAL_LED_YELLOW_OFF_B!
CLI_OUTPUT: /Target1/led/action ddal_led_set DDAL_LED_FAN DDAL_LED_YELLOW_OFF_B
CLI_OUTPUT: ret /Target1/led/action ddal_led_set DDAL_LED_FAN DDAL_LED_YELLOW_OFF_B ==&gt; done OK retv 0
CLI_OUTPUT: /Target1/led/action ddal_led_get DDAL_LED_FAN
CLI_OUTPUT: ret /Target1/led/action ddal_led_get DDAL_LED_FAN ==&gt; done OK retv 0 colour 6
SCR_OUTPUT: with color DDAL_LED_GREEN_OFF_B!
CLI_OUTPUT: /Target1/led/action ddal_led_set DDAL_LED_FAN DDAL_LED_GREEN_OFF_B
CLI_OUTPUT: ret /Target1/led/action ddal_led_set DDAL_LED_FAN DDAL_LED_GREEN_OFF_B ==&gt; done OK retv 0
CLI_OUTPUT: /Target1/led/action ddal_led_get DDAL_LED_FAN
CLI_OUTPUT: ret /Target1/led/action ddal_led_get DDAL_LED_FAN ==&gt; done OK retv 0 colour 4
SCR_OUTPUT: Set LED DDAL_LED_OPTIF5!
SCR_OUTPUT: with color DDAL_LED_YELLOW!
CLI_OUTPUT: /Target1/led/action ddal_led_set DDAL_LED_OPTIF5 DDAL_LED_YELLOW
CLI_OUTPUT: ret /Target1/led/action ddal_led_set DDAL_LED_OPTIF5 DDAL_LED_YELLOW ==&gt; done OK retv 0
CLI_OUTPUT: /Target1/led/action ddal_led_get DDAL_LED_OPTIF5
CLI_OUTPUT: ret /Target1/led/action ddal_led_get DDAL_LED_OPTIF5 ==&gt; done OK retv 0 colour 3
SCR_OUTPUT: with color DDAL_LED_GREEN!
CLI_OUTPUT: /Target1/led/action ddal_led_set DDAL_LED_OPTIF5 DDAL_LED_GREEN
CLI_OUTPUT: ret /Target1/led/action ddal_led_set DDAL_LED_OPTIF5 DDAL_LED_GREEN ==&gt; done OK retv 0
CLI_OUTPUT: /Target1/led/action ddal_led_get DDAL_LED_OPTIF5
CLI_OUTPUT: ret /Target1/led/action ddal_led_get DDAL_LED_OPTIF5 ==&gt; done OK retv 0 colour 1
SCR_OUTPUT: with color DDAL_LED_OFF!
CLI_OUTPUT: /Target1/led/action ddal_led_set DDAL_LED_OPTIF5 DDAL_LED_OFF
CLI_OUTPUT: ret /Target1/led/action ddal_led_set DDAL_LED_OPTIF5 DDAL_LED_OFF ==&gt; done OK retv 0
CLI_OUTPUT: /Target1/led/action ddal_led_get DDAL_LED_OPTIF5
CLI_OUTPUT: ret /Target1/led/action ddal_led_get DDAL_LED_OPTIF5 ==&gt; done OK retv 0 colour 0
SCR_OUTPUT: with color DDAL_LED_RED_OFF_B!
CLI_OUTPUT: /Target1/led/action ddal_led_set DDAL_LED_OPTIF5 DDAL_LED_RED_OFF_B
CLI_OUTPUT: ret /Target1/led/action ddal_led_set DDAL_LED_OPTIF5 DDAL_LED_RED_OFF_B ==&gt; done OK retv 0
CLI_OUTPUT: /Target1/led/action ddal_led_get DDAL_LED_OPTIF5
CLI_OUTPUT: ret /Target1/led/action ddal_led_get DDAL_LED_OPTIF5 ==&gt; done OK retv 0 colour 5
SCR_OUTPUT: with color DDAL_LED_RED!
CLI_OUTPUT: /Target1/led/action ddal_led_set DDAL_LED_OPTIF5 DDAL_LED_RED
CLI_OUTPUT: ret /Target1/led/action ddal_led_set DDAL_LED_OPTIF5 DDAL_LED_RED ==&gt; done OK retv 0
CLI_OUTPUT: /Target1/led/action ddal_led_get DDAL_LED_OPTIF5
CLI_OUTPUT: ret /Target1/led/action ddal_led_get DDAL_LED_OPTIF5 ==&gt; done OK retv 0 colour 2
SCR_OUTPUT: with color DDAL_LED_YELLOW_OFF_B!
CLI_OUTPUT: /Target1/led/action ddal_led_set DDAL_LED_OPTIF5 DDAL_LED_YELLOW_OFF_B
CLI_OUTPUT: ret /Target1/led/action ddal_led_set DDAL_LED_OPTIF5 DDAL_LED_YELLOW_OFF_B ==&gt; done OK retv 0
CLI_OUTPUT: /Target1/led/action ddal_led_get DDAL_LED_OPTIF5
CLI_OUTPUT: ret /Target1/led/action ddal_led_get DDAL_LED_OPTIF5 ==&gt; done OK retv 0 colour 6
SCR_OUTPUT: with color DDAL_LED_GREEN_OFF_B!
CLI_OUTPUT: /Target1/led/action ddal_led_set DDAL_LED_OPTIF5 DDAL_LED_GREEN_OFF_B
CLI_OUTPUT: ret /Target1/led/action ddal_led_set DDAL_LED_OPTIF5 DDAL_LED_GREEN_OFF_B ==&gt; done OK retv 0
CLI_OUTPUT: /Target1/led/action ddal_led_get DDAL_LED_OPTIF5
CLI_OUTPUT: ret /Target1/led/action ddal_led_get DDAL_LED_OPTIF5 ==&gt; done OK retv 0 colour 4
SCR_OUTPUT: Set LED DDAL_LED_OPTIF2!
SCR_OUTPUT: with color DDAL_LED_YELLOW!
CLI_OUTPUT: /Target1/led/action ddal_led_set DDAL_LED_OPTIF2 DDAL_LED_YELLOW
CLI_OUTPUT: ret /Target1/led/action ddal_led_set DDAL_LED_OPTIF2 DDAL_LED_YELLOW ==&gt; done OK retv 0
CLI_OUTPUT: /Target1/led/action ddal_led_get DDAL_LED_OPTIF2
CLI_OUTPUT: ret /Target1/led/action ddal_led_get DDAL_LED_OPTIF2 ==&gt; done OK retv 0 colour 3
SCR_OUTPUT: with color DDAL_LED_GREEN!
CLI_OUTPUT: /Target1/led/action ddal_led_set DDAL_LED_OPTIF2 DDAL_LED_GREEN
CLI_OUTPUT: ret /Target1/led/action ddal_led_set DDAL_LED_OPTIF2 DDAL_LED_GREEN ==&gt; done OK retv 0
CLI_OUTPUT: /Target1/led/action ddal_led_get DDAL_LED_OPTIF2
CLI_OUTPUT: ret /Target1/led/action ddal_led_get DDAL_LED_OPTIF2 ==&gt; done OK retv 0 colour 1
SCR_OUTPUT: with color DDAL_LED_OFF!
CLI_OUTPUT: /Target1/led/action ddal_led_set DDAL_LED_OPTIF2 DDAL_LED_OFF
CLI_OUTPUT: ret /Target1/led/action ddal_led_set DDAL_LED_OPTIF2 DDAL_LED_OFF ==&gt; done OK retv 0
CLI_OUTPUT: /Target1/led/action ddal_led_get DDAL_LED_OPTIF2
CLI_OUTPUT: ret /Target1/led/action ddal_led_get DDAL_LED_OPTIF2 ==&gt; done OK retv 0 colour 0
SCR_OUTPUT: with color DDAL_LED_RED_OFF_B!
CLI_OUTPUT: /Target1/led/action ddal_led_set DDAL_LED_OPTIF2 DDAL_LED_RED_OFF_B
CLI_OUTPUT: ret /Target1/led/action ddal_led_set DDAL_LED_OPTIF2 DDAL_LED_RED_OFF_B ==&gt; done OK retv 0
CLI_OUTPUT: /Target1/led/action ddal_led_get DDAL_LED_OPTIF2
CLI_OUTPUT: ret /Target1/led/action ddal_led_get DDAL_LED_OPTIF2 ==&gt; done OK retv 0 colour 5
SCR_OUTPUT: with color DDAL_LED_RED!
CLI_OUTPUT: /Target1/led/action ddal_led_set DDAL_LED_OPTIF2 DDAL_LED_RED
CLI_OUTPUT: ret /Target1/led/action ddal_led_set DDAL_LED_OPTIF2 DDAL_LED_RED ==&gt; done OK retv 0
CLI_OUTPUT: /Target1/led/action ddal_led_get DDAL_LED_OPTIF2
CLI_OUTPUT: ret /Target1/led/action ddal_led_get DDAL_LED_OPTIF2 ==&gt; done OK retv 0 colour 2
SCR_OUTPUT: with color DDAL_LED_YELLOW_OFF_B!
CLI_OUTPUT: /Target1/led/action ddal_led_set DDAL_LED_OPTIF2 DDAL_LED_YELLOW_OFF_B
CLI_OUTPUT: ret /Target1/led/action ddal_led_set DDAL_LED_OPTIF2 DDAL_LED_YELLOW_OFF_B ==&gt; done OK retv 0
CLI_OUTPUT: /Target1/led/action ddal_led_get DDAL_LED_OPTIF2
CLI_OUTPUT: ret /Target1/led/action ddal_led_get DDAL_LED_OPTIF2 ==&gt; done OK retv 0 colour 6
SCR_OUTPUT: with color DDAL_LED_GREEN_OFF_B!
CLI_OUTPUT: /Target1/led/action ddal_led_set DDAL_LED_OPTIF2 DDAL_LED_GREEN_OFF_B
CLI_OUTPUT: ret /Target1/led/action ddal_led_set DDAL_LED_OPTIF2 DDAL_LED_GREEN_OFF_B ==&gt; done OK retv 0
CLI_OUTPUT: /Target1/led/action ddal_led_get DDAL_LED_OPTIF2
CLI_OUTPUT: ret /Target1/led/action ddal_led_get DDAL_LED_OPTIF2 ==&gt; done OK retv 0 colour 4
SCR_OUTPUT: Set LED DDAL_LED_SYS!
SCR_OUTPUT: with color DDAL_LED_YELLOW!
CLI_OUTPUT: /Target1/led/action ddal_led_set DDAL_LED_SYS DDAL_LED_YELLOW
CLI_OUTPUT: ret /Target1/led/action ddal_led_set DDAL_LED_SYS DDAL_LED_YELLOW ==&gt; done OK retv 0
CLI_OUTPUT: /Target1/led/action ddal_led_get DDAL_LED_SYS
CLI_OUTPUT: ret /Target1/led/action ddal_led_get DDAL_LED_SYS ==&gt; done OK retv 0 colour 3
SCR_OUTPUT: with color DDAL_LED_GREEN!
CLI_OUTPUT: /Target1/led/action ddal_led_set DDAL_LED_SYS DDAL_LED_GREEN
CLI_OUTPUT: ret /Target1/led/action ddal_led_set DDAL_LED_SYS DDAL_LED_GREEN ==&gt; done OK retv 0
CLI_OUTPUT: /Target1/led/action ddal_led_get DDAL_LED_SYS
CLI_OUTPUT: ret /Target1/led/action ddal_led_get DDAL_LED_SYS ==&gt; done OK retv 0 colour 1
SCR_OUTPUT: with color DDAL_LED_OFF!
CLI_OUTPUT: /Target1/led/action ddal_led_set DDAL_LED_SYS DDAL_LED_OFF
CLI_OUTPUT: ret /Target1/led/action ddal_led_set DDAL_LED_SYS DDAL_LED_OFF ==&gt; done OK retv 0
CLI_OUTPUT: /Target1/led/action ddal_led_get DDAL_LED_SYS
CLI_OUTPUT: ret /Target1/led/action ddal_led_get DDAL_LED_SYS ==&gt; done OK retv 0 colour 0
SCR_OUTPUT: with color DDAL_LED_RED_OFF_B!
CLI_OUTPUT: /Target1/led/action ddal_led_set DDAL_LED_SYS DDAL_LED_RED_OFF_B
CLI_OUTPUT: ret /Target1/led/action ddal_led_set DDAL_LED_SYS DDAL_LED_RED_OFF_B ==&gt; done OK retv 0
CLI_OUTPUT: /Target1/led/action ddal_led_get DDAL_LED_SYS
CLI_OUTPUT: ret /Target1/led/action ddal_led_get DDAL_LED_SYS ==&gt; done OK retv 0 colour 5
SCR_OUTPUT: with color DDAL_LED_RED!
CLI_OUTPUT: /Target1/led/action ddal_led_set DDAL_LED_SYS DDAL_LED_RED
CLI_OUTPUT: ret /Target1/led/action ddal_led_set DDAL_LED_SYS DDAL_LED_RED ==&gt; done OK retv 0
CLI_OUTPUT: /Target1/led/action ddal_led_get DDAL_LED_SYS
CLI_OUTPUT: ret /Target1/led/action ddal_led_get DDAL_LED_SYS ==&gt; done OK retv 0 colour 2
SCR_OUTPUT: with color DDAL_LED_YELLOW_OFF_B!
CLI_OUTPUT: /Target1/led/action ddal_led_set DDAL_LED_SYS DDAL_LED_YELLOW_OFF_B
CLI_OUTPUT: ret /Target1/led/action ddal_led_set DDAL_LED_SYS DDAL_LED_YELLOW_OFF_B ==&gt; done OK retv 0
CLI_OUTPUT: /Target1/led/action ddal_led_get DDAL_LED_SYS
CLI_OUTPUT: ret /Target1/led/action ddal_led_get DDAL_LED_SYS ==&gt; done OK retv 0 colour 6
SCR_OUTPUT: with color DDAL_LED_GREEN_OFF_B!
CLI_OUTPUT: /Target1/led/action ddal_led_set DDAL_LED_SYS DDAL_LED_GREEN_OFF_B
CLI_OUTPUT: ret /Target1/led/action ddal_led_set DDAL_LED_SYS DDAL_LED_GREEN_OFF_B ==&gt; done OK retv 0
CLI_OUTPUT: /Target1/led/action ddal_led_get DDAL_LED_SYS
CLI_OUTPUT: ret /Target1/led/action ddal_led_get DDAL_LED_SYS ==&gt; done OK retv 0 colour 4
SCR_OUTPUT: Set LED DDAL_LED_OPTIF4!
SCR_OUTPUT: with color DDAL_LED_YELLOW!
CLI_OUTPUT: /Target1/led/action ddal_led_set DDAL_LED_OPTIF4 DDAL_LED_YELLOW
CLI_OUTPUT: ret /Target1/led/action ddal_led_set DDAL_LED_OPTIF4 DDAL_LED_YELLOW ==&gt; done OK retv 0
CLI_OUTPUT: /Target1/led/action ddal_led_get DDAL_LED_OPTIF4
CLI_OUTPUT: ret /Target1/led/action ddal_led_get DDAL_LED_OPTIF4 ==&gt; done OK retv 0 colour 3
SCR_OUTPUT: with color DDAL_LED_GREEN!
CLI_OUTPUT: /Target1/led/action ddal_led_set DDAL_LED_OPTIF4 DDAL_LED_GREEN
CLI_OUTPUT: ret /Target1/led/action ddal_led_set DDAL_LED_OPTIF4 DDAL_LED_GREEN ==&gt; done OK retv 0
CLI_OUTPUT: /Target1/led/action ddal_led_get DDAL_LED_OPTIF4
CLI_OUTPUT: ret /Target1/led/action ddal_led_get DDAL_LED_OPTIF4 ==&gt; done OK retv 0 colour 1
SCR_OUTPUT: with color DDAL_LED_OFF!
CLI_OUTPUT: /Target1/led/action ddal_led_set DDAL_LED_OPTIF4 DDAL_LED_OFF
CLI_OUTPUT: ret /Target1/led/action ddal_led_set DDAL_LED_OPTIF4 DDAL_LED_OFF ==&gt; done OK retv 0
CLI_OUTPUT: /Target1/led/action ddal_led_get DDAL_LED_OPTIF4
CLI_OUTPUT: ret /Target1/led/action ddal_led_get DDAL_LED_OPTIF4 ==&gt; done OK retv 0 colour 0
SCR_OUTPUT: with color DDAL_LED_RED_OFF_B!
CLI_OUTPUT: /Target1/led/action ddal_led_set DDAL_LED_OPTIF4 DDAL_LED_RED_OFF_B
CLI_OUTPUT: ret /Target1/led/action ddal_led_set DDAL_LED_OPTIF4 DDAL_LED_RED_OFF_B ==&gt; done OK retv 0
CLI_OUTPUT: /Target1/led/action ddal_led_get DDAL_LED_OPTIF4
CLI_OUTPUT: ret /Target1/led/action ddal_led_get DDAL_LED_OPTIF4 ==&gt; done OK retv 0 colour 5
SCR_OUTPUT: with color DDAL_LED_RED!
CLI_OUTPUT: /Target1/led/action ddal_led_set DDAL_LED_OPTIF4 DDAL_LED_RED
CLI_OUTPUT: ret /Target1/led/action ddal_led_set DDAL_LED_OPTIF4 DDAL_LED_RED ==&gt; done OK retv 0
CLI_OUTPUT: /Target1/led/action ddal_led_get DDAL_LED_OPTIF4
CLI_OUTPUT: ret /Target1/led/action ddal_led_get DDAL_LED_OPTIF4 ==&gt; done OK retv 0 colour 2
SCR_OUTPUT: with color DDAL_LED_YELLOW_OFF_B!
CLI_OUTPUT: /Target1/led/action ddal_led_set DDAL_LED_OPTIF4 DDAL_LED_YELLOW_OFF_B
CLI_OUTPUT: ret /Target1/led/action ddal_led_set DDAL_LED_OPTIF4 DDAL_LED_YELLOW_OFF_B ==&gt; done OK retv 0
CLI_OUTPUT: /Target1/led/action ddal_led_get DDAL_LED_OPTIF4
CLI_OUTPUT: ret /Target1/led/action ddal_led_get DDAL_LED_OPTIF4 ==&gt; done OK retv 0 colour 6
SCR_OUTPUT: with color DDAL_LED_GREEN_OFF_B!
CLI_OUTPUT: /Target1/led/action ddal_led_set DDAL_LED_OPTIF4 DDAL_LED_GREEN_OFF_B
CLI_OUTPUT: ret /Target1/led/action ddal_led_set DDAL_LED_OPTIF4 DDAL_LED_GREEN_OFF_B ==&gt; done OK retv 0
CLI_OUTPUT: /Target1/led/action ddal_led_get DDAL_LED_OPTIF4
CLI_OUTPUT: ret /Target1/led/action ddal_led_get DDAL_LED_OPTIF4 ==&gt; done OK retv 0 colour 4
SCR_OUTPUT: Set LED DDAL_LED_OPTIF1!
SCR_OUTPUT: with color DDAL_LED_YELLOW!
CLI_OUTPUT: /Target1/led/action ddal_led_set DDAL_LED_OPTIF1 DDAL_LED_YELLOW
CLI_OUTPUT: ret /Target1/led/action ddal_led_set DDAL_LED_OPTIF1 DDAL_LED_YELLOW ==&gt; done OK retv 0
CLI_OUTPUT: /Target1/led/action ddal_led_get DDAL_LED_OPTIF1
CLI_OUTPUT: ret /Target1/led/action ddal_led_get DDAL_LED_OPTIF1 ==&gt; done OK retv 0 colour 3
SCR_OUTPUT: with color DDAL_LED_GREEN!
CLI_OUTPUT: /Target1/led/action ddal_led_set DDAL_LED_OPTIF1 DDAL_LED_GREEN
CLI_OUTPUT: ret /Target1/led/action ddal_led_set DDAL_LED_OPTIF1 DDAL_LED_GREEN ==&gt; done OK retv 0
CLI_OUTPUT: /Target1/led/action ddal_led_get DDAL_LED_OPTIF1
CLI_OUTPUT: ret /Target1/led/action ddal_led_get DDAL_LED_OPTIF1 ==&gt; done OK retv 0 colour 1
SCR_OUTPUT: with color DDAL_LED_OFF!
CLI_OUTPUT: /Target1/led/action ddal_led_set DDAL_LED_OPTIF1 DDAL_LED_OFF
CLI_OUTPUT: ret /Target1/led/action ddal_led_set DDAL_LED_OPTIF1 DDAL_LED_OFF ==&gt; done OK retv 0
CLI_OUTPUT: /Target1/led/action ddal_led_get DDAL_LED_OPTIF1
CLI_OUTPUT: ret /Target1/led/action ddal_led_get DDAL_LED_OPTIF1 ==&gt; done OK retv 0 colour 0
SCR_OUTPUT: with color DDAL_LED_RED_OFF_B!
CLI_OUTPUT: /Target1/led/action ddal_led_set DDAL_LED_OPTIF1 DDAL_LED_RED_OFF_B
CLI_OUTPUT: ret /Target1/led/action ddal_led_set DDAL_LED_OPTIF1 DDAL_LED_RED_OFF_B ==&gt; done OK retv 0
CLI_OUTPUT: /Target1/led/action ddal_led_get DDAL_LED_OPTIF1
CLI_OUTPUT: ret /Target1/led/action ddal_led_get DDAL_LED_OPTIF1 ==&gt; done OK retv 0 colour 5
SCR_OUTPUT: with color DDAL_LED_RED!
CLI_OUTPUT: /Target1/led/action ddal_led_set DDAL_LED_OPTIF1 DDAL_LED_RED
CLI_OUTPUT: ret /Target1/led/action ddal_led_set DDAL_LED_OPTIF1 DDAL_LED_RED ==&gt; done OK retv 0
CLI_OUTPUT: /Target1/led/action ddal_led_get DDAL_LED_OPTIF1
CLI_OUTPUT: ret /Target1/led/action ddal_led_get DDAL_LED_OPTIF1 ==&gt; done OK retv 0 colour 2
SCR_OUTPUT: with color DDAL_LED_YELLOW_OFF_B!
CLI_OUTPUT: /Target1/led/action ddal_led_set DDAL_LED_OPTIF1 DDAL_LED_YELLOW_OFF_B
CLI_OUTPUT: ret /Target1/led/action ddal_led_set DDAL_LED_OPTIF1 DDAL_LED_YELLOW_OFF_B ==&gt; done OK retv 0
CLI_OUTPUT: /Target1/led/action ddal_led_get DDAL_LED_OPTIF1
CLI_OUTPUT: ret /Target1/led/action ddal_led_get DDAL_LED_OPTIF1 ==&gt; done OK retv 0 colour 6
SCR_OUTPUT: with color DDAL_LED_GREEN_OFF_B!
CLI_OUTPUT: /Target1/led/action ddal_led_set DDAL_LED_OPTIF1 DDAL_LED_GREEN_OFF_B
CLI_OUTPUT: ret /Target1/led/action ddal_led_set DDAL_LED_OPTIF1 DDAL_LED_GREEN_OFF_B ==&gt; done OK retv 0
CLI_OUTPUT: /Target1/led/action ddal_led_get DDAL_LED_OPTIF1
CLI_OUTPUT: ret /Target1/led/action ddal_led_get DDAL_LED_OPTIF1 ==&gt; done OK retv 0 colour 4
SCR_OUTPUT: Set LED DDAL_LED_OPTIF3!
SCR_OUTPUT: with color DDAL_LED_YELLOW!
CLI_OUTPUT: /Target1/led/action ddal_led_set DDAL_LED_OPTIF3 DDAL_LED_YELLOW
CLI_OUTPUT: ret /Target1/led/action ddal_led_set DDAL_LED_OPTIF3 DDAL_LED_YELLOW ==&gt; done OK retv 0
CLI_OUTPUT: /Target1/led/action ddal_led_get DDAL_LED_OPTIF3
CLI_OUTPUT: ret /Target1/led/action ddal_led_get DDAL_LED_OPTIF3 ==&gt; done OK retv 0 colour 3
SCR_OUTPUT: with color DDAL_LED_GREEN!
CLI_OUTPUT: /Target1/led/action ddal_led_set DDAL_LED_OPTIF3 DDAL_LED_GREEN
CLI_OUTPUT: ret /Target1/led/action ddal_led_set DDAL_LED_OPTIF3 DDAL_LED_GREEN ==&gt; done OK retv 0
CLI_OUTPUT: /Target1/led/action ddal_led_get DDAL_LED_OPTIF3
CLI_OUTPUT: ret /Target1/led/action ddal_led_get DDAL_LED_OPTIF3 ==&gt; done OK retv 0 colour 1
SCR_OUTPUT: with color DDAL_LED_OFF!
CLI_OUTPUT: /Target1/led/action ddal_led_set DDAL_LED_OPTIF3 DDAL_LED_OFF
CLI_OUTPUT: ret /Target1/led/action ddal_led_set DDAL_LED_OPTIF3 DDAL_LED_OFF ==&gt; done OK retv 0
CLI_OUTPUT: /Target1/led/action ddal_led_get DDAL_LED_OPTIF3
CLI_OUTPUT: ret /Target1/led/action ddal_led_get DDAL_LED_OPTIF3 ==&gt; done OK retv 0 colour 0
SCR_OUTPUT: with color DDAL_LED_RED_OFF_B!
CLI_OUTPUT: /Target1/led/action ddal_led_set DDAL_LED_OPTIF3 DDAL_LED_RED_OFF_B
CLI_OUTPUT: ret /Target1/led/action ddal_led_set DDAL_LED_OPTIF3 DDAL_LED_RED_OFF_B ==&gt; done OK retv 0
CLI_OUTPUT: /Target1/led/action ddal_led_get DDAL_LED_OPTIF3
CLI_OUTPUT: ret /Target1/led/action ddal_led_get DDAL_LED_OPTIF3 ==&gt; done OK retv 0 colour 5
SCR_OUTPUT: with color DDAL_LED_RED!
CLI_OUTPUT: /Target1/led/action ddal_led_set DDAL_LED_OPTIF3 DDAL_LED_RED
CLI_OUTPUT: ret /Target1/led/action ddal_led_set DDAL_LED_OPTIF3 DDAL_LED_RED ==&gt; done OK retv 0
CLI_OUTPUT: /Target1/led/action ddal_led_get DDAL_LED_OPTIF3
CLI_OUTPUT: ret /Target1/led/action ddal_led_get DDAL_LED_OPTIF3 ==&gt; done OK retv 0 colour 2
SCR_OUTPUT: with color DDAL_LED_YELLOW_OFF_B!
CLI_OUTPUT: /Target1/led/action ddal_led_set DDAL_LED_OPTIF3 DDAL_LED_YELLOW_OFF_B
CLI_OUTPUT: ret /Target1/led/action ddal_led_set DDAL_LED_OPTIF3 DDAL_LED_YELLOW_OFF_B ==&gt; done OK retv 0
CLI_OUTPUT: /Target1/led/action ddal_led_get DDAL_LED_OPTIF3
CLI_OUTPUT: ret /Target1/led/action ddal_led_get DDAL_LED_OPTIF3 ==&gt; done OK retv 0 colour 6
SCR_OUTPUT: with color DDAL_LED_GREEN_OFF_B!
CLI_OUTPUT: /Target1/led/action ddal_led_set DDAL_LED_OPTIF3 DDAL_LED_GREEN_OFF_B
CLI_OUTPUT: ret /Target1/led/action ddal_led_set DDAL_LED_OPTIF3 DDAL_LED_GREEN_OFF_B ==&gt; done OK retv 0
CLI_OUTPUT: /Target1/led/action ddal_led_get DDAL_LED_OPTIF3
CLI_OUTPUT: ret /Target1/led/action ddal_led_get DDAL_LED_OPTIF3 ==&gt; done OK retv 0 colour 4
SCR_OUTPUT: ##### Test Case End: TC_03080_003 PASSED (0)
</system-out>
</testcase>

<testcase classname="HW_03080_basic_led_tests" name="TC_03080_004 ddal_led_set range check" time="1">
<system-out>
SCR_OUTPUT: ##### Test Case Start: TC_03080_004  ddal_led_set range check
SCR_OUTPUT: Try Set LED DDAL_LED_FAN!
SCR_OUTPUT: with color BAD_VALUE!
CLI_OUTPUT: /Target1/led/action ddal_led_set DDAL_LED_FAN BAD_VALUE
CLI_OUTPUT: ret /Target1/led/action ddal_led_set DDAL_LED_FAN BAD_VALUE ==&gt; done fail retv -22 errstr Invalid argument
SCR_OUTPUT: Try Set LED DDAL_LED_OPTIF5!
SCR_OUTPUT: with color BAD_VALUE!
CLI_OUTPUT: /Target1/led/action ddal_led_set DDAL_LED_OPTIF5 BAD_VALUE
CLI_OUTPUT: ret /Target1/led/action ddal_led_set DDAL_LED_OPTIF5 BAD_VALUE ==&gt; done fail retv -22 errstr Invalid argument
SCR_OUTPUT: Try Set LED DDAL_LED_OPTIF2!
SCR_OUTPUT: with color BAD_VALUE!
CLI_OUTPUT: /Target1/led/action ddal_led_set DDAL_LED_OPTIF2 BAD_VALUE
CLI_OUTPUT: ret /Target1/led/action ddal_led_set DDAL_LED_OPTIF2 BAD_VALUE ==&gt; done fail retv -22 errstr Invalid argument
SCR_OUTPUT: Try Set LED DDAL_LED_SYS!
SCR_OUTPUT: with color BAD_VALUE!
CLI_OUTPUT: /Target1/led/action ddal_led_set DDAL_LED_SYS BAD_VALUE
CLI_OUTPUT: ret /Target1/led/action ddal_led_set DDAL_LED_SYS BAD_VALUE ==&gt; done fail retv -22 errstr Invalid argument
SCR_OUTPUT: Try Set LED DDAL_LED_OPTIF4!
SCR_OUTPUT: with color BAD_VALUE!
CLI_OUTPUT: /Target1/led/action ddal_led_set DDAL_LED_OPTIF4 BAD_VALUE
CLI_OUTPUT: ret /Target1/led/action ddal_led_set DDAL_LED_OPTIF4 BAD_VALUE ==&gt; done fail retv -22 errstr Invalid argument
SCR_OUTPUT: Try Set LED DDAL_LED_OPTIF1!
SCR_OUTPUT: with color BAD_VALUE!
CLI_OUTPUT: /Target1/led/action ddal_led_set DDAL_LED_OPTIF1 BAD_VALUE
CLI_OUTPUT: ret /Target1/led/action ddal_led_set DDAL_LED_OPTIF1 BAD_VALUE ==&gt; done fail retv -22 errstr Invalid argument
SCR_OUTPUT: Try Set LED DDAL_LED_OPTIF3!
SCR_OUTPUT: with color BAD_VALUE!
CLI_OUTPUT: /Target1/led/action ddal_led_set DDAL_LED_OPTIF3 BAD_VALUE
CLI_OUTPUT: ret /Target1/led/action ddal_led_set DDAL_LED_OPTIF3 BAD_VALUE ==&gt; done fail retv -22 errstr Invalid argument
SCR_OUTPUT: Try Set LED BAD_VALUE!
SCR_OUTPUT: with color DDAL_LED_YELLOW!
CLI_OUTPUT: /Target1/led/action ddal_led_set BAD_VALUE DDAL_LED_YELLOW
CLI_OUTPUT: ret /Target1/led/action ddal_led_set BAD_VALUE DDAL_LED_YELLOW ==&gt; done fail retv -2 errstr No such file or directory
SCR_OUTPUT: with color DDAL_LED_GREEN!
CLI_OUTPUT: /Target1/led/action ddal_led_set BAD_VALUE DDAL_LED_GREEN
CLI_OUTPUT: ret /Target1/led/action ddal_led_set BAD_VALUE DDAL_LED_GREEN ==&gt; done fail retv -2 errstr No such file or directory
SCR_OUTPUT: with color DDAL_LED_OFF!
CLI_OUTPUT: /Target1/led/action ddal_led_set BAD_VALUE DDAL_LED_OFF
CLI_OUTPUT: ret /Target1/led/action ddal_led_set BAD_VALUE DDAL_LED_OFF ==&gt; done fail retv -2 errstr No such file or directory
SCR_OUTPUT: with color DDAL_LED_RED_OFF_B!
CLI_OUTPUT: /Target1/led/action ddal_led_set BAD_VALUE DDAL_LED_RED_OFF_B
CLI_OUTPUT: ret /Target1/led/action ddal_led_set BAD_VALUE DDAL_LED_RED_OFF_B ==&gt; done fail retv -2 errstr No such file or directory
SCR_OUTPUT: with color DDAL_LED_RED!
CLI_OUTPUT: /Target1/led/action ddal_led_set BAD_VALUE DDAL_LED_RED
CLI_OUTPUT: ret /Target1/led/action ddal_led_set BAD_VALUE DDAL_LED_RED ==&gt; done fail retv -2 errstr No such file or directory
SCR_OUTPUT: with color DDAL_LED_YELLOW_OFF_B!
CLI_OUTPUT: /Target1/led/action ddal_led_set BAD_VALUE DDAL_LED_YELLOW_OFF_B
CLI_OUTPUT: ret /Target1/led/action ddal_led_set BAD_VALUE DDAL_LED_YELLOW_OFF_B ==&gt; done fail retv -2 errstr No such file or directory
SCR_OUTPUT: with color DDAL_LED_GREEN_OFF_B!
CLI_OUTPUT: /Target1/led/action ddal_led_set BAD_VALUE DDAL_LED_GREEN_OFF_B
CLI_OUTPUT: ret /Target1/led/action ddal_led_set BAD_VALUE DDAL_LED_GREEN_OFF_B ==&gt; done fail retv -2 errstr No such file or directory
SCR_OUTPUT: Try Set LED BAD_VALUE!
SCR_OUTPUT: with color BAD_VALUE!
CLI_OUTPUT: /Target1/led/action ddal_led_set BAD_VALUE BAD_VALUE
CLI_OUTPUT: ret /Target1/led/action ddal_led_set BAD_VALUE BAD_VALUE ==&gt; done fail retv -2 errstr No such file or directory
SCR_OUTPUT: ##### Test Case End: TC_03080_004 PASSED (0)
</system-out>
</testcase>

<testcase classname="HW_03100_basic_rpram_tests" name="TC_03100_001 successful ddal_rpram_set calls" time="2">
<system-out>
SCR_OUTPUT: ##### Test Case Start: TC_03100_001  successful ddal_rpram_set calls
CLI_OUTPUT: /Target1/rpram/action ddal_rpram_set DDAL_RPRAM_USER1 42452918
CLI_OUTPUT: ret /Target1/rpram/action ddal_rpram_set DDAL_RPRAM_USER1 42452918 ==&gt; done OK retv 0
CLI_OUTPUT: /Target1/memdump/action memdump32 0xC0000000
CLI_OUTPUT: ret /Target1/memdump/action memdump32 0xC0000000 ==&gt; done OK retv 0 value 0x0287c7b6
SCR_OUTPUT: called ddal_rpram_set and verified with memdump:: 42452918 == 42452918 ==&gt; OK
CLI_OUTPUT: /Target1/rpram/action ddal_rpram_set DDAL_RPRAM_USER2 541638827
CLI_OUTPUT: ret /Target1/rpram/action ddal_rpram_set DDAL_RPRAM_USER2 541638827 ==&gt; done OK retv 0
CLI_OUTPUT: /Target1/memdump/action memdump32 0xC0000004
CLI_OUTPUT: ret /Target1/memdump/action memdump32 0xC0000004 ==&gt; done OK retv 0 value 0x2048c0ab
SCR_OUTPUT: called ddal_rpram_set and verified with memdump:: 541638827 == 541638827 ==&gt; OK
CLI_OUTPUT: /Target1/rpram/action ddal_rpram_set DDAL_RPRAM_USER3 140619369
CLI_OUTPUT: ret /Target1/rpram/action ddal_rpram_set DDAL_RPRAM_USER3 140619369 ==&gt; done OK retv 0
CLI_OUTPUT: /Target1/memdump/action memdump32 0xC0000008
CLI_OUTPUT: ret /Target1/memdump/action memdump32 0xC0000008 ==&gt; done OK retv 0 value 0x0861ae69
SCR_OUTPUT: called ddal_rpram_set and verified with memdump:: 140619369 == 140619369 ==&gt; OK
CLI_OUTPUT: /Target1/rpram/action ddal_rpram_set DDAL_RPRAM_USER4 1157739886
CLI_OUTPUT: ret /Target1/rpram/action ddal_rpram_set DDAL_RPRAM_USER4 1157739886 ==&gt; done OK retv 0
CLI_OUTPUT: /Target1/memdump/action memdump32 0xC000000C
CLI_OUTPUT: ret /Target1/memdump/action memdump32 0xC000000C ==&gt; done OK retv 0 value 0x4501b56e
SCR_OUTPUT: called ddal_rpram_set and verified with memdump:: 1157739886 == 1157739886 ==&gt; OK
CLI_OUTPUT: /Target1/rpram/action ddal_rpram_set DDAL_RPRAM_USER5 1932489403
CLI_OUTPUT: ret /Target1/rpram/action ddal_rpram_set DDAL_RPRAM_USER5 1932489403 ==&gt; done OK retv 0
CLI_OUTPUT: /Target1/memdump/action memdump32 0xC0000024
CLI_OUTPUT: ret /Target1/memdump/action memdump32 0xC0000024 ==&gt; done OK retv 0 value 0x732f72bb
SCR_OUTPUT: called ddal_rpram_set and verified with memdump:: 1932489403 == 1932489403 ==&gt; OK
CLI_OUTPUT: /Target1/rpram/action ddal_rpram_set DDAL_RPRAM_USER6 806836639
CLI_OUTPUT: ret /Target1/rpram/action ddal_rpram_set DDAL_RPRAM_USER6 806836639 ==&gt; done OK retv 0
CLI_OUTPUT: /Target1/memdump/action memdump32 0xC0000028
CLI_OUTPUT: ret /Target1/memdump/action memdump32 0xC0000028 ==&gt; done OK retv 0 value 0x3017599f
SCR_OUTPUT: called ddal_rpram_set and verified with memdump:: 806836639 == 806836639 ==&gt; OK
CLI_OUTPUT: /Target1/rpram/action ddal_rpram_set DDAL_RPRAM_USER7 1291694931
CLI_OUTPUT: ret /Target1/rpram/action ddal_rpram_set DDAL_RPRAM_USER7 1291694931 ==&gt; done OK retv 0
CLI_OUTPUT: /Target1/memdump/action memdump32 0xC000002C
CLI_OUTPUT: ret /Target1/memdump/action memdump32 0xC000002C ==&gt; done OK retv 0 value 0x4cfdb353
SCR_OUTPUT: called ddal_rpram_set and verified with memdump:: 1291694931 == 1291694931 ==&gt; OK
CLI_OUTPUT: /Target1/rpram/action ddal_rpram_set DDAL_RPRAM_USER8 604601827
CLI_OUTPUT: ret /Target1/rpram/action ddal_rpram_set DDAL_RPRAM_USER8 604601827 ==&gt; done OK retv 0
CLI_OUTPUT: /Target1/memdump/action memdump32 0xC0000030
CLI_OUTPUT: ret /Target1/memdump/action memdump32 0xC0000030 ==&gt; done OK retv 0 value 0x24097de3
SCR_OUTPUT: called ddal_rpram_set and verified with memdump:: 604601827 == 604601827 ==&gt; OK
CLI_OUTPUT: /Target1/rpram/action ddal_rpram_set DDAL_RPRAM_USER9 1797806040
CLI_OUTPUT: ret /Target1/rpram/action ddal_rpram_set DDAL_RPRAM_USER9 1797806040 ==&gt; done OK retv 0
CLI_OUTPUT: /Target1/memdump/action memdump32 0xC0000034
CLI_OUTPUT: ret /Target1/memdump/action memdump32 0xC0000034 ==&gt; done OK retv 0 value 0x6b2857d8
SCR_OUTPUT: called ddal_rpram_set and verified with memdump:: 1797806040 == 1797806040 ==&gt; OK
CLI_OUTPUT: /Target1/rpram/action ddal_rpram_set DDAL_RPRAM_USER10 631301829
CLI_OUTPUT: ret /Target1/rpram/action ddal_rpram_set DDAL_RPRAM_USER10 631301829 ==&gt; done OK retv 0
CLI_OUTPUT: /Target1/memdump/action memdump32 0xC0000038
CLI_OUTPUT: ret /Target1/memdump/action memdump32 0xC0000038 ==&gt; done OK retv 0 value 0x25a0e6c5
SCR_OUTPUT: called ddal_rpram_set and verified with memdump:: 631301829 == 631301829 ==&gt; OK
CLI_OUTPUT: /Target1/rpram/action ddal_rpram_set DDAL_RPRAM_USER11 1720674238
CLI_OUTPUT: ret /Target1/rpram/action ddal_rpram_set DDAL_RPRAM_USER11 1720674238 ==&gt; done OK retv 0
CLI_OUTPUT: /Target1/memdump/action memdump32 0xC000003C
CLI_OUTPUT: ret /Target1/memdump/action memdump32 0xC000003C ==&gt; done OK retv 0 value 0x668f67be
SCR_OUTPUT: called ddal_rpram_set and verified with memdump:: 1720674238 == 1720674238 ==&gt; OK
CLI_OUTPUT: /Target1/rpram/action ddal_rpram_set DDAL_RPRAM_USER12 1357228401
CLI_OUTPUT: ret /Target1/rpram/action ddal_rpram_set DDAL_RPRAM_USER12 1357228401 ==&gt; done OK retv 0
CLI_OUTPUT: /Target1/memdump/action memdump32 0xC0000040
CLI_OUTPUT: ret /Target1/memdump/action memdump32 0xC0000040 ==&gt; done OK retv 0 value 0x50e5a971
SCR_OUTPUT: called ddal_rpram_set and verified with memdump:: 1357228401 == 1357228401 ==&gt; OK
CLI_OUTPUT: /Target1/rpram/action ddal_rpram_set DDAL_RPRAM_USER13 366521206
CLI_OUTPUT: ret /Target1/rpram/action ddal_rpram_set DDAL_RPRAM_USER13 366521206 ==&gt; done OK retv 0
CLI_OUTPUT: /Target1/memdump/action memdump32 0xC0000044
CLI_OUTPUT: ret /Target1/memdump/action memdump32 0xC0000044 ==&gt; done OK retv 0 value 0x15d8ab76
SCR_OUTPUT: called ddal_rpram_set and verified with memdump:: 366521206 == 366521206 ==&gt; OK
CLI_OUTPUT: /Target1/rpram/action ddal_rpram_set DDAL_RPRAM_USER14 1138843256
CLI_OUTPUT: ret /Target1/rpram/action ddal_rpram_set DDAL_RPRAM_USER14 1138843256 ==&gt; done OK retv 0
CLI_OUTPUT: /Target1/memdump/action memdump32 0xC0000048
CLI_OUTPUT: ret /Target1/memdump/action memdump32 0xC0000048 ==&gt; done OK retv 0 value 0x43e15e78
SCR_OUTPUT: called ddal_rpram_set and verified with memdump:: 1138843256 == 1138843256 ==&gt; OK
CLI_OUTPUT: /Target1/rpram/action ddal_rpram_set DDAL_RPRAM_USER15 16925108
CLI_OUTPUT: ret /Target1/rpram/action ddal_rpram_set DDAL_RPRAM_USER15 16925108 ==&gt; done OK retv 0
CLI_OUTPUT: /Target1/memdump/action memdump32 0xC000004C
CLI_OUTPUT: ret /Target1/memdump/action memdump32 0xC000004C ==&gt; done OK retv 0 value 0x010241b4
SCR_OUTPUT: called ddal_rpram_set and verified with memdump:: 16925108 == 16925108 ==&gt; OK
CLI_OUTPUT: /Target1/rpram/action ddal_rpram_set DDAL_RPRAM_HW_INIT_STORAGE 992465555
CLI_OUTPUT: ret /Target1/rpram/action ddal_rpram_set DDAL_RPRAM_HW_INIT_STORAGE 992465555 ==&gt; done OK retv 0
CLI_OUTPUT: /Target1/memdump/action memdump32 0xC0000020
CLI_OUTPUT: ret /Target1/memdump/action memdump32 0xC0000020 ==&gt; done OK retv 0 value 0x3b27d293
SCR_OUTPUT: called ddal_rpram_set and verified with memdump:: 992465555 == 992465555 ==&gt; OK
CLI_OUTPUT: /Target1/rpram/action ddal_rpram_set DDAL_RPRAM_RESET_TYPE 863163861
CLI_OUTPUT: ret /Target1/rpram/action ddal_rpram_set DDAL_RPRAM_RESET_TYPE 863163861 ==&gt; done OK retv 0
CLI_OUTPUT: /Target1/memdump/action memdump32 0xC0000018
CLI_OUTPUT: ret /Target1/memdump/action memdump32 0xC0000018 ==&gt; done OK retv 0 value 0x3372d5d5
SCR_OUTPUT: called ddal_rpram_set and verified with memdump:: 863163861 == 863163861 ==&gt; OK
CLI_OUTPUT: /Target1/rpram/action ddal_rpram_set DDAL_RPRAM_RESET_LOOP_COUNTER 943026759
CLI_OUTPUT: ret /Target1/rpram/action ddal_rpram_set DDAL_RPRAM_RESET_LOOP_COUNTER 943026759 ==&gt; done OK retv 0
CLI_OUTPUT: /Target1/memdump/action memdump32 0xC0000050
CLI_OUTPUT: ret /Target1/memdump/action memdump32 0xC0000050 ==&gt; done OK retv 0 value 0x38357247
SCR_OUTPUT: called ddal_rpram_set and verified with memdump:: 943026759 == 943026759 ==&gt; OK
CLI_OUTPUT: /Target1/rpram/action ddal_rpram_set DDAL_RPRAM_ISTI 1021490877
CLI_OUTPUT: ret /Target1/rpram/action ddal_rpram_set DDAL_RPRAM_ISTI 1021490877 ==&gt; done OK retv 0
CLI_OUTPUT: /Target1/memdump/action memdump32 0xC000001C
CLI_OUTPUT: ret /Target1/memdump/action memdump32 0xC000001C ==&gt; done OK retv 0 value 0x3ce2b6bd
SCR_OUTPUT: called ddal_rpram_set and verified with memdump:: 1021490877 == 1021490877 ==&gt; OK
CLI_OUTPUT: /Target1/rpram/action ddal_rpram_set DDAL_RPRAM_POR_MAGIC_LOW 1212962845
CLI_OUTPUT: ret /Target1/rpram/action ddal_rpram_set DDAL_RPRAM_POR_MAGIC_LOW 1212962845 ==&gt; done OK retv 0
CLI_OUTPUT: /Target1/memdump/action memdump32 0xC0000010
CLI_OUTPUT: ret /Target1/memdump/action memdump32 0xC0000010 ==&gt; done OK retv 0 value 0x484c581d
SCR_OUTPUT: called ddal_rpram_set and verified with memdump:: 1212962845 == 1212962845 ==&gt; OK
CLI_OUTPUT: /Target1/rpram/action ddal_rpram_set DDAL_RPRAM_POR_MAGIC_HIGH 204342171
CLI_OUTPUT: ret /Target1/rpram/action ddal_rpram_set DDAL_RPRAM_POR_MAGIC_HIGH 204342171 ==&gt; done OK retv 0
CLI_OUTPUT: /Target1/memdump/action memdump32 0xC0000014
CLI_OUTPUT: ret /Target1/memdump/action memdump32 0xC0000014 ==&gt; done OK retv 0 value 0x0c2e039b
SCR_OUTPUT: called ddal_rpram_set and verified with memdump:: 204342171 == 204342171 ==&gt; OK
SCR_OUTPUT: ##### Test Case End: TC_03100_001 PASSED (0)
</system-out>
</testcase>

<testcase classname="HW_03100_basic_rpram_tests" name="TC_03100_001 successful ddal_rpram_set calls_1" time="1">
<system-out>
SCR_OUTPUT: ##### Test Case Start: TC_03100_001  successful ddal_rpram_set calls
CLI_OUTPUT: /Target1/rpram/action ddal_rpram_set DDAL_RPRAM_USER1 984906342
CLI_OUTPUT: ret /Target1/rpram/action ddal_rpram_set DDAL_RPRAM_USER1 984906342 ==&gt; done OK retv 0
CLI_OUTPUT: /Target1/memdump/action memdump32 0xC0000000
CLI_OUTPUT: ret /Target1/memdump/action memdump32 0xC0000000 ==&gt; done OK retv 0 value 0x3ab47a66
SCR_OUTPUT: called ddal_rpram_set and verified with memdump:: 984906342 == 984906342 ==&gt; OK
CLI_OUTPUT: /Target1/rpram/action ddal_rpram_set DDAL_RPRAM_USER2 517006144
CLI_OUTPUT: ret /Target1/rpram/action ddal_rpram_set DDAL_RPRAM_USER2 517006144 ==&gt; done OK retv 0
CLI_OUTPUT: /Target1/memdump/action memdump32 0xC0000004
CLI_OUTPUT: ret /Target1/memdump/action memdump32 0xC0000004 ==&gt; done OK retv 0 value 0x1ed0e340
SCR_OUTPUT: called ddal_rpram_set and verified with memdump:: 517006144 == 517006144 ==&gt; OK
CLI_OUTPUT: /Target1/rpram/action ddal_rpram_set DDAL_RPRAM_USER3 603460058
CLI_OUTPUT: ret /Target1/rpram/action ddal_rpram_set DDAL_RPRAM_USER3 603460058 ==&gt; done OK retv 0
CLI_OUTPUT: /Target1/memdump/action memdump32 0xC0000008
CLI_OUTPUT: ret /Target1/memdump/action memdump32 0xC0000008 ==&gt; done OK retv 0 value 0x23f811da
SCR_OUTPUT: called ddal_rpram_set and verified with memdump:: 603460058 == 603460058 ==&gt; OK
CLI_OUTPUT: /Target1/rpram/action ddal_rpram_set DDAL_RPRAM_USER4 1935447279
CLI_OUTPUT: ret /Target1/rpram/action ddal_rpram_set DDAL_RPRAM_USER4 1935447279 ==&gt; done OK retv 0
CLI_OUTPUT: /Target1/memdump/action memdump32 0xC000000C
CLI_OUTPUT: ret /Target1/memdump/action memdump32 0xC000000C ==&gt; done OK retv 0 value 0x735c94ef
SCR_OUTPUT: called ddal_rpram_set and verified with memdump:: 1935447279 == 1935447279 ==&gt; OK
CLI_OUTPUT: /Target1/rpram/action ddal_rpram_set DDAL_RPRAM_USER5 1127734689
CLI_OUTPUT: ret /Target1/rpram/action ddal_rpram_set DDAL_RPRAM_USER5 1127734689 ==&gt; done OK retv 0
CLI_OUTPUT: /Target1/memdump/action memdump32 0xC0000024
CLI_OUTPUT: ret /Target1/memdump/action memdump32 0xC0000024 ==&gt; done OK retv 0 value 0x4337dda1
SCR_OUTPUT: called ddal_rpram_set and verified with memdump:: 1127734689 == 1127734689 ==&gt; OK
CLI_OUTPUT: /Target1/rpram/action ddal_rpram_set DDAL_RPRAM_USER6 146316828
CLI_OUTPUT: ret /Target1/rpram/action ddal_rpram_set DDAL_RPRAM_USER6 146316828 ==&gt; done OK retv 0
CLI_OUTPUT: /Target1/memdump/action memdump32 0xC0000028
CLI_OUTPUT: ret /Target1/memdump/action memdump32 0xC0000028 ==&gt; done OK retv 0 value 0x08b89e1c
SCR_OUTPUT: called ddal_rpram_set and verified with memdump:: 146316828 == 146316828 ==&gt; OK
CLI_OUTPUT: /Target1/rpram/action ddal_rpram_set DDAL_RPRAM_USER7 278169187
CLI_OUTPUT: ret /Target1/rpram/action ddal_rpram_set DDAL_RPRAM_USER7 278169187 ==&gt; done OK retv 0
CLI_OUTPUT: /Target1/memdump/action memdump32 0xC000002C
CLI_OUTPUT: ret /Target1/memdump/action memdump32 0xC000002C ==&gt; done OK retv 0 value 0x10948663
SCR_OUTPUT: called ddal_rpram_set and verified with memdump:: 278169187 == 278169187 ==&gt; OK
CLI_OUTPUT: /Target1/rpram/action ddal_rpram_set DDAL_RPRAM_USER8 117643196
CLI_OUTPUT: ret /Target1/rpram/action ddal_rpram_set DDAL_RPRAM_USER8 117643196 ==&gt; done OK retv 0
CLI_OUTPUT: /Target1/memdump/action memdump32 0xC0000030
CLI_OUTPUT: ret /Target1/memdump/action memdump32 0xC0000030 ==&gt; done OK retv 0 value 0x070317bc
SCR_OUTPUT: called ddal_rpram_set and verified with memdump:: 117643196 == 117643196 ==&gt; OK
CLI_OUTPUT: /Target1/rpram/action ddal_rpram_set DDAL_RPRAM_USER9 1544256733
CLI_OUTPUT: ret /Target1/rpram/action ddal_rpram_set DDAL_RPRAM_USER9 1544256733 ==&gt; done OK retv 0
CLI_OUTPUT: /Target1/memdump/action memdump32 0xC0000034
CLI_OUTPUT: ret /Target1/memdump/action memdump32 0xC0000034 ==&gt; done OK retv 0 value 0x5c0b7cdd
SCR_OUTPUT: called ddal_rpram_set and verified with memdump:: 1544256733 == 1544256733 ==&gt; OK
CLI_OUTPUT: /Target1/rpram/action ddal_rpram_set DDAL_RPRAM_USER10 1983138371
CLI_OUTPUT: ret /Target1/rpram/action ddal_rpram_set DDAL_RPRAM_USER10 1983138371 ==&gt; done OK retv 0
CLI_OUTPUT: /Target1/memdump/action memdump32 0xC0000038
CLI_OUTPUT: ret /Target1/memdump/action memdump32 0xC0000038 ==&gt; done OK retv 0 value 0x76344a43
SCR_OUTPUT: called ddal_rpram_set and verified with memdump:: 1983138371 == 1983138371 ==&gt; OK
CLI_OUTPUT: /Target1/rpram/action ddal_rpram_set DDAL_RPRAM_USER11 1660517600
CLI_OUTPUT: ret /Target1/rpram/action ddal_rpram_set DDAL_RPRAM_USER11 1660517600 ==&gt; done OK retv 0
CLI_OUTPUT: /Target1/memdump/action memdump32 0xC000003C
CLI_OUTPUT: ret /Target1/memdump/action memdump32 0xC000003C ==&gt; done OK retv 0 value 0x62f97ce0
SCR_OUTPUT: called ddal_rpram_set and verified with memdump:: 1660517600 == 1660517600 ==&gt; OK
CLI_OUTPUT: /Target1/rpram/action ddal_rpram_set DDAL_RPRAM_USER12 1769411271
CLI_OUTPUT: ret /Target1/rpram/action ddal_rpram_set DDAL_RPRAM_USER12 1769411271 ==&gt; done OK retv 0
CLI_OUTPUT: /Target1/memdump/action memdump32 0xC0000040
CLI_OUTPUT: ret /Target1/memdump/action memdump32 0xC0000040 ==&gt; done OK retv 0 value 0x697712c7
SCR_OUTPUT: called ddal_rpram_set and verified with memdump:: 1769411271 == 1769411271 ==&gt; OK
CLI_OUTPUT: /Target1/rpram/action ddal_rpram_set DDAL_RPRAM_USER13 141788882
CLI_OUTPUT: ret /Target1/rpram/action ddal_rpram_set DDAL_RPRAM_USER13 141788882 ==&gt; done OK retv 0
CLI_OUTPUT: /Target1/memdump/action memdump32 0xC0000044
CLI_OUTPUT: ret /Target1/memdump/action memdump32 0xC0000044 ==&gt; done OK retv 0 value 0x087386d2
SCR_OUTPUT: called ddal_rpram_set and verified with memdump:: 141788882 == 141788882 ==&gt; OK
CLI_OUTPUT: /Target1/rpram/action ddal_rpram_set DDAL_RPRAM_USER14 1486392053
CLI_OUTPUT: ret /Target1/rpram/action ddal_rpram_set DDAL_RPRAM_USER14 1486392053 ==&gt; done OK retv 0
CLI_OUTPUT: /Target1/memdump/action memdump32 0xC0000048
CLI_OUTPUT: ret /Target1/memdump/action memdump32 0xC0000048 ==&gt; done OK retv 0 value 0x58988af5
SCR_OUTPUT: called ddal_rpram_set and verified with memdump:: 1486392053 == 1486392053 ==&gt; OK
CLI_OUTPUT: /Target1/rpram/action ddal_rpram_set DDAL_RPRAM_USER15 114053254
CLI_OUTPUT: ret /Target1/rpram/action ddal_rpram_set DDAL_RPRAM_USER15 114053254 ==&gt; done OK retv 0
CLI_OUTPUT: /Target1/memdump/action memdump32 0xC000004C
CLI_OUTPUT: ret /Target1/memdump/action memdump32 0xC000004C ==&gt; done OK retv 0 value 0x06cc5086
SCR_OUTPUT: called ddal_rpram_set and verified with memdump:: 114053254 == 114053254 ==&gt; OK
CLI_OUTPUT: /Target1/rpram/action ddal_rpram_set DDAL_RPRAM_HW_INIT_STORAGE 1337643656
CLI_OUTPUT: ret /Target1/rpram/action ddal_rpram_set DDAL_RPRAM_HW_INIT_STORAGE 1337643656 ==&gt; done OK retv 0
CLI_OUTPUT: /Target1/memdump/action memdump32 0xC0000020
CLI_OUTPUT: ret /Target1/memdump/action memdump32 0xC0000020 ==&gt; done OK retv 0 value 0x4fbad288
SCR_OUTPUT: called ddal_rpram_set and verified with memdump:: 1337643656 == 1337643656 ==&gt; OK
CLI_OUTPUT: /Target1/rpram/action ddal_rpram_set DDAL_RPRAM_RESET_TYPE 1918193624
CLI_OUTPUT: ret /Target1/rpram/action ddal_rpram_set DDAL_RPRAM_RESET_TYPE 1918193624 ==&gt; done OK retv 0
CLI_OUTPUT: /Target1/memdump/action memdump32 0xC0000018
CLI_OUTPUT: ret /Target1/memdump/action memdump32 0xC0000018 ==&gt; done OK retv 0 value 0x72554fd8
SCR_OUTPUT: called ddal_rpram_set and verified with memdump:: 1918193624 == 1918193624 ==&gt; OK
CLI_OUTPUT: /Target1/rpram/action ddal_rpram_set DDAL_RPRAM_RESET_LOOP_COUNTER 1055847449
CLI_OUTPUT: ret /Target1/rpram/action ddal_rpram_set DDAL_RPRAM_RESET_LOOP_COUNTER 1055847449 ==&gt; done OK retv 0
CLI_OUTPUT: /Target1/memdump/action memdump32 0xC0000050
CLI_OUTPUT: ret /Target1/memdump/action memdump32 0xC0000050 ==&gt; done OK retv 0 value 0x3eeef419
SCR_OUTPUT: called ddal_rpram_set and verified with memdump:: 1055847449 == 1055847449 ==&gt; OK
CLI_OUTPUT: /Target1/rpram/action ddal_rpram_set DDAL_RPRAM_ISTI 970767406
CLI_OUTPUT: ret /Target1/rpram/action ddal_rpram_set DDAL_RPRAM_ISTI 970767406 ==&gt; done OK retv 0
CLI_OUTPUT: /Target1/memdump/action memdump32 0xC000001C
CLI_OUTPUT: ret /Target1/memdump/action memdump32 0xC000001C ==&gt; done OK retv 0 value 0x39dcbc2e
SCR_OUTPUT: called ddal_rpram_set and verified with memdump:: 970767406 == 970767406 ==&gt; OK
CLI_OUTPUT: /Target1/rpram/action ddal_rpram_set DDAL_RPRAM_POR_MAGIC_LOW 1254593606
CLI_OUTPUT: ret /Target1/rpram/action ddal_rpram_set DDAL_RPRAM_POR_MAGIC_LOW 1254593606 ==&gt; done OK retv 0
CLI_OUTPUT: /Target1/memdump/action memdump32 0xC0000010
CLI_OUTPUT: ret /Target1/memdump/action memdump32 0xC0000010 ==&gt; done OK retv 0 value 0x4ac79446
SCR_OUTPUT: called ddal_rpram_set and verified with memdump:: 1254593606 == 1254593606 ==&gt; OK
CLI_OUTPUT: /Target1/rpram/action ddal_rpram_set DDAL_RPRAM_POR_MAGIC_HIGH 1960373824
CLI_OUTPUT: ret /Target1/rpram/action ddal_rpram_set DDAL_RPRAM_POR_MAGIC_HIGH 1960373824 ==&gt; done OK retv 0
CLI_OUTPUT: /Target1/memdump/action memdump32 0xC0000014
CLI_OUTPUT: ret /Target1/memdump/action memdump32 0xC0000014 ==&gt; done OK retv 0 value 0x74d8ee40
SCR_OUTPUT: called ddal_rpram_set and verified with memdump:: 1960373824 == 1960373824 ==&gt; OK
SCR_OUTPUT: ##### Test Case End: TC_03100_001 PASSED (0)
</system-out>
</testcase>

<testcase classname="HW_03100_basic_rpram_tests" name="TC_03100_001 successful ddal_rpram_set calls_2" time="1">
<system-out>
SCR_OUTPUT: ##### Test Case Start: TC_03100_001  successful ddal_rpram_set calls
CLI_OUTPUT: /Target1/rpram/action ddal_rpram_set DDAL_RPRAM_USER1 1560707314
CLI_OUTPUT: ret /Target1/rpram/action ddal_rpram_set DDAL_RPRAM_USER1 1560707314 ==&gt; done OK retv 0
CLI_OUTPUT: /Target1/memdump/action memdump32 0xC0000000
CLI_OUTPUT: ret /Target1/memdump/action memdump32 0xC0000000 ==&gt; done OK retv 0 value 0x5d0680f2
SCR_OUTPUT: called ddal_rpram_set and verified with memdump:: 1560707314 == 1560707314 ==&gt; OK
CLI_OUTPUT: /Target1/rpram/action ddal_rpram_set DDAL_RPRAM_USER2 1442662777
CLI_OUTPUT: ret /Target1/rpram/action ddal_rpram_set DDAL_RPRAM_USER2 1442662777 ==&gt; done OK retv 0
CLI_OUTPUT: /Target1/memdump/action memdump32 0xC0000004
CLI_OUTPUT: ret /Target1/memdump/action memdump32 0xC0000004 ==&gt; done OK retv 0 value 0x55fd4979
SCR_OUTPUT: called ddal_rpram_set and verified with memdump:: 1442662777 == 1442662777 ==&gt; OK
CLI_OUTPUT: /Target1/rpram/action ddal_rpram_set DDAL_RPRAM_USER3 1743002438
CLI_OUTPUT: ret /Target1/rpram/action ddal_rpram_set DDAL_RPRAM_USER3 1743002438 ==&gt; done OK retv 0
CLI_OUTPUT: /Target1/memdump/action memdump32 0xC0000008
CLI_OUTPUT: ret /Target1/memdump/action memdump32 0xC0000008 ==&gt; done OK retv 0 value 0x67e41b46
SCR_OUTPUT: called ddal_rpram_set and verified with memdump:: 1743002438 == 1743002438 ==&gt; OK
CLI_OUTPUT: /Target1/rpram/action ddal_rpram_set DDAL_RPRAM_USER4 817647578
CLI_OUTPUT: ret /Target1/rpram/action ddal_rpram_set DDAL_RPRAM_USER4 817647578 ==&gt; done OK retv 0
CLI_OUTPUT: /Target1/memdump/action memdump32 0xC000000C
CLI_OUTPUT: ret /Target1/memdump/action memdump32 0xC000000C ==&gt; done OK retv 0 value 0x30bc4fda
SCR_OUTPUT: called ddal_rpram_set and verified with memdump:: 817647578 == 817647578 ==&gt; OK
CLI_OUTPUT: /Target1/rpram/action ddal_rpram_set DDAL_RPRAM_USER5 455036712
CLI_OUTPUT: ret /Target1/rpram/action ddal_rpram_set DDAL_RPRAM_USER5 455036712 ==&gt; done OK retv 0
CLI_OUTPUT: /Target1/memdump/action memdump32 0xC0000024
CLI_OUTPUT: ret /Target1/memdump/action memdump32 0xC0000024 ==&gt; done OK retv 0 value 0x1b1f4f28
SCR_OUTPUT: called ddal_rpram_set and verified with memdump:: 455036712 == 455036712 ==&gt; OK
CLI_OUTPUT: /Target1/rpram/action ddal_rpram_set DDAL_RPRAM_USER6 612785229
CLI_OUTPUT: ret /Target1/rpram/action ddal_rpram_set DDAL_RPRAM_USER6 612785229 ==&gt; done OK retv 0
CLI_OUTPUT: /Target1/memdump/action memdump32 0xC0000028
CLI_OUTPUT: ret /Target1/memdump/action memdump32 0xC0000028 ==&gt; done OK retv 0 value 0x24865c4d
SCR_OUTPUT: called ddal_rpram_set and verified with memdump:: 612785229 == 612785229 ==&gt; OK
CLI_OUTPUT: /Target1/rpram/action ddal_rpram_set DDAL_RPRAM_USER7 1897290045
CLI_OUTPUT: ret /Target1/rpram/action ddal_rpram_set DDAL_RPRAM_USER7 1897290045 ==&gt; done OK retv 0
CLI_OUTPUT: /Target1/memdump/action memdump32 0xC000002C
CLI_OUTPUT: ret /Target1/memdump/action memdump32 0xC000002C ==&gt; done OK retv 0 value 0x7116593d
SCR_OUTPUT: called ddal_rpram_set and verified with memdump:: 1897290045 == 1897290045 ==&gt; OK
CLI_OUTPUT: /Target1/rpram/action ddal_rpram_set DDAL_RPRAM_USER8 1916713301
CLI_OUTPUT: ret /Target1/rpram/action ddal_rpram_set DDAL_RPRAM_USER8 1916713301 ==&gt; done OK retv 0
CLI_OUTPUT: /Target1/memdump/action memdump32 0xC0000030
CLI_OUTPUT: ret /Target1/memdump/action memdump32 0xC0000030 ==&gt; done OK retv 0 value 0x723eb955
SCR_OUTPUT: called ddal_rpram_set and verified with memdump:: 1916713301 == 1916713301 ==&gt; OK
CLI_OUTPUT: /Target1/rpram/action ddal_rpram_set DDAL_RPRAM_USER9 1945862549
CLI_OUTPUT: ret /Target1/rpram/action ddal_rpram_set DDAL_RPRAM_USER9 1945862549 ==&gt; done OK retv 0
CLI_OUTPUT: /Target1/memdump/action memdump32 0xC0000034
CLI_OUTPUT: ret /Target1/memdump/action memdump32 0xC0000034 ==&gt; done OK retv 0 value 0x73fb8195
SCR_OUTPUT: called ddal_rpram_set and verified with memdump:: 1945862549 == 1945862549 ==&gt; OK
CLI_OUTPUT: /Target1/rpram/action ddal_rpram_set DDAL_RPRAM_USER10 83518528
CLI_OUTPUT: ret /Target1/rpram/action ddal_rpram_set DDAL_RPRAM_USER10 83518528 ==&gt; done OK retv 0
CLI_OUTPUT: /Target1/memdump/action memdump32 0xC0000038
CLI_OUTPUT: ret /Target1/memdump/action memdump32 0xC0000038 ==&gt; done OK retv 0 value 0x04fa6440
SCR_OUTPUT: called ddal_rpram_set and verified with memdump:: 83518528 == 83518528 ==&gt; OK
CLI_OUTPUT: /Target1/rpram/action ddal_rpram_set DDAL_RPRAM_USER11 1389095407
CLI_OUTPUT: ret /Target1/rpram/action ddal_rpram_set DDAL_RPRAM_USER11 1389095407 ==&gt; done OK retv 0
CLI_OUTPUT: /Target1/memdump/action memdump32 0xC000003C
CLI_OUTPUT: ret /Target1/memdump/action memdump32 0xC000003C ==&gt; done OK retv 0 value 0x52cbe9ef
SCR_OUTPUT: called ddal_rpram_set and verified with memdump:: 1389095407 == 1389095407 ==&gt; OK
CLI_OUTPUT: /Target1/rpram/action ddal_rpram_set DDAL_RPRAM_USER12 1231862942
CLI_OUTPUT: ret /Target1/rpram/action ddal_rpram_set DDAL_RPRAM_USER12 1231862942 ==&gt; done OK retv 0
CLI_OUTPUT: /Target1/memdump/action memdump32 0xC0000040
CLI_OUTPUT: ret /Target1/memdump/action memdump32 0xC0000040 ==&gt; done OK retv 0 value 0x496cbc9e
SCR_OUTPUT: called ddal_rpram_set and verified with memdump:: 1231862942 == 1231862942 ==&gt; OK
CLI_OUTPUT: /Target1/rpram/action ddal_rpram_set DDAL_RPRAM_USER13 30709501
CLI_OUTPUT: ret /Target1/rpram/action ddal_rpram_set DDAL_RPRAM_USER13 30709501 ==&gt; done OK retv 0
CLI_OUTPUT: /Target1/memdump/action memdump32 0xC0000044
CLI_OUTPUT: ret /Target1/memdump/action memdump32 0xC0000044 ==&gt; done OK retv 0 value 0x01d496fd
SCR_OUTPUT: called ddal_rpram_set and verified with memdump:: 30709501 == 30709501 ==&gt; OK
CLI_OUTPUT: /Target1/rpram/action ddal_rpram_set DDAL_RPRAM_USER14 738524831
CLI_OUTPUT: ret /Target1/rpram/action ddal_rpram_set DDAL_RPRAM_USER14 738524831 ==&gt; done OK retv 0
CLI_OUTPUT: /Target1/memdump/action memdump32 0xC0000048
CLI_OUTPUT: ret /Target1/memdump/action memdump32 0xC0000048 ==&gt; done OK retv 0 value 0x2c04fe9f
SCR_OUTPUT: called ddal_rpram_set and verified with memdump:: 738524831 == 738524831 ==&gt; OK
CLI_OUTPUT: /Target1/rpram/action ddal_rpram_set DDAL_RPRAM_USER15 2078889018
CLI_OUTPUT: ret /Target1/rpram/action ddal_rpram_set DDAL_RPRAM_USER15 2078889018 ==&gt; done OK retv 0
CLI_OUTPUT: /Target1/memdump/action memdump32 0xC000004C
CLI_OUTPUT: ret /Target1/memdump/action memdump32 0xC000004C ==&gt; done OK retv 0 value 0x7be9543a
SCR_OUTPUT: called ddal_rpram_set and verified with memdump:: 2078889018 == 2078889018 ==&gt; OK
CLI_OUTPUT: /Target1/rpram/action ddal_rpram_set DDAL_RPRAM_HW_INIT_STORAGE 328906483
CLI_OUTPUT: ret /Target1/rpram/action ddal_rpram_set DDAL_RPRAM_HW_INIT_STORAGE 328906483 ==&gt; done OK retv 0
CLI_OUTPUT: /Target1/memdump/action memdump32 0xC0000020
CLI_OUTPUT: ret /Target1/memdump/action memdump32 0xC0000020 ==&gt; done OK retv 0 value 0x139ab6f3
SCR_OUTPUT: called ddal_rpram_set and verified with memdump:: 328906483 == 328906483 ==&gt; OK
CLI_OUTPUT: /Target1/rpram/action ddal_rpram_set DDAL_RPRAM_RESET_TYPE 308386015
CLI_OUTPUT: ret /Target1/rpram/action ddal_rpram_set DDAL_RPRAM_RESET_TYPE 308386015 ==&gt; done OK retv 0
CLI_OUTPUT: /Target1/memdump/action memdump32 0xC0000018
CLI_OUTPUT: ret /Target1/memdump/action memdump32 0xC0000018 ==&gt; done OK retv 0 value 0x126198df
SCR_OUTPUT: called ddal_rpram_set and verified with memdump:: 308386015 == 308386015 ==&gt; OK
CLI_OUTPUT: /Target1/rpram/action ddal_rpram_set DDAL_RPRAM_RESET_LOOP_COUNTER 1165747504
CLI_OUTPUT: ret /Target1/rpram/action ddal_rpram_set DDAL_RPRAM_RESET_LOOP_COUNTER 1165747504 ==&gt; done OK retv 0
CLI_OUTPUT: /Target1/memdump/action memdump32 0xC0000050
CLI_OUTPUT: ret /Target1/memdump/action memdump32 0xC0000050 ==&gt; done OK retv 0 value 0x457be530
SCR_OUTPUT: called ddal_rpram_set and verified with memdump:: 1165747504 == 1165747504 ==&gt; OK
CLI_OUTPUT: /Target1/rpram/action ddal_rpram_set DDAL_RPRAM_ISTI 1225055371
CLI_OUTPUT: ret /Target1/rpram/action ddal_rpram_set DDAL_RPRAM_ISTI 1225055371 ==&gt; done OK retv 0
CLI_OUTPUT: /Target1/memdump/action memdump32 0xC000001C
CLI_OUTPUT: ret /Target1/memdump/action memdump32 0xC000001C ==&gt; done OK retv 0 value 0x4904dc8b
SCR_OUTPUT: called ddal_rpram_set and verified with memdump:: 1225055371 == 1225055371 ==&gt; OK
CLI_OUTPUT: /Target1/rpram/action ddal_rpram_set DDAL_RPRAM_POR_MAGIC_LOW 1579963830
CLI_OUTPUT: ret /Target1/rpram/action ddal_rpram_set DDAL_RPRAM_POR_MAGIC_LOW 1579963830 ==&gt; done OK retv 0
CLI_OUTPUT: /Target1/memdump/action memdump32 0xC0000010
CLI_OUTPUT: ret /Target1/memdump/action memdump32 0xC0000010 ==&gt; done OK retv 0 value 0x5e2c55b6
SCR_OUTPUT: called ddal_rpram_set and verified with memdump:: 1579963830 == 1579963830 ==&gt; OK
CLI_OUTPUT: /Target1/rpram/action ddal_rpram_set DDAL_RPRAM_POR_MAGIC_HIGH 816896494
CLI_OUTPUT: ret /Target1/rpram/action ddal_rpram_set DDAL_RPRAM_POR_MAGIC_HIGH 816896494 ==&gt; done OK retv 0
CLI_OUTPUT: /Target1/memdump/action memdump32 0xC0000014
CLI_OUTPUT: ret /Target1/memdump/action memdump32 0xC0000014 ==&gt; done OK retv 0 value 0x30b0d9ee
SCR_OUTPUT: called ddal_rpram_set and verified with memdump:: 816896494 == 816896494 ==&gt; OK
SCR_OUTPUT: ##### Test Case End: TC_03100_001 PASSED (0)
</system-out>
</testcase>

<testcase classname="HW_03100_basic_rpram_tests" name="TC_03100_001 successful ddal_rpram_set calls_3" time="1">
<system-out>
SCR_OUTPUT: ##### Test Case Start: TC_03100_001  successful ddal_rpram_set calls
CLI_OUTPUT: /Target1/rpram/action ddal_rpram_set DDAL_RPRAM_USER1 782894838
CLI_OUTPUT: ret /Target1/rpram/action ddal_rpram_set DDAL_RPRAM_USER1 782894838 ==&gt; done OK retv 0
CLI_OUTPUT: /Target1/memdump/action memdump32 0xC0000000
CLI_OUTPUT: ret /Target1/memdump/action memdump32 0xC0000000 ==&gt; done OK retv 0 value 0x2eaa06f6
SCR_OUTPUT: called ddal_rpram_set and verified with memdump:: 782894838 == 782894838 ==&gt; OK
CLI_OUTPUT: /Target1/rpram/action ddal_rpram_set DDAL_RPRAM_USER2 481287516
CLI_OUTPUT: ret /Target1/rpram/action ddal_rpram_set DDAL_RPRAM_USER2 481287516 ==&gt; done OK retv 0
CLI_OUTPUT: /Target1/memdump/action memdump32 0xC0000004
CLI_OUTPUT: ret /Target1/memdump/action memdump32 0xC0000004 ==&gt; done OK retv 0 value 0x1cafdd5c
SCR_OUTPUT: called ddal_rpram_set and verified with memdump:: 481287516 == 481287516 ==&gt; OK
CLI_OUTPUT: /Target1/rpram/action ddal_rpram_set DDAL_RPRAM_USER3 1575900418
CLI_OUTPUT: ret /Target1/rpram/action ddal_rpram_set DDAL_RPRAM_USER3 1575900418 ==&gt; done OK retv 0
CLI_OUTPUT: /Target1/memdump/action memdump32 0xC0000008
CLI_OUTPUT: ret /Target1/memdump/action memdump32 0xC0000008 ==&gt; done OK retv 0 value 0x5dee5502
SCR_OUTPUT: called ddal_rpram_set and verified with memdump:: 1575900418 == 1575900418 ==&gt; OK
CLI_OUTPUT: /Target1/rpram/action ddal_rpram_set DDAL_RPRAM_USER4 1242607712
CLI_OUTPUT: ret /Target1/rpram/action ddal_rpram_set DDAL_RPRAM_USER4 1242607712 ==&gt; done OK retv 0
CLI_OUTPUT: /Target1/memdump/action memdump32 0xC000000C
CLI_OUTPUT: ret /Target1/memdump/action memdump32 0xC000000C ==&gt; done OK retv 0 value 0x4a10b060
SCR_OUTPUT: called ddal_rpram_set and verified with memdump:: 1242607712 == 1242607712 ==&gt; OK
CLI_OUTPUT: /Target1/rpram/action ddal_rpram_set DDAL_RPRAM_USER5 229432543
CLI_OUTPUT: ret /Target1/rpram/action ddal_rpram_set DDAL_RPRAM_USER5 229432543 ==&gt; done OK retv 0
CLI_OUTPUT: /Target1/memdump/action memdump32 0xC0000024
CLI_OUTPUT: ret /Target1/memdump/action memdump32 0xC0000024 ==&gt; done OK retv 0 value 0x0dacdcdf
SCR_OUTPUT: called ddal_rpram_set and verified with memdump:: 229432543 == 229432543 ==&gt; OK
CLI_OUTPUT: /Target1/rpram/action ddal_rpram_set DDAL_RPRAM_USER6 1339620638
CLI_OUTPUT: ret /Target1/rpram/action ddal_rpram_set DDAL_RPRAM_USER6 1339620638 ==&gt; done OK retv 0
CLI_OUTPUT: /Target1/memdump/action memdump32 0xC0000028
CLI_OUTPUT: ret /Target1/memdump/action memdump32 0xC0000028 ==&gt; done OK retv 0 value 0x4fd8fd1e
SCR_OUTPUT: called ddal_rpram_set and verified with memdump:: 1339620638 == 1339620638 ==&gt; OK
CLI_OUTPUT: /Target1/rpram/action ddal_rpram_set DDAL_RPRAM_USER7 785591750
CLI_OUTPUT: ret /Target1/rpram/action ddal_rpram_set DDAL_RPRAM_USER7 785591750 ==&gt; done OK retv 0
CLI_OUTPUT: /Target1/memdump/action memdump32 0xC000002C
CLI_OUTPUT: ret /Target1/memdump/action memdump32 0xC000002C ==&gt; done OK retv 0 value 0x2ed32dc6
SCR_OUTPUT: called ddal_rpram_set and verified with memdump:: 785591750 == 785591750 ==&gt; OK
CLI_OUTPUT: /Target1/rpram/action ddal_rpram_set DDAL_RPRAM_USER8 711130912
CLI_OUTPUT: ret /Target1/rpram/action ddal_rpram_set DDAL_RPRAM_USER8 711130912 ==&gt; done OK retv 0
CLI_OUTPUT: /Target1/memdump/action memdump32 0xC0000030
CLI_OUTPUT: ret /Target1/memdump/action memdump32 0xC0000030 ==&gt; done OK retv 0 value 0x2a62ff20
SCR_OUTPUT: called ddal_rpram_set and verified with memdump:: 711130912 == 711130912 ==&gt; OK
CLI_OUTPUT: /Target1/rpram/action ddal_rpram_set DDAL_RPRAM_USER9 1230792845
CLI_OUTPUT: ret /Target1/rpram/action ddal_rpram_set DDAL_RPRAM_USER9 1230792845 ==&gt; done OK retv 0
CLI_OUTPUT: /Target1/memdump/action memdump32 0xC0000034
CLI_OUTPUT: ret /Target1/memdump/action memdump32 0xC0000034 ==&gt; done OK retv 0 value 0x495c688d
SCR_OUTPUT: called ddal_rpram_set and verified with memdump:: 1230792845 == 1230792845 ==&gt; OK
CLI_OUTPUT: /Target1/rpram/action ddal_rpram_set DDAL_RPRAM_USER10 1372942041
CLI_OUTPUT: ret /Target1/rpram/action ddal_rpram_set DDAL_RPRAM_USER10 1372942041 ==&gt; done OK retv 0
CLI_OUTPUT: /Target1/memdump/action memdump32 0xC0000038
CLI_OUTPUT: ret /Target1/memdump/action memdump32 0xC0000038 ==&gt; done OK retv 0 value 0x51d56ed9
SCR_OUTPUT: called ddal_rpram_set and verified with memdump:: 1372942041 == 1372942041 ==&gt; OK
CLI_OUTPUT: /Target1/rpram/action ddal_rpram_set DDAL_RPRAM_USER11 325180105
CLI_OUTPUT: ret /Target1/rpram/action ddal_rpram_set DDAL_RPRAM_USER11 325180105 ==&gt; done OK retv 0
CLI_OUTPUT: /Target1/memdump/action memdump32 0xC000003C
CLI_OUTPUT: ret /Target1/memdump/action memdump32 0xC000003C ==&gt; done OK retv 0 value 0x1361dac9
SCR_OUTPUT: called ddal_rpram_set and verified with memdump:: 325180105 == 325180105 ==&gt; OK
CLI_OUTPUT: /Target1/rpram/action ddal_rpram_set DDAL_RPRAM_USER12 2103660374
CLI_OUTPUT: ret /Target1/rpram/action ddal_rpram_set DDAL_RPRAM_USER12 2103660374 ==&gt; done OK retv 0
CLI_OUTPUT: /Target1/memdump/action memdump32 0xC0000040
CLI_OUTPUT: ret /Target1/memdump/action memdump32 0xC0000040 ==&gt; done OK retv 0 value 0x7d634f56
SCR_OUTPUT: called ddal_rpram_set and verified with memdump:: 2103660374 == 2103660374 ==&gt; OK
CLI_OUTPUT: /Target1/rpram/action ddal_rpram_set DDAL_RPRAM_USER13 49259258
CLI_OUTPUT: ret /Target1/rpram/action ddal_rpram_set DDAL_RPRAM_USER13 49259258 ==&gt; done OK retv 0
CLI_OUTPUT: /Target1/memdump/action memdump32 0xC0000044
CLI_OUTPUT: ret /Target1/memdump/action memdump32 0xC0000044 ==&gt; done OK retv 0 value 0x02efa2fa
SCR_OUTPUT: called ddal_rpram_set and verified with memdump:: 49259258 == 49259258 ==&gt; OK
CLI_OUTPUT: /Target1/rpram/action ddal_rpram_set DDAL_RPRAM_USER14 1119161914
CLI_OUTPUT: ret /Target1/rpram/action ddal_rpram_set DDAL_RPRAM_USER14 1119161914 ==&gt; done OK retv 0
CLI_OUTPUT: /Target1/memdump/action memdump32 0xC0000048
CLI_OUTPUT: ret /Target1/memdump/action memdump32 0xC0000048 ==&gt; done OK retv 0 value 0x42b50e3a
SCR_OUTPUT: called ddal_rpram_set and verified with memdump:: 1119161914 == 1119161914 ==&gt; OK
CLI_OUTPUT: /Target1/rpram/action ddal_rpram_set DDAL_RPRAM_USER15 2092575393
CLI_OUTPUT: ret /Target1/rpram/action ddal_rpram_set DDAL_RPRAM_USER15 2092575393 ==&gt; done OK retv 0
CLI_OUTPUT: /Target1/memdump/action memdump32 0xC000004C
CLI_OUTPUT: ret /Target1/memdump/action memdump32 0xC000004C ==&gt; done OK retv 0 value 0x7cba2aa1
SCR_OUTPUT: called ddal_rpram_set and verified with memdump:: 2092575393 == 2092575393 ==&gt; OK
CLI_OUTPUT: /Target1/rpram/action ddal_rpram_set DDAL_RPRAM_HW_INIT_STORAGE 575060879
CLI_OUTPUT: ret /Target1/rpram/action ddal_rpram_set DDAL_RPRAM_HW_INIT_STORAGE 575060879 ==&gt; done OK retv 0
CLI_OUTPUT: /Target1/memdump/action memdump32 0xC0000020
CLI_OUTPUT: ret /Target1/memdump/action memdump32 0xC0000020 ==&gt; done OK retv 0 value 0x2246bb8f
SCR_OUTPUT: called ddal_rpram_set and verified with memdump:: 575060879 == 575060879 ==&gt; OK
CLI_OUTPUT: /Target1/rpram/action ddal_rpram_set DDAL_RPRAM_RESET_TYPE 1371815462
CLI_OUTPUT: ret /Target1/rpram/action ddal_rpram_set DDAL_RPRAM_RESET_TYPE 1371815462 ==&gt; done OK retv 0
CLI_OUTPUT: /Target1/memdump/action memdump32 0xC0000018
CLI_OUTPUT: ret /Target1/memdump/action memdump32 0xC0000018 ==&gt; done OK retv 0 value 0x51c43e26
SCR_OUTPUT: called ddal_rpram_set and verified with memdump:: 1371815462 == 1371815462 ==&gt; OK
CLI_OUTPUT: /Target1/rpram/action ddal_rpram_set DDAL_RPRAM_RESET_LOOP_COUNTER 718119674
CLI_OUTPUT: ret /Target1/rpram/action ddal_rpram_set DDAL_RPRAM_RESET_LOOP_COUNTER 718119674 ==&gt; done OK retv 0
CLI_OUTPUT: /Target1/memdump/action memdump32 0xC0000050
CLI_OUTPUT: ret /Target1/memdump/action memdump32 0xC0000050 ==&gt; done OK retv 0 value 0x2acda2fa
SCR_OUTPUT: called ddal_rpram_set and verified with memdump:: 718119674 == 718119674 ==&gt; OK
CLI_OUTPUT: /Target1/rpram/action ddal_rpram_set DDAL_RPRAM_ISTI 579315197
CLI_OUTPUT: ret /Target1/rpram/action ddal_rpram_set DDAL_RPRAM_ISTI 579315197 ==&gt; done OK retv 0
CLI_OUTPUT: /Target1/memdump/action memdump32 0xC000001C
CLI_OUTPUT: ret /Target1/memdump/action memdump32 0xC000001C ==&gt; done OK retv 0 value 0x2287a5fd
SCR_OUTPUT: called ddal_rpram_set and verified with memdump:: 579315197 == 579315197 ==&gt; OK
CLI_OUTPUT: /Target1/rpram/action ddal_rpram_set DDAL_RPRAM_POR_MAGIC_LOW 2007177735
CLI_OUTPUT: ret /Target1/rpram/action ddal_rpram_set DDAL_RPRAM_POR_MAGIC_LOW 2007177735 ==&gt; done OK retv 0
CLI_OUTPUT: /Target1/memdump/action memdump32 0xC0000010
CLI_OUTPUT: ret /Target1/memdump/action memdump32 0xC0000010 ==&gt; done OK retv 0 value 0x77a31a07
SCR_OUTPUT: called ddal_rpram_set and verified with memdump:: 2007177735 == 2007177735 ==&gt; OK
CLI_OUTPUT: /Target1/rpram/action ddal_rpram_set DDAL_RPRAM_POR_MAGIC_HIGH 1963182711
CLI_OUTPUT: ret /Target1/rpram/action ddal_rpram_set DDAL_RPRAM_POR_MAGIC_HIGH 1963182711 ==&gt; done OK retv 0
CLI_OUTPUT: /Target1/memdump/action memdump32 0xC0000014
CLI_OUTPUT: ret /Target1/memdump/action memdump32 0xC0000014 ==&gt; done OK retv 0 value 0x7503ca77
SCR_OUTPUT: called ddal_rpram_set and verified with memdump:: 1963182711 == 1963182711 ==&gt; OK
SCR_OUTPUT: ##### Test Case End: TC_03100_001 PASSED (0)
</system-out>
</testcase>

<testcase classname="HW_03100_basic_rpram_tests" name="TC_03100_002 ddal_rpram_set range check" time="1">
<system-out>
SCR_OUTPUT: ##### Test Case Start: TC_03100_002  ddal_rpram_set range check
CLI_OUTPUT: /Target1/memdump/action memdump32 0xC0000000 0x20eefd01
CLI_OUTPUT: ret /Target1/memdump/action memdump32 0xC0000000 0x20eefd01 ==&gt; done OK retv 0 value 0x20eefd01
CLI_OUTPUT: /Target1/rpram/action ddal_rpram_get DDAL_RPRAM_USER1
CLI_OUTPUT: ret /Target1/rpram/action ddal_rpram_get DDAL_RPRAM_USER1 ==&gt; done OK retv 0 value 552533249
SCR_OUTPUT: verified ddal_rpram_get using memdump to write value:: 552533249 == 552533249 ==&gt; OK
CLI_OUTPUT: /Target1/memdump/action memdump32 0xC0000004 0x2a24e0d6
CLI_OUTPUT: ret /Target1/memdump/action memdump32 0xC0000004 0x2a24e0d6 ==&gt; done OK retv 0 value 0x2a24e0d6
CLI_OUTPUT: /Target1/rpram/action ddal_rpram_get DDAL_RPRAM_USER2
CLI_OUTPUT: ret /Target1/rpram/action ddal_rpram_get DDAL_RPRAM_USER2 ==&gt; done OK retv 0 value 707059926
SCR_OUTPUT: verified ddal_rpram_get using memdump to write value:: 707059926 == 707059926 ==&gt; OK
CLI_OUTPUT: /Target1/memdump/action memdump32 0xC0000008 0x5b25dc27
CLI_OUTPUT: ret /Target1/memdump/action memdump32 0xC0000008 0x5b25dc27 ==&gt; done OK retv 0 value 0x5b25dc27
CLI_OUTPUT: /Target1/rpram/action ddal_rpram_get DDAL_RPRAM_USER3
CLI_OUTPUT: ret /Target1/rpram/action ddal_rpram_get DDAL_RPRAM_USER3 ==&gt; done OK retv 0 value 1529207847
SCR_OUTPUT: verified ddal_rpram_get using memdump to write value:: 1529207847 == 1529207847 ==&gt; OK
CLI_OUTPUT: /Target1/memdump/action memdump32 0xC000000C 0x1299fb72
CLI_OUTPUT: ret /Target1/memdump/action memdump32 0xC000000C 0x1299fb72 ==&gt; done OK retv 0 value 0x1299fb72
CLI_OUTPUT: /Target1/rpram/action ddal_rpram_get DDAL_RPRAM_USER4
CLI_OUTPUT: ret /Target1/rpram/action ddal_rpram_get DDAL_RPRAM_USER4 ==&gt; done OK retv 0 value 312081266
SCR_OUTPUT: verified ddal_rpram_get using memdump to write value:: 312081266 == 312081266 ==&gt; OK
CLI_OUTPUT: /Target1/memdump/action memdump32 0xC0000024 0x3b4b8632
CLI_OUTPUT: ret /Target1/memdump/action memdump32 0xC0000024 0x3b4b8632 ==&gt; done OK retv 0 value 0x3b4b8632
CLI_OUTPUT: /Target1/rpram/action ddal_rpram_get DDAL_RPRAM_USER5
CLI_OUTPUT: ret /Target1/rpram/action ddal_rpram_get DDAL_RPRAM_USER5 ==&gt; done OK retv 0 value 994805298
SCR_OUTPUT: verified ddal_rpram_get using memdump to write value:: 994805298 == 994805298 ==&gt; OK
CLI_OUTPUT: /Target1/memdump/action memdump32 0xC0000028 0x5b58619e
CLI_OUTPUT: ret /Target1/memdump/action memdump32 0xC0000028 0x5b58619e ==&gt; done OK retv 0 value 0x5b58619e
CLI_OUTPUT: /Target1/rpram/action ddal_rpram_get DDAL_RPRAM_USER6
CLI_OUTPUT: ret /Target1/rpram/action ddal_rpram_get DDAL_RPRAM_USER6 ==&gt; done OK retv 0 value 1532518814
SCR_OUTPUT: verified ddal_rpram_get using memdump to write value:: 1532518814 == 1532518814 ==&gt; OK
CLI_OUTPUT: /Target1/memdump/action memdump32 0xC000002C 0x772432e
CLI_OUTPUT: ret /Target1/memdump/action memdump32 0xC000002C 0x772432e ==&gt; done OK retv 0 value 0x0772432e
CLI_OUTPUT: /Target1/rpram/action ddal_rpram_get DDAL_RPRAM_USER7
CLI_OUTPUT: ret /Target1/rpram/action ddal_rpram_get DDAL_RPRAM_USER7 ==&gt; done OK retv 0 value 124928814
SCR_OUTPUT: verified ddal_rpram_get using memdump to write value:: 124928814 == 124928814 ==&gt; OK
CLI_OUTPUT: /Target1/memdump/action memdump32 0xC0000030 0x5e98c674
CLI_OUTPUT: ret /Target1/memdump/action memdump32 0xC0000030 0x5e98c674 ==&gt; done OK retv 0 value 0x5e98c674
CLI_OUTPUT: /Target1/rpram/action ddal_rpram_get DDAL_RPRAM_USER8
CLI_OUTPUT: ret /Target1/rpram/action ddal_rpram_get DDAL_RPRAM_USER8 ==&gt; done OK retv 0 value 1587070580
SCR_OUTPUT: verified ddal_rpram_get using memdump to write value:: 1587070580 == 1587070580 ==&gt; OK
CLI_OUTPUT: /Target1/memdump/action memdump32 0xC0000034 0xea41a
CLI_OUTPUT: ret /Target1/memdump/action memdump32 0xC0000034 0xea41a ==&gt; done OK retv 0 value 0x000ea41a
CLI_OUTPUT: /Target1/rpram/action ddal_rpram_get DDAL_RPRAM_USER9
CLI_OUTPUT: ret /Target1/rpram/action ddal_rpram_get DDAL_RPRAM_USER9 ==&gt; done OK retv 0 value 959514
SCR_OUTPUT: verified ddal_rpram_get using memdump to write value:: 959514 == 959514 ==&gt; OK
CLI_OUTPUT: /Target1/memdump/action memdump32 0xC0000038 0x4137e8a0
CLI_OUTPUT: ret /Target1/memdump/action memdump32 0xC0000038 0x4137e8a0 ==&gt; done OK retv 0 value 0x4137e8a0
CLI_OUTPUT: /Target1/rpram/action ddal_rpram_get DDAL_RPRAM_USER10
CLI_OUTPUT: ret /Target1/rpram/action ddal_rpram_get DDAL_RPRAM_USER10 ==&gt; done OK retv 0 value 1094183072
SCR_OUTPUT: verified ddal_rpram_get using memdump to write value:: 1094183072 == 1094183072 ==&gt; OK
CLI_OUTPUT: /Target1/memdump/action memdump32 0xC000003C 0x3d8a886b
CLI_OUTPUT: ret /Target1/memdump/action memdump32 0xC000003C 0x3d8a886b ==&gt; done OK retv 0 value 0x3d8a886b
CLI_OUTPUT: /Target1/rpram/action ddal_rpram_get DDAL_RPRAM_USER11
CLI_OUTPUT: ret /Target1/rpram/action ddal_rpram_get DDAL_RPRAM_USER11 ==&gt; done OK retv 0 value 1032489067
SCR_OUTPUT: verified ddal_rpram_get using memdump to write value:: 1032489067 == 1032489067 ==&gt; OK
CLI_OUTPUT: /Target1/memdump/action memdump32 0xC0000040 0x52034ef4
CLI_OUTPUT: ret /Target1/memdump/action memdump32 0xC0000040 0x52034ef4 ==&gt; done OK retv 0 value 0x52034ef4
CLI_OUTPUT: /Target1/rpram/action ddal_rpram_get DDAL_RPRAM_USER12
CLI_OUTPUT: ret /Target1/rpram/action ddal_rpram_get DDAL_RPRAM_USER12 ==&gt; done OK retv 0 value 1375948532
SCR_OUTPUT: verified ddal_rpram_get using memdump to write value:: 1375948532 == 1375948532 ==&gt; OK
CLI_OUTPUT: /Target1/memdump/action memdump32 0xC0000044 0x5735e77a
CLI_OUTPUT: ret /Target1/memdump/action memdump32 0xC0000044 0x5735e77a ==&gt; done OK retv 0 value 0x5735e77a
CLI_OUTPUT: /Target1/rpram/action ddal_rpram_get DDAL_RPRAM_USER13
CLI_OUTPUT: ret /Target1/rpram/action ddal_rpram_get DDAL_RPRAM_USER13 ==&gt; done OK retv 0 value 1463150458
SCR_OUTPUT: verified ddal_rpram_get using memdump to write value:: 1463150458 == 1463150458 ==&gt; OK
CLI_OUTPUT: /Target1/memdump/action memdump32 0xC0000048 0x13f16f92
CLI_OUTPUT: ret /Target1/memdump/action memdump32 0xC0000048 0x13f16f92 ==&gt; done OK retv 0 value 0x13f16f92
CLI_OUTPUT: /Target1/rpram/action ddal_rpram_get DDAL_RPRAM_USER14
CLI_OUTPUT: ret /Target1/rpram/action ddal_rpram_get DDAL_RPRAM_USER14 ==&gt; done OK retv 0 value 334589842
SCR_OUTPUT: verified ddal_rpram_get using memdump to write value:: 334589842 == 334589842 ==&gt; OK
CLI_OUTPUT: /Target1/memdump/action memdump32 0xC000004C 0x4fd467c1
CLI_OUTPUT: ret /Target1/memdump/action memdump32 0xC000004C 0x4fd467c1 ==&gt; done OK retv 0 value 0x4fd467c1
CLI_OUTPUT: /Target1/rpram/action ddal_rpram_get DDAL_RPRAM_USER15
CLI_OUTPUT: ret /Target1/rpram/action ddal_rpram_get DDAL_RPRAM_USER15 ==&gt; done OK retv 0 value 1339320257
SCR_OUTPUT: verified ddal_rpram_get using memdump to write value:: 1339320257 == 1339320257 ==&gt; OK
CLI_OUTPUT: /Target1/memdump/action memdump32 0xC0000020 0x1e9211b
CLI_OUTPUT: ret /Target1/memdump/action memdump32 0xC0000020 0x1e9211b ==&gt; done OK retv 0 value 0x01e9211b
CLI_OUTPUT: /Target1/rpram/action ddal_rpram_get DDAL_RPRAM_HW_INIT_STORAGE
CLI_OUTPUT: ret /Target1/rpram/action ddal_rpram_get DDAL_RPRAM_HW_INIT_STORAGE ==&gt; done OK retv 0 value 32055579
SCR_OUTPUT: verified ddal_rpram_get using memdump to write value:: 32055579 == 32055579 ==&gt; OK
CLI_OUTPUT: /Target1/memdump/action memdump32 0xC0000018 0x707cb637
CLI_OUTPUT: ret /Target1/memdump/action memdump32 0xC0000018 0x707cb637 ==&gt; done OK retv 0 value 0x707cb637
CLI_OUTPUT: /Target1/rpram/action ddal_rpram_get DDAL_RPRAM_RESET_TYPE
CLI_OUTPUT: ret /Target1/rpram/action ddal_rpram_get DDAL_RPRAM_RESET_TYPE ==&gt; done OK retv 0 value 1887221303
SCR_OUTPUT: verified ddal_rpram_get using memdump to write value:: 1887221303 == 1887221303 ==&gt; OK
CLI_OUTPUT: /Target1/memdump/action memdump32 0xC0000050 0xba0da23
CLI_OUTPUT: ret /Target1/memdump/action memdump32 0xC0000050 0xba0da23 ==&gt; done OK retv 0 value 0x0ba0da23
CLI_OUTPUT: /Target1/rpram/action ddal_rpram_get DDAL_RPRAM_RESET_LOOP_COUNTER
CLI_OUTPUT: ret /Target1/rpram/action ddal_rpram_get DDAL_RPRAM_RESET_LOOP_COUNTER ==&gt; done OK retv 0 value 195090979
SCR_OUTPUT: verified ddal_rpram_get using memdump to write value:: 195090979 == 195090979 ==&gt; OK
CLI_OUTPUT: /Target1/memdump/action memdump32 0xC000001C 0x6d51776c
CLI_OUTPUT: ret /Target1/memdump/action memdump32 0xC000001C 0x6d51776c ==&gt; done OK retv 0 value 0x6d51776c
CLI_OUTPUT: /Target1/rpram/action ddal_rpram_get DDAL_RPRAM_ISTI
CLI_OUTPUT: ret /Target1/rpram/action ddal_rpram_get DDAL_RPRAM_ISTI ==&gt; done OK retv 0 value 1834055532
SCR_OUTPUT: verified ddal_rpram_get using memdump to write value:: 1834055532 == 1834055532 ==&gt; OK
CLI_OUTPUT: /Target1/memdump/action memdump32 0xC0000010 0x7f791568
CLI_OUTPUT: ret /Target1/memdump/action memdump32 0xC0000010 0x7f791568 ==&gt; done OK retv 0 value 0x7f791568
CLI_OUTPUT: /Target1/rpram/action ddal_rpram_get DDAL_RPRAM_POR_MAGIC_LOW
CLI_OUTPUT: ret /Target1/rpram/action ddal_rpram_get DDAL_RPRAM_POR_MAGIC_LOW ==&gt; done OK retv 0 value 2138641768
SCR_OUTPUT: verified ddal_rpram_get using memdump to write value:: 2138641768 == 2138641768 ==&gt; OK
CLI_OUTPUT: /Target1/memdump/action memdump32 0xC0000014 0x666e6bc4
CLI_OUTPUT: ret /Target1/memdump/action memdump32 0xC0000014 0x666e6bc4 ==&gt; done OK retv 0 value 0x666e6bc4
CLI_OUTPUT: /Target1/rpram/action ddal_rpram_get DDAL_RPRAM_POR_MAGIC_HIGH
CLI_OUTPUT: ret /Target1/rpram/action ddal_rpram_get DDAL_RPRAM_POR_MAGIC_HIGH ==&gt; done OK retv 0 value 1718512580
SCR_OUTPUT: verified ddal_rpram_get using memdump to write value:: 1718512580 == 1718512580 ==&gt; OK
SCR_OUTPUT: ##### Test Case End: TC_03100_002 PASSED (0)
</system-out>
</testcase>

<testcase classname="HW_03100_basic_rpram_tests" name="TC_03100_002 ddal_rpram_set range check_1" time="1">
<system-out>
SCR_OUTPUT: ##### Test Case Start: TC_03100_002  ddal_rpram_set range check
CLI_OUTPUT: /Target1/memdump/action memdump32 0xC0000000 0x4e03b33a
CLI_OUTPUT: ret /Target1/memdump/action memdump32 0xC0000000 0x4e03b33a ==&gt; done OK retv 0 value 0x4e03b33a
CLI_OUTPUT: /Target1/rpram/action ddal_rpram_get DDAL_RPRAM_USER1
CLI_OUTPUT: ret /Target1/rpram/action ddal_rpram_get DDAL_RPRAM_USER1 ==&gt; done OK retv 0 value 1308865338
SCR_OUTPUT: verified ddal_rpram_get using memdump to write value:: 1308865338 == 1308865338 ==&gt; OK
CLI_OUTPUT: /Target1/memdump/action memdump32 0xC0000004 0x54ed1517
CLI_OUTPUT: ret /Target1/memdump/action memdump32 0xC0000004 0x54ed1517 ==&gt; done OK retv 0 value 0x54ed1517
CLI_OUTPUT: /Target1/rpram/action ddal_rpram_get DDAL_RPRAM_USER2
CLI_OUTPUT: ret /Target1/rpram/action ddal_rpram_get DDAL_RPRAM_USER2 ==&gt; done OK retv 0 value 1424823575
SCR_OUTPUT: verified ddal_rpram_get using memdump to write value:: 1424823575 == 1424823575 ==&gt; OK
CLI_OUTPUT: /Target1/memdump/action memdump32 0xC0000008 0x19050cd1
CLI_OUTPUT: ret /Target1/memdump/action memdump32 0xC0000008 0x19050cd1 ==&gt; done OK retv 0 value 0x19050cd1
CLI_OUTPUT: /Target1/rpram/action ddal_rpram_get DDAL_RPRAM_USER3
CLI_OUTPUT: ret /Target1/rpram/action ddal_rpram_get DDAL_RPRAM_USER3 ==&gt; done OK retv 0 value 419761361
SCR_OUTPUT: verified ddal_rpram_get using memdump to write value:: 419761361 == 419761361 ==&gt; OK
CLI_OUTPUT: /Target1/memdump/action memdump32 0xC000000C 0x1a8cfd78
CLI_OUTPUT: ret /Target1/memdump/action memdump32 0xC000000C 0x1a8cfd78 ==&gt; done OK retv 0 value 0x1a8cfd78
CLI_OUTPUT: /Target1/rpram/action ddal_rpram_get DDAL_RPRAM_USER4
CLI_OUTPUT: ret /Target1/rpram/action ddal_rpram_get DDAL_RPRAM_USER4 ==&gt; done OK retv 0 value 445447544
SCR_OUTPUT: verified ddal_rpram_get using memdump to write value:: 445447544 == 445447544 ==&gt; OK
CLI_OUTPUT: /Target1/memdump/action memdump32 0xC0000024 0x1e556232
CLI_OUTPUT: ret /Target1/memdump/action memdump32 0xC0000024 0x1e556232 ==&gt; done OK retv 0 value 0x1e556232
CLI_OUTPUT: /Target1/rpram/action ddal_rpram_get DDAL_RPRAM_USER5
CLI_OUTPUT: ret /Target1/rpram/action ddal_rpram_get DDAL_RPRAM_USER5 ==&gt; done OK retv 0 value 508912178
SCR_OUTPUT: verified ddal_rpram_get using memdump to write value:: 508912178 == 508912178 ==&gt; OK
CLI_OUTPUT: /Target1/memdump/action memdump32 0xC0000028 0x77a25373
CLI_OUTPUT: ret /Target1/memdump/action memdump32 0xC0000028 0x77a25373 ==&gt; done OK retv 0 value 0x77a25373
CLI_OUTPUT: /Target1/rpram/action ddal_rpram_get DDAL_RPRAM_USER6
CLI_OUTPUT: ret /Target1/rpram/action ddal_rpram_get DDAL_RPRAM_USER6 ==&gt; done OK retv 0 value 2007126899
SCR_OUTPUT: verified ddal_rpram_get using memdump to write value:: 2007126899 == 2007126899 ==&gt; OK
CLI_OUTPUT: /Target1/memdump/action memdump32 0xC000002C 0x4216abee
CLI_OUTPUT: ret /Target1/memdump/action memdump32 0xC000002C 0x4216abee ==&gt; done OK retv 0 value 0x4216abee
CLI_OUTPUT: /Target1/rpram/action ddal_rpram_get DDAL_RPRAM_USER7
CLI_OUTPUT: ret /Target1/rpram/action ddal_rpram_get DDAL_RPRAM_USER7 ==&gt; done OK retv 0 value 1108782062
SCR_OUTPUT: verified ddal_rpram_get using memdump to write value:: 1108782062 == 1108782062 ==&gt; OK
CLI_OUTPUT: /Target1/memdump/action memdump32 0xC0000030 0x5e72bebd
CLI_OUTPUT: ret /Target1/memdump/action memdump32 0xC0000030 0x5e72bebd ==&gt; done OK retv 0 value 0x5e72bebd
CLI_OUTPUT: /Target1/rpram/action ddal_rpram_get DDAL_RPRAM_USER8
CLI_OUTPUT: ret /Target1/rpram/action ddal_rpram_get DDAL_RPRAM_USER8 ==&gt; done OK retv 0 value 1584578237
SCR_OUTPUT: verified ddal_rpram_get using memdump to write value:: 1584578237 == 1584578237 ==&gt; OK
CLI_OUTPUT: /Target1/memdump/action memdump32 0xC0000034 0x3f4a24a2
CLI_OUTPUT: ret /Target1/memdump/action memdump32 0xC0000034 0x3f4a24a2 ==&gt; done OK retv 0 value 0x3f4a24a2
CLI_OUTPUT: /Target1/rpram/action ddal_rpram_get DDAL_RPRAM_USER9
CLI_OUTPUT: ret /Target1/rpram/action ddal_rpram_get DDAL_RPRAM_USER9 ==&gt; done OK retv 0 value 1061823650
SCR_OUTPUT: verified ddal_rpram_get using memdump to write value:: 1061823650 == 1061823650 ==&gt; OK
CLI_OUTPUT: /Target1/memdump/action memdump32 0xC0000038 0x1cac2ebe
CLI_OUTPUT: ret /Target1/memdump/action memdump32 0xC0000038 0x1cac2ebe ==&gt; done OK retv 0 value 0x1cac2ebe
CLI_OUTPUT: /Target1/rpram/action ddal_rpram_get DDAL_RPRAM_USER10
CLI_OUTPUT: ret /Target1/rpram/action ddal_rpram_get DDAL_RPRAM_USER10 ==&gt; done OK retv 0 value 481046206
SCR_OUTPUT: verified ddal_rpram_get using memdump to write value:: 481046206 == 481046206 ==&gt; OK
CLI_OUTPUT: /Target1/memdump/action memdump32 0xC000003C 0x6c314dee
CLI_OUTPUT: ret /Target1/memdump/action memdump32 0xC000003C 0x6c314dee ==&gt; done OK retv 0 value 0x6c314dee
CLI_OUTPUT: /Target1/rpram/action ddal_rpram_get DDAL_RPRAM_USER11
CLI_OUTPUT: ret /Target1/rpram/action ddal_rpram_get DDAL_RPRAM_USER11 ==&gt; done OK retv 0 value 1815170542
SCR_OUTPUT: verified ddal_rpram_get using memdump to write value:: 1815170542 == 1815170542 ==&gt; OK
CLI_OUTPUT: /Target1/memdump/action memdump32 0xC0000040 0x18f505a8
CLI_OUTPUT: ret /Target1/memdump/action memdump32 0xC0000040 0x18f505a8 ==&gt; done OK retv 0 value 0x18f505a8
CLI_OUTPUT: /Target1/rpram/action ddal_rpram_get DDAL_RPRAM_USER12
CLI_OUTPUT: ret /Target1/rpram/action ddal_rpram_get DDAL_RPRAM_USER12 ==&gt; done OK retv 0 value 418710952
SCR_OUTPUT: verified ddal_rpram_get using memdump to write value:: 418710952 == 418710952 ==&gt; OK
CLI_OUTPUT: /Target1/memdump/action memdump32 0xC0000044 0x7e46e8ab
CLI_OUTPUT: ret /Target1/memdump/action memdump32 0xC0000044 0x7e46e8ab ==&gt; done OK retv 0 value 0x7e46e8ab
CLI_OUTPUT: /Target1/rpram/action ddal_rpram_get DDAL_RPRAM_USER13
CLI_OUTPUT: ret /Target1/rpram/action ddal_rpram_get DDAL_RPRAM_USER13 ==&gt; done OK retv 0 value 2118576299
SCR_OUTPUT: verified ddal_rpram_get using memdump to write value:: 2118576299 == 2118576299 ==&gt; OK
CLI_OUTPUT: /Target1/memdump/action memdump32 0xC0000048 0x61573edc
CLI_OUTPUT: ret /Target1/memdump/action memdump32 0xC0000048 0x61573edc ==&gt; done OK retv 0 value 0x61573edc
CLI_OUTPUT: /Target1/rpram/action ddal_rpram_get DDAL_RPRAM_USER14
CLI_OUTPUT: ret /Target1/rpram/action ddal_rpram_get DDAL_RPRAM_USER14 ==&gt; done OK retv 0 value 1633107676
SCR_OUTPUT: verified ddal_rpram_get using memdump to write value:: 1633107676 == 1633107676 ==&gt; OK
CLI_OUTPUT: /Target1/memdump/action memdump32 0xC000004C 0x26e19958
CLI_OUTPUT: ret /Target1/memdump/action memdump32 0xC000004C 0x26e19958 ==&gt; done OK retv 0 value 0x26e19958
CLI_OUTPUT: /Target1/rpram/action ddal_rpram_get DDAL_RPRAM_USER15
CLI_OUTPUT: ret /Target1/rpram/action ddal_rpram_get DDAL_RPRAM_USER15 ==&gt; done OK retv 0 value 652319064
SCR_OUTPUT: verified ddal_rpram_get using memdump to write value:: 652319064 == 652319064 ==&gt; OK
CLI_OUTPUT: /Target1/memdump/action memdump32 0xC0000020 0x251b394b
CLI_OUTPUT: ret /Target1/memdump/action memdump32 0xC0000020 0x251b394b ==&gt; done OK retv 0 value 0x251b394b
CLI_OUTPUT: /Target1/rpram/action ddal_rpram_get DDAL_RPRAM_HW_INIT_STORAGE
CLI_OUTPUT: ret /Target1/rpram/action ddal_rpram_get DDAL_RPRAM_HW_INIT_STORAGE ==&gt; done OK retv 0 value 622541131
SCR_OUTPUT: verified ddal_rpram_get using memdump to write value:: 622541131 == 622541131 ==&gt; OK
CLI_OUTPUT: /Target1/memdump/action memdump32 0xC0000018 0x1e4f42e8
CLI_OUTPUT: ret /Target1/memdump/action memdump32 0xC0000018 0x1e4f42e8 ==&gt; done OK retv 0 value 0x1e4f42e8
CLI_OUTPUT: /Target1/rpram/action ddal_rpram_get DDAL_RPRAM_RESET_TYPE
CLI_OUTPUT: ret /Target1/rpram/action ddal_rpram_get DDAL_RPRAM_RESET_TYPE ==&gt; done OK retv 0 value 508510952
SCR_OUTPUT: verified ddal_rpram_get using memdump to write value:: 508510952 == 508510952 ==&gt; OK
CLI_OUTPUT: /Target1/memdump/action memdump32 0xC0000050 0x65b2202b
CLI_OUTPUT: ret /Target1/memdump/action memdump32 0xC0000050 0x65b2202b ==&gt; done OK retv 0 value 0x65b2202b
CLI_OUTPUT: /Target1/rpram/action ddal_rpram_get DDAL_RPRAM_RESET_LOOP_COUNTER
CLI_OUTPUT: ret /Target1/rpram/action ddal_rpram_get DDAL_RPRAM_RESET_LOOP_COUNTER ==&gt; done OK retv 0 value 1706172459
SCR_OUTPUT: verified ddal_rpram_get using memdump to write value:: 1706172459 == 1706172459 ==&gt; OK
CLI_OUTPUT: /Target1/memdump/action memdump32 0xC000001C 0x115fa51f
CLI_OUTPUT: ret /Target1/memdump/action memdump32 0xC000001C 0x115fa51f ==&gt; done OK retv 0 value 0x115fa51f
CLI_OUTPUT: /Target1/rpram/action ddal_rpram_get DDAL_RPRAM_ISTI
CLI_OUTPUT: ret /Target1/rpram/action ddal_rpram_get DDAL_RPRAM_ISTI ==&gt; done OK retv 0 value 291480863
SCR_OUTPUT: verified ddal_rpram_get using memdump to write value:: 291480863 == 291480863 ==&gt; OK
CLI_OUTPUT: /Target1/memdump/action memdump32 0xC0000010 0x1e51e0c7
CLI_OUTPUT: ret /Target1/memdump/action memdump32 0xC0000010 0x1e51e0c7 ==&gt; done OK retv 0 value 0x1e51e0c7
CLI_OUTPUT: /Target1/rpram/action ddal_rpram_get DDAL_RPRAM_POR_MAGIC_LOW
CLI_OUTPUT: ret /Target1/rpram/action ddal_rpram_get DDAL_RPRAM_POR_MAGIC_LOW ==&gt; done OK retv 0 value 508682439
SCR_OUTPUT: verified ddal_rpram_get using memdump to write value:: 508682439 == 508682439 ==&gt; OK
CLI_OUTPUT: /Target1/memdump/action memdump32 0xC0000014 0x117cbbab
CLI_OUTPUT: ret /Target1/memdump/action memdump32 0xC0000014 0x117cbbab ==&gt; done OK retv 0 value 0x117cbbab
CLI_OUTPUT: /Target1/rpram/action ddal_rpram_get DDAL_RPRAM_POR_MAGIC_HIGH
CLI_OUTPUT: ret /Target1/rpram/action ddal_rpram_get DDAL_RPRAM_POR_MAGIC_HIGH ==&gt; done OK retv 0 value 293387179
SCR_OUTPUT: verified ddal_rpram_get using memdump to write value:: 293387179 == 293387179 ==&gt; OK
SCR_OUTPUT: ##### Test Case End: TC_03100_002 PASSED (0)
</system-out>
</testcase>

<testcase classname="HW_03100_basic_rpram_tests" name="TC_03100_002 ddal_rpram_set range check_2" time="2">
<system-out>
SCR_OUTPUT: ##### Test Case Start: TC_03100_002  ddal_rpram_set range check
CLI_OUTPUT: /Target1/memdump/action memdump32 0xC0000000 0x2ab4762d
CLI_OUTPUT: ret /Target1/memdump/action memdump32 0xC0000000 0x2ab4762d ==&gt; done OK retv 0 value 0x2ab4762d
CLI_OUTPUT: /Target1/rpram/action ddal_rpram_get DDAL_RPRAM_USER1
CLI_OUTPUT: ret /Target1/rpram/action ddal_rpram_get DDAL_RPRAM_USER1 ==&gt; done OK retv 0 value 716469805
SCR_OUTPUT: verified ddal_rpram_get using memdump to write value:: 716469805 == 716469805 ==&gt; OK
CLI_OUTPUT: /Target1/memdump/action memdump32 0xC0000004 0x2dbb5f34
CLI_OUTPUT: ret /Target1/memdump/action memdump32 0xC0000004 0x2dbb5f34 ==&gt; done OK retv 0 value 0x2dbb5f34
CLI_OUTPUT: /Target1/rpram/action ddal_rpram_get DDAL_RPRAM_USER2
CLI_OUTPUT: ret /Target1/rpram/action ddal_rpram_get DDAL_RPRAM_USER2 ==&gt; done OK retv 0 value 767254324
SCR_OUTPUT: verified ddal_rpram_get using memdump to write value:: 767254324 == 767254324 ==&gt; OK
CLI_OUTPUT: /Target1/memdump/action memdump32 0xC0000008 0x68682b4f
CLI_OUTPUT: ret /Target1/memdump/action memdump32 0xC0000008 0x68682b4f ==&gt; done OK retv 0 value 0x68682b4f
CLI_OUTPUT: /Target1/rpram/action ddal_rpram_get DDAL_RPRAM_USER3
CLI_OUTPUT: ret /Target1/rpram/action ddal_rpram_get DDAL_RPRAM_USER3 ==&gt; done OK retv 0 value 1751657295
SCR_OUTPUT: verified ddal_rpram_get using memdump to write value:: 1751657295 == 1751657295 ==&gt; OK
CLI_OUTPUT: /Target1/memdump/action memdump32 0xC000000C 0xef50eff
CLI_OUTPUT: ret /Target1/memdump/action memdump32 0xC000000C 0xef50eff ==&gt; done OK retv 0 value 0x0ef50eff
CLI_OUTPUT: /Target1/rpram/action ddal_rpram_get DDAL_RPRAM_USER4
CLI_OUTPUT: ret /Target1/rpram/action ddal_rpram_get DDAL_RPRAM_USER4 ==&gt; done OK retv 0 value 250941183
SCR_OUTPUT: verified ddal_rpram_get using memdump to write value:: 250941183 == 250941183 ==&gt; OK
CLI_OUTPUT: /Target1/memdump/action memdump32 0xC0000024 0x7aabd0a4
CLI_OUTPUT: ret /Target1/memdump/action memdump32 0xC0000024 0x7aabd0a4 ==&gt; done OK retv 0 value 0x7aabd0a4
CLI_OUTPUT: /Target1/rpram/action ddal_rpram_get DDAL_RPRAM_USER5
CLI_OUTPUT: ret /Target1/rpram/action ddal_rpram_get DDAL_RPRAM_USER5 ==&gt; done OK retv 0 value 2058080420
SCR_OUTPUT: verified ddal_rpram_get using memdump to write value:: 2058080420 == 2058080420 ==&gt; OK
CLI_OUTPUT: /Target1/memdump/action memdump32 0xC0000028 0x2610c975
CLI_OUTPUT: ret /Target1/memdump/action memdump32 0xC0000028 0x2610c975 ==&gt; done OK retv 0 value 0x2610c975
CLI_OUTPUT: /Target1/rpram/action ddal_rpram_get DDAL_RPRAM_USER6
CLI_OUTPUT: ret /Target1/rpram/action ddal_rpram_get DDAL_RPRAM_USER6 ==&gt; done OK retv 0 value 638634357
SCR_OUTPUT: verified ddal_rpram_get using memdump to write value:: 638634357 == 638634357 ==&gt; OK
CLI_OUTPUT: /Target1/memdump/action memdump32 0xC000002C 0x181af8cc
CLI_OUTPUT: ret /Target1/memdump/action memdump32 0xC000002C 0x181af8cc ==&gt; done OK retv 0 value 0x181af8cc
CLI_OUTPUT: /Target1/rpram/action ddal_rpram_get DDAL_RPRAM_USER7
CLI_OUTPUT: ret /Target1/rpram/action ddal_rpram_get DDAL_RPRAM_USER7 ==&gt; done OK retv 0 value 404420812
SCR_OUTPUT: verified ddal_rpram_get using memdump to write value:: 404420812 == 404420812 ==&gt; OK
CLI_OUTPUT: /Target1/memdump/action memdump32 0xC0000030 0x12c4a8bd
CLI_OUTPUT: ret /Target1/memdump/action memdump32 0xC0000030 0x12c4a8bd ==&gt; done OK retv 0 value 0x12c4a8bd
CLI_OUTPUT: /Target1/rpram/action ddal_rpram_get DDAL_RPRAM_USER8
CLI_OUTPUT: ret /Target1/rpram/action ddal_rpram_get DDAL_RPRAM_USER8 ==&gt; done OK retv 0 value 314878141
SCR_OUTPUT: verified ddal_rpram_get using memdump to write value:: 314878141 == 314878141 ==&gt; OK
CLI_OUTPUT: /Target1/memdump/action memdump32 0xC0000034 0x2d229d36
CLI_OUTPUT: ret /Target1/memdump/action memdump32 0xC0000034 0x2d229d36 ==&gt; done OK retv 0 value 0x2d229d36
CLI_OUTPUT: /Target1/rpram/action ddal_rpram_get DDAL_RPRAM_USER9
CLI_OUTPUT: ret /Target1/rpram/action ddal_rpram_get DDAL_RPRAM_USER9 ==&gt; done OK retv 0 value 757243190
SCR_OUTPUT: verified ddal_rpram_get using memdump to write value:: 757243190 == 757243190 ==&gt; OK
CLI_OUTPUT: /Target1/memdump/action memdump32 0xC0000038 0x3b802051
CLI_OUTPUT: ret /Target1/memdump/action memdump32 0xC0000038 0x3b802051 ==&gt; done OK retv 0 value 0x3b802051
CLI_OUTPUT: /Target1/rpram/action ddal_rpram_get DDAL_RPRAM_USER10
CLI_OUTPUT: ret /Target1/rpram/action ddal_rpram_get DDAL_RPRAM_USER10 ==&gt; done OK retv 0 value 998252625
SCR_OUTPUT: verified ddal_rpram_get using memdump to write value:: 998252625 == 998252625 ==&gt; OK
CLI_OUTPUT: /Target1/memdump/action memdump32 0xC000003C 0x58cacaf2
CLI_OUTPUT: ret /Target1/memdump/action memdump32 0xC000003C 0x58cacaf2 ==&gt; done OK retv 0 value 0x58cacaf2
CLI_OUTPUT: /Target1/rpram/action ddal_rpram_get DDAL_RPRAM_USER11
CLI_OUTPUT: ret /Target1/rpram/action ddal_rpram_get DDAL_RPRAM_USER11 ==&gt; done OK retv 0 value 1489685234
SCR_OUTPUT: verified ddal_rpram_get using memdump to write value:: 1489685234 == 1489685234 ==&gt; OK
CLI_OUTPUT: /Target1/memdump/action memdump32 0xC0000040 0x69d34ba5
CLI_OUTPUT: ret /Target1/memdump/action memdump32 0xC0000040 0x69d34ba5 ==&gt; done OK retv 0 value 0x69d34ba5
CLI_OUTPUT: /Target1/rpram/action ddal_rpram_get DDAL_RPRAM_USER12
CLI_OUTPUT: ret /Target1/rpram/action ddal_rpram_get DDAL_RPRAM_USER12 ==&gt; done OK retv 0 value 1775455141
SCR_OUTPUT: verified ddal_rpram_get using memdump to write value:: 1775455141 == 1775455141 ==&gt; OK
CLI_OUTPUT: /Target1/memdump/action memdump32 0xC0000044 0x2f0cfdd1
CLI_OUTPUT: ret /Target1/memdump/action memdump32 0xC0000044 0x2f0cfdd1 ==&gt; done OK retv 0 value 0x2f0cfdd1
CLI_OUTPUT: /Target1/rpram/action ddal_rpram_get DDAL_RPRAM_USER13
CLI_OUTPUT: ret /Target1/rpram/action ddal_rpram_get DDAL_RPRAM_USER13 ==&gt; done OK retv 0 value 789380561
SCR_OUTPUT: verified ddal_rpram_get using memdump to write value:: 789380561 == 789380561 ==&gt; OK
CLI_OUTPUT: /Target1/memdump/action memdump32 0xC0000048 0x7dec8166
CLI_OUTPUT: ret /Target1/memdump/action memdump32 0xC0000048 0x7dec8166 ==&gt; done OK retv 0 value 0x7dec8166
CLI_OUTPUT: /Target1/rpram/action ddal_rpram_get DDAL_RPRAM_USER14
CLI_OUTPUT: ret /Target1/rpram/action ddal_rpram_get DDAL_RPRAM_USER14 ==&gt; done OK retv 0 value 2112651622
SCR_OUTPUT: verified ddal_rpram_get using memdump to write value:: 2112651622 == 2112651622 ==&gt; OK
CLI_OUTPUT: /Target1/memdump/action memdump32 0xC000004C 0x32255bae
CLI_OUTPUT: ret /Target1/memdump/action memdump32 0xC000004C 0x32255bae ==&gt; done OK retv 0 value 0x32255bae
CLI_OUTPUT: /Target1/rpram/action ddal_rpram_get DDAL_RPRAM_USER15
CLI_OUTPUT: ret /Target1/rpram/action ddal_rpram_get DDAL_RPRAM_USER15 ==&gt; done OK retv 0 value 841309102
SCR_OUTPUT: verified ddal_rpram_get using memdump to write value:: 841309102 == 841309102 ==&gt; OK
CLI_OUTPUT: /Target1/memdump/action memdump32 0xC0000020 0x32a6db2c
CLI_OUTPUT: ret /Target1/memdump/action memdump32 0xC0000020 0x32a6db2c ==&gt; done OK retv 0 value 0x32a6db2c
CLI_OUTPUT: /Target1/rpram/action ddal_rpram_get DDAL_RPRAM_HW_INIT_STORAGE
CLI_OUTPUT: ret /Target1/rpram/action ddal_rpram_get DDAL_RPRAM_HW_INIT_STORAGE ==&gt; done OK retv 0 value 849795884
SCR_OUTPUT: verified ddal_rpram_get using memdump to write value:: 849795884 == 849795884 ==&gt; OK
CLI_OUTPUT: /Target1/memdump/action memdump32 0xC0000018 0x6880049d
CLI_OUTPUT: ret /Target1/memdump/action memdump32 0xC0000018 0x6880049d ==&gt; done OK retv 0 value 0x6880049d
CLI_OUTPUT: /Target1/rpram/action ddal_rpram_get DDAL_RPRAM_RESET_TYPE
CLI_OUTPUT: ret /Target1/rpram/action ddal_rpram_get DDAL_RPRAM_RESET_TYPE ==&gt; done OK retv 0 value 1753220253
SCR_OUTPUT: verified ddal_rpram_get using memdump to write value:: 1753220253 == 1753220253 ==&gt; OK
CLI_OUTPUT: /Target1/memdump/action memdump32 0xC0000050 0x2cb09eeb
CLI_OUTPUT: ret /Target1/memdump/action memdump32 0xC0000050 0x2cb09eeb ==&gt; done OK retv 0 value 0x2cb09eeb
CLI_OUTPUT: /Target1/rpram/action ddal_rpram_get DDAL_RPRAM_RESET_LOOP_COUNTER
CLI_OUTPUT: ret /Target1/rpram/action ddal_rpram_get DDAL_RPRAM_RESET_LOOP_COUNTER ==&gt; done OK retv 0 value 749772523
SCR_OUTPUT: verified ddal_rpram_get using memdump to write value:: 749772523 == 749772523 ==&gt; OK
CLI_OUTPUT: /Target1/memdump/action memdump32 0xC000001C 0x7f923226
CLI_OUTPUT: ret /Target1/memdump/action memdump32 0xC000001C 0x7f923226 ==&gt; done OK retv 0 value 0x7f923226
CLI_OUTPUT: /Target1/rpram/action ddal_rpram_get DDAL_RPRAM_ISTI
CLI_OUTPUT: ret /Target1/rpram/action ddal_rpram_get DDAL_RPRAM_ISTI ==&gt; done OK retv 0 value 2140287526
SCR_OUTPUT: verified ddal_rpram_get using memdump to write value:: 2140287526 == 2140287526 ==&gt; OK
CLI_OUTPUT: /Target1/memdump/action memdump32 0xC0000010 0x571c69c4
CLI_OUTPUT: ret /Target1/memdump/action memdump32 0xC0000010 0x571c69c4 ==&gt; done OK retv 0 value 0x571c69c4
CLI_OUTPUT: /Target1/rpram/action ddal_rpram_get DDAL_RPRAM_POR_MAGIC_LOW
CLI_OUTPUT: ret /Target1/rpram/action ddal_rpram_get DDAL_RPRAM_POR_MAGIC_LOW ==&gt; done OK retv 0 value 1461479876
SCR_OUTPUT: verified ddal_rpram_get using memdump to write value:: 1461479876 == 1461479876 ==&gt; OK
CLI_OUTPUT: /Target1/memdump/action memdump32 0xC0000014 0xa6537cc
CLI_OUTPUT: ret /Target1/memdump/action memdump32 0xC0000014 0xa6537cc ==&gt; done OK retv 0 value 0x0a6537cc
CLI_OUTPUT: /Target1/rpram/action ddal_rpram_get DDAL_RPRAM_POR_MAGIC_HIGH
CLI_OUTPUT: ret /Target1/rpram/action ddal_rpram_get DDAL_RPRAM_POR_MAGIC_HIGH ==&gt; done OK retv 0 value 174405580
SCR_OUTPUT: verified ddal_rpram_get using memdump to write value:: 174405580 == 174405580 ==&gt; OK
SCR_OUTPUT: ##### Test Case End: TC_03100_002 PASSED (0)
</system-out>
</testcase>

<testcase classname="HW_03100_basic_rpram_tests" name="TC_03100_002 ddal_rpram_set range check_3" time="1">
<system-out>
SCR_OUTPUT: ##### Test Case Start: TC_03100_002  ddal_rpram_set range check
CLI_OUTPUT: /Target1/memdump/action memdump32 0xC0000000 0x4be35231
CLI_OUTPUT: ret /Target1/memdump/action memdump32 0xC0000000 0x4be35231 ==&gt; done OK retv 0 value 0x4be35231
CLI_OUTPUT: /Target1/rpram/action ddal_rpram_get DDAL_RPRAM_USER1
CLI_OUTPUT: ret /Target1/rpram/action ddal_rpram_get DDAL_RPRAM_USER1 ==&gt; done OK retv 0 value 1273188913
SCR_OUTPUT: verified ddal_rpram_get using memdump to write value:: 1273188913 == 1273188913 ==&gt; OK
CLI_OUTPUT: /Target1/memdump/action memdump32 0xC0000004 0x392a7e22
CLI_OUTPUT: ret /Target1/memdump/action memdump32 0xC0000004 0x392a7e22 ==&gt; done OK retv 0 value 0x392a7e22
CLI_OUTPUT: /Target1/rpram/action ddal_rpram_get DDAL_RPRAM_USER2
CLI_OUTPUT: ret /Target1/rpram/action ddal_rpram_get DDAL_RPRAM_USER2 ==&gt; done OK retv 0 value 959086114
SCR_OUTPUT: verified ddal_rpram_get using memdump to write value:: 959086114 == 959086114 ==&gt; OK
CLI_OUTPUT: /Target1/memdump/action memdump32 0xC0000008 0x14c00e1a
CLI_OUTPUT: ret /Target1/memdump/action memdump32 0xC0000008 0x14c00e1a ==&gt; done OK retv 0 value 0x14c00e1a
CLI_OUTPUT: /Target1/rpram/action ddal_rpram_get DDAL_RPRAM_USER3
CLI_OUTPUT: ret /Target1/rpram/action ddal_rpram_get DDAL_RPRAM_USER3 ==&gt; done OK retv 0 value 348130842
SCR_OUTPUT: verified ddal_rpram_get using memdump to write value:: 348130842 == 348130842 ==&gt; OK
CLI_OUTPUT: /Target1/memdump/action memdump32 0xC000000C 0x4cde5ae3
CLI_OUTPUT: ret /Target1/memdump/action memdump32 0xC000000C 0x4cde5ae3 ==&gt; done OK retv 0 value 0x4cde5ae3
CLI_OUTPUT: /Target1/rpram/action ddal_rpram_get DDAL_RPRAM_USER4
CLI_OUTPUT: ret /Target1/rpram/action ddal_rpram_get DDAL_RPRAM_USER4 ==&gt; done OK retv 0 value 1289640675
SCR_OUTPUT: verified ddal_rpram_get using memdump to write value:: 1289640675 == 1289640675 ==&gt; OK
CLI_OUTPUT: /Target1/memdump/action memdump32 0xC0000024 0x1a225cc3
CLI_OUTPUT: ret /Target1/memdump/action memdump32 0xC0000024 0x1a225cc3 ==&gt; done OK retv 0 value 0x1a225cc3
CLI_OUTPUT: /Target1/rpram/action ddal_rpram_get DDAL_RPRAM_USER5
CLI_OUTPUT: ret /Target1/rpram/action ddal_rpram_get DDAL_RPRAM_USER5 ==&gt; done OK retv 0 value 438459587
SCR_OUTPUT: verified ddal_rpram_get using memdump to write value:: 438459587 == 438459587 ==&gt; OK
CLI_OUTPUT: /Target1/memdump/action memdump32 0xC0000028 0x45f896e6
CLI_OUTPUT: ret /Target1/memdump/action memdump32 0xC0000028 0x45f896e6 ==&gt; done OK retv 0 value 0x45f896e6
CLI_OUTPUT: /Target1/rpram/action ddal_rpram_get DDAL_RPRAM_USER6
CLI_OUTPUT: ret /Target1/rpram/action ddal_rpram_get DDAL_RPRAM_USER6 ==&gt; done OK retv 0 value 1173919462
SCR_OUTPUT: verified ddal_rpram_get using memdump to write value:: 1173919462 == 1173919462 ==&gt; OK
CLI_OUTPUT: /Target1/memdump/action memdump32 0xC000002C 0x437c0085
CLI_OUTPUT: ret /Target1/memdump/action memdump32 0xC000002C 0x437c0085 ==&gt; done OK retv 0 value 0x437c0085
CLI_OUTPUT: /Target1/rpram/action ddal_rpram_get DDAL_RPRAM_USER7
CLI_OUTPUT: ret /Target1/rpram/action ddal_rpram_get DDAL_RPRAM_USER7 ==&gt; done OK retv 0 value 1132200069
SCR_OUTPUT: verified ddal_rpram_get using memdump to write value:: 1132200069 == 1132200069 ==&gt; OK
CLI_OUTPUT: /Target1/memdump/action memdump32 0xC0000030 0x20744fb
CLI_OUTPUT: ret /Target1/memdump/action memdump32 0xC0000030 0x20744fb ==&gt; done OK retv 0 value 0x020744fb
CLI_OUTPUT: /Target1/rpram/action ddal_rpram_get DDAL_RPRAM_USER8
CLI_OUTPUT: ret /Target1/rpram/action ddal_rpram_get DDAL_RPRAM_USER8 ==&gt; done OK retv 0 value 34030843
SCR_OUTPUT: verified ddal_rpram_get using memdump to write value:: 34030843 == 34030843 ==&gt; OK
CLI_OUTPUT: /Target1/memdump/action memdump32 0xC0000034 0x2b41fd6b
CLI_OUTPUT: ret /Target1/memdump/action memdump32 0xC0000034 0x2b41fd6b ==&gt; done OK retv 0 value 0x2b41fd6b
CLI_OUTPUT: /Target1/rpram/action ddal_rpram_get DDAL_RPRAM_USER9
CLI_OUTPUT: ret /Target1/rpram/action ddal_rpram_get DDAL_RPRAM_USER9 ==&gt; done OK retv 0 value 725745003
SCR_OUTPUT: verified ddal_rpram_get using memdump to write value:: 725745003 == 725745003 ==&gt; OK
CLI_OUTPUT: /Target1/memdump/action memdump32 0xC0000038 0x796556ea
CLI_OUTPUT: ret /Target1/memdump/action memdump32 0xC0000038 0x796556ea ==&gt; done OK retv 0 value 0x796556ea
CLI_OUTPUT: /Target1/rpram/action ddal_rpram_get DDAL_RPRAM_USER10
CLI_OUTPUT: ret /Target1/rpram/action ddal_rpram_get DDAL_RPRAM_USER10 ==&gt; done OK retv 0 value 2036684522
SCR_OUTPUT: verified ddal_rpram_get using memdump to write value:: 2036684522 == 2036684522 ==&gt; OK
CLI_OUTPUT: /Target1/memdump/action memdump32 0xC000003C 0x6c2f2674
CLI_OUTPUT: ret /Target1/memdump/action memdump32 0xC000003C 0x6c2f2674 ==&gt; done OK retv 0 value 0x6c2f2674
CLI_OUTPUT: /Target1/rpram/action ddal_rpram_get DDAL_RPRAM_USER11
CLI_OUTPUT: ret /Target1/rpram/action ddal_rpram_get DDAL_RPRAM_USER11 ==&gt; done OK retv 0 value 1815029364
SCR_OUTPUT: verified ddal_rpram_get using memdump to write value:: 1815029364 == 1815029364 ==&gt; OK
CLI_OUTPUT: /Target1/memdump/action memdump32 0xC0000040 0xb874b12
CLI_OUTPUT: ret /Target1/memdump/action memdump32 0xC0000040 0xb874b12 ==&gt; done OK retv 0 value 0x0b874b12
CLI_OUTPUT: /Target1/rpram/action ddal_rpram_get DDAL_RPRAM_USER12
CLI_OUTPUT: ret /Target1/rpram/action ddal_rpram_get DDAL_RPRAM_USER12 ==&gt; done OK retv 0 value 193415954
SCR_OUTPUT: verified ddal_rpram_get using memdump to write value:: 193415954 == 193415954 ==&gt; OK
CLI_OUTPUT: /Target1/memdump/action memdump32 0xC0000044 0x5f51d248
CLI_OUTPUT: ret /Target1/memdump/action memdump32 0xC0000044 0x5f51d248 ==&gt; done OK retv 0 value 0x5f51d248
CLI_OUTPUT: /Target1/rpram/action ddal_rpram_get DDAL_RPRAM_USER13
CLI_OUTPUT: ret /Target1/rpram/action ddal_rpram_get DDAL_RPRAM_USER13 ==&gt; done OK retv 0 value 1599197768
SCR_OUTPUT: verified ddal_rpram_get using memdump to write value:: 1599197768 == 1599197768 ==&gt; OK
CLI_OUTPUT: /Target1/memdump/action memdump32 0xC0000048 0x74c62fbe
CLI_OUTPUT: ret /Target1/memdump/action memdump32 0xC0000048 0x74c62fbe ==&gt; done OK retv 0 value 0x74c62fbe
CLI_OUTPUT: /Target1/rpram/action ddal_rpram_get DDAL_RPRAM_USER14
CLI_OUTPUT: ret /Target1/rpram/action ddal_rpram_get DDAL_RPRAM_USER14 ==&gt; done OK retv 0 value 1959145406
SCR_OUTPUT: verified ddal_rpram_get using memdump to write value:: 1959145406 == 1959145406 ==&gt; OK
CLI_OUTPUT: /Target1/memdump/action memdump32 0xC000004C 0x7f6a6a60
CLI_OUTPUT: ret /Target1/memdump/action memdump32 0xC000004C 0x7f6a6a60 ==&gt; done OK retv 0 value 0x7f6a6a60
CLI_OUTPUT: /Target1/rpram/action ddal_rpram_get DDAL_RPRAM_USER15
CLI_OUTPUT: ret /Target1/rpram/action ddal_rpram_get DDAL_RPRAM_USER15 ==&gt; done OK retv 0 value 2137680480
SCR_OUTPUT: verified ddal_rpram_get using memdump to write value:: 2137680480 == 2137680480 ==&gt; OK
CLI_OUTPUT: /Target1/memdump/action memdump32 0xC0000020 0x236fd189
CLI_OUTPUT: ret /Target1/memdump/action memdump32 0xC0000020 0x236fd189 ==&gt; done OK retv 0 value 0x236fd189
CLI_OUTPUT: /Target1/rpram/action ddal_rpram_get DDAL_RPRAM_HW_INIT_STORAGE
CLI_OUTPUT: ret /Target1/rpram/action ddal_rpram_get DDAL_RPRAM_HW_INIT_STORAGE ==&gt; done OK retv 0 value 594530697
SCR_OUTPUT: verified ddal_rpram_get using memdump to write value:: 594530697 == 594530697 ==&gt; OK
CLI_OUTPUT: /Target1/memdump/action memdump32 0xC0000018 0x2260ed9
CLI_OUTPUT: ret /Target1/memdump/action memdump32 0xC0000018 0x2260ed9 ==&gt; done OK retv 0 value 0x02260ed9
CLI_OUTPUT: /Target1/rpram/action ddal_rpram_get DDAL_RPRAM_RESET_TYPE
CLI_OUTPUT: ret /Target1/rpram/action ddal_rpram_get DDAL_RPRAM_RESET_TYPE ==&gt; done OK retv 0 value 36048601
SCR_OUTPUT: verified ddal_rpram_get using memdump to write value:: 36048601 == 36048601 ==&gt; OK
CLI_OUTPUT: /Target1/memdump/action memdump32 0xC0000050 0x10990b4f
CLI_OUTPUT: ret /Target1/memdump/action memdump32 0xC0000050 0x10990b4f ==&gt; done OK retv 0 value 0x10990b4f
CLI_OUTPUT: /Target1/rpram/action ddal_rpram_get DDAL_RPRAM_RESET_LOOP_COUNTER
CLI_OUTPUT: ret /Target1/rpram/action ddal_rpram_get DDAL_RPRAM_RESET_LOOP_COUNTER ==&gt; done OK retv 0 value 278465359
SCR_OUTPUT: verified ddal_rpram_get using memdump to write value:: 278465359 == 278465359 ==&gt; OK
CLI_OUTPUT: /Target1/memdump/action memdump32 0xC000001C 0x2fb5b9b0
CLI_OUTPUT: ret /Target1/memdump/action memdump32 0xC000001C 0x2fb5b9b0 ==&gt; done OK retv 0 value 0x2fb5b9b0
CLI_OUTPUT: /Target1/rpram/action ddal_rpram_get DDAL_RPRAM_ISTI
CLI_OUTPUT: ret /Target1/rpram/action ddal_rpram_get DDAL_RPRAM_ISTI ==&gt; done OK retv 0 value 800438704
SCR_OUTPUT: verified ddal_rpram_get using memdump to write value:: 800438704 == 800438704 ==&gt; OK
CLI_OUTPUT: /Target1/memdump/action memdump32 0xC0000010 0x43b2af39
CLI_OUTPUT: ret /Target1/memdump/action memdump32 0xC0000010 0x43b2af39 ==&gt; done OK retv 0 value 0x43b2af39
CLI_OUTPUT: /Target1/rpram/action ddal_rpram_get DDAL_RPRAM_POR_MAGIC_LOW
CLI_OUTPUT: ret /Target1/rpram/action ddal_rpram_get DDAL_RPRAM_POR_MAGIC_LOW ==&gt; done OK retv 0 value 1135783737
SCR_OUTPUT: verified ddal_rpram_get using memdump to write value:: 1135783737 == 1135783737 ==&gt; OK
CLI_OUTPUT: /Target1/memdump/action memdump32 0xC0000014 0x80ef083
CLI_OUTPUT: ret /Target1/memdump/action memdump32 0xC0000014 0x80ef083 ==&gt; done OK retv 0 value 0x080ef083
CLI_OUTPUT: /Target1/rpram/action ddal_rpram_get DDAL_RPRAM_POR_MAGIC_HIGH
CLI_OUTPUT: ret /Target1/rpram/action ddal_rpram_get DDAL_RPRAM_POR_MAGIC_HIGH ==&gt; done OK retv 0 value 135196803
SCR_OUTPUT: verified ddal_rpram_get using memdump to write value:: 135196803 == 135196803 ==&gt; OK
SCR_OUTPUT: ##### Test Case End: TC_03100_002 PASSED (0)
</system-out>
</testcase>

<testcase classname="HW_03100_basic_rpram_tests" name="TC_03100_003 ddal_rpram_ set get range check" time="1">
<system-out>
SCR_OUTPUT: ##### Test Case Start: TC_03100_003  ddal_rpram_ set get range check
CLI_OUTPUT: /Target1/rpram/action ddal_rpram_get BAD_VALUE
CLI_OUTPUT: ret /Target1/rpram/action ddal_rpram_get BAD_VALUE ==&gt; done fail retv -22 errstr Invalid argument
SCR_OUTPUT: *** Error: FS_PostFMonMsg_SCRIPT: ret /Target1/rpram/action ddal_rpram_get BAD_VALUE ==&gt; done fail retv -22 errstr Invalid argument
SCR_OUTPUT: *** Error: ddal_rpram_get fails with invalid parameters == &gt; OK
CLI_OUTPUT: /Target1/rpram/action ddal_rpram_set BAD_VALUE 5
CLI_OUTPUT: ret /Target1/rpram/action ddal_rpram_set BAD_VALUE 5 ==&gt; done fail retv -22 errstr Invalid argument
SCR_OUTPUT: *** Error: FS_PostFMonMsg_SCRIPT: ret /Target1/rpram/action ddal_rpram_set BAD_VALUE 5 ==&gt; done fail retv -22 errstr Invalid argument
SCR_OUTPUT: *** Error: ddal_rpram_set fails with invalid parameters == &gt; OK
SCR_OUTPUT: ##### Test Case End: TC_03100_003 PASSED (0)
</system-out>
</testcase>

<testcase classname="HW_03100_basic_rpram_tests" name="TC_03100_003 ddal_rpram_ set get range check_1" time="1">
<system-out>
SCR_OUTPUT: ##### Test Case Start: TC_03100_003  ddal_rpram_ set get range check
CLI_OUTPUT: /Target1/rpram/action ddal_rpram_get BAD_VALUE
CLI_OUTPUT: ret /Target1/rpram/action ddal_rpram_get BAD_VALUE ==&gt; done fail retv -22 errstr Invalid argument
SCR_OUTPUT: *** Error: FS_PostFMonMsg_SCRIPT: ret /Target1/rpram/action ddal_rpram_get BAD_VALUE ==&gt; done fail retv -22 errstr Invalid argument
SCR_OUTPUT: *** Error: ddal_rpram_get fails with invalid parameters == &gt; OK
CLI_OUTPUT: /Target1/rpram/action ddal_rpram_set BAD_VALUE 5
CLI_OUTPUT: ret /Target1/rpram/action ddal_rpram_set BAD_VALUE 5 ==&gt; done fail retv -22 errstr Invalid argument
SCR_OUTPUT: *** Error: FS_PostFMonMsg_SCRIPT: ret /Target1/rpram/action ddal_rpram_set BAD_VALUE 5 ==&gt; done fail retv -22 errstr Invalid argument
SCR_OUTPUT: *** Error: ddal_rpram_set fails with invalid parameters == &gt; OK
SCR_OUTPUT: ##### Test Case End: TC_03100_003 PASSED (0)
</system-out>
</testcase>

<testcase classname="HW_03100_basic_rpram_tests" name="TC_03100_003 ddal_rpram_ set get range check_2" time="1">
<system-out>
SCR_OUTPUT: ##### Test Case Start: TC_03100_003  ddal_rpram_ set get range check
CLI_OUTPUT: /Target1/rpram/action ddal_rpram_get BAD_VALUE
CLI_OUTPUT: ret /Target1/rpram/action ddal_rpram_get BAD_VALUE ==&gt; done fail retv -22 errstr Invalid argument
SCR_OUTPUT: *** Error: FS_PostFMonMsg_SCRIPT: ret /Target1/rpram/action ddal_rpram_get BAD_VALUE ==&gt; done fail retv -22 errstr Invalid argument
SCR_OUTPUT: *** Error: ddal_rpram_get fails with invalid parameters == &gt; OK
CLI_OUTPUT: /Target1/rpram/action ddal_rpram_set BAD_VALUE 5
CLI_OUTPUT: ret /Target1/rpram/action ddal_rpram_set BAD_VALUE 5 ==&gt; done fail retv -22 errstr Invalid argument
SCR_OUTPUT: *** Error: FS_PostFMonMsg_SCRIPT: ret /Target1/rpram/action ddal_rpram_set BAD_VALUE 5 ==&gt; done fail retv -22 errstr Invalid argument
SCR_OUTPUT: *** Error: ddal_rpram_set fails with invalid parameters == &gt; OK
SCR_OUTPUT: ##### Test Case End: TC_03100_003 PASSED (0)
</system-out>
</testcase>

<testcase classname="HW_03100_basic_rpram_tests" name="TC_03100_003 ddal_rpram_ set get range check_3" time="1">
<system-out>
SCR_OUTPUT: ##### Test Case Start: TC_03100_003  ddal_rpram_ set get range check
CLI_OUTPUT: /Target1/rpram/action ddal_rpram_get BAD_VALUE
CLI_OUTPUT: ret /Target1/rpram/action ddal_rpram_get BAD_VALUE ==&gt; done fail retv -22 errstr Invalid argument
SCR_OUTPUT: *** Error: FS_PostFMonMsg_SCRIPT: ret /Target1/rpram/action ddal_rpram_get BAD_VALUE ==&gt; done fail retv -22 errstr Invalid argument
SCR_OUTPUT: *** Error: ddal_rpram_get fails with invalid parameters == &gt; OK
CLI_OUTPUT: /Target1/rpram/action ddal_rpram_set BAD_VALUE 5
CLI_OUTPUT: ret /Target1/rpram/action ddal_rpram_set BAD_VALUE 5 ==&gt; done fail retv -22 errstr Invalid argument
SCR_OUTPUT: *** Error: FS_PostFMonMsg_SCRIPT: ret /Target1/rpram/action ddal_rpram_set BAD_VALUE 5 ==&gt; done fail retv -22 errstr Invalid argument
SCR_OUTPUT: *** Error: ddal_rpram_set fails with invalid parameters == &gt; OK
SCR_OUTPUT: ##### Test Case End: TC_03100_003 PASSED (0)
</system-out>
</testcase>

<testcase classname="HW_03100_basic_rpram_tests" name="TC_03100_004 write data; reboot; verify data" time="32">
<system-out>
SCR_OUTPUT: ##### Test Case Start: TC_03100_004  write data; reboot; verify data
CLI_OUTPUT: /Target1/rpram/action ddal_rpram_set DDAL_RPRAM_USER1 1533464394
CLI_OUTPUT: ret /Target1/rpram/action ddal_rpram_set DDAL_RPRAM_USER1 1533464394 ==&gt; done OK retv 0
SCR_OUTPUT: called ddal_rpram_set DDAL_RPRAM_USER1 1533464394  ==&gt; OK
CLI_OUTPUT: /Target1/rpram/action ddal_rpram_set DDAL_RPRAM_USER2 1533464395
CLI_OUTPUT: ret /Target1/rpram/action ddal_rpram_set DDAL_RPRAM_USER2 1533464395 ==&gt; done OK retv 0
SCR_OUTPUT: called ddal_rpram_set DDAL_RPRAM_USER2 1533464395  ==&gt; OK
CLI_OUTPUT: /Target1/rpram/action ddal_rpram_set DDAL_RPRAM_USER3 1533464396
CLI_OUTPUT: ret /Target1/rpram/action ddal_rpram_set DDAL_RPRAM_USER3 1533464396 ==&gt; done OK retv 0
SCR_OUTPUT: called ddal_rpram_set DDAL_RPRAM_USER3 1533464396  ==&gt; OK
CLI_OUTPUT: /Target1/rpram/action ddal_rpram_set DDAL_RPRAM_USER4 1533464397
CLI_OUTPUT: ret /Target1/rpram/action ddal_rpram_set DDAL_RPRAM_USER4 1533464397 ==&gt; done OK retv 0
SCR_OUTPUT: called ddal_rpram_set DDAL_RPRAM_USER4 1533464397  ==&gt; OK
CLI_OUTPUT: /Target1/rpram/action ddal_rpram_set DDAL_RPRAM_USER5 1533464398
CLI_OUTPUT: ret /Target1/rpram/action ddal_rpram_set DDAL_RPRAM_USER5 1533464398 ==&gt; done OK retv 0
SCR_OUTPUT: called ddal_rpram_set DDAL_RPRAM_USER5 1533464398  ==&gt; OK
CLI_OUTPUT: /Target1/rpram/action ddal_rpram_set DDAL_RPRAM_USER6 1533464399
CLI_OUTPUT: ret /Target1/rpram/action ddal_rpram_set DDAL_RPRAM_USER6 1533464399 ==&gt; done OK retv 0
SCR_OUTPUT: called ddal_rpram_set DDAL_RPRAM_USER6 1533464399  ==&gt; OK
CLI_OUTPUT: /Target1/rpram/action ddal_rpram_set DDAL_RPRAM_USER7 1533464400
CLI_OUTPUT: ret /Target1/rpram/action ddal_rpram_set DDAL_RPRAM_USER7 1533464400 ==&gt; done OK retv 0
SCR_OUTPUT: called ddal_rpram_set DDAL_RPRAM_USER7 1533464400  ==&gt; OK
CLI_OUTPUT: /Target1/rpram/action ddal_rpram_set DDAL_RPRAM_USER8 1533464401
CLI_OUTPUT: ret /Target1/rpram/action ddal_rpram_set DDAL_RPRAM_USER8 1533464401 ==&gt; done OK retv 0
SCR_OUTPUT: called ddal_rpram_set DDAL_RPRAM_USER8 1533464401  ==&gt; OK
CLI_OUTPUT: /Target1/rpram/action ddal_rpram_set DDAL_RPRAM_USER9 1533464402
CLI_OUTPUT: ret /Target1/rpram/action ddal_rpram_set DDAL_RPRAM_USER9 1533464402 ==&gt; done OK retv 0
SCR_OUTPUT: called ddal_rpram_set DDAL_RPRAM_USER9 1533464402  ==&gt; OK
CLI_OUTPUT: /Target1/rpram/action ddal_rpram_set DDAL_RPRAM_USER10 1533464403
CLI_OUTPUT: ret /Target1/rpram/action ddal_rpram_set DDAL_RPRAM_USER10 1533464403 ==&gt; done OK retv 0
SCR_OUTPUT: called ddal_rpram_set DDAL_RPRAM_USER10 1533464403  ==&gt; OK
CLI_OUTPUT: /Target1/rpram/action ddal_rpram_set DDAL_RPRAM_USER11 1533464404
CLI_OUTPUT: ret /Target1/rpram/action ddal_rpram_set DDAL_RPRAM_USER11 1533464404 ==&gt; done OK retv 0
SCR_OUTPUT: called ddal_rpram_set DDAL_RPRAM_USER11 1533464404  ==&gt; OK
CLI_OUTPUT: /Target1/rpram/action ddal_rpram_set DDAL_RPRAM_USER12 1533464405
CLI_OUTPUT: ret /Target1/rpram/action ddal_rpram_set DDAL_RPRAM_USER12 1533464405 ==&gt; done OK retv 0
SCR_OUTPUT: called ddal_rpram_set DDAL_RPRAM_USER12 1533464405  ==&gt; OK
CLI_OUTPUT: /Target1/rpram/action ddal_rpram_set DDAL_RPRAM_USER13 1533464406
CLI_OUTPUT: ret /Target1/rpram/action ddal_rpram_set DDAL_RPRAM_USER13 1533464406 ==&gt; done OK retv 0
SCR_OUTPUT: called ddal_rpram_set DDAL_RPRAM_USER13 1533464406  ==&gt; OK
CLI_OUTPUT: /Target1/rpram/action ddal_rpram_set DDAL_RPRAM_USER14 1533464407
CLI_OUTPUT: ret /Target1/rpram/action ddal_rpram_set DDAL_RPRAM_USER14 1533464407 ==&gt; done OK retv 0
SCR_OUTPUT: called ddal_rpram_set DDAL_RPRAM_USER14 1533464407  ==&gt; OK
CLI_OUTPUT: /Target1/rpram/action ddal_rpram_set DDAL_RPRAM_USER15 1533464408
CLI_OUTPUT: ret /Target1/rpram/action ddal_rpram_set DDAL_RPRAM_USER15 1533464408 ==&gt; done OK retv 0
SCR_OUTPUT: called ddal_rpram_set DDAL_RPRAM_USER15 1533464408  ==&gt; OK
CLI_OUTPUT: /Target1/rpram/action ddal_rpram_set DDAL_RPRAM_HW_INIT_STORAGE 1533464409
CLI_OUTPUT: ret /Target1/rpram/action ddal_rpram_set DDAL_RPRAM_HW_INIT_STORAGE 1533464409 ==&gt; done OK retv 0
SCR_OUTPUT: called ddal_rpram_set DDAL_RPRAM_HW_INIT_STORAGE 1533464409  ==&gt; OK
CLI_OUTPUT: /Target1/rpram/action ddal_rpram_set DDAL_RPRAM_RESET_TYPE 1533464410
CLI_OUTPUT: ret /Target1/rpram/action ddal_rpram_set DDAL_RPRAM_RESET_TYPE 1533464410 ==&gt; done OK retv 0
SCR_OUTPUT: called ddal_rpram_set DDAL_RPRAM_RESET_TYPE 1533464410  ==&gt; OK
CLI_OUTPUT: /Target1/rpram/action ddal_rpram_set DDAL_RPRAM_ISTI 1533464411
CLI_OUTPUT: ret /Target1/rpram/action ddal_rpram_set DDAL_RPRAM_ISTI 1533464411 ==&gt; done OK retv 0
SCR_OUTPUT: called ddal_rpram_set DDAL_RPRAM_ISTI 1533464411  ==&gt; OK
CLI_OUTPUT: /Target1/rpram/action ddal_rpram_set DDAL_RPRAM_POR_MAGIC_LOW 1533464412
CLI_OUTPUT: ret /Target1/rpram/action ddal_rpram_set DDAL_RPRAM_POR_MAGIC_LOW 1533464412 ==&gt; done OK retv 0
SCR_OUTPUT: called ddal_rpram_set DDAL_RPRAM_POR_MAGIC_LOW 1533464412  ==&gt; OK
CLI_OUTPUT: /Target1/rpram/action ddal_rpram_set DDAL_RPRAM_POR_MAGIC_HIGH 1533464413
CLI_OUTPUT: ret /Target1/rpram/action ddal_rpram_set DDAL_RPRAM_POR_MAGIC_HIGH 1533464413 ==&gt; done OK retv 0
SCR_OUTPUT: called ddal_rpram_set DDAL_RPRAM_POR_MAGIC_HIGH 1533464413  ==&gt; OK
SCR_OUTPUT: Start reboot.
CLI_OUTPUT: /Target1/cmd/action cmd reboot
CLI_OUTPUT: ret /Target1/cmd/action cmd reboot ==&gt; done OK retw=0
SCR_OUTPUT: Wait until reboot is in progess ...
SCR_OUTPUT: 0
CLI_OUTPUT: /Target1/cmd/action cmd echo 0 
CLI_OUTPUT: ret /Target1/cmd/action cmd echo 0 ==&gt; done OK retw=0
SCR_OUTPUT: 1
CLI_OUTPUT: /Target1/cmd/action cmd echo 1 
CLI_OUTPUT: ret /Target1/cmd/action cmd echo 1 ==&gt; done OK retw=0
SCR_OUTPUT: 2
CLI_OUTPUT: /Target1/cmd/action cmd echo 2 
CLI_OUTPUT: ret /Target1/cmd/action cmd echo 2 ==&gt; done OK retw=0
SCR_OUTPUT: 3
CLI_OUTPUT: /Target1/cmd/action cmd echo 3 
CLI_OUTPUT: ret /Target1/cmd/action cmd echo 3 ==&gt; done OK retw=0
SCR_OUTPUT: 4
CLI_OUTPUT: /Target1/cmd/action cmd echo 4 
CLI_OUTPUT: ret /Target1/cmd/action cmd echo 4 ==&gt; done OK retw=0
SCR_OUTPUT: 5
CLI_OUTPUT: /Target1/cmd/action cmd echo 5 
CLI_OUTPUT: ret /Target1/cmd/action cmd echo 5 ==&gt; done OK retw=0
SCR_OUTPUT: 6
CLI_OUTPUT: /Target1/cmd/action cmd echo 6 
CLI_OUTPUT: ret /Target1/cmd/action cmd echo 6 ==&gt; done OK retw=0
SCR_OUTPUT: 7
CLI_OUTPUT: /Target1/cmd/action cmd echo 7 
CLI_OUTPUT: ret /Target1/cmd/action cmd echo 7 ==&gt; done OK retw=0
SCR_OUTPUT: 8
CLI_OUTPUT: /Target1/cmd/action cmd echo 8 
CLI_OUTPUT: ret /Target1/cmd/action cmd echo 8 ==&gt; done OK retw=0
SCR_OUTPUT: 9
CLI_OUTPUT: /Target1/cmd/action cmd echo 9 
CLI_OUTPUT: ret /Target1/cmd/action cmd echo 9 ==&gt; done OK retw=0
SCR_OUTPUT: 10
CLI_OUTPUT: /Target1/cmd/action cmd echo 10 
CLI_OUTPUT: ret /Target1/cmd/action cmd echo 10 ==&gt; done OK retw=0
SCR_OUTPUT: 11
CLI_OUTPUT: /Target1/cmd/action cmd echo 11 
CLI_OUTPUT: ret /Target1/cmd/action cmd echo 11 ==&gt; done OK retw=0
SCR_OUTPUT: 12
CLI_OUTPUT: /Target1/cmd/action cmd echo 12 
CLI_OUTPUT: ret /Target1/cmd/action cmd echo 12 ==&gt; done OK retw=0
SCR_OUTPUT: 13
CLI_OUTPUT: /Target1/cmd/action cmd echo 13 
CLI_OUTPUT: ret /Target1/cmd/action cmd echo 13 ==&gt; done OK retw=0
SCR_OUTPUT: 14
CLI_OUTPUT: /Target1/cmd/action cmd echo 14 
CLI_OUTPUT: ret /Target1/cmd/action cmd echo 14 ==&gt; done OK retw=0
SCR_OUTPUT: 15
CLI_OUTPUT: /Target1/cmd/action cmd echo 15 
DLG_OUTPUT: {FMon Error:} {Connection To Communication Channel:  Target1  Lost !} error 0 OK
SCR_OUTPUT: Wait until is comming up!
SCR_OUTPUT: open_cc: Target1
DLG_OUTPUT: {FMon Error:} {Connection To Communication Channel:  Target1  Lost !} error 0 OK
DLG_OUTPUT: {FMon Error:} {Connection To Communication Channel:  Target1  Lost !} error 0 OK
DLG_OUTPUT: {FMon Error:} {Connection To Communication Channel:  Target1  Lost !} error 0 OK
DLG_OUTPUT: {FMon Error:} {Connection To Communication Channel:  Target1  Lost !} error 0 OK
DLG_OUTPUT: {FMon Error:} {Connection To Communication Channel:  Target1  Lost !} error 0 OK
DLG_OUTPUT: {FMon Error:} {Connection To Communication Channel:  Target1  Lost !} error 0 OK
DLG_OUTPUT: {FMon Error:} {Connection To Communication Channel:  Target1  Lost !} error 0 OK
DLG_OUTPUT: {FMon Error:} {Connection To Communication Channel:  Target1  Lost !} error 0 OK
DLG_OUTPUT: {FMon Error:} {Connection To Communication Channel:  Target1  Lost !} error 0 OK
CLI_OUTPUT: /Target1/get noti_switch global
CLI_OUTPUT: ret /Target1/get noti_switch global ==&gt; on
CLI_OUTPUT: /Target1/get sw_info
CLI_OUTPUT: ret /Target1/get sw_info ==&gt; CCMon2 2.5.4 ready
SCR_OUTPUT: open_cc: Target1 OK
SCR_OUTPUT: open_cc: Target1
CLI_OUTPUT: /Target1/get noti_switch global
CLI_OUTPUT: ret /Target1/get noti_switch global ==&gt; on
CLI_OUTPUT: /Target1/get sw_info
CLI_OUTPUT: ret /Target1/get sw_info ==&gt; CCMon2 2.5.4 ready
SCR_OUTPUT: open_cc: Target1 OK
CLI_OUTPUT: /Target1/cmd/get sw_info
CLI_OUTPUT: ret /Target1/cmd/get sw_info ==&gt; error 201 unknown dispatcher or agent
CLI_OUTPUT: /Target1/action load agent /opt/ccmon/cmdagent cmd
CLI_OUTPUT: ret /Target1/action load agent /opt/ccmon/cmdagent cmd ==&gt; done OK
CLI_OUTPUT: /Target1/cmd/action init cmd
CLI_OUTPUT: ret /Target1/cmd/action init cmd ==&gt; done OK
CLI_OUTPUT: /Target1/cmd/action exec uname -a
CLI_OUTPUT: ret /Target1/cmd/action exec uname -a ==&gt; done ok 0 0 {Linux fcmd15 3.14.51-g82d8086-fcmd #1 PREEMPT Thu Oct 29 17:38:53 UTC 2015 ppc GNU/Linux}
CLI_OUTPUT: /Target1/cmd/action exec ifconfig
CLI_OUTPUT: ret /Target1/cmd/action exec ifconfig ==&gt; done ok 0 0 {eth0 Link encap:Ethernet HWaddr 00:04:AC:E3:0F:75} {inet addr:129.168.4.185 Bcast:129.168.255.255 Mask:255.255.0.0} {inet6 addr: fe80::204:acff:fee3:f75%3215236224/64 Scope:Link} {UP BROADCAST RUNNING MULTICAST MTU:1500 Metric:1} {RX packets:185 errors:0 dropped:51 overruns:0 frame:0} {TX packets:32 errors:0 dropped:0 overruns:0 carrier:0} {collisions:0 txqueuelen:1000} {RX bytes:17376 (16.9 KiB) TX bytes:3596 (3.5 KiB)} {Base address:0x8000} {} {lo Link encap:Local Loopback} {inet addr:127.0.0.1 Mask:255.0.0.0} {inet6 addr: ::1%3215236224/128 Scope:Host} {UP LOOPBACK RUNNING MTU:65536 Metric:1} {RX packets:486 errors:0 dropped:0 overruns:0 frame:0} {TX packets:486 errors:0 dropped:0 overruns:0 carrier:0} {collisions:0 txqueuelen:0} {RX bytes:77226 (75.4 KiB) TX bytes:77226 (75.4 KiB)} {}
SCR_OUTPUT: Target IP: inet addr:129.168.4.185 Bcast:129.168.255.255 Mask:255.255.0.0
CLI_OUTPUT: /Target1/cmd/action exec &quot;cat /etc/psl_version&quot;
CLI_OUTPUT: ret /Target1/cmd/action exec &quot;cat /etc/psl_version&quot; ==&gt; done ok 0 0 {PS_LFS_OS_2015_11_0017 (fcmd)}
SCR_OUTPUT: PSL Version: PS_LFS_OS_2015_11_0017 (fcmd)
SCR_OUTPUT: BOS Version: 
CLI_OUTPUT: /Target1/cmd/action cmd &quot;ls /etc/build_infos&quot;
CLI_OUTPUT: ret /Target1/cmd/action cmd &quot;ls /etc/build_infos&quot; ==&gt; done fail retw=256
SCR_OUTPUT: System Type: FCM2
CLI_OUTPUT: /Target1/cmd/action cmd &quot;ls /opt/ccmon/memdump_agent &gt; /dev/null&quot;
CLI_OUTPUT: ret /Target1/cmd/action cmd &quot;ls /opt/ccmon/memdump_agent &gt; /dev/null&quot; ==&gt; done OK retw=0
CLI_OUTPUT: /Target1/memdump/get sw_info
CLI_OUTPUT: ret /Target1/memdump/get sw_info ==&gt; error 201 unknown dispatcher or agent
CLI_OUTPUT: /Target1/action load agent /opt/ccmon/memdump_agent memdump
CLI_OUTPUT: ret /Target1/action load agent /opt/ccmon/memdump_agent memdump ==&gt; done OK
CLI_OUTPUT: /Target1/memdump/action init memdump
CLI_OUTPUT: ret /Target1/memdump/action init memdump ==&gt; done OK
CLI_OUTPUT: /Target1/cmd/action cmd &quot;ls /opt/ccmon/ddal_sfn_ccmon_agent &gt; /dev/null&quot;
CLI_OUTPUT: ret /Target1/cmd/action cmd &quot;ls /opt/ccmon/ddal_sfn_ccmon_agent &gt; /dev/null&quot; ==&gt; done OK retw=0
CLI_OUTPUT: /Target1/sfn/get sw_info
CLI_OUTPUT: ret /Target1/sfn/get sw_info ==&gt; error 201 unknown dispatcher or agent
CLI_OUTPUT: /Target1/action load agent /opt/ccmon/ddal_sfn_ccmon_agent sfn
CLI_OUTPUT: ret /Target1/action load agent /opt/ccmon/ddal_sfn_ccmon_agent sfn ==&gt; done OK
CLI_OUTPUT: /Target1/sfn/action init sfn
CLI_OUTPUT: ret /Target1/sfn/action init sfn ==&gt; done OK
CLI_OUTPUT: /Target1/cmd/action cmd &quot;ls /opt/ccmon/ddal_reset_ccmon_agent &gt; /dev/null&quot;
CLI_OUTPUT: ret /Target1/cmd/action cmd &quot;ls /opt/ccmon/ddal_reset_ccmon_agent &gt; /dev/null&quot; ==&gt; done OK retw=0
CLI_OUTPUT: /Target1/reset/get sw_info
CLI_OUTPUT: ret /Target1/reset/get sw_info ==&gt; error 201 unknown dispatcher or agent
CLI_OUTPUT: /Target1/action load agent /opt/ccmon/ddal_reset_ccmon_agent reset
CLI_OUTPUT: ret /Target1/action load agent /opt/ccmon/ddal_reset_ccmon_agent reset ==&gt; done OK
CLI_OUTPUT: /Target1/reset/action init reset
CLI_OUTPUT: ret /Target1/reset/action init reset ==&gt; done OK
CLI_OUTPUT: /Target1/cmd/action cmd &quot;ls /opt/ccmon/ddal_power_ccmon_agent &gt; /dev/null&quot;
CLI_OUTPUT: ret /Target1/cmd/action cmd &quot;ls /opt/ccmon/ddal_power_ccmon_agent &gt; /dev/null&quot; ==&gt; done OK retw=0
CLI_OUTPUT: /Target1/power/get sw_info
CLI_OUTPUT: ret /Target1/power/get sw_info ==&gt; error 201 unknown dispatcher or agent
CLI_OUTPUT: /Target1/action load agent /opt/ccmon/ddal_power_ccmon_agent power
CLI_OUTPUT: ret /Target1/action load agent /opt/ccmon/ddal_power_ccmon_agent power ==&gt; done OK
CLI_OUTPUT: /Target1/power/action init power
CLI_OUTPUT: ret /Target1/power/action init power ==&gt; done OK
CLI_OUTPUT: /Target1/cmd/action cmd &quot;ls /opt/ccmon/ddal_l2mem_ccmon_agent &gt; /dev/null&quot;
CLI_OUTPUT: ret /Target1/cmd/action cmd &quot;ls /opt/ccmon/ddal_l2mem_ccmon_agent &gt; /dev/null&quot; ==&gt; done OK retw=0
CLI_OUTPUT: /Target1/l2mem/get sw_info
CLI_OUTPUT: ret /Target1/l2mem/get sw_info ==&gt; error 201 unknown dispatcher or agent
CLI_OUTPUT: /Target1/action load agent /opt/ccmon/ddal_l2mem_ccmon_agent l2mem
CLI_OUTPUT: ret /Target1/action load agent /opt/ccmon/ddal_l2mem_ccmon_agent l2mem ==&gt; done OK
CLI_OUTPUT: /Target1/l2mem/action init l2mem
CLI_OUTPUT: ret /Target1/l2mem/action init l2mem ==&gt; done OK
CLI_OUTPUT: /Target1/cmd/action cmd &quot;ls /opt/ccmon/ddal_clk_ccmon_agent &gt; /dev/null&quot;
CLI_OUTPUT: ret /Target1/cmd/action cmd &quot;ls /opt/ccmon/ddal_clk_ccmon_agent &gt; /dev/null&quot; ==&gt; done OK retw=0
CLI_OUTPUT: /Target1/clk/get sw_info
CLI_OUTPUT: ret /Target1/clk/get sw_info ==&gt; error 201 unknown dispatcher or agent
CLI_OUTPUT: /Target1/action load agent /opt/ccmon/ddal_clk_ccmon_agent clk
CLI_OUTPUT: ret /Target1/action load agent /opt/ccmon/ddal_clk_ccmon_agent clk ==&gt; done OK
CLI_OUTPUT: /Target1/clk/action init clk
CLI_OUTPUT: ret /Target1/clk/action init clk ==&gt; done OK
CLI_OUTPUT: /Target1/cmd/action cmd &quot;ls /opt/ccmon/ddal_id_ccmon_agent &gt; /dev/null&quot;
CLI_OUTPUT: ret /Target1/cmd/action cmd &quot;ls /opt/ccmon/ddal_id_ccmon_agent &gt; /dev/null&quot; ==&gt; done OK retw=0
CLI_OUTPUT: /Target1/id/get sw_info
CLI_OUTPUT: ret /Target1/id/get sw_info ==&gt; error 201 unknown dispatcher or agent
CLI_OUTPUT: /Target1/action load agent /opt/ccmon/ddal_id_ccmon_agent id
CLI_OUTPUT: ret /Target1/action load agent /opt/ccmon/ddal_id_ccmon_agent id ==&gt; done OK
CLI_OUTPUT: /Target1/id/action init id
CLI_OUTPUT: ret /Target1/id/action init id ==&gt; done OK
CLI_OUTPUT: /Target1/cmd/action cmd &quot;ls /opt/ccmon/ddal_led_ccmon_agent &gt; /dev/null&quot;
CLI_OUTPUT: ret /Target1/cmd/action cmd &quot;ls /opt/ccmon/ddal_led_ccmon_agent &gt; /dev/null&quot; ==&gt; done OK retw=0
CLI_OUTPUT: /Target1/led/get sw_info
CLI_OUTPUT: ret /Target1/led/get sw_info ==&gt; error 201 unknown dispatcher or agent
CLI_OUTPUT: /Target1/action load agent /opt/ccmon/ddal_led_ccmon_agent led
CLI_OUTPUT: ret /Target1/action load agent /opt/ccmon/ddal_led_ccmon_agent led ==&gt; done OK
CLI_OUTPUT: /Target1/led/action init led
CLI_OUTPUT: ret /Target1/led/action init led ==&gt; done OK
CLI_OUTPUT: /Target1/cmd/action cmd &quot;ls /opt/ccmon/ddal_lx2_ccmon_agent &gt; /dev/null&quot;
CLI_OUTPUT: ret /Target1/cmd/action cmd &quot;ls /opt/ccmon/ddal_lx2_ccmon_agent &gt; /dev/null&quot; ==&gt; done OK retw=0
CLI_OUTPUT: /Target1/lx2/get sw_info
CLI_OUTPUT: ret /Target1/lx2/get sw_info ==&gt; error 201 unknown dispatcher or agent
CLI_OUTPUT: /Target1/action load agent /opt/ccmon/ddal_lx2_ccmon_agent lx2
CLI_OUTPUT: ret /Target1/action load agent /opt/ccmon/ddal_lx2_ccmon_agent lx2 ==&gt; done OK
CLI_OUTPUT: /Target1/lx2/action init lx2
CLI_OUTPUT: ret /Target1/lx2/action init lx2 ==&gt; done OK
CLI_OUTPUT: /Target1/cmd/action cmd &quot;ls /opt/ccmon/ddal_rpram_ccmon_agent &gt; /dev/null&quot;
CLI_OUTPUT: ret /Target1/cmd/action cmd &quot;ls /opt/ccmon/ddal_rpram_ccmon_agent &gt; /dev/null&quot; ==&gt; done OK retw=0
CLI_OUTPUT: /Target1/rpram/get sw_info
CLI_OUTPUT: ret /Target1/rpram/get sw_info ==&gt; error 201 unknown dispatcher or agent
CLI_OUTPUT: /Target1/action load agent /opt/ccmon/ddal_rpram_ccmon_agent rpram
CLI_OUTPUT: ret /Target1/action load agent /opt/ccmon/ddal_rpram_ccmon_agent rpram ==&gt; done OK
CLI_OUTPUT: /Target1/rpram/action init rpram
CLI_OUTPUT: ret /Target1/rpram/action init rpram ==&gt; done OK
CLI_OUTPUT: /Target1/cmd/action cmd &quot;ls /opt/ccmon/ddal_pwrmon_ccmon_agent &gt; /dev/null&quot;
CLI_OUTPUT: ret /Target1/cmd/action cmd &quot;ls /opt/ccmon/ddal_pwrmon_ccmon_agent &gt; /dev/null&quot; ==&gt; done OK retw=0
CLI_OUTPUT: /Target1/powermon/get sw_info
CLI_OUTPUT: ret /Target1/powermon/get sw_info ==&gt; error 201 unknown dispatcher or agent
CLI_OUTPUT: /Target1/action load agent /opt/ccmon/ddal_pwrmon_ccmon_agent powermon
CLI_OUTPUT: ret /Target1/action load agent /opt/ccmon/ddal_pwrmon_ccmon_agent powermon ==&gt; done OK
CLI_OUTPUT: /Target1/powermon/action init powermon
CLI_OUTPUT: ret /Target1/powermon/action init powermon ==&gt; done OK
CLI_OUTPUT: /Target1/cmd/action cmd &quot;ls /opt/ccmon/ddal_eeprom_ccmon_agent &gt; /dev/null&quot;
CLI_OUTPUT: ret /Target1/cmd/action cmd &quot;ls /opt/ccmon/ddal_eeprom_ccmon_agent &gt; /dev/null&quot; ==&gt; done OK retw=0
CLI_OUTPUT: /Target1/eeprom/get sw_info
CLI_OUTPUT: ret /Target1/eeprom/get sw_info ==&gt; error 201 unknown dispatcher or agent
CLI_OUTPUT: /Target1/action load agent /opt/ccmon/ddal_eeprom_ccmon_agent eeprom
CLI_OUTPUT: ret /Target1/action load agent /opt/ccmon/ddal_eeprom_ccmon_agent eeprom ==&gt; done OK
CLI_OUTPUT: /Target1/eeprom/action init eeprom
CLI_OUTPUT: ret /Target1/eeprom/action init eeprom ==&gt; done OK
CLI_OUTPUT: /Target1/cmd/action cmd &quot;ls /opt/ccmon/ddal_genesis_ccmon_agent &gt; /dev/null&quot;
CLI_OUTPUT: ret /Target1/cmd/action cmd &quot;ls /opt/ccmon/ddal_genesis_ccmon_agent &gt; /dev/null&quot; ==&gt; done OK retw=0
CLI_OUTPUT: /Target1/genesis/get sw_info
CLI_OUTPUT: ret /Target1/genesis/get sw_info ==&gt; error 201 unknown dispatcher or agent
CLI_OUTPUT: /Target1/action load agent /opt/ccmon/ddal_genesis_ccmon_agent genesis
CLI_OUTPUT: ret /Target1/action load agent /opt/ccmon/ddal_genesis_ccmon_agent genesis ==&gt; done OK
CLI_OUTPUT: /Target1/genesis/action init genesis
CLI_OUTPUT: ret /Target1/genesis/action init genesis ==&gt; done OK
CLI_OUTPUT: /Target1/cmd/action cmd &quot;ls /opt/ccmon/ddal_temperature_ccmon_agent &gt; /dev/null&quot;
CLI_OUTPUT: ret /Target1/cmd/action cmd &quot;ls /opt/ccmon/ddal_temperature_ccmon_agent &gt; /dev/null&quot; ==&gt; done OK retw=0
CLI_OUTPUT: /Target1/temperature/get sw_info
CLI_OUTPUT: ret /Target1/temperature/get sw_info ==&gt; error 201 unknown dispatcher or agent
CLI_OUTPUT: /Target1/action load agent /opt/ccmon/ddal_temperature_ccmon_agent temperature
CLI_OUTPUT: ret /Target1/action load agent /opt/ccmon/ddal_temperature_ccmon_agent temperature ==&gt; done OK
CLI_OUTPUT: /Target1/temperature/action init temperature
CLI_OUTPUT: ret /Target1/temperature/action init temperature ==&gt; done OK
CLI_OUTPUT: /Target1/cmd/action cmd &quot;ls /opt/ccmon/ddal_fan_ccmon_agent &gt; /dev/null&quot;
CLI_OUTPUT: ret /Target1/cmd/action cmd &quot;ls /opt/ccmon/ddal_fan_ccmon_agent &gt; /dev/null&quot; ==&gt; done OK retw=0
CLI_OUTPUT: /Target1/fan/get sw_info
CLI_OUTPUT: ret /Target1/fan/get sw_info ==&gt; error 201 unknown dispatcher or agent
CLI_OUTPUT: /Target1/action load agent /opt/ccmon/ddal_fan_ccmon_agent fan
CLI_OUTPUT: ret /Target1/action load agent /opt/ccmon/ddal_fan_ccmon_agent fan ==&gt; done OK
CLI_OUTPUT: /Target1/fan/action init fan
CLI_OUTPUT: ret /Target1/fan/action init fan ==&gt; done OK
CLI_OUTPUT: /Target1/cmd/action cmd &quot;ls /opt/ccmon/ddal_fsp_hwid_ccmon_agent &gt; /dev/null&quot;
CLI_OUTPUT: ret /Target1/cmd/action cmd &quot;ls /opt/ccmon/ddal_fsp_hwid_ccmon_agent &gt; /dev/null&quot; ==&gt; done OK retw=0
CLI_OUTPUT: /Target1/fsp_hwid/get sw_info
CLI_OUTPUT: ret /Target1/fsp_hwid/get sw_info ==&gt; error 201 unknown dispatcher or agent
CLI_OUTPUT: /Target1/action load agent /opt/ccmon/ddal_fsp_hwid_ccmon_agent fsp_hwid
CLI_OUTPUT: ret /Target1/action load agent /opt/ccmon/ddal_fsp_hwid_ccmon_agent fsp_hwid ==&gt; done OK
CLI_OUTPUT: /Target1/fsp_hwid/action init fsp_hwid
CLI_OUTPUT: ret /Target1/fsp_hwid/action init fsp_hwid ==&gt; done OK
CLI_OUTPUT: /Target1/cmd/action cmd &quot;ls /opt/ccmon/ddal_ext_alarm_ccmon_agent &gt; /dev/null&quot;
CLI_OUTPUT: ret /Target1/cmd/action cmd &quot;ls /opt/ccmon/ddal_ext_alarm_ccmon_agent &gt; /dev/null&quot; ==&gt; done OK retw=0
CLI_OUTPUT: /Target1/ext_alarm/get sw_info
CLI_OUTPUT: ret /Target1/ext_alarm/get sw_info ==&gt; error 201 unknown dispatcher or agent
CLI_OUTPUT: /Target1/action load agent /opt/ccmon/ddal_ext_alarm_ccmon_agent ext_alarm
CLI_OUTPUT: ret /Target1/action load agent /opt/ccmon/ddal_ext_alarm_ccmon_agent ext_alarm ==&gt; done OK
CLI_OUTPUT: /Target1/ext_alarm/action init ext_alarm
CLI_OUTPUT: ret /Target1/ext_alarm/action init ext_alarm ==&gt; done OK
CLI_OUTPUT: /Target1/cmd/action cmd &quot;ls /opt/ccmon/ddal_custom_out_ccmon_agent &gt; /dev/null&quot;
CLI_OUTPUT: ret /Target1/cmd/action cmd &quot;ls /opt/ccmon/ddal_custom_out_ccmon_agent &gt; /dev/null&quot; ==&gt; done OK retw=0
CLI_OUTPUT: /Target1/custom_out/get sw_info
CLI_OUTPUT: ret /Target1/custom_out/get sw_info ==&gt; error 201 unknown dispatcher or agent
CLI_OUTPUT: /Target1/action load agent /opt/ccmon/ddal_custom_out_ccmon_agent custom_out
CLI_OUTPUT: ret /Target1/action load agent /opt/ccmon/ddal_custom_out_ccmon_agent custom_out ==&gt; done OK
CLI_OUTPUT: /Target1/custom_out/action init custom_out
CLI_OUTPUT: ret /Target1/custom_out/action init custom_out ==&gt; done OK
CLI_OUTPUT: /Target1/cmd/action cmd &quot;ls /opt/ccmon/devicetree_agent &gt; /dev/null&quot;
CLI_OUTPUT: ret /Target1/cmd/action cmd &quot;ls /opt/ccmon/devicetree_agent &gt; /dev/null&quot; ==&gt; done fail retw=256
SCR_OUTPUT: WARNING: agent devicetree_agent not found
CLI_OUTPUT: /Target1/cmd/action cmd &quot;ls /opt/ccmon/rio_agent &gt; /dev/null&quot;
CLI_OUTPUT: ret /Target1/cmd/action cmd &quot;ls /opt/ccmon/rio_agent &gt; /dev/null&quot; ==&gt; done fail retw=256
SCR_OUTPUT: WARNING: agent rio_agent not found
CLI_OUTPUT: /Target1/cmd/action cmd &quot;ls /opt/ccmon/ddal_ffs_ccmon_agent &gt; /dev/null&quot;
CLI_OUTPUT: ret /Target1/cmd/action cmd &quot;ls /opt/ccmon/ddal_ffs_ccmon_agent &gt; /dev/null&quot; ==&gt; done OK retw=0
CLI_OUTPUT: /Target1/ffs/get sw_info
CLI_OUTPUT: ret /Target1/ffs/get sw_info ==&gt; error 201 unknown dispatcher or agent
CLI_OUTPUT: /Target1/action load agent /opt/ccmon/ddal_ffs_ccmon_agent ffs
CLI_OUTPUT: ret /Target1/action load agent /opt/ccmon/ddal_ffs_ccmon_agent ffs ==&gt; done OK
CLI_OUTPUT: /Target1/ffs/action init ffs
CLI_OUTPUT: ret /Target1/ffs/action init ffs ==&gt; done OK
CLI_OUTPUT: /Target1/cmd/action cmd &quot;ls /opt/ccmon/ddal_casadump_ccmon_agent &gt; /dev/null&quot;
CLI_OUTPUT: ret /Target1/cmd/action cmd &quot;ls /opt/ccmon/ddal_casadump_ccmon_agent &gt; /dev/null&quot; ==&gt; done OK retw=0
CLI_OUTPUT: /Target1/casadump/get sw_info
CLI_OUTPUT: ret /Target1/casadump/get sw_info ==&gt; error 201 unknown dispatcher or agent
CLI_OUTPUT: /Target1/action load agent /opt/ccmon/ddal_casadump_ccmon_agent casadump
CLI_OUTPUT: ret /Target1/action load agent /opt/ccmon/ddal_casadump_ccmon_agent casadump ==&gt; done OK
CLI_OUTPUT: /Target1/casadump/action init casadump
CLI_OUTPUT: ret /Target1/casadump/action init casadump ==&gt; done OK
CLI_OUTPUT: /Target1/cmd/action cmd &quot;ls /opt/ccmon/ddal_ex_switch_ccmon_agent &gt; /dev/null&quot;
CLI_OUTPUT: ret /Target1/cmd/action cmd &quot;ls /opt/ccmon/ddal_ex_switch_ccmon_agent &gt; /dev/null&quot; ==&gt; done OK retw=0
CLI_OUTPUT: /Target1/ex_switch/get sw_info
CLI_OUTPUT: ret /Target1/ex_switch/get sw_info ==&gt; error 201 unknown dispatcher or agent
CLI_OUTPUT: /Target1/action load agent /opt/ccmon/ddal_ex_switch_ccmon_agent ex_switch
CLI_OUTPUT: ret /Target1/action load agent /opt/ccmon/ddal_ex_switch_ccmon_agent ex_switch ==&gt; done OK
CLI_OUTPUT: /Target1/ex_switch/action init ex_switch
CLI_OUTPUT: ret /Target1/ex_switch/action init ex_switch ==&gt; done OK
CLI_OUTPUT: /Target1/cmd/action cmd &quot;ls /opt/ccmon/ddal_sfp_ccmon_agent &gt; /dev/null&quot;
CLI_OUTPUT: ret /Target1/cmd/action cmd &quot;ls /opt/ccmon/ddal_sfp_ccmon_agent &gt; /dev/null&quot; ==&gt; done OK retw=0
CLI_OUTPUT: /Target1/sfp/get sw_info
CLI_OUTPUT: ret /Target1/sfp/get sw_info ==&gt; error 201 unknown dispatcher or agent
CLI_OUTPUT: /Target1/action load agent /opt/ccmon/ddal_sfp_ccmon_agent sfp
CLI_OUTPUT: ret /Target1/action load agent /opt/ccmon/ddal_sfp_ccmon_agent sfp ==&gt; done OK
CLI_OUTPUT: /Target1/sfp/action init sfp
CLI_OUTPUT: ret /Target1/sfp/action init sfp ==&gt; done OK
CLI_OUTPUT: /Target1/cmd/action cmd &quot;ls /opt/ccmon/ddal_gpio_ccmon_agent &gt; /dev/null&quot;
CLI_OUTPUT: ret /Target1/cmd/action cmd &quot;ls /opt/ccmon/ddal_gpio_ccmon_agent &gt; /dev/null&quot; ==&gt; done OK retw=0
CLI_OUTPUT: /Target1/gpio/get sw_info
CLI_OUTPUT: ret /Target1/gpio/get sw_info ==&gt; error 201 unknown dispatcher or agent
CLI_OUTPUT: /Target1/action load agent /opt/ccmon/ddal_gpio_ccmon_agent gpio
CLI_OUTPUT: ret /Target1/action load agent /opt/ccmon/ddal_gpio_ccmon_agent gpio ==&gt; done OK
CLI_OUTPUT: /Target1/gpio/action init gpio
CLI_OUTPUT: ret /Target1/gpio/action init gpio ==&gt; done OK
CLI_OUTPUT: /Target1/cmd/action cmd &quot;ls /opt/ccmon/ddal_ctrl_ccmon_agent &gt; /dev/null&quot;
CLI_OUTPUT: ret /Target1/cmd/action cmd &quot;ls /opt/ccmon/ddal_ctrl_ccmon_agent &gt; /dev/null&quot; ==&gt; done OK retw=0
CLI_OUTPUT: /Target1/ctrl/get sw_info
CLI_OUTPUT: ret /Target1/ctrl/get sw_info ==&gt; error 201 unknown dispatcher or agent
CLI_OUTPUT: /Target1/action load agent /opt/ccmon/ddal_ctrl_ccmon_agent ctrl
CLI_OUTPUT: ret /Target1/action load agent /opt/ccmon/ddal_ctrl_ccmon_agent ctrl ==&gt; done OK
CLI_OUTPUT: /Target1/ctrl/action init ctrl
CLI_OUTPUT: ret /Target1/ctrl/action init ctrl ==&gt; done OK
CLI_OUTPUT: /Target1/cmd/action cmd &quot;ls /opt/ccmon/ddal_register_ccmon_agent &gt; /dev/null&quot;
CLI_OUTPUT: ret /Target1/cmd/action cmd &quot;ls /opt/ccmon/ddal_register_ccmon_agent &gt; /dev/null&quot; ==&gt; done OK retw=0
CLI_OUTPUT: /Target1/register/get sw_info
CLI_OUTPUT: ret /Target1/register/get sw_info ==&gt; error 201 unknown dispatcher or agent
CLI_OUTPUT: /Target1/action load agent /opt/ccmon/ddal_register_ccmon_agent register
CLI_OUTPUT: ret /Target1/action load agent /opt/ccmon/ddal_register_ccmon_agent register ==&gt; done OK
CLI_OUTPUT: /Target1/register/action init register
CLI_OUTPUT: ret /Target1/register/action init register ==&gt; done OK
SCR_OUTPUT: ----------------- TARGET DEFAULT INIT DONE -----------------
CLI_OUTPUT: /Target1/rpram/action ddal_rpram_get DDAL_RPRAM_USER1
CLI_OUTPUT: ret /Target1/rpram/action ddal_rpram_get DDAL_RPRAM_USER1 ==&gt; done OK retv 0 value 1533464394
SCR_OUTPUT: called ddal_rpram_get DDAL_RPRAM_USER1 returned 1533464394 == 1533464394 last written == &gt; OK
CLI_OUTPUT: /Target1/rpram/action ddal_rpram_get DDAL_RPRAM_USER2
CLI_OUTPUT: ret /Target1/rpram/action ddal_rpram_get DDAL_RPRAM_USER2 ==&gt; done OK retv 0 value 1533464395
SCR_OUTPUT: called ddal_rpram_get DDAL_RPRAM_USER2 returned 1533464395 == 1533464395 last written == &gt; OK
CLI_OUTPUT: /Target1/rpram/action ddal_rpram_get DDAL_RPRAM_USER3
CLI_OUTPUT: ret /Target1/rpram/action ddal_rpram_get DDAL_RPRAM_USER3 ==&gt; done OK retv 0 value 1533464396
SCR_OUTPUT: called ddal_rpram_get DDAL_RPRAM_USER3 returned 1533464396 == 1533464396 last written == &gt; OK
CLI_OUTPUT: /Target1/rpram/action ddal_rpram_get DDAL_RPRAM_USER4
CLI_OUTPUT: ret /Target1/rpram/action ddal_rpram_get DDAL_RPRAM_USER4 ==&gt; done OK retv 0 value 1533464397
SCR_OUTPUT: called ddal_rpram_get DDAL_RPRAM_USER4 returned 1533464397 == 1533464397 last written == &gt; OK
CLI_OUTPUT: /Target1/rpram/action ddal_rpram_get DDAL_RPRAM_USER5
CLI_OUTPUT: ret /Target1/rpram/action ddal_rpram_get DDAL_RPRAM_USER5 ==&gt; done OK retv 0 value 1533464398
SCR_OUTPUT: called ddal_rpram_get DDAL_RPRAM_USER5 returned 1533464398 == 1533464398 last written == &gt; OK
CLI_OUTPUT: /Target1/rpram/action ddal_rpram_get DDAL_RPRAM_USER6
CLI_OUTPUT: ret /Target1/rpram/action ddal_rpram_get DDAL_RPRAM_USER6 ==&gt; done OK retv 0 value 1533464399
SCR_OUTPUT: called ddal_rpram_get DDAL_RPRAM_USER6 returned 1533464399 == 1533464399 last written == &gt; OK
CLI_OUTPUT: /Target1/rpram/action ddal_rpram_get DDAL_RPRAM_USER7
CLI_OUTPUT: ret /Target1/rpram/action ddal_rpram_get DDAL_RPRAM_USER7 ==&gt; done OK retv 0 value 1533464400
SCR_OUTPUT: called ddal_rpram_get DDAL_RPRAM_USER7 returned 1533464400 == 1533464400 last written == &gt; OK
CLI_OUTPUT: /Target1/rpram/action ddal_rpram_get DDAL_RPRAM_USER8
CLI_OUTPUT: ret /Target1/rpram/action ddal_rpram_get DDAL_RPRAM_USER8 ==&gt; done OK retv 0 value 1533464401
SCR_OUTPUT: called ddal_rpram_get DDAL_RPRAM_USER8 returned 1533464401 == 1533464401 last written == &gt; OK
CLI_OUTPUT: /Target1/rpram/action ddal_rpram_get DDAL_RPRAM_USER9
CLI_OUTPUT: ret /Target1/rpram/action ddal_rpram_get DDAL_RPRAM_USER9 ==&gt; done OK retv 0 value 1533464402
SCR_OUTPUT: called ddal_rpram_get DDAL_RPRAM_USER9 returned 1533464402 == 1533464402 last written == &gt; OK
CLI_OUTPUT: /Target1/rpram/action ddal_rpram_get DDAL_RPRAM_USER10
CLI_OUTPUT: ret /Target1/rpram/action ddal_rpram_get DDAL_RPRAM_USER10 ==&gt; done OK retv 0 value 1533464403
SCR_OUTPUT: called ddal_rpram_get DDAL_RPRAM_USER10 returned 1533464403 == 1533464403 last written == &gt; OK
CLI_OUTPUT: /Target1/rpram/action ddal_rpram_get DDAL_RPRAM_USER11
CLI_OUTPUT: ret /Target1/rpram/action ddal_rpram_get DDAL_RPRAM_USER11 ==&gt; done OK retv 0 value 1533464404
SCR_OUTPUT: called ddal_rpram_get DDAL_RPRAM_USER11 returned 1533464404 == 1533464404 last written == &gt; OK
CLI_OUTPUT: /Target1/rpram/action ddal_rpram_get DDAL_RPRAM_USER12
CLI_OUTPUT: ret /Target1/rpram/action ddal_rpram_get DDAL_RPRAM_USER12 ==&gt; done OK retv 0 value 1533464405
SCR_OUTPUT: called ddal_rpram_get DDAL_RPRAM_USER12 returned 1533464405 == 1533464405 last written == &gt; OK
CLI_OUTPUT: /Target1/rpram/action ddal_rpram_get DDAL_RPRAM_USER13
CLI_OUTPUT: ret /Target1/rpram/action ddal_rpram_get DDAL_RPRAM_USER13 ==&gt; done OK retv 0 value 1533464406
SCR_OUTPUT: called ddal_rpram_get DDAL_RPRAM_USER13 returned 1533464406 == 1533464406 last written == &gt; OK
CLI_OUTPUT: /Target1/rpram/action ddal_rpram_get DDAL_RPRAM_USER14
CLI_OUTPUT: ret /Target1/rpram/action ddal_rpram_get DDAL_RPRAM_USER14 ==&gt; done OK retv 0 value 1533464407
SCR_OUTPUT: called ddal_rpram_get DDAL_RPRAM_USER14 returned 1533464407 == 1533464407 last written == &gt; OK
CLI_OUTPUT: /Target1/rpram/action ddal_rpram_get DDAL_RPRAM_USER15
CLI_OUTPUT: ret /Target1/rpram/action ddal_rpram_get DDAL_RPRAM_USER15 ==&gt; done OK retv 0 value 1533464408
SCR_OUTPUT: called ddal_rpram_get DDAL_RPRAM_USER15 returned 1533464408 == 1533464408 last written == &gt; OK
CLI_OUTPUT: /Target1/rpram/action ddal_rpram_get DDAL_RPRAM_HW_INIT_STORAGE
CLI_OUTPUT: ret /Target1/rpram/action ddal_rpram_get DDAL_RPRAM_HW_INIT_STORAGE ==&gt; done OK retv 0 value 1533464409
SCR_OUTPUT: called ddal_rpram_get DDAL_RPRAM_HW_INIT_STORAGE returned 1533464409 == 1533464409 last written == &gt; OK
CLI_OUTPUT: /Target1/rpram/action ddal_rpram_get DDAL_RPRAM_RESET_TYPE
CLI_OUTPUT: ret /Target1/rpram/action ddal_rpram_get DDAL_RPRAM_RESET_TYPE ==&gt; done OK retv 0 value 1533464410
SCR_OUTPUT: called ddal_rpram_get DDAL_RPRAM_RESET_TYPE returned 1533464410 == 1533464410 last written == &gt; OK
CLI_OUTPUT: /Target1/rpram/action ddal_rpram_get DDAL_RPRAM_ISTI
CLI_OUTPUT: ret /Target1/rpram/action ddal_rpram_get DDAL_RPRAM_ISTI ==&gt; done OK retv 0 value 1533464411
SCR_OUTPUT: called ddal_rpram_get DDAL_RPRAM_ISTI returned 1533464411 == 1533464411 last written == &gt; OK
SCR_OUTPUT: ##### Test Case End: TC_03100_004 PASSED (0)
</system-out>
</testcase>

<testcase classname="HW_03100_basic_rpram_tests" name="TC_03100_004 write data; reboot; verify data_1" time="33">
<system-out>
SCR_OUTPUT: ##### Test Case Start: TC_03100_004  write data; reboot; verify data
CLI_OUTPUT: /Target1/rpram/action ddal_rpram_set DDAL_RPRAM_USER1 335880746
CLI_OUTPUT: ret /Target1/rpram/action ddal_rpram_set DDAL_RPRAM_USER1 335880746 ==&gt; done OK retv 0
SCR_OUTPUT: called ddal_rpram_set DDAL_RPRAM_USER1 335880746  ==&gt; OK
CLI_OUTPUT: /Target1/rpram/action ddal_rpram_set DDAL_RPRAM_USER2 335880747
CLI_OUTPUT: ret /Target1/rpram/action ddal_rpram_set DDAL_RPRAM_USER2 335880747 ==&gt; done OK retv 0
SCR_OUTPUT: called ddal_rpram_set DDAL_RPRAM_USER2 335880747  ==&gt; OK
CLI_OUTPUT: /Target1/rpram/action ddal_rpram_set DDAL_RPRAM_USER3 335880748
CLI_OUTPUT: ret /Target1/rpram/action ddal_rpram_set DDAL_RPRAM_USER3 335880748 ==&gt; done OK retv 0
SCR_OUTPUT: called ddal_rpram_set DDAL_RPRAM_USER3 335880748  ==&gt; OK
CLI_OUTPUT: /Target1/rpram/action ddal_rpram_set DDAL_RPRAM_USER4 335880749
CLI_OUTPUT: ret /Target1/rpram/action ddal_rpram_set DDAL_RPRAM_USER4 335880749 ==&gt; done OK retv 0
SCR_OUTPUT: called ddal_rpram_set DDAL_RPRAM_USER4 335880749  ==&gt; OK
CLI_OUTPUT: /Target1/rpram/action ddal_rpram_set DDAL_RPRAM_USER5 335880750
CLI_OUTPUT: ret /Target1/rpram/action ddal_rpram_set DDAL_RPRAM_USER5 335880750 ==&gt; done OK retv 0
SCR_OUTPUT: called ddal_rpram_set DDAL_RPRAM_USER5 335880750  ==&gt; OK
CLI_OUTPUT: /Target1/rpram/action ddal_rpram_set DDAL_RPRAM_USER6 335880751
CLI_OUTPUT: ret /Target1/rpram/action ddal_rpram_set DDAL_RPRAM_USER6 335880751 ==&gt; done OK retv 0
SCR_OUTPUT: called ddal_rpram_set DDAL_RPRAM_USER6 335880751  ==&gt; OK
CLI_OUTPUT: /Target1/rpram/action ddal_rpram_set DDAL_RPRAM_USER7 335880752
CLI_OUTPUT: ret /Target1/rpram/action ddal_rpram_set DDAL_RPRAM_USER7 335880752 ==&gt; done OK retv 0
SCR_OUTPUT: called ddal_rpram_set DDAL_RPRAM_USER7 335880752  ==&gt; OK
CLI_OUTPUT: /Target1/rpram/action ddal_rpram_set DDAL_RPRAM_USER8 335880753
CLI_OUTPUT: ret /Target1/rpram/action ddal_rpram_set DDAL_RPRAM_USER8 335880753 ==&gt; done OK retv 0
SCR_OUTPUT: called ddal_rpram_set DDAL_RPRAM_USER8 335880753  ==&gt; OK
CLI_OUTPUT: /Target1/rpram/action ddal_rpram_set DDAL_RPRAM_USER9 335880754
CLI_OUTPUT: ret /Target1/rpram/action ddal_rpram_set DDAL_RPRAM_USER9 335880754 ==&gt; done OK retv 0
SCR_OUTPUT: called ddal_rpram_set DDAL_RPRAM_USER9 335880754  ==&gt; OK
CLI_OUTPUT: /Target1/rpram/action ddal_rpram_set DDAL_RPRAM_USER10 335880755
CLI_OUTPUT: ret /Target1/rpram/action ddal_rpram_set DDAL_RPRAM_USER10 335880755 ==&gt; done OK retv 0
SCR_OUTPUT: called ddal_rpram_set DDAL_RPRAM_USER10 335880755  ==&gt; OK
CLI_OUTPUT: /Target1/rpram/action ddal_rpram_set DDAL_RPRAM_USER11 335880756
CLI_OUTPUT: ret /Target1/rpram/action ddal_rpram_set DDAL_RPRAM_USER11 335880756 ==&gt; done OK retv 0
SCR_OUTPUT: called ddal_rpram_set DDAL_RPRAM_USER11 335880756  ==&gt; OK
CLI_OUTPUT: /Target1/rpram/action ddal_rpram_set DDAL_RPRAM_USER12 335880757
CLI_OUTPUT: ret /Target1/rpram/action ddal_rpram_set DDAL_RPRAM_USER12 335880757 ==&gt; done OK retv 0
SCR_OUTPUT: called ddal_rpram_set DDAL_RPRAM_USER12 335880757  ==&gt; OK
CLI_OUTPUT: /Target1/rpram/action ddal_rpram_set DDAL_RPRAM_USER13 335880758
CLI_OUTPUT: ret /Target1/rpram/action ddal_rpram_set DDAL_RPRAM_USER13 335880758 ==&gt; done OK retv 0
SCR_OUTPUT: called ddal_rpram_set DDAL_RPRAM_USER13 335880758  ==&gt; OK
CLI_OUTPUT: /Target1/rpram/action ddal_rpram_set DDAL_RPRAM_USER14 335880759
CLI_OUTPUT: ret /Target1/rpram/action ddal_rpram_set DDAL_RPRAM_USER14 335880759 ==&gt; done OK retv 0
SCR_OUTPUT: called ddal_rpram_set DDAL_RPRAM_USER14 335880759  ==&gt; OK
CLI_OUTPUT: /Target1/rpram/action ddal_rpram_set DDAL_RPRAM_USER15 335880760
CLI_OUTPUT: ret /Target1/rpram/action ddal_rpram_set DDAL_RPRAM_USER15 335880760 ==&gt; done OK retv 0
SCR_OUTPUT: called ddal_rpram_set DDAL_RPRAM_USER15 335880760  ==&gt; OK
CLI_OUTPUT: /Target1/rpram/action ddal_rpram_set DDAL_RPRAM_HW_INIT_STORAGE 335880761
CLI_OUTPUT: ret /Target1/rpram/action ddal_rpram_set DDAL_RPRAM_HW_INIT_STORAGE 335880761 ==&gt; done OK retv 0
SCR_OUTPUT: called ddal_rpram_set DDAL_RPRAM_HW_INIT_STORAGE 335880761  ==&gt; OK
CLI_OUTPUT: /Target1/rpram/action ddal_rpram_set DDAL_RPRAM_RESET_TYPE 335880762
CLI_OUTPUT: ret /Target1/rpram/action ddal_rpram_set DDAL_RPRAM_RESET_TYPE 335880762 ==&gt; done OK retv 0
SCR_OUTPUT: called ddal_rpram_set DDAL_RPRAM_RESET_TYPE 335880762  ==&gt; OK
CLI_OUTPUT: /Target1/rpram/action ddal_rpram_set DDAL_RPRAM_ISTI 335880763
CLI_OUTPUT: ret /Target1/rpram/action ddal_rpram_set DDAL_RPRAM_ISTI 335880763 ==&gt; done OK retv 0
SCR_OUTPUT: called ddal_rpram_set DDAL_RPRAM_ISTI 335880763  ==&gt; OK
CLI_OUTPUT: /Target1/rpram/action ddal_rpram_set DDAL_RPRAM_POR_MAGIC_LOW 335880764
CLI_OUTPUT: ret /Target1/rpram/action ddal_rpram_set DDAL_RPRAM_POR_MAGIC_LOW 335880764 ==&gt; done OK retv 0
SCR_OUTPUT: called ddal_rpram_set DDAL_RPRAM_POR_MAGIC_LOW 335880764  ==&gt; OK
CLI_OUTPUT: /Target1/rpram/action ddal_rpram_set DDAL_RPRAM_POR_MAGIC_HIGH 335880765
CLI_OUTPUT: ret /Target1/rpram/action ddal_rpram_set DDAL_RPRAM_POR_MAGIC_HIGH 335880765 ==&gt; done OK retv 0
SCR_OUTPUT: called ddal_rpram_set DDAL_RPRAM_POR_MAGIC_HIGH 335880765  ==&gt; OK
SCR_OUTPUT: Start reboot.
CLI_OUTPUT: /Target1/cmd/action cmd reboot
CLI_OUTPUT: ret /Target1/cmd/action cmd reboot ==&gt; done OK retw=0
SCR_OUTPUT: Wait until reboot is in progess ...
SCR_OUTPUT: 0
CLI_OUTPUT: /Target1/cmd/action cmd echo 0 
CLI_OUTPUT: ret /Target1/cmd/action cmd echo 0 ==&gt; done OK retw=0
SCR_OUTPUT: 1
CLI_OUTPUT: /Target1/cmd/action cmd echo 1 
CLI_OUTPUT: ret /Target1/cmd/action cmd echo 1 ==&gt; done OK retw=0
SCR_OUTPUT: 2
CLI_OUTPUT: /Target1/cmd/action cmd echo 2 
CLI_OUTPUT: ret /Target1/cmd/action cmd echo 2 ==&gt; done OK retw=0
SCR_OUTPUT: 3
CLI_OUTPUT: /Target1/cmd/action cmd echo 3 
CLI_OUTPUT: ret /Target1/cmd/action cmd echo 3 ==&gt; done OK retw=0
SCR_OUTPUT: 4
CLI_OUTPUT: /Target1/cmd/action cmd echo 4 
CLI_OUTPUT: ret /Target1/cmd/action cmd echo 4 ==&gt; done OK retw=0
SCR_OUTPUT: 5
CLI_OUTPUT: /Target1/cmd/action cmd echo 5 
CLI_OUTPUT: ret /Target1/cmd/action cmd echo 5 ==&gt; done OK retw=0
SCR_OUTPUT: 6
CLI_OUTPUT: /Target1/cmd/action cmd echo 6 
CLI_OUTPUT: ret /Target1/cmd/action cmd echo 6 ==&gt; done OK retw=0
SCR_OUTPUT: 7
CLI_OUTPUT: /Target1/cmd/action cmd echo 7 
CLI_OUTPUT: ret /Target1/cmd/action cmd echo 7 ==&gt; done OK retw=0
SCR_OUTPUT: 8
CLI_OUTPUT: /Target1/cmd/action cmd echo 8 
CLI_OUTPUT: ret /Target1/cmd/action cmd echo 8 ==&gt; done OK retw=0
SCR_OUTPUT: 9
CLI_OUTPUT: /Target1/cmd/action cmd echo 9 
CLI_OUTPUT: ret /Target1/cmd/action cmd echo 9 ==&gt; done OK retw=0
SCR_OUTPUT: 10
CLI_OUTPUT: /Target1/cmd/action cmd echo 10 
CLI_OUTPUT: ret /Target1/cmd/action cmd echo 10 ==&gt; done OK retw=0
SCR_OUTPUT: 11
CLI_OUTPUT: /Target1/cmd/action cmd echo 11 
CLI_OUTPUT: ret /Target1/cmd/action cmd echo 11 ==&gt; done OK retw=0
SCR_OUTPUT: 12
CLI_OUTPUT: /Target1/cmd/action cmd echo 12 
CLI_OUTPUT: ret /Target1/cmd/action cmd echo 12 ==&gt; done OK retw=0
SCR_OUTPUT: 13
CLI_OUTPUT: /Target1/cmd/action cmd echo 13 
CLI_OUTPUT: ret /Target1/cmd/action cmd echo 13 ==&gt; done OK retw=0
SCR_OUTPUT: 14
CLI_OUTPUT: /Target1/cmd/action cmd echo 14 
CLI_OUTPUT: ret /Target1/cmd/action cmd echo 14 ==&gt; done OK retw=0
SCR_OUTPUT: 15
CLI_OUTPUT: /Target1/cmd/action cmd echo 15 
DLG_OUTPUT: {FMon Error:} {Connection To Communication Channel:  Target1  Lost !} error 0 OK
SCR_OUTPUT: Wait until is comming up!
SCR_OUTPUT: open_cc: Target1
DLG_OUTPUT: {FMon Error:} {Connection To Communication Channel:  Target1  Lost !} error 0 OK
DLG_OUTPUT: {FMon Error:} {Connection To Communication Channel:  Target1  Lost !} error 0 OK
DLG_OUTPUT: {FMon Error:} {Connection To Communication Channel:  Target1  Lost !} error 0 OK
DLG_OUTPUT: {FMon Error:} {Connection To Communication Channel:  Target1  Lost !} error 0 OK
DLG_OUTPUT: {FMon Error:} {Connection To Communication Channel:  Target1  Lost !} error 0 OK
DLG_OUTPUT: {FMon Error:} {Connection To Communication Channel:  Target1  Lost !} error 0 OK
DLG_OUTPUT: {FMon Error:} {Connection To Communication Channel:  Target1  Lost !} error 0 OK
DLG_OUTPUT: {FMon Error:} {Connection To Communication Channel:  Target1  Lost !} error 0 OK
DLG_OUTPUT: {FMon Error:} {Connection To Communication Channel:  Target1  Lost !} error 0 OK
CLI_OUTPUT: /Target1/get noti_switch global
CLI_OUTPUT: ret /Target1/get noti_switch global ==&gt; on
CLI_OUTPUT: /Target1/get sw_info
CLI_OUTPUT: ret /Target1/get sw_info ==&gt; CCMon2 2.5.4 ready
SCR_OUTPUT: open_cc: Target1 OK
SCR_OUTPUT: open_cc: Target1
CLI_OUTPUT: /Target1/get noti_switch global
CLI_OUTPUT: ret /Target1/get noti_switch global ==&gt; on
CLI_OUTPUT: /Target1/get sw_info
CLI_OUTPUT: ret /Target1/get sw_info ==&gt; CCMon2 2.5.4 ready
SCR_OUTPUT: open_cc: Target1 OK
CLI_OUTPUT: /Target1/cmd/get sw_info
CLI_OUTPUT: ret /Target1/cmd/get sw_info ==&gt; error 201 unknown dispatcher or agent
CLI_OUTPUT: /Target1/action load agent /opt/ccmon/cmdagent cmd
CLI_OUTPUT: ret /Target1/action load agent /opt/ccmon/cmdagent cmd ==&gt; done OK
CLI_OUTPUT: /Target1/cmd/action init cmd
CLI_OUTPUT: ret /Target1/cmd/action init cmd ==&gt; done OK
CLI_OUTPUT: /Target1/cmd/action exec uname -a
CLI_OUTPUT: ret /Target1/cmd/action exec uname -a ==&gt; done ok 0 0 {Linux fcmd15 3.14.51-g82d8086-fcmd #1 PREEMPT Thu Oct 29 17:38:53 UTC 2015 ppc GNU/Linux}
CLI_OUTPUT: /Target1/cmd/action exec ifconfig
CLI_OUTPUT: ret /Target1/cmd/action exec ifconfig ==&gt; done ok 0 0 {eth0 Link encap:Ethernet HWaddr 00:04:AC:E3:0F:75} {inet addr:129.168.4.185 Bcast:129.168.255.255 Mask:255.255.0.0} {inet6 addr: fe80::204:acff:fee3:f75%3217225872/64 Scope:Link} {UP BROADCAST RUNNING MULTICAST MTU:1500 Metric:1} {RX packets:182 errors:0 dropped:51 overruns:0 frame:0} {TX packets:32 errors:0 dropped:0 overruns:0 carrier:0} {collisions:0 txqueuelen:1000} {RX bytes:16795 (16.4 KiB) TX bytes:3596 (3.5 KiB)} {Base address:0x8000} {} {lo Link encap:Local Loopback} {inet addr:127.0.0.1 Mask:255.0.0.0} {inet6 addr: ::1%3217225872/128 Scope:Host} {UP LOOPBACK RUNNING MTU:65536 Metric:1} {RX packets:486 errors:0 dropped:0 overruns:0 frame:0} {TX packets:486 errors:0 dropped:0 overruns:0 carrier:0} {collisions:0 txqueuelen:0} {RX bytes:77226 (75.4 KiB) TX bytes:77226 (75.4 KiB)} {}
SCR_OUTPUT: Target IP: inet addr:129.168.4.185 Bcast:129.168.255.255 Mask:255.255.0.0
CLI_OUTPUT: /Target1/cmd/action exec &quot;cat /etc/psl_version&quot;
CLI_OUTPUT: ret /Target1/cmd/action exec &quot;cat /etc/psl_version&quot; ==&gt; done ok 0 0 {PS_LFS_OS_2015_11_0017 (fcmd)}
SCR_OUTPUT: PSL Version: PS_LFS_OS_2015_11_0017 (fcmd)
SCR_OUTPUT: BOS Version: 
CLI_OUTPUT: /Target1/cmd/action cmd &quot;ls /etc/build_infos&quot;
CLI_OUTPUT: ret /Target1/cmd/action cmd &quot;ls /etc/build_infos&quot; ==&gt; done fail retw=256
SCR_OUTPUT: System Type: FCM2
CLI_OUTPUT: /Target1/cmd/action cmd &quot;ls /opt/ccmon/memdump_agent &gt; /dev/null&quot;
CLI_OUTPUT: ret /Target1/cmd/action cmd &quot;ls /opt/ccmon/memdump_agent &gt; /dev/null&quot; ==&gt; done OK retw=0
CLI_OUTPUT: /Target1/memdump/get sw_info
CLI_OUTPUT: ret /Target1/memdump/get sw_info ==&gt; error 201 unknown dispatcher or agent
CLI_OUTPUT: /Target1/action load agent /opt/ccmon/memdump_agent memdump
CLI_OUTPUT: ret /Target1/action load agent /opt/ccmon/memdump_agent memdump ==&gt; done OK
CLI_OUTPUT: /Target1/memdump/action init memdump
CLI_OUTPUT: ret /Target1/memdump/action init memdump ==&gt; done OK
CLI_OUTPUT: /Target1/cmd/action cmd &quot;ls /opt/ccmon/ddal_sfn_ccmon_agent &gt; /dev/null&quot;
CLI_OUTPUT: ret /Target1/cmd/action cmd &quot;ls /opt/ccmon/ddal_sfn_ccmon_agent &gt; /dev/null&quot; ==&gt; done OK retw=0
CLI_OUTPUT: /Target1/sfn/get sw_info
CLI_OUTPUT: ret /Target1/sfn/get sw_info ==&gt; error 201 unknown dispatcher or agent
CLI_OUTPUT: /Target1/action load agent /opt/ccmon/ddal_sfn_ccmon_agent sfn
CLI_OUTPUT: ret /Target1/action load agent /opt/ccmon/ddal_sfn_ccmon_agent sfn ==&gt; done OK
CLI_OUTPUT: /Target1/sfn/action init sfn
CLI_OUTPUT: ret /Target1/sfn/action init sfn ==&gt; done OK
CLI_OUTPUT: /Target1/cmd/action cmd &quot;ls /opt/ccmon/ddal_reset_ccmon_agent &gt; /dev/null&quot;
CLI_OUTPUT: ret /Target1/cmd/action cmd &quot;ls /opt/ccmon/ddal_reset_ccmon_agent &gt; /dev/null&quot; ==&gt; done OK retw=0
CLI_OUTPUT: /Target1/reset/get sw_info
CLI_OUTPUT: ret /Target1/reset/get sw_info ==&gt; error 201 unknown dispatcher or agent
CLI_OUTPUT: /Target1/action load agent /opt/ccmon/ddal_reset_ccmon_agent reset
CLI_OUTPUT: ret /Target1/action load agent /opt/ccmon/ddal_reset_ccmon_agent reset ==&gt; done OK
CLI_OUTPUT: /Target1/reset/action init reset
CLI_OUTPUT: ret /Target1/reset/action init reset ==&gt; done OK
CLI_OUTPUT: /Target1/cmd/action cmd &quot;ls /opt/ccmon/ddal_power_ccmon_agent &gt; /dev/null&quot;
CLI_OUTPUT: ret /Target1/cmd/action cmd &quot;ls /opt/ccmon/ddal_power_ccmon_agent &gt; /dev/null&quot; ==&gt; done OK retw=0
CLI_OUTPUT: /Target1/power/get sw_info
CLI_OUTPUT: ret /Target1/power/get sw_info ==&gt; error 201 unknown dispatcher or agent
CLI_OUTPUT: /Target1/action load agent /opt/ccmon/ddal_power_ccmon_agent power
CLI_OUTPUT: ret /Target1/action load agent /opt/ccmon/ddal_power_ccmon_agent power ==&gt; done OK
CLI_OUTPUT: /Target1/power/action init power
CLI_OUTPUT: ret /Target1/power/action init power ==&gt; done OK
CLI_OUTPUT: /Target1/cmd/action cmd &quot;ls /opt/ccmon/ddal_l2mem_ccmon_agent &gt; /dev/null&quot;
CLI_OUTPUT: ret /Target1/cmd/action cmd &quot;ls /opt/ccmon/ddal_l2mem_ccmon_agent &gt; /dev/null&quot; ==&gt; done OK retw=0
CLI_OUTPUT: /Target1/l2mem/get sw_info
CLI_OUTPUT: ret /Target1/l2mem/get sw_info ==&gt; error 201 unknown dispatcher or agent
CLI_OUTPUT: /Target1/action load agent /opt/ccmon/ddal_l2mem_ccmon_agent l2mem
CLI_OUTPUT: ret /Target1/action load agent /opt/ccmon/ddal_l2mem_ccmon_agent l2mem ==&gt; done OK
CLI_OUTPUT: /Target1/l2mem/action init l2mem
CLI_OUTPUT: ret /Target1/l2mem/action init l2mem ==&gt; done OK
CLI_OUTPUT: /Target1/cmd/action cmd &quot;ls /opt/ccmon/ddal_clk_ccmon_agent &gt; /dev/null&quot;
CLI_OUTPUT: ret /Target1/cmd/action cmd &quot;ls /opt/ccmon/ddal_clk_ccmon_agent &gt; /dev/null&quot; ==&gt; done OK retw=0
CLI_OUTPUT: /Target1/clk/get sw_info
CLI_OUTPUT: ret /Target1/clk/get sw_info ==&gt; error 201 unknown dispatcher or agent
CLI_OUTPUT: /Target1/action load agent /opt/ccmon/ddal_clk_ccmon_agent clk
CLI_OUTPUT: ret /Target1/action load agent /opt/ccmon/ddal_clk_ccmon_agent clk ==&gt; done OK
CLI_OUTPUT: /Target1/clk/action init clk
CLI_OUTPUT: ret /Target1/clk/action init clk ==&gt; done OK
CLI_OUTPUT: /Target1/cmd/action cmd &quot;ls /opt/ccmon/ddal_id_ccmon_agent &gt; /dev/null&quot;
CLI_OUTPUT: ret /Target1/cmd/action cmd &quot;ls /opt/ccmon/ddal_id_ccmon_agent &gt; /dev/null&quot; ==&gt; done OK retw=0
CLI_OUTPUT: /Target1/id/get sw_info
CLI_OUTPUT: ret /Target1/id/get sw_info ==&gt; error 201 unknown dispatcher or agent
CLI_OUTPUT: /Target1/action load agent /opt/ccmon/ddal_id_ccmon_agent id
CLI_OUTPUT: ret /Target1/action load agent /opt/ccmon/ddal_id_ccmon_agent id ==&gt; done OK
CLI_OUTPUT: /Target1/id/action init id
CLI_OUTPUT: ret /Target1/id/action init id ==&gt; done OK
CLI_OUTPUT: /Target1/cmd/action cmd &quot;ls /opt/ccmon/ddal_led_ccmon_agent &gt; /dev/null&quot;
CLI_OUTPUT: ret /Target1/cmd/action cmd &quot;ls /opt/ccmon/ddal_led_ccmon_agent &gt; /dev/null&quot; ==&gt; done OK retw=0
CLI_OUTPUT: /Target1/led/get sw_info
CLI_OUTPUT: ret /Target1/led/get sw_info ==&gt; error 201 unknown dispatcher or agent
CLI_OUTPUT: /Target1/action load agent /opt/ccmon/ddal_led_ccmon_agent led
CLI_OUTPUT: ret /Target1/action load agent /opt/ccmon/ddal_led_ccmon_agent led ==&gt; done OK
CLI_OUTPUT: /Target1/led/action init led
CLI_OUTPUT: ret /Target1/led/action init led ==&gt; done OK
CLI_OUTPUT: /Target1/cmd/action cmd &quot;ls /opt/ccmon/ddal_lx2_ccmon_agent &gt; /dev/null&quot;
CLI_OUTPUT: ret /Target1/cmd/action cmd &quot;ls /opt/ccmon/ddal_lx2_ccmon_agent &gt; /dev/null&quot; ==&gt; done OK retw=0
CLI_OUTPUT: /Target1/lx2/get sw_info
CLI_OUTPUT: ret /Target1/lx2/get sw_info ==&gt; error 201 unknown dispatcher or agent
CLI_OUTPUT: /Target1/action load agent /opt/ccmon/ddal_lx2_ccmon_agent lx2
CLI_OUTPUT: ret /Target1/action load agent /opt/ccmon/ddal_lx2_ccmon_agent lx2 ==&gt; done OK
CLI_OUTPUT: /Target1/lx2/action init lx2
CLI_OUTPUT: ret /Target1/lx2/action init lx2 ==&gt; done OK
CLI_OUTPUT: /Target1/cmd/action cmd &quot;ls /opt/ccmon/ddal_rpram_ccmon_agent &gt; /dev/null&quot;
CLI_OUTPUT: ret /Target1/cmd/action cmd &quot;ls /opt/ccmon/ddal_rpram_ccmon_agent &gt; /dev/null&quot; ==&gt; done OK retw=0
CLI_OUTPUT: /Target1/rpram/get sw_info
CLI_OUTPUT: ret /Target1/rpram/get sw_info ==&gt; error 201 unknown dispatcher or agent
CLI_OUTPUT: /Target1/action load agent /opt/ccmon/ddal_rpram_ccmon_agent rpram
CLI_OUTPUT: ret /Target1/action load agent /opt/ccmon/ddal_rpram_ccmon_agent rpram ==&gt; done OK
CLI_OUTPUT: /Target1/rpram/action init rpram
CLI_OUTPUT: ret /Target1/rpram/action init rpram ==&gt; done OK
CLI_OUTPUT: /Target1/cmd/action cmd &quot;ls /opt/ccmon/ddal_pwrmon_ccmon_agent &gt; /dev/null&quot;
CLI_OUTPUT: ret /Target1/cmd/action cmd &quot;ls /opt/ccmon/ddal_pwrmon_ccmon_agent &gt; /dev/null&quot; ==&gt; done OK retw=0
CLI_OUTPUT: /Target1/powermon/get sw_info
CLI_OUTPUT: ret /Target1/powermon/get sw_info ==&gt; error 201 unknown dispatcher or agent
CLI_OUTPUT: /Target1/action load agent /opt/ccmon/ddal_pwrmon_ccmon_agent powermon
CLI_OUTPUT: ret /Target1/action load agent /opt/ccmon/ddal_pwrmon_ccmon_agent powermon ==&gt; done OK
CLI_OUTPUT: /Target1/powermon/action init powermon
CLI_OUTPUT: ret /Target1/powermon/action init powermon ==&gt; done OK
CLI_OUTPUT: /Target1/cmd/action cmd &quot;ls /opt/ccmon/ddal_eeprom_ccmon_agent &gt; /dev/null&quot;
CLI_OUTPUT: ret /Target1/cmd/action cmd &quot;ls /opt/ccmon/ddal_eeprom_ccmon_agent &gt; /dev/null&quot; ==&gt; done OK retw=0
CLI_OUTPUT: /Target1/eeprom/get sw_info
CLI_OUTPUT: ret /Target1/eeprom/get sw_info ==&gt; error 201 unknown dispatcher or agent
CLI_OUTPUT: /Target1/action load agent /opt/ccmon/ddal_eeprom_ccmon_agent eeprom
CLI_OUTPUT: ret /Target1/action load agent /opt/ccmon/ddal_eeprom_ccmon_agent eeprom ==&gt; done OK
CLI_OUTPUT: /Target1/eeprom/action init eeprom
CLI_OUTPUT: ret /Target1/eeprom/action init eeprom ==&gt; done OK
CLI_OUTPUT: /Target1/cmd/action cmd &quot;ls /opt/ccmon/ddal_genesis_ccmon_agent &gt; /dev/null&quot;
CLI_OUTPUT: ret /Target1/cmd/action cmd &quot;ls /opt/ccmon/ddal_genesis_ccmon_agent &gt; /dev/null&quot; ==&gt; done OK retw=0
CLI_OUTPUT: /Target1/genesis/get sw_info
CLI_OUTPUT: ret /Target1/genesis/get sw_info ==&gt; error 201 unknown dispatcher or agent
CLI_OUTPUT: /Target1/action load agent /opt/ccmon/ddal_genesis_ccmon_agent genesis
CLI_OUTPUT: ret /Target1/action load agent /opt/ccmon/ddal_genesis_ccmon_agent genesis ==&gt; done OK
CLI_OUTPUT: /Target1/genesis/action init genesis
CLI_OUTPUT: ret /Target1/genesis/action init genesis ==&gt; done OK
CLI_OUTPUT: /Target1/cmd/action cmd &quot;ls /opt/ccmon/ddal_temperature_ccmon_agent &gt; /dev/null&quot;
CLI_OUTPUT: ret /Target1/cmd/action cmd &quot;ls /opt/ccmon/ddal_temperature_ccmon_agent &gt; /dev/null&quot; ==&gt; done OK retw=0
CLI_OUTPUT: /Target1/temperature/get sw_info
CLI_OUTPUT: ret /Target1/temperature/get sw_info ==&gt; error 201 unknown dispatcher or agent
CLI_OUTPUT: /Target1/action load agent /opt/ccmon/ddal_temperature_ccmon_agent temperature
CLI_OUTPUT: ret /Target1/action load agent /opt/ccmon/ddal_temperature_ccmon_agent temperature ==&gt; done OK
CLI_OUTPUT: /Target1/temperature/action init temperature
CLI_OUTPUT: ret /Target1/temperature/action init temperature ==&gt; done OK
CLI_OUTPUT: /Target1/cmd/action cmd &quot;ls /opt/ccmon/ddal_fan_ccmon_agent &gt; /dev/null&quot;
CLI_OUTPUT: ret /Target1/cmd/action cmd &quot;ls /opt/ccmon/ddal_fan_ccmon_agent &gt; /dev/null&quot; ==&gt; done OK retw=0
CLI_OUTPUT: /Target1/fan/get sw_info
CLI_OUTPUT: ret /Target1/fan/get sw_info ==&gt; error 201 unknown dispatcher or agent
CLI_OUTPUT: /Target1/action load agent /opt/ccmon/ddal_fan_ccmon_agent fan
CLI_OUTPUT: ret /Target1/action load agent /opt/ccmon/ddal_fan_ccmon_agent fan ==&gt; done OK
CLI_OUTPUT: /Target1/fan/action init fan
CLI_OUTPUT: ret /Target1/fan/action init fan ==&gt; done OK
CLI_OUTPUT: /Target1/cmd/action cmd &quot;ls /opt/ccmon/ddal_fsp_hwid_ccmon_agent &gt; /dev/null&quot;
CLI_OUTPUT: ret /Target1/cmd/action cmd &quot;ls /opt/ccmon/ddal_fsp_hwid_ccmon_agent &gt; /dev/null&quot; ==&gt; done OK retw=0
CLI_OUTPUT: /Target1/fsp_hwid/get sw_info
CLI_OUTPUT: ret /Target1/fsp_hwid/get sw_info ==&gt; error 201 unknown dispatcher or agent
CLI_OUTPUT: /Target1/action load agent /opt/ccmon/ddal_fsp_hwid_ccmon_agent fsp_hwid
CLI_OUTPUT: ret /Target1/action load agent /opt/ccmon/ddal_fsp_hwid_ccmon_agent fsp_hwid ==&gt; done OK
CLI_OUTPUT: /Target1/fsp_hwid/action init fsp_hwid
CLI_OUTPUT: ret /Target1/fsp_hwid/action init fsp_hwid ==&gt; done OK
CLI_OUTPUT: /Target1/cmd/action cmd &quot;ls /opt/ccmon/ddal_ext_alarm_ccmon_agent &gt; /dev/null&quot;
CLI_OUTPUT: ret /Target1/cmd/action cmd &quot;ls /opt/ccmon/ddal_ext_alarm_ccmon_agent &gt; /dev/null&quot; ==&gt; done OK retw=0
CLI_OUTPUT: /Target1/ext_alarm/get sw_info
CLI_OUTPUT: ret /Target1/ext_alarm/get sw_info ==&gt; error 201 unknown dispatcher or agent
CLI_OUTPUT: /Target1/action load agent /opt/ccmon/ddal_ext_alarm_ccmon_agent ext_alarm
CLI_OUTPUT: ret /Target1/action load agent /opt/ccmon/ddal_ext_alarm_ccmon_agent ext_alarm ==&gt; done OK
CLI_OUTPUT: /Target1/ext_alarm/action init ext_alarm
CLI_OUTPUT: ret /Target1/ext_alarm/action init ext_alarm ==&gt; done OK
CLI_OUTPUT: /Target1/cmd/action cmd &quot;ls /opt/ccmon/ddal_custom_out_ccmon_agent &gt; /dev/null&quot;
CLI_OUTPUT: ret /Target1/cmd/action cmd &quot;ls /opt/ccmon/ddal_custom_out_ccmon_agent &gt; /dev/null&quot; ==&gt; done OK retw=0
CLI_OUTPUT: /Target1/custom_out/get sw_info
CLI_OUTPUT: ret /Target1/custom_out/get sw_info ==&gt; error 201 unknown dispatcher or agent
CLI_OUTPUT: /Target1/action load agent /opt/ccmon/ddal_custom_out_ccmon_agent custom_out
CLI_OUTPUT: ret /Target1/action load agent /opt/ccmon/ddal_custom_out_ccmon_agent custom_out ==&gt; done OK
CLI_OUTPUT: /Target1/custom_out/action init custom_out
CLI_OUTPUT: ret /Target1/custom_out/action init custom_out ==&gt; done OK
CLI_OUTPUT: /Target1/cmd/action cmd &quot;ls /opt/ccmon/devicetree_agent &gt; /dev/null&quot;
CLI_OUTPUT: ret /Target1/cmd/action cmd &quot;ls /opt/ccmon/devicetree_agent &gt; /dev/null&quot; ==&gt; done fail retw=256
SCR_OUTPUT: WARNING: agent devicetree_agent not found
CLI_OUTPUT: /Target1/cmd/action cmd &quot;ls /opt/ccmon/rio_agent &gt; /dev/null&quot;
CLI_OUTPUT: ret /Target1/cmd/action cmd &quot;ls /opt/ccmon/rio_agent &gt; /dev/null&quot; ==&gt; done fail retw=256
SCR_OUTPUT: WARNING: agent rio_agent not found
CLI_OUTPUT: /Target1/cmd/action cmd &quot;ls /opt/ccmon/ddal_ffs_ccmon_agent &gt; /dev/null&quot;
CLI_OUTPUT: ret /Target1/cmd/action cmd &quot;ls /opt/ccmon/ddal_ffs_ccmon_agent &gt; /dev/null&quot; ==&gt; done OK retw=0
CLI_OUTPUT: /Target1/ffs/get sw_info
CLI_OUTPUT: ret /Target1/ffs/get sw_info ==&gt; error 201 unknown dispatcher or agent
CLI_OUTPUT: /Target1/action load agent /opt/ccmon/ddal_ffs_ccmon_agent ffs
CLI_OUTPUT: ret /Target1/action load agent /opt/ccmon/ddal_ffs_ccmon_agent ffs ==&gt; done OK
CLI_OUTPUT: /Target1/ffs/action init ffs
CLI_OUTPUT: ret /Target1/ffs/action init ffs ==&gt; done OK
CLI_OUTPUT: /Target1/cmd/action cmd &quot;ls /opt/ccmon/ddal_casadump_ccmon_agent &gt; /dev/null&quot;
CLI_OUTPUT: ret /Target1/cmd/action cmd &quot;ls /opt/ccmon/ddal_casadump_ccmon_agent &gt; /dev/null&quot; ==&gt; done OK retw=0
CLI_OUTPUT: /Target1/casadump/get sw_info
CLI_OUTPUT: ret /Target1/casadump/get sw_info ==&gt; error 201 unknown dispatcher or agent
CLI_OUTPUT: /Target1/action load agent /opt/ccmon/ddal_casadump_ccmon_agent casadump
CLI_OUTPUT: ret /Target1/action load agent /opt/ccmon/ddal_casadump_ccmon_agent casadump ==&gt; done OK
CLI_OUTPUT: /Target1/casadump/action init casadump
CLI_OUTPUT: ret /Target1/casadump/action init casadump ==&gt; done OK
CLI_OUTPUT: /Target1/cmd/action cmd &quot;ls /opt/ccmon/ddal_ex_switch_ccmon_agent &gt; /dev/null&quot;
CLI_OUTPUT: ret /Target1/cmd/action cmd &quot;ls /opt/ccmon/ddal_ex_switch_ccmon_agent &gt; /dev/null&quot; ==&gt; done OK retw=0
CLI_OUTPUT: /Target1/ex_switch/get sw_info
CLI_OUTPUT: ret /Target1/ex_switch/get sw_info ==&gt; error 201 unknown dispatcher or agent
CLI_OUTPUT: /Target1/action load agent /opt/ccmon/ddal_ex_switch_ccmon_agent ex_switch
CLI_OUTPUT: ret /Target1/action load agent /opt/ccmon/ddal_ex_switch_ccmon_agent ex_switch ==&gt; done OK
CLI_OUTPUT: /Target1/ex_switch/action init ex_switch
CLI_OUTPUT: ret /Target1/ex_switch/action init ex_switch ==&gt; done OK
CLI_OUTPUT: /Target1/cmd/action cmd &quot;ls /opt/ccmon/ddal_sfp_ccmon_agent &gt; /dev/null&quot;
CLI_OUTPUT: ret /Target1/cmd/action cmd &quot;ls /opt/ccmon/ddal_sfp_ccmon_agent &gt; /dev/null&quot; ==&gt; done OK retw=0
CLI_OUTPUT: /Target1/sfp/get sw_info
CLI_OUTPUT: ret /Target1/sfp/get sw_info ==&gt; error 201 unknown dispatcher or agent
CLI_OUTPUT: /Target1/action load agent /opt/ccmon/ddal_sfp_ccmon_agent sfp
CLI_OUTPUT: ret /Target1/action load agent /opt/ccmon/ddal_sfp_ccmon_agent sfp ==&gt; done OK
CLI_OUTPUT: /Target1/sfp/action init sfp
CLI_OUTPUT: ret /Target1/sfp/action init sfp ==&gt; done OK
CLI_OUTPUT: /Target1/cmd/action cmd &quot;ls /opt/ccmon/ddal_gpio_ccmon_agent &gt; /dev/null&quot;
CLI_OUTPUT: ret /Target1/cmd/action cmd &quot;ls /opt/ccmon/ddal_gpio_ccmon_agent &gt; /dev/null&quot; ==&gt; done OK retw=0
CLI_OUTPUT: /Target1/gpio/get sw_info
CLI_OUTPUT: ret /Target1/gpio/get sw_info ==&gt; error 201 unknown dispatcher or agent
CLI_OUTPUT: /Target1/action load agent /opt/ccmon/ddal_gpio_ccmon_agent gpio
CLI_OUTPUT: ret /Target1/action load agent /opt/ccmon/ddal_gpio_ccmon_agent gpio ==&gt; done OK
CLI_OUTPUT: /Target1/gpio/action init gpio
CLI_OUTPUT: ret /Target1/gpio/action init gpio ==&gt; done OK
CLI_OUTPUT: /Target1/cmd/action cmd &quot;ls /opt/ccmon/ddal_ctrl_ccmon_agent &gt; /dev/null&quot;
CLI_OUTPUT: ret /Target1/cmd/action cmd &quot;ls /opt/ccmon/ddal_ctrl_ccmon_agent &gt; /dev/null&quot; ==&gt; done OK retw=0
CLI_OUTPUT: /Target1/ctrl/get sw_info
CLI_OUTPUT: ret /Target1/ctrl/get sw_info ==&gt; error 201 unknown dispatcher or agent
CLI_OUTPUT: /Target1/action load agent /opt/ccmon/ddal_ctrl_ccmon_agent ctrl
CLI_OUTPUT: ret /Target1/action load agent /opt/ccmon/ddal_ctrl_ccmon_agent ctrl ==&gt; done OK
CLI_OUTPUT: /Target1/ctrl/action init ctrl
CLI_OUTPUT: ret /Target1/ctrl/action init ctrl ==&gt; done OK
CLI_OUTPUT: /Target1/cmd/action cmd &quot;ls /opt/ccmon/ddal_register_ccmon_agent &gt; /dev/null&quot;
CLI_OUTPUT: ret /Target1/cmd/action cmd &quot;ls /opt/ccmon/ddal_register_ccmon_agent &gt; /dev/null&quot; ==&gt; done OK retw=0
CLI_OUTPUT: /Target1/register/get sw_info
CLI_OUTPUT: ret /Target1/register/get sw_info ==&gt; error 201 unknown dispatcher or agent
CLI_OUTPUT: /Target1/action load agent /opt/ccmon/ddal_register_ccmon_agent register
CLI_OUTPUT: ret /Target1/action load agent /opt/ccmon/ddal_register_ccmon_agent register ==&gt; done OK
CLI_OUTPUT: /Target1/register/action init register
CLI_OUTPUT: ret /Target1/register/action init register ==&gt; done OK
SCR_OUTPUT: ----------------- TARGET DEFAULT INIT DONE -----------------
CLI_OUTPUT: /Target1/rpram/action ddal_rpram_get DDAL_RPRAM_USER1
CLI_OUTPUT: ret /Target1/rpram/action ddal_rpram_get DDAL_RPRAM_USER1 ==&gt; done OK retv 0 value 335880746
SCR_OUTPUT: called ddal_rpram_get DDAL_RPRAM_USER1 returned 335880746 == 335880746 last written == &gt; OK
CLI_OUTPUT: /Target1/rpram/action ddal_rpram_get DDAL_RPRAM_USER2
CLI_OUTPUT: ret /Target1/rpram/action ddal_rpram_get DDAL_RPRAM_USER2 ==&gt; done OK retv 0 value 335880747
SCR_OUTPUT: called ddal_rpram_get DDAL_RPRAM_USER2 returned 335880747 == 335880747 last written == &gt; OK
CLI_OUTPUT: /Target1/rpram/action ddal_rpram_get DDAL_RPRAM_USER3
CLI_OUTPUT: ret /Target1/rpram/action ddal_rpram_get DDAL_RPRAM_USER3 ==&gt; done OK retv 0 value 335880748
SCR_OUTPUT: called ddal_rpram_get DDAL_RPRAM_USER3 returned 335880748 == 335880748 last written == &gt; OK
CLI_OUTPUT: /Target1/rpram/action ddal_rpram_get DDAL_RPRAM_USER4
CLI_OUTPUT: ret /Target1/rpram/action ddal_rpram_get DDAL_RPRAM_USER4 ==&gt; done OK retv 0 value 335880749
SCR_OUTPUT: called ddal_rpram_get DDAL_RPRAM_USER4 returned 335880749 == 335880749 last written == &gt; OK
CLI_OUTPUT: /Target1/rpram/action ddal_rpram_get DDAL_RPRAM_USER5
CLI_OUTPUT: ret /Target1/rpram/action ddal_rpram_get DDAL_RPRAM_USER5 ==&gt; done OK retv 0 value 335880750
SCR_OUTPUT: called ddal_rpram_get DDAL_RPRAM_USER5 returned 335880750 == 335880750 last written == &gt; OK
CLI_OUTPUT: /Target1/rpram/action ddal_rpram_get DDAL_RPRAM_USER6
CLI_OUTPUT: ret /Target1/rpram/action ddal_rpram_get DDAL_RPRAM_USER6 ==&gt; done OK retv 0 value 335880751
SCR_OUTPUT: called ddal_rpram_get DDAL_RPRAM_USER6 returned 335880751 == 335880751 last written == &gt; OK
CLI_OUTPUT: /Target1/rpram/action ddal_rpram_get DDAL_RPRAM_USER7
CLI_OUTPUT: ret /Target1/rpram/action ddal_rpram_get DDAL_RPRAM_USER7 ==&gt; done OK retv 0 value 335880752
SCR_OUTPUT: called ddal_rpram_get DDAL_RPRAM_USER7 returned 335880752 == 335880752 last written == &gt; OK
CLI_OUTPUT: /Target1/rpram/action ddal_rpram_get DDAL_RPRAM_USER8
CLI_OUTPUT: ret /Target1/rpram/action ddal_rpram_get DDAL_RPRAM_USER8 ==&gt; done OK retv 0 value 335880753
SCR_OUTPUT: called ddal_rpram_get DDAL_RPRAM_USER8 returned 335880753 == 335880753 last written == &gt; OK
CLI_OUTPUT: /Target1/rpram/action ddal_rpram_get DDAL_RPRAM_USER9
CLI_OUTPUT: ret /Target1/rpram/action ddal_rpram_get DDAL_RPRAM_USER9 ==&gt; done OK retv 0 value 335880754
SCR_OUTPUT: called ddal_rpram_get DDAL_RPRAM_USER9 returned 335880754 == 335880754 last written == &gt; OK
CLI_OUTPUT: /Target1/rpram/action ddal_rpram_get DDAL_RPRAM_USER10
CLI_OUTPUT: ret /Target1/rpram/action ddal_rpram_get DDAL_RPRAM_USER10 ==&gt; done OK retv 0 value 335880755
SCR_OUTPUT: called ddal_rpram_get DDAL_RPRAM_USER10 returned 335880755 == 335880755 last written == &gt; OK
CLI_OUTPUT: /Target1/rpram/action ddal_rpram_get DDAL_RPRAM_USER11
CLI_OUTPUT: ret /Target1/rpram/action ddal_rpram_get DDAL_RPRAM_USER11 ==&gt; done OK retv 0 value 335880756
SCR_OUTPUT: called ddal_rpram_get DDAL_RPRAM_USER11 returned 335880756 == 335880756 last written == &gt; OK
CLI_OUTPUT: /Target1/rpram/action ddal_rpram_get DDAL_RPRAM_USER12
CLI_OUTPUT: ret /Target1/rpram/action ddal_rpram_get DDAL_RPRAM_USER12 ==&gt; done OK retv 0 value 335880757
SCR_OUTPUT: called ddal_rpram_get DDAL_RPRAM_USER12 returned 335880757 == 335880757 last written == &gt; OK
CLI_OUTPUT: /Target1/rpram/action ddal_rpram_get DDAL_RPRAM_USER13
CLI_OUTPUT: ret /Target1/rpram/action ddal_rpram_get DDAL_RPRAM_USER13 ==&gt; done OK retv 0 value 335880758
SCR_OUTPUT: called ddal_rpram_get DDAL_RPRAM_USER13 returned 335880758 == 335880758 last written == &gt; OK
CLI_OUTPUT: /Target1/rpram/action ddal_rpram_get DDAL_RPRAM_USER14
CLI_OUTPUT: ret /Target1/rpram/action ddal_rpram_get DDAL_RPRAM_USER14 ==&gt; done OK retv 0 value 335880759
SCR_OUTPUT: called ddal_rpram_get DDAL_RPRAM_USER14 returned 335880759 == 335880759 last written == &gt; OK
CLI_OUTPUT: /Target1/rpram/action ddal_rpram_get DDAL_RPRAM_USER15
CLI_OUTPUT: ret /Target1/rpram/action ddal_rpram_get DDAL_RPRAM_USER15 ==&gt; done OK retv 0 value 335880760
SCR_OUTPUT: called ddal_rpram_get DDAL_RPRAM_USER15 returned 335880760 == 335880760 last written == &gt; OK
CLI_OUTPUT: /Target1/rpram/action ddal_rpram_get DDAL_RPRAM_HW_INIT_STORAGE
CLI_OUTPUT: ret /Target1/rpram/action ddal_rpram_get DDAL_RPRAM_HW_INIT_STORAGE ==&gt; done OK retv 0 value 335880761
SCR_OUTPUT: called ddal_rpram_get DDAL_RPRAM_HW_INIT_STORAGE returned 335880761 == 335880761 last written == &gt; OK
CLI_OUTPUT: /Target1/rpram/action ddal_rpram_get DDAL_RPRAM_RESET_TYPE
CLI_OUTPUT: ret /Target1/rpram/action ddal_rpram_get DDAL_RPRAM_RESET_TYPE ==&gt; done OK retv 0 value 335880762
SCR_OUTPUT: called ddal_rpram_get DDAL_RPRAM_RESET_TYPE returned 335880762 == 335880762 last written == &gt; OK
CLI_OUTPUT: /Target1/rpram/action ddal_rpram_get DDAL_RPRAM_ISTI
CLI_OUTPUT: ret /Target1/rpram/action ddal_rpram_get DDAL_RPRAM_ISTI ==&gt; done OK retv 0 value 335880763
SCR_OUTPUT: called ddal_rpram_get DDAL_RPRAM_ISTI returned 335880763 == 335880763 last written == &gt; OK
SCR_OUTPUT: ##### Test Case End: TC_03100_004 PASSED (0)
</system-out>
</testcase>

<testcase classname="HW_03100_basic_rpram_tests" name="TC_03100_004 write data; reboot; verify data_2" time="32">
<system-out>
SCR_OUTPUT: ##### Test Case Start: TC_03100_004  write data; reboot; verify data
CLI_OUTPUT: /Target1/rpram/action ddal_rpram_set DDAL_RPRAM_USER1 2066905352
CLI_OUTPUT: ret /Target1/rpram/action ddal_rpram_set DDAL_RPRAM_USER1 2066905352 ==&gt; done OK retv 0
SCR_OUTPUT: called ddal_rpram_set DDAL_RPRAM_USER1 2066905352  ==&gt; OK
CLI_OUTPUT: /Target1/rpram/action ddal_rpram_set DDAL_RPRAM_USER2 2066905353
CLI_OUTPUT: ret /Target1/rpram/action ddal_rpram_set DDAL_RPRAM_USER2 2066905353 ==&gt; done OK retv 0
SCR_OUTPUT: called ddal_rpram_set DDAL_RPRAM_USER2 2066905353  ==&gt; OK
CLI_OUTPUT: /Target1/rpram/action ddal_rpram_set DDAL_RPRAM_USER3 2066905354
CLI_OUTPUT: ret /Target1/rpram/action ddal_rpram_set DDAL_RPRAM_USER3 2066905354 ==&gt; done OK retv 0
SCR_OUTPUT: called ddal_rpram_set DDAL_RPRAM_USER3 2066905354  ==&gt; OK
CLI_OUTPUT: /Target1/rpram/action ddal_rpram_set DDAL_RPRAM_USER4 2066905355
CLI_OUTPUT: ret /Target1/rpram/action ddal_rpram_set DDAL_RPRAM_USER4 2066905355 ==&gt; done OK retv 0
SCR_OUTPUT: called ddal_rpram_set DDAL_RPRAM_USER4 2066905355  ==&gt; OK
CLI_OUTPUT: /Target1/rpram/action ddal_rpram_set DDAL_RPRAM_USER5 2066905356
CLI_OUTPUT: ret /Target1/rpram/action ddal_rpram_set DDAL_RPRAM_USER5 2066905356 ==&gt; done OK retv 0
SCR_OUTPUT: called ddal_rpram_set DDAL_RPRAM_USER5 2066905356  ==&gt; OK
CLI_OUTPUT: /Target1/rpram/action ddal_rpram_set DDAL_RPRAM_USER6 2066905357
CLI_OUTPUT: ret /Target1/rpram/action ddal_rpram_set DDAL_RPRAM_USER6 2066905357 ==&gt; done OK retv 0
SCR_OUTPUT: called ddal_rpram_set DDAL_RPRAM_USER6 2066905357  ==&gt; OK
CLI_OUTPUT: /Target1/rpram/action ddal_rpram_set DDAL_RPRAM_USER7 2066905358
CLI_OUTPUT: ret /Target1/rpram/action ddal_rpram_set DDAL_RPRAM_USER7 2066905358 ==&gt; done OK retv 0
SCR_OUTPUT: called ddal_rpram_set DDAL_RPRAM_USER7 2066905358  ==&gt; OK
CLI_OUTPUT: /Target1/rpram/action ddal_rpram_set DDAL_RPRAM_USER8 2066905359
CLI_OUTPUT: ret /Target1/rpram/action ddal_rpram_set DDAL_RPRAM_USER8 2066905359 ==&gt; done OK retv 0
SCR_OUTPUT: called ddal_rpram_set DDAL_RPRAM_USER8 2066905359  ==&gt; OK
CLI_OUTPUT: /Target1/rpram/action ddal_rpram_set DDAL_RPRAM_USER9 2066905360
CLI_OUTPUT: ret /Target1/rpram/action ddal_rpram_set DDAL_RPRAM_USER9 2066905360 ==&gt; done OK retv 0
SCR_OUTPUT: called ddal_rpram_set DDAL_RPRAM_USER9 2066905360  ==&gt; OK
CLI_OUTPUT: /Target1/rpram/action ddal_rpram_set DDAL_RPRAM_USER10 2066905361
CLI_OUTPUT: ret /Target1/rpram/action ddal_rpram_set DDAL_RPRAM_USER10 2066905361 ==&gt; done OK retv 0
SCR_OUTPUT: called ddal_rpram_set DDAL_RPRAM_USER10 2066905361  ==&gt; OK
CLI_OUTPUT: /Target1/rpram/action ddal_rpram_set DDAL_RPRAM_USER11 2066905362
CLI_OUTPUT: ret /Target1/rpram/action ddal_rpram_set DDAL_RPRAM_USER11 2066905362 ==&gt; done OK retv 0
SCR_OUTPUT: called ddal_rpram_set DDAL_RPRAM_USER11 2066905362  ==&gt; OK
CLI_OUTPUT: /Target1/rpram/action ddal_rpram_set DDAL_RPRAM_USER12 2066905363
CLI_OUTPUT: ret /Target1/rpram/action ddal_rpram_set DDAL_RPRAM_USER12 2066905363 ==&gt; done OK retv 0
SCR_OUTPUT: called ddal_rpram_set DDAL_RPRAM_USER12 2066905363  ==&gt; OK
CLI_OUTPUT: /Target1/rpram/action ddal_rpram_set DDAL_RPRAM_USER13 2066905364
CLI_OUTPUT: ret /Target1/rpram/action ddal_rpram_set DDAL_RPRAM_USER13 2066905364 ==&gt; done OK retv 0
SCR_OUTPUT: called ddal_rpram_set DDAL_RPRAM_USER13 2066905364  ==&gt; OK
CLI_OUTPUT: /Target1/rpram/action ddal_rpram_set DDAL_RPRAM_USER14 2066905365
CLI_OUTPUT: ret /Target1/rpram/action ddal_rpram_set DDAL_RPRAM_USER14 2066905365 ==&gt; done OK retv 0
SCR_OUTPUT: called ddal_rpram_set DDAL_RPRAM_USER14 2066905365  ==&gt; OK
CLI_OUTPUT: /Target1/rpram/action ddal_rpram_set DDAL_RPRAM_USER15 2066905366
CLI_OUTPUT: ret /Target1/rpram/action ddal_rpram_set DDAL_RPRAM_USER15 2066905366 ==&gt; done OK retv 0
SCR_OUTPUT: called ddal_rpram_set DDAL_RPRAM_USER15 2066905366  ==&gt; OK
CLI_OUTPUT: /Target1/rpram/action ddal_rpram_set DDAL_RPRAM_HW_INIT_STORAGE 2066905367
CLI_OUTPUT: ret /Target1/rpram/action ddal_rpram_set DDAL_RPRAM_HW_INIT_STORAGE 2066905367 ==&gt; done OK retv 0
SCR_OUTPUT: called ddal_rpram_set DDAL_RPRAM_HW_INIT_STORAGE 2066905367  ==&gt; OK
CLI_OUTPUT: /Target1/rpram/action ddal_rpram_set DDAL_RPRAM_RESET_TYPE 2066905368
CLI_OUTPUT: ret /Target1/rpram/action ddal_rpram_set DDAL_RPRAM_RESET_TYPE 2066905368 ==&gt; done OK retv 0
SCR_OUTPUT: called ddal_rpram_set DDAL_RPRAM_RESET_TYPE 2066905368  ==&gt; OK
CLI_OUTPUT: /Target1/rpram/action ddal_rpram_set DDAL_RPRAM_ISTI 2066905369
CLI_OUTPUT: ret /Target1/rpram/action ddal_rpram_set DDAL_RPRAM_ISTI 2066905369 ==&gt; done OK retv 0
SCR_OUTPUT: called ddal_rpram_set DDAL_RPRAM_ISTI 2066905369  ==&gt; OK
CLI_OUTPUT: /Target1/rpram/action ddal_rpram_set DDAL_RPRAM_POR_MAGIC_LOW 2066905370
CLI_OUTPUT: ret /Target1/rpram/action ddal_rpram_set DDAL_RPRAM_POR_MAGIC_LOW 2066905370 ==&gt; done OK retv 0
SCR_OUTPUT: called ddal_rpram_set DDAL_RPRAM_POR_MAGIC_LOW 2066905370  ==&gt; OK
CLI_OUTPUT: /Target1/rpram/action ddal_rpram_set DDAL_RPRAM_POR_MAGIC_HIGH 2066905371
CLI_OUTPUT: ret /Target1/rpram/action ddal_rpram_set DDAL_RPRAM_POR_MAGIC_HIGH 2066905371 ==&gt; done OK retv 0
SCR_OUTPUT: called ddal_rpram_set DDAL_RPRAM_POR_MAGIC_HIGH 2066905371  ==&gt; OK
SCR_OUTPUT: Start reboot.
CLI_OUTPUT: /Target1/cmd/action cmd reboot
CLI_OUTPUT: ret /Target1/cmd/action cmd reboot ==&gt; done OK retw=0
SCR_OUTPUT: Wait until reboot is in progess ...
SCR_OUTPUT: 0
CLI_OUTPUT: /Target1/cmd/action cmd echo 0 
CLI_OUTPUT: ret /Target1/cmd/action cmd echo 0 ==&gt; done OK retw=0
SCR_OUTPUT: 1
CLI_OUTPUT: /Target1/cmd/action cmd echo 1 
CLI_OUTPUT: ret /Target1/cmd/action cmd echo 1 ==&gt; done OK retw=0
SCR_OUTPUT: 2
CLI_OUTPUT: /Target1/cmd/action cmd echo 2 
CLI_OUTPUT: ret /Target1/cmd/action cmd echo 2 ==&gt; done OK retw=0
SCR_OUTPUT: 3
CLI_OUTPUT: /Target1/cmd/action cmd echo 3 
CLI_OUTPUT: ret /Target1/cmd/action cmd echo 3 ==&gt; done OK retw=0
SCR_OUTPUT: 4
CLI_OUTPUT: /Target1/cmd/action cmd echo 4 
CLI_OUTPUT: ret /Target1/cmd/action cmd echo 4 ==&gt; done OK retw=0
SCR_OUTPUT: 5
CLI_OUTPUT: /Target1/cmd/action cmd echo 5 
CLI_OUTPUT: ret /Target1/cmd/action cmd echo 5 ==&gt; done OK retw=0
SCR_OUTPUT: 6
CLI_OUTPUT: /Target1/cmd/action cmd echo 6 
CLI_OUTPUT: ret /Target1/cmd/action cmd echo 6 ==&gt; done OK retw=0
SCR_OUTPUT: 7
CLI_OUTPUT: /Target1/cmd/action cmd echo 7 
CLI_OUTPUT: ret /Target1/cmd/action cmd echo 7 ==&gt; done OK retw=0
SCR_OUTPUT: 8
CLI_OUTPUT: /Target1/cmd/action cmd echo 8 
CLI_OUTPUT: ret /Target1/cmd/action cmd echo 8 ==&gt; done OK retw=0
SCR_OUTPUT: 9
CLI_OUTPUT: /Target1/cmd/action cmd echo 9 
CLI_OUTPUT: ret /Target1/cmd/action cmd echo 9 ==&gt; done OK retw=0
SCR_OUTPUT: 10
CLI_OUTPUT: /Target1/cmd/action cmd echo 10 
CLI_OUTPUT: ret /Target1/cmd/action cmd echo 10 ==&gt; done OK retw=0
SCR_OUTPUT: 11
CLI_OUTPUT: /Target1/cmd/action cmd echo 11 
CLI_OUTPUT: ret /Target1/cmd/action cmd echo 11 ==&gt; done OK retw=0
SCR_OUTPUT: 12
CLI_OUTPUT: /Target1/cmd/action cmd echo 12 
CLI_OUTPUT: ret /Target1/cmd/action cmd echo 12 ==&gt; done OK retw=0
SCR_OUTPUT: 13
CLI_OUTPUT: /Target1/cmd/action cmd echo 13 
CLI_OUTPUT: ret /Target1/cmd/action cmd echo 13 ==&gt; done OK retw=0
SCR_OUTPUT: 14
CLI_OUTPUT: /Target1/cmd/action cmd echo 14 
CLI_OUTPUT: ret /Target1/cmd/action cmd echo 14 ==&gt; done OK retw=0
SCR_OUTPUT: 15
CLI_OUTPUT: /Target1/cmd/action cmd echo 15 
DLG_OUTPUT: {FMon Error:} {Connection To Communication Channel:  Target1  Lost !} error 0 OK
SCR_OUTPUT: Wait until is comming up!
SCR_OUTPUT: open_cc: Target1
DLG_OUTPUT: {FMon Error:} {Connection To Communication Channel:  Target1  Lost !} error 0 OK
DLG_OUTPUT: {FMon Error:} {Connection To Communication Channel:  Target1  Lost !} error 0 OK
DLG_OUTPUT: {FMon Error:} {Connection To Communication Channel:  Target1  Lost !} error 0 OK
DLG_OUTPUT: {FMon Error:} {Connection To Communication Channel:  Target1  Lost !} error 0 OK
DLG_OUTPUT: {FMon Error:} {Connection To Communication Channel:  Target1  Lost !} error 0 OK
DLG_OUTPUT: {FMon Error:} {Connection To Communication Channel:  Target1  Lost !} error 0 OK
DLG_OUTPUT: {FMon Error:} {Connection To Communication Channel:  Target1  Lost !} error 0 OK
DLG_OUTPUT: {FMon Error:} {Connection To Communication Channel:  Target1  Lost !} error 0 OK
DLG_OUTPUT: {FMon Error:} {Connection To Communication Channel:  Target1  Lost !} error 0 OK
CLI_OUTPUT: /Target1/get noti_switch global
CLI_OUTPUT: ret /Target1/get noti_switch global ==&gt; on
CLI_OUTPUT: /Target1/get sw_info
CLI_OUTPUT: ret /Target1/get sw_info ==&gt; CCMon2 2.5.4 ready
SCR_OUTPUT: open_cc: Target1 OK
SCR_OUTPUT: open_cc: Target1
CLI_OUTPUT: /Target1/get noti_switch global
CLI_OUTPUT: ret /Target1/get noti_switch global ==&gt; on
CLI_OUTPUT: /Target1/get sw_info
CLI_OUTPUT: ret /Target1/get sw_info ==&gt; CCMon2 2.5.4 ready
SCR_OUTPUT: open_cc: Target1 OK
CLI_OUTPUT: /Target1/cmd/get sw_info
CLI_OUTPUT: ret /Target1/cmd/get sw_info ==&gt; error 201 unknown dispatcher or agent
CLI_OUTPUT: /Target1/action load agent /opt/ccmon/cmdagent cmd
CLI_OUTPUT: ret /Target1/action load agent /opt/ccmon/cmdagent cmd ==&gt; done OK
CLI_OUTPUT: /Target1/cmd/action init cmd
CLI_OUTPUT: ret /Target1/cmd/action init cmd ==&gt; done OK
CLI_OUTPUT: /Target1/cmd/action exec uname -a
CLI_OUTPUT: ret /Target1/cmd/action exec uname -a ==&gt; done ok 0 0 {Linux fcmd15 3.14.51-g82d8086-fcmd #1 PREEMPT Thu Oct 29 17:38:53 UTC 2015 ppc GNU/Linux}
CLI_OUTPUT: /Target1/cmd/action exec ifconfig
CLI_OUTPUT: ret /Target1/cmd/action exec ifconfig ==&gt; done ok 0 0 {eth0 Link encap:Ethernet HWaddr 00:04:AC:E3:0F:75} {inet addr:129.168.4.185 Bcast:129.168.255.255 Mask:255.255.0.0} {inet6 addr: fe80::204:acff:fee3:f75%3215924544/64 Scope:Link} {UP BROADCAST RUNNING MULTICAST MTU:1500 Metric:1} {RX packets:185 errors:0 dropped:51 overruns:0 frame:0} {TX packets:32 errors:0 dropped:0 overruns:0 carrier:0} {collisions:0 txqueuelen:1000} {RX bytes:17332 (16.9 KiB) TX bytes:3596 (3.5 KiB)} {Base address:0x8000} {} {lo Link encap:Local Loopback} {inet addr:127.0.0.1 Mask:255.0.0.0} {inet6 addr: ::1%3215924544/128 Scope:Host} {UP LOOPBACK RUNNING MTU:65536 Metric:1} {RX packets:486 errors:0 dropped:0 overruns:0 frame:0} {TX packets:486 errors:0 dropped:0 overruns:0 carrier:0} {collisions:0 txqueuelen:0} {RX bytes:77226 (75.4 KiB) TX bytes:77226 (75.4 KiB)} {}
SCR_OUTPUT: Target IP: inet addr:129.168.4.185 Bcast:129.168.255.255 Mask:255.255.0.0
CLI_OUTPUT: /Target1/cmd/action exec &quot;cat /etc/psl_version&quot;
CLI_OUTPUT: ret /Target1/cmd/action exec &quot;cat /etc/psl_version&quot; ==&gt; done ok 0 0 {PS_LFS_OS_2015_11_0017 (fcmd)}
SCR_OUTPUT: PSL Version: PS_LFS_OS_2015_11_0017 (fcmd)
SCR_OUTPUT: BOS Version: 
CLI_OUTPUT: /Target1/cmd/action cmd &quot;ls /etc/build_infos&quot;
CLI_OUTPUT: ret /Target1/cmd/action cmd &quot;ls /etc/build_infos&quot; ==&gt; done fail retw=256
SCR_OUTPUT: System Type: FCM2
CLI_OUTPUT: /Target1/cmd/action cmd &quot;ls /opt/ccmon/memdump_agent &gt; /dev/null&quot;
CLI_OUTPUT: ret /Target1/cmd/action cmd &quot;ls /opt/ccmon/memdump_agent &gt; /dev/null&quot; ==&gt; done OK retw=0
CLI_OUTPUT: /Target1/memdump/get sw_info
CLI_OUTPUT: ret /Target1/memdump/get sw_info ==&gt; error 201 unknown dispatcher or agent
CLI_OUTPUT: /Target1/action load agent /opt/ccmon/memdump_agent memdump
CLI_OUTPUT: ret /Target1/action load agent /opt/ccmon/memdump_agent memdump ==&gt; done OK
CLI_OUTPUT: /Target1/memdump/action init memdump
CLI_OUTPUT: ret /Target1/memdump/action init memdump ==&gt; done OK
CLI_OUTPUT: /Target1/cmd/action cmd &quot;ls /opt/ccmon/ddal_sfn_ccmon_agent &gt; /dev/null&quot;
CLI_OUTPUT: ret /Target1/cmd/action cmd &quot;ls /opt/ccmon/ddal_sfn_ccmon_agent &gt; /dev/null&quot; ==&gt; done OK retw=0
CLI_OUTPUT: /Target1/sfn/get sw_info
CLI_OUTPUT: ret /Target1/sfn/get sw_info ==&gt; error 201 unknown dispatcher or agent
CLI_OUTPUT: /Target1/action load agent /opt/ccmon/ddal_sfn_ccmon_agent sfn
CLI_OUTPUT: ret /Target1/action load agent /opt/ccmon/ddal_sfn_ccmon_agent sfn ==&gt; done OK
CLI_OUTPUT: /Target1/sfn/action init sfn
CLI_OUTPUT: ret /Target1/sfn/action init sfn ==&gt; done OK
CLI_OUTPUT: /Target1/cmd/action cmd &quot;ls /opt/ccmon/ddal_reset_ccmon_agent &gt; /dev/null&quot;
CLI_OUTPUT: ret /Target1/cmd/action cmd &quot;ls /opt/ccmon/ddal_reset_ccmon_agent &gt; /dev/null&quot; ==&gt; done OK retw=0
CLI_OUTPUT: /Target1/reset/get sw_info
CLI_OUTPUT: ret /Target1/reset/get sw_info ==&gt; error 201 unknown dispatcher or agent
CLI_OUTPUT: /Target1/action load agent /opt/ccmon/ddal_reset_ccmon_agent reset
CLI_OUTPUT: ret /Target1/action load agent /opt/ccmon/ddal_reset_ccmon_agent reset ==&gt; done OK
CLI_OUTPUT: /Target1/reset/action init reset
CLI_OUTPUT: ret /Target1/reset/action init reset ==&gt; done OK
CLI_OUTPUT: /Target1/cmd/action cmd &quot;ls /opt/ccmon/ddal_power_ccmon_agent &gt; /dev/null&quot;
CLI_OUTPUT: ret /Target1/cmd/action cmd &quot;ls /opt/ccmon/ddal_power_ccmon_agent &gt; /dev/null&quot; ==&gt; done OK retw=0
CLI_OUTPUT: /Target1/power/get sw_info
CLI_OUTPUT: ret /Target1/power/get sw_info ==&gt; error 201 unknown dispatcher or agent
CLI_OUTPUT: /Target1/action load agent /opt/ccmon/ddal_power_ccmon_agent power
CLI_OUTPUT: ret /Target1/action load agent /opt/ccmon/ddal_power_ccmon_agent power ==&gt; done OK
CLI_OUTPUT: /Target1/power/action init power
CLI_OUTPUT: ret /Target1/power/action init power ==&gt; done OK
CLI_OUTPUT: /Target1/cmd/action cmd &quot;ls /opt/ccmon/ddal_l2mem_ccmon_agent &gt; /dev/null&quot;
CLI_OUTPUT: ret /Target1/cmd/action cmd &quot;ls /opt/ccmon/ddal_l2mem_ccmon_agent &gt; /dev/null&quot; ==&gt; done OK retw=0
CLI_OUTPUT: /Target1/l2mem/get sw_info
CLI_OUTPUT: ret /Target1/l2mem/get sw_info ==&gt; error 201 unknown dispatcher or agent
CLI_OUTPUT: /Target1/action load agent /opt/ccmon/ddal_l2mem_ccmon_agent l2mem
CLI_OUTPUT: ret /Target1/action load agent /opt/ccmon/ddal_l2mem_ccmon_agent l2mem ==&gt; done OK
CLI_OUTPUT: /Target1/l2mem/action init l2mem
CLI_OUTPUT: ret /Target1/l2mem/action init l2mem ==&gt; done OK
CLI_OUTPUT: /Target1/cmd/action cmd &quot;ls /opt/ccmon/ddal_clk_ccmon_agent &gt; /dev/null&quot;
CLI_OUTPUT: ret /Target1/cmd/action cmd &quot;ls /opt/ccmon/ddal_clk_ccmon_agent &gt; /dev/null&quot; ==&gt; done OK retw=0
CLI_OUTPUT: /Target1/clk/get sw_info
CLI_OUTPUT: ret /Target1/clk/get sw_info ==&gt; error 201 unknown dispatcher or agent
CLI_OUTPUT: /Target1/action load agent /opt/ccmon/ddal_clk_ccmon_agent clk
CLI_OUTPUT: ret /Target1/action load agent /opt/ccmon/ddal_clk_ccmon_agent clk ==&gt; done OK
CLI_OUTPUT: /Target1/clk/action init clk
CLI_OUTPUT: ret /Target1/clk/action init clk ==&gt; done OK
CLI_OUTPUT: /Target1/cmd/action cmd &quot;ls /opt/ccmon/ddal_id_ccmon_agent &gt; /dev/null&quot;
CLI_OUTPUT: ret /Target1/cmd/action cmd &quot;ls /opt/ccmon/ddal_id_ccmon_agent &gt; /dev/null&quot; ==&gt; done OK retw=0
CLI_OUTPUT: /Target1/id/get sw_info
CLI_OUTPUT: ret /Target1/id/get sw_info ==&gt; error 201 unknown dispatcher or agent
CLI_OUTPUT: /Target1/action load agent /opt/ccmon/ddal_id_ccmon_agent id
CLI_OUTPUT: ret /Target1/action load agent /opt/ccmon/ddal_id_ccmon_agent id ==&gt; done OK
CLI_OUTPUT: /Target1/id/action init id
CLI_OUTPUT: ret /Target1/id/action init id ==&gt; done OK
CLI_OUTPUT: /Target1/cmd/action cmd &quot;ls /opt/ccmon/ddal_led_ccmon_agent &gt; /dev/null&quot;
CLI_OUTPUT: ret /Target1/cmd/action cmd &quot;ls /opt/ccmon/ddal_led_ccmon_agent &gt; /dev/null&quot; ==&gt; done OK retw=0
CLI_OUTPUT: /Target1/led/get sw_info
CLI_OUTPUT: ret /Target1/led/get sw_info ==&gt; error 201 unknown dispatcher or agent
CLI_OUTPUT: /Target1/action load agent /opt/ccmon/ddal_led_ccmon_agent led
CLI_OUTPUT: ret /Target1/action load agent /opt/ccmon/ddal_led_ccmon_agent led ==&gt; done OK
CLI_OUTPUT: /Target1/led/action init led
CLI_OUTPUT: ret /Target1/led/action init led ==&gt; done OK
CLI_OUTPUT: /Target1/cmd/action cmd &quot;ls /opt/ccmon/ddal_lx2_ccmon_agent &gt; /dev/null&quot;
CLI_OUTPUT: ret /Target1/cmd/action cmd &quot;ls /opt/ccmon/ddal_lx2_ccmon_agent &gt; /dev/null&quot; ==&gt; done OK retw=0
CLI_OUTPUT: /Target1/lx2/get sw_info
CLI_OUTPUT: ret /Target1/lx2/get sw_info ==&gt; error 201 unknown dispatcher or agent
CLI_OUTPUT: /Target1/action load agent /opt/ccmon/ddal_lx2_ccmon_agent lx2
CLI_OUTPUT: ret /Target1/action load agent /opt/ccmon/ddal_lx2_ccmon_agent lx2 ==&gt; done OK
CLI_OUTPUT: /Target1/lx2/action init lx2
CLI_OUTPUT: ret /Target1/lx2/action init lx2 ==&gt; done OK
CLI_OUTPUT: /Target1/cmd/action cmd &quot;ls /opt/ccmon/ddal_rpram_ccmon_agent &gt; /dev/null&quot;
CLI_OUTPUT: ret /Target1/cmd/action cmd &quot;ls /opt/ccmon/ddal_rpram_ccmon_agent &gt; /dev/null&quot; ==&gt; done OK retw=0
CLI_OUTPUT: /Target1/rpram/get sw_info
CLI_OUTPUT: ret /Target1/rpram/get sw_info ==&gt; error 201 unknown dispatcher or agent
CLI_OUTPUT: /Target1/action load agent /opt/ccmon/ddal_rpram_ccmon_agent rpram
CLI_OUTPUT: ret /Target1/action load agent /opt/ccmon/ddal_rpram_ccmon_agent rpram ==&gt; done OK
CLI_OUTPUT: /Target1/rpram/action init rpram
CLI_OUTPUT: ret /Target1/rpram/action init rpram ==&gt; done OK
CLI_OUTPUT: /Target1/cmd/action cmd &quot;ls /opt/ccmon/ddal_pwrmon_ccmon_agent &gt; /dev/null&quot;
CLI_OUTPUT: ret /Target1/cmd/action cmd &quot;ls /opt/ccmon/ddal_pwrmon_ccmon_agent &gt; /dev/null&quot; ==&gt; done OK retw=0
CLI_OUTPUT: /Target1/powermon/get sw_info
CLI_OUTPUT: ret /Target1/powermon/get sw_info ==&gt; error 201 unknown dispatcher or agent
CLI_OUTPUT: /Target1/action load agent /opt/ccmon/ddal_pwrmon_ccmon_agent powermon
CLI_OUTPUT: ret /Target1/action load agent /opt/ccmon/ddal_pwrmon_ccmon_agent powermon ==&gt; done OK
CLI_OUTPUT: /Target1/powermon/action init powermon
CLI_OUTPUT: ret /Target1/powermon/action init powermon ==&gt; done OK
CLI_OUTPUT: /Target1/cmd/action cmd &quot;ls /opt/ccmon/ddal_eeprom_ccmon_agent &gt; /dev/null&quot;
CLI_OUTPUT: ret /Target1/cmd/action cmd &quot;ls /opt/ccmon/ddal_eeprom_ccmon_agent &gt; /dev/null&quot; ==&gt; done OK retw=0
CLI_OUTPUT: /Target1/eeprom/get sw_info
CLI_OUTPUT: ret /Target1/eeprom/get sw_info ==&gt; error 201 unknown dispatcher or agent
CLI_OUTPUT: /Target1/action load agent /opt/ccmon/ddal_eeprom_ccmon_agent eeprom
CLI_OUTPUT: ret /Target1/action load agent /opt/ccmon/ddal_eeprom_ccmon_agent eeprom ==&gt; done OK
CLI_OUTPUT: /Target1/eeprom/action init eeprom
CLI_OUTPUT: ret /Target1/eeprom/action init eeprom ==&gt; done OK
CLI_OUTPUT: /Target1/cmd/action cmd &quot;ls /opt/ccmon/ddal_genesis_ccmon_agent &gt; /dev/null&quot;
CLI_OUTPUT: ret /Target1/cmd/action cmd &quot;ls /opt/ccmon/ddal_genesis_ccmon_agent &gt; /dev/null&quot; ==&gt; done OK retw=0
CLI_OUTPUT: /Target1/genesis/get sw_info
CLI_OUTPUT: ret /Target1/genesis/get sw_info ==&gt; error 201 unknown dispatcher or agent
CLI_OUTPUT: /Target1/action load agent /opt/ccmon/ddal_genesis_ccmon_agent genesis
CLI_OUTPUT: ret /Target1/action load agent /opt/ccmon/ddal_genesis_ccmon_agent genesis ==&gt; done OK
CLI_OUTPUT: /Target1/genesis/action init genesis
CLI_OUTPUT: ret /Target1/genesis/action init genesis ==&gt; done OK
CLI_OUTPUT: /Target1/cmd/action cmd &quot;ls /opt/ccmon/ddal_temperature_ccmon_agent &gt; /dev/null&quot;
CLI_OUTPUT: ret /Target1/cmd/action cmd &quot;ls /opt/ccmon/ddal_temperature_ccmon_agent &gt; /dev/null&quot; ==&gt; done OK retw=0
CLI_OUTPUT: /Target1/temperature/get sw_info
CLI_OUTPUT: ret /Target1/temperature/get sw_info ==&gt; error 201 unknown dispatcher or agent
CLI_OUTPUT: /Target1/action load agent /opt/ccmon/ddal_temperature_ccmon_agent temperature
CLI_OUTPUT: ret /Target1/action load agent /opt/ccmon/ddal_temperature_ccmon_agent temperature ==&gt; done OK
CLI_OUTPUT: /Target1/temperature/action init temperature
CLI_OUTPUT: ret /Target1/temperature/action init temperature ==&gt; done OK
CLI_OUTPUT: /Target1/cmd/action cmd &quot;ls /opt/ccmon/ddal_fan_ccmon_agent &gt; /dev/null&quot;
CLI_OUTPUT: ret /Target1/cmd/action cmd &quot;ls /opt/ccmon/ddal_fan_ccmon_agent &gt; /dev/null&quot; ==&gt; done OK retw=0
CLI_OUTPUT: /Target1/fan/get sw_info
CLI_OUTPUT: ret /Target1/fan/get sw_info ==&gt; error 201 unknown dispatcher or agent
CLI_OUTPUT: /Target1/action load agent /opt/ccmon/ddal_fan_ccmon_agent fan
CLI_OUTPUT: ret /Target1/action load agent /opt/ccmon/ddal_fan_ccmon_agent fan ==&gt; done OK
CLI_OUTPUT: /Target1/fan/action init fan
CLI_OUTPUT: ret /Target1/fan/action init fan ==&gt; done OK
CLI_OUTPUT: /Target1/cmd/action cmd &quot;ls /opt/ccmon/ddal_fsp_hwid_ccmon_agent &gt; /dev/null&quot;
CLI_OUTPUT: ret /Target1/cmd/action cmd &quot;ls /opt/ccmon/ddal_fsp_hwid_ccmon_agent &gt; /dev/null&quot; ==&gt; done OK retw=0
CLI_OUTPUT: /Target1/fsp_hwid/get sw_info
CLI_OUTPUT: ret /Target1/fsp_hwid/get sw_info ==&gt; error 201 unknown dispatcher or agent
CLI_OUTPUT: /Target1/action load agent /opt/ccmon/ddal_fsp_hwid_ccmon_agent fsp_hwid
CLI_OUTPUT: ret /Target1/action load agent /opt/ccmon/ddal_fsp_hwid_ccmon_agent fsp_hwid ==&gt; done OK
CLI_OUTPUT: /Target1/fsp_hwid/action init fsp_hwid
CLI_OUTPUT: ret /Target1/fsp_hwid/action init fsp_hwid ==&gt; done OK
CLI_OUTPUT: /Target1/cmd/action cmd &quot;ls /opt/ccmon/ddal_ext_alarm_ccmon_agent &gt; /dev/null&quot;
CLI_OUTPUT: ret /Target1/cmd/action cmd &quot;ls /opt/ccmon/ddal_ext_alarm_ccmon_agent &gt; /dev/null&quot; ==&gt; done OK retw=0
CLI_OUTPUT: /Target1/ext_alarm/get sw_info
CLI_OUTPUT: ret /Target1/ext_alarm/get sw_info ==&gt; error 201 unknown dispatcher or agent
CLI_OUTPUT: /Target1/action load agent /opt/ccmon/ddal_ext_alarm_ccmon_agent ext_alarm
CLI_OUTPUT: ret /Target1/action load agent /opt/ccmon/ddal_ext_alarm_ccmon_agent ext_alarm ==&gt; done OK
CLI_OUTPUT: /Target1/ext_alarm/action init ext_alarm
CLI_OUTPUT: ret /Target1/ext_alarm/action init ext_alarm ==&gt; done OK
CLI_OUTPUT: /Target1/cmd/action cmd &quot;ls /opt/ccmon/ddal_custom_out_ccmon_agent &gt; /dev/null&quot;
CLI_OUTPUT: ret /Target1/cmd/action cmd &quot;ls /opt/ccmon/ddal_custom_out_ccmon_agent &gt; /dev/null&quot; ==&gt; done OK retw=0
CLI_OUTPUT: /Target1/custom_out/get sw_info
CLI_OUTPUT: ret /Target1/custom_out/get sw_info ==&gt; error 201 unknown dispatcher or agent
CLI_OUTPUT: /Target1/action load agent /opt/ccmon/ddal_custom_out_ccmon_agent custom_out
CLI_OUTPUT: ret /Target1/action load agent /opt/ccmon/ddal_custom_out_ccmon_agent custom_out ==&gt; done OK
CLI_OUTPUT: /Target1/custom_out/action init custom_out
CLI_OUTPUT: ret /Target1/custom_out/action init custom_out ==&gt; done OK
CLI_OUTPUT: /Target1/cmd/action cmd &quot;ls /opt/ccmon/devicetree_agent &gt; /dev/null&quot;
CLI_OUTPUT: ret /Target1/cmd/action cmd &quot;ls /opt/ccmon/devicetree_agent &gt; /dev/null&quot; ==&gt; done fail retw=256
SCR_OUTPUT: WARNING: agent devicetree_agent not found
CLI_OUTPUT: /Target1/cmd/action cmd &quot;ls /opt/ccmon/rio_agent &gt; /dev/null&quot;
CLI_OUTPUT: ret /Target1/cmd/action cmd &quot;ls /opt/ccmon/rio_agent &gt; /dev/null&quot; ==&gt; done fail retw=256
SCR_OUTPUT: WARNING: agent rio_agent not found
CLI_OUTPUT: /Target1/cmd/action cmd &quot;ls /opt/ccmon/ddal_ffs_ccmon_agent &gt; /dev/null&quot;
CLI_OUTPUT: ret /Target1/cmd/action cmd &quot;ls /opt/ccmon/ddal_ffs_ccmon_agent &gt; /dev/null&quot; ==&gt; done OK retw=0
CLI_OUTPUT: /Target1/ffs/get sw_info
CLI_OUTPUT: ret /Target1/ffs/get sw_info ==&gt; error 201 unknown dispatcher or agent
CLI_OUTPUT: /Target1/action load agent /opt/ccmon/ddal_ffs_ccmon_agent ffs
CLI_OUTPUT: ret /Target1/action load agent /opt/ccmon/ddal_ffs_ccmon_agent ffs ==&gt; done OK
CLI_OUTPUT: /Target1/ffs/action init ffs
CLI_OUTPUT: ret /Target1/ffs/action init ffs ==&gt; done OK
CLI_OUTPUT: /Target1/cmd/action cmd &quot;ls /opt/ccmon/ddal_casadump_ccmon_agent &gt; /dev/null&quot;
CLI_OUTPUT: ret /Target1/cmd/action cmd &quot;ls /opt/ccmon/ddal_casadump_ccmon_agent &gt; /dev/null&quot; ==&gt; done OK retw=0
CLI_OUTPUT: /Target1/casadump/get sw_info
CLI_OUTPUT: ret /Target1/casadump/get sw_info ==&gt; error 201 unknown dispatcher or agent
CLI_OUTPUT: /Target1/action load agent /opt/ccmon/ddal_casadump_ccmon_agent casadump
CLI_OUTPUT: ret /Target1/action load agent /opt/ccmon/ddal_casadump_ccmon_agent casadump ==&gt; done OK
CLI_OUTPUT: /Target1/casadump/action init casadump
CLI_OUTPUT: ret /Target1/casadump/action init casadump ==&gt; done OK
CLI_OUTPUT: /Target1/cmd/action cmd &quot;ls /opt/ccmon/ddal_ex_switch_ccmon_agent &gt; /dev/null&quot;
CLI_OUTPUT: ret /Target1/cmd/action cmd &quot;ls /opt/ccmon/ddal_ex_switch_ccmon_agent &gt; /dev/null&quot; ==&gt; done OK retw=0
CLI_OUTPUT: /Target1/ex_switch/get sw_info
CLI_OUTPUT: ret /Target1/ex_switch/get sw_info ==&gt; error 201 unknown dispatcher or agent
CLI_OUTPUT: /Target1/action load agent /opt/ccmon/ddal_ex_switch_ccmon_agent ex_switch
CLI_OUTPUT: ret /Target1/action load agent /opt/ccmon/ddal_ex_switch_ccmon_agent ex_switch ==&gt; done OK
CLI_OUTPUT: /Target1/ex_switch/action init ex_switch
CLI_OUTPUT: ret /Target1/ex_switch/action init ex_switch ==&gt; done OK
CLI_OUTPUT: /Target1/cmd/action cmd &quot;ls /opt/ccmon/ddal_sfp_ccmon_agent &gt; /dev/null&quot;
CLI_OUTPUT: ret /Target1/cmd/action cmd &quot;ls /opt/ccmon/ddal_sfp_ccmon_agent &gt; /dev/null&quot; ==&gt; done OK retw=0
CLI_OUTPUT: /Target1/sfp/get sw_info
CLI_OUTPUT: ret /Target1/sfp/get sw_info ==&gt; error 201 unknown dispatcher or agent
CLI_OUTPUT: /Target1/action load agent /opt/ccmon/ddal_sfp_ccmon_agent sfp
CLI_OUTPUT: ret /Target1/action load agent /opt/ccmon/ddal_sfp_ccmon_agent sfp ==&gt; done OK
CLI_OUTPUT: /Target1/sfp/action init sfp
CLI_OUTPUT: ret /Target1/sfp/action init sfp ==&gt; done OK
CLI_OUTPUT: /Target1/cmd/action cmd &quot;ls /opt/ccmon/ddal_gpio_ccmon_agent &gt; /dev/null&quot;
CLI_OUTPUT: ret /Target1/cmd/action cmd &quot;ls /opt/ccmon/ddal_gpio_ccmon_agent &gt; /dev/null&quot; ==&gt; done OK retw=0
CLI_OUTPUT: /Target1/gpio/get sw_info
CLI_OUTPUT: ret /Target1/gpio/get sw_info ==&gt; error 201 unknown dispatcher or agent
CLI_OUTPUT: /Target1/action load agent /opt/ccmon/ddal_gpio_ccmon_agent gpio
CLI_OUTPUT: ret /Target1/action load agent /opt/ccmon/ddal_gpio_ccmon_agent gpio ==&gt; done OK
CLI_OUTPUT: /Target1/gpio/action init gpio
CLI_OUTPUT: ret /Target1/gpio/action init gpio ==&gt; done OK
CLI_OUTPUT: /Target1/cmd/action cmd &quot;ls /opt/ccmon/ddal_ctrl_ccmon_agent &gt; /dev/null&quot;
CLI_OUTPUT: ret /Target1/cmd/action cmd &quot;ls /opt/ccmon/ddal_ctrl_ccmon_agent &gt; /dev/null&quot; ==&gt; done OK retw=0
CLI_OUTPUT: /Target1/ctrl/get sw_info
CLI_OUTPUT: ret /Target1/ctrl/get sw_info ==&gt; error 201 unknown dispatcher or agent
CLI_OUTPUT: /Target1/action load agent /opt/ccmon/ddal_ctrl_ccmon_agent ctrl
CLI_OUTPUT: ret /Target1/action load agent /opt/ccmon/ddal_ctrl_ccmon_agent ctrl ==&gt; done OK
CLI_OUTPUT: /Target1/ctrl/action init ctrl
CLI_OUTPUT: ret /Target1/ctrl/action init ctrl ==&gt; done OK
CLI_OUTPUT: /Target1/cmd/action cmd &quot;ls /opt/ccmon/ddal_register_ccmon_agent &gt; /dev/null&quot;
CLI_OUTPUT: ret /Target1/cmd/action cmd &quot;ls /opt/ccmon/ddal_register_ccmon_agent &gt; /dev/null&quot; ==&gt; done OK retw=0
CLI_OUTPUT: /Target1/register/get sw_info
CLI_OUTPUT: ret /Target1/register/get sw_info ==&gt; error 201 unknown dispatcher or agent
CLI_OUTPUT: /Target1/action load agent /opt/ccmon/ddal_register_ccmon_agent register
CLI_OUTPUT: ret /Target1/action load agent /opt/ccmon/ddal_register_ccmon_agent register ==&gt; done OK
CLI_OUTPUT: /Target1/register/action init register
CLI_OUTPUT: ret /Target1/register/action init register ==&gt; done OK
SCR_OUTPUT: ----------------- TARGET DEFAULT INIT DONE -----------------
CLI_OUTPUT: /Target1/rpram/action ddal_rpram_get DDAL_RPRAM_USER1
CLI_OUTPUT: ret /Target1/rpram/action ddal_rpram_get DDAL_RPRAM_USER1 ==&gt; done OK retv 0 value 2066905352
SCR_OUTPUT: called ddal_rpram_get DDAL_RPRAM_USER1 returned 2066905352 == 2066905352 last written == &gt; OK
CLI_OUTPUT: /Target1/rpram/action ddal_rpram_get DDAL_RPRAM_USER2
CLI_OUTPUT: ret /Target1/rpram/action ddal_rpram_get DDAL_RPRAM_USER2 ==&gt; done OK retv 0 value 2066905353
SCR_OUTPUT: called ddal_rpram_get DDAL_RPRAM_USER2 returned 2066905353 == 2066905353 last written == &gt; OK
CLI_OUTPUT: /Target1/rpram/action ddal_rpram_get DDAL_RPRAM_USER3
CLI_OUTPUT: ret /Target1/rpram/action ddal_rpram_get DDAL_RPRAM_USER3 ==&gt; done OK retv 0 value 2066905354
SCR_OUTPUT: called ddal_rpram_get DDAL_RPRAM_USER3 returned 2066905354 == 2066905354 last written == &gt; OK
CLI_OUTPUT: /Target1/rpram/action ddal_rpram_get DDAL_RPRAM_USER4
CLI_OUTPUT: ret /Target1/rpram/action ddal_rpram_get DDAL_RPRAM_USER4 ==&gt; done OK retv 0 value 2066905355
SCR_OUTPUT: called ddal_rpram_get DDAL_RPRAM_USER4 returned 2066905355 == 2066905355 last written == &gt; OK
CLI_OUTPUT: /Target1/rpram/action ddal_rpram_get DDAL_RPRAM_USER5
CLI_OUTPUT: ret /Target1/rpram/action ddal_rpram_get DDAL_RPRAM_USER5 ==&gt; done OK retv 0 value 2066905356
SCR_OUTPUT: called ddal_rpram_get DDAL_RPRAM_USER5 returned 2066905356 == 2066905356 last written == &gt; OK
CLI_OUTPUT: /Target1/rpram/action ddal_rpram_get DDAL_RPRAM_USER6
CLI_OUTPUT: ret /Target1/rpram/action ddal_rpram_get DDAL_RPRAM_USER6 ==&gt; done OK retv 0 value 2066905357
SCR_OUTPUT: called ddal_rpram_get DDAL_RPRAM_USER6 returned 2066905357 == 2066905357 last written == &gt; OK
CLI_OUTPUT: /Target1/rpram/action ddal_rpram_get DDAL_RPRAM_USER7
CLI_OUTPUT: ret /Target1/rpram/action ddal_rpram_get DDAL_RPRAM_USER7 ==&gt; done OK retv 0 value 2066905358
SCR_OUTPUT: called ddal_rpram_get DDAL_RPRAM_USER7 returned 2066905358 == 2066905358 last written == &gt; OK
CLI_OUTPUT: /Target1/rpram/action ddal_rpram_get DDAL_RPRAM_USER8
CLI_OUTPUT: ret /Target1/rpram/action ddal_rpram_get DDAL_RPRAM_USER8 ==&gt; done OK retv 0 value 2066905359
SCR_OUTPUT: called ddal_rpram_get DDAL_RPRAM_USER8 returned 2066905359 == 2066905359 last written == &gt; OK
CLI_OUTPUT: /Target1/rpram/action ddal_rpram_get DDAL_RPRAM_USER9
CLI_OUTPUT: ret /Target1/rpram/action ddal_rpram_get DDAL_RPRAM_USER9 ==&gt; done OK retv 0 value 2066905360
SCR_OUTPUT: called ddal_rpram_get DDAL_RPRAM_USER9 returned 2066905360 == 2066905360 last written == &gt; OK
CLI_OUTPUT: /Target1/rpram/action ddal_rpram_get DDAL_RPRAM_USER10
CLI_OUTPUT: ret /Target1/rpram/action ddal_rpram_get DDAL_RPRAM_USER10 ==&gt; done OK retv 0 value 2066905361
SCR_OUTPUT: called ddal_rpram_get DDAL_RPRAM_USER10 returned 2066905361 == 2066905361 last written == &gt; OK
CLI_OUTPUT: /Target1/rpram/action ddal_rpram_get DDAL_RPRAM_USER11
CLI_OUTPUT: ret /Target1/rpram/action ddal_rpram_get DDAL_RPRAM_USER11 ==&gt; done OK retv 0 value 2066905362
SCR_OUTPUT: called ddal_rpram_get DDAL_RPRAM_USER11 returned 2066905362 == 2066905362 last written == &gt; OK
CLI_OUTPUT: /Target1/rpram/action ddal_rpram_get DDAL_RPRAM_USER12
CLI_OUTPUT: ret /Target1/rpram/action ddal_rpram_get DDAL_RPRAM_USER12 ==&gt; done OK retv 0 value 2066905363
SCR_OUTPUT: called ddal_rpram_get DDAL_RPRAM_USER12 returned 2066905363 == 2066905363 last written == &gt; OK
CLI_OUTPUT: /Target1/rpram/action ddal_rpram_get DDAL_RPRAM_USER13
CLI_OUTPUT: ret /Target1/rpram/action ddal_rpram_get DDAL_RPRAM_USER13 ==&gt; done OK retv 0 value 2066905364
SCR_OUTPUT: called ddal_rpram_get DDAL_RPRAM_USER13 returned 2066905364 == 2066905364 last written == &gt; OK
CLI_OUTPUT: /Target1/rpram/action ddal_rpram_get DDAL_RPRAM_USER14
CLI_OUTPUT: ret /Target1/rpram/action ddal_rpram_get DDAL_RPRAM_USER14 ==&gt; done OK retv 0 value 2066905365
SCR_OUTPUT: called ddal_rpram_get DDAL_RPRAM_USER14 returned 2066905365 == 2066905365 last written == &gt; OK
CLI_OUTPUT: /Target1/rpram/action ddal_rpram_get DDAL_RPRAM_USER15
CLI_OUTPUT: ret /Target1/rpram/action ddal_rpram_get DDAL_RPRAM_USER15 ==&gt; done OK retv 0 value 2066905366
SCR_OUTPUT: called ddal_rpram_get DDAL_RPRAM_USER15 returned 2066905366 == 2066905366 last written == &gt; OK
CLI_OUTPUT: /Target1/rpram/action ddal_rpram_get DDAL_RPRAM_HW_INIT_STORAGE
CLI_OUTPUT: ret /Target1/rpram/action ddal_rpram_get DDAL_RPRAM_HW_INIT_STORAGE ==&gt; done OK retv 0 value 2066905367
SCR_OUTPUT: called ddal_rpram_get DDAL_RPRAM_HW_INIT_STORAGE returned 2066905367 == 2066905367 last written == &gt; OK
CLI_OUTPUT: /Target1/rpram/action ddal_rpram_get DDAL_RPRAM_RESET_TYPE
CLI_OUTPUT: ret /Target1/rpram/action ddal_rpram_get DDAL_RPRAM_RESET_TYPE ==&gt; done OK retv 0 value 2066905368
SCR_OUTPUT: called ddal_rpram_get DDAL_RPRAM_RESET_TYPE returned 2066905368 == 2066905368 last written == &gt; OK
CLI_OUTPUT: /Target1/rpram/action ddal_rpram_get DDAL_RPRAM_ISTI
CLI_OUTPUT: ret /Target1/rpram/action ddal_rpram_get DDAL_RPRAM_ISTI ==&gt; done OK retv 0 value 2066905369
SCR_OUTPUT: called ddal_rpram_get DDAL_RPRAM_ISTI returned 2066905369 == 2066905369 last written == &gt; OK
SCR_OUTPUT: ##### Test Case End: TC_03100_004 PASSED (0)
</system-out>
</testcase>

<testcase classname="HW_03100_basic_rpram_tests" name="TC_03100_004 write data; reboot; verify data_3" time="33">
<system-out>
SCR_OUTPUT: ##### Test Case Start: TC_03100_004  write data; reboot; verify data
CLI_OUTPUT: /Target1/rpram/action ddal_rpram_set DDAL_RPRAM_USER1 214986301
CLI_OUTPUT: ret /Target1/rpram/action ddal_rpram_set DDAL_RPRAM_USER1 214986301 ==&gt; done OK retv 0
SCR_OUTPUT: called ddal_rpram_set DDAL_RPRAM_USER1 214986301  ==&gt; OK
CLI_OUTPUT: /Target1/rpram/action ddal_rpram_set DDAL_RPRAM_USER2 214986302
CLI_OUTPUT: ret /Target1/rpram/action ddal_rpram_set DDAL_RPRAM_USER2 214986302 ==&gt; done OK retv 0
SCR_OUTPUT: called ddal_rpram_set DDAL_RPRAM_USER2 214986302  ==&gt; OK
CLI_OUTPUT: /Target1/rpram/action ddal_rpram_set DDAL_RPRAM_USER3 214986303
CLI_OUTPUT: ret /Target1/rpram/action ddal_rpram_set DDAL_RPRAM_USER3 214986303 ==&gt; done OK retv 0
SCR_OUTPUT: called ddal_rpram_set DDAL_RPRAM_USER3 214986303  ==&gt; OK
CLI_OUTPUT: /Target1/rpram/action ddal_rpram_set DDAL_RPRAM_USER4 214986304
CLI_OUTPUT: ret /Target1/rpram/action ddal_rpram_set DDAL_RPRAM_USER4 214986304 ==&gt; done OK retv 0
SCR_OUTPUT: called ddal_rpram_set DDAL_RPRAM_USER4 214986304  ==&gt; OK
CLI_OUTPUT: /Target1/rpram/action ddal_rpram_set DDAL_RPRAM_USER5 214986305
CLI_OUTPUT: ret /Target1/rpram/action ddal_rpram_set DDAL_RPRAM_USER5 214986305 ==&gt; done OK retv 0
SCR_OUTPUT: called ddal_rpram_set DDAL_RPRAM_USER5 214986305  ==&gt; OK
CLI_OUTPUT: /Target1/rpram/action ddal_rpram_set DDAL_RPRAM_USER6 214986306
CLI_OUTPUT: ret /Target1/rpram/action ddal_rpram_set DDAL_RPRAM_USER6 214986306 ==&gt; done OK retv 0
SCR_OUTPUT: called ddal_rpram_set DDAL_RPRAM_USER6 214986306  ==&gt; OK
CLI_OUTPUT: /Target1/rpram/action ddal_rpram_set DDAL_RPRAM_USER7 214986307
CLI_OUTPUT: ret /Target1/rpram/action ddal_rpram_set DDAL_RPRAM_USER7 214986307 ==&gt; done OK retv 0
SCR_OUTPUT: called ddal_rpram_set DDAL_RPRAM_USER7 214986307  ==&gt; OK
CLI_OUTPUT: /Target1/rpram/action ddal_rpram_set DDAL_RPRAM_USER8 214986308
CLI_OUTPUT: ret /Target1/rpram/action ddal_rpram_set DDAL_RPRAM_USER8 214986308 ==&gt; done OK retv 0
SCR_OUTPUT: called ddal_rpram_set DDAL_RPRAM_USER8 214986308  ==&gt; OK
CLI_OUTPUT: /Target1/rpram/action ddal_rpram_set DDAL_RPRAM_USER9 214986309
CLI_OUTPUT: ret /Target1/rpram/action ddal_rpram_set DDAL_RPRAM_USER9 214986309 ==&gt; done OK retv 0
SCR_OUTPUT: called ddal_rpram_set DDAL_RPRAM_USER9 214986309  ==&gt; OK
CLI_OUTPUT: /Target1/rpram/action ddal_rpram_set DDAL_RPRAM_USER10 214986310
CLI_OUTPUT: ret /Target1/rpram/action ddal_rpram_set DDAL_RPRAM_USER10 214986310 ==&gt; done OK retv 0
SCR_OUTPUT: called ddal_rpram_set DDAL_RPRAM_USER10 214986310  ==&gt; OK
CLI_OUTPUT: /Target1/rpram/action ddal_rpram_set DDAL_RPRAM_USER11 214986311
CLI_OUTPUT: ret /Target1/rpram/action ddal_rpram_set DDAL_RPRAM_USER11 214986311 ==&gt; done OK retv 0
SCR_OUTPUT: called ddal_rpram_set DDAL_RPRAM_USER11 214986311  ==&gt; OK
CLI_OUTPUT: /Target1/rpram/action ddal_rpram_set DDAL_RPRAM_USER12 214986312
CLI_OUTPUT: ret /Target1/rpram/action ddal_rpram_set DDAL_RPRAM_USER12 214986312 ==&gt; done OK retv 0
SCR_OUTPUT: called ddal_rpram_set DDAL_RPRAM_USER12 214986312  ==&gt; OK
CLI_OUTPUT: /Target1/rpram/action ddal_rpram_set DDAL_RPRAM_USER13 214986313
CLI_OUTPUT: ret /Target1/rpram/action ddal_rpram_set DDAL_RPRAM_USER13 214986313 ==&gt; done OK retv 0
SCR_OUTPUT: called ddal_rpram_set DDAL_RPRAM_USER13 214986313  ==&gt; OK
CLI_OUTPUT: /Target1/rpram/action ddal_rpram_set DDAL_RPRAM_USER14 214986314
CLI_OUTPUT: ret /Target1/rpram/action ddal_rpram_set DDAL_RPRAM_USER14 214986314 ==&gt; done OK retv 0
SCR_OUTPUT: called ddal_rpram_set DDAL_RPRAM_USER14 214986314  ==&gt; OK
CLI_OUTPUT: /Target1/rpram/action ddal_rpram_set DDAL_RPRAM_USER15 214986315
CLI_OUTPUT: ret /Target1/rpram/action ddal_rpram_set DDAL_RPRAM_USER15 214986315 ==&gt; done OK retv 0
SCR_OUTPUT: called ddal_rpram_set DDAL_RPRAM_USER15 214986315  ==&gt; OK
CLI_OUTPUT: /Target1/rpram/action ddal_rpram_set DDAL_RPRAM_HW_INIT_STORAGE 214986316
CLI_OUTPUT: ret /Target1/rpram/action ddal_rpram_set DDAL_RPRAM_HW_INIT_STORAGE 214986316 ==&gt; done OK retv 0
SCR_OUTPUT: called ddal_rpram_set DDAL_RPRAM_HW_INIT_STORAGE 214986316  ==&gt; OK
CLI_OUTPUT: /Target1/rpram/action ddal_rpram_set DDAL_RPRAM_RESET_TYPE 214986317
CLI_OUTPUT: ret /Target1/rpram/action ddal_rpram_set DDAL_RPRAM_RESET_TYPE 214986317 ==&gt; done OK retv 0
SCR_OUTPUT: called ddal_rpram_set DDAL_RPRAM_RESET_TYPE 214986317  ==&gt; OK
CLI_OUTPUT: /Target1/rpram/action ddal_rpram_set DDAL_RPRAM_ISTI 214986318
CLI_OUTPUT: ret /Target1/rpram/action ddal_rpram_set DDAL_RPRAM_ISTI 214986318 ==&gt; done OK retv 0
SCR_OUTPUT: called ddal_rpram_set DDAL_RPRAM_ISTI 214986318  ==&gt; OK
CLI_OUTPUT: /Target1/rpram/action ddal_rpram_set DDAL_RPRAM_POR_MAGIC_LOW 214986319
CLI_OUTPUT: ret /Target1/rpram/action ddal_rpram_set DDAL_RPRAM_POR_MAGIC_LOW 214986319 ==&gt; done OK retv 0
SCR_OUTPUT: called ddal_rpram_set DDAL_RPRAM_POR_MAGIC_LOW 214986319  ==&gt; OK
CLI_OUTPUT: /Target1/rpram/action ddal_rpram_set DDAL_RPRAM_POR_MAGIC_HIGH 214986320
CLI_OUTPUT: ret /Target1/rpram/action ddal_rpram_set DDAL_RPRAM_POR_MAGIC_HIGH 214986320 ==&gt; done OK retv 0
SCR_OUTPUT: called ddal_rpram_set DDAL_RPRAM_POR_MAGIC_HIGH 214986320  ==&gt; OK
SCR_OUTPUT: Start reboot.
CLI_OUTPUT: /Target1/cmd/action cmd reboot
CLI_OUTPUT: ret /Target1/cmd/action cmd reboot ==&gt; done OK retw=0
SCR_OUTPUT: Wait until reboot is in progess ...
SCR_OUTPUT: 0
CLI_OUTPUT: /Target1/cmd/action cmd echo 0 
CLI_OUTPUT: ret /Target1/cmd/action cmd echo 0 ==&gt; done OK retw=0
SCR_OUTPUT: 1
CLI_OUTPUT: /Target1/cmd/action cmd echo 1 
CLI_OUTPUT: ret /Target1/cmd/action cmd echo 1 ==&gt; done OK retw=0
SCR_OUTPUT: 2
CLI_OUTPUT: /Target1/cmd/action cmd echo 2 
CLI_OUTPUT: ret /Target1/cmd/action cmd echo 2 ==&gt; done OK retw=0
SCR_OUTPUT: 3
CLI_OUTPUT: /Target1/cmd/action cmd echo 3 
CLI_OUTPUT: ret /Target1/cmd/action cmd echo 3 ==&gt; done OK retw=0
SCR_OUTPUT: 4
CLI_OUTPUT: /Target1/cmd/action cmd echo 4 
CLI_OUTPUT: ret /Target1/cmd/action cmd echo 4 ==&gt; done OK retw=0
SCR_OUTPUT: 5
CLI_OUTPUT: /Target1/cmd/action cmd echo 5 
CLI_OUTPUT: ret /Target1/cmd/action cmd echo 5 ==&gt; done OK retw=0
SCR_OUTPUT: 6
CLI_OUTPUT: /Target1/cmd/action cmd echo 6 
CLI_OUTPUT: ret /Target1/cmd/action cmd echo 6 ==&gt; done OK retw=0
SCR_OUTPUT: 7
CLI_OUTPUT: /Target1/cmd/action cmd echo 7 
CLI_OUTPUT: ret /Target1/cmd/action cmd echo 7 ==&gt; done OK retw=0
SCR_OUTPUT: 8
CLI_OUTPUT: /Target1/cmd/action cmd echo 8 
CLI_OUTPUT: ret /Target1/cmd/action cmd echo 8 ==&gt; done OK retw=0
SCR_OUTPUT: 9
CLI_OUTPUT: /Target1/cmd/action cmd echo 9 
CLI_OUTPUT: ret /Target1/cmd/action cmd echo 9 ==&gt; done OK retw=0
SCR_OUTPUT: 10
CLI_OUTPUT: /Target1/cmd/action cmd echo 10 
CLI_OUTPUT: ret /Target1/cmd/action cmd echo 10 ==&gt; done OK retw=0
SCR_OUTPUT: 11
CLI_OUTPUT: /Target1/cmd/action cmd echo 11 
CLI_OUTPUT: ret /Target1/cmd/action cmd echo 11 ==&gt; done OK retw=0
SCR_OUTPUT: 12
CLI_OUTPUT: /Target1/cmd/action cmd echo 12 
CLI_OUTPUT: ret /Target1/cmd/action cmd echo 12 ==&gt; done OK retw=0
SCR_OUTPUT: 13
CLI_OUTPUT: /Target1/cmd/action cmd echo 13 
CLI_OUTPUT: ret /Target1/cmd/action cmd echo 13 ==&gt; done OK retw=0
SCR_OUTPUT: 14
CLI_OUTPUT: /Target1/cmd/action cmd echo 14 
CLI_OUTPUT: ret /Target1/cmd/action cmd echo 14 ==&gt; done OK retw=0
SCR_OUTPUT: 15
CLI_OUTPUT: /Target1/cmd/action cmd echo 15 
DLG_OUTPUT: {FMon Error:} {Connection To Communication Channel:  Target1  Lost !} error 0 OK
SCR_OUTPUT: Wait until is comming up!
SCR_OUTPUT: open_cc: Target1
DLG_OUTPUT: {FMon Error:} {Connection To Communication Channel:  Target1  Lost !} error 0 OK
DLG_OUTPUT: {FMon Error:} {Connection To Communication Channel:  Target1  Lost !} error 0 OK
DLG_OUTPUT: {FMon Error:} {Connection To Communication Channel:  Target1  Lost !} error 0 OK
DLG_OUTPUT: {FMon Error:} {Connection To Communication Channel:  Target1  Lost !} error 0 OK
DLG_OUTPUT: {FMon Error:} {Connection To Communication Channel:  Target1  Lost !} error 0 OK
DLG_OUTPUT: {FMon Error:} {Connection To Communication Channel:  Target1  Lost !} error 0 OK
DLG_OUTPUT: {FMon Error:} {Connection To Communication Channel:  Target1  Lost !} error 0 OK
DLG_OUTPUT: {FMon Error:} {Connection To Communication Channel:  Target1  Lost !} error 0 OK
DLG_OUTPUT: {FMon Error:} {Connection To Communication Channel:  Target1  Lost !} error 0 OK
CLI_OUTPUT: /Target1/get noti_switch global
CLI_OUTPUT: ret /Target1/get noti_switch global ==&gt; on
CLI_OUTPUT: /Target1/get sw_info
CLI_OUTPUT: ret /Target1/get sw_info ==&gt; CCMon2 2.5.4 ready
SCR_OUTPUT: open_cc: Target1 OK
SCR_OUTPUT: open_cc: Target1
CLI_OUTPUT: /Target1/get noti_switch global
CLI_OUTPUT: ret /Target1/get noti_switch global ==&gt; on
CLI_OUTPUT: /Target1/get sw_info
CLI_OUTPUT: ret /Target1/get sw_info ==&gt; CCMon2 2.5.4 ready
SCR_OUTPUT: open_cc: Target1 OK
CLI_OUTPUT: /Target1/cmd/get sw_info
CLI_OUTPUT: ret /Target1/cmd/get sw_info ==&gt; error 201 unknown dispatcher or agent
CLI_OUTPUT: /Target1/action load agent /opt/ccmon/cmdagent cmd
CLI_OUTPUT: ret /Target1/action load agent /opt/ccmon/cmdagent cmd ==&gt; done OK
CLI_OUTPUT: /Target1/cmd/action init cmd
CLI_OUTPUT: ret /Target1/cmd/action init cmd ==&gt; done OK
CLI_OUTPUT: /Target1/cmd/action exec uname -a
CLI_OUTPUT: ret /Target1/cmd/action exec uname -a ==&gt; done ok 0 0 {Linux fcmd15 3.14.51-g82d8086-fcmd #1 PREEMPT Thu Oct 29 17:38:53 UTC 2015 ppc GNU/Linux}
CLI_OUTPUT: /Target1/cmd/action exec ifconfig
CLI_OUTPUT: ret /Target1/cmd/action exec ifconfig ==&gt; done ok 0 0 {eth0 Link encap:Ethernet HWaddr 00:04:AC:E3:0F:75} {inet addr:129.168.4.185 Bcast:129.168.255.255 Mask:255.255.0.0} {inet6 addr: fe80::204:acff:fee3:f75%3215064512/64 Scope:Link} {UP BROADCAST RUNNING MULTICAST MTU:1500 Metric:1} {RX packets:190 errors:0 dropped:51 overruns:0 frame:0} {TX packets:32 errors:0 dropped:0 overruns:0 carrier:0} {collisions:0 txqueuelen:1000} {RX bytes:18666 (18.2 KiB) TX bytes:3596 (3.5 KiB)} {Base address:0x8000} {} {lo Link encap:Local Loopback} {inet addr:127.0.0.1 Mask:255.0.0.0} {inet6 addr: ::1%3215064512/128 Scope:Host} {UP LOOPBACK RUNNING MTU:65536 Metric:1} {RX packets:486 errors:0 dropped:0 overruns:0 frame:0} {TX packets:486 errors:0 dropped:0 overruns:0 carrier:0} {collisions:0 txqueuelen:0} {RX bytes:77226 (75.4 KiB) TX bytes:77226 (75.4 KiB)} {}
SCR_OUTPUT: Target IP: inet addr:129.168.4.185 Bcast:129.168.255.255 Mask:255.255.0.0
CLI_OUTPUT: /Target1/cmd/action exec &quot;cat /etc/psl_version&quot;
CLI_OUTPUT: ret /Target1/cmd/action exec &quot;cat /etc/psl_version&quot; ==&gt; done ok 0 0 {PS_LFS_OS_2015_11_0017 (fcmd)}
SCR_OUTPUT: PSL Version: PS_LFS_OS_2015_11_0017 (fcmd)
SCR_OUTPUT: BOS Version: 
CLI_OUTPUT: /Target1/cmd/action cmd &quot;ls /etc/build_infos&quot;
CLI_OUTPUT: ret /Target1/cmd/action cmd &quot;ls /etc/build_infos&quot; ==&gt; done fail retw=256
SCR_OUTPUT: System Type: FCM2
CLI_OUTPUT: /Target1/cmd/action cmd &quot;ls /opt/ccmon/memdump_agent &gt; /dev/null&quot;
CLI_OUTPUT: ret /Target1/cmd/action cmd &quot;ls /opt/ccmon/memdump_agent &gt; /dev/null&quot; ==&gt; done OK retw=0
CLI_OUTPUT: /Target1/memdump/get sw_info
CLI_OUTPUT: ret /Target1/memdump/get sw_info ==&gt; error 201 unknown dispatcher or agent
CLI_OUTPUT: /Target1/action load agent /opt/ccmon/memdump_agent memdump
CLI_OUTPUT: ret /Target1/action load agent /opt/ccmon/memdump_agent memdump ==&gt; done OK
CLI_OUTPUT: /Target1/memdump/action init memdump
CLI_OUTPUT: ret /Target1/memdump/action init memdump ==&gt; done OK
CLI_OUTPUT: /Target1/cmd/action cmd &quot;ls /opt/ccmon/ddal_sfn_ccmon_agent &gt; /dev/null&quot;
CLI_OUTPUT: ret /Target1/cmd/action cmd &quot;ls /opt/ccmon/ddal_sfn_ccmon_agent &gt; /dev/null&quot; ==&gt; done OK retw=0
CLI_OUTPUT: /Target1/sfn/get sw_info
CLI_OUTPUT: ret /Target1/sfn/get sw_info ==&gt; error 201 unknown dispatcher or agent
CLI_OUTPUT: /Target1/action load agent /opt/ccmon/ddal_sfn_ccmon_agent sfn
CLI_OUTPUT: ret /Target1/action load agent /opt/ccmon/ddal_sfn_ccmon_agent sfn ==&gt; done OK
CLI_OUTPUT: /Target1/sfn/action init sfn
CLI_OUTPUT: ret /Target1/sfn/action init sfn ==&gt; done OK
CLI_OUTPUT: /Target1/cmd/action cmd &quot;ls /opt/ccmon/ddal_reset_ccmon_agent &gt; /dev/null&quot;
CLI_OUTPUT: ret /Target1/cmd/action cmd &quot;ls /opt/ccmon/ddal_reset_ccmon_agent &gt; /dev/null&quot; ==&gt; done OK retw=0
CLI_OUTPUT: /Target1/reset/get sw_info
CLI_OUTPUT: ret /Target1/reset/get sw_info ==&gt; error 201 unknown dispatcher or agent
CLI_OUTPUT: /Target1/action load agent /opt/ccmon/ddal_reset_ccmon_agent reset
CLI_OUTPUT: ret /Target1/action load agent /opt/ccmon/ddal_reset_ccmon_agent reset ==&gt; done OK
CLI_OUTPUT: /Target1/reset/action init reset
CLI_OUTPUT: ret /Target1/reset/action init reset ==&gt; done OK
CLI_OUTPUT: /Target1/cmd/action cmd &quot;ls /opt/ccmon/ddal_power_ccmon_agent &gt; /dev/null&quot;
CLI_OUTPUT: ret /Target1/cmd/action cmd &quot;ls /opt/ccmon/ddal_power_ccmon_agent &gt; /dev/null&quot; ==&gt; done OK retw=0
CLI_OUTPUT: /Target1/power/get sw_info
CLI_OUTPUT: ret /Target1/power/get sw_info ==&gt; error 201 unknown dispatcher or agent
CLI_OUTPUT: /Target1/action load agent /opt/ccmon/ddal_power_ccmon_agent power
CLI_OUTPUT: ret /Target1/action load agent /opt/ccmon/ddal_power_ccmon_agent power ==&gt; done OK
CLI_OUTPUT: /Target1/power/action init power
CLI_OUTPUT: ret /Target1/power/action init power ==&gt; done OK
CLI_OUTPUT: /Target1/cmd/action cmd &quot;ls /opt/ccmon/ddal_l2mem_ccmon_agent &gt; /dev/null&quot;
CLI_OUTPUT: ret /Target1/cmd/action cmd &quot;ls /opt/ccmon/ddal_l2mem_ccmon_agent &gt; /dev/null&quot; ==&gt; done OK retw=0
CLI_OUTPUT: /Target1/l2mem/get sw_info
CLI_OUTPUT: ret /Target1/l2mem/get sw_info ==&gt; error 201 unknown dispatcher or agent
CLI_OUTPUT: /Target1/action load agent /opt/ccmon/ddal_l2mem_ccmon_agent l2mem
CLI_OUTPUT: ret /Target1/action load agent /opt/ccmon/ddal_l2mem_ccmon_agent l2mem ==&gt; done OK
CLI_OUTPUT: /Target1/l2mem/action init l2mem
CLI_OUTPUT: ret /Target1/l2mem/action init l2mem ==&gt; done OK
CLI_OUTPUT: /Target1/cmd/action cmd &quot;ls /opt/ccmon/ddal_clk_ccmon_agent &gt; /dev/null&quot;
CLI_OUTPUT: ret /Target1/cmd/action cmd &quot;ls /opt/ccmon/ddal_clk_ccmon_agent &gt; /dev/null&quot; ==&gt; done OK retw=0
CLI_OUTPUT: /Target1/clk/get sw_info
CLI_OUTPUT: ret /Target1/clk/get sw_info ==&gt; error 201 unknown dispatcher or agent
CLI_OUTPUT: /Target1/action load agent /opt/ccmon/ddal_clk_ccmon_agent clk
CLI_OUTPUT: ret /Target1/action load agent /opt/ccmon/ddal_clk_ccmon_agent clk ==&gt; done OK
CLI_OUTPUT: /Target1/clk/action init clk
CLI_OUTPUT: ret /Target1/clk/action init clk ==&gt; done OK
CLI_OUTPUT: /Target1/cmd/action cmd &quot;ls /opt/ccmon/ddal_id_ccmon_agent &gt; /dev/null&quot;
CLI_OUTPUT: ret /Target1/cmd/action cmd &quot;ls /opt/ccmon/ddal_id_ccmon_agent &gt; /dev/null&quot; ==&gt; done OK retw=0
CLI_OUTPUT: /Target1/id/get sw_info
CLI_OUTPUT: ret /Target1/id/get sw_info ==&gt; error 201 unknown dispatcher or agent
CLI_OUTPUT: /Target1/action load agent /opt/ccmon/ddal_id_ccmon_agent id
CLI_OUTPUT: ret /Target1/action load agent /opt/ccmon/ddal_id_ccmon_agent id ==&gt; done OK
CLI_OUTPUT: /Target1/id/action init id
CLI_OUTPUT: ret /Target1/id/action init id ==&gt; done OK
CLI_OUTPUT: /Target1/cmd/action cmd &quot;ls /opt/ccmon/ddal_led_ccmon_agent &gt; /dev/null&quot;
CLI_OUTPUT: ret /Target1/cmd/action cmd &quot;ls /opt/ccmon/ddal_led_ccmon_agent &gt; /dev/null&quot; ==&gt; done OK retw=0
CLI_OUTPUT: /Target1/led/get sw_info
CLI_OUTPUT: ret /Target1/led/get sw_info ==&gt; error 201 unknown dispatcher or agent
CLI_OUTPUT: /Target1/action load agent /opt/ccmon/ddal_led_ccmon_agent led
CLI_OUTPUT: ret /Target1/action load agent /opt/ccmon/ddal_led_ccmon_agent led ==&gt; done OK
CLI_OUTPUT: /Target1/led/action init led
CLI_OUTPUT: ret /Target1/led/action init led ==&gt; done OK
CLI_OUTPUT: /Target1/cmd/action cmd &quot;ls /opt/ccmon/ddal_lx2_ccmon_agent &gt; /dev/null&quot;
CLI_OUTPUT: ret /Target1/cmd/action cmd &quot;ls /opt/ccmon/ddal_lx2_ccmon_agent &gt; /dev/null&quot; ==&gt; done OK retw=0
CLI_OUTPUT: /Target1/lx2/get sw_info
CLI_OUTPUT: ret /Target1/lx2/get sw_info ==&gt; error 201 unknown dispatcher or agent
CLI_OUTPUT: /Target1/action load agent /opt/ccmon/ddal_lx2_ccmon_agent lx2
CLI_OUTPUT: ret /Target1/action load agent /opt/ccmon/ddal_lx2_ccmon_agent lx2 ==&gt; done OK
CLI_OUTPUT: /Target1/lx2/action init lx2
CLI_OUTPUT: ret /Target1/lx2/action init lx2 ==&gt; done OK
CLI_OUTPUT: /Target1/cmd/action cmd &quot;ls /opt/ccmon/ddal_rpram_ccmon_agent &gt; /dev/null&quot;
CLI_OUTPUT: ret /Target1/cmd/action cmd &quot;ls /opt/ccmon/ddal_rpram_ccmon_agent &gt; /dev/null&quot; ==&gt; done OK retw=0
CLI_OUTPUT: /Target1/rpram/get sw_info
CLI_OUTPUT: ret /Target1/rpram/get sw_info ==&gt; error 201 unknown dispatcher or agent
CLI_OUTPUT: /Target1/action load agent /opt/ccmon/ddal_rpram_ccmon_agent rpram
CLI_OUTPUT: ret /Target1/action load agent /opt/ccmon/ddal_rpram_ccmon_agent rpram ==&gt; done OK
CLI_OUTPUT: /Target1/rpram/action init rpram
CLI_OUTPUT: ret /Target1/rpram/action init rpram ==&gt; done OK
CLI_OUTPUT: /Target1/cmd/action cmd &quot;ls /opt/ccmon/ddal_pwrmon_ccmon_agent &gt; /dev/null&quot;
CLI_OUTPUT: ret /Target1/cmd/action cmd &quot;ls /opt/ccmon/ddal_pwrmon_ccmon_agent &gt; /dev/null&quot; ==&gt; done OK retw=0
CLI_OUTPUT: /Target1/powermon/get sw_info
CLI_OUTPUT: ret /Target1/powermon/get sw_info ==&gt; error 201 unknown dispatcher or agent
CLI_OUTPUT: /Target1/action load agent /opt/ccmon/ddal_pwrmon_ccmon_agent powermon
CLI_OUTPUT: ret /Target1/action load agent /opt/ccmon/ddal_pwrmon_ccmon_agent powermon ==&gt; done OK
CLI_OUTPUT: /Target1/powermon/action init powermon
CLI_OUTPUT: ret /Target1/powermon/action init powermon ==&gt; done OK
CLI_OUTPUT: /Target1/cmd/action cmd &quot;ls /opt/ccmon/ddal_eeprom_ccmon_agent &gt; /dev/null&quot;
CLI_OUTPUT: ret /Target1/cmd/action cmd &quot;ls /opt/ccmon/ddal_eeprom_ccmon_agent &gt; /dev/null&quot; ==&gt; done OK retw=0
CLI_OUTPUT: /Target1/eeprom/get sw_info
CLI_OUTPUT: ret /Target1/eeprom/get sw_info ==&gt; error 201 unknown dispatcher or agent
CLI_OUTPUT: /Target1/action load agent /opt/ccmon/ddal_eeprom_ccmon_agent eeprom
CLI_OUTPUT: ret /Target1/action load agent /opt/ccmon/ddal_eeprom_ccmon_agent eeprom ==&gt; done OK
CLI_OUTPUT: /Target1/eeprom/action init eeprom
CLI_OUTPUT: ret /Target1/eeprom/action init eeprom ==&gt; done OK
CLI_OUTPUT: /Target1/cmd/action cmd &quot;ls /opt/ccmon/ddal_genesis_ccmon_agent &gt; /dev/null&quot;
CLI_OUTPUT: ret /Target1/cmd/action cmd &quot;ls /opt/ccmon/ddal_genesis_ccmon_agent &gt; /dev/null&quot; ==&gt; done OK retw=0
CLI_OUTPUT: /Target1/genesis/get sw_info
CLI_OUTPUT: ret /Target1/genesis/get sw_info ==&gt; error 201 unknown dispatcher or agent
CLI_OUTPUT: /Target1/action load agent /opt/ccmon/ddal_genesis_ccmon_agent genesis
CLI_OUTPUT: ret /Target1/action load agent /opt/ccmon/ddal_genesis_ccmon_agent genesis ==&gt; done OK
CLI_OUTPUT: /Target1/genesis/action init genesis
CLI_OUTPUT: ret /Target1/genesis/action init genesis ==&gt; done OK
CLI_OUTPUT: /Target1/cmd/action cmd &quot;ls /opt/ccmon/ddal_temperature_ccmon_agent &gt; /dev/null&quot;
CLI_OUTPUT: ret /Target1/cmd/action cmd &quot;ls /opt/ccmon/ddal_temperature_ccmon_agent &gt; /dev/null&quot; ==&gt; done OK retw=0
CLI_OUTPUT: /Target1/temperature/get sw_info
CLI_OUTPUT: ret /Target1/temperature/get sw_info ==&gt; error 201 unknown dispatcher or agent
CLI_OUTPUT: /Target1/action load agent /opt/ccmon/ddal_temperature_ccmon_agent temperature
CLI_OUTPUT: ret /Target1/action load agent /opt/ccmon/ddal_temperature_ccmon_agent temperature ==&gt; done OK
CLI_OUTPUT: /Target1/temperature/action init temperature
CLI_OUTPUT: ret /Target1/temperature/action init temperature ==&gt; done OK
CLI_OUTPUT: /Target1/cmd/action cmd &quot;ls /opt/ccmon/ddal_fan_ccmon_agent &gt; /dev/null&quot;
CLI_OUTPUT: ret /Target1/cmd/action cmd &quot;ls /opt/ccmon/ddal_fan_ccmon_agent &gt; /dev/null&quot; ==&gt; done OK retw=0
CLI_OUTPUT: /Target1/fan/get sw_info
CLI_OUTPUT: ret /Target1/fan/get sw_info ==&gt; error 201 unknown dispatcher or agent
CLI_OUTPUT: /Target1/action load agent /opt/ccmon/ddal_fan_ccmon_agent fan
CLI_OUTPUT: ret /Target1/action load agent /opt/ccmon/ddal_fan_ccmon_agent fan ==&gt; done OK
CLI_OUTPUT: /Target1/fan/action init fan
CLI_OUTPUT: ret /Target1/fan/action init fan ==&gt; done OK
CLI_OUTPUT: /Target1/cmd/action cmd &quot;ls /opt/ccmon/ddal_fsp_hwid_ccmon_agent &gt; /dev/null&quot;
CLI_OUTPUT: ret /Target1/cmd/action cmd &quot;ls /opt/ccmon/ddal_fsp_hwid_ccmon_agent &gt; /dev/null&quot; ==&gt; done OK retw=0
CLI_OUTPUT: /Target1/fsp_hwid/get sw_info
CLI_OUTPUT: ret /Target1/fsp_hwid/get sw_info ==&gt; error 201 unknown dispatcher or agent
CLI_OUTPUT: /Target1/action load agent /opt/ccmon/ddal_fsp_hwid_ccmon_agent fsp_hwid
CLI_OUTPUT: ret /Target1/action load agent /opt/ccmon/ddal_fsp_hwid_ccmon_agent fsp_hwid ==&gt; done OK
CLI_OUTPUT: /Target1/fsp_hwid/action init fsp_hwid
CLI_OUTPUT: ret /Target1/fsp_hwid/action init fsp_hwid ==&gt; done OK
CLI_OUTPUT: /Target1/cmd/action cmd &quot;ls /opt/ccmon/ddal_ext_alarm_ccmon_agent &gt; /dev/null&quot;
CLI_OUTPUT: ret /Target1/cmd/action cmd &quot;ls /opt/ccmon/ddal_ext_alarm_ccmon_agent &gt; /dev/null&quot; ==&gt; done OK retw=0
CLI_OUTPUT: /Target1/ext_alarm/get sw_info
CLI_OUTPUT: ret /Target1/ext_alarm/get sw_info ==&gt; error 201 unknown dispatcher or agent
CLI_OUTPUT: /Target1/action load agent /opt/ccmon/ddal_ext_alarm_ccmon_agent ext_alarm
CLI_OUTPUT: ret /Target1/action load agent /opt/ccmon/ddal_ext_alarm_ccmon_agent ext_alarm ==&gt; done OK
CLI_OUTPUT: /Target1/ext_alarm/action init ext_alarm
CLI_OUTPUT: ret /Target1/ext_alarm/action init ext_alarm ==&gt; done OK
CLI_OUTPUT: /Target1/cmd/action cmd &quot;ls /opt/ccmon/ddal_custom_out_ccmon_agent &gt; /dev/null&quot;
CLI_OUTPUT: ret /Target1/cmd/action cmd &quot;ls /opt/ccmon/ddal_custom_out_ccmon_agent &gt; /dev/null&quot; ==&gt; done OK retw=0
CLI_OUTPUT: /Target1/custom_out/get sw_info
CLI_OUTPUT: ret /Target1/custom_out/get sw_info ==&gt; error 201 unknown dispatcher or agent
CLI_OUTPUT: /Target1/action load agent /opt/ccmon/ddal_custom_out_ccmon_agent custom_out
CLI_OUTPUT: ret /Target1/action load agent /opt/ccmon/ddal_custom_out_ccmon_agent custom_out ==&gt; done OK
CLI_OUTPUT: /Target1/custom_out/action init custom_out
CLI_OUTPUT: ret /Target1/custom_out/action init custom_out ==&gt; done OK
CLI_OUTPUT: /Target1/cmd/action cmd &quot;ls /opt/ccmon/devicetree_agent &gt; /dev/null&quot;
CLI_OUTPUT: ret /Target1/cmd/action cmd &quot;ls /opt/ccmon/devicetree_agent &gt; /dev/null&quot; ==&gt; done fail retw=256
SCR_OUTPUT: WARNING: agent devicetree_agent not found
CLI_OUTPUT: /Target1/cmd/action cmd &quot;ls /opt/ccmon/rio_agent &gt; /dev/null&quot;
CLI_OUTPUT: ret /Target1/cmd/action cmd &quot;ls /opt/ccmon/rio_agent &gt; /dev/null&quot; ==&gt; done fail retw=256
SCR_OUTPUT: WARNING: agent rio_agent not found
CLI_OUTPUT: /Target1/cmd/action cmd &quot;ls /opt/ccmon/ddal_ffs_ccmon_agent &gt; /dev/null&quot;
CLI_OUTPUT: ret /Target1/cmd/action cmd &quot;ls /opt/ccmon/ddal_ffs_ccmon_agent &gt; /dev/null&quot; ==&gt; done OK retw=0
CLI_OUTPUT: /Target1/ffs/get sw_info
CLI_OUTPUT: ret /Target1/ffs/get sw_info ==&gt; error 201 unknown dispatcher or agent
CLI_OUTPUT: /Target1/action load agent /opt/ccmon/ddal_ffs_ccmon_agent ffs
CLI_OUTPUT: ret /Target1/action load agent /opt/ccmon/ddal_ffs_ccmon_agent ffs ==&gt; done OK
CLI_OUTPUT: /Target1/ffs/action init ffs
CLI_OUTPUT: ret /Target1/ffs/action init ffs ==&gt; done OK
CLI_OUTPUT: /Target1/cmd/action cmd &quot;ls /opt/ccmon/ddal_casadump_ccmon_agent &gt; /dev/null&quot;
CLI_OUTPUT: ret /Target1/cmd/action cmd &quot;ls /opt/ccmon/ddal_casadump_ccmon_agent &gt; /dev/null&quot; ==&gt; done OK retw=0
CLI_OUTPUT: /Target1/casadump/get sw_info
CLI_OUTPUT: ret /Target1/casadump/get sw_info ==&gt; error 201 unknown dispatcher or agent
CLI_OUTPUT: /Target1/action load agent /opt/ccmon/ddal_casadump_ccmon_agent casadump
CLI_OUTPUT: ret /Target1/action load agent /opt/ccmon/ddal_casadump_ccmon_agent casadump ==&gt; done OK
CLI_OUTPUT: /Target1/casadump/action init casadump
CLI_OUTPUT: ret /Target1/casadump/action init casadump ==&gt; done OK
CLI_OUTPUT: /Target1/cmd/action cmd &quot;ls /opt/ccmon/ddal_ex_switch_ccmon_agent &gt; /dev/null&quot;
CLI_OUTPUT: ret /Target1/cmd/action cmd &quot;ls /opt/ccmon/ddal_ex_switch_ccmon_agent &gt; /dev/null&quot; ==&gt; done OK retw=0
CLI_OUTPUT: /Target1/ex_switch/get sw_info
CLI_OUTPUT: ret /Target1/ex_switch/get sw_info ==&gt; error 201 unknown dispatcher or agent
CLI_OUTPUT: /Target1/action load agent /opt/ccmon/ddal_ex_switch_ccmon_agent ex_switch
CLI_OUTPUT: ret /Target1/action load agent /opt/ccmon/ddal_ex_switch_ccmon_agent ex_switch ==&gt; done OK
CLI_OUTPUT: /Target1/ex_switch/action init ex_switch
CLI_OUTPUT: ret /Target1/ex_switch/action init ex_switch ==&gt; done OK
CLI_OUTPUT: /Target1/cmd/action cmd &quot;ls /opt/ccmon/ddal_sfp_ccmon_agent &gt; /dev/null&quot;
CLI_OUTPUT: ret /Target1/cmd/action cmd &quot;ls /opt/ccmon/ddal_sfp_ccmon_agent &gt; /dev/null&quot; ==&gt; done OK retw=0
CLI_OUTPUT: /Target1/sfp/get sw_info
CLI_OUTPUT: ret /Target1/sfp/get sw_info ==&gt; error 201 unknown dispatcher or agent
CLI_OUTPUT: /Target1/action load agent /opt/ccmon/ddal_sfp_ccmon_agent sfp
CLI_OUTPUT: ret /Target1/action load agent /opt/ccmon/ddal_sfp_ccmon_agent sfp ==&gt; done OK
CLI_OUTPUT: /Target1/sfp/action init sfp
CLI_OUTPUT: ret /Target1/sfp/action init sfp ==&gt; done OK
CLI_OUTPUT: /Target1/cmd/action cmd &quot;ls /opt/ccmon/ddal_gpio_ccmon_agent &gt; /dev/null&quot;
CLI_OUTPUT: ret /Target1/cmd/action cmd &quot;ls /opt/ccmon/ddal_gpio_ccmon_agent &gt; /dev/null&quot; ==&gt; done OK retw=0
CLI_OUTPUT: /Target1/gpio/get sw_info
CLI_OUTPUT: ret /Target1/gpio/get sw_info ==&gt; error 201 unknown dispatcher or agent
CLI_OUTPUT: /Target1/action load agent /opt/ccmon/ddal_gpio_ccmon_agent gpio
CLI_OUTPUT: ret /Target1/action load agent /opt/ccmon/ddal_gpio_ccmon_agent gpio ==&gt; done OK
CLI_OUTPUT: /Target1/gpio/action init gpio
CLI_OUTPUT: ret /Target1/gpio/action init gpio ==&gt; done OK
CLI_OUTPUT: /Target1/cmd/action cmd &quot;ls /opt/ccmon/ddal_ctrl_ccmon_agent &gt; /dev/null&quot;
CLI_OUTPUT: ret /Target1/cmd/action cmd &quot;ls /opt/ccmon/ddal_ctrl_ccmon_agent &gt; /dev/null&quot; ==&gt; done OK retw=0
CLI_OUTPUT: /Target1/ctrl/get sw_info
CLI_OUTPUT: ret /Target1/ctrl/get sw_info ==&gt; error 201 unknown dispatcher or agent
CLI_OUTPUT: /Target1/action load agent /opt/ccmon/ddal_ctrl_ccmon_agent ctrl
CLI_OUTPUT: ret /Target1/action load agent /opt/ccmon/ddal_ctrl_ccmon_agent ctrl ==&gt; done OK
CLI_OUTPUT: /Target1/ctrl/action init ctrl
CLI_OUTPUT: ret /Target1/ctrl/action init ctrl ==&gt; done OK
CLI_OUTPUT: /Target1/cmd/action cmd &quot;ls /opt/ccmon/ddal_register_ccmon_agent &gt; /dev/null&quot;
CLI_OUTPUT: ret /Target1/cmd/action cmd &quot;ls /opt/ccmon/ddal_register_ccmon_agent &gt; /dev/null&quot; ==&gt; done OK retw=0
CLI_OUTPUT: /Target1/register/get sw_info
CLI_OUTPUT: ret /Target1/register/get sw_info ==&gt; error 201 unknown dispatcher or agent
CLI_OUTPUT: /Target1/action load agent /opt/ccmon/ddal_register_ccmon_agent register
CLI_OUTPUT: ret /Target1/action load agent /opt/ccmon/ddal_register_ccmon_agent register ==&gt; done OK
CLI_OUTPUT: /Target1/register/action init register
CLI_OUTPUT: ret /Target1/register/action init register ==&gt; done OK
SCR_OUTPUT: ----------------- TARGET DEFAULT INIT DONE -----------------
CLI_OUTPUT: /Target1/rpram/action ddal_rpram_get DDAL_RPRAM_USER1
CLI_OUTPUT: ret /Target1/rpram/action ddal_rpram_get DDAL_RPRAM_USER1 ==&gt; done OK retv 0 value 214986301
SCR_OUTPUT: called ddal_rpram_get DDAL_RPRAM_USER1 returned 214986301 == 214986301 last written == &gt; OK
CLI_OUTPUT: /Target1/rpram/action ddal_rpram_get DDAL_RPRAM_USER2
CLI_OUTPUT: ret /Target1/rpram/action ddal_rpram_get DDAL_RPRAM_USER2 ==&gt; done OK retv 0 value 214986302
SCR_OUTPUT: called ddal_rpram_get DDAL_RPRAM_USER2 returned 214986302 == 214986302 last written == &gt; OK
CLI_OUTPUT: /Target1/rpram/action ddal_rpram_get DDAL_RPRAM_USER3
CLI_OUTPUT: ret /Target1/rpram/action ddal_rpram_get DDAL_RPRAM_USER3 ==&gt; done OK retv 0 value 214986303
SCR_OUTPUT: called ddal_rpram_get DDAL_RPRAM_USER3 returned 214986303 == 214986303 last written == &gt; OK
CLI_OUTPUT: /Target1/rpram/action ddal_rpram_get DDAL_RPRAM_USER4
CLI_OUTPUT: ret /Target1/rpram/action ddal_rpram_get DDAL_RPRAM_USER4 ==&gt; done OK retv 0 value 214986304
SCR_OUTPUT: called ddal_rpram_get DDAL_RPRAM_USER4 returned 214986304 == 214986304 last written == &gt; OK
CLI_OUTPUT: /Target1/rpram/action ddal_rpram_get DDAL_RPRAM_USER5
CLI_OUTPUT: ret /Target1/rpram/action ddal_rpram_get DDAL_RPRAM_USER5 ==&gt; done OK retv 0 value 214986305
SCR_OUTPUT: called ddal_rpram_get DDAL_RPRAM_USER5 returned 214986305 == 214986305 last written == &gt; OK
CLI_OUTPUT: /Target1/rpram/action ddal_rpram_get DDAL_RPRAM_USER6
CLI_OUTPUT: ret /Target1/rpram/action ddal_rpram_get DDAL_RPRAM_USER6 ==&gt; done OK retv 0 value 214986306
SCR_OUTPUT: called ddal_rpram_get DDAL_RPRAM_USER6 returned 214986306 == 214986306 last written == &gt; OK
CLI_OUTPUT: /Target1/rpram/action ddal_rpram_get DDAL_RPRAM_USER7
CLI_OUTPUT: ret /Target1/rpram/action ddal_rpram_get DDAL_RPRAM_USER7 ==&gt; done OK retv 0 value 214986307
SCR_OUTPUT: called ddal_rpram_get DDAL_RPRAM_USER7 returned 214986307 == 214986307 last written == &gt; OK
CLI_OUTPUT: /Target1/rpram/action ddal_rpram_get DDAL_RPRAM_USER8
CLI_OUTPUT: ret /Target1/rpram/action ddal_rpram_get DDAL_RPRAM_USER8 ==&gt; done OK retv 0 value 214986308
SCR_OUTPUT: called ddal_rpram_get DDAL_RPRAM_USER8 returned 214986308 == 214986308 last written == &gt; OK
CLI_OUTPUT: /Target1/rpram/action ddal_rpram_get DDAL_RPRAM_USER9
CLI_OUTPUT: ret /Target1/rpram/action ddal_rpram_get DDAL_RPRAM_USER9 ==&gt; done OK retv 0 value 214986309
SCR_OUTPUT: called ddal_rpram_get DDAL_RPRAM_USER9 returned 214986309 == 214986309 last written == &gt; OK
CLI_OUTPUT: /Target1/rpram/action ddal_rpram_get DDAL_RPRAM_USER10
CLI_OUTPUT: ret /Target1/rpram/action ddal_rpram_get DDAL_RPRAM_USER10 ==&gt; done OK retv 0 value 214986310
SCR_OUTPUT: called ddal_rpram_get DDAL_RPRAM_USER10 returned 214986310 == 214986310 last written == &gt; OK
CLI_OUTPUT: /Target1/rpram/action ddal_rpram_get DDAL_RPRAM_USER11
CLI_OUTPUT: ret /Target1/rpram/action ddal_rpram_get DDAL_RPRAM_USER11 ==&gt; done OK retv 0 value 214986311
SCR_OUTPUT: called ddal_rpram_get DDAL_RPRAM_USER11 returned 214986311 == 214986311 last written == &gt; OK
CLI_OUTPUT: /Target1/rpram/action ddal_rpram_get DDAL_RPRAM_USER12
CLI_OUTPUT: ret /Target1/rpram/action ddal_rpram_get DDAL_RPRAM_USER12 ==&gt; done OK retv 0 value 214986312
SCR_OUTPUT: called ddal_rpram_get DDAL_RPRAM_USER12 returned 214986312 == 214986312 last written == &gt; OK
CLI_OUTPUT: /Target1/rpram/action ddal_rpram_get DDAL_RPRAM_USER13
CLI_OUTPUT: ret /Target1/rpram/action ddal_rpram_get DDAL_RPRAM_USER13 ==&gt; done OK retv 0 value 214986313
SCR_OUTPUT: called ddal_rpram_get DDAL_RPRAM_USER13 returned 214986313 == 214986313 last written == &gt; OK
CLI_OUTPUT: /Target1/rpram/action ddal_rpram_get DDAL_RPRAM_USER14
CLI_OUTPUT: ret /Target1/rpram/action ddal_rpram_get DDAL_RPRAM_USER14 ==&gt; done OK retv 0 value 214986314
SCR_OUTPUT: called ddal_rpram_get DDAL_RPRAM_USER14 returned 214986314 == 214986314 last written == &gt; OK
CLI_OUTPUT: /Target1/rpram/action ddal_rpram_get DDAL_RPRAM_USER15
CLI_OUTPUT: ret /Target1/rpram/action ddal_rpram_get DDAL_RPRAM_USER15 ==&gt; done OK retv 0 value 214986315
SCR_OUTPUT: called ddal_rpram_get DDAL_RPRAM_USER15 returned 214986315 == 214986315 last written == &gt; OK
CLI_OUTPUT: /Target1/rpram/action ddal_rpram_get DDAL_RPRAM_HW_INIT_STORAGE
CLI_OUTPUT: ret /Target1/rpram/action ddal_rpram_get DDAL_RPRAM_HW_INIT_STORAGE ==&gt; done OK retv 0 value 214986316
SCR_OUTPUT: called ddal_rpram_get DDAL_RPRAM_HW_INIT_STORAGE returned 214986316 == 214986316 last written == &gt; OK
CLI_OUTPUT: /Target1/rpram/action ddal_rpram_get DDAL_RPRAM_RESET_TYPE
CLI_OUTPUT: ret /Target1/rpram/action ddal_rpram_get DDAL_RPRAM_RESET_TYPE ==&gt; done OK retv 0 value 214986317
SCR_OUTPUT: called ddal_rpram_get DDAL_RPRAM_RESET_TYPE returned 214986317 == 214986317 last written == &gt; OK
CLI_OUTPUT: /Target1/rpram/action ddal_rpram_get DDAL_RPRAM_ISTI
CLI_OUTPUT: ret /Target1/rpram/action ddal_rpram_get DDAL_RPRAM_ISTI ==&gt; done OK retv 0 value 214986318
SCR_OUTPUT: called ddal_rpram_get DDAL_RPRAM_ISTI returned 214986318 == 214986318 last written == &gt; OK
SCR_OUTPUT: ##### Test Case End: TC_03100_004 PASSED (0)
</system-out>
</testcase>

<testcase classname="HW_03100_basic_rpram_tests" name="TC_03100_005 test functions under bad conditions" time="33">
<system-out>
SCR_OUTPUT: ##### Test Case Start: TC_03100_005  test functions under bad conditions
CLI_OUTPUT: /Target1/cmd/action cmd rmmod mddg_post
CLI_OUTPUT: ret /Target1/cmd/action cmd rmmod mddg_post ==&gt; done OK retw=0
CLI_OUTPUT: /Target1/cmd/action cmd rmmod mddg_rpram
CLI_OUTPUT: ret /Target1/cmd/action cmd rmmod mddg_rpram ==&gt; done OK retw=0
CLI_OUTPUT: /Target1/rpram/action ddal_rpram_set DDAL_RPRAM_USER9 5
CLI_OUTPUT: ret /Target1/rpram/action ddal_rpram_set DDAL_RPRAM_USER9 5 ==&gt; done fail retv -2 errstr No such file or directory
CLI_OUTPUT: /Target1/rpram/action ddal_rpram_get DDAL_RPRAM_USER9
CLI_OUTPUT: ret /Target1/rpram/action ddal_rpram_get DDAL_RPRAM_USER9 ==&gt; done fail retv -2 errstr No such file or directory
CLI_OUTPUT: /Target1/cmd/action cmd &quot;touch /dev/rpram&quot;
CLI_OUTPUT: ret /Target1/cmd/action cmd &quot;touch /dev/rpram&quot; ==&gt; done OK retw=0
CLI_OUTPUT: /Target1/rpram/action ddal_rpram_set DDAL_RPRAM_USER9 5
CLI_OUTPUT: ret /Target1/rpram/action ddal_rpram_set DDAL_RPRAM_USER9 5 ==&gt; done fail retv -25 errstr Inappropriate ioctl for device
CLI_OUTPUT: /Target1/rpram/action ddal_rpram_get DDAL_RPRAM_USER9
CLI_OUTPUT: ret /Target1/rpram/action ddal_rpram_get DDAL_RPRAM_USER9 ==&gt; done fail retv -25 errstr Inappropriate ioctl for device
SCR_OUTPUT: Start reboot.
CLI_OUTPUT: /Target1/cmd/action cmd reboot
CLI_OUTPUT: ret /Target1/cmd/action cmd reboot ==&gt; done OK retw=0
SCR_OUTPUT: Wait until reboot is in progess ...
SCR_OUTPUT: 0
CLI_OUTPUT: /Target1/cmd/action cmd echo 0 
CLI_OUTPUT: ret /Target1/cmd/action cmd echo 0 ==&gt; done OK retw=0
SCR_OUTPUT: 1
CLI_OUTPUT: /Target1/cmd/action cmd echo 1 
CLI_OUTPUT: ret /Target1/cmd/action cmd echo 1 ==&gt; done OK retw=0
SCR_OUTPUT: 2
CLI_OUTPUT: /Target1/cmd/action cmd echo 2 
CLI_OUTPUT: ret /Target1/cmd/action cmd echo 2 ==&gt; done OK retw=0
SCR_OUTPUT: 3
CLI_OUTPUT: /Target1/cmd/action cmd echo 3 
CLI_OUTPUT: ret /Target1/cmd/action cmd echo 3 ==&gt; done OK retw=0
SCR_OUTPUT: 4
CLI_OUTPUT: /Target1/cmd/action cmd echo 4 
CLI_OUTPUT: ret /Target1/cmd/action cmd echo 4 ==&gt; done OK retw=0
SCR_OUTPUT: 5
CLI_OUTPUT: /Target1/cmd/action cmd echo 5 
CLI_OUTPUT: ret /Target1/cmd/action cmd echo 5 ==&gt; done OK retw=0
SCR_OUTPUT: 6
CLI_OUTPUT: /Target1/cmd/action cmd echo 6 
CLI_OUTPUT: ret /Target1/cmd/action cmd echo 6 ==&gt; done OK retw=0
SCR_OUTPUT: 7
CLI_OUTPUT: /Target1/cmd/action cmd echo 7 
CLI_OUTPUT: ret /Target1/cmd/action cmd echo 7 ==&gt; done OK retw=0
SCR_OUTPUT: 8
CLI_OUTPUT: /Target1/cmd/action cmd echo 8 
CLI_OUTPUT: ret /Target1/cmd/action cmd echo 8 ==&gt; done OK retw=0
SCR_OUTPUT: 9
CLI_OUTPUT: /Target1/cmd/action cmd echo 9 
CLI_OUTPUT: ret /Target1/cmd/action cmd echo 9 ==&gt; done OK retw=0
SCR_OUTPUT: 10
CLI_OUTPUT: /Target1/cmd/action cmd echo 10 
CLI_OUTPUT: ret /Target1/cmd/action cmd echo 10 ==&gt; done OK retw=0
SCR_OUTPUT: 11
CLI_OUTPUT: /Target1/cmd/action cmd echo 11 
CLI_OUTPUT: ret /Target1/cmd/action cmd echo 11 ==&gt; done OK retw=0
SCR_OUTPUT: 12
CLI_OUTPUT: /Target1/cmd/action cmd echo 12 
CLI_OUTPUT: ret /Target1/cmd/action cmd echo 12 ==&gt; done OK retw=0
SCR_OUTPUT: 13
CLI_OUTPUT: /Target1/cmd/action cmd echo 13 
CLI_OUTPUT: ret /Target1/cmd/action cmd echo 13 ==&gt; done OK retw=0
SCR_OUTPUT: 14
CLI_OUTPUT: /Target1/cmd/action cmd echo 14 
CLI_OUTPUT: ret /Target1/cmd/action cmd echo 14 ==&gt; done OK retw=0
SCR_OUTPUT: 15
CLI_OUTPUT: /Target1/cmd/action cmd echo 15 
DLG_OUTPUT: {FMon Error:} {Connection To Communication Channel:  Target1  Lost !} error 0 OK
SCR_OUTPUT: Wait until is comming up!
SCR_OUTPUT: open_cc: Target1
DLG_OUTPUT: {FMon Error:} {Connection To Communication Channel:  Target1  Lost !} error 0 OK
DLG_OUTPUT: {FMon Error:} {Connection To Communication Channel:  Target1  Lost !} error 0 OK
DLG_OUTPUT: {FMon Error:} {Connection To Communication Channel:  Target1  Lost !} error 0 OK
DLG_OUTPUT: {FMon Error:} {Connection To Communication Channel:  Target1  Lost !} error 0 OK
DLG_OUTPUT: {FMon Error:} {Connection To Communication Channel:  Target1  Lost !} error 0 OK
DLG_OUTPUT: {FMon Error:} {Connection To Communication Channel:  Target1  Lost !} error 0 OK
DLG_OUTPUT: {FMon Error:} {Connection To Communication Channel:  Target1  Lost !} error 0 OK
DLG_OUTPUT: {FMon Error:} {Connection To Communication Channel:  Target1  Lost !} error 0 OK
DLG_OUTPUT: {FMon Error:} {Connection To Communication Channel:  Target1  Lost !} error 0 OK
CLI_OUTPUT: /Target1/get noti_switch global
CLI_OUTPUT: ret /Target1/get noti_switch global ==&gt; on
CLI_OUTPUT: /Target1/get sw_info
CLI_OUTPUT: ret /Target1/get sw_info ==&gt; CCMon2 2.5.4 ready
SCR_OUTPUT: open_cc: Target1 OK
SCR_OUTPUT: open_cc: Target1
CLI_OUTPUT: /Target1/get noti_switch global
CLI_OUTPUT: ret /Target1/get noti_switch global ==&gt; on
CLI_OUTPUT: /Target1/get sw_info
CLI_OUTPUT: ret /Target1/get sw_info ==&gt; CCMon2 2.5.4 ready
SCR_OUTPUT: open_cc: Target1 OK
CLI_OUTPUT: /Target1/cmd/get sw_info
CLI_OUTPUT: ret /Target1/cmd/get sw_info ==&gt; error 201 unknown dispatcher or agent
CLI_OUTPUT: /Target1/action load agent /opt/ccmon/cmdagent cmd
CLI_OUTPUT: ret /Target1/action load agent /opt/ccmon/cmdagent cmd ==&gt; done OK
CLI_OUTPUT: /Target1/cmd/action init cmd
CLI_OUTPUT: ret /Target1/cmd/action init cmd ==&gt; done OK
CLI_OUTPUT: /Target1/cmd/action exec uname -a
CLI_OUTPUT: ret /Target1/cmd/action exec uname -a ==&gt; done ok 0 0 {Linux fcmd15 3.14.51-g82d8086-fcmd #1 PREEMPT Thu Oct 29 17:38:53 UTC 2015 ppc GNU/Linux}
CLI_OUTPUT: /Target1/cmd/action exec ifconfig
CLI_OUTPUT: ret /Target1/cmd/action exec ifconfig ==&gt; done ok 0 0 {eth0 Link encap:Ethernet HWaddr 00:04:AC:E3:0F:75} {inet addr:129.168.4.185 Bcast:129.168.255.255 Mask:255.255.0.0} {inet6 addr: fe80::204:acff:fee3:f75%3219349168/64 Scope:Link} {UP BROADCAST RUNNING MULTICAST MTU:1500 Metric:1} {RX packets:203 errors:0 dropped:48 overruns:0 frame:0} {TX packets:32 errors:0 dropped:0 overruns:0 carrier:0} {collisions:0 txqueuelen:1000} {RX bytes:19326 (18.8 KiB) TX bytes:3596 (3.5 KiB)} {Base address:0x8000} {} {lo Link encap:Local Loopback} {inet addr:127.0.0.1 Mask:255.0.0.0} {inet6 addr: ::1%3219349168/128 Scope:Host} {UP LOOPBACK RUNNING MTU:65536 Metric:1} {RX packets:486 errors:0 dropped:0 overruns:0 frame:0} {TX packets:486 errors:0 dropped:0 overruns:0 carrier:0} {collisions:0 txqueuelen:0} {RX bytes:77226 (75.4 KiB) TX bytes:77226 (75.4 KiB)} {}
SCR_OUTPUT: Target IP: inet addr:129.168.4.185 Bcast:129.168.255.255 Mask:255.255.0.0
CLI_OUTPUT: /Target1/cmd/action exec &quot;cat /etc/psl_version&quot;
CLI_OUTPUT: ret /Target1/cmd/action exec &quot;cat /etc/psl_version&quot; ==&gt; done ok 0 0 {PS_LFS_OS_2015_11_0017 (fcmd)}
SCR_OUTPUT: PSL Version: PS_LFS_OS_2015_11_0017 (fcmd)
SCR_OUTPUT: BOS Version: 
CLI_OUTPUT: /Target1/cmd/action cmd &quot;ls /etc/build_infos&quot;
CLI_OUTPUT: ret /Target1/cmd/action cmd &quot;ls /etc/build_infos&quot; ==&gt; done fail retw=256
SCR_OUTPUT: System Type: FCM2
CLI_OUTPUT: /Target1/cmd/action cmd &quot;ls /opt/ccmon/memdump_agent &gt; /dev/null&quot;
CLI_OUTPUT: ret /Target1/cmd/action cmd &quot;ls /opt/ccmon/memdump_agent &gt; /dev/null&quot; ==&gt; done OK retw=0
CLI_OUTPUT: /Target1/memdump/get sw_info
CLI_OUTPUT: ret /Target1/memdump/get sw_info ==&gt; error 201 unknown dispatcher or agent
CLI_OUTPUT: /Target1/action load agent /opt/ccmon/memdump_agent memdump
CLI_OUTPUT: ret /Target1/action load agent /opt/ccmon/memdump_agent memdump ==&gt; done OK
CLI_OUTPUT: /Target1/memdump/action init memdump
CLI_OUTPUT: ret /Target1/memdump/action init memdump ==&gt; done OK
CLI_OUTPUT: /Target1/cmd/action cmd &quot;ls /opt/ccmon/ddal_sfn_ccmon_agent &gt; /dev/null&quot;
CLI_OUTPUT: ret /Target1/cmd/action cmd &quot;ls /opt/ccmon/ddal_sfn_ccmon_agent &gt; /dev/null&quot; ==&gt; done OK retw=0
CLI_OUTPUT: /Target1/sfn/get sw_info
CLI_OUTPUT: ret /Target1/sfn/get sw_info ==&gt; error 201 unknown dispatcher or agent
CLI_OUTPUT: /Target1/action load agent /opt/ccmon/ddal_sfn_ccmon_agent sfn
CLI_OUTPUT: ret /Target1/action load agent /opt/ccmon/ddal_sfn_ccmon_agent sfn ==&gt; done OK
CLI_OUTPUT: /Target1/sfn/action init sfn
CLI_OUTPUT: ret /Target1/sfn/action init sfn ==&gt; done OK
CLI_OUTPUT: /Target1/cmd/action cmd &quot;ls /opt/ccmon/ddal_reset_ccmon_agent &gt; /dev/null&quot;
CLI_OUTPUT: ret /Target1/cmd/action cmd &quot;ls /opt/ccmon/ddal_reset_ccmon_agent &gt; /dev/null&quot; ==&gt; done OK retw=0
CLI_OUTPUT: /Target1/reset/get sw_info
CLI_OUTPUT: ret /Target1/reset/get sw_info ==&gt; error 201 unknown dispatcher or agent
CLI_OUTPUT: /Target1/action load agent /opt/ccmon/ddal_reset_ccmon_agent reset
CLI_OUTPUT: ret /Target1/action load agent /opt/ccmon/ddal_reset_ccmon_agent reset ==&gt; done OK
CLI_OUTPUT: /Target1/reset/action init reset
CLI_OUTPUT: ret /Target1/reset/action init reset ==&gt; done OK
CLI_OUTPUT: /Target1/cmd/action cmd &quot;ls /opt/ccmon/ddal_power_ccmon_agent &gt; /dev/null&quot;
CLI_OUTPUT: ret /Target1/cmd/action cmd &quot;ls /opt/ccmon/ddal_power_ccmon_agent &gt; /dev/null&quot; ==&gt; done OK retw=0
CLI_OUTPUT: /Target1/power/get sw_info
CLI_OUTPUT: ret /Target1/power/get sw_info ==&gt; error 201 unknown dispatcher or agent
CLI_OUTPUT: /Target1/action load agent /opt/ccmon/ddal_power_ccmon_agent power
CLI_OUTPUT: ret /Target1/action load agent /opt/ccmon/ddal_power_ccmon_agent power ==&gt; done OK
CLI_OUTPUT: /Target1/power/action init power
CLI_OUTPUT: ret /Target1/power/action init power ==&gt; done OK
CLI_OUTPUT: /Target1/cmd/action cmd &quot;ls /opt/ccmon/ddal_l2mem_ccmon_agent &gt; /dev/null&quot;
CLI_OUTPUT: ret /Target1/cmd/action cmd &quot;ls /opt/ccmon/ddal_l2mem_ccmon_agent &gt; /dev/null&quot; ==&gt; done OK retw=0
CLI_OUTPUT: /Target1/l2mem/get sw_info
CLI_OUTPUT: ret /Target1/l2mem/get sw_info ==&gt; error 201 unknown dispatcher or agent
CLI_OUTPUT: /Target1/action load agent /opt/ccmon/ddal_l2mem_ccmon_agent l2mem
CLI_OUTPUT: ret /Target1/action load agent /opt/ccmon/ddal_l2mem_ccmon_agent l2mem ==&gt; done OK
CLI_OUTPUT: /Target1/l2mem/action init l2mem
CLI_OUTPUT: ret /Target1/l2mem/action init l2mem ==&gt; done OK
CLI_OUTPUT: /Target1/cmd/action cmd &quot;ls /opt/ccmon/ddal_clk_ccmon_agent &gt; /dev/null&quot;
CLI_OUTPUT: ret /Target1/cmd/action cmd &quot;ls /opt/ccmon/ddal_clk_ccmon_agent &gt; /dev/null&quot; ==&gt; done OK retw=0
CLI_OUTPUT: /Target1/clk/get sw_info
CLI_OUTPUT: ret /Target1/clk/get sw_info ==&gt; error 201 unknown dispatcher or agent
CLI_OUTPUT: /Target1/action load agent /opt/ccmon/ddal_clk_ccmon_agent clk
CLI_OUTPUT: ret /Target1/action load agent /opt/ccmon/ddal_clk_ccmon_agent clk ==&gt; done OK
CLI_OUTPUT: /Target1/clk/action init clk
CLI_OUTPUT: ret /Target1/clk/action init clk ==&gt; done OK
CLI_OUTPUT: /Target1/cmd/action cmd &quot;ls /opt/ccmon/ddal_id_ccmon_agent &gt; /dev/null&quot;
CLI_OUTPUT: ret /Target1/cmd/action cmd &quot;ls /opt/ccmon/ddal_id_ccmon_agent &gt; /dev/null&quot; ==&gt; done OK retw=0
CLI_OUTPUT: /Target1/id/get sw_info
CLI_OUTPUT: ret /Target1/id/get sw_info ==&gt; error 201 unknown dispatcher or agent
CLI_OUTPUT: /Target1/action load agent /opt/ccmon/ddal_id_ccmon_agent id
CLI_OUTPUT: ret /Target1/action load agent /opt/ccmon/ddal_id_ccmon_agent id ==&gt; done OK
CLI_OUTPUT: /Target1/id/action init id
CLI_OUTPUT: ret /Target1/id/action init id ==&gt; done OK
CLI_OUTPUT: /Target1/cmd/action cmd &quot;ls /opt/ccmon/ddal_led_ccmon_agent &gt; /dev/null&quot;
CLI_OUTPUT: ret /Target1/cmd/action cmd &quot;ls /opt/ccmon/ddal_led_ccmon_agent &gt; /dev/null&quot; ==&gt; done OK retw=0
CLI_OUTPUT: /Target1/led/get sw_info
CLI_OUTPUT: ret /Target1/led/get sw_info ==&gt; error 201 unknown dispatcher or agent
CLI_OUTPUT: /Target1/action load agent /opt/ccmon/ddal_led_ccmon_agent led
CLI_OUTPUT: ret /Target1/action load agent /opt/ccmon/ddal_led_ccmon_agent led ==&gt; done OK
CLI_OUTPUT: /Target1/led/action init led
CLI_OUTPUT: ret /Target1/led/action init led ==&gt; done OK
CLI_OUTPUT: /Target1/cmd/action cmd &quot;ls /opt/ccmon/ddal_lx2_ccmon_agent &gt; /dev/null&quot;
CLI_OUTPUT: ret /Target1/cmd/action cmd &quot;ls /opt/ccmon/ddal_lx2_ccmon_agent &gt; /dev/null&quot; ==&gt; done OK retw=0
CLI_OUTPUT: /Target1/lx2/get sw_info
CLI_OUTPUT: ret /Target1/lx2/get sw_info ==&gt; error 201 unknown dispatcher or agent
CLI_OUTPUT: /Target1/action load agent /opt/ccmon/ddal_lx2_ccmon_agent lx2
CLI_OUTPUT: ret /Target1/action load agent /opt/ccmon/ddal_lx2_ccmon_agent lx2 ==&gt; done OK
CLI_OUTPUT: /Target1/lx2/action init lx2
CLI_OUTPUT: ret /Target1/lx2/action init lx2 ==&gt; done OK
CLI_OUTPUT: /Target1/cmd/action cmd &quot;ls /opt/ccmon/ddal_rpram_ccmon_agent &gt; /dev/null&quot;
CLI_OUTPUT: ret /Target1/cmd/action cmd &quot;ls /opt/ccmon/ddal_rpram_ccmon_agent &gt; /dev/null&quot; ==&gt; done OK retw=0
CLI_OUTPUT: /Target1/rpram/get sw_info
CLI_OUTPUT: ret /Target1/rpram/get sw_info ==&gt; error 201 unknown dispatcher or agent
CLI_OUTPUT: /Target1/action load agent /opt/ccmon/ddal_rpram_ccmon_agent rpram
CLI_OUTPUT: ret /Target1/action load agent /opt/ccmon/ddal_rpram_ccmon_agent rpram ==&gt; done OK
CLI_OUTPUT: /Target1/rpram/action init rpram
CLI_OUTPUT: ret /Target1/rpram/action init rpram ==&gt; done OK
CLI_OUTPUT: /Target1/cmd/action cmd &quot;ls /opt/ccmon/ddal_pwrmon_ccmon_agent &gt; /dev/null&quot;
CLI_OUTPUT: ret /Target1/cmd/action cmd &quot;ls /opt/ccmon/ddal_pwrmon_ccmon_agent &gt; /dev/null&quot; ==&gt; done OK retw=0
CLI_OUTPUT: /Target1/powermon/get sw_info
CLI_OUTPUT: ret /Target1/powermon/get sw_info ==&gt; error 201 unknown dispatcher or agent
CLI_OUTPUT: /Target1/action load agent /opt/ccmon/ddal_pwrmon_ccmon_agent powermon
CLI_OUTPUT: ret /Target1/action load agent /opt/ccmon/ddal_pwrmon_ccmon_agent powermon ==&gt; done OK
CLI_OUTPUT: /Target1/powermon/action init powermon
CLI_OUTPUT: ret /Target1/powermon/action init powermon ==&gt; done OK
CLI_OUTPUT: /Target1/cmd/action cmd &quot;ls /opt/ccmon/ddal_eeprom_ccmon_agent &gt; /dev/null&quot;
CLI_OUTPUT: ret /Target1/cmd/action cmd &quot;ls /opt/ccmon/ddal_eeprom_ccmon_agent &gt; /dev/null&quot; ==&gt; done OK retw=0
CLI_OUTPUT: /Target1/eeprom/get sw_info
CLI_OUTPUT: ret /Target1/eeprom/get sw_info ==&gt; error 201 unknown dispatcher or agent
CLI_OUTPUT: /Target1/action load agent /opt/ccmon/ddal_eeprom_ccmon_agent eeprom
CLI_OUTPUT: ret /Target1/action load agent /opt/ccmon/ddal_eeprom_ccmon_agent eeprom ==&gt; done OK
CLI_OUTPUT: /Target1/eeprom/action init eeprom
CLI_OUTPUT: ret /Target1/eeprom/action init eeprom ==&gt; done OK
CLI_OUTPUT: /Target1/cmd/action cmd &quot;ls /opt/ccmon/ddal_genesis_ccmon_agent &gt; /dev/null&quot;
CLI_OUTPUT: ret /Target1/cmd/action cmd &quot;ls /opt/ccmon/ddal_genesis_ccmon_agent &gt; /dev/null&quot; ==&gt; done OK retw=0
CLI_OUTPUT: /Target1/genesis/get sw_info
CLI_OUTPUT: ret /Target1/genesis/get sw_info ==&gt; error 201 unknown dispatcher or agent
CLI_OUTPUT: /Target1/action load agent /opt/ccmon/ddal_genesis_ccmon_agent genesis
CLI_OUTPUT: ret /Target1/action load agent /opt/ccmon/ddal_genesis_ccmon_agent genesis ==&gt; done OK
CLI_OUTPUT: /Target1/genesis/action init genesis
CLI_OUTPUT: ret /Target1/genesis/action init genesis ==&gt; done OK
CLI_OUTPUT: /Target1/cmd/action cmd &quot;ls /opt/ccmon/ddal_temperature_ccmon_agent &gt; /dev/null&quot;
CLI_OUTPUT: ret /Target1/cmd/action cmd &quot;ls /opt/ccmon/ddal_temperature_ccmon_agent &gt; /dev/null&quot; ==&gt; done OK retw=0
CLI_OUTPUT: /Target1/temperature/get sw_info
CLI_OUTPUT: ret /Target1/temperature/get sw_info ==&gt; error 201 unknown dispatcher or agent
CLI_OUTPUT: /Target1/action load agent /opt/ccmon/ddal_temperature_ccmon_agent temperature
CLI_OUTPUT: ret /Target1/action load agent /opt/ccmon/ddal_temperature_ccmon_agent temperature ==&gt; done OK
CLI_OUTPUT: /Target1/temperature/action init temperature
CLI_OUTPUT: ret /Target1/temperature/action init temperature ==&gt; done OK
CLI_OUTPUT: /Target1/cmd/action cmd &quot;ls /opt/ccmon/ddal_fan_ccmon_agent &gt; /dev/null&quot;
CLI_OUTPUT: ret /Target1/cmd/action cmd &quot;ls /opt/ccmon/ddal_fan_ccmon_agent &gt; /dev/null&quot; ==&gt; done OK retw=0
CLI_OUTPUT: /Target1/fan/get sw_info
CLI_OUTPUT: ret /Target1/fan/get sw_info ==&gt; error 201 unknown dispatcher or agent
CLI_OUTPUT: /Target1/action load agent /opt/ccmon/ddal_fan_ccmon_agent fan
CLI_OUTPUT: ret /Target1/action load agent /opt/ccmon/ddal_fan_ccmon_agent fan ==&gt; done OK
CLI_OUTPUT: /Target1/fan/action init fan
CLI_OUTPUT: ret /Target1/fan/action init fan ==&gt; done OK
CLI_OUTPUT: /Target1/cmd/action cmd &quot;ls /opt/ccmon/ddal_fsp_hwid_ccmon_agent &gt; /dev/null&quot;
CLI_OUTPUT: ret /Target1/cmd/action cmd &quot;ls /opt/ccmon/ddal_fsp_hwid_ccmon_agent &gt; /dev/null&quot; ==&gt; done OK retw=0
CLI_OUTPUT: /Target1/fsp_hwid/get sw_info
CLI_OUTPUT: ret /Target1/fsp_hwid/get sw_info ==&gt; error 201 unknown dispatcher or agent
CLI_OUTPUT: /Target1/action load agent /opt/ccmon/ddal_fsp_hwid_ccmon_agent fsp_hwid
CLI_OUTPUT: ret /Target1/action load agent /opt/ccmon/ddal_fsp_hwid_ccmon_agent fsp_hwid ==&gt; done OK
CLI_OUTPUT: /Target1/fsp_hwid/action init fsp_hwid
CLI_OUTPUT: ret /Target1/fsp_hwid/action init fsp_hwid ==&gt; done OK
CLI_OUTPUT: /Target1/cmd/action cmd &quot;ls /opt/ccmon/ddal_ext_alarm_ccmon_agent &gt; /dev/null&quot;
CLI_OUTPUT: ret /Target1/cmd/action cmd &quot;ls /opt/ccmon/ddal_ext_alarm_ccmon_agent &gt; /dev/null&quot; ==&gt; done OK retw=0
CLI_OUTPUT: /Target1/ext_alarm/get sw_info
CLI_OUTPUT: ret /Target1/ext_alarm/get sw_info ==&gt; error 201 unknown dispatcher or agent
CLI_OUTPUT: /Target1/action load agent /opt/ccmon/ddal_ext_alarm_ccmon_agent ext_alarm
CLI_OUTPUT: ret /Target1/action load agent /opt/ccmon/ddal_ext_alarm_ccmon_agent ext_alarm ==&gt; done OK
CLI_OUTPUT: /Target1/ext_alarm/action init ext_alarm
CLI_OUTPUT: ret /Target1/ext_alarm/action init ext_alarm ==&gt; done OK
CLI_OUTPUT: /Target1/cmd/action cmd &quot;ls /opt/ccmon/ddal_custom_out_ccmon_agent &gt; /dev/null&quot;
CLI_OUTPUT: ret /Target1/cmd/action cmd &quot;ls /opt/ccmon/ddal_custom_out_ccmon_agent &gt; /dev/null&quot; ==&gt; done OK retw=0
CLI_OUTPUT: /Target1/custom_out/get sw_info
CLI_OUTPUT: ret /Target1/custom_out/get sw_info ==&gt; error 201 unknown dispatcher or agent
CLI_OUTPUT: /Target1/action load agent /opt/ccmon/ddal_custom_out_ccmon_agent custom_out
CLI_OUTPUT: ret /Target1/action load agent /opt/ccmon/ddal_custom_out_ccmon_agent custom_out ==&gt; done OK
CLI_OUTPUT: /Target1/custom_out/action init custom_out
CLI_OUTPUT: ret /Target1/custom_out/action init custom_out ==&gt; done OK
CLI_OUTPUT: /Target1/cmd/action cmd &quot;ls /opt/ccmon/devicetree_agent &gt; /dev/null&quot;
CLI_OUTPUT: ret /Target1/cmd/action cmd &quot;ls /opt/ccmon/devicetree_agent &gt; /dev/null&quot; ==&gt; done fail retw=256
SCR_OUTPUT: WARNING: agent devicetree_agent not found
CLI_OUTPUT: /Target1/cmd/action cmd &quot;ls /opt/ccmon/rio_agent &gt; /dev/null&quot;
CLI_OUTPUT: ret /Target1/cmd/action cmd &quot;ls /opt/ccmon/rio_agent &gt; /dev/null&quot; ==&gt; done fail retw=256
SCR_OUTPUT: WARNING: agent rio_agent not found
CLI_OUTPUT: /Target1/cmd/action cmd &quot;ls /opt/ccmon/ddal_ffs_ccmon_agent &gt; /dev/null&quot;
CLI_OUTPUT: ret /Target1/cmd/action cmd &quot;ls /opt/ccmon/ddal_ffs_ccmon_agent &gt; /dev/null&quot; ==&gt; done OK retw=0
CLI_OUTPUT: /Target1/ffs/get sw_info
CLI_OUTPUT: ret /Target1/ffs/get sw_info ==&gt; error 201 unknown dispatcher or agent
CLI_OUTPUT: /Target1/action load agent /opt/ccmon/ddal_ffs_ccmon_agent ffs
CLI_OUTPUT: ret /Target1/action load agent /opt/ccmon/ddal_ffs_ccmon_agent ffs ==&gt; done OK
CLI_OUTPUT: /Target1/ffs/action init ffs
CLI_OUTPUT: ret /Target1/ffs/action init ffs ==&gt; done OK
CLI_OUTPUT: /Target1/cmd/action cmd &quot;ls /opt/ccmon/ddal_casadump_ccmon_agent &gt; /dev/null&quot;
CLI_OUTPUT: ret /Target1/cmd/action cmd &quot;ls /opt/ccmon/ddal_casadump_ccmon_agent &gt; /dev/null&quot; ==&gt; done OK retw=0
CLI_OUTPUT: /Target1/casadump/get sw_info
CLI_OUTPUT: ret /Target1/casadump/get sw_info ==&gt; error 201 unknown dispatcher or agent
CLI_OUTPUT: /Target1/action load agent /opt/ccmon/ddal_casadump_ccmon_agent casadump
CLI_OUTPUT: ret /Target1/action load agent /opt/ccmon/ddal_casadump_ccmon_agent casadump ==&gt; done OK
CLI_OUTPUT: /Target1/casadump/action init casadump
CLI_OUTPUT: ret /Target1/casadump/action init casadump ==&gt; done OK
CLI_OUTPUT: /Target1/cmd/action cmd &quot;ls /opt/ccmon/ddal_ex_switch_ccmon_agent &gt; /dev/null&quot;
CLI_OUTPUT: ret /Target1/cmd/action cmd &quot;ls /opt/ccmon/ddal_ex_switch_ccmon_agent &gt; /dev/null&quot; ==&gt; done OK retw=0
CLI_OUTPUT: /Target1/ex_switch/get sw_info
CLI_OUTPUT: ret /Target1/ex_switch/get sw_info ==&gt; error 201 unknown dispatcher or agent
CLI_OUTPUT: /Target1/action load agent /opt/ccmon/ddal_ex_switch_ccmon_agent ex_switch
CLI_OUTPUT: ret /Target1/action load agent /opt/ccmon/ddal_ex_switch_ccmon_agent ex_switch ==&gt; done OK
CLI_OUTPUT: /Target1/ex_switch/action init ex_switch
CLI_OUTPUT: ret /Target1/ex_switch/action init ex_switch ==&gt; done OK
CLI_OUTPUT: /Target1/cmd/action cmd &quot;ls /opt/ccmon/ddal_sfp_ccmon_agent &gt; /dev/null&quot;
CLI_OUTPUT: ret /Target1/cmd/action cmd &quot;ls /opt/ccmon/ddal_sfp_ccmon_agent &gt; /dev/null&quot; ==&gt; done OK retw=0
CLI_OUTPUT: /Target1/sfp/get sw_info
CLI_OUTPUT: ret /Target1/sfp/get sw_info ==&gt; error 201 unknown dispatcher or agent
CLI_OUTPUT: /Target1/action load agent /opt/ccmon/ddal_sfp_ccmon_agent sfp
CLI_OUTPUT: ret /Target1/action load agent /opt/ccmon/ddal_sfp_ccmon_agent sfp ==&gt; done OK
CLI_OUTPUT: /Target1/sfp/action init sfp
CLI_OUTPUT: ret /Target1/sfp/action init sfp ==&gt; done OK
CLI_OUTPUT: /Target1/cmd/action cmd &quot;ls /opt/ccmon/ddal_gpio_ccmon_agent &gt; /dev/null&quot;
CLI_OUTPUT: ret /Target1/cmd/action cmd &quot;ls /opt/ccmon/ddal_gpio_ccmon_agent &gt; /dev/null&quot; ==&gt; done OK retw=0
CLI_OUTPUT: /Target1/gpio/get sw_info
CLI_OUTPUT: ret /Target1/gpio/get sw_info ==&gt; error 201 unknown dispatcher or agent
CLI_OUTPUT: /Target1/action load agent /opt/ccmon/ddal_gpio_ccmon_agent gpio
CLI_OUTPUT: ret /Target1/action load agent /opt/ccmon/ddal_gpio_ccmon_agent gpio ==&gt; done OK
CLI_OUTPUT: /Target1/gpio/action init gpio
CLI_OUTPUT: ret /Target1/gpio/action init gpio ==&gt; done OK
CLI_OUTPUT: /Target1/cmd/action cmd &quot;ls /opt/ccmon/ddal_ctrl_ccmon_agent &gt; /dev/null&quot;
CLI_OUTPUT: ret /Target1/cmd/action cmd &quot;ls /opt/ccmon/ddal_ctrl_ccmon_agent &gt; /dev/null&quot; ==&gt; done OK retw=0
CLI_OUTPUT: /Target1/ctrl/get sw_info
CLI_OUTPUT: ret /Target1/ctrl/get sw_info ==&gt; error 201 unknown dispatcher or agent
CLI_OUTPUT: /Target1/action load agent /opt/ccmon/ddal_ctrl_ccmon_agent ctrl
CLI_OUTPUT: ret /Target1/action load agent /opt/ccmon/ddal_ctrl_ccmon_agent ctrl ==&gt; done OK
CLI_OUTPUT: /Target1/ctrl/action init ctrl
CLI_OUTPUT: ret /Target1/ctrl/action init ctrl ==&gt; done OK
CLI_OUTPUT: /Target1/cmd/action cmd &quot;ls /opt/ccmon/ddal_register_ccmon_agent &gt; /dev/null&quot;
CLI_OUTPUT: ret /Target1/cmd/action cmd &quot;ls /opt/ccmon/ddal_register_ccmon_agent &gt; /dev/null&quot; ==&gt; done OK retw=0
CLI_OUTPUT: /Target1/register/get sw_info
CLI_OUTPUT: ret /Target1/register/get sw_info ==&gt; error 201 unknown dispatcher or agent
CLI_OUTPUT: /Target1/action load agent /opt/ccmon/ddal_register_ccmon_agent register
CLI_OUTPUT: ret /Target1/action load agent /opt/ccmon/ddal_register_ccmon_agent register ==&gt; done OK
CLI_OUTPUT: /Target1/register/action init register
CLI_OUTPUT: ret /Target1/register/action init register ==&gt; done OK
SCR_OUTPUT: ----------------- TARGET DEFAULT INIT DONE -----------------
SCR_OUTPUT: ##### Test Case End: TC_03100_005 PASSED (0)
</system-out>
</testcase>

<testcase classname="HW_03130_basic_pwrmon_tests" name="TC_03130_001 successful ddal_pwrmon_get_vmon_status calls" time="1">
<system-out>
SCR_OUTPUT: ##### Test Case Start: TC_03130_001  successful ddal_pwrmon_get_vmon_status calls
CLI_OUTPUT: /Target1/powermon/action ddal_pwrmon_get_vmon_status
CLI_OUTPUT: ret /Target1/powermon/action ddal_pwrmon_get_vmon_status ==&gt; done OK retv 0 vmon_status 262143
SCR_OUTPUT: ##### Test Case End: TC_03130_001 PASSED (0)
</system-out>
</testcase>

<testcase classname="HW_03130_basic_pwrmon_tests" name="TC_03130_002 successful ddal_pwrmon_get_output_status calls" time="1">
<system-out>
SCR_OUTPUT: ##### Test Case Start: TC_03130_002  successful ddal_pwrmon_get_output_status calls
CLI_OUTPUT: /Target1/powermon/action ddal_pwrmon_get_output_status
CLI_OUTPUT: ret /Target1/powermon/action ddal_pwrmon_get_output_status ==&gt; done OK retv 0 output_status 16744735
SCR_OUTPUT: ##### Test Case End: TC_03130_002 PASSED (0)
</system-out>
</testcase>

<testcase classname="HW_03130_basic_pwrmon_tests" name="TC_03130_003 successful ddal_pwrmon_get_input_status calls" time="1">
<system-out>
SCR_OUTPUT: ##### Test Case Start: TC_03130_003  successful ddal_pwrmon_get_input_status calls
CLI_OUTPUT: /Target1/powermon/action ddal_pwrmon_get_input_status
CLI_OUTPUT: ret /Target1/powermon/action ddal_pwrmon_get_input_status ==&gt; done OK retv 0 input_status 221
SCR_OUTPUT: ##### Test Case End: TC_03130_003 PASSED (0)
</system-out>
</testcase>

<testcase classname="HW_03130_basic_pwrmon_tests" name="TC_03130_004 successful ddal_pwrmon_get_adc_value calls" time="1">
<system-out>
SCR_OUTPUT: ##### Test Case Start: TC_03130_004  successful ddal_pwrmon_get_adc_value calls
CLI_OUTPUT: /Target1/powermon/action ddal_pwrmon_get_adc_value VMON_01 ATTN_2_MV
CLI_OUTPUT: ret /Target1/powermon/action ddal_pwrmon_get_adc_value VMON_01 ATTN_2_MV ==&gt; done OK retv 0 adc_value 65359
CLI_OUTPUT: /Target1/powermon/action ddal_pwrmon_get_adc_value VMON_01 ATTN_6_MV
CLI_OUTPUT: ret /Target1/powermon/action ddal_pwrmon_get_adc_value VMON_01 ATTN_6_MV ==&gt; done OK retv 0 adc_value 65375
CLI_OUTPUT: /Target1/powermon/action ddal_pwrmon_get_adc_value VMON_02 ATTN_2_MV
CLI_OUTPUT: ret /Target1/powermon/action ddal_pwrmon_get_adc_value VMON_02 ATTN_2_MV ==&gt; done OK retv 0 adc_value 65311
CLI_OUTPUT: /Target1/powermon/action ddal_pwrmon_get_adc_value VMON_02 ATTN_6_MV
CLI_OUTPUT: ret /Target1/powermon/action ddal_pwrmon_get_adc_value VMON_02 ATTN_6_MV ==&gt; done OK retv 0 adc_value 65327
CLI_OUTPUT: /Target1/powermon/action ddal_pwrmon_get_adc_value VMON_03 ATTN_2_MV
CLI_OUTPUT: ret /Target1/powermon/action ddal_pwrmon_get_adc_value VMON_03 ATTN_2_MV ==&gt; done OK retv 0 adc_value 65311
CLI_OUTPUT: /Target1/powermon/action ddal_pwrmon_get_adc_value VMON_03 ATTN_6_MV
CLI_OUTPUT: ret /Target1/powermon/action ddal_pwrmon_get_adc_value VMON_03 ATTN_6_MV ==&gt; done OK retv 0 adc_value 65311
CLI_OUTPUT: /Target1/powermon/action ddal_pwrmon_get_adc_value VMON_04 ATTN_2_MV
CLI_OUTPUT: ret /Target1/powermon/action ddal_pwrmon_get_adc_value VMON_04 ATTN_2_MV ==&gt; done OK retv 0 adc_value 65343
CLI_OUTPUT: /Target1/powermon/action ddal_pwrmon_get_adc_value VMON_04 ATTN_6_MV
CLI_OUTPUT: ret /Target1/powermon/action ddal_pwrmon_get_adc_value VMON_04 ATTN_6_MV ==&gt; done OK retv 0 adc_value 65359
CLI_OUTPUT: /Target1/powermon/action ddal_pwrmon_get_adc_value VMON_05 ATTN_2_MV
CLI_OUTPUT: ret /Target1/powermon/action ddal_pwrmon_get_adc_value VMON_05 ATTN_2_MV ==&gt; done OK retv 0 adc_value 65535
CLI_OUTPUT: /Target1/powermon/action ddal_pwrmon_get_adc_value VMON_05 ATTN_6_MV
CLI_OUTPUT: ret /Target1/powermon/action ddal_pwrmon_get_adc_value VMON_05 ATTN_6_MV ==&gt; done OK retv 0 adc_value 65343
CLI_OUTPUT: /Target1/powermon/action ddal_pwrmon_get_adc_value VMON_06 ATTN_2_MV
CLI_OUTPUT: ret /Target1/powermon/action ddal_pwrmon_get_adc_value VMON_06 ATTN_2_MV ==&gt; done OK retv 0 adc_value 65535
CLI_OUTPUT: /Target1/powermon/action ddal_pwrmon_get_adc_value VMON_06 ATTN_6_MV
CLI_OUTPUT: ret /Target1/powermon/action ddal_pwrmon_get_adc_value VMON_06 ATTN_6_MV ==&gt; done OK retv 0 adc_value 65439
CLI_OUTPUT: /Target1/powermon/action ddal_pwrmon_get_adc_value VMON_07 ATTN_2_MV
CLI_OUTPUT: ret /Target1/powermon/action ddal_pwrmon_get_adc_value VMON_07 ATTN_2_MV ==&gt; done OK retv 0 adc_value 65535
CLI_OUTPUT: /Target1/powermon/action ddal_pwrmon_get_adc_value VMON_07 ATTN_6_MV
CLI_OUTPUT: ret /Target1/powermon/action ddal_pwrmon_get_adc_value VMON_07 ATTN_6_MV ==&gt; done OK retv 0 adc_value 65375
CLI_OUTPUT: /Target1/powermon/action ddal_pwrmon_get_adc_value VMON_08 ATTN_2_MV
CLI_OUTPUT: ret /Target1/powermon/action ddal_pwrmon_get_adc_value VMON_08 ATTN_2_MV ==&gt; done OK retv 0 adc_value 65359
CLI_OUTPUT: /Target1/powermon/action ddal_pwrmon_get_adc_value VMON_08 ATTN_6_MV
CLI_OUTPUT: ret /Target1/powermon/action ddal_pwrmon_get_adc_value VMON_08 ATTN_6_MV ==&gt; done OK retv 0 adc_value 65375
CLI_OUTPUT: /Target1/powermon/action ddal_pwrmon_get_adc_value VMON_09 ATTN_2_MV
CLI_OUTPUT: ret /Target1/powermon/action ddal_pwrmon_get_adc_value VMON_09 ATTN_2_MV ==&gt; done OK retv 0 adc_value 65503
CLI_OUTPUT: /Target1/powermon/action ddal_pwrmon_get_adc_value VMON_09 ATTN_6_MV
CLI_OUTPUT: ret /Target1/powermon/action ddal_pwrmon_get_adc_value VMON_09 ATTN_6_MV ==&gt; done OK retv 0 adc_value 65503
CLI_OUTPUT: /Target1/powermon/action ddal_pwrmon_get_adc_value VMON_10 ATTN_2_MV
CLI_OUTPUT: ret /Target1/powermon/action ddal_pwrmon_get_adc_value VMON_10 ATTN_2_MV ==&gt; done OK retv 0 adc_value 65311
CLI_OUTPUT: /Target1/powermon/action ddal_pwrmon_get_adc_value VMON_10 ATTN_6_MV
CLI_OUTPUT: ret /Target1/powermon/action ddal_pwrmon_get_adc_value VMON_10 ATTN_6_MV ==&gt; done OK retv 0 adc_value 65295
CLI_OUTPUT: /Target1/powermon/action ddal_pwrmon_get_adc_value VMON_11 ATTN_2_MV
CLI_OUTPUT: ret /Target1/powermon/action ddal_pwrmon_get_adc_value VMON_11 ATTN_2_MV ==&gt; done OK retv 0 adc_value 65295
CLI_OUTPUT: /Target1/powermon/action ddal_pwrmon_get_adc_value VMON_11 ATTN_6_MV
CLI_OUTPUT: ret /Target1/powermon/action ddal_pwrmon_get_adc_value VMON_11 ATTN_6_MV ==&gt; done OK retv 0 adc_value 65295
CLI_OUTPUT: /Target1/powermon/action ddal_pwrmon_get_adc_value VMON_12 ATTN_2_MV
CLI_OUTPUT: ret /Target1/powermon/action ddal_pwrmon_get_adc_value VMON_12 ATTN_2_MV ==&gt; done OK retv 0 adc_value 65295
CLI_OUTPUT: /Target1/powermon/action ddal_pwrmon_get_adc_value VMON_12 ATTN_6_MV
CLI_OUTPUT: ret /Target1/powermon/action ddal_pwrmon_get_adc_value VMON_12 ATTN_6_MV ==&gt; done OK retv 0 adc_value 65295
CLI_OUTPUT: /Target1/powermon/action ddal_pwrmon_get_adc_value VCCA ATTN_2_MV
CLI_OUTPUT: ret /Target1/powermon/action ddal_pwrmon_get_adc_value VCCA ATTN_2_MV ==&gt; done OK retv 0 adc_value 65423
CLI_OUTPUT: /Target1/powermon/action ddal_pwrmon_get_adc_value VCCA ATTN_6_MV
CLI_OUTPUT: ret /Target1/powermon/action ddal_pwrmon_get_adc_value VCCA ATTN_6_MV ==&gt; done OK retv 0 adc_value 65423
CLI_OUTPUT: /Target1/powermon/action ddal_pwrmon_get_adc_value VCCINP ATTN_2_MV
CLI_OUTPUT: ret /Target1/powermon/action ddal_pwrmon_get_adc_value VCCINP ATTN_2_MV ==&gt; done OK retv 0 adc_value 65471
CLI_OUTPUT: /Target1/powermon/action ddal_pwrmon_get_adc_value VCCINP ATTN_6_MV
CLI_OUTPUT: ret /Target1/powermon/action ddal_pwrmon_get_adc_value VCCINP ATTN_6_MV ==&gt; done OK retv 0 adc_value 65423
SCR_OUTPUT: ##### Test Case End: TC_03130_004 PASSED (0)
</system-out>
</testcase>

<testcase classname="HW_03130_basic_pwrmon_tests" name="TC_03130_005 ddal_pwrmon_get_adc_value range check" time="1">
<system-out>
SCR_OUTPUT: ##### Test Case Start: TC_03130_005  ddal_pwrmon_get_adc_value range check
CLI_OUTPUT: /Target1/powermon/action ddal_pwrmon_get_adc_value BAD_VALUE ATTN_2_MV
CLI_OUTPUT: ret /Target1/powermon/action ddal_pwrmon_get_adc_value BAD_VALUE ATTN_2_MV ==&gt; done fail retv -22 errstr Invalid argument
CLI_OUTPUT: /Target1/powermon/action ddal_pwrmon_get_adc_value VMON_01 BAD_VALUE
CLI_OUTPUT: ret /Target1/powermon/action ddal_pwrmon_get_adc_value VMON_01 BAD_VALUE ==&gt; done fail retv -22 errstr Invalid argument
CLI_OUTPUT: /Target1/powermon/action ddal_pwrmon_get_adc_value BAD_VALUE BAD_VALUE
CLI_OUTPUT: ret /Target1/powermon/action ddal_pwrmon_get_adc_value BAD_VALUE BAD_VALUE ==&gt; done fail retv -22 errstr Invalid argument
SCR_OUTPUT: ##### Test Case End: TC_03130_005 PASSED (0)
</system-out>
</testcase>

<testcase classname="HW_03130_basic_pwrmon_tests" name="TC_03130_006 successful ddal_pwrmon_get_ues calls" time="1">
<system-out>
SCR_OUTPUT: ##### Test Case Start: TC_03130_006  successful ddal_pwrmon_get_ues calls
CLI_OUTPUT: /Target1/powermon/action ddal_pwrmon_get_ues
CLI_OUTPUT: ret /Target1/powermon/action ddal_pwrmon_get_ues ==&gt; done OK retv 0 ues -1
SCR_OUTPUT: ##### Test Case End: TC_03130_006 PASSED (0)
</system-out>
</testcase>

<testcase classname="HW_03130_basic_pwrmon_tests" name="TC_03130_007 successful ddal_pwrmon_get_gp_out calls" time="1">
<system-out>
SCR_OUTPUT: ##### Test Case Start: TC_03130_007  successful ddal_pwrmon_get_gp_out calls
CLI_OUTPUT: /Target1/powermon/action ddal_pwrmon_get_gp_out
CLI_OUTPUT: ret /Target1/powermon/action ddal_pwrmon_get_gp_out ==&gt; done OK retv 0 gp_out 15728656
SCR_OUTPUT: ##### Test Case End: TC_03130_007 PASSED (0)
</system-out>
</testcase>

<testcase classname="HW_03130_basic_pwrmon_tests" name="TC_03130_008 successful ddal_pwrmon_get_input_value calls" time="1">
<system-out>
SCR_OUTPUT: ##### Test Case Start: TC_03130_008  successful ddal_pwrmon_get_input_value calls
CLI_OUTPUT: /Target1/powermon/action ddal_pwrmon_get_input_value
CLI_OUTPUT: ret /Target1/powermon/action ddal_pwrmon_get_input_value ==&gt; done OK retv 0 input_value 221
SCR_OUTPUT: ##### Test Case End: TC_03130_008 PASSED (0)
</system-out>
</testcase>

<testcase classname="HW_03130_basic_pwrmon_tests" name="TC_03130_009 successful ddal_pwrmon_set_input_value calls" time="1">
<system-out>
SCR_OUTPUT: ##### Test Case Start: TC_03130_009  successful ddal_pwrmon_set_input_value calls
SCR_OUTPUT: test of ddal_pwrmon_set_input_value calls skipped due to unknown system effects
SCR_OUTPUT: ##### Test Case End: TC_03130_009 PASSED (0)
</system-out>
</testcase>

<testcase classname="HW_03130_basic_pwrmon_tests" name="TC_03130_010 ddal_pwrmon_set_input_value range check" time="1">
<system-out>
SCR_OUTPUT: ##### Test Case Start: TC_03130_010  ddal_pwrmon_set_input_value range check
SCR_OUTPUT: test of ddal_pwrmon_set_input_value range checks skipped due to unknown system effects
SCR_OUTPUT: ##### Test Case End: TC_03130_010 PASSED (0)
</system-out>
</testcase>

<testcase classname="HW_03130_basic_pwrmon_tests" name="TC_03130_011 successful ddal_pwrmon_reset call" time="1">
<system-out>
SCR_OUTPUT: ##### Test Case Start: TC_03130_011  successful ddal_pwrmon_reset call
SCR_OUTPUT: test of ddal_pwrmon_set_input_value as system will do power cycle on success
SCR_OUTPUT: ##### Test Case End: TC_03130_011 PASSED (0)
</system-out>
</testcase>

<testcase classname="HW_03130_basic_pwrmon_tests" name="TC_03130_012 successful ddal_pwrmon_get_trim calls" time="1">
<system-out>
SCR_OUTPUT: ##### Test Case Start: TC_03130_012  successful ddal_pwrmon_get_trim calls
CLI_OUTPUT: /Target1/powermon/action ddal_pwrmon_get_trim 1
CLI_OUTPUT: ret /Target1/powermon/action ddal_pwrmon_get_trim 1 ==&gt; done OK retv 0 trim_1 0
CLI_OUTPUT: /Target1/powermon/action ddal_pwrmon_get_trim 2
CLI_OUTPUT: ret /Target1/powermon/action ddal_pwrmon_get_trim 2 ==&gt; done OK retv 0 trim_2 0
CLI_OUTPUT: /Target1/powermon/action ddal_pwrmon_get_trim 3
CLI_OUTPUT: ret /Target1/powermon/action ddal_pwrmon_get_trim 3 ==&gt; done OK retv 0 trim_3 0
CLI_OUTPUT: /Target1/powermon/action ddal_pwrmon_get_trim 4
CLI_OUTPUT: ret /Target1/powermon/action ddal_pwrmon_get_trim 4 ==&gt; done OK retv 0 trim_4 0
CLI_OUTPUT: /Target1/powermon/action ddal_pwrmon_get_trim 5
CLI_OUTPUT: ret /Target1/powermon/action ddal_pwrmon_get_trim 5 ==&gt; done OK retv 0 trim_5 0
CLI_OUTPUT: /Target1/powermon/action ddal_pwrmon_get_trim 6
CLI_OUTPUT: ret /Target1/powermon/action ddal_pwrmon_get_trim 6 ==&gt; done OK retv 0 trim_6 0
CLI_OUTPUT: /Target1/powermon/action ddal_pwrmon_get_trim 7
CLI_OUTPUT: ret /Target1/powermon/action ddal_pwrmon_get_trim 7 ==&gt; done OK retv 0 trim_7 0
CLI_OUTPUT: /Target1/powermon/action ddal_pwrmon_get_trim 8
CLI_OUTPUT: ret /Target1/powermon/action ddal_pwrmon_get_trim 8 ==&gt; done OK retv 0 trim_8 0
SCR_OUTPUT: ##### Test Case End: TC_03130_012 PASSED (0)
</system-out>
</testcase>

<testcase classname="HW_03130_basic_pwrmon_tests" name="TC_03130_013 ddal_pwrmon_get_trim range check" time="1">
<system-out>
SCR_OUTPUT: ##### Test Case Start: TC_03130_013  ddal_pwrmon_get_trim range check
CLI_OUTPUT: /Target1/powermon/action ddal_pwrmon_get_trim BAD_VALUE
CLI_OUTPUT: ret /Target1/powermon/action ddal_pwrmon_get_trim BAD_VALUE ==&gt; done fail retv -22 errstr Invalid argument
SCR_OUTPUT: ##### Test Case End: TC_03130_013 PASSED (0)
</system-out>
</testcase>

<testcase classname="HW_03130_basic_pwrmon_tests" name="TC_03130_014 successful ddal_pwrmon_set_trim calls" time="1">
<system-out>
SCR_OUTPUT: ##### Test Case Start: TC_03130_014  successful ddal_pwrmon_set_trim calls
SCR_OUTPUT: test of ddal_pwrmon_set_trim calls skipped due to unknown system effects
SCR_OUTPUT: ##### Test Case End: TC_03130_014 PASSED (0)
</system-out>
</testcase>

<testcase classname="HW_03130_basic_pwrmon_tests" name="TC_03130_015 ddal_pwrmon_set_trim range check" time="1">
<system-out>
SCR_OUTPUT: ##### Test Case Start: TC_03130_015  ddal_pwrmon_set_trim range check
SCR_OUTPUT: test of ddal_pwrmon_set_trim range checks skipped due to unknown system effects
SCR_OUTPUT: ##### Test Case End: TC_03130_015 PASSED (0)
</system-out>
</testcase>

<testcase classname="HW_03150_basic_fsp_hwid_tests" name="TC_03150_001 successful ddal_fsp_hwid_get calls" time="1">
<system-out>
SCR_OUTPUT: ##### Test Case Start: TC_03150_001  successful ddal_fsp_hwid_get calls
CLI_OUTPUT: /Target1/temperature/action ddal_temp_get_list
CLI_OUTPUT: ret /Target1/temperature/action ddal_temp_get_list ==&gt; done OK FCM1 FCM2 FSP3
SCR_OUTPUT: Doing test with IDs DDAL_FSPHWID_3
CLI_OUTPUT: /Target1/fsp_hwid/action ddal_fsp_hwid_get DDAL_FSPHWID_3
CLI_OUTPUT: ret /Target1/fsp_hwid/action ddal_fsp_hwid_get DDAL_FSPHWID_3 ==&gt; done OK retv 0 hwid 242
SCR_OUTPUT: ##### Test Case End: TC_03150_001 PASSED (0)
</system-out>
</testcase>

<testcase classname="HW_03150_basic_fsp_hwid_tests" name="TC_03150_002 ddal_fsp_hwid_get range check" time="1">
<system-out>
SCR_OUTPUT: ##### Test Case Start: TC_03150_002  ddal_fsp_hwid_get range check
CLI_OUTPUT: /Target1/fsp_hwid/action ddal_fsp_hwid_get BAD_VALUE
CLI_OUTPUT: ret /Target1/fsp_hwid/action ddal_fsp_hwid_get BAD_VALUE ==&gt; done fail retv -22 errstr Invalid argument
SCR_OUTPUT: ##### Test Case End: TC_03150_002 PASSED (0)
</system-out>
</testcase>

<testcase classname="HW_03160_basic_ext_alarm_tests" name="TC_03160_001 successful ddal_genesis_get_cfg calls" time="1">
<system-out>
SCR_OUTPUT: ##### Test Case Start: TC_03160_001  successful ddal_genesis_get_cfg calls
CLI_OUTPUT: /Target1/ext_alarm/action ddal_ext_alarm_get
CLI_OUTPUT: ret /Target1/ext_alarm/action ddal_ext_alarm_get ==&gt; error 303 unknown qualifier
SCR_OUTPUT: ##### Test Case End: TC_03160_001 PASSED (0)
</system-out>
</testcase>

<testcase classname="HW_03170_basic_custom_out_tests" name="TC_03170_001 successful ddal_custom_out_bitgroup_get calls" time="1">
<system-out>
SCR_OUTPUT: ##### Test Case Start: TC_03170_001  successful ddal_custom_out_bitgroup_get calls
CLI_OUTPUT: /Target1/custom_out/action ddal_custom_out_bitgroup_get
CLI_OUTPUT: ret /Target1/custom_out/action ddal_custom_out_bitgroup_get ==&gt; done OK 6 1 2 4 8 16 32
SCR_OUTPUT: ##### Test Case End: TC_03170_001 PASSED (0)
</system-out>
</testcase>

<testcase classname="HW_03170_basic_custom_out_tests" name="TC_03170_002 successful ddal_custom_out_bitgroup_set calls" time="1">
<system-out>
SCR_OUTPUT: ##### Test Case Start: TC_03170_002  successful ddal_custom_out_bitgroup_set calls
CLI_OUTPUT: /Target1/custom_out/action ddal_custom_out_bitgroup_set 1 2 4 8 16 32
CLI_OUTPUT: ret /Target1/custom_out/action ddal_custom_out_bitgroup_set 1 2 4 8 16 32 ==&gt; done OK retv 0
CLI_OUTPUT: /Target1/custom_out/action ddal_custom_out_bitgroup_get
CLI_OUTPUT: ret /Target1/custom_out/action ddal_custom_out_bitgroup_get ==&gt; done OK 6 1 2 4 8 16 32
CLI_OUTPUT: /Target1/custom_out/action ddal_custom_out_bitgroup_set 32 16 8 4 2 1
CLI_OUTPUT: ret /Target1/custom_out/action ddal_custom_out_bitgroup_set 32 16 8 4 2 1 ==&gt; done OK retv 0
CLI_OUTPUT: /Target1/custom_out/action ddal_custom_out_bitgroup_get
CLI_OUTPUT: ret /Target1/custom_out/action ddal_custom_out_bitgroup_get ==&gt; done OK 6 32 16 8 4 2 1
CLI_OUTPUT: /Target1/custom_out/action ddal_custom_out_bitgroup_set 0 3 12 48 0 0
CLI_OUTPUT: ret /Target1/custom_out/action ddal_custom_out_bitgroup_set 0 3 12 48 0 0 ==&gt; done OK retv 0
CLI_OUTPUT: /Target1/custom_out/action ddal_custom_out_bitgroup_get
CLI_OUTPUT: ret /Target1/custom_out/action ddal_custom_out_bitgroup_get ==&gt; done OK 6 0 3 12 48 0 0
CLI_OUTPUT: /Target1/custom_out/action ddal_custom_out_bitgroup_set 33 0 18 0 12 0
CLI_OUTPUT: ret /Target1/custom_out/action ddal_custom_out_bitgroup_set 33 0 18 0 12 0 ==&gt; done OK retv 0
CLI_OUTPUT: /Target1/custom_out/action ddal_custom_out_bitgroup_get
CLI_OUTPUT: ret /Target1/custom_out/action ddal_custom_out_bitgroup_get ==&gt; done OK 6 33 0 18 0 12 0
CLI_OUTPUT: /Target1/custom_out/action ddal_custom_out_bitgroup_set 0 0 0 0 0 0
CLI_OUTPUT: ret /Target1/custom_out/action ddal_custom_out_bitgroup_set 0 0 0 0 0 0 ==&gt; done OK retv 0
CLI_OUTPUT: /Target1/custom_out/action ddal_custom_out_bitgroup_get
CLI_OUTPUT: ret /Target1/custom_out/action ddal_custom_out_bitgroup_get ==&gt; done OK 6 0 0 0 0 0 0
CLI_OUTPUT: /Target1/custom_out/action ddal_custom_out_bitgroup_set 0 0 63 0 0 0
CLI_OUTPUT: ret /Target1/custom_out/action ddal_custom_out_bitgroup_set 0 0 63 0 0 0 ==&gt; done OK retv 0
CLI_OUTPUT: /Target1/custom_out/action ddal_custom_out_bitgroup_get
CLI_OUTPUT: ret /Target1/custom_out/action ddal_custom_out_bitgroup_get ==&gt; done OK 6 0 0 63 0 0 0
SCR_OUTPUT: ##### Test Case End: TC_03170_002 PASSED (0)
</system-out>
</testcase>

<testcase classname="HW_03170_basic_custom_out_tests" name="TC_03170_003 ddal_custom_out_bitgroup_set range check" time="1">
<system-out>
SCR_OUTPUT: ##### Test Case Start: TC_03170_003  ddal_custom_out_bitgroup_set range check
CLI_OUTPUT: /Target1/custom_out/action ddal_custom_out_bitgroup_set 0 0 0 0 0 64
CLI_OUTPUT: ret /Target1/custom_out/action ddal_custom_out_bitgroup_set 0 0 0 0 0 64 ==&gt; done fail retv -22 errstr Invalid argument
CLI_OUTPUT: /Target1/custom_out/action ddal_custom_out_bitgroup_set 1 2 4 8 16 33
CLI_OUTPUT: ret /Target1/custom_out/action ddal_custom_out_bitgroup_set 1 2 4 8 16 33 ==&gt; done fail retv -22 errstr Invalid argument
CLI_OUTPUT: /Target1/custom_out/action ddal_custom_out_bitgroup_set 1 2 4 32 32 32
CLI_OUTPUT: ret /Target1/custom_out/action ddal_custom_out_bitgroup_set 1 2 4 32 32 32 ==&gt; done fail retv -22 errstr Invalid argument
SCR_OUTPUT: ##### Test Case End: TC_03170_003 PASSED (0)
</system-out>
</testcase>

<testcase classname="HW_03170_basic_custom_out_tests" name="TC_03170_004 successful ddal_custom_out_set calls" time="1">
<system-out>
SCR_OUTPUT: ##### Test Case Start: TC_03170_004  successful ddal_custom_out_set calls
CLI_OUTPUT: /Target1/custom_out/action ddal_custom_out_bitgroup_set 1 2 4 8 16 32
CLI_OUTPUT: ret /Target1/custom_out/action ddal_custom_out_bitgroup_set 1 2 4 8 16 32 ==&gt; done OK retv 0
CLI_OUTPUT: /Target1/custom_out/action ddal_custom_out_set OUT_0 0
CLI_OUTPUT: ret /Target1/custom_out/action ddal_custom_out_set OUT_0 0 ==&gt; done OK retv 0
CLI_OUTPUT: /Target1/custom_out/action ddal_custom_out_set OUT_0 1
CLI_OUTPUT: ret /Target1/custom_out/action ddal_custom_out_set OUT_0 1 ==&gt; done OK retv 0
CLI_OUTPUT: /Target1/custom_out/action ddal_custom_out_set OUT_1 0
CLI_OUTPUT: ret /Target1/custom_out/action ddal_custom_out_set OUT_1 0 ==&gt; done OK retv 0
CLI_OUTPUT: /Target1/custom_out/action ddal_custom_out_set OUT_1 1
CLI_OUTPUT: ret /Target1/custom_out/action ddal_custom_out_set OUT_1 1 ==&gt; done OK retv 0
CLI_OUTPUT: /Target1/custom_out/action ddal_custom_out_set OUT_2 0
CLI_OUTPUT: ret /Target1/custom_out/action ddal_custom_out_set OUT_2 0 ==&gt; done OK retv 0
CLI_OUTPUT: /Target1/custom_out/action ddal_custom_out_set OUT_2 1
CLI_OUTPUT: ret /Target1/custom_out/action ddal_custom_out_set OUT_2 1 ==&gt; done OK retv 0
CLI_OUTPUT: /Target1/custom_out/action ddal_custom_out_set OUT_3 0
CLI_OUTPUT: ret /Target1/custom_out/action ddal_custom_out_set OUT_3 0 ==&gt; done OK retv 0
CLI_OUTPUT: /Target1/custom_out/action ddal_custom_out_set OUT_3 1
CLI_OUTPUT: ret /Target1/custom_out/action ddal_custom_out_set OUT_3 1 ==&gt; done OK retv 0
CLI_OUTPUT: /Target1/custom_out/action ddal_custom_out_set OUT_4 0
CLI_OUTPUT: ret /Target1/custom_out/action ddal_custom_out_set OUT_4 0 ==&gt; done OK retv 0
CLI_OUTPUT: /Target1/custom_out/action ddal_custom_out_set OUT_4 1
CLI_OUTPUT: ret /Target1/custom_out/action ddal_custom_out_set OUT_4 1 ==&gt; done OK retv 0
CLI_OUTPUT: /Target1/custom_out/action ddal_custom_out_set OUT_5 0
CLI_OUTPUT: ret /Target1/custom_out/action ddal_custom_out_set OUT_5 0 ==&gt; done OK retv 0
CLI_OUTPUT: /Target1/custom_out/action ddal_custom_out_set OUT_5 1
CLI_OUTPUT: ret /Target1/custom_out/action ddal_custom_out_set OUT_5 1 ==&gt; done OK retv 0
CLI_OUTPUT: /Target1/custom_out/action ddal_custom_out_bitgroup_set 2 4 8 16 33 0
CLI_OUTPUT: ret /Target1/custom_out/action ddal_custom_out_bitgroup_set 2 4 8 16 33 0 ==&gt; done OK retv 0
CLI_OUTPUT: /Target1/custom_out/action ddal_custom_out_set OUT_0 0
CLI_OUTPUT: ret /Target1/custom_out/action ddal_custom_out_set OUT_0 0 ==&gt; done OK retv 0
CLI_OUTPUT: /Target1/custom_out/action ddal_custom_out_set OUT_0 1
CLI_OUTPUT: ret /Target1/custom_out/action ddal_custom_out_set OUT_0 1 ==&gt; done OK retv 0
CLI_OUTPUT: /Target1/custom_out/action ddal_custom_out_set OUT_1 0
CLI_OUTPUT: ret /Target1/custom_out/action ddal_custom_out_set OUT_1 0 ==&gt; done OK retv 0
CLI_OUTPUT: /Target1/custom_out/action ddal_custom_out_set OUT_1 1
CLI_OUTPUT: ret /Target1/custom_out/action ddal_custom_out_set OUT_1 1 ==&gt; done OK retv 0
CLI_OUTPUT: /Target1/custom_out/action ddal_custom_out_set OUT_2 0
CLI_OUTPUT: ret /Target1/custom_out/action ddal_custom_out_set OUT_2 0 ==&gt; done OK retv 0
CLI_OUTPUT: /Target1/custom_out/action ddal_custom_out_set OUT_2 1
CLI_OUTPUT: ret /Target1/custom_out/action ddal_custom_out_set OUT_2 1 ==&gt; done OK retv 0
CLI_OUTPUT: /Target1/custom_out/action ddal_custom_out_set OUT_3 0
CLI_OUTPUT: ret /Target1/custom_out/action ddal_custom_out_set OUT_3 0 ==&gt; done OK retv 0
CLI_OUTPUT: /Target1/custom_out/action ddal_custom_out_set OUT_3 1
CLI_OUTPUT: ret /Target1/custom_out/action ddal_custom_out_set OUT_3 1 ==&gt; done OK retv 0
CLI_OUTPUT: /Target1/custom_out/action ddal_custom_out_set OUT_4 0
CLI_OUTPUT: ret /Target1/custom_out/action ddal_custom_out_set OUT_4 0 ==&gt; done OK retv 0
CLI_OUTPUT: /Target1/custom_out/action ddal_custom_out_set OUT_4 1
CLI_OUTPUT: ret /Target1/custom_out/action ddal_custom_out_set OUT_4 1 ==&gt; done OK retv 0
CLI_OUTPUT: /Target1/custom_out/action ddal_custom_out_set OUT_4 2
CLI_OUTPUT: ret /Target1/custom_out/action ddal_custom_out_set OUT_4 2 ==&gt; done OK retv 0
CLI_OUTPUT: /Target1/custom_out/action ddal_custom_out_set OUT_4 3
CLI_OUTPUT: ret /Target1/custom_out/action ddal_custom_out_set OUT_4 3 ==&gt; done OK retv 0
CLI_OUTPUT: /Target1/custom_out/action ddal_custom_out_bitgroup_set 0 33 0 24 0 6
CLI_OUTPUT: ret /Target1/custom_out/action ddal_custom_out_bitgroup_set 0 33 0 24 0 6 ==&gt; done OK retv 0
CLI_OUTPUT: /Target1/custom_out/action ddal_custom_out_set OUT_1 0
CLI_OUTPUT: ret /Target1/custom_out/action ddal_custom_out_set OUT_1 0 ==&gt; done OK retv 0
CLI_OUTPUT: /Target1/custom_out/action ddal_custom_out_set OUT_1 1
CLI_OUTPUT: ret /Target1/custom_out/action ddal_custom_out_set OUT_1 1 ==&gt; done OK retv 0
CLI_OUTPUT: /Target1/custom_out/action ddal_custom_out_set OUT_1 2
CLI_OUTPUT: ret /Target1/custom_out/action ddal_custom_out_set OUT_1 2 ==&gt; done OK retv 0
CLI_OUTPUT: /Target1/custom_out/action ddal_custom_out_set OUT_1 3
CLI_OUTPUT: ret /Target1/custom_out/action ddal_custom_out_set OUT_1 3 ==&gt; done OK retv 0
CLI_OUTPUT: /Target1/custom_out/action ddal_custom_out_set OUT_3 0
CLI_OUTPUT: ret /Target1/custom_out/action ddal_custom_out_set OUT_3 0 ==&gt; done OK retv 0
CLI_OUTPUT: /Target1/custom_out/action ddal_custom_out_set OUT_3 1
CLI_OUTPUT: ret /Target1/custom_out/action ddal_custom_out_set OUT_3 1 ==&gt; done OK retv 0
CLI_OUTPUT: /Target1/custom_out/action ddal_custom_out_set OUT_3 2
CLI_OUTPUT: ret /Target1/custom_out/action ddal_custom_out_set OUT_3 2 ==&gt; done OK retv 0
CLI_OUTPUT: /Target1/custom_out/action ddal_custom_out_set OUT_3 3
CLI_OUTPUT: ret /Target1/custom_out/action ddal_custom_out_set OUT_3 3 ==&gt; done OK retv 0
CLI_OUTPUT: /Target1/custom_out/action ddal_custom_out_set OUT_5 0
CLI_OUTPUT: ret /Target1/custom_out/action ddal_custom_out_set OUT_5 0 ==&gt; done OK retv 0
CLI_OUTPUT: /Target1/custom_out/action ddal_custom_out_set OUT_5 1
CLI_OUTPUT: ret /Target1/custom_out/action ddal_custom_out_set OUT_5 1 ==&gt; done OK retv 0
CLI_OUTPUT: /Target1/custom_out/action ddal_custom_out_set OUT_5 2
CLI_OUTPUT: ret /Target1/custom_out/action ddal_custom_out_set OUT_5 2 ==&gt; done OK retv 0
CLI_OUTPUT: /Target1/custom_out/action ddal_custom_out_set OUT_5 3
CLI_OUTPUT: ret /Target1/custom_out/action ddal_custom_out_set OUT_5 3 ==&gt; done OK retv 0
CLI_OUTPUT: /Target1/custom_out/action ddal_custom_out_bitgroup_set 0 0 0 0 63 0
CLI_OUTPUT: ret /Target1/custom_out/action ddal_custom_out_bitgroup_set 0 0 0 0 63 0 ==&gt; done OK retv 0
CLI_OUTPUT: /Target1/custom_out/action ddal_custom_out_set OUT_4 0
CLI_OUTPUT: ret /Target1/custom_out/action ddal_custom_out_set OUT_4 0 ==&gt; done OK retv 0
CLI_OUTPUT: /Target1/custom_out/action ddal_custom_out_set OUT_4 1
CLI_OUTPUT: ret /Target1/custom_out/action ddal_custom_out_set OUT_4 1 ==&gt; done OK retv 0
CLI_OUTPUT: /Target1/custom_out/action ddal_custom_out_set OUT_4 2
CLI_OUTPUT: ret /Target1/custom_out/action ddal_custom_out_set OUT_4 2 ==&gt; done OK retv 0
CLI_OUTPUT: /Target1/custom_out/action ddal_custom_out_set OUT_4 3
CLI_OUTPUT: ret /Target1/custom_out/action ddal_custom_out_set OUT_4 3 ==&gt; done OK retv 0
CLI_OUTPUT: /Target1/custom_out/action ddal_custom_out_set OUT_4 4
CLI_OUTPUT: ret /Target1/custom_out/action ddal_custom_out_set OUT_4 4 ==&gt; done OK retv 0
CLI_OUTPUT: /Target1/custom_out/action ddal_custom_out_set OUT_4 5
CLI_OUTPUT: ret /Target1/custom_out/action ddal_custom_out_set OUT_4 5 ==&gt; done OK retv 0
CLI_OUTPUT: /Target1/custom_out/action ddal_custom_out_set OUT_4 6
CLI_OUTPUT: ret /Target1/custom_out/action ddal_custom_out_set OUT_4 6 ==&gt; done OK retv 0
CLI_OUTPUT: /Target1/custom_out/action ddal_custom_out_set OUT_4 7
CLI_OUTPUT: ret /Target1/custom_out/action ddal_custom_out_set OUT_4 7 ==&gt; done OK retv 0
CLI_OUTPUT: /Target1/custom_out/action ddal_custom_out_set OUT_4 8
CLI_OUTPUT: ret /Target1/custom_out/action ddal_custom_out_set OUT_4 8 ==&gt; done OK retv 0
CLI_OUTPUT: /Target1/custom_out/action ddal_custom_out_set OUT_4 9
CLI_OUTPUT: ret /Target1/custom_out/action ddal_custom_out_set OUT_4 9 ==&gt; done OK retv 0
CLI_OUTPUT: /Target1/custom_out/action ddal_custom_out_set OUT_4 10
CLI_OUTPUT: ret /Target1/custom_out/action ddal_custom_out_set OUT_4 10 ==&gt; done OK retv 0
CLI_OUTPUT: /Target1/custom_out/action ddal_custom_out_set OUT_4 11
CLI_OUTPUT: ret /Target1/custom_out/action ddal_custom_out_set OUT_4 11 ==&gt; done OK retv 0
CLI_OUTPUT: /Target1/custom_out/action ddal_custom_out_set OUT_4 12
CLI_OUTPUT: ret /Target1/custom_out/action ddal_custom_out_set OUT_4 12 ==&gt; done OK retv 0
CLI_OUTPUT: /Target1/custom_out/action ddal_custom_out_set OUT_4 13
CLI_OUTPUT: ret /Target1/custom_out/action ddal_custom_out_set OUT_4 13 ==&gt; done OK retv 0
CLI_OUTPUT: /Target1/custom_out/action ddal_custom_out_set OUT_4 14
CLI_OUTPUT: ret /Target1/custom_out/action ddal_custom_out_set OUT_4 14 ==&gt; done OK retv 0
CLI_OUTPUT: /Target1/custom_out/action ddal_custom_out_set OUT_4 15
CLI_OUTPUT: ret /Target1/custom_out/action ddal_custom_out_set OUT_4 15 ==&gt; done OK retv 0
CLI_OUTPUT: /Target1/custom_out/action ddal_custom_out_set OUT_4 16
CLI_OUTPUT: ret /Target1/custom_out/action ddal_custom_out_set OUT_4 16 ==&gt; done OK retv 0
CLI_OUTPUT: /Target1/custom_out/action ddal_custom_out_set OUT_4 17
CLI_OUTPUT: ret /Target1/custom_out/action ddal_custom_out_set OUT_4 17 ==&gt; done OK retv 0
CLI_OUTPUT: /Target1/custom_out/action ddal_custom_out_set OUT_4 18
CLI_OUTPUT: ret /Target1/custom_out/action ddal_custom_out_set OUT_4 18 ==&gt; done OK retv 0
CLI_OUTPUT: /Target1/custom_out/action ddal_custom_out_set OUT_4 19
CLI_OUTPUT: ret /Target1/custom_out/action ddal_custom_out_set OUT_4 19 ==&gt; done OK retv 0
CLI_OUTPUT: /Target1/custom_out/action ddal_custom_out_set OUT_4 20
CLI_OUTPUT: ret /Target1/custom_out/action ddal_custom_out_set OUT_4 20 ==&gt; done OK retv 0
CLI_OUTPUT: /Target1/custom_out/action ddal_custom_out_set OUT_4 21
CLI_OUTPUT: ret /Target1/custom_out/action ddal_custom_out_set OUT_4 21 ==&gt; done OK retv 0
CLI_OUTPUT: /Target1/custom_out/action ddal_custom_out_set OUT_4 22
CLI_OUTPUT: ret /Target1/custom_out/action ddal_custom_out_set OUT_4 22 ==&gt; done OK retv 0
CLI_OUTPUT: /Target1/custom_out/action ddal_custom_out_set OUT_4 23
CLI_OUTPUT: ret /Target1/custom_out/action ddal_custom_out_set OUT_4 23 ==&gt; done OK retv 0
CLI_OUTPUT: /Target1/custom_out/action ddal_custom_out_set OUT_4 24
CLI_OUTPUT: ret /Target1/custom_out/action ddal_custom_out_set OUT_4 24 ==&gt; done OK retv 0
CLI_OUTPUT: /Target1/custom_out/action ddal_custom_out_set OUT_4 25
CLI_OUTPUT: ret /Target1/custom_out/action ddal_custom_out_set OUT_4 25 ==&gt; done OK retv 0
CLI_OUTPUT: /Target1/custom_out/action ddal_custom_out_set OUT_4 26
CLI_OUTPUT: ret /Target1/custom_out/action ddal_custom_out_set OUT_4 26 ==&gt; done OK retv 0
CLI_OUTPUT: /Target1/custom_out/action ddal_custom_out_set OUT_4 27
CLI_OUTPUT: ret /Target1/custom_out/action ddal_custom_out_set OUT_4 27 ==&gt; done OK retv 0
CLI_OUTPUT: /Target1/custom_out/action ddal_custom_out_set OUT_4 28
CLI_OUTPUT: ret /Target1/custom_out/action ddal_custom_out_set OUT_4 28 ==&gt; done OK retv 0
CLI_OUTPUT: /Target1/custom_out/action ddal_custom_out_set OUT_4 29
CLI_OUTPUT: ret /Target1/custom_out/action ddal_custom_out_set OUT_4 29 ==&gt; done OK retv 0
CLI_OUTPUT: /Target1/custom_out/action ddal_custom_out_set OUT_4 30
CLI_OUTPUT: ret /Target1/custom_out/action ddal_custom_out_set OUT_4 30 ==&gt; done OK retv 0
CLI_OUTPUT: /Target1/custom_out/action ddal_custom_out_set OUT_4 31
CLI_OUTPUT: ret /Target1/custom_out/action ddal_custom_out_set OUT_4 31 ==&gt; done OK retv 0
CLI_OUTPUT: /Target1/custom_out/action ddal_custom_out_set OUT_4 32
CLI_OUTPUT: ret /Target1/custom_out/action ddal_custom_out_set OUT_4 32 ==&gt; done OK retv 0
CLI_OUTPUT: /Target1/custom_out/action ddal_custom_out_set OUT_4 33
CLI_OUTPUT: ret /Target1/custom_out/action ddal_custom_out_set OUT_4 33 ==&gt; done OK retv 0
CLI_OUTPUT: /Target1/custom_out/action ddal_custom_out_set OUT_4 34
CLI_OUTPUT: ret /Target1/custom_out/action ddal_custom_out_set OUT_4 34 ==&gt; done OK retv 0
CLI_OUTPUT: /Target1/custom_out/action ddal_custom_out_set OUT_4 35
CLI_OUTPUT: ret /Target1/custom_out/action ddal_custom_out_set OUT_4 35 ==&gt; done OK retv 0
CLI_OUTPUT: /Target1/custom_out/action ddal_custom_out_set OUT_4 36
CLI_OUTPUT: ret /Target1/custom_out/action ddal_custom_out_set OUT_4 36 ==&gt; done OK retv 0
CLI_OUTPUT: /Target1/custom_out/action ddal_custom_out_set OUT_4 37
CLI_OUTPUT: ret /Target1/custom_out/action ddal_custom_out_set OUT_4 37 ==&gt; done OK retv 0
CLI_OUTPUT: /Target1/custom_out/action ddal_custom_out_set OUT_4 38
CLI_OUTPUT: ret /Target1/custom_out/action ddal_custom_out_set OUT_4 38 ==&gt; done OK retv 0
CLI_OUTPUT: /Target1/custom_out/action ddal_custom_out_set OUT_4 39
CLI_OUTPUT: ret /Target1/custom_out/action ddal_custom_out_set OUT_4 39 ==&gt; done OK retv 0
CLI_OUTPUT: /Target1/custom_out/action ddal_custom_out_set OUT_4 40
CLI_OUTPUT: ret /Target1/custom_out/action ddal_custom_out_set OUT_4 40 ==&gt; done OK retv 0
CLI_OUTPUT: /Target1/custom_out/action ddal_custom_out_set OUT_4 41
CLI_OUTPUT: ret /Target1/custom_out/action ddal_custom_out_set OUT_4 41 ==&gt; done OK retv 0
CLI_OUTPUT: /Target1/custom_out/action ddal_custom_out_set OUT_4 42
CLI_OUTPUT: ret /Target1/custom_out/action ddal_custom_out_set OUT_4 42 ==&gt; done OK retv 0
CLI_OUTPUT: /Target1/custom_out/action ddal_custom_out_set OUT_4 43
CLI_OUTPUT: ret /Target1/custom_out/action ddal_custom_out_set OUT_4 43 ==&gt; done OK retv 0
CLI_OUTPUT: /Target1/custom_out/action ddal_custom_out_set OUT_4 44
CLI_OUTPUT: ret /Target1/custom_out/action ddal_custom_out_set OUT_4 44 ==&gt; done OK retv 0
CLI_OUTPUT: /Target1/custom_out/action ddal_custom_out_set OUT_4 45
CLI_OUTPUT: ret /Target1/custom_out/action ddal_custom_out_set OUT_4 45 ==&gt; done OK retv 0
CLI_OUTPUT: /Target1/custom_out/action ddal_custom_out_set OUT_4 46
CLI_OUTPUT: ret /Target1/custom_out/action ddal_custom_out_set OUT_4 46 ==&gt; done OK retv 0
CLI_OUTPUT: /Target1/custom_out/action ddal_custom_out_set OUT_4 47
CLI_OUTPUT: ret /Target1/custom_out/action ddal_custom_out_set OUT_4 47 ==&gt; done OK retv 0
CLI_OUTPUT: /Target1/custom_out/action ddal_custom_out_set OUT_4 48
CLI_OUTPUT: ret /Target1/custom_out/action ddal_custom_out_set OUT_4 48 ==&gt; done OK retv 0
CLI_OUTPUT: /Target1/custom_out/action ddal_custom_out_set OUT_4 49
CLI_OUTPUT: ret /Target1/custom_out/action ddal_custom_out_set OUT_4 49 ==&gt; done OK retv 0
CLI_OUTPUT: /Target1/custom_out/action ddal_custom_out_set OUT_4 50
CLI_OUTPUT: ret /Target1/custom_out/action ddal_custom_out_set OUT_4 50 ==&gt; done OK retv 0
CLI_OUTPUT: /Target1/custom_out/action ddal_custom_out_set OUT_4 51
CLI_OUTPUT: ret /Target1/custom_out/action ddal_custom_out_set OUT_4 51 ==&gt; done OK retv 0
CLI_OUTPUT: /Target1/custom_out/action ddal_custom_out_set OUT_4 52
CLI_OUTPUT: ret /Target1/custom_out/action ddal_custom_out_set OUT_4 52 ==&gt; done OK retv 0
CLI_OUTPUT: /Target1/custom_out/action ddal_custom_out_set OUT_4 53
CLI_OUTPUT: ret /Target1/custom_out/action ddal_custom_out_set OUT_4 53 ==&gt; done OK retv 0
CLI_OUTPUT: /Target1/custom_out/action ddal_custom_out_set OUT_4 54
CLI_OUTPUT: ret /Target1/custom_out/action ddal_custom_out_set OUT_4 54 ==&gt; done OK retv 0
CLI_OUTPUT: /Target1/custom_out/action ddal_custom_out_set OUT_4 55
CLI_OUTPUT: ret /Target1/custom_out/action ddal_custom_out_set OUT_4 55 ==&gt; done OK retv 0
CLI_OUTPUT: /Target1/custom_out/action ddal_custom_out_set OUT_4 56
CLI_OUTPUT: ret /Target1/custom_out/action ddal_custom_out_set OUT_4 56 ==&gt; done OK retv 0
CLI_OUTPUT: /Target1/custom_out/action ddal_custom_out_set OUT_4 57
CLI_OUTPUT: ret /Target1/custom_out/action ddal_custom_out_set OUT_4 57 ==&gt; done OK retv 0
CLI_OUTPUT: /Target1/custom_out/action ddal_custom_out_set OUT_4 58
CLI_OUTPUT: ret /Target1/custom_out/action ddal_custom_out_set OUT_4 58 ==&gt; done OK retv 0
CLI_OUTPUT: /Target1/custom_out/action ddal_custom_out_set OUT_4 59
CLI_OUTPUT: ret /Target1/custom_out/action ddal_custom_out_set OUT_4 59 ==&gt; done OK retv 0
CLI_OUTPUT: /Target1/custom_out/action ddal_custom_out_set OUT_4 60
CLI_OUTPUT: ret /Target1/custom_out/action ddal_custom_out_set OUT_4 60 ==&gt; done OK retv 0
CLI_OUTPUT: /Target1/custom_out/action ddal_custom_out_set OUT_4 61
CLI_OUTPUT: ret /Target1/custom_out/action ddal_custom_out_set OUT_4 61 ==&gt; done OK retv 0
CLI_OUTPUT: /Target1/custom_out/action ddal_custom_out_set OUT_4 62
CLI_OUTPUT: ret /Target1/custom_out/action ddal_custom_out_set OUT_4 62 ==&gt; done OK retv 0
CLI_OUTPUT: /Target1/custom_out/action ddal_custom_out_set OUT_4 63
CLI_OUTPUT: ret /Target1/custom_out/action ddal_custom_out_set OUT_4 63 ==&gt; done OK retv 0
SCR_OUTPUT: ##### Test Case End: TC_03170_004 PASSED (0)
</system-out>
</testcase>

<testcase classname="HW_03170_basic_custom_out_tests" name="TC_03170_005 ddal_custom_out_set range check" time="1">
<system-out>
SCR_OUTPUT: ##### Test Case Start: TC_03170_005  ddal_custom_out_set range check
CLI_OUTPUT: /Target1/custom_out/action ddal_custom_out_bitgroup_set 1 2 4 8 16 32
CLI_OUTPUT: ret /Target1/custom_out/action ddal_custom_out_bitgroup_set 1 2 4 8 16 32 ==&gt; done OK retv 0
CLI_OUTPUT: /Target1/custom_out/action ddal_custom_out_set BAD_VALUE 0
CLI_OUTPUT: ret /Target1/custom_out/action ddal_custom_out_set BAD_VALUE 0 ==&gt; done fail retv -22 errstr Invalid argument
CLI_OUTPUT: /Target1/custom_out/action ddal_custom_out_set OUT_0 2
CLI_OUTPUT: ret /Target1/custom_out/action ddal_custom_out_set OUT_0 2 ==&gt; done fail retv -22 errstr Invalid argument
CLI_OUTPUT: /Target1/custom_out/action ddal_custom_out_set OUT_1 2
CLI_OUTPUT: ret /Target1/custom_out/action ddal_custom_out_set OUT_1 2 ==&gt; done fail retv -22 errstr Invalid argument
CLI_OUTPUT: /Target1/custom_out/action ddal_custom_out_set OUT_2 2
CLI_OUTPUT: ret /Target1/custom_out/action ddal_custom_out_set OUT_2 2 ==&gt; done fail retv -22 errstr Invalid argument
CLI_OUTPUT: /Target1/custom_out/action ddal_custom_out_set OUT_3 2
CLI_OUTPUT: ret /Target1/custom_out/action ddal_custom_out_set OUT_3 2 ==&gt; done fail retv -22 errstr Invalid argument
CLI_OUTPUT: /Target1/custom_out/action ddal_custom_out_set OUT_4 2
CLI_OUTPUT: ret /Target1/custom_out/action ddal_custom_out_set OUT_4 2 ==&gt; done fail retv -22 errstr Invalid argument
CLI_OUTPUT: /Target1/custom_out/action ddal_custom_out_set OUT_5 2
CLI_OUTPUT: ret /Target1/custom_out/action ddal_custom_out_set OUT_5 2 ==&gt; done fail retv -22 errstr Invalid argument
SCR_OUTPUT: ##### Test Case End: TC_03170_005 PASSED (0)
</system-out>
</testcase>

<testcase classname="HW_03170_basic_custom_out_tests" name="TC_03170_006 successful ddal_custom_out_set calls" time="2">
<system-out>
SCR_OUTPUT: ##### Test Case Start: TC_03170_006  successful ddal_custom_out_set calls
CLI_OUTPUT: /Target1/custom_out/action ddal_custom_out_bitgroup_set 1 2 4 8 16 32
CLI_OUTPUT: ret /Target1/custom_out/action ddal_custom_out_bitgroup_set 1 2 4 8 16 32 ==&gt; done OK retv 0
CLI_OUTPUT: /Target1/custom_out/action ddal_custom_out_set OUT_0 0
CLI_OUTPUT: ret /Target1/custom_out/action ddal_custom_out_set OUT_0 0 ==&gt; done OK retv 0
CLI_OUTPUT: /Target1/custom_out/action ddal_custom_out_get OUT_0
CLI_OUTPUT: ret /Target1/custom_out/action ddal_custom_out_get OUT_0 ==&gt; done OK retv 0 value 0
CLI_OUTPUT: /Target1/custom_out/action ddal_custom_out_set OUT_0 1
CLI_OUTPUT: ret /Target1/custom_out/action ddal_custom_out_set OUT_0 1 ==&gt; done OK retv 0
CLI_OUTPUT: /Target1/custom_out/action ddal_custom_out_get OUT_0
CLI_OUTPUT: ret /Target1/custom_out/action ddal_custom_out_get OUT_0 ==&gt; done OK retv 0 value 1
CLI_OUTPUT: /Target1/custom_out/action ddal_custom_out_set OUT_1 0
CLI_OUTPUT: ret /Target1/custom_out/action ddal_custom_out_set OUT_1 0 ==&gt; done OK retv 0
CLI_OUTPUT: /Target1/custom_out/action ddal_custom_out_get OUT_1
CLI_OUTPUT: ret /Target1/custom_out/action ddal_custom_out_get OUT_1 ==&gt; done OK retv 0 value 0
CLI_OUTPUT: /Target1/custom_out/action ddal_custom_out_set OUT_1 1
CLI_OUTPUT: ret /Target1/custom_out/action ddal_custom_out_set OUT_1 1 ==&gt; done OK retv 0
CLI_OUTPUT: /Target1/custom_out/action ddal_custom_out_get OUT_1
CLI_OUTPUT: ret /Target1/custom_out/action ddal_custom_out_get OUT_1 ==&gt; done OK retv 0 value 1
CLI_OUTPUT: /Target1/custom_out/action ddal_custom_out_set OUT_2 0
CLI_OUTPUT: ret /Target1/custom_out/action ddal_custom_out_set OUT_2 0 ==&gt; done OK retv 0
CLI_OUTPUT: /Target1/custom_out/action ddal_custom_out_get OUT_2
CLI_OUTPUT: ret /Target1/custom_out/action ddal_custom_out_get OUT_2 ==&gt; done OK retv 0 value 0
CLI_OUTPUT: /Target1/custom_out/action ddal_custom_out_set OUT_2 1
CLI_OUTPUT: ret /Target1/custom_out/action ddal_custom_out_set OUT_2 1 ==&gt; done OK retv 0
CLI_OUTPUT: /Target1/custom_out/action ddal_custom_out_get OUT_2
CLI_OUTPUT: ret /Target1/custom_out/action ddal_custom_out_get OUT_2 ==&gt; done OK retv 0 value 1
CLI_OUTPUT: /Target1/custom_out/action ddal_custom_out_set OUT_3 0
CLI_OUTPUT: ret /Target1/custom_out/action ddal_custom_out_set OUT_3 0 ==&gt; done OK retv 0
CLI_OUTPUT: /Target1/custom_out/action ddal_custom_out_get OUT_3
CLI_OUTPUT: ret /Target1/custom_out/action ddal_custom_out_get OUT_3 ==&gt; done OK retv 0 value 0
CLI_OUTPUT: /Target1/custom_out/action ddal_custom_out_set OUT_3 1
CLI_OUTPUT: ret /Target1/custom_out/action ddal_custom_out_set OUT_3 1 ==&gt; done OK retv 0
CLI_OUTPUT: /Target1/custom_out/action ddal_custom_out_get OUT_3
CLI_OUTPUT: ret /Target1/custom_out/action ddal_custom_out_get OUT_3 ==&gt; done OK retv 0 value 1
CLI_OUTPUT: /Target1/custom_out/action ddal_custom_out_set OUT_4 0
CLI_OUTPUT: ret /Target1/custom_out/action ddal_custom_out_set OUT_4 0 ==&gt; done OK retv 0
CLI_OUTPUT: /Target1/custom_out/action ddal_custom_out_get OUT_4
CLI_OUTPUT: ret /Target1/custom_out/action ddal_custom_out_get OUT_4 ==&gt; done OK retv 0 value 0
CLI_OUTPUT: /Target1/custom_out/action ddal_custom_out_set OUT_4 1
CLI_OUTPUT: ret /Target1/custom_out/action ddal_custom_out_set OUT_4 1 ==&gt; done OK retv 0
CLI_OUTPUT: /Target1/custom_out/action ddal_custom_out_get OUT_4
CLI_OUTPUT: ret /Target1/custom_out/action ddal_custom_out_get OUT_4 ==&gt; done OK retv 0 value 1
CLI_OUTPUT: /Target1/custom_out/action ddal_custom_out_set OUT_5 0
CLI_OUTPUT: ret /Target1/custom_out/action ddal_custom_out_set OUT_5 0 ==&gt; done OK retv 0
CLI_OUTPUT: /Target1/custom_out/action ddal_custom_out_get OUT_5
CLI_OUTPUT: ret /Target1/custom_out/action ddal_custom_out_get OUT_5 ==&gt; done OK retv 0 value 0
CLI_OUTPUT: /Target1/custom_out/action ddal_custom_out_set OUT_5 1
CLI_OUTPUT: ret /Target1/custom_out/action ddal_custom_out_set OUT_5 1 ==&gt; done OK retv 0
CLI_OUTPUT: /Target1/custom_out/action ddal_custom_out_get OUT_5
CLI_OUTPUT: ret /Target1/custom_out/action ddal_custom_out_get OUT_5 ==&gt; done OK retv 0 value 1
CLI_OUTPUT: /Target1/custom_out/action ddal_custom_out_bitgroup_set 2 4 8 16 33 0
CLI_OUTPUT: ret /Target1/custom_out/action ddal_custom_out_bitgroup_set 2 4 8 16 33 0 ==&gt; done OK retv 0
CLI_OUTPUT: /Target1/custom_out/action ddal_custom_out_set OUT_0 0
CLI_OUTPUT: ret /Target1/custom_out/action ddal_custom_out_set OUT_0 0 ==&gt; done OK retv 0
CLI_OUTPUT: /Target1/custom_out/action ddal_custom_out_get OUT_0
CLI_OUTPUT: ret /Target1/custom_out/action ddal_custom_out_get OUT_0 ==&gt; done OK retv 0 value 0
CLI_OUTPUT: /Target1/custom_out/action ddal_custom_out_set OUT_0 1
CLI_OUTPUT: ret /Target1/custom_out/action ddal_custom_out_set OUT_0 1 ==&gt; done OK retv 0
CLI_OUTPUT: /Target1/custom_out/action ddal_custom_out_get OUT_0
CLI_OUTPUT: ret /Target1/custom_out/action ddal_custom_out_get OUT_0 ==&gt; done OK retv 0 value 1
CLI_OUTPUT: /Target1/custom_out/action ddal_custom_out_set OUT_1 0
CLI_OUTPUT: ret /Target1/custom_out/action ddal_custom_out_set OUT_1 0 ==&gt; done OK retv 0
CLI_OUTPUT: /Target1/custom_out/action ddal_custom_out_get OUT_1
CLI_OUTPUT: ret /Target1/custom_out/action ddal_custom_out_get OUT_1 ==&gt; done OK retv 0 value 0
CLI_OUTPUT: /Target1/custom_out/action ddal_custom_out_set OUT_1 1
CLI_OUTPUT: ret /Target1/custom_out/action ddal_custom_out_set OUT_1 1 ==&gt; done OK retv 0
CLI_OUTPUT: /Target1/custom_out/action ddal_custom_out_get OUT_1
CLI_OUTPUT: ret /Target1/custom_out/action ddal_custom_out_get OUT_1 ==&gt; done OK retv 0 value 1
CLI_OUTPUT: /Target1/custom_out/action ddal_custom_out_set OUT_2 0
CLI_OUTPUT: ret /Target1/custom_out/action ddal_custom_out_set OUT_2 0 ==&gt; done OK retv 0
CLI_OUTPUT: /Target1/custom_out/action ddal_custom_out_get OUT_2
CLI_OUTPUT: ret /Target1/custom_out/action ddal_custom_out_get OUT_2 ==&gt; done OK retv 0 value 0
CLI_OUTPUT: /Target1/custom_out/action ddal_custom_out_set OUT_2 1
CLI_OUTPUT: ret /Target1/custom_out/action ddal_custom_out_set OUT_2 1 ==&gt; done OK retv 0
CLI_OUTPUT: /Target1/custom_out/action ddal_custom_out_get OUT_2
CLI_OUTPUT: ret /Target1/custom_out/action ddal_custom_out_get OUT_2 ==&gt; done OK retv 0 value 1
CLI_OUTPUT: /Target1/custom_out/action ddal_custom_out_set OUT_3 0
CLI_OUTPUT: ret /Target1/custom_out/action ddal_custom_out_set OUT_3 0 ==&gt; done OK retv 0
CLI_OUTPUT: /Target1/custom_out/action ddal_custom_out_get OUT_3
CLI_OUTPUT: ret /Target1/custom_out/action ddal_custom_out_get OUT_3 ==&gt; done OK retv 0 value 0
CLI_OUTPUT: /Target1/custom_out/action ddal_custom_out_set OUT_3 1
CLI_OUTPUT: ret /Target1/custom_out/action ddal_custom_out_set OUT_3 1 ==&gt; done OK retv 0
CLI_OUTPUT: /Target1/custom_out/action ddal_custom_out_get OUT_3
CLI_OUTPUT: ret /Target1/custom_out/action ddal_custom_out_get OUT_3 ==&gt; done OK retv 0 value 1
CLI_OUTPUT: /Target1/custom_out/action ddal_custom_out_set OUT_4 0
CLI_OUTPUT: ret /Target1/custom_out/action ddal_custom_out_set OUT_4 0 ==&gt; done OK retv 0
CLI_OUTPUT: /Target1/custom_out/action ddal_custom_out_get OUT_4
CLI_OUTPUT: ret /Target1/custom_out/action ddal_custom_out_get OUT_4 ==&gt; done OK retv 0 value 0
CLI_OUTPUT: /Target1/custom_out/action ddal_custom_out_set OUT_4 1
CLI_OUTPUT: ret /Target1/custom_out/action ddal_custom_out_set OUT_4 1 ==&gt; done OK retv 0
CLI_OUTPUT: /Target1/custom_out/action ddal_custom_out_get OUT_4
CLI_OUTPUT: ret /Target1/custom_out/action ddal_custom_out_get OUT_4 ==&gt; done OK retv 0 value 1
CLI_OUTPUT: /Target1/custom_out/action ddal_custom_out_set OUT_4 2
CLI_OUTPUT: ret /Target1/custom_out/action ddal_custom_out_set OUT_4 2 ==&gt; done OK retv 0
CLI_OUTPUT: /Target1/custom_out/action ddal_custom_out_get OUT_4
CLI_OUTPUT: ret /Target1/custom_out/action ddal_custom_out_get OUT_4 ==&gt; done OK retv 0 value 2
CLI_OUTPUT: /Target1/custom_out/action ddal_custom_out_set OUT_4 3
CLI_OUTPUT: ret /Target1/custom_out/action ddal_custom_out_set OUT_4 3 ==&gt; done OK retv 0
CLI_OUTPUT: /Target1/custom_out/action ddal_custom_out_get OUT_4
CLI_OUTPUT: ret /Target1/custom_out/action ddal_custom_out_get OUT_4 ==&gt; done OK retv 0 value 3
CLI_OUTPUT: /Target1/custom_out/action ddal_custom_out_bitgroup_set 0 33 0 24 0 6
CLI_OUTPUT: ret /Target1/custom_out/action ddal_custom_out_bitgroup_set 0 33 0 24 0 6 ==&gt; done OK retv 0
CLI_OUTPUT: /Target1/custom_out/action ddal_custom_out_set OUT_1 0
CLI_OUTPUT: ret /Target1/custom_out/action ddal_custom_out_set OUT_1 0 ==&gt; done OK retv 0
CLI_OUTPUT: /Target1/custom_out/action ddal_custom_out_get OUT_1
CLI_OUTPUT: ret /Target1/custom_out/action ddal_custom_out_get OUT_1 ==&gt; done OK retv 0 value 0
CLI_OUTPUT: /Target1/custom_out/action ddal_custom_out_set OUT_1 1
CLI_OUTPUT: ret /Target1/custom_out/action ddal_custom_out_set OUT_1 1 ==&gt; done OK retv 0
CLI_OUTPUT: /Target1/custom_out/action ddal_custom_out_get OUT_1
CLI_OUTPUT: ret /Target1/custom_out/action ddal_custom_out_get OUT_1 ==&gt; done OK retv 0 value 1
CLI_OUTPUT: /Target1/custom_out/action ddal_custom_out_set OUT_1 2
CLI_OUTPUT: ret /Target1/custom_out/action ddal_custom_out_set OUT_1 2 ==&gt; done OK retv 0
CLI_OUTPUT: /Target1/custom_out/action ddal_custom_out_get OUT_1
CLI_OUTPUT: ret /Target1/custom_out/action ddal_custom_out_get OUT_1 ==&gt; done OK retv 0 value 2
CLI_OUTPUT: /Target1/custom_out/action ddal_custom_out_set OUT_1 3
CLI_OUTPUT: ret /Target1/custom_out/action ddal_custom_out_set OUT_1 3 ==&gt; done OK retv 0
CLI_OUTPUT: /Target1/custom_out/action ddal_custom_out_get OUT_1
CLI_OUTPUT: ret /Target1/custom_out/action ddal_custom_out_get OUT_1 ==&gt; done OK retv 0 value 3
CLI_OUTPUT: /Target1/custom_out/action ddal_custom_out_set OUT_3 0
CLI_OUTPUT: ret /Target1/custom_out/action ddal_custom_out_set OUT_3 0 ==&gt; done OK retv 0
CLI_OUTPUT: /Target1/custom_out/action ddal_custom_out_get OUT_3
CLI_OUTPUT: ret /Target1/custom_out/action ddal_custom_out_get OUT_3 ==&gt; done OK retv 0 value 0
CLI_OUTPUT: /Target1/custom_out/action ddal_custom_out_set OUT_3 1
CLI_OUTPUT: ret /Target1/custom_out/action ddal_custom_out_set OUT_3 1 ==&gt; done OK retv 0
CLI_OUTPUT: /Target1/custom_out/action ddal_custom_out_get OUT_3
CLI_OUTPUT: ret /Target1/custom_out/action ddal_custom_out_get OUT_3 ==&gt; done OK retv 0 value 1
CLI_OUTPUT: /Target1/custom_out/action ddal_custom_out_set OUT_3 2
CLI_OUTPUT: ret /Target1/custom_out/action ddal_custom_out_set OUT_3 2 ==&gt; done OK retv 0
CLI_OUTPUT: /Target1/custom_out/action ddal_custom_out_get OUT_3
CLI_OUTPUT: ret /Target1/custom_out/action ddal_custom_out_get OUT_3 ==&gt; done OK retv 0 value 2
CLI_OUTPUT: /Target1/custom_out/action ddal_custom_out_set OUT_3 3
CLI_OUTPUT: ret /Target1/custom_out/action ddal_custom_out_set OUT_3 3 ==&gt; done OK retv 0
CLI_OUTPUT: /Target1/custom_out/action ddal_custom_out_get OUT_3
CLI_OUTPUT: ret /Target1/custom_out/action ddal_custom_out_get OUT_3 ==&gt; done OK retv 0 value 3
CLI_OUTPUT: /Target1/custom_out/action ddal_custom_out_set OUT_5 0
CLI_OUTPUT: ret /Target1/custom_out/action ddal_custom_out_set OUT_5 0 ==&gt; done OK retv 0
CLI_OUTPUT: /Target1/custom_out/action ddal_custom_out_get OUT_5
CLI_OUTPUT: ret /Target1/custom_out/action ddal_custom_out_get OUT_5 ==&gt; done OK retv 0 value 0
CLI_OUTPUT: /Target1/custom_out/action ddal_custom_out_set OUT_5 1
CLI_OUTPUT: ret /Target1/custom_out/action ddal_custom_out_set OUT_5 1 ==&gt; done OK retv 0
CLI_OUTPUT: /Target1/custom_out/action ddal_custom_out_get OUT_5
CLI_OUTPUT: ret /Target1/custom_out/action ddal_custom_out_get OUT_5 ==&gt; done OK retv 0 value 1
CLI_OUTPUT: /Target1/custom_out/action ddal_custom_out_set OUT_5 2
CLI_OUTPUT: ret /Target1/custom_out/action ddal_custom_out_set OUT_5 2 ==&gt; done OK retv 0
CLI_OUTPUT: /Target1/custom_out/action ddal_custom_out_get OUT_5
CLI_OUTPUT: ret /Target1/custom_out/action ddal_custom_out_get OUT_5 ==&gt; done OK retv 0 value 2
CLI_OUTPUT: /Target1/custom_out/action ddal_custom_out_set OUT_5 3
CLI_OUTPUT: ret /Target1/custom_out/action ddal_custom_out_set OUT_5 3 ==&gt; done OK retv 0
CLI_OUTPUT: /Target1/custom_out/action ddal_custom_out_get OUT_5
CLI_OUTPUT: ret /Target1/custom_out/action ddal_custom_out_get OUT_5 ==&gt; done OK retv 0 value 3
CLI_OUTPUT: /Target1/custom_out/action ddal_custom_out_bitgroup_set 0 0 0 0 63 0
CLI_OUTPUT: ret /Target1/custom_out/action ddal_custom_out_bitgroup_set 0 0 0 0 63 0 ==&gt; done OK retv 0
CLI_OUTPUT: /Target1/custom_out/action ddal_custom_out_set OUT_4 0
CLI_OUTPUT: ret /Target1/custom_out/action ddal_custom_out_set OUT_4 0 ==&gt; done OK retv 0
CLI_OUTPUT: /Target1/custom_out/action ddal_custom_out_get OUT_4
CLI_OUTPUT: ret /Target1/custom_out/action ddal_custom_out_get OUT_4 ==&gt; done OK retv 0 value 0
CLI_OUTPUT: /Target1/custom_out/action ddal_custom_out_set OUT_4 1
CLI_OUTPUT: ret /Target1/custom_out/action ddal_custom_out_set OUT_4 1 ==&gt; done OK retv 0
CLI_OUTPUT: /Target1/custom_out/action ddal_custom_out_get OUT_4
CLI_OUTPUT: ret /Target1/custom_out/action ddal_custom_out_get OUT_4 ==&gt; done OK retv 0 value 1
CLI_OUTPUT: /Target1/custom_out/action ddal_custom_out_set OUT_4 2
CLI_OUTPUT: ret /Target1/custom_out/action ddal_custom_out_set OUT_4 2 ==&gt; done OK retv 0
CLI_OUTPUT: /Target1/custom_out/action ddal_custom_out_get OUT_4
CLI_OUTPUT: ret /Target1/custom_out/action ddal_custom_out_get OUT_4 ==&gt; done OK retv 0 value 2
CLI_OUTPUT: /Target1/custom_out/action ddal_custom_out_set OUT_4 3
CLI_OUTPUT: ret /Target1/custom_out/action ddal_custom_out_set OUT_4 3 ==&gt; done OK retv 0
CLI_OUTPUT: /Target1/custom_out/action ddal_custom_out_get OUT_4
CLI_OUTPUT: ret /Target1/custom_out/action ddal_custom_out_get OUT_4 ==&gt; done OK retv 0 value 3
CLI_OUTPUT: /Target1/custom_out/action ddal_custom_out_set OUT_4 4
CLI_OUTPUT: ret /Target1/custom_out/action ddal_custom_out_set OUT_4 4 ==&gt; done OK retv 0
CLI_OUTPUT: /Target1/custom_out/action ddal_custom_out_get OUT_4
CLI_OUTPUT: ret /Target1/custom_out/action ddal_custom_out_get OUT_4 ==&gt; done OK retv 0 value 4
CLI_OUTPUT: /Target1/custom_out/action ddal_custom_out_set OUT_4 5
CLI_OUTPUT: ret /Target1/custom_out/action ddal_custom_out_set OUT_4 5 ==&gt; done OK retv 0
CLI_OUTPUT: /Target1/custom_out/action ddal_custom_out_get OUT_4
CLI_OUTPUT: ret /Target1/custom_out/action ddal_custom_out_get OUT_4 ==&gt; done OK retv 0 value 5
CLI_OUTPUT: /Target1/custom_out/action ddal_custom_out_set OUT_4 6
CLI_OUTPUT: ret /Target1/custom_out/action ddal_custom_out_set OUT_4 6 ==&gt; done OK retv 0
CLI_OUTPUT: /Target1/custom_out/action ddal_custom_out_get OUT_4
CLI_OUTPUT: ret /Target1/custom_out/action ddal_custom_out_get OUT_4 ==&gt; done OK retv 0 value 6
CLI_OUTPUT: /Target1/custom_out/action ddal_custom_out_set OUT_4 7
CLI_OUTPUT: ret /Target1/custom_out/action ddal_custom_out_set OUT_4 7 ==&gt; done OK retv 0
CLI_OUTPUT: /Target1/custom_out/action ddal_custom_out_get OUT_4
CLI_OUTPUT: ret /Target1/custom_out/action ddal_custom_out_get OUT_4 ==&gt; done OK retv 0 value 7
CLI_OUTPUT: /Target1/custom_out/action ddal_custom_out_set OUT_4 8
CLI_OUTPUT: ret /Target1/custom_out/action ddal_custom_out_set OUT_4 8 ==&gt; done OK retv 0
CLI_OUTPUT: /Target1/custom_out/action ddal_custom_out_get OUT_4
CLI_OUTPUT: ret /Target1/custom_out/action ddal_custom_out_get OUT_4 ==&gt; done OK retv 0 value 8
CLI_OUTPUT: /Target1/custom_out/action ddal_custom_out_set OUT_4 9
CLI_OUTPUT: ret /Target1/custom_out/action ddal_custom_out_set OUT_4 9 ==&gt; done OK retv 0
CLI_OUTPUT: /Target1/custom_out/action ddal_custom_out_get OUT_4
CLI_OUTPUT: ret /Target1/custom_out/action ddal_custom_out_get OUT_4 ==&gt; done OK retv 0 value 9
CLI_OUTPUT: /Target1/custom_out/action ddal_custom_out_set OUT_4 10
CLI_OUTPUT: ret /Target1/custom_out/action ddal_custom_out_set OUT_4 10 ==&gt; done OK retv 0
CLI_OUTPUT: /Target1/custom_out/action ddal_custom_out_get OUT_4
CLI_OUTPUT: ret /Target1/custom_out/action ddal_custom_out_get OUT_4 ==&gt; done OK retv 0 value 10
CLI_OUTPUT: /Target1/custom_out/action ddal_custom_out_set OUT_4 11
CLI_OUTPUT: ret /Target1/custom_out/action ddal_custom_out_set OUT_4 11 ==&gt; done OK retv 0
CLI_OUTPUT: /Target1/custom_out/action ddal_custom_out_get OUT_4
CLI_OUTPUT: ret /Target1/custom_out/action ddal_custom_out_get OUT_4 ==&gt; done OK retv 0 value 11
CLI_OUTPUT: /Target1/custom_out/action ddal_custom_out_set OUT_4 12
CLI_OUTPUT: ret /Target1/custom_out/action ddal_custom_out_set OUT_4 12 ==&gt; done OK retv 0
CLI_OUTPUT: /Target1/custom_out/action ddal_custom_out_get OUT_4
CLI_OUTPUT: ret /Target1/custom_out/action ddal_custom_out_get OUT_4 ==&gt; done OK retv 0 value 12
CLI_OUTPUT: /Target1/custom_out/action ddal_custom_out_set OUT_4 13
CLI_OUTPUT: ret /Target1/custom_out/action ddal_custom_out_set OUT_4 13 ==&gt; done OK retv 0
CLI_OUTPUT: /Target1/custom_out/action ddal_custom_out_get OUT_4
CLI_OUTPUT: ret /Target1/custom_out/action ddal_custom_out_get OUT_4 ==&gt; done OK retv 0 value 13
CLI_OUTPUT: /Target1/custom_out/action ddal_custom_out_set OUT_4 14
CLI_OUTPUT: ret /Target1/custom_out/action ddal_custom_out_set OUT_4 14 ==&gt; done OK retv 0
CLI_OUTPUT: /Target1/custom_out/action ddal_custom_out_get OUT_4
CLI_OUTPUT: ret /Target1/custom_out/action ddal_custom_out_get OUT_4 ==&gt; done OK retv 0 value 14
CLI_OUTPUT: /Target1/custom_out/action ddal_custom_out_set OUT_4 15
CLI_OUTPUT: ret /Target1/custom_out/action ddal_custom_out_set OUT_4 15 ==&gt; done OK retv 0
CLI_OUTPUT: /Target1/custom_out/action ddal_custom_out_get OUT_4
CLI_OUTPUT: ret /Target1/custom_out/action ddal_custom_out_get OUT_4 ==&gt; done OK retv 0 value 15
CLI_OUTPUT: /Target1/custom_out/action ddal_custom_out_set OUT_4 16
CLI_OUTPUT: ret /Target1/custom_out/action ddal_custom_out_set OUT_4 16 ==&gt; done OK retv 0
CLI_OUTPUT: /Target1/custom_out/action ddal_custom_out_get OUT_4
CLI_OUTPUT: ret /Target1/custom_out/action ddal_custom_out_get OUT_4 ==&gt; done OK retv 0 value 16
CLI_OUTPUT: /Target1/custom_out/action ddal_custom_out_set OUT_4 17
CLI_OUTPUT: ret /Target1/custom_out/action ddal_custom_out_set OUT_4 17 ==&gt; done OK retv 0
CLI_OUTPUT: /Target1/custom_out/action ddal_custom_out_get OUT_4
CLI_OUTPUT: ret /Target1/custom_out/action ddal_custom_out_get OUT_4 ==&gt; done OK retv 0 value 17
CLI_OUTPUT: /Target1/custom_out/action ddal_custom_out_set OUT_4 18
CLI_OUTPUT: ret /Target1/custom_out/action ddal_custom_out_set OUT_4 18 ==&gt; done OK retv 0
CLI_OUTPUT: /Target1/custom_out/action ddal_custom_out_get OUT_4
CLI_OUTPUT: ret /Target1/custom_out/action ddal_custom_out_get OUT_4 ==&gt; done OK retv 0 value 18
CLI_OUTPUT: /Target1/custom_out/action ddal_custom_out_set OUT_4 19
CLI_OUTPUT: ret /Target1/custom_out/action ddal_custom_out_set OUT_4 19 ==&gt; done OK retv 0
CLI_OUTPUT: /Target1/custom_out/action ddal_custom_out_get OUT_4
CLI_OUTPUT: ret /Target1/custom_out/action ddal_custom_out_get OUT_4 ==&gt; done OK retv 0 value 19
CLI_OUTPUT: /Target1/custom_out/action ddal_custom_out_set OUT_4 20
CLI_OUTPUT: ret /Target1/custom_out/action ddal_custom_out_set OUT_4 20 ==&gt; done OK retv 0
CLI_OUTPUT: /Target1/custom_out/action ddal_custom_out_get OUT_4
CLI_OUTPUT: ret /Target1/custom_out/action ddal_custom_out_get OUT_4 ==&gt; done OK retv 0 value 20
CLI_OUTPUT: /Target1/custom_out/action ddal_custom_out_set OUT_4 21
CLI_OUTPUT: ret /Target1/custom_out/action ddal_custom_out_set OUT_4 21 ==&gt; done OK retv 0
CLI_OUTPUT: /Target1/custom_out/action ddal_custom_out_get OUT_4
CLI_OUTPUT: ret /Target1/custom_out/action ddal_custom_out_get OUT_4 ==&gt; done OK retv 0 value 21
CLI_OUTPUT: /Target1/custom_out/action ddal_custom_out_set OUT_4 22
CLI_OUTPUT: ret /Target1/custom_out/action ddal_custom_out_set OUT_4 22 ==&gt; done OK retv 0
CLI_OUTPUT: /Target1/custom_out/action ddal_custom_out_get OUT_4
CLI_OUTPUT: ret /Target1/custom_out/action ddal_custom_out_get OUT_4 ==&gt; done OK retv 0 value 22
CLI_OUTPUT: /Target1/custom_out/action ddal_custom_out_set OUT_4 23
CLI_OUTPUT: ret /Target1/custom_out/action ddal_custom_out_set OUT_4 23 ==&gt; done OK retv 0
CLI_OUTPUT: /Target1/custom_out/action ddal_custom_out_get OUT_4
CLI_OUTPUT: ret /Target1/custom_out/action ddal_custom_out_get OUT_4 ==&gt; done OK retv 0 value 23
CLI_OUTPUT: /Target1/custom_out/action ddal_custom_out_set OUT_4 24
CLI_OUTPUT: ret /Target1/custom_out/action ddal_custom_out_set OUT_4 24 ==&gt; done OK retv 0
CLI_OUTPUT: /Target1/custom_out/action ddal_custom_out_get OUT_4
CLI_OUTPUT: ret /Target1/custom_out/action ddal_custom_out_get OUT_4 ==&gt; done OK retv 0 value 24
CLI_OUTPUT: /Target1/custom_out/action ddal_custom_out_set OUT_4 25
CLI_OUTPUT: ret /Target1/custom_out/action ddal_custom_out_set OUT_4 25 ==&gt; done OK retv 0
CLI_OUTPUT: /Target1/custom_out/action ddal_custom_out_get OUT_4
CLI_OUTPUT: ret /Target1/custom_out/action ddal_custom_out_get OUT_4 ==&gt; done OK retv 0 value 25
CLI_OUTPUT: /Target1/custom_out/action ddal_custom_out_set OUT_4 26
CLI_OUTPUT: ret /Target1/custom_out/action ddal_custom_out_set OUT_4 26 ==&gt; done OK retv 0
CLI_OUTPUT: /Target1/custom_out/action ddal_custom_out_get OUT_4
CLI_OUTPUT: ret /Target1/custom_out/action ddal_custom_out_get OUT_4 ==&gt; done OK retv 0 value 26
CLI_OUTPUT: /Target1/custom_out/action ddal_custom_out_set OUT_4 27
CLI_OUTPUT: ret /Target1/custom_out/action ddal_custom_out_set OUT_4 27 ==&gt; done OK retv 0
CLI_OUTPUT: /Target1/custom_out/action ddal_custom_out_get OUT_4
CLI_OUTPUT: ret /Target1/custom_out/action ddal_custom_out_get OUT_4 ==&gt; done OK retv 0 value 27
CLI_OUTPUT: /Target1/custom_out/action ddal_custom_out_set OUT_4 28
CLI_OUTPUT: ret /Target1/custom_out/action ddal_custom_out_set OUT_4 28 ==&gt; done OK retv 0
CLI_OUTPUT: /Target1/custom_out/action ddal_custom_out_get OUT_4
CLI_OUTPUT: ret /Target1/custom_out/action ddal_custom_out_get OUT_4 ==&gt; done OK retv 0 value 28
CLI_OUTPUT: /Target1/custom_out/action ddal_custom_out_set OUT_4 29
CLI_OUTPUT: ret /Target1/custom_out/action ddal_custom_out_set OUT_4 29 ==&gt; done OK retv 0
CLI_OUTPUT: /Target1/custom_out/action ddal_custom_out_get OUT_4
CLI_OUTPUT: ret /Target1/custom_out/action ddal_custom_out_get OUT_4 ==&gt; done OK retv 0 value 29
CLI_OUTPUT: /Target1/custom_out/action ddal_custom_out_set OUT_4 30
CLI_OUTPUT: ret /Target1/custom_out/action ddal_custom_out_set OUT_4 30 ==&gt; done OK retv 0
CLI_OUTPUT: /Target1/custom_out/action ddal_custom_out_get OUT_4
CLI_OUTPUT: ret /Target1/custom_out/action ddal_custom_out_get OUT_4 ==&gt; done OK retv 0 value 30
CLI_OUTPUT: /Target1/custom_out/action ddal_custom_out_set OUT_4 31
CLI_OUTPUT: ret /Target1/custom_out/action ddal_custom_out_set OUT_4 31 ==&gt; done OK retv 0
CLI_OUTPUT: /Target1/custom_out/action ddal_custom_out_get OUT_4
CLI_OUTPUT: ret /Target1/custom_out/action ddal_custom_out_get OUT_4 ==&gt; done OK retv 0 value 31
CLI_OUTPUT: /Target1/custom_out/action ddal_custom_out_set OUT_4 32
CLI_OUTPUT: ret /Target1/custom_out/action ddal_custom_out_set OUT_4 32 ==&gt; done OK retv 0
CLI_OUTPUT: /Target1/custom_out/action ddal_custom_out_get OUT_4
CLI_OUTPUT: ret /Target1/custom_out/action ddal_custom_out_get OUT_4 ==&gt; done OK retv 0 value 32
CLI_OUTPUT: /Target1/custom_out/action ddal_custom_out_set OUT_4 33
CLI_OUTPUT: ret /Target1/custom_out/action ddal_custom_out_set OUT_4 33 ==&gt; done OK retv 0
CLI_OUTPUT: /Target1/custom_out/action ddal_custom_out_get OUT_4
CLI_OUTPUT: ret /Target1/custom_out/action ddal_custom_out_get OUT_4 ==&gt; done OK retv 0 value 33
CLI_OUTPUT: /Target1/custom_out/action ddal_custom_out_set OUT_4 34
CLI_OUTPUT: ret /Target1/custom_out/action ddal_custom_out_set OUT_4 34 ==&gt; done OK retv 0
CLI_OUTPUT: /Target1/custom_out/action ddal_custom_out_get OUT_4
CLI_OUTPUT: ret /Target1/custom_out/action ddal_custom_out_get OUT_4 ==&gt; done OK retv 0 value 34
CLI_OUTPUT: /Target1/custom_out/action ddal_custom_out_set OUT_4 35
CLI_OUTPUT: ret /Target1/custom_out/action ddal_custom_out_set OUT_4 35 ==&gt; done OK retv 0
CLI_OUTPUT: /Target1/custom_out/action ddal_custom_out_get OUT_4
CLI_OUTPUT: ret /Target1/custom_out/action ddal_custom_out_get OUT_4 ==&gt; done OK retv 0 value 35
CLI_OUTPUT: /Target1/custom_out/action ddal_custom_out_set OUT_4 36
CLI_OUTPUT: ret /Target1/custom_out/action ddal_custom_out_set OUT_4 36 ==&gt; done OK retv 0
CLI_OUTPUT: /Target1/custom_out/action ddal_custom_out_get OUT_4
CLI_OUTPUT: ret /Target1/custom_out/action ddal_custom_out_get OUT_4 ==&gt; done OK retv 0 value 36
CLI_OUTPUT: /Target1/custom_out/action ddal_custom_out_set OUT_4 37
CLI_OUTPUT: ret /Target1/custom_out/action ddal_custom_out_set OUT_4 37 ==&gt; done OK retv 0
CLI_OUTPUT: /Target1/custom_out/action ddal_custom_out_get OUT_4
CLI_OUTPUT: ret /Target1/custom_out/action ddal_custom_out_get OUT_4 ==&gt; done OK retv 0 value 37
CLI_OUTPUT: /Target1/custom_out/action ddal_custom_out_set OUT_4 38
CLI_OUTPUT: ret /Target1/custom_out/action ddal_custom_out_set OUT_4 38 ==&gt; done OK retv 0
CLI_OUTPUT: /Target1/custom_out/action ddal_custom_out_get OUT_4
CLI_OUTPUT: ret /Target1/custom_out/action ddal_custom_out_get OUT_4 ==&gt; done OK retv 0 value 38
CLI_OUTPUT: /Target1/custom_out/action ddal_custom_out_set OUT_4 39
CLI_OUTPUT: ret /Target1/custom_out/action ddal_custom_out_set OUT_4 39 ==&gt; done OK retv 0
CLI_OUTPUT: /Target1/custom_out/action ddal_custom_out_get OUT_4
CLI_OUTPUT: ret /Target1/custom_out/action ddal_custom_out_get OUT_4 ==&gt; done OK retv 0 value 39
CLI_OUTPUT: /Target1/custom_out/action ddal_custom_out_set OUT_4 40
CLI_OUTPUT: ret /Target1/custom_out/action ddal_custom_out_set OUT_4 40 ==&gt; done OK retv 0
CLI_OUTPUT: /Target1/custom_out/action ddal_custom_out_get OUT_4
CLI_OUTPUT: ret /Target1/custom_out/action ddal_custom_out_get OUT_4 ==&gt; done OK retv 0 value 40
CLI_OUTPUT: /Target1/custom_out/action ddal_custom_out_set OUT_4 41
CLI_OUTPUT: ret /Target1/custom_out/action ddal_custom_out_set OUT_4 41 ==&gt; done OK retv 0
CLI_OUTPUT: /Target1/custom_out/action ddal_custom_out_get OUT_4
CLI_OUTPUT: ret /Target1/custom_out/action ddal_custom_out_get OUT_4 ==&gt; done OK retv 0 value 41
CLI_OUTPUT: /Target1/custom_out/action ddal_custom_out_set OUT_4 42
CLI_OUTPUT: ret /Target1/custom_out/action ddal_custom_out_set OUT_4 42 ==&gt; done OK retv 0
CLI_OUTPUT: /Target1/custom_out/action ddal_custom_out_get OUT_4
CLI_OUTPUT: ret /Target1/custom_out/action ddal_custom_out_get OUT_4 ==&gt; done OK retv 0 value 42
CLI_OUTPUT: /Target1/custom_out/action ddal_custom_out_set OUT_4 43
CLI_OUTPUT: ret /Target1/custom_out/action ddal_custom_out_set OUT_4 43 ==&gt; done OK retv 0
CLI_OUTPUT: /Target1/custom_out/action ddal_custom_out_get OUT_4
CLI_OUTPUT: ret /Target1/custom_out/action ddal_custom_out_get OUT_4 ==&gt; done OK retv 0 value 43
CLI_OUTPUT: /Target1/custom_out/action ddal_custom_out_set OUT_4 44
CLI_OUTPUT: ret /Target1/custom_out/action ddal_custom_out_set OUT_4 44 ==&gt; done OK retv 0
CLI_OUTPUT: /Target1/custom_out/action ddal_custom_out_get OUT_4
CLI_OUTPUT: ret /Target1/custom_out/action ddal_custom_out_get OUT_4 ==&gt; done OK retv 0 value 44
CLI_OUTPUT: /Target1/custom_out/action ddal_custom_out_set OUT_4 45
CLI_OUTPUT: ret /Target1/custom_out/action ddal_custom_out_set OUT_4 45 ==&gt; done OK retv 0
CLI_OUTPUT: /Target1/custom_out/action ddal_custom_out_get OUT_4
CLI_OUTPUT: ret /Target1/custom_out/action ddal_custom_out_get OUT_4 ==&gt; done OK retv 0 value 45
CLI_OUTPUT: /Target1/custom_out/action ddal_custom_out_set OUT_4 46
CLI_OUTPUT: ret /Target1/custom_out/action ddal_custom_out_set OUT_4 46 ==&gt; done OK retv 0
CLI_OUTPUT: /Target1/custom_out/action ddal_custom_out_get OUT_4
CLI_OUTPUT: ret /Target1/custom_out/action ddal_custom_out_get OUT_4 ==&gt; done OK retv 0 value 46
CLI_OUTPUT: /Target1/custom_out/action ddal_custom_out_set OUT_4 47
CLI_OUTPUT: ret /Target1/custom_out/action ddal_custom_out_set OUT_4 47 ==&gt; done OK retv 0
CLI_OUTPUT: /Target1/custom_out/action ddal_custom_out_get OUT_4
CLI_OUTPUT: ret /Target1/custom_out/action ddal_custom_out_get OUT_4 ==&gt; done OK retv 0 value 47
CLI_OUTPUT: /Target1/custom_out/action ddal_custom_out_set OUT_4 48
CLI_OUTPUT: ret /Target1/custom_out/action ddal_custom_out_set OUT_4 48 ==&gt; done OK retv 0
CLI_OUTPUT: /Target1/custom_out/action ddal_custom_out_get OUT_4
CLI_OUTPUT: ret /Target1/custom_out/action ddal_custom_out_get OUT_4 ==&gt; done OK retv 0 value 48
CLI_OUTPUT: /Target1/custom_out/action ddal_custom_out_set OUT_4 49
CLI_OUTPUT: ret /Target1/custom_out/action ddal_custom_out_set OUT_4 49 ==&gt; done OK retv 0
CLI_OUTPUT: /Target1/custom_out/action ddal_custom_out_get OUT_4
CLI_OUTPUT: ret /Target1/custom_out/action ddal_custom_out_get OUT_4 ==&gt; done OK retv 0 value 49
CLI_OUTPUT: /Target1/custom_out/action ddal_custom_out_set OUT_4 50
CLI_OUTPUT: ret /Target1/custom_out/action ddal_custom_out_set OUT_4 50 ==&gt; done OK retv 0
CLI_OUTPUT: /Target1/custom_out/action ddal_custom_out_get OUT_4
CLI_OUTPUT: ret /Target1/custom_out/action ddal_custom_out_get OUT_4 ==&gt; done OK retv 0 value 50
CLI_OUTPUT: /Target1/custom_out/action ddal_custom_out_set OUT_4 51
CLI_OUTPUT: ret /Target1/custom_out/action ddal_custom_out_set OUT_4 51 ==&gt; done OK retv 0
CLI_OUTPUT: /Target1/custom_out/action ddal_custom_out_get OUT_4
CLI_OUTPUT: ret /Target1/custom_out/action ddal_custom_out_get OUT_4 ==&gt; done OK retv 0 value 51
CLI_OUTPUT: /Target1/custom_out/action ddal_custom_out_set OUT_4 52
CLI_OUTPUT: ret /Target1/custom_out/action ddal_custom_out_set OUT_4 52 ==&gt; done OK retv 0
CLI_OUTPUT: /Target1/custom_out/action ddal_custom_out_get OUT_4
CLI_OUTPUT: ret /Target1/custom_out/action ddal_custom_out_get OUT_4 ==&gt; done OK retv 0 value 52
CLI_OUTPUT: /Target1/custom_out/action ddal_custom_out_set OUT_4 53
CLI_OUTPUT: ret /Target1/custom_out/action ddal_custom_out_set OUT_4 53 ==&gt; done OK retv 0
CLI_OUTPUT: /Target1/custom_out/action ddal_custom_out_get OUT_4
CLI_OUTPUT: ret /Target1/custom_out/action ddal_custom_out_get OUT_4 ==&gt; done OK retv 0 value 53
CLI_OUTPUT: /Target1/custom_out/action ddal_custom_out_set OUT_4 54
CLI_OUTPUT: ret /Target1/custom_out/action ddal_custom_out_set OUT_4 54 ==&gt; done OK retv 0
CLI_OUTPUT: /Target1/custom_out/action ddal_custom_out_get OUT_4
CLI_OUTPUT: ret /Target1/custom_out/action ddal_custom_out_get OUT_4 ==&gt; done OK retv 0 value 54
CLI_OUTPUT: /Target1/custom_out/action ddal_custom_out_set OUT_4 55
CLI_OUTPUT: ret /Target1/custom_out/action ddal_custom_out_set OUT_4 55 ==&gt; done OK retv 0
CLI_OUTPUT: /Target1/custom_out/action ddal_custom_out_get OUT_4
CLI_OUTPUT: ret /Target1/custom_out/action ddal_custom_out_get OUT_4 ==&gt; done OK retv 0 value 55
CLI_OUTPUT: /Target1/custom_out/action ddal_custom_out_set OUT_4 56
CLI_OUTPUT: ret /Target1/custom_out/action ddal_custom_out_set OUT_4 56 ==&gt; done OK retv 0
CLI_OUTPUT: /Target1/custom_out/action ddal_custom_out_get OUT_4
CLI_OUTPUT: ret /Target1/custom_out/action ddal_custom_out_get OUT_4 ==&gt; done OK retv 0 value 56
CLI_OUTPUT: /Target1/custom_out/action ddal_custom_out_set OUT_4 57
CLI_OUTPUT: ret /Target1/custom_out/action ddal_custom_out_set OUT_4 57 ==&gt; done OK retv 0
CLI_OUTPUT: /Target1/custom_out/action ddal_custom_out_get OUT_4
CLI_OUTPUT: ret /Target1/custom_out/action ddal_custom_out_get OUT_4 ==&gt; done OK retv 0 value 57
CLI_OUTPUT: /Target1/custom_out/action ddal_custom_out_set OUT_4 58
CLI_OUTPUT: ret /Target1/custom_out/action ddal_custom_out_set OUT_4 58 ==&gt; done OK retv 0
CLI_OUTPUT: /Target1/custom_out/action ddal_custom_out_get OUT_4
CLI_OUTPUT: ret /Target1/custom_out/action ddal_custom_out_get OUT_4 ==&gt; done OK retv 0 value 58
CLI_OUTPUT: /Target1/custom_out/action ddal_custom_out_set OUT_4 59
CLI_OUTPUT: ret /Target1/custom_out/action ddal_custom_out_set OUT_4 59 ==&gt; done OK retv 0
CLI_OUTPUT: /Target1/custom_out/action ddal_custom_out_get OUT_4
CLI_OUTPUT: ret /Target1/custom_out/action ddal_custom_out_get OUT_4 ==&gt; done OK retv 0 value 59
CLI_OUTPUT: /Target1/custom_out/action ddal_custom_out_set OUT_4 60
CLI_OUTPUT: ret /Target1/custom_out/action ddal_custom_out_set OUT_4 60 ==&gt; done OK retv 0
CLI_OUTPUT: /Target1/custom_out/action ddal_custom_out_get OUT_4
CLI_OUTPUT: ret /Target1/custom_out/action ddal_custom_out_get OUT_4 ==&gt; done OK retv 0 value 60
CLI_OUTPUT: /Target1/custom_out/action ddal_custom_out_set OUT_4 61
CLI_OUTPUT: ret /Target1/custom_out/action ddal_custom_out_set OUT_4 61 ==&gt; done OK retv 0
CLI_OUTPUT: /Target1/custom_out/action ddal_custom_out_get OUT_4
CLI_OUTPUT: ret /Target1/custom_out/action ddal_custom_out_get OUT_4 ==&gt; done OK retv 0 value 61
CLI_OUTPUT: /Target1/custom_out/action ddal_custom_out_set OUT_4 62
CLI_OUTPUT: ret /Target1/custom_out/action ddal_custom_out_set OUT_4 62 ==&gt; done OK retv 0
CLI_OUTPUT: /Target1/custom_out/action ddal_custom_out_get OUT_4
CLI_OUTPUT: ret /Target1/custom_out/action ddal_custom_out_get OUT_4 ==&gt; done OK retv 0 value 62
CLI_OUTPUT: /Target1/custom_out/action ddal_custom_out_set OUT_4 63
CLI_OUTPUT: ret /Target1/custom_out/action ddal_custom_out_set OUT_4 63 ==&gt; done OK retv 0
CLI_OUTPUT: /Target1/custom_out/action ddal_custom_out_get OUT_4
CLI_OUTPUT: ret /Target1/custom_out/action ddal_custom_out_get OUT_4 ==&gt; done OK retv 0 value 63
SCR_OUTPUT: ##### Test Case End: TC_03170_006 PASSED (0)
</system-out>
</testcase>

<testcase classname="HW_03170_basic_custom_out_tests" name="TC_03170_007 ddal_custom_out_get range check" time="1">
<system-out>
SCR_OUTPUT: ##### Test Case Start: TC_03170_007  ddal_custom_out_get range check
CLI_OUTPUT: /Target1/custom_out/action ddal_custom_out_get BAD_VALUE
CLI_OUTPUT: ret /Target1/custom_out/action ddal_custom_out_get BAD_VALUE ==&gt; done fail retv -22 errstr Invalid argument
SCR_OUTPUT: ##### Test Case End: TC_03170_007 PASSED (0)
</system-out>
</testcase>

<testcase classname="HW_03210_basic_gpio_tests" name="TC_03210_001 successful ddal_get_input calls" time="1">
<system-out>
SCR_OUTPUT: ##### Test Case Start: TC_03210_001  successful ddal_get_input calls
CLI_OUTPUT: /Target1/gpio/action get_input TEST_MODE 
CLI_OUTPUT: ret /Target1/gpio/action get_input TEST_MODE ==&gt; done OK retv 0 value 0
CLI_OUTPUT: /Target1/gpio/action get_input HEATER_STATUS 
CLI_OUTPUT: ret /Target1/gpio/action get_input HEATER_STATUS ==&gt; done OK retv 0 value 1
CLI_OUTPUT: /Target1/gpio/action get_input P5EAC_FAULT 
CLI_OUTPUT: ret /Target1/gpio/action get_input P5EAC_FAULT ==&gt; done OK retv 0 value 1
CLI_OUTPUT: /Target1/gpio/action get_input PHASE_ALARM 
CLI_OUTPUT: ret /Target1/gpio/action get_input PHASE_ALARM ==&gt; done OK retv 0 value 0
CLI_OUTPUT: /Target1/gpio/action get_input FSP1_PRESENCE 
CLI_OUTPUT: ret /Target1/gpio/action get_input FSP1_PRESENCE ==&gt; done OK retv 0 value 0
CLI_OUTPUT: /Target1/gpio/action get_input FSP2_PRESENCE 
CLI_OUTPUT: ret /Target1/gpio/action get_input FSP2_PRESENCE ==&gt; done OK retv 0 value 0
CLI_OUTPUT: /Target1/gpio/action get_input FSP3_PRESENCE 
CLI_OUTPUT: ret /Target1/gpio/action get_input FSP3_PRESENCE ==&gt; done OK retv 0 value 1
CLI_OUTPUT: /Target1/gpio/action get_input FTM_PRESENCE 
CLI_OUTPUT: ret /Target1/gpio/action get_input FTM_PRESENCE ==&gt; done OK retv 0 value 1
CLI_OUTPUT: /Target1/gpio/action get_input PWR_STAT_EXT 
CLI_OUTPUT: ret /Target1/gpio/action get_input PWR_STAT_EXT ==&gt; done OK retv 0 value 1
CLI_OUTPUT: /Target1/gpio/action get_input PWR_STAT_RF1 
CLI_OUTPUT: ret /Target1/gpio/action get_input PWR_STAT_RF1 ==&gt; done OK retv 0 value 1
CLI_OUTPUT: /Target1/gpio/action get_input PWR_STAT_RF2 
CLI_OUTPUT: ret /Target1/gpio/action get_input PWR_STAT_RF2 ==&gt; done OK retv 0 value 1
CLI_OUTPUT: /Target1/gpio/action get_input PWR_STAT_RF3 
CLI_OUTPUT: ret /Target1/gpio/action get_input PWR_STAT_RF3 ==&gt; done OK retv 0 value 1
SCR_OUTPUT: ##### Test Case End: TC_03210_001 PASSED (0)
</system-out>
</testcase>

<testcase classname="HW_03210_basic_gpio_tests" name="TC_03210_002 ddal_get_input range check" time="1">
<system-out>
SCR_OUTPUT: ##### Test Case Start: TC_03210_002  ddal_get_input range check
CLI_OUTPUT: /Target1/gpio/action get_input BAD_VALUE 
CLI_OUTPUT: ret /Target1/gpio/action get_input BAD_VALUE ==&gt; done fail retv -22 errstr Invalid argument
SCR_OUTPUT: ##### Test Case End: TC_03210_002 PASSED (0)
</system-out>
</testcase>

<testcase classname="HW_03210_basic_gpio_tests" name="TC_03210_003 successful ddal_get_output calls" time="1">
<failure>
HW_03210_basic_gpio_tests: TC_03210_003 - FAILED</failure>
<system-out>
SCR_OUTPUT: ##### Test Case Start: TC_03210_003  successful ddal_get_output calls
CLI_OUTPUT: /Target1/gpio/action get_output GPS_TIMESTAMP 
CLI_OUTPUT: ret /Target1/gpio/action get_output GPS_TIMESTAMP ==&gt; done fail retv -2 errstr No such file or directory
SCR_OUTPUT: *** Error: FS_PostFMonMsg_SCRIPT: ret /Target1/gpio/action get_output GPS_TIMESTAMP ==&gt; done fail retv -2 errstr No such file or directory
CLI_OUTPUT: /Target1/gpio/action get_output HEATER_CONTROL 
CLI_OUTPUT: ret /Target1/gpio/action get_output HEATER_CONTROL ==&gt; done OK retv 0 value 0
CLI_OUTPUT: /Target1/gpio/action get_output LATCH_TOE 
CLI_OUTPUT: ret /Target1/gpio/action get_output LATCH_TOE ==&gt; done OK retv 0 value 0
CLI_OUTPUT: /Target1/gpio/action get_output FSP_POWER_ENABLE 
CLI_OUTPUT: ret /Target1/gpio/action get_output FSP_POWER_ENABLE ==&gt; done OK retv 0 value 1
CLI_OUTPUT: /Target1/gpio/action get_output RESETS_ENABLE 
CLI_OUTPUT: ret /Target1/gpio/action get_output RESETS_ENABLE ==&gt; done fail retv -2 errstr No such file or directory
SCR_OUTPUT: *** Error: FS_PostFMonMsg_SCRIPT: ret /Target1/gpio/action get_output RESETS_ENABLE ==&gt; done fail retv -2 errstr No such file or directory
CLI_OUTPUT: /Target1/gpio/action get_output DEVICE_ID 
CLI_OUTPUT: ret /Target1/gpio/action get_output DEVICE_ID ==&gt; done OK retv 0 value 0
SCR_OUTPUT: ##### Test Case End: TC_03210_003 FAILED (1)
</system-out>
</testcase>

<testcase classname="HW_03210_basic_gpio_tests" name="TC_03210_004 ddal_get_output range check" time="1">
<system-out>
SCR_OUTPUT: ##### Test Case Start: TC_03210_004  ddal_get_output range check
CLI_OUTPUT: /Target1/gpio/action get_output BAD_VALUE 
CLI_OUTPUT: ret /Target1/gpio/action get_output BAD_VALUE ==&gt; done fail retv -22 errstr Invalid argument
SCR_OUTPUT: ##### Test Case End: TC_03210_004 PASSED (0)
</system-out>
</testcase>

<testcase classname="HW_03210_basic_gpio_tests" name="TC_03210_005 successful ddal_set_output calls" time="1">
<failure>
HW_03210_basic_gpio_tests: TC_03210_005 - FATAL</failure>
<system-out>
SCR_OUTPUT: ##### Test Case Start: TC_03210_005  successful ddal_set_output calls
CLI_OUTPUT: /Target1/gpio/action get_output GPS_TIMESTAMP 
CLI_OUTPUT: ret /Target1/gpio/action get_output GPS_TIMESTAMP ==&gt; done fail retv -2 errstr No such file or directory
SCR_OUTPUT: *** Error: FS_PostFMonMsg_SCRIPT: ret /Target1/gpio/action get_output GPS_TIMESTAMP ==&gt; done fail retv -2 errstr No such file or directory
SCR_OUTPUT: *** Error: TC catch: TC_03210_005 fid=list must have an even number of elements
SCR_OUTPUT: 
Details:
list must have an even number of elements
    while executing
&quot;array set res $retv&quot;
    (procedure &quot;TC_03210_005_dbg&quot; line 20)
    invoked from within
&quot;TC_03210_005_dbg ::runScripts::Script::FMON_CONNECTION_Target1&quot;
    (&quot;eval&quot; body line 1)
    invoked from within
&quot;eval  &quot;TC_03210_005_dbg&quot; $args &quot;

SCR_OUTPUT: ##### Test Case Start: TC_03210_006  ddal_set_output range check
</system-out>
</testcase>

<testcase classname="HW_03210_basic_gpio_tests" name="TC_03210_006 ddal_set_output range check" time="1">
<system-out>
SCR_OUTPUT: ##### Test Case Start: TC_03210_006  ddal_set_output range check
CLI_OUTPUT: /Target1/gpio/action set_output BAD_VALUE 1
CLI_OUTPUT: ret /Target1/gpio/action set_output BAD_VALUE 1 ==&gt; done fail retv -22 errstr Invalid argument
SCR_OUTPUT: ##### Test Case End: TC_03210_006 PASSED (0)
</system-out>
</testcase>

<testcase classname="HW_03210_basic_gpio_tests" name="TC_03210_007 successful ddal_ctrl_set calls" time="1">
<failure>
HW_03210_basic_gpio_tests: TC_03210_007 - FATAL</failure>
<system-out>
SCR_OUTPUT: ##### Test Case Start: TC_03210_007  successful ddal_ctrl_set calls
CLI_OUTPUT: /Target1/ctrl/action ddal_ctrl_get DDAL_OUT_GPS_TIMESTAMP 
CLI_OUTPUT: ret /Target1/ctrl/action ddal_ctrl_get DDAL_OUT_GPS_TIMESTAMP ==&gt; done fail retv -2 errstr No such file or directory
SCR_OUTPUT: *** Error: FS_PostFMonMsg_SCRIPT: ret /Target1/ctrl/action ddal_ctrl_get DDAL_OUT_GPS_TIMESTAMP ==&gt; done fail retv -2 errstr No such file or directory
SCR_OUTPUT: *** Error: TC catch: TC_03210_007 fid=list must have an even number of elements
SCR_OUTPUT: 
Details:
list must have an even number of elements
    while executing
&quot;array set res $retv&quot;
    (procedure &quot;TC_03210_007_dbg&quot; line 21)
    invoked from within
&quot;TC_03210_007_dbg ::runScripts::Script::FMON_CONNECTION_Target1&quot;
    (&quot;eval&quot; body line 1)
    invoked from within
&quot;eval  &quot;TC_03210_007_dbg&quot; $args &quot;

SCR_OUTPUT: ##### Test Case Start: TC_03210_008  ddal_ctrl_set range check
</system-out>
</testcase>

<testcase classname="HW_03210_basic_gpio_tests" name="TC_03210_008 ddal_ctrl_set range check" time="1">
<system-out>
SCR_OUTPUT: ##### Test Case Start: TC_03210_008  ddal_ctrl_set range check
CLI_OUTPUT: /Target1/ctrl/action ddal_ctrl_set BAD_VALUE 1
CLI_OUTPUT: ret /Target1/ctrl/action ddal_ctrl_set BAD_VALUE 1 ==&gt; done fail retv -22 errstr Invalid argument
SCR_OUTPUT: ##### Test Case End: TC_03210_008 PASSED (0)
</system-out>
</testcase>

<testcase classname="HW_03210_basic_gpio_tests" name="TC_03210_009 successful ddal_ctrl_get calls" time="1">
<failure>
HW_03210_basic_gpio_tests: TC_03210_009 - FAILED</failure>
<system-out>
SCR_OUTPUT: ##### Test Case Start: TC_03210_009  successful ddal_ctrl_get calls
CLI_OUTPUT: /Target1/ctrl/action ddal_ctrl_get DDAL_OUT_GPS_TIMESTAMP 
CLI_OUTPUT: ret /Target1/ctrl/action ddal_ctrl_get DDAL_OUT_GPS_TIMESTAMP ==&gt; done fail retv -2 errstr No such file or directory
SCR_OUTPUT: *** Error: FS_PostFMonMsg_SCRIPT: ret /Target1/ctrl/action ddal_ctrl_get DDAL_OUT_GPS_TIMESTAMP ==&gt; done fail retv -2 errstr No such file or directory
CLI_OUTPUT: /Target1/ctrl/action ddal_ctrl_get DDAL_OUT_DEVICE_ID 
CLI_OUTPUT: ret /Target1/ctrl/action ddal_ctrl_get DDAL_OUT_DEVICE_ID ==&gt; done OK retv 0 value 0
CLI_OUTPUT: /Target1/ctrl/action ddal_ctrl_get DDAL_OUT_HEATER_CONTROL 
CLI_OUTPUT: ret /Target1/ctrl/action ddal_ctrl_get DDAL_OUT_HEATER_CONTROL ==&gt; done OK retv 0 value 0
CLI_OUTPUT: /Target1/ctrl/action ddal_ctrl_get DDAL_OUT_LATCH_TOE 
CLI_OUTPUT: ret /Target1/ctrl/action ddal_ctrl_get DDAL_OUT_LATCH_TOE ==&gt; done OK retv 0 value 0
SCR_OUTPUT: ##### Test Case End: TC_03210_009 FAILED (1)
</system-out>
</testcase>

<testcase classname="HW_03210_basic_gpio_tests" name="TC_03210_010 ddal_ctrl_get range check" time="1">
<system-out>
SCR_OUTPUT: ##### Test Case Start: TC_03210_010  ddal_ctrl_get range check
CLI_OUTPUT: /Target1/ctrl/action ddal_ctrl_get BAD_VALUE 
CLI_OUTPUT: ret /Target1/ctrl/action ddal_ctrl_get BAD_VALUE ==&gt; done fail retv -22 errstr Invalid argument
SCR_OUTPUT: ##### Test Case End: TC_03210_010 PASSED (0)
</system-out>
</testcase>

<testcase classname="HW_03210_basic_gpio_tests" name="TC_03210_011 successful ddal_status_get calls" time="1">
<system-out>
SCR_OUTPUT: ##### Test Case Start: TC_03210_011  successful ddal_status_get calls
CLI_OUTPUT: /Target1/ctrl/action ddal_status_get DDAL_IN_PWR_STAT_EXT 
CLI_OUTPUT: ret /Target1/ctrl/action ddal_status_get DDAL_IN_PWR_STAT_EXT ==&gt; done OK retv 0 value 1
CLI_OUTPUT: /Target1/ctrl/action ddal_status_get DDAL_IN_PWR_STAT_RF3 
CLI_OUTPUT: ret /Target1/ctrl/action ddal_status_get DDAL_IN_PWR_STAT_RF3 ==&gt; done OK retv 0 value 1
CLI_OUTPUT: /Target1/ctrl/action ddal_status_get DDAL_IN_PWR_STAT_RF2 
CLI_OUTPUT: ret /Target1/ctrl/action ddal_status_get DDAL_IN_PWR_STAT_RF2 ==&gt; done OK retv 0 value 1
CLI_OUTPUT: /Target1/ctrl/action ddal_status_get DDAL_IN_PWR_STAT_RF1 
CLI_OUTPUT: ret /Target1/ctrl/action ddal_status_get DDAL_IN_PWR_STAT_RF1 ==&gt; done OK retv 0 value 1
CLI_OUTPUT: /Target1/ctrl/action ddal_status_get DDAL_IN_FSP3_PRESENCE 
CLI_OUTPUT: ret /Target1/ctrl/action ddal_status_get DDAL_IN_FSP3_PRESENCE ==&gt; done OK retv 0 value 1
CLI_OUTPUT: /Target1/ctrl/action ddal_status_get DDAL_IN_FSP2_PRESENCE 
CLI_OUTPUT: ret /Target1/ctrl/action ddal_status_get DDAL_IN_FSP2_PRESENCE ==&gt; done OK retv 0 value 0
CLI_OUTPUT: /Target1/ctrl/action ddal_status_get DDAL_IN_FSP1_PRESENCE 
CLI_OUTPUT: ret /Target1/ctrl/action ddal_status_get DDAL_IN_FSP1_PRESENCE ==&gt; done OK retv 0 value 0
CLI_OUTPUT: /Target1/ctrl/action ddal_status_get DDAL_IN_FTM_PRESENCE 
CLI_OUTPUT: ret /Target1/ctrl/action ddal_status_get DDAL_IN_FTM_PRESENCE ==&gt; done OK retv 0 value 1
CLI_OUTPUT: /Target1/ctrl/action ddal_status_get DDAL_IN_TEST_MODE 
CLI_OUTPUT: ret /Target1/ctrl/action ddal_status_get DDAL_IN_TEST_MODE ==&gt; done OK retv 0 value 0
CLI_OUTPUT: /Target1/ctrl/action ddal_status_get DDAL_IN_PHASE_ALARM 
CLI_OUTPUT: ret /Target1/ctrl/action ddal_status_get DDAL_IN_PHASE_ALARM ==&gt; done OK retv 0 value 0
CLI_OUTPUT: /Target1/ctrl/action ddal_status_get DDAL_IN_P5EAC_FAULT 
CLI_OUTPUT: ret /Target1/ctrl/action ddal_status_get DDAL_IN_P5EAC_FAULT ==&gt; done OK retv 0 value 1
CLI_OUTPUT: /Target1/ctrl/action ddal_status_get DDAL_IN_HEATER_STATUS 
CLI_OUTPUT: ret /Target1/ctrl/action ddal_status_get DDAL_IN_HEATER_STATUS ==&gt; done OK retv 0 value 1
SCR_OUTPUT: ##### Test Case End: TC_03210_011 PASSED (0)
</system-out>
</testcase>

<testcase classname="HW_03210_basic_gpio_tests" name="TC_03210_012 ddal_status_get range check" time="1">
<system-out>
SCR_OUTPUT: ##### Test Case Start: TC_03210_012  ddal_status_get range check
CLI_OUTPUT: /Target1/ctrl/action ddal_status_get BAD_VALUE 
CLI_OUTPUT: ret /Target1/ctrl/action ddal_status_get BAD_VALUE ==&gt; done fail retv -22 errstr Invalid argument
SCR_OUTPUT: ##### Test Case End: TC_03210_012 PASSED (0)
</system-out>
</testcase>

<testcase classname="HW_03230_basic_register_tests" name="TC_03230_001 successful ddal_register_read32 and ddal_register_write32 calls for SFP" time="1">
<system-out>
SCR_OUTPUT: ##### Test Case Start: TC_03230_001  successful ddal_register_read32 and ddal_register_write32 calls for SFP
SCR_OUTPUT: 0 SFP: read 32 Bit register
CLI_OUTPUT: /Target1/register/action ddal_register_read32 0 0x3218
CLI_OUTPUT: ret /Target1/register/action ddal_register_read32 0 0x3218 ==&gt; done OK retv 0 offset 12824 value 0
SCR_OUTPUT: SFP: offset = 0x3218  value = 0x0
CLI_OUTPUT: /Target1/register/action ddal_register_read32 0 12825
CLI_OUTPUT: ret /Target1/register/action ddal_register_read32 0 12825 ==&gt; done OK retv 0 offset 12825 value 0
SCR_OUTPUT: SFP: offset = 0x3219  value = 0x0
CLI_OUTPUT: /Target1/register/action ddal_register_read32 0 12826
CLI_OUTPUT: ret /Target1/register/action ddal_register_read32 0 12826 ==&gt; done OK retv 0 offset 12826 value 0
SCR_OUTPUT: SFP: offset = 0x321a  value = 0x0
CLI_OUTPUT: /Target1/register/action ddal_register_read32 0 12827
CLI_OUTPUT: ret /Target1/register/action ddal_register_read32 0 12827 ==&gt; done OK retv 0 offset 12827 value 0
SCR_OUTPUT: SFP: offset = 0x321b  value = 0x0
CLI_OUTPUT: /Target1/register/action ddal_register_read32 0 12828
CLI_OUTPUT: ret /Target1/register/action ddal_register_read32 0 12828 ==&gt; done OK retv 0 offset 12828 value 0
SCR_OUTPUT: SFP: offset = 0x321c  value = 0x0
SCR_OUTPUT: 0 SFP: write 32 Bit register
CLI_OUTPUT: /Target1/register/action ddal_register_write32 0 0x3218 1413829701
CLI_OUTPUT: ret /Target1/register/action ddal_register_write32 0 0x3218 1413829701 ==&gt; done OK retv 0 offset 12824 value 1413829701
SCR_OUTPUT: SFP: offset = 0x3218  value = 0x54455445
CLI_OUTPUT: /Target1/register/action ddal_register_write32 0 12825 1413829701
CLI_OUTPUT: ret /Target1/register/action ddal_register_write32 0 12825 1413829701 ==&gt; done OK retv 0 offset 12825 value 1413829701
SCR_OUTPUT: SFP: offset = 0x3219  value = 0x54455445
CLI_OUTPUT: /Target1/register/action ddal_register_write32 0 12826 1413829701
CLI_OUTPUT: ret /Target1/register/action ddal_register_write32 0 12826 1413829701 ==&gt; done OK retv 0 offset 12826 value 1413829701
SCR_OUTPUT: SFP: offset = 0x321a  value = 0x54455445
CLI_OUTPUT: /Target1/register/action ddal_register_write32 0 12827 1413829701
CLI_OUTPUT: ret /Target1/register/action ddal_register_write32 0 12827 1413829701 ==&gt; done OK retv 0 offset 12827 value 1413829701
SCR_OUTPUT: SFP: offset = 0x321b  value = 0x54455445
CLI_OUTPUT: /Target1/register/action ddal_register_write32 0 12828 1413829701
CLI_OUTPUT: ret /Target1/register/action ddal_register_write32 0 12828 1413829701 ==&gt; done OK retv 0 offset 12828 value 1413829701
SCR_OUTPUT: SFP: offset = 0x321c  value = 0x54455445
SCR_OUTPUT: 1 SFP: read 32 Bit register
CLI_OUTPUT: /Target1/register/action ddal_register_read32 0 0x3218
CLI_OUTPUT: ret /Target1/register/action ddal_register_read32 0 0x3218 ==&gt; done OK retv 0 offset 12824 value 0
SCR_OUTPUT: SFP: offset = 0x3218  value = 0x0
CLI_OUTPUT: /Target1/register/action ddal_register_read32 0 12825
CLI_OUTPUT: ret /Target1/register/action ddal_register_read32 0 12825 ==&gt; done OK retv 0 offset 12825 value 0
SCR_OUTPUT: SFP: offset = 0x3219  value = 0x0
CLI_OUTPUT: /Target1/register/action ddal_register_read32 0 12826
CLI_OUTPUT: ret /Target1/register/action ddal_register_read32 0 12826 ==&gt; done OK retv 0 offset 12826 value 0
SCR_OUTPUT: SFP: offset = 0x321a  value = 0x0
CLI_OUTPUT: /Target1/register/action ddal_register_read32 0 12827
CLI_OUTPUT: ret /Target1/register/action ddal_register_read32 0 12827 ==&gt; done OK retv 0 offset 12827 value 0
SCR_OUTPUT: SFP: offset = 0x321b  value = 0x0
CLI_OUTPUT: /Target1/register/action ddal_register_read32 0 12828
CLI_OUTPUT: ret /Target1/register/action ddal_register_read32 0 12828 ==&gt; done OK retv 0 offset 12828 value 0
SCR_OUTPUT: SFP: offset = 0x321c  value = 0x0
SCR_OUTPUT: 1 SFP: write 32 Bit register
CLI_OUTPUT: /Target1/register/action ddal_register_write32 0 0x3218 2827659402
CLI_OUTPUT: ret /Target1/register/action ddal_register_write32 0 0x3218 2827659402 ==&gt; done OK retv 0 offset 12824 value -1467307894
SCR_OUTPUT: SFP: offset = 0x3218  value = 0xffffffffa88aa88a
CLI_OUTPUT: /Target1/register/action ddal_register_write32 0 12825 2827659402
CLI_OUTPUT: ret /Target1/register/action ddal_register_write32 0 12825 2827659402 ==&gt; done OK retv 0 offset 12825 value -1467307894
SCR_OUTPUT: SFP: offset = 0x3219  value = 0xffffffffa88aa88a
CLI_OUTPUT: /Target1/register/action ddal_register_write32 0 12826 2827659402
CLI_OUTPUT: ret /Target1/register/action ddal_register_write32 0 12826 2827659402 ==&gt; done OK retv 0 offset 12826 value -1467307894
SCR_OUTPUT: SFP: offset = 0x321a  value = 0xffffffffa88aa88a
CLI_OUTPUT: /Target1/register/action ddal_register_write32 0 12827 2827659402
CLI_OUTPUT: ret /Target1/register/action ddal_register_write32 0 12827 2827659402 ==&gt; done OK retv 0 offset 12827 value -1467307894
SCR_OUTPUT: SFP: offset = 0x321b  value = 0xffffffffa88aa88a
CLI_OUTPUT: /Target1/register/action ddal_register_write32 0 12828 2827659402
CLI_OUTPUT: ret /Target1/register/action ddal_register_write32 0 12828 2827659402 ==&gt; done OK retv 0 offset 12828 value -1467307894
SCR_OUTPUT: SFP: offset = 0x321c  value = 0xffffffffa88aa88a
SCR_OUTPUT: 2 SFP: read 32 Bit register
CLI_OUTPUT: /Target1/register/action ddal_register_read32 0 0x3218
CLI_OUTPUT: ret /Target1/register/action ddal_register_read32 0 0x3218 ==&gt; done OK retv 0 offset 12824 value 0
SCR_OUTPUT: SFP: offset = 0x3218  value = 0x0
CLI_OUTPUT: /Target1/register/action ddal_register_read32 0 12825
CLI_OUTPUT: ret /Target1/register/action ddal_register_read32 0 12825 ==&gt; done OK retv 0 offset 12825 value 0
SCR_OUTPUT: SFP: offset = 0x3219  value = 0x0
CLI_OUTPUT: /Target1/register/action ddal_register_read32 0 12826
CLI_OUTPUT: ret /Target1/register/action ddal_register_read32 0 12826 ==&gt; done OK retv 0 offset 12826 value 0
SCR_OUTPUT: SFP: offset = 0x321a  value = 0x0
CLI_OUTPUT: /Target1/register/action ddal_register_read32 0 12827
CLI_OUTPUT: ret /Target1/register/action ddal_register_read32 0 12827 ==&gt; done OK retv 0 offset 12827 value 0
SCR_OUTPUT: SFP: offset = 0x321b  value = 0x0
CLI_OUTPUT: /Target1/register/action ddal_register_read32 0 12828
CLI_OUTPUT: ret /Target1/register/action ddal_register_read32 0 12828 ==&gt; done OK retv 0 offset 12828 value 0
SCR_OUTPUT: SFP: offset = 0x321c  value = 0x0
SCR_OUTPUT: End SFP Test
CLI_OUTPUT: /Target1/register/action ddal_register_write32 0 0x3218 0
CLI_OUTPUT: ret /Target1/register/action ddal_register_write32 0 0x3218 0 ==&gt; done OK retv 0 offset 12824 value 0
CLI_OUTPUT: /Target1/register/action ddal_register_write32 0 12825 0
CLI_OUTPUT: ret /Target1/register/action ddal_register_write32 0 12825 0 ==&gt; done OK retv 0 offset 12825 value 0
CLI_OUTPUT: /Target1/register/action ddal_register_write32 0 12826 0
CLI_OUTPUT: ret /Target1/register/action ddal_register_write32 0 12826 0 ==&gt; done OK retv 0 offset 12826 value 0
CLI_OUTPUT: /Target1/register/action ddal_register_write32 0 12827 0
CLI_OUTPUT: ret /Target1/register/action ddal_register_write32 0 12827 0 ==&gt; done OK retv 0 offset 12827 value 0
CLI_OUTPUT: /Target1/register/action ddal_register_write32 0 12828 0
CLI_OUTPUT: ret /Target1/register/action ddal_register_write32 0 12828 0 ==&gt; done OK retv 0 offset 12828 value 0
SCR_OUTPUT: ##### Test Case End: TC_03230_001 PASSED (0)
</system-out>
</testcase>

<testcase classname="HW_03230_basic_register_tests" name="TC_03230_002 successful ddal_register_read32 and ddal_register_write32 calls for EX SWITCH" time="1">
<system-out>
SCR_OUTPUT: ##### Test Case Start: TC_03230_002  successful ddal_register_read32 and ddal_register_write32 calls for EX SWITCH
SCR_OUTPUT: 0 EX SWITCH: read 32 Bit register
CLI_OUTPUT: /Target1/register/action ddal_register_read32 0 0x1f00
CLI_OUTPUT: ret /Target1/register/action ddal_register_read32 0 0x1f00 ==&gt; done OK retv 0 offset 7936 value 0
SCR_OUTPUT: EX SWITCH read: offset = 0x1f00  value = 0x0
CLI_OUTPUT: /Target1/register/action ddal_register_read32 0 7937
CLI_OUTPUT: ret /Target1/register/action ddal_register_read32 0 7937 ==&gt; done OK retv 0 offset 7937 value 0
SCR_OUTPUT: EX SWITCH read: offset = 0x1f01  value = 0x0
CLI_OUTPUT: /Target1/register/action ddal_register_read32 0 7938
CLI_OUTPUT: ret /Target1/register/action ddal_register_read32 0 7938 ==&gt; done OK retv 0 offset 7938 value 0
SCR_OUTPUT: EX SWITCH read: offset = 0x1f02  value = 0x0
CLI_OUTPUT: /Target1/register/action ddal_register_read32 0 7939
CLI_OUTPUT: ret /Target1/register/action ddal_register_read32 0 7939 ==&gt; done OK retv 0 offset 7939 value 0
SCR_OUTPUT: EX SWITCH read: offset = 0x1f03  value = 0x0
CLI_OUTPUT: /Target1/register/action ddal_register_read32 0 7940
CLI_OUTPUT: ret /Target1/register/action ddal_register_read32 0 7940 ==&gt; done OK retv 0 offset 7940 value 0
SCR_OUTPUT: EX SWITCH read: offset = 0x1f04  value = 0x0
CLI_OUTPUT: /Target1/register/action ddal_register_read32 0 7941
CLI_OUTPUT: ret /Target1/register/action ddal_register_read32 0 7941 ==&gt; done OK retv 0 offset 7941 value 0
SCR_OUTPUT: EX SWITCH read: offset = 0x1f05  value = 0x0
CLI_OUTPUT: /Target1/register/action ddal_register_read32 0 7942
CLI_OUTPUT: ret /Target1/register/action ddal_register_read32 0 7942 ==&gt; done OK retv 0 offset 7942 value 0
SCR_OUTPUT: EX SWITCH read: offset = 0x1f06  value = 0x0
CLI_OUTPUT: /Target1/register/action ddal_register_read32 0 7943
CLI_OUTPUT: ret /Target1/register/action ddal_register_read32 0 7943 ==&gt; done OK retv 0 offset 7943 value 0
SCR_OUTPUT: EX SWITCH read: offset = 0x1f07  value = 0x0
CLI_OUTPUT: /Target1/register/action ddal_register_read32 0 7944
CLI_OUTPUT: ret /Target1/register/action ddal_register_read32 0 7944 ==&gt; done OK retv 0 offset 7944 value 0
SCR_OUTPUT: EX SWITCH read: offset = 0x1f08  value = 0x0
CLI_OUTPUT: /Target1/register/action ddal_register_read32 0 7945
CLI_OUTPUT: ret /Target1/register/action ddal_register_read32 0 7945 ==&gt; done OK retv 0 offset 7945 value 0
SCR_OUTPUT: EX SWITCH read: offset = 0x1f09  value = 0x0
CLI_OUTPUT: /Target1/register/action ddal_register_read32 0 7946
CLI_OUTPUT: ret /Target1/register/action ddal_register_read32 0 7946 ==&gt; done OK retv 0 offset 7946 value 0
SCR_OUTPUT: EX SWITCH read: offset = 0x1f0a  value = 0x0
CLI_OUTPUT: /Target1/register/action ddal_register_read32 0 7947
CLI_OUTPUT: ret /Target1/register/action ddal_register_read32 0 7947 ==&gt; done OK retv 0 offset 7947 value 0
SCR_OUTPUT: EX SWITCH read: offset = 0x1f0b  value = 0x0
CLI_OUTPUT: /Target1/register/action ddal_register_read32 0 7948
CLI_OUTPUT: ret /Target1/register/action ddal_register_read32 0 7948 ==&gt; done OK retv 0 offset 7948 value 0
SCR_OUTPUT: EX SWITCH read: offset = 0x1f0c  value = 0x0
CLI_OUTPUT: /Target1/register/action ddal_register_read32 0 7949
CLI_OUTPUT: ret /Target1/register/action ddal_register_read32 0 7949 ==&gt; done OK retv 0 offset 7949 value 0
SCR_OUTPUT: EX SWITCH read: offset = 0x1f0d  value = 0x0
CLI_OUTPUT: /Target1/register/action ddal_register_read32 0 7950
CLI_OUTPUT: ret /Target1/register/action ddal_register_read32 0 7950 ==&gt; done OK retv 0 offset 7950 value 0
SCR_OUTPUT: EX SWITCH read: offset = 0x1f0e  value = 0x0
CLI_OUTPUT: /Target1/register/action ddal_register_read32 0 7951
CLI_OUTPUT: ret /Target1/register/action ddal_register_read32 0 7951 ==&gt; done OK retv 0 offset 7951 value 0
SCR_OUTPUT: EX SWITCH read: offset = 0x1f0f  value = 0x0
CLI_OUTPUT: /Target1/register/action ddal_register_read32 0 7952
CLI_OUTPUT: ret /Target1/register/action ddal_register_read32 0 7952 ==&gt; done OK retv 0 offset 7952 value 0
SCR_OUTPUT: EX SWITCH read: offset = 0x1f10  value = 0x0
CLI_OUTPUT: /Target1/register/action ddal_register_read32 0 7953
CLI_OUTPUT: ret /Target1/register/action ddal_register_read32 0 7953 ==&gt; done OK retv 0 offset 7953 value 0
SCR_OUTPUT: EX SWITCH read: offset = 0x1f11  value = 0x0
CLI_OUTPUT: /Target1/register/action ddal_register_read32 0 7954
CLI_OUTPUT: ret /Target1/register/action ddal_register_read32 0 7954 ==&gt; done OK retv 0 offset 7954 value 0
SCR_OUTPUT: EX SWITCH read: offset = 0x1f12  value = 0x0
CLI_OUTPUT: /Target1/register/action ddal_register_read32 0 7955
CLI_OUTPUT: ret /Target1/register/action ddal_register_read32 0 7955 ==&gt; done OK retv 0 offset 7955 value 0
SCR_OUTPUT: EX SWITCH read: offset = 0x1f13  value = 0x0
CLI_OUTPUT: /Target1/register/action ddal_register_read32 0 7956
CLI_OUTPUT: ret /Target1/register/action ddal_register_read32 0 7956 ==&gt; done OK retv 0 offset 7956 value 0
SCR_OUTPUT: EX SWITCH read: offset = 0x1f14  value = 0x0
CLI_OUTPUT: /Target1/register/action ddal_register_read32 0 7957
CLI_OUTPUT: ret /Target1/register/action ddal_register_read32 0 7957 ==&gt; done OK retv 0 offset 7957 value 0
SCR_OUTPUT: EX SWITCH read: offset = 0x1f15  value = 0x0
CLI_OUTPUT: /Target1/register/action ddal_register_read32 0 7958
CLI_OUTPUT: ret /Target1/register/action ddal_register_read32 0 7958 ==&gt; done OK retv 0 offset 7958 value 0
SCR_OUTPUT: EX SWITCH read: offset = 0x1f16  value = 0x0
CLI_OUTPUT: /Target1/register/action ddal_register_read32 0 7959
CLI_OUTPUT: ret /Target1/register/action ddal_register_read32 0 7959 ==&gt; done OK retv 0 offset 7959 value 0
SCR_OUTPUT: EX SWITCH read: offset = 0x1f17  value = 0x0
CLI_OUTPUT: /Target1/register/action ddal_register_read32 0 7960
CLI_OUTPUT: ret /Target1/register/action ddal_register_read32 0 7960 ==&gt; done OK retv 0 offset 7960 value 0
SCR_OUTPUT: EX SWITCH read: offset = 0x1f18  value = 0x0
CLI_OUTPUT: /Target1/register/action ddal_register_read32 0 7961
CLI_OUTPUT: ret /Target1/register/action ddal_register_read32 0 7961 ==&gt; done OK retv 0 offset 7961 value 0
SCR_OUTPUT: EX SWITCH read: offset = 0x1f19  value = 0x0
CLI_OUTPUT: /Target1/register/action ddal_register_read32 0 7962
CLI_OUTPUT: ret /Target1/register/action ddal_register_read32 0 7962 ==&gt; done OK retv 0 offset 7962 value 0
SCR_OUTPUT: EX SWITCH read: offset = 0x1f1a  value = 0x0
CLI_OUTPUT: /Target1/register/action ddal_register_read32 0 7963
CLI_OUTPUT: ret /Target1/register/action ddal_register_read32 0 7963 ==&gt; done OK retv 0 offset 7963 value 0
SCR_OUTPUT: EX SWITCH read: offset = 0x1f1b  value = 0x0
CLI_OUTPUT: /Target1/register/action ddal_register_read32 0 7964
CLI_OUTPUT: ret /Target1/register/action ddal_register_read32 0 7964 ==&gt; done OK retv 0 offset 7964 value 0
SCR_OUTPUT: EX SWITCH read: offset = 0x1f1c  value = 0x0
CLI_OUTPUT: /Target1/register/action ddal_register_read32 0 7965
CLI_OUTPUT: ret /Target1/register/action ddal_register_read32 0 7965 ==&gt; done OK retv 0 offset 7965 value 0
SCR_OUTPUT: EX SWITCH read: offset = 0x1f1d  value = 0x0
CLI_OUTPUT: /Target1/register/action ddal_register_read32 0 7966
CLI_OUTPUT: ret /Target1/register/action ddal_register_read32 0 7966 ==&gt; done OK retv 0 offset 7966 value 0
SCR_OUTPUT: EX SWITCH read: offset = 0x1f1e  value = 0x0
CLI_OUTPUT: /Target1/register/action ddal_register_read32 0 7967
CLI_OUTPUT: ret /Target1/register/action ddal_register_read32 0 7967 ==&gt; done OK retv 0 offset 7967 value 0
SCR_OUTPUT: EX SWITCH read: offset = 0x1f1f  value = 0x0
CLI_OUTPUT: /Target1/register/action ddal_register_read32 0 7968
CLI_OUTPUT: ret /Target1/register/action ddal_register_read32 0 7968 ==&gt; done OK retv 0 offset 7968 value 0
SCR_OUTPUT: EX SWITCH read: offset = 0x1f20  value = 0x0
CLI_OUTPUT: /Target1/register/action ddal_register_read32 0 7969
CLI_OUTPUT: ret /Target1/register/action ddal_register_read32 0 7969 ==&gt; done OK retv 0 offset 7969 value 0
SCR_OUTPUT: EX SWITCH read: offset = 0x1f21  value = 0x0
CLI_OUTPUT: /Target1/register/action ddal_register_read32 0 7970
CLI_OUTPUT: ret /Target1/register/action ddal_register_read32 0 7970 ==&gt; done OK retv 0 offset 7970 value 0
SCR_OUTPUT: EX SWITCH read: offset = 0x1f22  value = 0x0
CLI_OUTPUT: /Target1/register/action ddal_register_read32 0 7971
CLI_OUTPUT: ret /Target1/register/action ddal_register_read32 0 7971 ==&gt; done OK retv 0 offset 7971 value 0
SCR_OUTPUT: EX SWITCH read: offset = 0x1f23  value = 0x0
CLI_OUTPUT: /Target1/register/action ddal_register_read32 0 7972
CLI_OUTPUT: ret /Target1/register/action ddal_register_read32 0 7972 ==&gt; done OK retv 0 offset 7972 value 0
SCR_OUTPUT: EX SWITCH read: offset = 0x1f24  value = 0x0
CLI_OUTPUT: /Target1/register/action ddal_register_read32 0 7973
CLI_OUTPUT: ret /Target1/register/action ddal_register_read32 0 7973 ==&gt; done OK retv 0 offset 7973 value 0
SCR_OUTPUT: EX SWITCH read: offset = 0x1f25  value = 0x0
CLI_OUTPUT: /Target1/register/action ddal_register_read32 0 7974
CLI_OUTPUT: ret /Target1/register/action ddal_register_read32 0 7974 ==&gt; done OK retv 0 offset 7974 value 0
SCR_OUTPUT: EX SWITCH read: offset = 0x1f26  value = 0x0
CLI_OUTPUT: /Target1/register/action ddal_register_read32 0 7975
CLI_OUTPUT: ret /Target1/register/action ddal_register_read32 0 7975 ==&gt; done OK retv 0 offset 7975 value 0
SCR_OUTPUT: EX SWITCH read: offset = 0x1f27  value = 0x0
CLI_OUTPUT: /Target1/register/action ddal_register_read32 0 7976
CLI_OUTPUT: ret /Target1/register/action ddal_register_read32 0 7976 ==&gt; done OK retv 0 offset 7976 value 0
SCR_OUTPUT: EX SWITCH read: offset = 0x1f28  value = 0x0
CLI_OUTPUT: /Target1/register/action ddal_register_read32 0 7977
CLI_OUTPUT: ret /Target1/register/action ddal_register_read32 0 7977 ==&gt; done OK retv 0 offset 7977 value 0
SCR_OUTPUT: EX SWITCH read: offset = 0x1f29  value = 0x0
CLI_OUTPUT: /Target1/register/action ddal_register_read32 0 7978
CLI_OUTPUT: ret /Target1/register/action ddal_register_read32 0 7978 ==&gt; done OK retv 0 offset 7978 value 0
SCR_OUTPUT: EX SWITCH read: offset = 0x1f2a  value = 0x0
CLI_OUTPUT: /Target1/register/action ddal_register_read32 0 7979
CLI_OUTPUT: ret /Target1/register/action ddal_register_read32 0 7979 ==&gt; done OK retv 0 offset 7979 value 0
SCR_OUTPUT: EX SWITCH read: offset = 0x1f2b  value = 0x0
CLI_OUTPUT: /Target1/register/action ddal_register_read32 0 7980
CLI_OUTPUT: ret /Target1/register/action ddal_register_read32 0 7980 ==&gt; done OK retv 0 offset 7980 value 0
SCR_OUTPUT: EX SWITCH read: offset = 0x1f2c  value = 0x0
CLI_OUTPUT: /Target1/register/action ddal_register_read32 0 7981
CLI_OUTPUT: ret /Target1/register/action ddal_register_read32 0 7981 ==&gt; done OK retv 0 offset 7981 value 0
SCR_OUTPUT: EX SWITCH read: offset = 0x1f2d  value = 0x0
CLI_OUTPUT: /Target1/register/action ddal_register_read32 0 7982
CLI_OUTPUT: ret /Target1/register/action ddal_register_read32 0 7982 ==&gt; done OK retv 0 offset 7982 value 0
SCR_OUTPUT: EX SWITCH read: offset = 0x1f2e  value = 0x0
CLI_OUTPUT: /Target1/register/action ddal_register_read32 0 7983
CLI_OUTPUT: ret /Target1/register/action ddal_register_read32 0 7983 ==&gt; done OK retv 0 offset 7983 value 0
SCR_OUTPUT: EX SWITCH read: offset = 0x1f2f  value = 0x0
CLI_OUTPUT: /Target1/register/action ddal_register_read32 0 7984
CLI_OUTPUT: ret /Target1/register/action ddal_register_read32 0 7984 ==&gt; done OK retv 0 offset 7984 value 0
SCR_OUTPUT: EX SWITCH read: offset = 0x1f30  value = 0x0
CLI_OUTPUT: /Target1/register/action ddal_register_read32 0 7985
CLI_OUTPUT: ret /Target1/register/action ddal_register_read32 0 7985 ==&gt; done OK retv 0 offset 7985 value 0
SCR_OUTPUT: EX SWITCH read: offset = 0x1f31  value = 0x0
CLI_OUTPUT: /Target1/register/action ddal_register_read32 0 7986
CLI_OUTPUT: ret /Target1/register/action ddal_register_read32 0 7986 ==&gt; done OK retv 0 offset 7986 value 0
SCR_OUTPUT: EX SWITCH read: offset = 0x1f32  value = 0x0
CLI_OUTPUT: /Target1/register/action ddal_register_read32 0 7987
CLI_OUTPUT: ret /Target1/register/action ddal_register_read32 0 7987 ==&gt; done OK retv 0 offset 7987 value 0
SCR_OUTPUT: EX SWITCH read: offset = 0x1f33  value = 0x0
CLI_OUTPUT: /Target1/register/action ddal_register_read32 0 7988
CLI_OUTPUT: ret /Target1/register/action ddal_register_read32 0 7988 ==&gt; done OK retv 0 offset 7988 value 0
SCR_OUTPUT: EX SWITCH read: offset = 0x1f34  value = 0x0
CLI_OUTPUT: /Target1/register/action ddal_register_read32 0 7989
CLI_OUTPUT: ret /Target1/register/action ddal_register_read32 0 7989 ==&gt; done OK retv 0 offset 7989 value 0
SCR_OUTPUT: EX SWITCH read: offset = 0x1f35  value = 0x0
CLI_OUTPUT: /Target1/register/action ddal_register_read32 0 7990
CLI_OUTPUT: ret /Target1/register/action ddal_register_read32 0 7990 ==&gt; done OK retv 0 offset 7990 value 0
SCR_OUTPUT: EX SWITCH read: offset = 0x1f36  value = 0x0
CLI_OUTPUT: /Target1/register/action ddal_register_read32 0 7991
CLI_OUTPUT: ret /Target1/register/action ddal_register_read32 0 7991 ==&gt; done OK retv 0 offset 7991 value 0
SCR_OUTPUT: EX SWITCH read: offset = 0x1f37  value = 0x0
CLI_OUTPUT: /Target1/register/action ddal_register_read32 0 7992
CLI_OUTPUT: ret /Target1/register/action ddal_register_read32 0 7992 ==&gt; done OK retv 0 offset 7992 value 0
SCR_OUTPUT: EX SWITCH read: offset = 0x1f38  value = 0x0
CLI_OUTPUT: /Target1/register/action ddal_register_read32 0 7993
CLI_OUTPUT: ret /Target1/register/action ddal_register_read32 0 7993 ==&gt; done OK retv 0 offset 7993 value 0
SCR_OUTPUT: EX SWITCH read: offset = 0x1f39  value = 0x0
CLI_OUTPUT: /Target1/register/action ddal_register_read32 0 7994
CLI_OUTPUT: ret /Target1/register/action ddal_register_read32 0 7994 ==&gt; done OK retv 0 offset 7994 value 0
SCR_OUTPUT: EX SWITCH read: offset = 0x1f3a  value = 0x0
CLI_OUTPUT: /Target1/register/action ddal_register_read32 0 7995
CLI_OUTPUT: ret /Target1/register/action ddal_register_read32 0 7995 ==&gt; done OK retv 0 offset 7995 value 0
SCR_OUTPUT: EX SWITCH read: offset = 0x1f3b  value = 0x0
CLI_OUTPUT: /Target1/register/action ddal_register_read32 0 7996
CLI_OUTPUT: ret /Target1/register/action ddal_register_read32 0 7996 ==&gt; done OK retv 0 offset 7996 value 0
SCR_OUTPUT: EX SWITCH read: offset = 0x1f3c  value = 0x0
CLI_OUTPUT: /Target1/register/action ddal_register_read32 0 7997
CLI_OUTPUT: ret /Target1/register/action ddal_register_read32 0 7997 ==&gt; done OK retv 0 offset 7997 value 0
SCR_OUTPUT: EX SWITCH read: offset = 0x1f3d  value = 0x0
CLI_OUTPUT: /Target1/register/action ddal_register_read32 0 7998
CLI_OUTPUT: ret /Target1/register/action ddal_register_read32 0 7998 ==&gt; done OK retv 0 offset 7998 value 0
SCR_OUTPUT: EX SWITCH read: offset = 0x1f3e  value = 0x0
SCR_OUTPUT: ##### Test Case End: TC_03230_002 PASSED (0)
</system-out>
</testcase>

<testcase classname="HW_03230_basic_register_tests" name="TC_03230_003 successful ddal_register_read32 and ddal_register_write32 calls for CAS_IRQ" time="1">
<system-out>
SCR_OUTPUT: ##### Test Case Start: TC_03230_003  successful ddal_register_read32 and ddal_register_write32 calls for CAS_IRQ
SCR_OUTPUT: 0 CAS_IRG: read 32 Bit register
CLI_OUTPUT: /Target1/register/action ddal_register_read32 0 0x3005
CLI_OUTPUT: ret /Target1/register/action ddal_register_read32 0 0x3005 ==&gt; done OK retv 0 offset 12293 value 0
SCR_OUTPUT: CAS_IRQ read: offset = 0x3005  value = 0x0
CLI_OUTPUT: /Target1/register/action ddal_register_read32 0 12294
CLI_OUTPUT: ret /Target1/register/action ddal_register_read32 0 12294 ==&gt; done OK retv 0 offset 12294 value 0
SCR_OUTPUT: CAS_IRQ read: offset = 0x3006  value = 0x0
CLI_OUTPUT: /Target1/register/action ddal_register_read32 0 12295
CLI_OUTPUT: ret /Target1/register/action ddal_register_read32 0 12295 ==&gt; done OK retv 0 offset 12295 value 0
SCR_OUTPUT: CAS_IRQ read: offset = 0x3007  value = 0x0
SCR_OUTPUT: 0 CAS_IRG: write 32 Bit register
CLI_OUTPUT: /Target1/register/action ddal_register_write32 0 0x3005 1413829701
CLI_OUTPUT: ret /Target1/register/action ddal_register_write32 0 0x3005 1413829701 ==&gt; done OK retv 0 offset 12293 value 1413829701
SCR_OUTPUT: CAS_IRQ write: offset = 0x3005  value = 0x54455445
CLI_OUTPUT: /Target1/register/action ddal_register_write32 0 12294 1413829701
CLI_OUTPUT: ret /Target1/register/action ddal_register_write32 0 12294 1413829701 ==&gt; done OK retv 0 offset 12294 value 1413829701
SCR_OUTPUT: CAS_IRQ write: offset = 0x3006  value = 0x54455445
CLI_OUTPUT: /Target1/register/action ddal_register_write32 0 12295 1413829701
CLI_OUTPUT: ret /Target1/register/action ddal_register_write32 0 12295 1413829701 ==&gt; done OK retv 0 offset 12295 value 1413829701
SCR_OUTPUT: CAS_IRQ write: offset = 0x3007  value = 0x54455445
SCR_OUTPUT: 1 CAS_IRG: read 32 Bit register
CLI_OUTPUT: /Target1/register/action ddal_register_read32 0 0x3005
CLI_OUTPUT: ret /Target1/register/action ddal_register_read32 0 0x3005 ==&gt; done OK retv 0 offset 12293 value 0
SCR_OUTPUT: CAS_IRQ read: offset = 0x3005  value = 0x0
CLI_OUTPUT: /Target1/register/action ddal_register_read32 0 12294
CLI_OUTPUT: ret /Target1/register/action ddal_register_read32 0 12294 ==&gt; done OK retv 0 offset 12294 value 0
SCR_OUTPUT: CAS_IRQ read: offset = 0x3006  value = 0x0
CLI_OUTPUT: /Target1/register/action ddal_register_read32 0 12295
CLI_OUTPUT: ret /Target1/register/action ddal_register_read32 0 12295 ==&gt; done OK retv 0 offset 12295 value 0
SCR_OUTPUT: CAS_IRQ read: offset = 0x3007  value = 0x0
SCR_OUTPUT: 1 CAS_IRG: write 32 Bit register
CLI_OUTPUT: /Target1/register/action ddal_register_write32 0 0x3005 2827659402
CLI_OUTPUT: ret /Target1/register/action ddal_register_write32 0 0x3005 2827659402 ==&gt; done OK retv 0 offset 12293 value -1467307894
SCR_OUTPUT: CAS_IRQ write: offset = 0x3005  value = 0xffffffffa88aa88a
CLI_OUTPUT: /Target1/register/action ddal_register_write32 0 12294 2827659402
CLI_OUTPUT: ret /Target1/register/action ddal_register_write32 0 12294 2827659402 ==&gt; done OK retv 0 offset 12294 value -1467307894
SCR_OUTPUT: CAS_IRQ write: offset = 0x3006  value = 0xffffffffa88aa88a
CLI_OUTPUT: /Target1/register/action ddal_register_write32 0 12295 2827659402
CLI_OUTPUT: ret /Target1/register/action ddal_register_write32 0 12295 2827659402 ==&gt; done OK retv 0 offset 12295 value -1467307894
SCR_OUTPUT: CAS_IRQ write: offset = 0x3007  value = 0xffffffffa88aa88a
SCR_OUTPUT: 2 CAS_IRG: read 32 Bit register
CLI_OUTPUT: /Target1/register/action ddal_register_read32 0 0x3005
CLI_OUTPUT: ret /Target1/register/action ddal_register_read32 0 0x3005 ==&gt; done OK retv 0 offset 12293 value 0
SCR_OUTPUT: CAS_IRQ read: offset = 0x3005  value = 0x0
CLI_OUTPUT: /Target1/register/action ddal_register_read32 0 12294
CLI_OUTPUT: ret /Target1/register/action ddal_register_read32 0 12294 ==&gt; done OK retv 0 offset 12294 value 0
SCR_OUTPUT: CAS_IRQ read: offset = 0x3006  value = 0x0
CLI_OUTPUT: /Target1/register/action ddal_register_read32 0 12295
CLI_OUTPUT: ret /Target1/register/action ddal_register_read32 0 12295 ==&gt; done OK retv 0 offset 12295 value 0
SCR_OUTPUT: CAS_IRQ read: offset = 0x3007  value = 0x0
SCR_OUTPUT: 2 CAS_IRG: write 32 Bit register
CLI_OUTPUT: /Target1/register/action ddal_register_write32 0 0x3005 4241489103
CLI_OUTPUT: ret /Target1/register/action ddal_register_write32 0 0x3005 4241489103 ==&gt; done OK retv 0 offset 12293 value -53478193
CLI_OUTPUT: /Target1/register/action ddal_register_write32 0 12294 4241489103
CLI_OUTPUT: ret /Target1/register/action ddal_register_write32 0 12294 4241489103 ==&gt; done OK retv 0 offset 12294 value -53478193
CLI_OUTPUT: /Target1/register/action ddal_register_write32 0 12295 4241489103
CLI_OUTPUT: ret /Target1/register/action ddal_register_write32 0 12295 4241489103 ==&gt; done OK retv 0 offset 12295 value -53478193
SCR_OUTPUT: ##### Test Case End: TC_03230_003 PASSED (0)
</system-out>
</testcase>

<testcase classname="HW_03230_basic_register_tests" name="TC_03230_004 successful ddal_register_read32 and ddal_register_write32 calls for RP3" time="1">
<system-out>
SCR_OUTPUT: ##### Test Case Start: TC_03230_004  successful ddal_register_read32 and ddal_register_write32 calls for RP3
SCR_OUTPUT: 0 CAS_IRG: read 32 Bit register
CLI_OUTPUT: /Target1/register/action ddal_register_read32 0 0x3001
CLI_OUTPUT: ret /Target1/register/action ddal_register_read32 0 0x3001 ==&gt; done OK retv 0 offset 12289 value 0
SCR_OUTPUT: RP3 read: offset = 0x3001  value = 0x0
CLI_OUTPUT: /Target1/register/action ddal_register_read32 0 12290
CLI_OUTPUT: ret /Target1/register/action ddal_register_read32 0 12290 ==&gt; done OK retv 0 offset 12290 value 0
SCR_OUTPUT: RP3 read: offset = 0x3002  value = 0x0
CLI_OUTPUT: /Target1/register/action ddal_register_read32 0 12291
CLI_OUTPUT: ret /Target1/register/action ddal_register_read32 0 12291 ==&gt; done OK retv 0 offset 12291 value 0
SCR_OUTPUT: RP3 read: offset = 0x3003  value = 0x0
SCR_OUTPUT: 0 RP3: write 32 Bit register
CLI_OUTPUT: /Target1/register/action ddal_register_write32 0 0x3001 1413829701
CLI_OUTPUT: ret /Target1/register/action ddal_register_write32 0 0x3001 1413829701 ==&gt; done OK retv 0 offset 12289 value 1413829701
SCR_OUTPUT: RP3 write: offset = 0x3001  value = 0x54455445
CLI_OUTPUT: /Target1/register/action ddal_register_write32 0 12290 1413829701
CLI_OUTPUT: ret /Target1/register/action ddal_register_write32 0 12290 1413829701 ==&gt; done OK retv 0 offset 12290 value 1413829701
SCR_OUTPUT: RP3 write: offset = 0x3002  value = 0x54455445
CLI_OUTPUT: /Target1/register/action ddal_register_write32 0 12291 1413829701
CLI_OUTPUT: ret /Target1/register/action ddal_register_write32 0 12291 1413829701 ==&gt; done OK retv 0 offset 12291 value 1413829701
SCR_OUTPUT: RP3 write: offset = 0x3003  value = 0x54455445
SCR_OUTPUT: 1 CAS_IRG: read 32 Bit register
CLI_OUTPUT: /Target1/register/action ddal_register_read32 0 0x3001
CLI_OUTPUT: ret /Target1/register/action ddal_register_read32 0 0x3001 ==&gt; done OK retv 0 offset 12289 value 0
SCR_OUTPUT: RP3 read: offset = 0x3001  value = 0x0
CLI_OUTPUT: /Target1/register/action ddal_register_read32 0 12290
CLI_OUTPUT: ret /Target1/register/action ddal_register_read32 0 12290 ==&gt; done OK retv 0 offset 12290 value 0
SCR_OUTPUT: RP3 read: offset = 0x3002  value = 0x0
CLI_OUTPUT: /Target1/register/action ddal_register_read32 0 12291
CLI_OUTPUT: ret /Target1/register/action ddal_register_read32 0 12291 ==&gt; done OK retv 0 offset 12291 value 0
SCR_OUTPUT: RP3 read: offset = 0x3003  value = 0x0
SCR_OUTPUT: 1 RP3: write 32 Bit register
CLI_OUTPUT: /Target1/register/action ddal_register_write32 0 0x3001 2827659402
CLI_OUTPUT: ret /Target1/register/action ddal_register_write32 0 0x3001 2827659402 ==&gt; done OK retv 0 offset 12289 value -1467307894
SCR_OUTPUT: RP3 write: offset = 0x3001  value = 0xffffffffa88aa88a
CLI_OUTPUT: /Target1/register/action ddal_register_write32 0 12290 2827659402
CLI_OUTPUT: ret /Target1/register/action ddal_register_write32 0 12290 2827659402 ==&gt; done OK retv 0 offset 12290 value -1467307894
SCR_OUTPUT: RP3 write: offset = 0x3002  value = 0xffffffffa88aa88a
CLI_OUTPUT: /Target1/register/action ddal_register_write32 0 12291 2827659402
CLI_OUTPUT: ret /Target1/register/action ddal_register_write32 0 12291 2827659402 ==&gt; done OK retv 0 offset 12291 value -1467307894
SCR_OUTPUT: RP3 write: offset = 0x3003  value = 0xffffffffa88aa88a
SCR_OUTPUT: ##### Test Case End: TC_03230_004 PASSED (0)
</system-out>
</testcase>

<testcase classname="HW_03230_basic_register_tests" name="TC_03230_005 successful ddal_register_read32 and ddal_register_write32 calls for RP3 Transport" time="1">
<system-out>
SCR_OUTPUT: ##### Test Case Start: TC_03230_005  successful ddal_register_read32 and ddal_register_write32 calls for RP3 Transport
SCR_OUTPUT: 0 RP3 Transport: read 32 Bit register
CLI_OUTPUT: /Target1/register/action ddal_register_read32 0 0x81F0
CLI_OUTPUT: ret /Target1/register/action ddal_register_read32 0 0x81F0 ==&gt; done OK retv 0 offset 33264 value 0
SCR_OUTPUT: RP3 Transport read: offset = 0x81f0  value = 0x0
CLI_OUTPUT: /Target1/register/action ddal_register_read32 0 33265
CLI_OUTPUT: ret /Target1/register/action ddal_register_read32 0 33265 ==&gt; done OK retv 0 offset 33265 value 0
SCR_OUTPUT: RP3 Transport read: offset = 0x81f1  value = 0x0
CLI_OUTPUT: /Target1/register/action ddal_register_read32 0 33266
CLI_OUTPUT: ret /Target1/register/action ddal_register_read32 0 33266 ==&gt; done OK retv 0 offset 33266 value 0
SCR_OUTPUT: RP3 Transport read: offset = 0x81f2  value = 0x0
CLI_OUTPUT: /Target1/register/action ddal_register_read32 0 33267
CLI_OUTPUT: ret /Target1/register/action ddal_register_read32 0 33267 ==&gt; done OK retv 0 offset 33267 value 0
SCR_OUTPUT: RP3 Transport read: offset = 0x81f3  value = 0x0
CLI_OUTPUT: /Target1/register/action ddal_register_read32 0 33268
CLI_OUTPUT: ret /Target1/register/action ddal_register_read32 0 33268 ==&gt; done OK retv 0 offset 33268 value 0
SCR_OUTPUT: RP3 Transport read: offset = 0x81f4  value = 0x0
CLI_OUTPUT: /Target1/register/action ddal_register_read32 0 33269
CLI_OUTPUT: ret /Target1/register/action ddal_register_read32 0 33269 ==&gt; done OK retv 0 offset 33269 value 0
SCR_OUTPUT: RP3 Transport read: offset = 0x81f5  value = 0x0
CLI_OUTPUT: /Target1/register/action ddal_register_read32 0 33270
CLI_OUTPUT: ret /Target1/register/action ddal_register_read32 0 33270 ==&gt; done OK retv 0 offset 33270 value 0
SCR_OUTPUT: RP3 Transport read: offset = 0x81f6  value = 0x0
CLI_OUTPUT: /Target1/register/action ddal_register_read32 0 33271
CLI_OUTPUT: ret /Target1/register/action ddal_register_read32 0 33271 ==&gt; done OK retv 0 offset 33271 value 0
SCR_OUTPUT: RP3 Transport read: offset = 0x81f7  value = 0x0
CLI_OUTPUT: /Target1/register/action ddal_register_read32 0 33272
CLI_OUTPUT: ret /Target1/register/action ddal_register_read32 0 33272 ==&gt; done OK retv 0 offset 33272 value 0
SCR_OUTPUT: RP3 Transport read: offset = 0x81f8  value = 0x0
CLI_OUTPUT: /Target1/register/action ddal_register_read32 0 33273
CLI_OUTPUT: ret /Target1/register/action ddal_register_read32 0 33273 ==&gt; done OK retv 0 offset 33273 value 0
SCR_OUTPUT: RP3 Transport read: offset = 0x81f9  value = 0x0
CLI_OUTPUT: /Target1/register/action ddal_register_read32 0 33274
CLI_OUTPUT: ret /Target1/register/action ddal_register_read32 0 33274 ==&gt; done OK retv 0 offset 33274 value 0
SCR_OUTPUT: RP3 Transport read: offset = 0x81fa  value = 0x0
CLI_OUTPUT: /Target1/register/action ddal_register_read32 0 33275
CLI_OUTPUT: ret /Target1/register/action ddal_register_read32 0 33275 ==&gt; done OK retv 0 offset 33275 value 0
SCR_OUTPUT: RP3 Transport read: offset = 0x81fb  value = 0x0
CLI_OUTPUT: /Target1/register/action ddal_register_read32 0 33276
CLI_OUTPUT: ret /Target1/register/action ddal_register_read32 0 33276 ==&gt; done OK retv 0 offset 33276 value 0
SCR_OUTPUT: RP3 Transport read: offset = 0x81fc  value = 0x0
CLI_OUTPUT: /Target1/register/action ddal_register_read32 0 33277
CLI_OUTPUT: ret /Target1/register/action ddal_register_read32 0 33277 ==&gt; done OK retv 0 offset 33277 value 0
SCR_OUTPUT: RP3 Transport read: offset = 0x81fd  value = 0x0
CLI_OUTPUT: /Target1/register/action ddal_register_read32 0 33278
CLI_OUTPUT: ret /Target1/register/action ddal_register_read32 0 33278 ==&gt; done OK retv 0 offset 33278 value 0
SCR_OUTPUT: RP3 Transport read: offset = 0x81fe  value = 0x0
CLI_OUTPUT: /Target1/register/action ddal_register_read32 0 33279
CLI_OUTPUT: ret /Target1/register/action ddal_register_read32 0 33279 ==&gt; done OK retv 0 offset 33279 value 0
SCR_OUTPUT: RP3 Transport read: offset = 0x81ff  value = 0x0
SCR_OUTPUT: 0 RP3 Transport: write 32 Bit register
CLI_OUTPUT: /Target1/register/action ddal_register_write32 0 0x81F0 1413829701
CLI_OUTPUT: ret /Target1/register/action ddal_register_write32 0 0x81F0 1413829701 ==&gt; done OK retv 0 offset 33264 value 1413829701
SCR_OUTPUT: RP3 Transport write: offset = 0x81f0  value = 0x54455445
CLI_OUTPUT: /Target1/register/action ddal_register_write32 0 33265 1413829701
CLI_OUTPUT: ret /Target1/register/action ddal_register_write32 0 33265 1413829701 ==&gt; done OK retv 0 offset 33265 value 1413829701
SCR_OUTPUT: RP3 Transport write: offset = 0x81f1  value = 0x54455445
CLI_OUTPUT: /Target1/register/action ddal_register_write32 0 33266 1413829701
CLI_OUTPUT: ret /Target1/register/action ddal_register_write32 0 33266 1413829701 ==&gt; done OK retv 0 offset 33266 value 1413829701
SCR_OUTPUT: RP3 Transport write: offset = 0x81f2  value = 0x54455445
CLI_OUTPUT: /Target1/register/action ddal_register_write32 0 33267 1413829701
CLI_OUTPUT: ret /Target1/register/action ddal_register_write32 0 33267 1413829701 ==&gt; done OK retv 0 offset 33267 value 1413829701
SCR_OUTPUT: RP3 Transport write: offset = 0x81f3  value = 0x54455445
CLI_OUTPUT: /Target1/register/action ddal_register_write32 0 33268 1413829701
CLI_OUTPUT: ret /Target1/register/action ddal_register_write32 0 33268 1413829701 ==&gt; done OK retv 0 offset 33268 value 1413829701
SCR_OUTPUT: RP3 Transport write: offset = 0x81f4  value = 0x54455445
CLI_OUTPUT: /Target1/register/action ddal_register_write32 0 33269 1413829701
CLI_OUTPUT: ret /Target1/register/action ddal_register_write32 0 33269 1413829701 ==&gt; done OK retv 0 offset 33269 value 1413829701
SCR_OUTPUT: RP3 Transport write: offset = 0x81f5  value = 0x54455445
CLI_OUTPUT: /Target1/register/action ddal_register_write32 0 33270 1413829701
CLI_OUTPUT: ret /Target1/register/action ddal_register_write32 0 33270 1413829701 ==&gt; done OK retv 0 offset 33270 value 1413829701
SCR_OUTPUT: RP3 Transport write: offset = 0x81f6  value = 0x54455445
CLI_OUTPUT: /Target1/register/action ddal_register_write32 0 33271 1413829701
CLI_OUTPUT: ret /Target1/register/action ddal_register_write32 0 33271 1413829701 ==&gt; done OK retv 0 offset 33271 value 1413829701
SCR_OUTPUT: RP3 Transport write: offset = 0x81f7  value = 0x54455445
CLI_OUTPUT: /Target1/register/action ddal_register_write32 0 33272 1413829701
CLI_OUTPUT: ret /Target1/register/action ddal_register_write32 0 33272 1413829701 ==&gt; done OK retv 0 offset 33272 value 1413829701
SCR_OUTPUT: RP3 Transport write: offset = 0x81f8  value = 0x54455445
CLI_OUTPUT: /Target1/register/action ddal_register_write32 0 33273 1413829701
CLI_OUTPUT: ret /Target1/register/action ddal_register_write32 0 33273 1413829701 ==&gt; done OK retv 0 offset 33273 value 1413829701
SCR_OUTPUT: RP3 Transport write: offset = 0x81f9  value = 0x54455445
CLI_OUTPUT: /Target1/register/action ddal_register_write32 0 33274 1413829701
CLI_OUTPUT: ret /Target1/register/action ddal_register_write32 0 33274 1413829701 ==&gt; done OK retv 0 offset 33274 value 1413829701
SCR_OUTPUT: RP3 Transport write: offset = 0x81fa  value = 0x54455445
CLI_OUTPUT: /Target1/register/action ddal_register_write32 0 33275 1413829701
CLI_OUTPUT: ret /Target1/register/action ddal_register_write32 0 33275 1413829701 ==&gt; done OK retv 0 offset 33275 value 1413829701
SCR_OUTPUT: RP3 Transport write: offset = 0x81fb  value = 0x54455445
CLI_OUTPUT: /Target1/register/action ddal_register_write32 0 33276 1413829701
CLI_OUTPUT: ret /Target1/register/action ddal_register_write32 0 33276 1413829701 ==&gt; done OK retv 0 offset 33276 value 1413829701
SCR_OUTPUT: RP3 Transport write: offset = 0x81fc  value = 0x54455445
CLI_OUTPUT: /Target1/register/action ddal_register_write32 0 33277 1413829701
CLI_OUTPUT: ret /Target1/register/action ddal_register_write32 0 33277 1413829701 ==&gt; done OK retv 0 offset 33277 value 1413829701
SCR_OUTPUT: RP3 Transport write: offset = 0x81fd  value = 0x54455445
CLI_OUTPUT: /Target1/register/action ddal_register_write32 0 33278 1413829701
CLI_OUTPUT: ret /Target1/register/action ddal_register_write32 0 33278 1413829701 ==&gt; done OK retv 0 offset 33278 value 1413829701
SCR_OUTPUT: RP3 Transport write: offset = 0x81fe  value = 0x54455445
CLI_OUTPUT: /Target1/register/action ddal_register_write32 0 33279 1413829701
CLI_OUTPUT: ret /Target1/register/action ddal_register_write32 0 33279 1413829701 ==&gt; done OK retv 0 offset 33279 value 1413829701
SCR_OUTPUT: RP3 Transport write: offset = 0x81ff  value = 0x54455445
SCR_OUTPUT: 1 RP3 Transport: read 32 Bit register
CLI_OUTPUT: /Target1/register/action ddal_register_read32 0 0x81F0
CLI_OUTPUT: ret /Target1/register/action ddal_register_read32 0 0x81F0 ==&gt; done OK retv 0 offset 33264 value 0
SCR_OUTPUT: RP3 Transport read: offset = 0x81f0  value = 0x0
CLI_OUTPUT: /Target1/register/action ddal_register_read32 0 33265
CLI_OUTPUT: ret /Target1/register/action ddal_register_read32 0 33265 ==&gt; done OK retv 0 offset 33265 value 0
SCR_OUTPUT: RP3 Transport read: offset = 0x81f1  value = 0x0
CLI_OUTPUT: /Target1/register/action ddal_register_read32 0 33266
CLI_OUTPUT: ret /Target1/register/action ddal_register_read32 0 33266 ==&gt; done OK retv 0 offset 33266 value 0
SCR_OUTPUT: RP3 Transport read: offset = 0x81f2  value = 0x0
CLI_OUTPUT: /Target1/register/action ddal_register_read32 0 33267
CLI_OUTPUT: ret /Target1/register/action ddal_register_read32 0 33267 ==&gt; done OK retv 0 offset 33267 value 0
SCR_OUTPUT: RP3 Transport read: offset = 0x81f3  value = 0x0
CLI_OUTPUT: /Target1/register/action ddal_register_read32 0 33268
CLI_OUTPUT: ret /Target1/register/action ddal_register_read32 0 33268 ==&gt; done OK retv 0 offset 33268 value 0
SCR_OUTPUT: RP3 Transport read: offset = 0x81f4  value = 0x0
CLI_OUTPUT: /Target1/register/action ddal_register_read32 0 33269
CLI_OUTPUT: ret /Target1/register/action ddal_register_read32 0 33269 ==&gt; done OK retv 0 offset 33269 value 0
SCR_OUTPUT: RP3 Transport read: offset = 0x81f5  value = 0x0
CLI_OUTPUT: /Target1/register/action ddal_register_read32 0 33270
CLI_OUTPUT: ret /Target1/register/action ddal_register_read32 0 33270 ==&gt; done OK retv 0 offset 33270 value 0
SCR_OUTPUT: RP3 Transport read: offset = 0x81f6  value = 0x0
CLI_OUTPUT: /Target1/register/action ddal_register_read32 0 33271
CLI_OUTPUT: ret /Target1/register/action ddal_register_read32 0 33271 ==&gt; done OK retv 0 offset 33271 value 0
SCR_OUTPUT: RP3 Transport read: offset = 0x81f7  value = 0x0
CLI_OUTPUT: /Target1/register/action ddal_register_read32 0 33272
CLI_OUTPUT: ret /Target1/register/action ddal_register_read32 0 33272 ==&gt; done OK retv 0 offset 33272 value 0
SCR_OUTPUT: RP3 Transport read: offset = 0x81f8  value = 0x0
CLI_OUTPUT: /Target1/register/action ddal_register_read32 0 33273
CLI_OUTPUT: ret /Target1/register/action ddal_register_read32 0 33273 ==&gt; done OK retv 0 offset 33273 value 0
SCR_OUTPUT: RP3 Transport read: offset = 0x81f9  value = 0x0
CLI_OUTPUT: /Target1/register/action ddal_register_read32 0 33274
CLI_OUTPUT: ret /Target1/register/action ddal_register_read32 0 33274 ==&gt; done OK retv 0 offset 33274 value 0
SCR_OUTPUT: RP3 Transport read: offset = 0x81fa  value = 0x0
CLI_OUTPUT: /Target1/register/action ddal_register_read32 0 33275
CLI_OUTPUT: ret /Target1/register/action ddal_register_read32 0 33275 ==&gt; done OK retv 0 offset 33275 value 0
SCR_OUTPUT: RP3 Transport read: offset = 0x81fb  value = 0x0
CLI_OUTPUT: /Target1/register/action ddal_register_read32 0 33276
CLI_OUTPUT: ret /Target1/register/action ddal_register_read32 0 33276 ==&gt; done OK retv 0 offset 33276 value 0
SCR_OUTPUT: RP3 Transport read: offset = 0x81fc  value = 0x0
CLI_OUTPUT: /Target1/register/action ddal_register_read32 0 33277
CLI_OUTPUT: ret /Target1/register/action ddal_register_read32 0 33277 ==&gt; done OK retv 0 offset 33277 value 0
SCR_OUTPUT: RP3 Transport read: offset = 0x81fd  value = 0x0
CLI_OUTPUT: /Target1/register/action ddal_register_read32 0 33278
CLI_OUTPUT: ret /Target1/register/action ddal_register_read32 0 33278 ==&gt; done OK retv 0 offset 33278 value 0
SCR_OUTPUT: RP3 Transport read: offset = 0x81fe  value = 0x0
CLI_OUTPUT: /Target1/register/action ddal_register_read32 0 33279
CLI_OUTPUT: ret /Target1/register/action ddal_register_read32 0 33279 ==&gt; done OK retv 0 offset 33279 value 0
SCR_OUTPUT: RP3 Transport read: offset = 0x81ff  value = 0x0
SCR_OUTPUT: 1 RP3 Transport: write 32 Bit register
CLI_OUTPUT: /Target1/register/action ddal_register_write32 0 0x81F0 2827659402
CLI_OUTPUT: ret /Target1/register/action ddal_register_write32 0 0x81F0 2827659402 ==&gt; done OK retv 0 offset 33264 value -1467307894
SCR_OUTPUT: RP3 Transport write: offset = 0x81f0  value = 0xffffffffa88aa88a
CLI_OUTPUT: /Target1/register/action ddal_register_write32 0 33265 2827659402
CLI_OUTPUT: ret /Target1/register/action ddal_register_write32 0 33265 2827659402 ==&gt; done OK retv 0 offset 33265 value -1467307894
SCR_OUTPUT: RP3 Transport write: offset = 0x81f1  value = 0xffffffffa88aa88a
CLI_OUTPUT: /Target1/register/action ddal_register_write32 0 33266 2827659402
CLI_OUTPUT: ret /Target1/register/action ddal_register_write32 0 33266 2827659402 ==&gt; done OK retv 0 offset 33266 value -1467307894
SCR_OUTPUT: RP3 Transport write: offset = 0x81f2  value = 0xffffffffa88aa88a
CLI_OUTPUT: /Target1/register/action ddal_register_write32 0 33267 2827659402
CLI_OUTPUT: ret /Target1/register/action ddal_register_write32 0 33267 2827659402 ==&gt; done OK retv 0 offset 33267 value -1467307894
SCR_OUTPUT: RP3 Transport write: offset = 0x81f3  value = 0xffffffffa88aa88a
CLI_OUTPUT: /Target1/register/action ddal_register_write32 0 33268 2827659402
CLI_OUTPUT: ret /Target1/register/action ddal_register_write32 0 33268 2827659402 ==&gt; done OK retv 0 offset 33268 value -1467307894
SCR_OUTPUT: RP3 Transport write: offset = 0x81f4  value = 0xffffffffa88aa88a
CLI_OUTPUT: /Target1/register/action ddal_register_write32 0 33269 2827659402
CLI_OUTPUT: ret /Target1/register/action ddal_register_write32 0 33269 2827659402 ==&gt; done OK retv 0 offset 33269 value -1467307894
SCR_OUTPUT: RP3 Transport write: offset = 0x81f5  value = 0xffffffffa88aa88a
CLI_OUTPUT: /Target1/register/action ddal_register_write32 0 33270 2827659402
CLI_OUTPUT: ret /Target1/register/action ddal_register_write32 0 33270 2827659402 ==&gt; done OK retv 0 offset 33270 value -1467307894
SCR_OUTPUT: RP3 Transport write: offset = 0x81f6  value = 0xffffffffa88aa88a
CLI_OUTPUT: /Target1/register/action ddal_register_write32 0 33271 2827659402
CLI_OUTPUT: ret /Target1/register/action ddal_register_write32 0 33271 2827659402 ==&gt; done OK retv 0 offset 33271 value -1467307894
SCR_OUTPUT: RP3 Transport write: offset = 0x81f7  value = 0xffffffffa88aa88a
CLI_OUTPUT: /Target1/register/action ddal_register_write32 0 33272 2827659402
CLI_OUTPUT: ret /Target1/register/action ddal_register_write32 0 33272 2827659402 ==&gt; done OK retv 0 offset 33272 value -1467307894
SCR_OUTPUT: RP3 Transport write: offset = 0x81f8  value = 0xffffffffa88aa88a
CLI_OUTPUT: /Target1/register/action ddal_register_write32 0 33273 2827659402
CLI_OUTPUT: ret /Target1/register/action ddal_register_write32 0 33273 2827659402 ==&gt; done OK retv 0 offset 33273 value -1467307894
SCR_OUTPUT: RP3 Transport write: offset = 0x81f9  value = 0xffffffffa88aa88a
CLI_OUTPUT: /Target1/register/action ddal_register_write32 0 33274 2827659402
CLI_OUTPUT: ret /Target1/register/action ddal_register_write32 0 33274 2827659402 ==&gt; done OK retv 0 offset 33274 value -1467307894
SCR_OUTPUT: RP3 Transport write: offset = 0x81fa  value = 0xffffffffa88aa88a
CLI_OUTPUT: /Target1/register/action ddal_register_write32 0 33275 2827659402
CLI_OUTPUT: ret /Target1/register/action ddal_register_write32 0 33275 2827659402 ==&gt; done OK retv 0 offset 33275 value -1467307894
SCR_OUTPUT: RP3 Transport write: offset = 0x81fb  value = 0xffffffffa88aa88a
CLI_OUTPUT: /Target1/register/action ddal_register_write32 0 33276 2827659402
CLI_OUTPUT: ret /Target1/register/action ddal_register_write32 0 33276 2827659402 ==&gt; done OK retv 0 offset 33276 value -1467307894
SCR_OUTPUT: RP3 Transport write: offset = 0x81fc  value = 0xffffffffa88aa88a
CLI_OUTPUT: /Target1/register/action ddal_register_write32 0 33277 2827659402
CLI_OUTPUT: ret /Target1/register/action ddal_register_write32 0 33277 2827659402 ==&gt; done OK retv 0 offset 33277 value -1467307894
SCR_OUTPUT: RP3 Transport write: offset = 0x81fd  value = 0xffffffffa88aa88a
CLI_OUTPUT: /Target1/register/action ddal_register_write32 0 33278 2827659402
CLI_OUTPUT: ret /Target1/register/action ddal_register_write32 0 33278 2827659402 ==&gt; done OK retv 0 offset 33278 value -1467307894
SCR_OUTPUT: RP3 Transport write: offset = 0x81fe  value = 0xffffffffa88aa88a
CLI_OUTPUT: /Target1/register/action ddal_register_write32 0 33279 2827659402
CLI_OUTPUT: ret /Target1/register/action ddal_register_write32 0 33279 2827659402 ==&gt; done OK retv 0 offset 33279 value -1467307894
SCR_OUTPUT: RP3 Transport write: offset = 0x81ff  value = 0xffffffffa88aa88a
SCR_OUTPUT: 2 RP3 Transport: read 32 Bit register
CLI_OUTPUT: /Target1/register/action ddal_register_read32 0 0x81F0
CLI_OUTPUT: ret /Target1/register/action ddal_register_read32 0 0x81F0 ==&gt; done OK retv 0 offset 33264 value 0
SCR_OUTPUT: RP3 Transport read: offset = 0x81f0  value = 0x0
CLI_OUTPUT: /Target1/register/action ddal_register_read32 0 33265
CLI_OUTPUT: ret /Target1/register/action ddal_register_read32 0 33265 ==&gt; done OK retv 0 offset 33265 value 0
SCR_OUTPUT: RP3 Transport read: offset = 0x81f1  value = 0x0
CLI_OUTPUT: /Target1/register/action ddal_register_read32 0 33266
CLI_OUTPUT: ret /Target1/register/action ddal_register_read32 0 33266 ==&gt; done OK retv 0 offset 33266 value 0
SCR_OUTPUT: RP3 Transport read: offset = 0x81f2  value = 0x0
CLI_OUTPUT: /Target1/register/action ddal_register_read32 0 33267
CLI_OUTPUT: ret /Target1/register/action ddal_register_read32 0 33267 ==&gt; done OK retv 0 offset 33267 value 0
SCR_OUTPUT: RP3 Transport read: offset = 0x81f3  value = 0x0
CLI_OUTPUT: /Target1/register/action ddal_register_read32 0 33268
CLI_OUTPUT: ret /Target1/register/action ddal_register_read32 0 33268 ==&gt; done OK retv 0 offset 33268 value 0
SCR_OUTPUT: RP3 Transport read: offset = 0x81f4  value = 0x0
CLI_OUTPUT: /Target1/register/action ddal_register_read32 0 33269
CLI_OUTPUT: ret /Target1/register/action ddal_register_read32 0 33269 ==&gt; done OK retv 0 offset 33269 value 0
SCR_OUTPUT: RP3 Transport read: offset = 0x81f5  value = 0x0
CLI_OUTPUT: /Target1/register/action ddal_register_read32 0 33270
CLI_OUTPUT: ret /Target1/register/action ddal_register_read32 0 33270 ==&gt; done OK retv 0 offset 33270 value 0
SCR_OUTPUT: RP3 Transport read: offset = 0x81f6  value = 0x0
CLI_OUTPUT: /Target1/register/action ddal_register_read32 0 33271
CLI_OUTPUT: ret /Target1/register/action ddal_register_read32 0 33271 ==&gt; done OK retv 0 offset 33271 value 0
SCR_OUTPUT: RP3 Transport read: offset = 0x81f7  value = 0x0
CLI_OUTPUT: /Target1/register/action ddal_register_read32 0 33272
CLI_OUTPUT: ret /Target1/register/action ddal_register_read32 0 33272 ==&gt; done OK retv 0 offset 33272 value 0
SCR_OUTPUT: RP3 Transport read: offset = 0x81f8  value = 0x0
CLI_OUTPUT: /Target1/register/action ddal_register_read32 0 33273
CLI_OUTPUT: ret /Target1/register/action ddal_register_read32 0 33273 ==&gt; done OK retv 0 offset 33273 value 0
SCR_OUTPUT: RP3 Transport read: offset = 0x81f9  value = 0x0
CLI_OUTPUT: /Target1/register/action ddal_register_read32 0 33274
CLI_OUTPUT: ret /Target1/register/action ddal_register_read32 0 33274 ==&gt; done OK retv 0 offset 33274 value 0
SCR_OUTPUT: RP3 Transport read: offset = 0x81fa  value = 0x0
CLI_OUTPUT: /Target1/register/action ddal_register_read32 0 33275
CLI_OUTPUT: ret /Target1/register/action ddal_register_read32 0 33275 ==&gt; done OK retv 0 offset 33275 value 0
SCR_OUTPUT: RP3 Transport read: offset = 0x81fb  value = 0x0
CLI_OUTPUT: /Target1/register/action ddal_register_read32 0 33276
CLI_OUTPUT: ret /Target1/register/action ddal_register_read32 0 33276 ==&gt; done OK retv 0 offset 33276 value 0
SCR_OUTPUT: RP3 Transport read: offset = 0x81fc  value = 0x0
CLI_OUTPUT: /Target1/register/action ddal_register_read32 0 33277
CLI_OUTPUT: ret /Target1/register/action ddal_register_read32 0 33277 ==&gt; done OK retv 0 offset 33277 value 0
SCR_OUTPUT: RP3 Transport read: offset = 0x81fd  value = 0x0
CLI_OUTPUT: /Target1/register/action ddal_register_read32 0 33278
CLI_OUTPUT: ret /Target1/register/action ddal_register_read32 0 33278 ==&gt; done OK retv 0 offset 33278 value 0
SCR_OUTPUT: RP3 Transport read: offset = 0x81fe  value = 0x0
CLI_OUTPUT: /Target1/register/action ddal_register_read32 0 33279
CLI_OUTPUT: ret /Target1/register/action ddal_register_read32 0 33279 ==&gt; done OK retv 0 offset 33279 value 0
SCR_OUTPUT: RP3 Transport read: offset = 0x81ff  value = 0x0
SCR_OUTPUT: 2 RP3 Transport: write 32 Bit register
CLI_OUTPUT: /Target1/register/action ddal_register_write32 0 0x81F0 4241489103
CLI_OUTPUT: ret /Target1/register/action ddal_register_write32 0 0x81F0 4241489103 ==&gt; done OK retv 0 offset 33264 value -53478193
CLI_OUTPUT: /Target1/register/action ddal_register_write32 0 33265 4241489103
CLI_OUTPUT: ret /Target1/register/action ddal_register_write32 0 33265 4241489103 ==&gt; done OK retv 0 offset 33265 value -53478193
CLI_OUTPUT: /Target1/register/action ddal_register_write32 0 33266 4241489103
CLI_OUTPUT: ret /Target1/register/action ddal_register_write32 0 33266 4241489103 ==&gt; done OK retv 0 offset 33266 value -53478193
CLI_OUTPUT: /Target1/register/action ddal_register_write32 0 33267 4241489103
CLI_OUTPUT: ret /Target1/register/action ddal_register_write32 0 33267 4241489103 ==&gt; done OK retv 0 offset 33267 value -53478193
CLI_OUTPUT: /Target1/register/action ddal_register_write32 0 33268 4241489103
CLI_OUTPUT: ret /Target1/register/action ddal_register_write32 0 33268 4241489103 ==&gt; done OK retv 0 offset 33268 value -53478193
CLI_OUTPUT: /Target1/register/action ddal_register_write32 0 33269 4241489103
CLI_OUTPUT: ret /Target1/register/action ddal_register_write32 0 33269 4241489103 ==&gt; done OK retv 0 offset 33269 value -53478193
CLI_OUTPUT: /Target1/register/action ddal_register_write32 0 33270 4241489103
CLI_OUTPUT: ret /Target1/register/action ddal_register_write32 0 33270 4241489103 ==&gt; done OK retv 0 offset 33270 value -53478193
CLI_OUTPUT: /Target1/register/action ddal_register_write32 0 33271 4241489103
CLI_OUTPUT: ret /Target1/register/action ddal_register_write32 0 33271 4241489103 ==&gt; done OK retv 0 offset 33271 value -53478193
CLI_OUTPUT: /Target1/register/action ddal_register_write32 0 33272 4241489103
CLI_OUTPUT: ret /Target1/register/action ddal_register_write32 0 33272 4241489103 ==&gt; done OK retv 0 offset 33272 value -53478193
CLI_OUTPUT: /Target1/register/action ddal_register_write32 0 33273 4241489103
CLI_OUTPUT: ret /Target1/register/action ddal_register_write32 0 33273 4241489103 ==&gt; done OK retv 0 offset 33273 value -53478193
CLI_OUTPUT: /Target1/register/action ddal_register_write32 0 33274 4241489103
CLI_OUTPUT: ret /Target1/register/action ddal_register_write32 0 33274 4241489103 ==&gt; done OK retv 0 offset 33274 value -53478193
CLI_OUTPUT: /Target1/register/action ddal_register_write32 0 33275 4241489103
CLI_OUTPUT: ret /Target1/register/action ddal_register_write32 0 33275 4241489103 ==&gt; done OK retv 0 offset 33275 value -53478193
CLI_OUTPUT: /Target1/register/action ddal_register_write32 0 33276 4241489103
CLI_OUTPUT: ret /Target1/register/action ddal_register_write32 0 33276 4241489103 ==&gt; done OK retv 0 offset 33276 value -53478193
CLI_OUTPUT: /Target1/register/action ddal_register_write32 0 33277 4241489103
CLI_OUTPUT: ret /Target1/register/action ddal_register_write32 0 33277 4241489103 ==&gt; done OK retv 0 offset 33277 value -53478193
CLI_OUTPUT: /Target1/register/action ddal_register_write32 0 33278 4241489103
CLI_OUTPUT: ret /Target1/register/action ddal_register_write32 0 33278 4241489103 ==&gt; done OK retv 0 offset 33278 value -53478193
CLI_OUTPUT: /Target1/register/action ddal_register_write32 0 33279 4241489103
CLI_OUTPUT: ret /Target1/register/action ddal_register_write32 0 33279 4241489103 ==&gt; done OK retv 0 offset 33279 value -53478193
SCR_OUTPUT: ##### Test Case End: TC_03230_005 PASSED (0)
</system-out>
</testcase>

<testcase classname="basic_components.sshd.functional" name="testsuite" time="0.000">
<skipped></skipped>
<system-out>
No Tests
</system-out>
</testcase>

<testcase classname="system_integrity.scheduler.functional" name="testsuite" time="0.000">
<skipped></skipped>
<system-out>
No Tests
</system-out>
</testcase>

<testcase classname="tests.common" name="checkuname" time="0.103">
<system-out>
<![CDATA[....
Linux fcmd15 3.14.51-g82d8086-fcmd #1 PREEMPT Thu Oct 29 17:38:53 UTC 2015 ppc GNU/Linux

]]>	</system-out>
<system-err>
<![CDATA[]]>	</system-err>
</testcase>

<testcase classname="tests.fmontests" name="fmon_fsmr2_hack" time="219.489">
<system-out>
<![CDATA[....
/lvol2/production_jenkins/test-repos/src-fsmfmon/src/host/fmon/bin
TC_01040 running ...   (1/1)
TC_01040 done   (1/1)
TC_03011 running ...   (1/1)
TC_03011 done   (1/1)
TC_03020 running ...   (1/1)
TC_03020 done   (1/1)
TC_03030 running ...   (1/1)
TC_03030 done   (1/1)
TC_03050 running ...   (1/1)
TC_03050 done   (1/1)
TC_03080 running ...   (1/1)
TC_03080 done   (1/1)
TC_03100 running ...   (1/1)
TC_03100 done   (1/1)
TC_03130 running ...   (1/1)
TC_03130 done   (1/1)
TC_03150 running ...   (1/1)
TC_03150 done   (1/1)
TC_03160 running ...   (1/1)
TC_03160 done   (1/1)
TC_03170 running ...   (1/1)
TC_03170 done   (1/1)
TC_03210 running ...   (1/1)
TC_03210 done   (1/1)
TC_03230 running ...   (1/1)
TC_03230 done   (1/1)
Run 13 test cases done
LogFile: /lvol3/production_jenkins/test-repos/src-fsmwbit/src/log/tcm2.log
Statistic:
Case Count Passed Failed maxErrors avgErrors maxTime avgTime
TC_03011 1 1 0 0 0 { 00:00:03 } { 00:00:03 } {Sfn get close fd}
TC_03020 1 1 0 0 0 { 00:00:07 } { 00:00:07 } {Basic temperature Tests}
TC_03030 1 1 0 0 0 { 00:00:01 } { 00:00:01 } {Basic reset Tests}
TC_03050 1 1 0 0 0 { 00:00:01 } { 00:00:01 } {Basic power Tests}
TC_03080 1 1 0 0 0 { 00:00:00 } { 00:00:00 } {Basic led Tests}
TC_03100 1 1 0 0 0 { 00:02:40 } { 00:02:40 } {Basic rpram Tests}
TC_03130 1 1 0 0 0 { 00:00:00 } { 00:00:00 } {Basic Power Monitor Tests}
TC_03150 1 1 0 0 0 { 00:00:00 } { 00:00:00 } {FSP H/W Id}
TC_03160 1 1 0 0 0 { 00:00:01 } { 00:00:01 } {Basic External Alarm Tests}
TC_03170 1 1 0 0 0 { 00:00:02 } { 00:00:02 } {Basic Custom Out Tests}
TC_03210 1 0 1 4 4 { 00:00:01 } { 00:00:01 } {Basic gpio Tests}
TC_03230 1 1 0 0 0 { 00:00:33 } { 00:00:33 } {Basic register Tests}
Summary 12 11 1 4 0 { 00:02:40 } { 00:00:17 } {Totals and Sums}
OVERALL RESULT: FAIL

]]>	</system-out>
<system-err>
<![CDATA[+(./host_fmon_fsmr2_hack.sh:6): ROOT=/lvol3/production_jenkins/test-repos/src-fsmwbit//src
+(./host_fmon_fsmr2_hack.sh:7): TARGET_NAME=fcmd15
+(./host_fmon_fsmr2_hack.sh:8): TMF_DIR=/var/fpwork/psulm/lfs-jenkins/workspace/LFS_CI_-_trunk_-_TestNonBlocking_-_FSM-r2_-_FCMD/workspace/src-test/src/unittest/tests/fmontests/fmon_fsmr2_hack
+(./host_fmon_fsmr2_hack.sh:10): cd /lvol3/production_jenkins/test-repos/src-fsmwbit//src/tools/ftcm
+(./host_fmon_fsmr2_hack.sh:11): ./startftcm -cfg /lvol2/production_jenkins/test-repos/src-fsmtest/src/test_scripts/configs/fcmd15.cfg
+(./host_fmon_fsmr2_hack.sh:11): true
+(./host_fmon_fsmr2_hack.sh:12): /lvol2/production_jenkins/bin/mkjunitxml.pl /lvol3/production_jenkins/test-repos/src-fsmwbit//src/log/tcm2.log
+(./host_fmon_fsmr2_hack.sh:14): '[' -f /lvol3/production_jenkins/test-repos/src-fsmwbit//src/log/fsmr2.xml ']'
+(./host_fmon_fsmr2_hack.sh:16): mkdir -p /var/fpwork/psulm/lfs-jenkins/workspace/LFS_CI_-_trunk_-_TestNonBlocking_-_FSM-r2_-_FCMD/workspace/src-test/src/unittest/tests/fmontests/fmon_fsmr2_hack/xml-reports
+(./host_fmon_fsmr2_hack.sh:17): cp /lvol3/production_jenkins/test-repos/src-fsmwbit//src/log/fsmr2.xml /var/fpwork/psulm/lfs-jenkins/workspace/LFS_CI_-_trunk_-_TestNonBlocking_-_FSM-r2_-_FCMD/workspace/src-test/src/unittest/tests/fmontests/fmon_fsmr2_hack/xml-reports/
]]>	</system-err>
</testcase>

</testsuite>
