<?xml version='1.0' encoding='UTF-8'?>
<result>
  <suites>
    <suite>
      <file>/var/fpwork/psulm/lfs-jenkins/workspace/LFS_CI_-_trunk_-_TestNonBlocking_-_FSM-r2_-_FCMD/workspace/xml-reports/tests.LFS_CI_-_trunk_-_TestNonBlocking_-_FSM-r2_-_FCMD.xml</file>
      <name>tests.merged</name>
      <duration>481.83502</duration>
      <cases>
        <case>
          <duration>0.0</duration>
          <className>..</className>
          <testName>ddal_auth_set_login_faildelay_python</testName>
          <skipped>true</skipped>
          <stdout>
no xml report file
</stdout>
          <stderr>
Could not find reports for &quot;../ddal_auth_set_login_faildelay_python&quot;, either test did not execute,
was aborted, or cannot create reports.

Test directory was /var/fpwork/psulm/lfs-jenkins/workspace/LFS_CI_-_trunk_-_TestNonBlocking_-_FSM-r2_-_FCMD/workspace/src-test/src/tests/basic_components/auth/functional/testsuite
</stderr>
          <failedSince>1304</failedSince>
        </case>
        <case>
          <duration>1.0</duration>
          <className>HW_03011_sfn_get_close_fd</className>
          <testName>TC_03011_001 SFN get/close tests</testName>
          <skipped>false</skipped>
          <stdout>
SCR_OUTPUT: ##### Test Case Start: TC_03011_001  SFN get/close tests
CLI_OUTPUT: /Target1/sfn/action ddal_sfn_get_file_descriptor
CLI_OUTPUT: ret /Target1/sfn/action ddal_sfn_get_file_descriptor ==&gt; done OK retv 0 fd 7
CLI_OUTPUT: /Target1/sfn/action ddal_sfn_wakeup_fd 7 100 DDAL_SFN_PERIODIC
CLI_OUTPUT: ret /Target1/sfn/action ddal_sfn_wakeup_fd 7 100 DDAL_SFN_PERIODIC ==&gt; done OK retv 0
CLI_OUTPUT: /Target1/sfn/action ddal_sfn_wakeup_fd 7 100 DDAL_SFN_SPECIFIC
CLI_OUTPUT: ret /Target1/sfn/action ddal_sfn_wakeup_fd 7 100 DDAL_SFN_SPECIFIC ==&gt; done OK retv 0
CLI_OUTPUT: /Target1/sfn/action ddal_sfn_wakeup_fd 7 100 DDAL_SFN_PERIODIC
CLI_OUTPUT: ret /Target1/sfn/action ddal_sfn_wakeup_fd 7 100 DDAL_SFN_PERIODIC ==&gt; done OK retv 0
CLI_OUTPUT: /Target1/sfn/action ddal_sfn_close_file_descriptor 7
CLI_OUTPUT: ret /Target1/sfn/action ddal_sfn_close_file_descriptor 7 ==&gt; done OK retv 0
CLI_OUTPUT: /Target1/sfn/action ddal_sfn_get_file_descriptor
CLI_OUTPUT: ret /Target1/sfn/action ddal_sfn_get_file_descriptor ==&gt; done OK retv 0 fd 7
CLI_OUTPUT: /Target1/sfn/action ddal_sfn_wakeup_fd 7 100 DDAL_SFN_PERIODIC
CLI_OUTPUT: ret /Target1/sfn/action ddal_sfn_wakeup_fd 7 100 DDAL_SFN_PERIODIC ==&gt; done OK retv 0
CLI_OUTPUT: /Target1/sfn/action ddal_sfn_wakeup_fd 7 100 DDAL_SFN_SPECIFIC
CLI_OUTPUT: ret /Target1/sfn/action ddal_sfn_wakeup_fd 7 100 DDAL_SFN_SPECIFIC ==&gt; done OK retv 0
CLI_OUTPUT: /Target1/sfn/action ddal_sfn_wakeup_fd 7 100 DDAL_SFN_PERIODIC
CLI_OUTPUT: ret /Target1/sfn/action ddal_sfn_wakeup_fd 7 100 DDAL_SFN_PERIODIC ==&gt; done OK retv 0
CLI_OUTPUT: /Target1/sfn/action ddal_sfn_close_file_descriptor 7
CLI_OUTPUT: ret /Target1/sfn/action ddal_sfn_close_file_descriptor 7 ==&gt; done OK retv 0
CLI_OUTPUT: /Target1/sfn/action ddal_sfn_get_file_descriptor
CLI_OUTPUT: ret /Target1/sfn/action ddal_sfn_get_file_descriptor ==&gt; done OK retv 0 fd 7
CLI_OUTPUT: /Target1/sfn/action ddal_sfn_wakeup_fd 7 100 DDAL_SFN_PERIODIC
CLI_OUTPUT: ret /Target1/sfn/action ddal_sfn_wakeup_fd 7 100 DDAL_SFN_PERIODIC ==&gt; done OK retv 0
CLI_OUTPUT: /Target1/sfn/action ddal_sfn_wakeup_fd 7 100 DDAL_SFN_SPECIFIC
CLI_OUTPUT: ret /Target1/sfn/action ddal_sfn_wakeup_fd 7 100 DDAL_SFN_SPECIFIC ==&gt; done OK retv 0
CLI_OUTPUT: /Target1/sfn/action ddal_sfn_wakeup_fd 7 100 DDAL_SFN_PERIODIC
CLI_OUTPUT: ret /Target1/sfn/action ddal_sfn_wakeup_fd 7 100 DDAL_SFN_PERIODIC ==&gt; done OK retv 0
CLI_OUTPUT: /Target1/sfn/action ddal_sfn_close_file_descriptor 7
CLI_OUTPUT: ret /Target1/sfn/action ddal_sfn_close_file_descriptor 7 ==&gt; done OK retv 0
CLI_OUTPUT: /Target1/sfn/action ddal_sfn_get_file_descriptor
CLI_OUTPUT: ret /Target1/sfn/action ddal_sfn_get_file_descriptor ==&gt; done OK retv 0 fd 7
CLI_OUTPUT: /Target1/sfn/action ddal_sfn_wakeup_fd 7 100 DDAL_SFN_PERIODIC
CLI_OUTPUT: ret /Target1/sfn/action ddal_sfn_wakeup_fd 7 100 DDAL_SFN_PERIODIC ==&gt; done OK retv 0
CLI_OUTPUT: /Target1/sfn/action ddal_sfn_wakeup_fd 7 100 DDAL_SFN_SPECIFIC
CLI_OUTPUT: ret /Target1/sfn/action ddal_sfn_wakeup_fd 7 100 DDAL_SFN_SPECIFIC ==&gt; done OK retv 0
CLI_OUTPUT: /Target1/sfn/action ddal_sfn_wakeup_fd 7 100 DDAL_SFN_PERIODIC
CLI_OUTPUT: ret /Target1/sfn/action ddal_sfn_wakeup_fd 7 100 DDAL_SFN_PERIODIC ==&gt; done OK retv 0
CLI_OUTPUT: /Target1/sfn/action ddal_sfn_close_file_descriptor 7
CLI_OUTPUT: ret /Target1/sfn/action ddal_sfn_close_file_descriptor 7 ==&gt; done OK retv 0
CLI_OUTPUT: /Target1/sfn/action ddal_sfn_get_file_descriptor
CLI_OUTPUT: ret /Target1/sfn/action ddal_sfn_get_file_descriptor ==&gt; done OK retv 0 fd 7
CLI_OUTPUT: /Target1/sfn/action ddal_sfn_wakeup_fd 7 100 DDAL_SFN_PERIODIC
CLI_OUTPUT: ret /Target1/sfn/action ddal_sfn_wakeup_fd 7 100 DDAL_SFN_PERIODIC ==&gt; done OK retv 0
CLI_OUTPUT: /Target1/sfn/action ddal_sfn_wakeup_fd 7 100 DDAL_SFN_SPECIFIC
CLI_OUTPUT: ret /Target1/sfn/action ddal_sfn_wakeup_fd 7 100 DDAL_SFN_SPECIFIC ==&gt; done OK retv 0
CLI_OUTPUT: /Target1/sfn/action ddal_sfn_wakeup_fd 7 100 DDAL_SFN_PERIODIC
CLI_OUTPUT: ret /Target1/sfn/action ddal_sfn_wakeup_fd 7 100 DDAL_SFN_PERIODIC ==&gt; done OK retv 0
CLI_OUTPUT: /Target1/sfn/action ddal_sfn_close_file_descriptor 7
CLI_OUTPUT: ret /Target1/sfn/action ddal_sfn_close_file_descriptor 7 ==&gt; done OK retv 0
CLI_OUTPUT: /Target1/sfn/action ddal_sfn_get_file_descriptor
CLI_OUTPUT: ret /Target1/sfn/action ddal_sfn_get_file_descriptor ==&gt; done OK retv 0 fd 7
CLI_OUTPUT: /Target1/sfn/action ddal_sfn_wakeup_fd 7 100 DDAL_SFN_PERIODIC
CLI_OUTPUT: ret /Target1/sfn/action ddal_sfn_wakeup_fd 7 100 DDAL_SFN_PERIODIC ==&gt; done OK retv 0
CLI_OUTPUT: /Target1/sfn/action ddal_sfn_wakeup_fd 7 100 DDAL_SFN_SPECIFIC
CLI_OUTPUT: ret /Target1/sfn/action ddal_sfn_wakeup_fd 7 100 DDAL_SFN_SPECIFIC ==&gt; done OK retv 0
CLI_OUTPUT: /Target1/sfn/action ddal_sfn_wakeup_fd 7 100 DDAL_SFN_PERIODIC
CLI_OUTPUT: ret /Target1/sfn/action ddal_sfn_wakeup_fd 7 100 DDAL_SFN_PERIODIC ==&gt; done OK retv 0
CLI_OUTPUT: /Target1/sfn/action ddal_sfn_close_file_descriptor 7
CLI_OUTPUT: ret /Target1/sfn/action ddal_sfn_close_file_descriptor 7 ==&gt; done OK retv 0
CLI_OUTPUT: /Target1/sfn/action ddal_sfn_get_file_descriptor
CLI_OUTPUT: ret /Target1/sfn/action ddal_sfn_get_file_descriptor ==&gt; done OK retv 0 fd 7
CLI_OUTPUT: /Target1/sfn/action ddal_sfn_wakeup_fd 7 100 DDAL_SFN_PERIODIC
CLI_OUTPUT: ret /Target1/sfn/action ddal_sfn_wakeup_fd 7 100 DDAL_SFN_PERIODIC ==&gt; done OK retv 0
CLI_OUTPUT: /Target1/sfn/action ddal_sfn_wakeup_fd 7 100 DDAL_SFN_SPECIFIC
CLI_OUTPUT: ret /Target1/sfn/action ddal_sfn_wakeup_fd 7 100 DDAL_SFN_SPECIFIC ==&gt; done OK retv 0
CLI_OUTPUT: /Target1/sfn/action ddal_sfn_wakeup_fd 7 100 DDAL_SFN_PERIODIC
CLI_OUTPUT: ret /Target1/sfn/action ddal_sfn_wakeup_fd 7 100 DDAL_SFN_PERIODIC ==&gt; done OK retv 0
CLI_OUTPUT: /Target1/sfn/action ddal_sfn_close_file_descriptor 7
CLI_OUTPUT: ret /Target1/sfn/action ddal_sfn_close_file_descriptor 7 ==&gt; done OK retv 0
CLI_OUTPUT: /Target1/sfn/action ddal_sfn_get_file_descriptor
CLI_OUTPUT: ret /Target1/sfn/action ddal_sfn_get_file_descriptor ==&gt; done OK retv 0 fd 7
CLI_OUTPUT: /Target1/sfn/action ddal_sfn_wakeup_fd 7 100 DDAL_SFN_PERIODIC
CLI_OUTPUT: ret /Target1/sfn/action ddal_sfn_wakeup_fd 7 100 DDAL_SFN_PERIODIC ==&gt; done OK retv 0
CLI_OUTPUT: /Target1/sfn/action ddal_sfn_wakeup_fd 7 100 DDAL_SFN_SPECIFIC
CLI_OUTPUT: ret /Target1/sfn/action ddal_sfn_wakeup_fd 7 100 DDAL_SFN_SPECIFIC ==&gt; done OK retv 0
CLI_OUTPUT: /Target1/sfn/action ddal_sfn_wakeup_fd 7 100 DDAL_SFN_PERIODIC
CLI_OUTPUT: ret /Target1/sfn/action ddal_sfn_wakeup_fd 7 100 DDAL_SFN_PERIODIC ==&gt; done OK retv 0
CLI_OUTPUT: /Target1/sfn/action ddal_sfn_close_file_descriptor 7
CLI_OUTPUT: ret /Target1/sfn/action ddal_sfn_close_file_descriptor 7 ==&gt; done OK retv 0
CLI_OUTPUT: /Target1/sfn/action ddal_sfn_get_file_descriptor
CLI_OUTPUT: ret /Target1/sfn/action ddal_sfn_get_file_descriptor ==&gt; done OK retv 0 fd 7
CLI_OUTPUT: /Target1/sfn/action ddal_sfn_wakeup_fd 7 100 DDAL_SFN_PERIODIC
CLI_OUTPUT: ret /Target1/sfn/action ddal_sfn_wakeup_fd 7 100 DDAL_SFN_PERIODIC ==&gt; done OK retv 0
CLI_OUTPUT: /Target1/sfn/action ddal_sfn_wakeup_fd 7 100 DDAL_SFN_SPECIFIC
CLI_OUTPUT: ret /Target1/sfn/action ddal_sfn_wakeup_fd 7 100 DDAL_SFN_SPECIFIC ==&gt; done OK retv 0
CLI_OUTPUT: /Target1/sfn/action ddal_sfn_wakeup_fd 7 100 DDAL_SFN_PERIODIC
CLI_OUTPUT: ret /Target1/sfn/action ddal_sfn_wakeup_fd 7 100 DDAL_SFN_PERIODIC ==&gt; done OK retv 0
CLI_OUTPUT: /Target1/sfn/action ddal_sfn_close_file_descriptor 7
CLI_OUTPUT: ret /Target1/sfn/action ddal_sfn_close_file_descriptor 7 ==&gt; done OK retv 0
CLI_OUTPUT: /Target1/sfn/action ddal_sfn_get_file_descriptor
CLI_OUTPUT: ret /Target1/sfn/action ddal_sfn_get_file_descriptor ==&gt; done OK retv 0 fd 7
CLI_OUTPUT: /Target1/sfn/action ddal_sfn_wakeup_fd 7 100 DDAL_SFN_PERIODIC
CLI_OUTPUT: ret /Target1/sfn/action ddal_sfn_wakeup_fd 7 100 DDAL_SFN_PERIODIC ==&gt; done OK retv 0
CLI_OUTPUT: /Target1/sfn/action ddal_sfn_wakeup_fd 7 100 DDAL_SFN_SPECIFIC
CLI_OUTPUT: ret /Target1/sfn/action ddal_sfn_wakeup_fd 7 100 DDAL_SFN_SPECIFIC ==&gt; done OK retv 0
CLI_OUTPUT: /Target1/sfn/action ddal_sfn_wakeup_fd 7 100 DDAL_SFN_PERIODIC
CLI_OUTPUT: ret /Target1/sfn/action ddal_sfn_wakeup_fd 7 100 DDAL_SFN_PERIODIC ==&gt; done OK retv 0
CLI_OUTPUT: /Target1/sfn/action ddal_sfn_close_file_descriptor 7
CLI_OUTPUT: ret /Target1/sfn/action ddal_sfn_close_file_descriptor 7 ==&gt; done OK retv 0
CLI_OUTPUT: /Target1/sfn/action ddal_sfn_get_file_descriptor
CLI_OUTPUT: ret /Target1/sfn/action ddal_sfn_get_file_descriptor ==&gt; done OK retv 0 fd 7
CLI_OUTPUT: /Target1/sfn/action ddal_sfn_wakeup_fd 7 100 DDAL_SFN_PERIODIC
CLI_OUTPUT: ret /Target1/sfn/action ddal_sfn_wakeup_fd 7 100 DDAL_SFN_PERIODIC ==&gt; done OK retv 0
CLI_OUTPUT: /Target1/sfn/action ddal_sfn_wakeup_fd 7 100 DDAL_SFN_SPECIFIC
CLI_OUTPUT: ret /Target1/sfn/action ddal_sfn_wakeup_fd 7 100 DDAL_SFN_SPECIFIC ==&gt; done OK retv 0
CLI_OUTPUT: /Target1/sfn/action ddal_sfn_wakeup_fd 7 100 DDAL_SFN_PERIODIC
CLI_OUTPUT: ret /Target1/sfn/action ddal_sfn_wakeup_fd 7 100 DDAL_SFN_PERIODIC ==&gt; done OK retv 0
CLI_OUTPUT: /Target1/sfn/action ddal_sfn_close_file_descriptor 7
CLI_OUTPUT: ret /Target1/sfn/action ddal_sfn_close_file_descriptor 7 ==&gt; done OK retv 0
CLI_OUTPUT: /Target1/sfn/action ddal_sfn_get_file_descriptor
CLI_OUTPUT: ret /Target1/sfn/action ddal_sfn_get_file_descriptor ==&gt; done OK retv 0 fd 7
CLI_OUTPUT: /Target1/sfn/action ddal_sfn_wakeup_fd 7 100 DDAL_SFN_PERIODIC
CLI_OUTPUT: ret /Target1/sfn/action ddal_sfn_wakeup_fd 7 100 DDAL_SFN_PERIODIC ==&gt; done OK retv 0
CLI_OUTPUT: /Target1/sfn/action ddal_sfn_wakeup_fd 7 100 DDAL_SFN_SPECIFIC
CLI_OUTPUT: ret /Target1/sfn/action ddal_sfn_wakeup_fd 7 100 DDAL_SFN_SPECIFIC ==&gt; done OK retv 0
CLI_OUTPUT: /Target1/sfn/action ddal_sfn_wakeup_fd 7 100 DDAL_SFN_PERIODIC
CLI_OUTPUT: ret /Target1/sfn/action ddal_sfn_wakeup_fd 7 100 DDAL_SFN_PERIODIC ==&gt; done OK retv 0
CLI_OUTPUT: /Target1/sfn/action ddal_sfn_close_file_descriptor 7
CLI_OUTPUT: ret /Target1/sfn/action ddal_sfn_close_file_descriptor 7 ==&gt; done OK retv 0
CLI_OUTPUT: /Target1/sfn/action ddal_sfn_get_file_descriptor
CLI_OUTPUT: ret /Target1/sfn/action ddal_sfn_get_file_descriptor ==&gt; done OK retv 0 fd 7
CLI_OUTPUT: /Target1/sfn/action ddal_sfn_wakeup_fd 7 100 DDAL_SFN_PERIODIC
CLI_OUTPUT: ret /Target1/sfn/action ddal_sfn_wakeup_fd 7 100 DDAL_SFN_PERIODIC ==&gt; done OK retv 0
CLI_OUTPUT: /Target1/sfn/action ddal_sfn_wakeup_fd 7 100 DDAL_SFN_SPECIFIC
CLI_OUTPUT: ret /Target1/sfn/action ddal_sfn_wakeup_fd 7 100 DDAL_SFN_SPECIFIC ==&gt; done OK retv 0
CLI_OUTPUT: /Target1/sfn/action ddal_sfn_wakeup_fd 7 100 DDAL_SFN_PERIODIC
CLI_OUTPUT: ret /Target1/sfn/action ddal_sfn_wakeup_fd 7 100 DDAL_SFN_PERIODIC ==&gt; done OK retv 0
CLI_OUTPUT: /Target1/sfn/action ddal_sfn_close_file_descriptor 7
CLI_OUTPUT: ret /Target1/sfn/action ddal_sfn_close_file_descriptor 7 ==&gt; done OK retv 0
CLI_OUTPUT: /Target1/sfn/action ddal_sfn_get_file_descriptor
CLI_OUTPUT: ret /Target1/sfn/action ddal_sfn_get_file_descriptor ==&gt; done OK retv 0 fd 7
CLI_OUTPUT: /Target1/sfn/action ddal_sfn_wakeup_fd 7 100 DDAL_SFN_PERIODIC
CLI_OUTPUT: ret /Target1/sfn/action ddal_sfn_wakeup_fd 7 100 DDAL_SFN_PERIODIC ==&gt; done OK retv 0
CLI_OUTPUT: /Target1/sfn/action ddal_sfn_wakeup_fd 7 100 DDAL_SFN_SPECIFIC
CLI_OUTPUT: ret /Target1/sfn/action ddal_sfn_wakeup_fd 7 100 DDAL_SFN_SPECIFIC ==&gt; done OK retv 0
CLI_OUTPUT: /Target1/sfn/action ddal_sfn_wakeup_fd 7 100 DDAL_SFN_PERIODIC
CLI_OUTPUT: ret /Target1/sfn/action ddal_sfn_wakeup_fd 7 100 DDAL_SFN_PERIODIC ==&gt; done OK retv 0
CLI_OUTPUT: /Target1/sfn/action ddal_sfn_close_file_descriptor 7
CLI_OUTPUT: ret /Target1/sfn/action ddal_sfn_close_file_descriptor 7 ==&gt; done OK retv 0
CLI_OUTPUT: /Target1/sfn/action ddal_sfn_get_file_descriptor
CLI_OUTPUT: ret /Target1/sfn/action ddal_sfn_get_file_descriptor ==&gt; done OK retv 0 fd 7
CLI_OUTPUT: /Target1/sfn/action ddal_sfn_wakeup_fd 7 100 DDAL_SFN_PERIODIC
CLI_OUTPUT: ret /Target1/sfn/action ddal_sfn_wakeup_fd 7 100 DDAL_SFN_PERIODIC ==&gt; done OK retv 0
CLI_OUTPUT: /Target1/sfn/action ddal_sfn_wakeup_fd 7 100 DDAL_SFN_SPECIFIC
CLI_OUTPUT: ret /Target1/sfn/action ddal_sfn_wakeup_fd 7 100 DDAL_SFN_SPECIFIC ==&gt; done OK retv 0
CLI_OUTPUT: /Target1/sfn/action ddal_sfn_wakeup_fd 7 100 DDAL_SFN_PERIODIC
CLI_OUTPUT: ret /Target1/sfn/action ddal_sfn_wakeup_fd 7 100 DDAL_SFN_PERIODIC ==&gt; done OK retv 0
CLI_OUTPUT: /Target1/sfn/action ddal_sfn_close_file_descriptor 7
CLI_OUTPUT: ret /Target1/sfn/action ddal_sfn_close_file_descriptor 7 ==&gt; done OK retv 0
CLI_OUTPUT: /Target1/sfn/action ddal_sfn_get_file_descriptor
CLI_OUTPUT: ret /Target1/sfn/action ddal_sfn_get_file_descriptor ==&gt; done OK retv 0 fd 7
CLI_OUTPUT: /Target1/sfn/action ddal_sfn_wakeup_fd 7 100 DDAL_SFN_PERIODIC
CLI_OUTPUT: ret /Target1/sfn/action ddal_sfn_wakeup_fd 7 100 DDAL_SFN_PERIODIC ==&gt; done OK retv 0
CLI_OUTPUT: /Target1/sfn/action ddal_sfn_wakeup_fd 7 100 DDAL_SFN_SPECIFIC
CLI_OUTPUT: ret /Target1/sfn/action ddal_sfn_wakeup_fd 7 100 DDAL_SFN_SPECIFIC ==&gt; done OK retv 0
CLI_OUTPUT: /Target1/sfn/action ddal_sfn_wakeup_fd 7 100 DDAL_SFN_PERIODIC
CLI_OUTPUT: ret /Target1/sfn/action ddal_sfn_wakeup_fd 7 100 DDAL_SFN_PERIODIC ==&gt; done OK retv 0
CLI_OUTPUT: /Target1/sfn/action ddal_sfn_close_file_descriptor 7
CLI_OUTPUT: ret /Target1/sfn/action ddal_sfn_close_file_descriptor 7 ==&gt; done OK retv 0
CLI_OUTPUT: /Target1/sfn/action ddal_sfn_get_file_descriptor
CLI_OUTPUT: ret /Target1/sfn/action ddal_sfn_get_file_descriptor ==&gt; done OK retv 0 fd 7
CLI_OUTPUT: /Target1/sfn/action ddal_sfn_wakeup_fd 7 100 DDAL_SFN_PERIODIC
CLI_OUTPUT: ret /Target1/sfn/action ddal_sfn_wakeup_fd 7 100 DDAL_SFN_PERIODIC ==&gt; done OK retv 0
CLI_OUTPUT: /Target1/sfn/action ddal_sfn_wakeup_fd 7 100 DDAL_SFN_SPECIFIC
CLI_OUTPUT: ret /Target1/sfn/action ddal_sfn_wakeup_fd 7 100 DDAL_SFN_SPECIFIC ==&gt; done OK retv 0
CLI_OUTPUT: /Target1/sfn/action ddal_sfn_wakeup_fd 7 100 DDAL_SFN_PERIODIC
CLI_OUTPUT: ret /Target1/sfn/action ddal_sfn_wakeup_fd 7 100 DDAL_SFN_PERIODIC ==&gt; done OK retv 0
CLI_OUTPUT: /Target1/sfn/action ddal_sfn_close_file_descriptor 7
CLI_OUTPUT: ret /Target1/sfn/action ddal_sfn_close_file_descriptor 7 ==&gt; done OK retv 0
CLI_OUTPUT: /Target1/sfn/action ddal_sfn_get_file_descriptor
CLI_OUTPUT: ret /Target1/sfn/action ddal_sfn_get_file_descriptor ==&gt; done OK retv 0 fd 7
CLI_OUTPUT: /Target1/sfn/action ddal_sfn_wakeup_fd 7 100 DDAL_SFN_PERIODIC
CLI_OUTPUT: ret /Target1/sfn/action ddal_sfn_wakeup_fd 7 100 DDAL_SFN_PERIODIC ==&gt; done OK retv 0
CLI_OUTPUT: /Target1/sfn/action ddal_sfn_wakeup_fd 7 100 DDAL_SFN_SPECIFIC
CLI_OUTPUT: ret /Target1/sfn/action ddal_sfn_wakeup_fd 7 100 DDAL_SFN_SPECIFIC ==&gt; done OK retv 0
CLI_OUTPUT: /Target1/sfn/action ddal_sfn_wakeup_fd 7 100 DDAL_SFN_PERIODIC
CLI_OUTPUT: ret /Target1/sfn/action ddal_sfn_wakeup_fd 7 100 DDAL_SFN_PERIODIC ==&gt; done OK retv 0
CLI_OUTPUT: /Target1/sfn/action ddal_sfn_close_file_descriptor 7
CLI_OUTPUT: ret /Target1/sfn/action ddal_sfn_close_file_descriptor 7 ==&gt; done OK retv 0
CLI_OUTPUT: /Target1/sfn/action ddal_sfn_get_file_descriptor
CLI_OUTPUT: ret /Target1/sfn/action ddal_sfn_get_file_descriptor ==&gt; done OK retv 0 fd 7
CLI_OUTPUT: /Target1/sfn/action ddal_sfn_wakeup_fd 7 100 DDAL_SFN_PERIODIC
CLI_OUTPUT: ret /Target1/sfn/action ddal_sfn_wakeup_fd 7 100 DDAL_SFN_PERIODIC ==&gt; done OK retv 0
CLI_OUTPUT: /Target1/sfn/action ddal_sfn_wakeup_fd 7 100 DDAL_SFN_SPECIFIC
CLI_OUTPUT: ret /Target1/sfn/action ddal_sfn_wakeup_fd 7 100 DDAL_SFN_SPECIFIC ==&gt; done OK retv 0
CLI_OUTPUT: /Target1/sfn/action ddal_sfn_wakeup_fd 7 100 DDAL_SFN_PERIODIC
CLI_OUTPUT: ret /Target1/sfn/action ddal_sfn_wakeup_fd 7 100 DDAL_SFN_PERIODIC ==&gt; done OK retv 0
CLI_OUTPUT: /Target1/sfn/action ddal_sfn_close_file_descriptor 7
CLI_OUTPUT: ret /Target1/sfn/action ddal_sfn_close_file_descriptor 7 ==&gt; done OK retv 0
CLI_OUTPUT: /Target1/sfn/action ddal_sfn_get_file_descriptor
CLI_OUTPUT: ret /Target1/sfn/action ddal_sfn_get_file_descriptor ==&gt; done OK retv 0 fd 7
CLI_OUTPUT: /Target1/sfn/action ddal_sfn_wakeup_fd 7 100 DDAL_SFN_PERIODIC
CLI_OUTPUT: ret /Target1/sfn/action ddal_sfn_wakeup_fd 7 100 DDAL_SFN_PERIODIC ==&gt; done OK retv 0
CLI_OUTPUT: /Target1/sfn/action ddal_sfn_wakeup_fd 7 100 DDAL_SFN_SPECIFIC
CLI_OUTPUT: ret /Target1/sfn/action ddal_sfn_wakeup_fd 7 100 DDAL_SFN_SPECIFIC ==&gt; done OK retv 0
CLI_OUTPUT: /Target1/sfn/action ddal_sfn_wakeup_fd 7 100 DDAL_SFN_PERIODIC
CLI_OUTPUT: ret /Target1/sfn/action ddal_sfn_wakeup_fd 7 100 DDAL_SFN_PERIODIC ==&gt; done OK retv 0
CLI_OUTPUT: /Target1/sfn/action ddal_sfn_close_file_descriptor 7
CLI_OUTPUT: ret /Target1/sfn/action ddal_sfn_close_file_descriptor 7 ==&gt; done OK retv 0
CLI_OUTPUT: /Target1/sfn/action ddal_sfn_get_file_descriptor
CLI_OUTPUT: ret /Target1/sfn/action ddal_sfn_get_file_descriptor ==&gt; done OK retv 0 fd 7
CLI_OUTPUT: /Target1/sfn/action ddal_sfn_wakeup_fd 7 100 DDAL_SFN_PERIODIC
CLI_OUTPUT: ret /Target1/sfn/action ddal_sfn_wakeup_fd 7 100 DDAL_SFN_PERIODIC ==&gt; done OK retv 0
CLI_OUTPUT: /Target1/sfn/action ddal_sfn_wakeup_fd 7 100 DDAL_SFN_SPECIFIC
CLI_OUTPUT: ret /Target1/sfn/action ddal_sfn_wakeup_fd 7 100 DDAL_SFN_SPECIFIC ==&gt; done OK retv 0
CLI_OUTPUT: /Target1/sfn/action ddal_sfn_wakeup_fd 7 100 DDAL_SFN_PERIODIC
CLI_OUTPUT: ret /Target1/sfn/action ddal_sfn_wakeup_fd 7 100 DDAL_SFN_PERIODIC ==&gt; done OK retv 0
CLI_OUTPUT: /Target1/sfn/action ddal_sfn_close_file_descriptor 7
CLI_OUTPUT: ret /Target1/sfn/action ddal_sfn_close_file_descriptor 7 ==&gt; done OK retv 0
CLI_OUTPUT: /Target1/sfn/action ddal_sfn_get_file_descriptor
CLI_OUTPUT: ret /Target1/sfn/action ddal_sfn_get_file_descriptor ==&gt; done OK retv 0 fd 7
CLI_OUTPUT: /Target1/sfn/action ddal_sfn_wakeup_fd 7 100 DDAL_SFN_PERIODIC
CLI_OUTPUT: ret /Target1/sfn/action ddal_sfn_wakeup_fd 7 100 DDAL_SFN_PERIODIC ==&gt; done OK retv 0
CLI_OUTPUT: /Target1/sfn/action ddal_sfn_wakeup_fd 7 100 DDAL_SFN_SPECIFIC
CLI_OUTPUT: ret /Target1/sfn/action ddal_sfn_wakeup_fd 7 100 DDAL_SFN_SPECIFIC ==&gt; done OK retv 0
CLI_OUTPUT: /Target1/sfn/action ddal_sfn_wakeup_fd 7 100 DDAL_SFN_PERIODIC
CLI_OUTPUT: ret /Target1/sfn/action ddal_sfn_wakeup_fd 7 100 DDAL_SFN_PERIODIC ==&gt; done OK retv 0
CLI_OUTPUT: /Target1/sfn/action ddal_sfn_close_file_descriptor 7
CLI_OUTPUT: ret /Target1/sfn/action ddal_sfn_close_file_descriptor 7 ==&gt; done OK retv 0
CLI_OUTPUT: /Target1/sfn/action ddal_sfn_get_file_descriptor
CLI_OUTPUT: ret /Target1/sfn/action ddal_sfn_get_file_descriptor ==&gt; done OK retv 0 fd 7
CLI_OUTPUT: /Target1/sfn/action ddal_sfn_wakeup_fd 7 100 DDAL_SFN_PERIODIC
CLI_OUTPUT: ret /Target1/sfn/action ddal_sfn_wakeup_fd 7 100 DDAL_SFN_PERIODIC ==&gt; done OK retv 0
CLI_OUTPUT: /Target1/sfn/action ddal_sfn_wakeup_fd 7 100 DDAL_SFN_SPECIFIC
CLI_OUTPUT: ret /Target1/sfn/action ddal_sfn_wakeup_fd 7 100 DDAL_SFN_SPECIFIC ==&gt; done OK retv 0
CLI_OUTPUT: /Target1/sfn/action ddal_sfn_wakeup_fd 7 100 DDAL_SFN_PERIODIC
CLI_OUTPUT: ret /Target1/sfn/action ddal_sfn_wakeup_fd 7 100 DDAL_SFN_PERIODIC ==&gt; done OK retv 0
CLI_OUTPUT: /Target1/sfn/action ddal_sfn_close_file_descriptor 7
CLI_OUTPUT: ret /Target1/sfn/action ddal_sfn_close_file_descriptor 7 ==&gt; done OK retv 0
CLI_OUTPUT: /Target1/sfn/action ddal_sfn_get_file_descriptor
CLI_OUTPUT: ret /Target1/sfn/action ddal_sfn_get_file_descriptor ==&gt; done OK retv 0 fd 7
CLI_OUTPUT: /Target1/sfn/action ddal_sfn_wakeup_fd 7 100 DDAL_SFN_PERIODIC
CLI_OUTPUT: ret /Target1/sfn/action ddal_sfn_wakeup_fd 7 100 DDAL_SFN_PERIODIC ==&gt; done OK retv 0
CLI_OUTPUT: /Target1/sfn/action ddal_sfn_wakeup_fd 7 100 DDAL_SFN_SPECIFIC
CLI_OUTPUT: ret /Target1/sfn/action ddal_sfn_wakeup_fd 7 100 DDAL_SFN_SPECIFIC ==&gt; done OK retv 0
CLI_OUTPUT: /Target1/sfn/action ddal_sfn_wakeup_fd 7 100 DDAL_SFN_PERIODIC
CLI_OUTPUT: ret /Target1/sfn/action ddal_sfn_wakeup_fd 7 100 DDAL_SFN_PERIODIC ==&gt; done OK retv 0
CLI_OUTPUT: /Target1/sfn/action ddal_sfn_close_file_descriptor 7
CLI_OUTPUT: ret /Target1/sfn/action ddal_sfn_close_file_descriptor 7 ==&gt; done OK retv 0
CLI_OUTPUT: /Target1/sfn/action ddal_sfn_get_file_descriptor
CLI_OUTPUT: ret /Target1/sfn/action ddal_sfn_get_file_descriptor ==&gt; done OK retv 0 fd 7
CLI_OUTPUT: /Target1/sfn/action ddal_sfn_wakeup_fd 7 100 DDAL_SFN_PERIODIC
CLI_OUTPUT: ret /Target1/sfn/action ddal_sfn_wakeup_fd 7 100 DDAL_SFN_PERIODIC ==&gt; done OK retv 0
CLI_OUTPUT: /Target1/sfn/action ddal_sfn_wakeup_fd 7 100 DDAL_SFN_SPECIFIC
CLI_OUTPUT: ret /Target1/sfn/action ddal_sfn_wakeup_fd 7 100 DDAL_SFN_SPECIFIC ==&gt; done OK retv 0
CLI_OUTPUT: /Target1/sfn/action ddal_sfn_wakeup_fd 7 100 DDAL_SFN_PERIODIC
CLI_OUTPUT: ret /Target1/sfn/action ddal_sfn_wakeup_fd 7 100 DDAL_SFN_PERIODIC ==&gt; done OK retv 0
CLI_OUTPUT: /Target1/sfn/action ddal_sfn_close_file_descriptor 7
CLI_OUTPUT: ret /Target1/sfn/action ddal_sfn_close_file_descriptor 7 ==&gt; done OK retv 0
CLI_OUTPUT: /Target1/sfn/action ddal_sfn_get_file_descriptor
CLI_OUTPUT: ret /Target1/sfn/action ddal_sfn_get_file_descriptor ==&gt; done OK retv 0 fd 7
CLI_OUTPUT: /Target1/sfn/action ddal_sfn_wakeup_fd 7 100 DDAL_SFN_PERIODIC
CLI_OUTPUT: ret /Target1/sfn/action ddal_sfn_wakeup_fd 7 100 DDAL_SFN_PERIODIC ==&gt; done OK retv 0
CLI_OUTPUT: /Target1/sfn/action ddal_sfn_wakeup_fd 7 100 DDAL_SFN_SPECIFIC
CLI_OUTPUT: ret /Target1/sfn/action ddal_sfn_wakeup_fd 7 100 DDAL_SFN_SPECIFIC ==&gt; done OK retv 0
CLI_OUTPUT: /Target1/sfn/action ddal_sfn_wakeup_fd 7 100 DDAL_SFN_PERIODIC
CLI_OUTPUT: ret /Target1/sfn/action ddal_sfn_wakeup_fd 7 100 DDAL_SFN_PERIODIC ==&gt; done OK retv 0
CLI_OUTPUT: /Target1/sfn/action ddal_sfn_close_file_descriptor 7
CLI_OUTPUT: ret /Target1/sfn/action ddal_sfn_close_file_descriptor 7 ==&gt; done OK retv 0
CLI_OUTPUT: /Target1/sfn/action ddal_sfn_get_file_descriptor
CLI_OUTPUT: ret /Target1/sfn/action ddal_sfn_get_file_descriptor ==&gt; done OK retv 0 fd 7
CLI_OUTPUT: /Target1/sfn/action ddal_sfn_wakeup_fd 7 100 DDAL_SFN_PERIODIC
CLI_OUTPUT: ret /Target1/sfn/action ddal_sfn_wakeup_fd 7 100 DDAL_SFN_PERIODIC ==&gt; done OK retv 0
CLI_OUTPUT: /Target1/sfn/action ddal_sfn_wakeup_fd 7 100 DDAL_SFN_SPECIFIC
CLI_OUTPUT: ret /Target1/sfn/action ddal_sfn_wakeup_fd 7 100 DDAL_SFN_SPECIFIC ==&gt; done OK retv 0
CLI_OUTPUT: /Target1/sfn/action ddal_sfn_wakeup_fd 7 100 DDAL_SFN_PERIODIC
CLI_OUTPUT: ret /Target1/sfn/action ddal_sfn_wakeup_fd 7 100 DDAL_SFN_PERIODIC ==&gt; done OK retv 0
CLI_OUTPUT: /Target1/sfn/action ddal_sfn_close_file_descriptor 7
CLI_OUTPUT: ret /Target1/sfn/action ddal_sfn_close_file_descriptor 7 ==&gt; done OK retv 0
CLI_OUTPUT: /Target1/sfn/action ddal_sfn_get_file_descriptor
CLI_OUTPUT: ret /Target1/sfn/action ddal_sfn_get_file_descriptor ==&gt; done OK retv 0 fd 7
CLI_OUTPUT: /Target1/sfn/action ddal_sfn_wakeup_fd 7 100 DDAL_SFN_PERIODIC
CLI_OUTPUT: ret /Target1/sfn/action ddal_sfn_wakeup_fd 7 100 DDAL_SFN_PERIODIC ==&gt; done OK retv 0
CLI_OUTPUT: /Target1/sfn/action ddal_sfn_wakeup_fd 7 100 DDAL_SFN_SPECIFIC
CLI_OUTPUT: ret /Target1/sfn/action ddal_sfn_wakeup_fd 7 100 DDAL_SFN_SPECIFIC ==&gt; done OK retv 0
CLI_OUTPUT: /Target1/sfn/action ddal_sfn_wakeup_fd 7 100 DDAL_SFN_PERIODIC
CLI_OUTPUT: ret /Target1/sfn/action ddal_sfn_wakeup_fd 7 100 DDAL_SFN_PERIODIC ==&gt; done OK retv 0
CLI_OUTPUT: /Target1/sfn/action ddal_sfn_close_file_descriptor 7
CLI_OUTPUT: ret /Target1/sfn/action ddal_sfn_close_file_descriptor 7 ==&gt; done OK retv 0
CLI_OUTPUT: /Target1/sfn/action ddal_sfn_get_file_descriptor
CLI_OUTPUT: ret /Target1/sfn/action ddal_sfn_get_file_descriptor ==&gt; done OK retv 0 fd 7
CLI_OUTPUT: /Target1/sfn/action ddal_sfn_wakeup_fd 7 100 DDAL_SFN_PERIODIC
CLI_OUTPUT: ret /Target1/sfn/action ddal_sfn_wakeup_fd 7 100 DDAL_SFN_PERIODIC ==&gt; done OK retv 0
CLI_OUTPUT: /Target1/sfn/action ddal_sfn_wakeup_fd 7 100 DDAL_SFN_SPECIFIC
CLI_OUTPUT: ret /Target1/sfn/action ddal_sfn_wakeup_fd 7 100 DDAL_SFN_SPECIFIC ==&gt; done OK retv 0
CLI_OUTPUT: /Target1/sfn/action ddal_sfn_wakeup_fd 7 100 DDAL_SFN_PERIODIC
CLI_OUTPUT: ret /Target1/sfn/action ddal_sfn_wakeup_fd 7 100 DDAL_SFN_PERIODIC ==&gt; done OK retv 0
CLI_OUTPUT: /Target1/sfn/action ddal_sfn_close_file_descriptor 7
CLI_OUTPUT: ret /Target1/sfn/action ddal_sfn_close_file_descriptor 7 ==&gt; done OK retv 0
CLI_OUTPUT: /Target1/sfn/action ddal_sfn_get_file_descriptor
CLI_OUTPUT: ret /Target1/sfn/action ddal_sfn_get_file_descriptor ==&gt; done OK retv 0 fd 7
CLI_OUTPUT: /Target1/sfn/action ddal_sfn_wakeup_fd 7 100 DDAL_SFN_PERIODIC
CLI_OUTPUT: ret /Target1/sfn/action ddal_sfn_wakeup_fd 7 100 DDAL_SFN_PERIODIC ==&gt; done OK retv 0
CLI_OUTPUT: /Target1/sfn/action ddal_sfn_wakeup_fd 7 100 DDAL_SFN_SPECIFIC
CLI_OUTPUT: ret /Target1/sfn/action ddal_sfn_wakeup_fd 7 100 DDAL_SFN_SPECIFIC ==&gt; done OK retv 0
CLI_OUTPUT: /Target1/sfn/action ddal_sfn_wakeup_fd 7 100 DDAL_SFN_PERIODIC
CLI_OUTPUT: ret /Target1/sfn/action ddal_sfn_wakeup_fd 7 100 DDAL_SFN_PERIODIC ==&gt; done OK retv 0
CLI_OUTPUT: /Target1/sfn/action ddal_sfn_close_file_descriptor 7
CLI_OUTPUT: ret /Target1/sfn/action ddal_sfn_close_file_descriptor 7 ==&gt; done OK retv 0
CLI_OUTPUT: /Target1/sfn/action ddal_sfn_get_file_descriptor
CLI_OUTPUT: ret /Target1/sfn/action ddal_sfn_get_file_descriptor ==&gt; done OK retv 0 fd 7
CLI_OUTPUT: /Target1/sfn/action ddal_sfn_wakeup_fd 7 100 DDAL_SFN_PERIODIC
CLI_OUTPUT: ret /Target1/sfn/action ddal_sfn_wakeup_fd 7 100 DDAL_SFN_PERIODIC ==&gt; done OK retv 0
CLI_OUTPUT: /Target1/sfn/action ddal_sfn_wakeup_fd 7 100 DDAL_SFN_SPECIFIC
CLI_OUTPUT: ret /Target1/sfn/action ddal_sfn_wakeup_fd 7 100 DDAL_SFN_SPECIFIC ==&gt; done OK retv 0
CLI_OUTPUT: /Target1/sfn/action ddal_sfn_wakeup_fd 7 100 DDAL_SFN_PERIODIC
CLI_OUTPUT: ret /Target1/sfn/action ddal_sfn_wakeup_fd 7 100 DDAL_SFN_PERIODIC ==&gt; done OK retv 0
CLI_OUTPUT: /Target1/sfn/action ddal_sfn_close_file_descriptor 7
CLI_OUTPUT: ret /Target1/sfn/action ddal_sfn_close_file_descriptor 7 ==&gt; done OK retv 0
CLI_OUTPUT: /Target1/sfn/action ddal_sfn_get_file_descriptor
CLI_OUTPUT: ret /Target1/sfn/action ddal_sfn_get_file_descriptor ==&gt; done OK retv 0 fd 7
CLI_OUTPUT: /Target1/sfn/action ddal_sfn_wakeup_fd 7 100 DDAL_SFN_PERIODIC
CLI_OUTPUT: ret /Target1/sfn/action ddal_sfn_wakeup_fd 7 100 DDAL_SFN_PERIODIC ==&gt; done OK retv 0
CLI_OUTPUT: /Target1/sfn/action ddal_sfn_wakeup_fd 7 100 DDAL_SFN_SPECIFIC
CLI_OUTPUT: ret /Target1/sfn/action ddal_sfn_wakeup_fd 7 100 DDAL_SFN_SPECIFIC ==&gt; done OK retv 0
CLI_OUTPUT: /Target1/sfn/action ddal_sfn_wakeup_fd 7 100 DDAL_SFN_PERIODIC
CLI_OUTPUT: ret /Target1/sfn/action ddal_sfn_wakeup_fd 7 100 DDAL_SFN_PERIODIC ==&gt; done OK retv 0
CLI_OUTPUT: /Target1/sfn/action ddal_sfn_close_file_descriptor 7
CLI_OUTPUT: ret /Target1/sfn/action ddal_sfn_close_file_descriptor 7 ==&gt; done OK retv 0
CLI_OUTPUT: /Target1/sfn/action ddal_sfn_get_file_descriptor
CLI_OUTPUT: ret /Target1/sfn/action ddal_sfn_get_file_descriptor ==&gt; done OK retv 0 fd 7
CLI_OUTPUT: /Target1/sfn/action ddal_sfn_wakeup_fd 7 100 DDAL_SFN_PERIODIC
CLI_OUTPUT: ret /Target1/sfn/action ddal_sfn_wakeup_fd 7 100 DDAL_SFN_PERIODIC ==&gt; done OK retv 0
CLI_OUTPUT: /Target1/sfn/action ddal_sfn_wakeup_fd 7 100 DDAL_SFN_SPECIFIC
CLI_OUTPUT: ret /Target1/sfn/action ddal_sfn_wakeup_fd 7 100 DDAL_SFN_SPECIFIC ==&gt; done OK retv 0
CLI_OUTPUT: /Target1/sfn/action ddal_sfn_wakeup_fd 7 100 DDAL_SFN_PERIODIC
CLI_OUTPUT: ret /Target1/sfn/action ddal_sfn_wakeup_fd 7 100 DDAL_SFN_PERIODIC ==&gt; done OK retv 0
CLI_OUTPUT: /Target1/sfn/action ddal_sfn_close_file_descriptor 7
CLI_OUTPUT: ret /Target1/sfn/action ddal_sfn_close_file_descriptor 7 ==&gt; done OK retv 0
CLI_OUTPUT: /Target1/sfn/action ddal_sfn_get_file_descriptor
CLI_OUTPUT: ret /Target1/sfn/action ddal_sfn_get_file_descriptor ==&gt; done OK retv 0 fd 7
CLI_OUTPUT: /Target1/sfn/action ddal_sfn_wakeup_fd 7 100 DDAL_SFN_PERIODIC
CLI_OUTPUT: ret /Target1/sfn/action ddal_sfn_wakeup_fd 7 100 DDAL_SFN_PERIODIC ==&gt; done OK retv 0
CLI_OUTPUT: /Target1/sfn/action ddal_sfn_wakeup_fd 7 100 DDAL_SFN_SPECIFIC
CLI_OUTPUT: ret /Target1/sfn/action ddal_sfn_wakeup_fd 7 100 DDAL_SFN_SPECIFIC ==&gt; done OK retv 0
CLI_OUTPUT: /Target1/sfn/action ddal_sfn_wakeup_fd 7 100 DDAL_SFN_PERIODIC
CLI_OUTPUT: ret /Target1/sfn/action ddal_sfn_wakeup_fd 7 100 DDAL_SFN_PERIODIC ==&gt; done OK retv 0
CLI_OUTPUT: /Target1/sfn/action ddal_sfn_close_file_descriptor 7
CLI_OUTPUT: ret /Target1/sfn/action ddal_sfn_close_file_descriptor 7 ==&gt; done OK retv 0
CLI_OUTPUT: /Target1/sfn/action ddal_sfn_get_file_descriptor
CLI_OUTPUT: ret /Target1/sfn/action ddal_sfn_get_file_descriptor ==&gt; done OK retv 0 fd 7
CLI_OUTPUT: /Target1/sfn/action ddal_sfn_wakeup_fd 7 100 DDAL_SFN_PERIODIC
CLI_OUTPUT: ret /Target1/sfn/action ddal_sfn_wakeup_fd 7 100 DDAL_SFN_PERIODIC ==&gt; done OK retv 0
CLI_OUTPUT: /Target1/sfn/action ddal_sfn_wakeup_fd 7 100 DDAL_SFN_SPECIFIC
CLI_OUTPUT: ret /Target1/sfn/action ddal_sfn_wakeup_fd 7 100 DDAL_SFN_SPECIFIC ==&gt; done OK retv 0
CLI_OUTPUT: /Target1/sfn/action ddal_sfn_wakeup_fd 7 100 DDAL_SFN_PERIODIC
CLI_OUTPUT: ret /Target1/sfn/action ddal_sfn_wakeup_fd 7 100 DDAL_SFN_PERIODIC ==&gt; done OK retv 0
CLI_OUTPUT: /Target1/sfn/action ddal_sfn_close_file_descriptor 7
CLI_OUTPUT: ret /Target1/sfn/action ddal_sfn_close_file_descriptor 7 ==&gt; done OK retv 0
CLI_OUTPUT: /Target1/sfn/action ddal_sfn_get_file_descriptor
CLI_OUTPUT: ret /Target1/sfn/action ddal_sfn_get_file_descriptor ==&gt; done OK retv 0 fd 7
CLI_OUTPUT: /Target1/sfn/action ddal_sfn_wakeup_fd 7 100 DDAL_SFN_PERIODIC
CLI_OUTPUT: ret /Target1/sfn/action ddal_sfn_wakeup_fd 7 100 DDAL_SFN_PERIODIC ==&gt; done OK retv 0
CLI_OUTPUT: /Target1/sfn/action ddal_sfn_wakeup_fd 7 100 DDAL_SFN_SPECIFIC
CLI_OUTPUT: ret /Target1/sfn/action ddal_sfn_wakeup_fd 7 100 DDAL_SFN_SPECIFIC ==&gt; done OK retv 0
CLI_OUTPUT: /Target1/sfn/action ddal_sfn_wakeup_fd 7 100 DDAL_SFN_PERIODIC
CLI_OUTPUT: ret /Target1/sfn/action ddal_sfn_wakeup_fd 7 100 DDAL_SFN_PERIODIC ==&gt; done OK retv 0
CLI_OUTPUT: /Target1/sfn/action ddal_sfn_close_file_descriptor 7
CLI_OUTPUT: ret /Target1/sfn/action ddal_sfn_close_file_descriptor 7 ==&gt; done OK retv 0
CLI_OUTPUT: /Target1/sfn/action ddal_sfn_get_file_descriptor
CLI_OUTPUT: ret /Target1/sfn/action ddal_sfn_get_file_descriptor ==&gt; done OK retv 0 fd 7
CLI_OUTPUT: /Target1/sfn/action ddal_sfn_wakeup_fd 7 100 DDAL_SFN_PERIODIC
CLI_OUTPUT: ret /Target1/sfn/action ddal_sfn_wakeup_fd 7 100 DDAL_SFN_PERIODIC ==&gt; done OK retv 0
CLI_OUTPUT: /Target1/sfn/action ddal_sfn_wakeup_fd 7 100 DDAL_SFN_SPECIFIC
CLI_OUTPUT: ret /Target1/sfn/action ddal_sfn_wakeup_fd 7 100 DDAL_SFN_SPECIFIC ==&gt; done OK retv 0
CLI_OUTPUT: /Target1/sfn/action ddal_sfn_wakeup_fd 7 100 DDAL_SFN_PERIODIC
CLI_OUTPUT: ret /Target1/sfn/action ddal_sfn_wakeup_fd 7 100 DDAL_SFN_PERIODIC ==&gt; done OK retv 0
CLI_OUTPUT: /Target1/sfn/action ddal_sfn_close_file_descriptor 7
CLI_OUTPUT: ret /Target1/sfn/action ddal_sfn_close_file_descriptor 7 ==&gt; done OK retv 0
CLI_OUTPUT: /Target1/sfn/action ddal_sfn_get_file_descriptor
CLI_OUTPUT: ret /Target1/sfn/action ddal_sfn_get_file_descriptor ==&gt; done OK retv 0 fd 7
CLI_OUTPUT: /Target1/sfn/action ddal_sfn_wakeup_fd 7 100 DDAL_SFN_PERIODIC
CLI_OUTPUT: ret /Target1/sfn/action ddal_sfn_wakeup_fd 7 100 DDAL_SFN_PERIODIC ==&gt; done OK retv 0
CLI_OUTPUT: /Target1/sfn/action ddal_sfn_wakeup_fd 7 100 DDAL_SFN_SPECIFIC
CLI_OUTPUT: ret /Target1/sfn/action ddal_sfn_wakeup_fd 7 100 DDAL_SFN_SPECIFIC ==&gt; done OK retv 0
CLI_OUTPUT: /Target1/sfn/action ddal_sfn_wakeup_fd 7 100 DDAL_SFN_PERIODIC
CLI_OUTPUT: ret /Target1/sfn/action ddal_sfn_wakeup_fd 7 100 DDAL_SFN_PERIODIC ==&gt; done OK retv 0
CLI_OUTPUT: /Target1/sfn/action ddal_sfn_close_file_descriptor 7
CLI_OUTPUT: ret /Target1/sfn/action ddal_sfn_close_file_descriptor 7 ==&gt; done OK retv 0
CLI_OUTPUT: /Target1/sfn/action ddal_sfn_get_file_descriptor
CLI_OUTPUT: ret /Target1/sfn/action ddal_sfn_get_file_descriptor ==&gt; done OK retv 0 fd 7
CLI_OUTPUT: /Target1/sfn/action ddal_sfn_wakeup_fd 7 100 DDAL_SFN_PERIODIC
CLI_OUTPUT: ret /Target1/sfn/action ddal_sfn_wakeup_fd 7 100 DDAL_SFN_PERIODIC ==&gt; done OK retv 0
CLI_OUTPUT: /Target1/sfn/action ddal_sfn_wakeup_fd 7 100 DDAL_SFN_SPECIFIC
CLI_OUTPUT: ret /Target1/sfn/action ddal_sfn_wakeup_fd 7 100 DDAL_SFN_SPECIFIC ==&gt; done OK retv 0
CLI_OUTPUT: /Target1/sfn/action ddal_sfn_wakeup_fd 7 100 DDAL_SFN_PERIODIC
CLI_OUTPUT: ret /Target1/sfn/action ddal_sfn_wakeup_fd 7 100 DDAL_SFN_PERIODIC ==&gt; done OK retv 0
CLI_OUTPUT: /Target1/sfn/action ddal_sfn_close_file_descriptor 7
CLI_OUTPUT: ret /Target1/sfn/action ddal_sfn_close_file_descriptor 7 ==&gt; done OK retv 0
CLI_OUTPUT: /Target1/sfn/action ddal_sfn_get_file_descriptor
CLI_OUTPUT: ret /Target1/sfn/action ddal_sfn_get_file_descriptor ==&gt; done OK retv 0 fd 7
CLI_OUTPUT: /Target1/sfn/action ddal_sfn_wakeup_fd 7 100 DDAL_SFN_PERIODIC
CLI_OUTPUT: ret /Target1/sfn/action ddal_sfn_wakeup_fd 7 100 DDAL_SFN_PERIODIC ==&gt; done OK retv 0
CLI_OUTPUT: /Target1/sfn/action ddal_sfn_wakeup_fd 7 100 DDAL_SFN_SPECIFIC
CLI_OUTPUT: ret /Target1/sfn/action ddal_sfn_wakeup_fd 7 100 DDAL_SFN_SPECIFIC ==&gt; done OK retv 0
CLI_OUTPUT: /Target1/sfn/action ddal_sfn_wakeup_fd 7 100 DDAL_SFN_PERIODIC
CLI_OUTPUT: ret /Target1/sfn/action ddal_sfn_wakeup_fd 7 100 DDAL_SFN_PERIODIC ==&gt; done OK retv 0
CLI_OUTPUT: /Target1/sfn/action ddal_sfn_close_file_descriptor 7
CLI_OUTPUT: ret /Target1/sfn/action ddal_sfn_close_file_descriptor 7 ==&gt; done OK retv 0
CLI_OUTPUT: /Target1/sfn/action ddal_sfn_get_file_descriptor
CLI_OUTPUT: ret /Target1/sfn/action ddal_sfn_get_file_descriptor ==&gt; done OK retv 0 fd 7
CLI_OUTPUT: /Target1/sfn/action ddal_sfn_wakeup_fd 7 100 DDAL_SFN_PERIODIC
CLI_OUTPUT: ret /Target1/sfn/action ddal_sfn_wakeup_fd 7 100 DDAL_SFN_PERIODIC ==&gt; done OK retv 0
CLI_OUTPUT: /Target1/sfn/action ddal_sfn_wakeup_fd 7 100 DDAL_SFN_SPECIFIC
CLI_OUTPUT: ret /Target1/sfn/action ddal_sfn_wakeup_fd 7 100 DDAL_SFN_SPECIFIC ==&gt; done OK retv 0
CLI_OUTPUT: /Target1/sfn/action ddal_sfn_wakeup_fd 7 100 DDAL_SFN_PERIODIC
CLI_OUTPUT: ret /Target1/sfn/action ddal_sfn_wakeup_fd 7 100 DDAL_SFN_PERIODIC ==&gt; done OK retv 0
CLI_OUTPUT: /Target1/sfn/action ddal_sfn_close_file_descriptor 7
CLI_OUTPUT: ret /Target1/sfn/action ddal_sfn_close_file_descriptor 7 ==&gt; done OK retv 0
CLI_OUTPUT: /Target1/sfn/action ddal_sfn_get_file_descriptor
CLI_OUTPUT: ret /Target1/sfn/action ddal_sfn_get_file_descriptor ==&gt; done OK retv 0 fd 7
CLI_OUTPUT: /Target1/sfn/action ddal_sfn_wakeup_fd 7 100 DDAL_SFN_PERIODIC
CLI_OUTPUT: ret /Target1/sfn/action ddal_sfn_wakeup_fd 7 100 DDAL_SFN_PERIODIC ==&gt; done OK retv 0
CLI_OUTPUT: /Target1/sfn/action ddal_sfn_wakeup_fd 7 100 DDAL_SFN_SPECIFIC
CLI_OUTPUT: ret /Target1/sfn/action ddal_sfn_wakeup_fd 7 100 DDAL_SFN_SPECIFIC ==&gt; done OK retv 0
CLI_OUTPUT: /Target1/sfn/action ddal_sfn_wakeup_fd 7 100 DDAL_SFN_PERIODIC
CLI_OUTPUT: ret /Target1/sfn/action ddal_sfn_wakeup_fd 7 100 DDAL_SFN_PERIODIC ==&gt; done OK retv 0
CLI_OUTPUT: /Target1/sfn/action ddal_sfn_close_file_descriptor 7
CLI_OUTPUT: ret /Target1/sfn/action ddal_sfn_close_file_descriptor 7 ==&gt; done OK retv 0
CLI_OUTPUT: /Target1/sfn/action ddal_sfn_get_file_descriptor
CLI_OUTPUT: ret /Target1/sfn/action ddal_sfn_get_file_descriptor ==&gt; done OK retv 0 fd 7
CLI_OUTPUT: /Target1/sfn/action ddal_sfn_wakeup_fd 7 100 DDAL_SFN_PERIODIC
CLI_OUTPUT: ret /Target1/sfn/action ddal_sfn_wakeup_fd 7 100 DDAL_SFN_PERIODIC ==&gt; done OK retv 0
CLI_OUTPUT: /Target1/sfn/action ddal_sfn_wakeup_fd 7 100 DDAL_SFN_SPECIFIC
CLI_OUTPUT: ret /Target1/sfn/action ddal_sfn_wakeup_fd 7 100 DDAL_SFN_SPECIFIC ==&gt; done OK retv 0
CLI_OUTPUT: /Target1/sfn/action ddal_sfn_wakeup_fd 7 100 DDAL_SFN_PERIODIC
CLI_OUTPUT: ret /Target1/sfn/action ddal_sfn_wakeup_fd 7 100 DDAL_SFN_PERIODIC ==&gt; done OK retv 0
CLI_OUTPUT: /Target1/sfn/action ddal_sfn_close_file_descriptor 7
CLI_OUTPUT: ret /Target1/sfn/action ddal_sfn_close_file_descriptor 7 ==&gt; done OK retv 0
CLI_OUTPUT: /Target1/sfn/action ddal_sfn_get_file_descriptor
CLI_OUTPUT: ret /Target1/sfn/action ddal_sfn_get_file_descriptor ==&gt; done OK retv 0 fd 7
CLI_OUTPUT: /Target1/sfn/action ddal_sfn_wakeup_fd 7 100 DDAL_SFN_PERIODIC
CLI_OUTPUT: ret /Target1/sfn/action ddal_sfn_wakeup_fd 7 100 DDAL_SFN_PERIODIC ==&gt; done OK retv 0
CLI_OUTPUT: /Target1/sfn/action ddal_sfn_wakeup_fd 7 100 DDAL_SFN_SPECIFIC
CLI_OUTPUT: ret /Target1/sfn/action ddal_sfn_wakeup_fd 7 100 DDAL_SFN_SPECIFIC ==&gt; done OK retv 0
CLI_OUTPUT: /Target1/sfn/action ddal_sfn_wakeup_fd 7 100 DDAL_SFN_PERIODIC
CLI_OUTPUT: ret /Target1/sfn/action ddal_sfn_wakeup_fd 7 100 DDAL_SFN_PERIODIC ==&gt; done OK retv 0
CLI_OUTPUT: /Target1/sfn/action ddal_sfn_close_file_descriptor 7
CLI_OUTPUT: ret /Target1/sfn/action ddal_sfn_close_file_descriptor 7 ==&gt; done OK retv 0
CLI_OUTPUT: /Target1/sfn/action ddal_sfn_get_file_descriptor
CLI_OUTPUT: ret /Target1/sfn/action ddal_sfn_get_file_descriptor ==&gt; done OK retv 0 fd 7
CLI_OUTPUT: /Target1/sfn/action ddal_sfn_wakeup_fd 7 100 DDAL_SFN_PERIODIC
CLI_OUTPUT: ret /Target1/sfn/action ddal_sfn_wakeup_fd 7 100 DDAL_SFN_PERIODIC ==&gt; done OK retv 0
CLI_OUTPUT: /Target1/sfn/action ddal_sfn_wakeup_fd 7 100 DDAL_SFN_SPECIFIC
CLI_OUTPUT: ret /Target1/sfn/action ddal_sfn_wakeup_fd 7 100 DDAL_SFN_SPECIFIC ==&gt; done OK retv 0
CLI_OUTPUT: /Target1/sfn/action ddal_sfn_wakeup_fd 7 100 DDAL_SFN_PERIODIC
CLI_OUTPUT: ret /Target1/sfn/action ddal_sfn_wakeup_fd 7 100 DDAL_SFN_PERIODIC ==&gt; done OK retv 0
CLI_OUTPUT: /Target1/sfn/action ddal_sfn_close_file_descriptor 7
CLI_OUTPUT: ret /Target1/sfn/action ddal_sfn_close_file_descriptor 7 ==&gt; done OK retv 0
CLI_OUTPUT: /Target1/sfn/action ddal_sfn_get_file_descriptor
CLI_OUTPUT: ret /Target1/sfn/action ddal_sfn_get_file_descriptor ==&gt; done OK retv 0 fd 7
CLI_OUTPUT: /Target1/sfn/action ddal_sfn_wakeup_fd 7 100 DDAL_SFN_PERIODIC
CLI_OUTPUT: ret /Target1/sfn/action ddal_sfn_wakeup_fd 7 100 DDAL_SFN_PERIODIC ==&gt; done OK retv 0
CLI_OUTPUT: /Target1/sfn/action ddal_sfn_wakeup_fd 7 100 DDAL_SFN_SPECIFIC
CLI_OUTPUT: ret /Target1/sfn/action ddal_sfn_wakeup_fd 7 100 DDAL_SFN_SPECIFIC ==&gt; done OK retv 0
CLI_OUTPUT: /Target1/sfn/action ddal_sfn_wakeup_fd 7 100 DDAL_SFN_PERIODIC
CLI_OUTPUT: ret /Target1/sfn/action ddal_sfn_wakeup_fd 7 100 DDAL_SFN_PERIODIC ==&gt; done OK retv 0
CLI_OUTPUT: /Target1/sfn/action ddal_sfn_close_file_descriptor 7
CLI_OUTPUT: ret /Target1/sfn/action ddal_sfn_close_file_descriptor 7 ==&gt; done OK retv 0
CLI_OUTPUT: /Target1/sfn/action ddal_sfn_get_file_descriptor
CLI_OUTPUT: ret /Target1/sfn/action ddal_sfn_get_file_descriptor ==&gt; done OK retv 0 fd 7
CLI_OUTPUT: /Target1/sfn/action ddal_sfn_wakeup_fd 7 100 DDAL_SFN_PERIODIC
CLI_OUTPUT: ret /Target1/sfn/action ddal_sfn_wakeup_fd 7 100 DDAL_SFN_PERIODIC ==&gt; done OK retv 0
CLI_OUTPUT: /Target1/sfn/action ddal_sfn_wakeup_fd 7 100 DDAL_SFN_SPECIFIC
CLI_OUTPUT: ret /Target1/sfn/action ddal_sfn_wakeup_fd 7 100 DDAL_SFN_SPECIFIC ==&gt; done OK retv 0
CLI_OUTPUT: /Target1/sfn/action ddal_sfn_wakeup_fd 7 100 DDAL_SFN_PERIODIC
CLI_OUTPUT: ret /Target1/sfn/action ddal_sfn_wakeup_fd 7 100 DDAL_SFN_PERIODIC ==&gt; done OK retv 0
CLI_OUTPUT: /Target1/sfn/action ddal_sfn_close_file_descriptor 7
CLI_OUTPUT: ret /Target1/sfn/action ddal_sfn_close_file_descriptor 7 ==&gt; done OK retv 0
CLI_OUTPUT: /Target1/sfn/action ddal_sfn_get_file_descriptor
CLI_OUTPUT: ret /Target1/sfn/action ddal_sfn_get_file_descriptor ==&gt; done OK retv 0 fd 7
CLI_OUTPUT: /Target1/sfn/action ddal_sfn_wakeup_fd 7 100 DDAL_SFN_PERIODIC
CLI_OUTPUT: ret /Target1/sfn/action ddal_sfn_wakeup_fd 7 100 DDAL_SFN_PERIODIC ==&gt; done OK retv 0
CLI_OUTPUT: /Target1/sfn/action ddal_sfn_wakeup_fd 7 100 DDAL_SFN_SPECIFIC
CLI_OUTPUT: ret /Target1/sfn/action ddal_sfn_wakeup_fd 7 100 DDAL_SFN_SPECIFIC ==&gt; done OK retv 0
CLI_OUTPUT: /Target1/sfn/action ddal_sfn_wakeup_fd 7 100 DDAL_SFN_PERIODIC
CLI_OUTPUT: ret /Target1/sfn/action ddal_sfn_wakeup_fd 7 100 DDAL_SFN_PERIODIC ==&gt; done OK retv 0
CLI_OUTPUT: /Target1/sfn/action ddal_sfn_close_file_descriptor 7
CLI_OUTPUT: ret /Target1/sfn/action ddal_sfn_close_file_descriptor 7 ==&gt; done OK retv 0
CLI_OUTPUT: /Target1/sfn/action ddal_sfn_get_file_descriptor
CLI_OUTPUT: ret /Target1/sfn/action ddal_sfn_get_file_descriptor ==&gt; done OK retv 0 fd 7
CLI_OUTPUT: /Target1/sfn/action ddal_sfn_wakeup_fd 7 100 DDAL_SFN_PERIODIC
CLI_OUTPUT: ret /Target1/sfn/action ddal_sfn_wakeup_fd 7 100 DDAL_SFN_PERIODIC ==&gt; done OK retv 0
CLI_OUTPUT: /Target1/sfn/action ddal_sfn_wakeup_fd 7 100 DDAL_SFN_SPECIFIC
CLI_OUTPUT: ret /Target1/sfn/action ddal_sfn_wakeup_fd 7 100 DDAL_SFN_SPECIFIC ==&gt; done OK retv 0
CLI_OUTPUT: /Target1/sfn/action ddal_sfn_wakeup_fd 7 100 DDAL_SFN_PERIODIC
CLI_OUTPUT: ret /Target1/sfn/action ddal_sfn_wakeup_fd 7 100 DDAL_SFN_PERIODIC ==&gt; done OK retv 0
CLI_OUTPUT: /Target1/sfn/action ddal_sfn_close_file_descriptor 7
CLI_OUTPUT: ret /Target1/sfn/action ddal_sfn_close_file_descriptor 7 ==&gt; done OK retv 0
SCR_OUTPUT: alternate_open_close_loops 50
CLI_OUTPUT: /Target1/sfn/action ddal_sfn_get_file_descriptor
CLI_OUTPUT: ret /Target1/sfn/action ddal_sfn_get_file_descriptor ==&gt; done OK retv 0 fd 7
CLI_OUTPUT: /Target1/sfn/action ddal_sfn_wakeup_fd 7 100 DDAL_SFN_PERIODIC
CLI_OUTPUT: ret /Target1/sfn/action ddal_sfn_wakeup_fd 7 100 DDAL_SFN_PERIODIC ==&gt; done OK retv 0
CLI_OUTPUT: /Target1/sfn/action ddal_sfn_wakeup_fd 7 100 DDAL_SFN_SPECIFIC
CLI_OUTPUT: ret /Target1/sfn/action ddal_sfn_wakeup_fd 7 100 DDAL_SFN_SPECIFIC ==&gt; done OK retv 0
CLI_OUTPUT: /Target1/sfn/action ddal_sfn_wakeup_fd 7 100 DDAL_SFN_PERIODIC
CLI_OUTPUT: ret /Target1/sfn/action ddal_sfn_wakeup_fd 7 100 DDAL_SFN_PERIODIC ==&gt; done OK retv 0
CLI_OUTPUT: /Target1/sfn/action ddal_sfn_close_file_descriptor 7
CLI_OUTPUT: ret /Target1/sfn/action ddal_sfn_close_file_descriptor 7 ==&gt; done OK retv 0
CLI_OUTPUT: /Target1/sfn/action ddal_sfn_get_file_descriptor
CLI_OUTPUT: ret /Target1/sfn/action ddal_sfn_get_file_descriptor ==&gt; done OK retv 0 fd 7
CLI_OUTPUT: /Target1/sfn/action ddal_sfn_wakeup_fd 7 100 DDAL_SFN_PERIODIC
CLI_OUTPUT: ret /Target1/sfn/action ddal_sfn_wakeup_fd 7 100 DDAL_SFN_PERIODIC ==&gt; done OK retv 0
CLI_OUTPUT: /Target1/sfn/action ddal_sfn_wakeup_fd 7 100 DDAL_SFN_SPECIFIC
CLI_OUTPUT: ret /Target1/sfn/action ddal_sfn_wakeup_fd 7 100 DDAL_SFN_SPECIFIC ==&gt; done OK retv 0
CLI_OUTPUT: /Target1/sfn/action ddal_sfn_wakeup_fd 7 100 DDAL_SFN_PERIODIC
CLI_OUTPUT: ret /Target1/sfn/action ddal_sfn_wakeup_fd 7 100 DDAL_SFN_PERIODIC ==&gt; done OK retv 0
CLI_OUTPUT: /Target1/sfn/action ddal_sfn_close_file_descriptor 7
CLI_OUTPUT: ret /Target1/sfn/action ddal_sfn_close_file_descriptor 7 ==&gt; done OK retv 0
CLI_OUTPUT: /Target1/sfn/action ddal_sfn_get_file_descriptor
CLI_OUTPUT: ret /Target1/sfn/action ddal_sfn_get_file_descriptor ==&gt; done OK retv 0 fd 7
CLI_OUTPUT: /Target1/sfn/action ddal_sfn_wakeup_fd 7 100 DDAL_SFN_PERIODIC
CLI_OUTPUT: ret /Target1/sfn/action ddal_sfn_wakeup_fd 7 100 DDAL_SFN_PERIODIC ==&gt; done OK retv 0
CLI_OUTPUT: /Target1/sfn/action ddal_sfn_wakeup_fd 7 100 DDAL_SFN_SPECIFIC
CLI_OUTPUT: ret /Target1/sfn/action ddal_sfn_wakeup_fd 7 100 DDAL_SFN_SPECIFIC ==&gt; done OK retv 0
CLI_OUTPUT: /Target1/sfn/action ddal_sfn_wakeup_fd 7 100 DDAL_SFN_PERIODIC
CLI_OUTPUT: ret /Target1/sfn/action ddal_sfn_wakeup_fd 7 100 DDAL_SFN_PERIODIC ==&gt; done OK retv 0
CLI_OUTPUT: /Target1/sfn/action ddal_sfn_close_file_descriptor 7
CLI_OUTPUT: ret /Target1/sfn/action ddal_sfn_close_file_descriptor 7 ==&gt; done OK retv 0
CLI_OUTPUT: /Target1/sfn/action ddal_sfn_get_file_descriptor
CLI_OUTPUT: ret /Target1/sfn/action ddal_sfn_get_file_descriptor ==&gt; done OK retv 0 fd 7
CLI_OUTPUT: /Target1/sfn/action ddal_sfn_wakeup_fd 7 100 DDAL_SFN_PERIODIC
CLI_OUTPUT: ret /Target1/sfn/action ddal_sfn_wakeup_fd 7 100 DDAL_SFN_PERIODIC ==&gt; done OK retv 0
CLI_OUTPUT: /Target1/sfn/action ddal_sfn_wakeup_fd 7 100 DDAL_SFN_SPECIFIC
CLI_OUTPUT: ret /Target1/sfn/action ddal_sfn_wakeup_fd 7 100 DDAL_SFN_SPECIFIC ==&gt; done OK retv 0
CLI_OUTPUT: /Target1/sfn/action ddal_sfn_wakeup_fd 7 100 DDAL_SFN_PERIODIC
CLI_OUTPUT: ret /Target1/sfn/action ddal_sfn_wakeup_fd 7 100 DDAL_SFN_PERIODIC ==&gt; done OK retv 0
CLI_OUTPUT: /Target1/sfn/action ddal_sfn_close_file_descriptor 7
CLI_OUTPUT: ret /Target1/sfn/action ddal_sfn_close_file_descriptor 7 ==&gt; done OK retv 0
CLI_OUTPUT: /Target1/sfn/action ddal_sfn_get_file_descriptor
CLI_OUTPUT: ret /Target1/sfn/action ddal_sfn_get_file_descriptor ==&gt; done OK retv 0 fd 7
CLI_OUTPUT: /Target1/sfn/action ddal_sfn_wakeup_fd 7 100 DDAL_SFN_PERIODIC
CLI_OUTPUT: ret /Target1/sfn/action ddal_sfn_wakeup_fd 7 100 DDAL_SFN_PERIODIC ==&gt; done OK retv 0
CLI_OUTPUT: /Target1/sfn/action ddal_sfn_wakeup_fd 7 100 DDAL_SFN_SPECIFIC
CLI_OUTPUT: ret /Target1/sfn/action ddal_sfn_wakeup_fd 7 100 DDAL_SFN_SPECIFIC ==&gt; done OK retv 0
CLI_OUTPUT: /Target1/sfn/action ddal_sfn_wakeup_fd 7 100 DDAL_SFN_PERIODIC
CLI_OUTPUT: ret /Target1/sfn/action ddal_sfn_wakeup_fd 7 100 DDAL_SFN_PERIODIC ==&gt; done OK retv 0
CLI_OUTPUT: /Target1/sfn/action ddal_sfn_close_file_descriptor 7
CLI_OUTPUT: ret /Target1/sfn/action ddal_sfn_close_file_descriptor 7 ==&gt; done OK retv 0
CLI_OUTPUT: /Target1/sfn/action ddal_sfn_get_file_descriptor
CLI_OUTPUT: ret /Target1/sfn/action ddal_sfn_get_file_descriptor ==&gt; done OK retv 0 fd 7
CLI_OUTPUT: /Target1/sfn/action ddal_sfn_wakeup_fd 7 100 DDAL_SFN_PERIODIC
CLI_OUTPUT: ret /Target1/sfn/action ddal_sfn_wakeup_fd 7 100 DDAL_SFN_PERIODIC ==&gt; done OK retv 0
CLI_OUTPUT: /Target1/sfn/action ddal_sfn_wakeup_fd 7 100 DDAL_SFN_SPECIFIC
CLI_OUTPUT: ret /Target1/sfn/action ddal_sfn_wakeup_fd 7 100 DDAL_SFN_SPECIFIC ==&gt; done OK retv 0
CLI_OUTPUT: /Target1/sfn/action ddal_sfn_wakeup_fd 7 100 DDAL_SFN_PERIODIC
CLI_OUTPUT: ret /Target1/sfn/action ddal_sfn_wakeup_fd 7 100 DDAL_SFN_PERIODIC ==&gt; done OK retv 0
CLI_OUTPUT: /Target1/sfn/action ddal_sfn_close_file_descriptor 7
CLI_OUTPUT: ret /Target1/sfn/action ddal_sfn_close_file_descriptor 7 ==&gt; done OK retv 0
CLI_OUTPUT: /Target1/sfn/action ddal_sfn_get_file_descriptor
CLI_OUTPUT: ret /Target1/sfn/action ddal_sfn_get_file_descriptor ==&gt; done OK retv 0 fd 7
CLI_OUTPUT: /Target1/sfn/action ddal_sfn_wakeup_fd 7 100 DDAL_SFN_PERIODIC
CLI_OUTPUT: ret /Target1/sfn/action ddal_sfn_wakeup_fd 7 100 DDAL_SFN_PERIODIC ==&gt; done OK retv 0
CLI_OUTPUT: /Target1/sfn/action ddal_sfn_wakeup_fd 7 100 DDAL_SFN_SPECIFIC
CLI_OUTPUT: ret /Target1/sfn/action ddal_sfn_wakeup_fd 7 100 DDAL_SFN_SPECIFIC ==&gt; done OK retv 0
CLI_OUTPUT: /Target1/sfn/action ddal_sfn_wakeup_fd 7 100 DDAL_SFN_PERIODIC
CLI_OUTPUT: ret /Target1/sfn/action ddal_sfn_wakeup_fd 7 100 DDAL_SFN_PERIODIC ==&gt; done OK retv 0
CLI_OUTPUT: /Target1/sfn/action ddal_sfn_close_file_descriptor 7
CLI_OUTPUT: ret /Target1/sfn/action ddal_sfn_close_file_descriptor 7 ==&gt; done OK retv 0
CLI_OUTPUT: /Target1/sfn/action ddal_sfn_get_file_descriptor
CLI_OUTPUT: ret /Target1/sfn/action ddal_sfn_get_file_descriptor ==&gt; done OK retv 0 fd 7
CLI_OUTPUT: /Target1/sfn/action ddal_sfn_wakeup_fd 7 100 DDAL_SFN_PERIODIC
CLI_OUTPUT: ret /Target1/sfn/action ddal_sfn_wakeup_fd 7 100 DDAL_SFN_PERIODIC ==&gt; done OK retv 0
CLI_OUTPUT: /Target1/sfn/action ddal_sfn_wakeup_fd 7 100 DDAL_SFN_SPECIFIC
CLI_OUTPUT: ret /Target1/sfn/action ddal_sfn_wakeup_fd 7 100 DDAL_SFN_SPECIFIC ==&gt; done OK retv 0
CLI_OUTPUT: /Target1/sfn/action ddal_sfn_wakeup_fd 7 100 DDAL_SFN_PERIODIC
CLI_OUTPUT: ret /Target1/sfn/action ddal_sfn_wakeup_fd 7 100 DDAL_SFN_PERIODIC ==&gt; done OK retv 0
CLI_OUTPUT: /Target1/sfn/action ddal_sfn_close_file_descriptor 7
CLI_OUTPUT: ret /Target1/sfn/action ddal_sfn_close_file_descriptor 7 ==&gt; done OK retv 0
CLI_OUTPUT: /Target1/sfn/action ddal_sfn_get_file_descriptor
CLI_OUTPUT: ret /Target1/sfn/action ddal_sfn_get_file_descriptor ==&gt; done OK retv 0 fd 7
CLI_OUTPUT: /Target1/sfn/action ddal_sfn_wakeup_fd 7 100 DDAL_SFN_PERIODIC
CLI_OUTPUT: ret /Target1/sfn/action ddal_sfn_wakeup_fd 7 100 DDAL_SFN_PERIODIC ==&gt; done OK retv 0
CLI_OUTPUT: /Target1/sfn/action ddal_sfn_wakeup_fd 7 100 DDAL_SFN_SPECIFIC
CLI_OUTPUT: ret /Target1/sfn/action ddal_sfn_wakeup_fd 7 100 DDAL_SFN_SPECIFIC ==&gt; done OK retv 0
CLI_OUTPUT: /Target1/sfn/action ddal_sfn_wakeup_fd 7 100 DDAL_SFN_PERIODIC
CLI_OUTPUT: ret /Target1/sfn/action ddal_sfn_wakeup_fd 7 100 DDAL_SFN_PERIODIC ==&gt; done OK retv 0
CLI_OUTPUT: /Target1/sfn/action ddal_sfn_close_file_descriptor 7
CLI_OUTPUT: ret /Target1/sfn/action ddal_sfn_close_file_descriptor 7 ==&gt; done OK retv 0
CLI_OUTPUT: /Target1/sfn/action ddal_sfn_get_file_descriptor
CLI_OUTPUT: ret /Target1/sfn/action ddal_sfn_get_file_descriptor ==&gt; done OK retv 0 fd 7
CLI_OUTPUT: /Target1/sfn/action ddal_sfn_wakeup_fd 7 100 DDAL_SFN_PERIODIC
CLI_OUTPUT: ret /Target1/sfn/action ddal_sfn_wakeup_fd 7 100 DDAL_SFN_PERIODIC ==&gt; done OK retv 0
CLI_OUTPUT: /Target1/sfn/action ddal_sfn_wakeup_fd 7 100 DDAL_SFN_SPECIFIC
CLI_OUTPUT: ret /Target1/sfn/action ddal_sfn_wakeup_fd 7 100 DDAL_SFN_SPECIFIC ==&gt; done OK retv 0
CLI_OUTPUT: /Target1/sfn/action ddal_sfn_wakeup_fd 7 100 DDAL_SFN_PERIODIC
CLI_OUTPUT: ret /Target1/sfn/action ddal_sfn_wakeup_fd 7 100 DDAL_SFN_PERIODIC ==&gt; done OK retv 0
CLI_OUTPUT: /Target1/sfn/action ddal_sfn_close_file_descriptor 7
CLI_OUTPUT: ret /Target1/sfn/action ddal_sfn_close_file_descriptor 7 ==&gt; done OK retv 0
CLI_OUTPUT: /Target1/sfn/action ddal_sfn_get_file_descriptor
CLI_OUTPUT: ret /Target1/sfn/action ddal_sfn_get_file_descriptor ==&gt; done OK retv 0 fd 7
CLI_OUTPUT: /Target1/sfn/action ddal_sfn_wakeup_fd 7 100 DDAL_SFN_PERIODIC
CLI_OUTPUT: ret /Target1/sfn/action ddal_sfn_wakeup_fd 7 100 DDAL_SFN_PERIODIC ==&gt; done OK retv 0
CLI_OUTPUT: /Target1/sfn/action ddal_sfn_wakeup_fd 7 100 DDAL_SFN_SPECIFIC
CLI_OUTPUT: ret /Target1/sfn/action ddal_sfn_wakeup_fd 7 100 DDAL_SFN_SPECIFIC ==&gt; done OK retv 0
CLI_OUTPUT: /Target1/sfn/action ddal_sfn_wakeup_fd 7 100 DDAL_SFN_PERIODIC
CLI_OUTPUT: ret /Target1/sfn/action ddal_sfn_wakeup_fd 7 100 DDAL_SFN_PERIODIC ==&gt; done OK retv 0
CLI_OUTPUT: /Target1/sfn/action ddal_sfn_close_file_descriptor 7
CLI_OUTPUT: ret /Target1/sfn/action ddal_sfn_close_file_descriptor 7 ==&gt; done OK retv 0
CLI_OUTPUT: /Target1/sfn/action ddal_sfn_get_file_descriptor
CLI_OUTPUT: ret /Target1/sfn/action ddal_sfn_get_file_descriptor ==&gt; done OK retv 0 fd 7
CLI_OUTPUT: /Target1/sfn/action ddal_sfn_wakeup_fd 7 100 DDAL_SFN_PERIODIC
CLI_OUTPUT: ret /Target1/sfn/action ddal_sfn_wakeup_fd 7 100 DDAL_SFN_PERIODIC ==&gt; done OK retv 0
CLI_OUTPUT: /Target1/sfn/action ddal_sfn_wakeup_fd 7 100 DDAL_SFN_SPECIFIC
CLI_OUTPUT: ret /Target1/sfn/action ddal_sfn_wakeup_fd 7 100 DDAL_SFN_SPECIFIC ==&gt; done OK retv 0
CLI_OUTPUT: /Target1/sfn/action ddal_sfn_wakeup_fd 7 100 DDAL_SFN_PERIODIC
CLI_OUTPUT: ret /Target1/sfn/action ddal_sfn_wakeup_fd 7 100 DDAL_SFN_PERIODIC ==&gt; done OK retv 0
CLI_OUTPUT: /Target1/sfn/action ddal_sfn_close_file_descriptor 7
CLI_OUTPUT: ret /Target1/sfn/action ddal_sfn_close_file_descriptor 7 ==&gt; done OK retv 0
CLI_OUTPUT: /Target1/sfn/action ddal_sfn_get_file_descriptor
CLI_OUTPUT: ret /Target1/sfn/action ddal_sfn_get_file_descriptor ==&gt; done OK retv 0 fd 7
CLI_OUTPUT: /Target1/sfn/action ddal_sfn_wakeup_fd 7 100 DDAL_SFN_PERIODIC
CLI_OUTPUT: ret /Target1/sfn/action ddal_sfn_wakeup_fd 7 100 DDAL_SFN_PERIODIC ==&gt; done OK retv 0
CLI_OUTPUT: /Target1/sfn/action ddal_sfn_wakeup_fd 7 100 DDAL_SFN_SPECIFIC
CLI_OUTPUT: ret /Target1/sfn/action ddal_sfn_wakeup_fd 7 100 DDAL_SFN_SPECIFIC ==&gt; done OK retv 0
CLI_OUTPUT: /Target1/sfn/action ddal_sfn_wakeup_fd 7 100 DDAL_SFN_PERIODIC
CLI_OUTPUT: ret /Target1/sfn/action ddal_sfn_wakeup_fd 7 100 DDAL_SFN_PERIODIC ==&gt; done OK retv 0
CLI_OUTPUT: /Target1/sfn/action ddal_sfn_close_file_descriptor 7
CLI_OUTPUT: ret /Target1/sfn/action ddal_sfn_close_file_descriptor 7 ==&gt; done OK retv 0
CLI_OUTPUT: /Target1/sfn/action ddal_sfn_get_file_descriptor
CLI_OUTPUT: ret /Target1/sfn/action ddal_sfn_get_file_descriptor ==&gt; done OK retv 0 fd 7
CLI_OUTPUT: /Target1/sfn/action ddal_sfn_wakeup_fd 7 100 DDAL_SFN_PERIODIC
CLI_OUTPUT: ret /Target1/sfn/action ddal_sfn_wakeup_fd 7 100 DDAL_SFN_PERIODIC ==&gt; done OK retv 0
CLI_OUTPUT: /Target1/sfn/action ddal_sfn_wakeup_fd 7 100 DDAL_SFN_SPECIFIC
CLI_OUTPUT: ret /Target1/sfn/action ddal_sfn_wakeup_fd 7 100 DDAL_SFN_SPECIFIC ==&gt; done OK retv 0
CLI_OUTPUT: /Target1/sfn/action ddal_sfn_wakeup_fd 7 100 DDAL_SFN_PERIODIC
CLI_OUTPUT: ret /Target1/sfn/action ddal_sfn_wakeup_fd 7 100 DDAL_SFN_PERIODIC ==&gt; done OK retv 0
CLI_OUTPUT: /Target1/sfn/action ddal_sfn_close_file_descriptor 7
CLI_OUTPUT: ret /Target1/sfn/action ddal_sfn_close_file_descriptor 7 ==&gt; done OK retv 0
CLI_OUTPUT: /Target1/sfn/action ddal_sfn_get_file_descriptor
CLI_OUTPUT: ret /Target1/sfn/action ddal_sfn_get_file_descriptor ==&gt; done OK retv 0 fd 7
CLI_OUTPUT: /Target1/sfn/action ddal_sfn_wakeup_fd 7 100 DDAL_SFN_PERIODIC
CLI_OUTPUT: ret /Target1/sfn/action ddal_sfn_wakeup_fd 7 100 DDAL_SFN_PERIODIC ==&gt; done OK retv 0
CLI_OUTPUT: /Target1/sfn/action ddal_sfn_wakeup_fd 7 100 DDAL_SFN_SPECIFIC
CLI_OUTPUT: ret /Target1/sfn/action ddal_sfn_wakeup_fd 7 100 DDAL_SFN_SPECIFIC ==&gt; done OK retv 0
CLI_OUTPUT: /Target1/sfn/action ddal_sfn_wakeup_fd 7 100 DDAL_SFN_PERIODIC
CLI_OUTPUT: ret /Target1/sfn/action ddal_sfn_wakeup_fd 7 100 DDAL_SFN_PERIODIC ==&gt; done OK retv 0
CLI_OUTPUT: /Target1/sfn/action ddal_sfn_close_file_descriptor 7
CLI_OUTPUT: ret /Target1/sfn/action ddal_sfn_close_file_descriptor 7 ==&gt; done OK retv 0
CLI_OUTPUT: /Target1/sfn/action ddal_sfn_get_file_descriptor
CLI_OUTPUT: ret /Target1/sfn/action ddal_sfn_get_file_descriptor ==&gt; done OK retv 0 fd 7
CLI_OUTPUT: /Target1/sfn/action ddal_sfn_wakeup_fd 7 100 DDAL_SFN_PERIODIC
CLI_OUTPUT: ret /Target1/sfn/action ddal_sfn_wakeup_fd 7 100 DDAL_SFN_PERIODIC ==&gt; done OK retv 0
CLI_OUTPUT: /Target1/sfn/action ddal_sfn_wakeup_fd 7 100 DDAL_SFN_SPECIFIC
CLI_OUTPUT: ret /Target1/sfn/action ddal_sfn_wakeup_fd 7 100 DDAL_SFN_SPECIFIC ==&gt; done OK retv 0
CLI_OUTPUT: /Target1/sfn/action ddal_sfn_wakeup_fd 7 100 DDAL_SFN_PERIODIC
CLI_OUTPUT: ret /Target1/sfn/action ddal_sfn_wakeup_fd 7 100 DDAL_SFN_PERIODIC ==&gt; done OK retv 0
CLI_OUTPUT: /Target1/sfn/action ddal_sfn_close_file_descriptor 7
CLI_OUTPUT: ret /Target1/sfn/action ddal_sfn_close_file_descriptor 7 ==&gt; done OK retv 0
CLI_OUTPUT: /Target1/sfn/action ddal_sfn_get_file_descriptor
CLI_OUTPUT: ret /Target1/sfn/action ddal_sfn_get_file_descriptor ==&gt; done OK retv 0 fd 7
CLI_OUTPUT: /Target1/sfn/action ddal_sfn_wakeup_fd 7 100 DDAL_SFN_PERIODIC
CLI_OUTPUT: ret /Target1/sfn/action ddal_sfn_wakeup_fd 7 100 DDAL_SFN_PERIODIC ==&gt; done OK retv 0
CLI_OUTPUT: /Target1/sfn/action ddal_sfn_wakeup_fd 7 100 DDAL_SFN_SPECIFIC
CLI_OUTPUT: ret /Target1/sfn/action ddal_sfn_wakeup_fd 7 100 DDAL_SFN_SPECIFIC ==&gt; done OK retv 0
CLI_OUTPUT: /Target1/sfn/action ddal_sfn_wakeup_fd 7 100 DDAL_SFN_PERIODIC
CLI_OUTPUT: ret /Target1/sfn/action ddal_sfn_wakeup_fd 7 100 DDAL_SFN_PERIODIC ==&gt; done OK retv 0
CLI_OUTPUT: /Target1/sfn/action ddal_sfn_close_file_descriptor 7
CLI_OUTPUT: ret /Target1/sfn/action ddal_sfn_close_file_descriptor 7 ==&gt; done OK retv 0
CLI_OUTPUT: /Target1/sfn/action ddal_sfn_get_file_descriptor
CLI_OUTPUT: ret /Target1/sfn/action ddal_sfn_get_file_descriptor ==&gt; done OK retv 0 fd 7
CLI_OUTPUT: /Target1/sfn/action ddal_sfn_wakeup_fd 7 100 DDAL_SFN_PERIODIC
CLI_OUTPUT: ret /Target1/sfn/action ddal_sfn_wakeup_fd 7 100 DDAL_SFN_PERIODIC ==&gt; done OK retv 0
CLI_OUTPUT: /Target1/sfn/action ddal_sfn_wakeup_fd 7 100 DDAL_SFN_SPECIFIC
CLI_OUTPUT: ret /Target1/sfn/action ddal_sfn_wakeup_fd 7 100 DDAL_SFN_SPECIFIC ==&gt; done OK retv 0
CLI_OUTPUT: /Target1/sfn/action ddal_sfn_wakeup_fd 7 100 DDAL_SFN_PERIODIC
CLI_OUTPUT: ret /Target1/sfn/action ddal_sfn_wakeup_fd 7 100 DDAL_SFN_PERIODIC ==&gt; done OK retv 0
CLI_OUTPUT: /Target1/sfn/action ddal_sfn_close_file_descriptor 7
CLI_OUTPUT: ret /Target1/sfn/action ddal_sfn_close_file_descriptor 7 ==&gt; done OK retv 0
CLI_OUTPUT: /Target1/sfn/action ddal_sfn_get_file_descriptor
CLI_OUTPUT: ret /Target1/sfn/action ddal_sfn_get_file_descriptor ==&gt; done OK retv 0 fd 7
CLI_OUTPUT: /Target1/sfn/action ddal_sfn_wakeup_fd 7 100 DDAL_SFN_PERIODIC
CLI_OUTPUT: ret /Target1/sfn/action ddal_sfn_wakeup_fd 7 100 DDAL_SFN_PERIODIC ==&gt; done OK retv 0
CLI_OUTPUT: /Target1/sfn/action ddal_sfn_wakeup_fd 7 100 DDAL_SFN_SPECIFIC
CLI_OUTPUT: ret /Target1/sfn/action ddal_sfn_wakeup_fd 7 100 DDAL_SFN_SPECIFIC ==&gt; done OK retv 0
CLI_OUTPUT: /Target1/sfn/action ddal_sfn_wakeup_fd 7 100 DDAL_SFN_PERIODIC
CLI_OUTPUT: ret /Target1/sfn/action ddal_sfn_wakeup_fd 7 100 DDAL_SFN_PERIODIC ==&gt; done OK retv 0
CLI_OUTPUT: /Target1/sfn/action ddal_sfn_close_file_descriptor 7
CLI_OUTPUT: ret /Target1/sfn/action ddal_sfn_close_file_descriptor 7 ==&gt; done OK retv 0
CLI_OUTPUT: /Target1/sfn/action ddal_sfn_get_file_descriptor
CLI_OUTPUT: ret /Target1/sfn/action ddal_sfn_get_file_descriptor ==&gt; done OK retv 0 fd 7
CLI_OUTPUT: /Target1/sfn/action ddal_sfn_wakeup_fd 7 100 DDAL_SFN_PERIODIC
CLI_OUTPUT: ret /Target1/sfn/action ddal_sfn_wakeup_fd 7 100 DDAL_SFN_PERIODIC ==&gt; done OK retv 0
CLI_OUTPUT: /Target1/sfn/action ddal_sfn_wakeup_fd 7 100 DDAL_SFN_SPECIFIC
CLI_OUTPUT: ret /Target1/sfn/action ddal_sfn_wakeup_fd 7 100 DDAL_SFN_SPECIFIC ==&gt; done OK retv 0
CLI_OUTPUT: /Target1/sfn/action ddal_sfn_wakeup_fd 7 100 DDAL_SFN_PERIODIC
CLI_OUTPUT: ret /Target1/sfn/action ddal_sfn_wakeup_fd 7 100 DDAL_SFN_PERIODIC ==&gt; done OK retv 0
CLI_OUTPUT: /Target1/sfn/action ddal_sfn_close_file_descriptor 7
CLI_OUTPUT: ret /Target1/sfn/action ddal_sfn_close_file_descriptor 7 ==&gt; done OK retv 0
CLI_OUTPUT: /Target1/sfn/action ddal_sfn_get_file_descriptor
CLI_OUTPUT: ret /Target1/sfn/action ddal_sfn_get_file_descriptor ==&gt; done OK retv 0 fd 7
CLI_OUTPUT: /Target1/sfn/action ddal_sfn_wakeup_fd 7 100 DDAL_SFN_PERIODIC
CLI_OUTPUT: ret /Target1/sfn/action ddal_sfn_wakeup_fd 7 100 DDAL_SFN_PERIODIC ==&gt; done OK retv 0
CLI_OUTPUT: /Target1/sfn/action ddal_sfn_wakeup_fd 7 100 DDAL_SFN_SPECIFIC
CLI_OUTPUT: ret /Target1/sfn/action ddal_sfn_wakeup_fd 7 100 DDAL_SFN_SPECIFIC ==&gt; done OK retv 0
CLI_OUTPUT: /Target1/sfn/action ddal_sfn_wakeup_fd 7 100 DDAL_SFN_PERIODIC
CLI_OUTPUT: ret /Target1/sfn/action ddal_sfn_wakeup_fd 7 100 DDAL_SFN_PERIODIC ==&gt; done OK retv 0
CLI_OUTPUT: /Target1/sfn/action ddal_sfn_close_file_descriptor 7
CLI_OUTPUT: ret /Target1/sfn/action ddal_sfn_close_file_descriptor 7 ==&gt; done OK retv 0
CLI_OUTPUT: /Target1/sfn/action ddal_sfn_get_file_descriptor
CLI_OUTPUT: ret /Target1/sfn/action ddal_sfn_get_file_descriptor ==&gt; done OK retv 0 fd 7
CLI_OUTPUT: /Target1/sfn/action ddal_sfn_wakeup_fd 7 100 DDAL_SFN_PERIODIC
CLI_OUTPUT: ret /Target1/sfn/action ddal_sfn_wakeup_fd 7 100 DDAL_SFN_PERIODIC ==&gt; done OK retv 0
CLI_OUTPUT: /Target1/sfn/action ddal_sfn_wakeup_fd 7 100 DDAL_SFN_SPECIFIC
CLI_OUTPUT: ret /Target1/sfn/action ddal_sfn_wakeup_fd 7 100 DDAL_SFN_SPECIFIC ==&gt; done OK retv 0
CLI_OUTPUT: /Target1/sfn/action ddal_sfn_wakeup_fd 7 100 DDAL_SFN_PERIODIC
CLI_OUTPUT: ret /Target1/sfn/action ddal_sfn_wakeup_fd 7 100 DDAL_SFN_PERIODIC ==&gt; done OK retv 0
CLI_OUTPUT: /Target1/sfn/action ddal_sfn_close_file_descriptor 7
CLI_OUTPUT: ret /Target1/sfn/action ddal_sfn_close_file_descriptor 7 ==&gt; done OK retv 0
CLI_OUTPUT: /Target1/sfn/action ddal_sfn_get_file_descriptor
CLI_OUTPUT: ret /Target1/sfn/action ddal_sfn_get_file_descriptor ==&gt; done OK retv 0 fd 7
CLI_OUTPUT: /Target1/sfn/action ddal_sfn_wakeup_fd 7 100 DDAL_SFN_PERIODIC
CLI_OUTPUT: ret /Target1/sfn/action ddal_sfn_wakeup_fd 7 100 DDAL_SFN_PERIODIC ==&gt; done OK retv 0
CLI_OUTPUT: /Target1/sfn/action ddal_sfn_wakeup_fd 7 100 DDAL_SFN_SPECIFIC
CLI_OUTPUT: ret /Target1/sfn/action ddal_sfn_wakeup_fd 7 100 DDAL_SFN_SPECIFIC ==&gt; done OK retv 0
CLI_OUTPUT: /Target1/sfn/action ddal_sfn_wakeup_fd 7 100 DDAL_SFN_PERIODIC
CLI_OUTPUT: ret /Target1/sfn/action ddal_sfn_wakeup_fd 7 100 DDAL_SFN_PERIODIC ==&gt; done OK retv 0
CLI_OUTPUT: /Target1/sfn/action ddal_sfn_close_file_descriptor 7
CLI_OUTPUT: ret /Target1/sfn/action ddal_sfn_close_file_descriptor 7 ==&gt; done OK retv 0
CLI_OUTPUT: /Target1/sfn/action ddal_sfn_get_file_descriptor
CLI_OUTPUT: ret /Target1/sfn/action ddal_sfn_get_file_descriptor ==&gt; done OK retv 0 fd 7
CLI_OUTPUT: /Target1/sfn/action ddal_sfn_wakeup_fd 7 100 DDAL_SFN_PERIODIC
CLI_OUTPUT: ret /Target1/sfn/action ddal_sfn_wakeup_fd 7 100 DDAL_SFN_PERIODIC ==&gt; done OK retv 0
CLI_OUTPUT: /Target1/sfn/action ddal_sfn_wakeup_fd 7 100 DDAL_SFN_SPECIFIC
CLI_OUTPUT: ret /Target1/sfn/action ddal_sfn_wakeup_fd 7 100 DDAL_SFN_SPECIFIC ==&gt; done OK retv 0
CLI_OUTPUT: /Target1/sfn/action ddal_sfn_wakeup_fd 7 100 DDAL_SFN_PERIODIC
CLI_OUTPUT: ret /Target1/sfn/action ddal_sfn_wakeup_fd 7 100 DDAL_SFN_PERIODIC ==&gt; done OK retv 0
CLI_OUTPUT: /Target1/sfn/action ddal_sfn_close_file_descriptor 7
CLI_OUTPUT: ret /Target1/sfn/action ddal_sfn_close_file_descriptor 7 ==&gt; done OK retv 0
CLI_OUTPUT: /Target1/sfn/action ddal_sfn_get_file_descriptor
CLI_OUTPUT: ret /Target1/sfn/action ddal_sfn_get_file_descriptor ==&gt; done OK retv 0 fd 7
CLI_OUTPUT: /Target1/sfn/action ddal_sfn_wakeup_fd 7 100 DDAL_SFN_PERIODIC
CLI_OUTPUT: ret /Target1/sfn/action ddal_sfn_wakeup_fd 7 100 DDAL_SFN_PERIODIC ==&gt; done OK retv 0
CLI_OUTPUT: /Target1/sfn/action ddal_sfn_wakeup_fd 7 100 DDAL_SFN_SPECIFIC
CLI_OUTPUT: ret /Target1/sfn/action ddal_sfn_wakeup_fd 7 100 DDAL_SFN_SPECIFIC ==&gt; done OK retv 0
CLI_OUTPUT: /Target1/sfn/action ddal_sfn_wakeup_fd 7 100 DDAL_SFN_PERIODIC
CLI_OUTPUT: ret /Target1/sfn/action ddal_sfn_wakeup_fd 7 100 DDAL_SFN_PERIODIC ==&gt; done OK retv 0
CLI_OUTPUT: /Target1/sfn/action ddal_sfn_close_file_descriptor 7
CLI_OUTPUT: ret /Target1/sfn/action ddal_sfn_close_file_descriptor 7 ==&gt; done OK retv 0
CLI_OUTPUT: /Target1/sfn/action ddal_sfn_get_file_descriptor
CLI_OUTPUT: ret /Target1/sfn/action ddal_sfn_get_file_descriptor ==&gt; done OK retv 0 fd 7
CLI_OUTPUT: /Target1/sfn/action ddal_sfn_wakeup_fd 7 100 DDAL_SFN_PERIODIC
CLI_OUTPUT: ret /Target1/sfn/action ddal_sfn_wakeup_fd 7 100 DDAL_SFN_PERIODIC ==&gt; done OK retv 0
CLI_OUTPUT: /Target1/sfn/action ddal_sfn_wakeup_fd 7 100 DDAL_SFN_SPECIFIC
CLI_OUTPUT: ret /Target1/sfn/action ddal_sfn_wakeup_fd 7 100 DDAL_SFN_SPECIFIC ==&gt; done OK retv 0
CLI_OUTPUT: /Target1/sfn/action ddal_sfn_wakeup_fd 7 100 DDAL_SFN_PERIODIC
CLI_OUTPUT: ret /Target1/sfn/action ddal_sfn_wakeup_fd 7 100 DDAL_SFN_PERIODIC ==&gt; done OK retv 0
CLI_OUTPUT: /Target1/sfn/action ddal_sfn_close_file_descriptor 7
CLI_OUTPUT: ret /Target1/sfn/action ddal_sfn_close_file_descriptor 7 ==&gt; done OK retv 0
CLI_OUTPUT: /Target1/sfn/action ddal_sfn_get_file_descriptor
CLI_OUTPUT: ret /Target1/sfn/action ddal_sfn_get_file_descriptor ==&gt; done OK retv 0 fd 7
CLI_OUTPUT: /Target1/sfn/action ddal_sfn_wakeup_fd 7 100 DDAL_SFN_PERIODIC
CLI_OUTPUT: ret /Target1/sfn/action ddal_sfn_wakeup_fd 7 100 DDAL_SFN_PERIODIC ==&gt; done OK retv 0
CLI_OUTPUT: /Target1/sfn/action ddal_sfn_wakeup_fd 7 100 DDAL_SFN_SPECIFIC
CLI_OUTPUT: ret /Target1/sfn/action ddal_sfn_wakeup_fd 7 100 DDAL_SFN_SPECIFIC ==&gt; done OK retv 0
CLI_OUTPUT: /Target1/sfn/action ddal_sfn_wakeup_fd 7 100 DDAL_SFN_PERIODIC
CLI_OUTPUT: ret /Target1/sfn/action ddal_sfn_wakeup_fd 7 100 DDAL_SFN_PERIODIC ==&gt; done OK retv 0
CLI_OUTPUT: /Target1/sfn/action ddal_sfn_close_file_descriptor 7
CLI_OUTPUT: ret /Target1/sfn/action ddal_sfn_close_file_descriptor 7 ==&gt; done OK retv 0
CLI_OUTPUT: /Target1/sfn/action ddal_sfn_get_file_descriptor
CLI_OUTPUT: ret /Target1/sfn/action ddal_sfn_get_file_descriptor ==&gt; done OK retv 0 fd 7
CLI_OUTPUT: /Target1/sfn/action ddal_sfn_wakeup_fd 7 100 DDAL_SFN_PERIODIC
CLI_OUTPUT: ret /Target1/sfn/action ddal_sfn_wakeup_fd 7 100 DDAL_SFN_PERIODIC ==&gt; done OK retv 0
CLI_OUTPUT: /Target1/sfn/action ddal_sfn_wakeup_fd 7 100 DDAL_SFN_SPECIFIC
CLI_OUTPUT: ret /Target1/sfn/action ddal_sfn_wakeup_fd 7 100 DDAL_SFN_SPECIFIC ==&gt; done OK retv 0
CLI_OUTPUT: /Target1/sfn/action ddal_sfn_wakeup_fd 7 100 DDAL_SFN_PERIODIC
CLI_OUTPUT: ret /Target1/sfn/action ddal_sfn_wakeup_fd 7 100 DDAL_SFN_PERIODIC ==&gt; done OK retv 0
CLI_OUTPUT: /Target1/sfn/action ddal_sfn_close_file_descriptor 7
CLI_OUTPUT: ret /Target1/sfn/action ddal_sfn_close_file_descriptor 7 ==&gt; done OK retv 0
CLI_OUTPUT: /Target1/sfn/action ddal_sfn_get_file_descriptor
CLI_OUTPUT: ret /Target1/sfn/action ddal_sfn_get_file_descriptor ==&gt; done OK retv 0 fd 7
CLI_OUTPUT: /Target1/sfn/action ddal_sfn_wakeup_fd 7 100 DDAL_SFN_PERIODIC
CLI_OUTPUT: ret /Target1/sfn/action ddal_sfn_wakeup_fd 7 100 DDAL_SFN_PERIODIC ==&gt; done OK retv 0
CLI_OUTPUT: /Target1/sfn/action ddal_sfn_wakeup_fd 7 100 DDAL_SFN_SPECIFIC
CLI_OUTPUT: ret /Target1/sfn/action ddal_sfn_wakeup_fd 7 100 DDAL_SFN_SPECIFIC ==&gt; done OK retv 0
CLI_OUTPUT: /Target1/sfn/action ddal_sfn_wakeup_fd 7 100 DDAL_SFN_PERIODIC
CLI_OUTPUT: ret /Target1/sfn/action ddal_sfn_wakeup_fd 7 100 DDAL_SFN_PERIODIC ==&gt; done OK retv 0
CLI_OUTPUT: /Target1/sfn/action ddal_sfn_close_file_descriptor 7
CLI_OUTPUT: ret /Target1/sfn/action ddal_sfn_close_file_descriptor 7 ==&gt; done OK retv 0
CLI_OUTPUT: /Target1/sfn/action ddal_sfn_get_file_descriptor
CLI_OUTPUT: ret /Target1/sfn/action ddal_sfn_get_file_descriptor ==&gt; done OK retv 0 fd 7
CLI_OUTPUT: /Target1/sfn/action ddal_sfn_wakeup_fd 7 100 DDAL_SFN_PERIODIC
CLI_OUTPUT: ret /Target1/sfn/action ddal_sfn_wakeup_fd 7 100 DDAL_SFN_PERIODIC ==&gt; done OK retv 0
CLI_OUTPUT: /Target1/sfn/action ddal_sfn_wakeup_fd 7 100 DDAL_SFN_SPECIFIC
CLI_OUTPUT: ret /Target1/sfn/action ddal_sfn_wakeup_fd 7 100 DDAL_SFN_SPECIFIC ==&gt; done OK retv 0
CLI_OUTPUT: /Target1/sfn/action ddal_sfn_wakeup_fd 7 100 DDAL_SFN_PERIODIC
CLI_OUTPUT: ret /Target1/sfn/action ddal_sfn_wakeup_fd 7 100 DDAL_SFN_PERIODIC ==&gt; done OK retv 0
CLI_OUTPUT: /Target1/sfn/action ddal_sfn_close_file_descriptor 7
CLI_OUTPUT: ret /Target1/sfn/action ddal_sfn_close_file_descriptor 7 ==&gt; done OK retv 0
CLI_OUTPUT: /Target1/sfn/action ddal_sfn_get_file_descriptor
CLI_OUTPUT: ret /Target1/sfn/action ddal_sfn_get_file_descriptor ==&gt; done OK retv 0 fd 7
CLI_OUTPUT: /Target1/sfn/action ddal_sfn_wakeup_fd 7 100 DDAL_SFN_PERIODIC
CLI_OUTPUT: ret /Target1/sfn/action ddal_sfn_wakeup_fd 7 100 DDAL_SFN_PERIODIC ==&gt; done OK retv 0
CLI_OUTPUT: /Target1/sfn/action ddal_sfn_wakeup_fd 7 100 DDAL_SFN_SPECIFIC
CLI_OUTPUT: ret /Target1/sfn/action ddal_sfn_wakeup_fd 7 100 DDAL_SFN_SPECIFIC ==&gt; done OK retv 0
CLI_OUTPUT: /Target1/sfn/action ddal_sfn_wakeup_fd 7 100 DDAL_SFN_PERIODIC
CLI_OUTPUT: ret /Target1/sfn/action ddal_sfn_wakeup_fd 7 100 DDAL_SFN_PERIODIC ==&gt; done OK retv 0
CLI_OUTPUT: /Target1/sfn/action ddal_sfn_close_file_descriptor 7
CLI_OUTPUT: ret /Target1/sfn/action ddal_sfn_close_file_descriptor 7 ==&gt; done OK retv 0
CLI_OUTPUT: /Target1/sfn/action ddal_sfn_get_file_descriptor
CLI_OUTPUT: ret /Target1/sfn/action ddal_sfn_get_file_descriptor ==&gt; done OK retv 0 fd 7
CLI_OUTPUT: /Target1/sfn/action ddal_sfn_wakeup_fd 7 100 DDAL_SFN_PERIODIC
CLI_OUTPUT: ret /Target1/sfn/action ddal_sfn_wakeup_fd 7 100 DDAL_SFN_PERIODIC ==&gt; done OK retv 0
CLI_OUTPUT: /Target1/sfn/action ddal_sfn_wakeup_fd 7 100 DDAL_SFN_SPECIFIC
CLI_OUTPUT: ret /Target1/sfn/action ddal_sfn_wakeup_fd 7 100 DDAL_SFN_SPECIFIC ==&gt; done OK retv 0
CLI_OUTPUT: /Target1/sfn/action ddal_sfn_wakeup_fd 7 100 DDAL_SFN_PERIODIC
CLI_OUTPUT: ret /Target1/sfn/action ddal_sfn_wakeup_fd 7 100 DDAL_SFN_PERIODIC ==&gt; done OK retv 0
CLI_OUTPUT: /Target1/sfn/action ddal_sfn_close_file_descriptor 7
CLI_OUTPUT: ret /Target1/sfn/action ddal_sfn_close_file_descriptor 7 ==&gt; done OK retv 0
CLI_OUTPUT: /Target1/sfn/action ddal_sfn_get_file_descriptor
CLI_OUTPUT: ret /Target1/sfn/action ddal_sfn_get_file_descriptor ==&gt; done OK retv 0 fd 7
CLI_OUTPUT: /Target1/sfn/action ddal_sfn_wakeup_fd 7 100 DDAL_SFN_PERIODIC
CLI_OUTPUT: ret /Target1/sfn/action ddal_sfn_wakeup_fd 7 100 DDAL_SFN_PERIODIC ==&gt; done OK retv 0
CLI_OUTPUT: /Target1/sfn/action ddal_sfn_wakeup_fd 7 100 DDAL_SFN_SPECIFIC
CLI_OUTPUT: ret /Target1/sfn/action ddal_sfn_wakeup_fd 7 100 DDAL_SFN_SPECIFIC ==&gt; done OK retv 0
CLI_OUTPUT: /Target1/sfn/action ddal_sfn_wakeup_fd 7 100 DDAL_SFN_PERIODIC
CLI_OUTPUT: ret /Target1/sfn/action ddal_sfn_wakeup_fd 7 100 DDAL_SFN_PERIODIC ==&gt; done OK retv 0
CLI_OUTPUT: /Target1/sfn/action ddal_sfn_close_file_descriptor 7
CLI_OUTPUT: ret /Target1/sfn/action ddal_sfn_close_file_descriptor 7 ==&gt; done OK retv 0
CLI_OUTPUT: /Target1/sfn/action ddal_sfn_get_file_descriptor
CLI_OUTPUT: ret /Target1/sfn/action ddal_sfn_get_file_descriptor ==&gt; done OK retv 0 fd 7
CLI_OUTPUT: /Target1/sfn/action ddal_sfn_wakeup_fd 7 100 DDAL_SFN_PERIODIC
CLI_OUTPUT: ret /Target1/sfn/action ddal_sfn_wakeup_fd 7 100 DDAL_SFN_PERIODIC ==&gt; done OK retv 0
CLI_OUTPUT: /Target1/sfn/action ddal_sfn_wakeup_fd 7 100 DDAL_SFN_SPECIFIC
CLI_OUTPUT: ret /Target1/sfn/action ddal_sfn_wakeup_fd 7 100 DDAL_SFN_SPECIFIC ==&gt; done OK retv 0
CLI_OUTPUT: /Target1/sfn/action ddal_sfn_wakeup_fd 7 100 DDAL_SFN_PERIODIC
CLI_OUTPUT: ret /Target1/sfn/action ddal_sfn_wakeup_fd 7 100 DDAL_SFN_PERIODIC ==&gt; done OK retv 0
CLI_OUTPUT: /Target1/sfn/action ddal_sfn_close_file_descriptor 7
CLI_OUTPUT: ret /Target1/sfn/action ddal_sfn_close_file_descriptor 7 ==&gt; done OK retv 0
CLI_OUTPUT: /Target1/sfn/action ddal_sfn_get_file_descriptor
CLI_OUTPUT: ret /Target1/sfn/action ddal_sfn_get_file_descriptor ==&gt; done OK retv 0 fd 7
CLI_OUTPUT: /Target1/sfn/action ddal_sfn_wakeup_fd 7 100 DDAL_SFN_PERIODIC
CLI_OUTPUT: ret /Target1/sfn/action ddal_sfn_wakeup_fd 7 100 DDAL_SFN_PERIODIC ==&gt; done OK retv 0
CLI_OUTPUT: /Target1/sfn/action ddal_sfn_wakeup_fd 7 100 DDAL_SFN_SPECIFIC
CLI_OUTPUT: ret /Target1/sfn/action ddal_sfn_wakeup_fd 7 100 DDAL_SFN_SPECIFIC ==&gt; done OK retv 0
CLI_OUTPUT: /Target1/sfn/action ddal_sfn_wakeup_fd 7 100 DDAL_SFN_PERIODIC
CLI_OUTPUT: ret /Target1/sfn/action ddal_sfn_wakeup_fd 7 100 DDAL_SFN_PERIODIC ==&gt; done OK retv 0
CLI_OUTPUT: /Target1/sfn/action ddal_sfn_close_file_descriptor 7
CLI_OUTPUT: ret /Target1/sfn/action ddal_sfn_close_file_descriptor 7 ==&gt; done OK retv 0
CLI_OUTPUT: /Target1/sfn/action ddal_sfn_get_file_descriptor
CLI_OUTPUT: ret /Target1/sfn/action ddal_sfn_get_file_descriptor ==&gt; done OK retv 0 fd 7
CLI_OUTPUT: /Target1/sfn/action ddal_sfn_wakeup_fd 7 100 DDAL_SFN_PERIODIC
CLI_OUTPUT: ret /Target1/sfn/action ddal_sfn_wakeup_fd 7 100 DDAL_SFN_PERIODIC ==&gt; done OK retv 0
CLI_OUTPUT: /Target1/sfn/action ddal_sfn_wakeup_fd 7 100 DDAL_SFN_SPECIFIC
CLI_OUTPUT: ret /Target1/sfn/action ddal_sfn_wakeup_fd 7 100 DDAL_SFN_SPECIFIC ==&gt; done OK retv 0
CLI_OUTPUT: /Target1/sfn/action ddal_sfn_wakeup_fd 7 100 DDAL_SFN_PERIODIC
CLI_OUTPUT: ret /Target1/sfn/action ddal_sfn_wakeup_fd 7 100 DDAL_SFN_PERIODIC ==&gt; done OK retv 0
CLI_OUTPUT: /Target1/sfn/action ddal_sfn_close_file_descriptor 7
CLI_OUTPUT: ret /Target1/sfn/action ddal_sfn_close_file_descriptor 7 ==&gt; done OK retv 0
CLI_OUTPUT: /Target1/sfn/action ddal_sfn_get_file_descriptor
CLI_OUTPUT: ret /Target1/sfn/action ddal_sfn_get_file_descriptor ==&gt; done OK retv 0 fd 7
CLI_OUTPUT: /Target1/sfn/action ddal_sfn_wakeup_fd 7 100 DDAL_SFN_PERIODIC
CLI_OUTPUT: ret /Target1/sfn/action ddal_sfn_wakeup_fd 7 100 DDAL_SFN_PERIODIC ==&gt; done OK retv 0
CLI_OUTPUT: /Target1/sfn/action ddal_sfn_wakeup_fd 7 100 DDAL_SFN_SPECIFIC
CLI_OUTPUT: ret /Target1/sfn/action ddal_sfn_wakeup_fd 7 100 DDAL_SFN_SPECIFIC ==&gt; done OK retv 0
CLI_OUTPUT: /Target1/sfn/action ddal_sfn_wakeup_fd 7 100 DDAL_SFN_PERIODIC
CLI_OUTPUT: ret /Target1/sfn/action ddal_sfn_wakeup_fd 7 100 DDAL_SFN_PERIODIC ==&gt; done OK retv 0
CLI_OUTPUT: /Target1/sfn/action ddal_sfn_close_file_descriptor 7
CLI_OUTPUT: ret /Target1/sfn/action ddal_sfn_close_file_descriptor 7 ==&gt; done OK retv 0
CLI_OUTPUT: /Target1/sfn/action ddal_sfn_get_file_descriptor
CLI_OUTPUT: ret /Target1/sfn/action ddal_sfn_get_file_descriptor ==&gt; done OK retv 0 fd 7
CLI_OUTPUT: /Target1/sfn/action ddal_sfn_wakeup_fd 7 100 DDAL_SFN_PERIODIC
CLI_OUTPUT: ret /Target1/sfn/action ddal_sfn_wakeup_fd 7 100 DDAL_SFN_PERIODIC ==&gt; done OK retv 0
CLI_OUTPUT: /Target1/sfn/action ddal_sfn_wakeup_fd 7 100 DDAL_SFN_SPECIFIC
CLI_OUTPUT: ret /Target1/sfn/action ddal_sfn_wakeup_fd 7 100 DDAL_SFN_SPECIFIC ==&gt; done OK retv 0
CLI_OUTPUT: /Target1/sfn/action ddal_sfn_wakeup_fd 7 100 DDAL_SFN_PERIODIC
CLI_OUTPUT: ret /Target1/sfn/action ddal_sfn_wakeup_fd 7 100 DDAL_SFN_PERIODIC ==&gt; done OK retv 0
CLI_OUTPUT: /Target1/sfn/action ddal_sfn_close_file_descriptor 7
CLI_OUTPUT: ret /Target1/sfn/action ddal_sfn_close_file_descriptor 7 ==&gt; done OK retv 0
CLI_OUTPUT: /Target1/sfn/action ddal_sfn_get_file_descriptor
CLI_OUTPUT: ret /Target1/sfn/action ddal_sfn_get_file_descriptor ==&gt; done OK retv 0 fd 7
CLI_OUTPUT: /Target1/sfn/action ddal_sfn_wakeup_fd 7 100 DDAL_SFN_PERIODIC
CLI_OUTPUT: ret /Target1/sfn/action ddal_sfn_wakeup_fd 7 100 DDAL_SFN_PERIODIC ==&gt; done OK retv 0
CLI_OUTPUT: /Target1/sfn/action ddal_sfn_wakeup_fd 7 100 DDAL_SFN_SPECIFIC
CLI_OUTPUT: ret /Target1/sfn/action ddal_sfn_wakeup_fd 7 100 DDAL_SFN_SPECIFIC ==&gt; done OK retv 0
CLI_OUTPUT: /Target1/sfn/action ddal_sfn_wakeup_fd 7 100 DDAL_SFN_PERIODIC
CLI_OUTPUT: ret /Target1/sfn/action ddal_sfn_wakeup_fd 7 100 DDAL_SFN_PERIODIC ==&gt; done OK retv 0
CLI_OUTPUT: /Target1/sfn/action ddal_sfn_close_file_descriptor 7
CLI_OUTPUT: ret /Target1/sfn/action ddal_sfn_close_file_descriptor 7 ==&gt; done OK retv 0
CLI_OUTPUT: /Target1/sfn/action ddal_sfn_get_file_descriptor
CLI_OUTPUT: ret /Target1/sfn/action ddal_sfn_get_file_descriptor ==&gt; done OK retv 0 fd 7
CLI_OUTPUT: /Target1/sfn/action ddal_sfn_wakeup_fd 7 100 DDAL_SFN_PERIODIC
CLI_OUTPUT: ret /Target1/sfn/action ddal_sfn_wakeup_fd 7 100 DDAL_SFN_PERIODIC ==&gt; done OK retv 0
CLI_OUTPUT: /Target1/sfn/action ddal_sfn_wakeup_fd 7 100 DDAL_SFN_SPECIFIC
CLI_OUTPUT: ret /Target1/sfn/action ddal_sfn_wakeup_fd 7 100 DDAL_SFN_SPECIFIC ==&gt; done OK retv 0
CLI_OUTPUT: /Target1/sfn/action ddal_sfn_wakeup_fd 7 100 DDAL_SFN_PERIODIC
CLI_OUTPUT: ret /Target1/sfn/action ddal_sfn_wakeup_fd 7 100 DDAL_SFN_PERIODIC ==&gt; done OK retv 0
CLI_OUTPUT: /Target1/sfn/action ddal_sfn_close_file_descriptor 7
CLI_OUTPUT: ret /Target1/sfn/action ddal_sfn_close_file_descriptor 7 ==&gt; done OK retv 0
CLI_OUTPUT: /Target1/sfn/action ddal_sfn_get_file_descriptor
CLI_OUTPUT: ret /Target1/sfn/action ddal_sfn_get_file_descriptor ==&gt; done OK retv 0 fd 7
CLI_OUTPUT: /Target1/sfn/action ddal_sfn_wakeup_fd 7 100 DDAL_SFN_PERIODIC
CLI_OUTPUT: ret /Target1/sfn/action ddal_sfn_wakeup_fd 7 100 DDAL_SFN_PERIODIC ==&gt; done OK retv 0
CLI_OUTPUT: /Target1/sfn/action ddal_sfn_wakeup_fd 7 100 DDAL_SFN_SPECIFIC
CLI_OUTPUT: ret /Target1/sfn/action ddal_sfn_wakeup_fd 7 100 DDAL_SFN_SPECIFIC ==&gt; done OK retv 0
CLI_OUTPUT: /Target1/sfn/action ddal_sfn_wakeup_fd 7 100 DDAL_SFN_PERIODIC
CLI_OUTPUT: ret /Target1/sfn/action ddal_sfn_wakeup_fd 7 100 DDAL_SFN_PERIODIC ==&gt; done OK retv 0
CLI_OUTPUT: /Target1/sfn/action ddal_sfn_close_file_descriptor 7
CLI_OUTPUT: ret /Target1/sfn/action ddal_sfn_close_file_descriptor 7 ==&gt; done OK retv 0
CLI_OUTPUT: /Target1/sfn/action ddal_sfn_get_file_descriptor
CLI_OUTPUT: ret /Target1/sfn/action ddal_sfn_get_file_descriptor ==&gt; done OK retv 0 fd 7
CLI_OUTPUT: /Target1/sfn/action ddal_sfn_wakeup_fd 7 100 DDAL_SFN_PERIODIC
CLI_OUTPUT: ret /Target1/sfn/action ddal_sfn_wakeup_fd 7 100 DDAL_SFN_PERIODIC ==&gt; done OK retv 0
CLI_OUTPUT: /Target1/sfn/action ddal_sfn_wakeup_fd 7 100 DDAL_SFN_SPECIFIC
CLI_OUTPUT: ret /Target1/sfn/action ddal_sfn_wakeup_fd 7 100 DDAL_SFN_SPECIFIC ==&gt; done OK retv 0
CLI_OUTPUT: /Target1/sfn/action ddal_sfn_wakeup_fd 7 100 DDAL_SFN_PERIODIC
CLI_OUTPUT: ret /Target1/sfn/action ddal_sfn_wakeup_fd 7 100 DDAL_SFN_PERIODIC ==&gt; done OK retv 0
CLI_OUTPUT: /Target1/sfn/action ddal_sfn_close_file_descriptor 7
CLI_OUTPUT: ret /Target1/sfn/action ddal_sfn_close_file_descriptor 7 ==&gt; done OK retv 0
CLI_OUTPUT: /Target1/sfn/action ddal_sfn_get_file_descriptor
CLI_OUTPUT: ret /Target1/sfn/action ddal_sfn_get_file_descriptor ==&gt; done OK retv 0 fd 7
CLI_OUTPUT: /Target1/sfn/action ddal_sfn_wakeup_fd 7 100 DDAL_SFN_PERIODIC
CLI_OUTPUT: ret /Target1/sfn/action ddal_sfn_wakeup_fd 7 100 DDAL_SFN_PERIODIC ==&gt; done OK retv 0
CLI_OUTPUT: /Target1/sfn/action ddal_sfn_wakeup_fd 7 100 DDAL_SFN_SPECIFIC
CLI_OUTPUT: ret /Target1/sfn/action ddal_sfn_wakeup_fd 7 100 DDAL_SFN_SPECIFIC ==&gt; done OK retv 0
CLI_OUTPUT: /Target1/sfn/action ddal_sfn_wakeup_fd 7 100 DDAL_SFN_PERIODIC
CLI_OUTPUT: ret /Target1/sfn/action ddal_sfn_wakeup_fd 7 100 DDAL_SFN_PERIODIC ==&gt; done OK retv 0
CLI_OUTPUT: /Target1/sfn/action ddal_sfn_close_file_descriptor 7
CLI_OUTPUT: ret /Target1/sfn/action ddal_sfn_close_file_descriptor 7 ==&gt; done OK retv 0
CLI_OUTPUT: /Target1/sfn/action ddal_sfn_get_file_descriptor
CLI_OUTPUT: ret /Target1/sfn/action ddal_sfn_get_file_descriptor ==&gt; done OK retv 0 fd 7
CLI_OUTPUT: /Target1/sfn/action ddal_sfn_wakeup_fd 7 100 DDAL_SFN_PERIODIC
CLI_OUTPUT: ret /Target1/sfn/action ddal_sfn_wakeup_fd 7 100 DDAL_SFN_PERIODIC ==&gt; done OK retv 0
CLI_OUTPUT: /Target1/sfn/action ddal_sfn_wakeup_fd 7 100 DDAL_SFN_SPECIFIC
CLI_OUTPUT: ret /Target1/sfn/action ddal_sfn_wakeup_fd 7 100 DDAL_SFN_SPECIFIC ==&gt; done OK retv 0
CLI_OUTPUT: /Target1/sfn/action ddal_sfn_wakeup_fd 7 100 DDAL_SFN_PERIODIC
CLI_OUTPUT: ret /Target1/sfn/action ddal_sfn_wakeup_fd 7 100 DDAL_SFN_PERIODIC ==&gt; done OK retv 0
CLI_OUTPUT: /Target1/sfn/action ddal_sfn_close_file_descriptor 7
CLI_OUTPUT: ret /Target1/sfn/action ddal_sfn_close_file_descriptor 7 ==&gt; done OK retv 0
CLI_OUTPUT: /Target1/sfn/action ddal_sfn_get_file_descriptor
CLI_OUTPUT: ret /Target1/sfn/action ddal_sfn_get_file_descriptor ==&gt; done OK retv 0 fd 7
CLI_OUTPUT: /Target1/sfn/action ddal_sfn_wakeup_fd 7 100 DDAL_SFN_PERIODIC
CLI_OUTPUT: ret /Target1/sfn/action ddal_sfn_wakeup_fd 7 100 DDAL_SFN_PERIODIC ==&gt; done OK retv 0
CLI_OUTPUT: /Target1/sfn/action ddal_sfn_wakeup_fd 7 100 DDAL_SFN_SPECIFIC
CLI_OUTPUT: ret /Target1/sfn/action ddal_sfn_wakeup_fd 7 100 DDAL_SFN_SPECIFIC ==&gt; done OK retv 0
CLI_OUTPUT: /Target1/sfn/action ddal_sfn_wakeup_fd 7 100 DDAL_SFN_PERIODIC
CLI_OUTPUT: ret /Target1/sfn/action ddal_sfn_wakeup_fd 7 100 DDAL_SFN_PERIODIC ==&gt; done OK retv 0
CLI_OUTPUT: /Target1/sfn/action ddal_sfn_close_file_descriptor 7
CLI_OUTPUT: ret /Target1/sfn/action ddal_sfn_close_file_descriptor 7 ==&gt; done OK retv 0
CLI_OUTPUT: /Target1/sfn/action ddal_sfn_get_file_descriptor
CLI_OUTPUT: ret /Target1/sfn/action ddal_sfn_get_file_descriptor ==&gt; done OK retv 0 fd 7
CLI_OUTPUT: /Target1/sfn/action ddal_sfn_wakeup_fd 7 100 DDAL_SFN_PERIODIC
CLI_OUTPUT: ret /Target1/sfn/action ddal_sfn_wakeup_fd 7 100 DDAL_SFN_PERIODIC ==&gt; done OK retv 0
CLI_OUTPUT: /Target1/sfn/action ddal_sfn_wakeup_fd 7 100 DDAL_SFN_SPECIFIC
CLI_OUTPUT: ret /Target1/sfn/action ddal_sfn_wakeup_fd 7 100 DDAL_SFN_SPECIFIC ==&gt; done OK retv 0
CLI_OUTPUT: /Target1/sfn/action ddal_sfn_wakeup_fd 7 100 DDAL_SFN_PERIODIC
CLI_OUTPUT: ret /Target1/sfn/action ddal_sfn_wakeup_fd 7 100 DDAL_SFN_PERIODIC ==&gt; done OK retv 0
CLI_OUTPUT: /Target1/sfn/action ddal_sfn_close_file_descriptor 7
CLI_OUTPUT: ret /Target1/sfn/action ddal_sfn_close_file_descriptor 7 ==&gt; done OK retv 0
CLI_OUTPUT: /Target1/sfn/action ddal_sfn_get_file_descriptor
CLI_OUTPUT: ret /Target1/sfn/action ddal_sfn_get_file_descriptor ==&gt; done OK retv 0 fd 7
CLI_OUTPUT: /Target1/sfn/action ddal_sfn_wakeup_fd 7 100 DDAL_SFN_PERIODIC
CLI_OUTPUT: ret /Target1/sfn/action ddal_sfn_wakeup_fd 7 100 DDAL_SFN_PERIODIC ==&gt; done OK retv 0
CLI_OUTPUT: /Target1/sfn/action ddal_sfn_wakeup_fd 7 100 DDAL_SFN_SPECIFIC
CLI_OUTPUT: ret /Target1/sfn/action ddal_sfn_wakeup_fd 7 100 DDAL_SFN_SPECIFIC ==&gt; done OK retv 0
CLI_OUTPUT: /Target1/sfn/action ddal_sfn_wakeup_fd 7 100 DDAL_SFN_PERIODIC
CLI_OUTPUT: ret /Target1/sfn/action ddal_sfn_wakeup_fd 7 100 DDAL_SFN_PERIODIC ==&gt; done OK retv 0
CLI_OUTPUT: /Target1/sfn/action ddal_sfn_close_file_descriptor 7
CLI_OUTPUT: ret /Target1/sfn/action ddal_sfn_close_file_descriptor 7 ==&gt; done OK retv 0
CLI_OUTPUT: /Target1/sfn/action ddal_sfn_get_file_descriptor
CLI_OUTPUT: ret /Target1/sfn/action ddal_sfn_get_file_descriptor ==&gt; done OK retv 0 fd 7
CLI_OUTPUT: /Target1/sfn/action ddal_sfn_wakeup_fd 7 100 DDAL_SFN_PERIODIC
CLI_OUTPUT: ret /Target1/sfn/action ddal_sfn_wakeup_fd 7 100 DDAL_SFN_PERIODIC ==&gt; done OK retv 0
CLI_OUTPUT: /Target1/sfn/action ddal_sfn_wakeup_fd 7 100 DDAL_SFN_SPECIFIC
CLI_OUTPUT: ret /Target1/sfn/action ddal_sfn_wakeup_fd 7 100 DDAL_SFN_SPECIFIC ==&gt; done OK retv 0
CLI_OUTPUT: /Target1/sfn/action ddal_sfn_wakeup_fd 7 100 DDAL_SFN_PERIODIC
CLI_OUTPUT: ret /Target1/sfn/action ddal_sfn_wakeup_fd 7 100 DDAL_SFN_PERIODIC ==&gt; done OK retv 0
CLI_OUTPUT: /Target1/sfn/action ddal_sfn_close_file_descriptor 7
CLI_OUTPUT: ret /Target1/sfn/action ddal_sfn_close_file_descriptor 7 ==&gt; done OK retv 0
CLI_OUTPUT: /Target1/sfn/action ddal_sfn_get_file_descriptor
CLI_OUTPUT: ret /Target1/sfn/action ddal_sfn_get_file_descriptor ==&gt; done OK retv 0 fd 7
CLI_OUTPUT: /Target1/sfn/action ddal_sfn_wakeup_fd 7 100 DDAL_SFN_PERIODIC
CLI_OUTPUT: ret /Target1/sfn/action ddal_sfn_wakeup_fd 7 100 DDAL_SFN_PERIODIC ==&gt; done OK retv 0
CLI_OUTPUT: /Target1/sfn/action ddal_sfn_wakeup_fd 7 100 DDAL_SFN_SPECIFIC
CLI_OUTPUT: ret /Target1/sfn/action ddal_sfn_wakeup_fd 7 100 DDAL_SFN_SPECIFIC ==&gt; done OK retv 0
CLI_OUTPUT: /Target1/sfn/action ddal_sfn_wakeup_fd 7 100 DDAL_SFN_PERIODIC
CLI_OUTPUT: ret /Target1/sfn/action ddal_sfn_wakeup_fd 7 100 DDAL_SFN_PERIODIC ==&gt; done OK retv 0
CLI_OUTPUT: /Target1/sfn/action ddal_sfn_close_file_descriptor 7
CLI_OUTPUT: ret /Target1/sfn/action ddal_sfn_close_file_descriptor 7 ==&gt; done OK retv 0
CLI_OUTPUT: /Target1/sfn/action ddal_sfn_get_file_descriptor
CLI_OUTPUT: ret /Target1/sfn/action ddal_sfn_get_file_descriptor ==&gt; done OK retv 0 fd 7
CLI_OUTPUT: /Target1/sfn/action ddal_sfn_wakeup_fd 7 100 DDAL_SFN_PERIODIC
CLI_OUTPUT: ret /Target1/sfn/action ddal_sfn_wakeup_fd 7 100 DDAL_SFN_PERIODIC ==&gt; done OK retv 0
CLI_OUTPUT: /Target1/sfn/action ddal_sfn_wakeup_fd 7 100 DDAL_SFN_SPECIFIC
CLI_OUTPUT: ret /Target1/sfn/action ddal_sfn_wakeup_fd 7 100 DDAL_SFN_SPECIFIC ==&gt; done OK retv 0
CLI_OUTPUT: /Target1/sfn/action ddal_sfn_wakeup_fd 7 100 DDAL_SFN_PERIODIC
CLI_OUTPUT: ret /Target1/sfn/action ddal_sfn_wakeup_fd 7 100 DDAL_SFN_PERIODIC ==&gt; done OK retv 0
CLI_OUTPUT: /Target1/sfn/action ddal_sfn_close_file_descriptor 7
CLI_OUTPUT: ret /Target1/sfn/action ddal_sfn_close_file_descriptor 7 ==&gt; done OK retv 0
SCR_OUTPUT: alternate_open_close_loops 100
CLI_OUTPUT: /Target1/sfn/action ddal_sfn_get_file_descriptor
CLI_OUTPUT: ret /Target1/sfn/action ddal_sfn_get_file_descriptor ==&gt; done OK retv 0 fd 7
CLI_OUTPUT: /Target1/sfn/action ddal_sfn_wakeup_fd 7 100 DDAL_SFN_PERIODIC
CLI_OUTPUT: ret /Target1/sfn/action ddal_sfn_wakeup_fd 7 100 DDAL_SFN_PERIODIC ==&gt; done OK retv 0
CLI_OUTPUT: /Target1/sfn/action ddal_sfn_wakeup_fd 7 100 DDAL_SFN_SPECIFIC
CLI_OUTPUT: ret /Target1/sfn/action ddal_sfn_wakeup_fd 7 100 DDAL_SFN_SPECIFIC ==&gt; done OK retv 0
CLI_OUTPUT: /Target1/sfn/action ddal_sfn_wakeup_fd 7 100 DDAL_SFN_PERIODIC
CLI_OUTPUT: ret /Target1/sfn/action ddal_sfn_wakeup_fd 7 100 DDAL_SFN_PERIODIC ==&gt; done OK retv 0
CLI_OUTPUT: /Target1/sfn/action ddal_sfn_close_file_descriptor 7
CLI_OUTPUT: ret /Target1/sfn/action ddal_sfn_close_file_descriptor 7 ==&gt; done OK retv 0
SCR_OUTPUT: ##### Test Case End: TC_03011_001 PASSED (0)
</stdout>
          <failedSince>0</failedSince>
        </case>
        <case>
          <duration>3.0</duration>
          <className>HW_03011_sfn_get_close_fd</className>
          <testName>TC_03011_002 SFN get/close tests</testName>
          <skipped>false</skipped>
          <stdout>
SCR_OUTPUT: ##### Test Case Start: TC_03011_002  SFN get/close tests
CLI_OUTPUT: /Target1/sfn/action ddal_sfn_get_file_descriptor
CLI_OUTPUT: ret /Target1/sfn/action ddal_sfn_get_file_descriptor ==&gt; done OK retv 0 fd 7
CLI_OUTPUT: /Target1/sfn/action ddal_sfn_get_file_descriptor
CLI_OUTPUT: ret /Target1/sfn/action ddal_sfn_get_file_descriptor ==&gt; done OK retv 0 fd 8
CLI_OUTPUT: /Target1/sfn/action ddal_sfn_get_file_descriptor
CLI_OUTPUT: ret /Target1/sfn/action ddal_sfn_get_file_descriptor ==&gt; done OK retv 0 fd 9
CLI_OUTPUT: /Target1/sfn/action ddal_sfn_get_file_descriptor
CLI_OUTPUT: ret /Target1/sfn/action ddal_sfn_get_file_descriptor ==&gt; done OK retv 0 fd 10
CLI_OUTPUT: /Target1/sfn/action ddal_sfn_get_file_descriptor
CLI_OUTPUT: ret /Target1/sfn/action ddal_sfn_get_file_descriptor ==&gt; done OK retv 0 fd 11
CLI_OUTPUT: /Target1/sfn/action ddal_sfn_get_file_descriptor
CLI_OUTPUT: ret /Target1/sfn/action ddal_sfn_get_file_descriptor ==&gt; done OK retv 0 fd 12
CLI_OUTPUT: /Target1/sfn/action ddal_sfn_get_file_descriptor
CLI_OUTPUT: ret /Target1/sfn/action ddal_sfn_get_file_descriptor ==&gt; done OK retv 0 fd 13
CLI_OUTPUT: /Target1/sfn/action ddal_sfn_get_file_descriptor
CLI_OUTPUT: ret /Target1/sfn/action ddal_sfn_get_file_descriptor ==&gt; done OK retv 0 fd 14
CLI_OUTPUT: /Target1/sfn/action ddal_sfn_get_file_descriptor
CLI_OUTPUT: ret /Target1/sfn/action ddal_sfn_get_file_descriptor ==&gt; done OK retv 0 fd 15
CLI_OUTPUT: /Target1/sfn/action ddal_sfn_get_file_descriptor
CLI_OUTPUT: ret /Target1/sfn/action ddal_sfn_get_file_descriptor ==&gt; done OK retv 0 fd 16
CLI_OUTPUT: /Target1/sfn/action ddal_sfn_get_file_descriptor
CLI_OUTPUT: ret /Target1/sfn/action ddal_sfn_get_file_descriptor ==&gt; done OK retv 0 fd 17
CLI_OUTPUT: /Target1/sfn/action ddal_sfn_get_file_descriptor
CLI_OUTPUT: ret /Target1/sfn/action ddal_sfn_get_file_descriptor ==&gt; done OK retv 0 fd 18
CLI_OUTPUT: /Target1/sfn/action ddal_sfn_get_file_descriptor
CLI_OUTPUT: ret /Target1/sfn/action ddal_sfn_get_file_descriptor ==&gt; done OK retv 0 fd 19
CLI_OUTPUT: /Target1/sfn/action ddal_sfn_get_file_descriptor
CLI_OUTPUT: ret /Target1/sfn/action ddal_sfn_get_file_descriptor ==&gt; done OK retv 0 fd 20
CLI_OUTPUT: /Target1/sfn/action ddal_sfn_get_file_descriptor
CLI_OUTPUT: ret /Target1/sfn/action ddal_sfn_get_file_descriptor ==&gt; done OK retv 0 fd 21
CLI_OUTPUT: /Target1/sfn/action ddal_sfn_get_file_descriptor
CLI_OUTPUT: ret /Target1/sfn/action ddal_sfn_get_file_descriptor ==&gt; done OK retv 0 fd 22
CLI_OUTPUT: /Target1/sfn/action ddal_sfn_get_file_descriptor
CLI_OUTPUT: ret /Target1/sfn/action ddal_sfn_get_file_descriptor ==&gt; done OK retv 0 fd 23
CLI_OUTPUT: /Target1/sfn/action ddal_sfn_get_file_descriptor
CLI_OUTPUT: ret /Target1/sfn/action ddal_sfn_get_file_descriptor ==&gt; done OK retv 0 fd 24
CLI_OUTPUT: /Target1/sfn/action ddal_sfn_get_file_descriptor
CLI_OUTPUT: ret /Target1/sfn/action ddal_sfn_get_file_descriptor ==&gt; done OK retv 0 fd 25
CLI_OUTPUT: /Target1/sfn/action ddal_sfn_get_file_descriptor
CLI_OUTPUT: ret /Target1/sfn/action ddal_sfn_get_file_descriptor ==&gt; done OK retv 0 fd 26
CLI_OUTPUT: /Target1/sfn/action ddal_sfn_get_file_descriptor
CLI_OUTPUT: ret /Target1/sfn/action ddal_sfn_get_file_descriptor ==&gt; done OK retv 0 fd 27
CLI_OUTPUT: /Target1/sfn/action ddal_sfn_get_file_descriptor
CLI_OUTPUT: ret /Target1/sfn/action ddal_sfn_get_file_descriptor ==&gt; done OK retv 0 fd 28
CLI_OUTPUT: /Target1/sfn/action ddal_sfn_get_file_descriptor
CLI_OUTPUT: ret /Target1/sfn/action ddal_sfn_get_file_descriptor ==&gt; done OK retv 0 fd 29
CLI_OUTPUT: /Target1/sfn/action ddal_sfn_get_file_descriptor
CLI_OUTPUT: ret /Target1/sfn/action ddal_sfn_get_file_descriptor ==&gt; done OK retv 0 fd 30
CLI_OUTPUT: /Target1/sfn/action ddal_sfn_get_file_descriptor
CLI_OUTPUT: ret /Target1/sfn/action ddal_sfn_get_file_descriptor ==&gt; done OK retv 0 fd 31
CLI_OUTPUT: /Target1/sfn/action ddal_sfn_get_file_descriptor
CLI_OUTPUT: ret /Target1/sfn/action ddal_sfn_get_file_descriptor ==&gt; done OK retv 0 fd 32
CLI_OUTPUT: /Target1/sfn/action ddal_sfn_get_file_descriptor
CLI_OUTPUT: ret /Target1/sfn/action ddal_sfn_get_file_descriptor ==&gt; done OK retv 0 fd 33
CLI_OUTPUT: /Target1/sfn/action ddal_sfn_get_file_descriptor
CLI_OUTPUT: ret /Target1/sfn/action ddal_sfn_get_file_descriptor ==&gt; done OK retv 0 fd 34
CLI_OUTPUT: /Target1/sfn/action ddal_sfn_get_file_descriptor
CLI_OUTPUT: ret /Target1/sfn/action ddal_sfn_get_file_descriptor ==&gt; done OK retv 0 fd 35
CLI_OUTPUT: /Target1/sfn/action ddal_sfn_get_file_descriptor
CLI_OUTPUT: ret /Target1/sfn/action ddal_sfn_get_file_descriptor ==&gt; done OK retv 0 fd 36
CLI_OUTPUT: /Target1/sfn/action ddal_sfn_get_file_descriptor
CLI_OUTPUT: ret /Target1/sfn/action ddal_sfn_get_file_descriptor ==&gt; done OK retv 0 fd 37
CLI_OUTPUT: /Target1/sfn/action ddal_sfn_get_file_descriptor
CLI_OUTPUT: ret /Target1/sfn/action ddal_sfn_get_file_descriptor ==&gt; done OK retv 0 fd 38
CLI_OUTPUT: /Target1/sfn/action ddal_sfn_get_file_descriptor
CLI_OUTPUT: ret /Target1/sfn/action ddal_sfn_get_file_descriptor ==&gt; done OK retv 0 fd 39
CLI_OUTPUT: /Target1/sfn/action ddal_sfn_get_file_descriptor
CLI_OUTPUT: ret /Target1/sfn/action ddal_sfn_get_file_descriptor ==&gt; done OK retv 0 fd 40
CLI_OUTPUT: /Target1/sfn/action ddal_sfn_get_file_descriptor
CLI_OUTPUT: ret /Target1/sfn/action ddal_sfn_get_file_descriptor ==&gt; done OK retv 0 fd 41
CLI_OUTPUT: /Target1/sfn/action ddal_sfn_get_file_descriptor
CLI_OUTPUT: ret /Target1/sfn/action ddal_sfn_get_file_descriptor ==&gt; done OK retv 0 fd 42
CLI_OUTPUT: /Target1/sfn/action ddal_sfn_get_file_descriptor
CLI_OUTPUT: ret /Target1/sfn/action ddal_sfn_get_file_descriptor ==&gt; done OK retv 0 fd 43
CLI_OUTPUT: /Target1/sfn/action ddal_sfn_get_file_descriptor
CLI_OUTPUT: ret /Target1/sfn/action ddal_sfn_get_file_descriptor ==&gt; done OK retv 0 fd 44
CLI_OUTPUT: /Target1/sfn/action ddal_sfn_get_file_descriptor
CLI_OUTPUT: ret /Target1/sfn/action ddal_sfn_get_file_descriptor ==&gt; done OK retv 0 fd 45
CLI_OUTPUT: /Target1/sfn/action ddal_sfn_get_file_descriptor
CLI_OUTPUT: ret /Target1/sfn/action ddal_sfn_get_file_descriptor ==&gt; done OK retv 0 fd 46
CLI_OUTPUT: /Target1/sfn/action ddal_sfn_get_file_descriptor
CLI_OUTPUT: ret /Target1/sfn/action ddal_sfn_get_file_descriptor ==&gt; done OK retv 0 fd 47
CLI_OUTPUT: /Target1/sfn/action ddal_sfn_get_file_descriptor
CLI_OUTPUT: ret /Target1/sfn/action ddal_sfn_get_file_descriptor ==&gt; done OK retv 0 fd 48
CLI_OUTPUT: /Target1/sfn/action ddal_sfn_get_file_descriptor
CLI_OUTPUT: ret /Target1/sfn/action ddal_sfn_get_file_descriptor ==&gt; done OK retv 0 fd 49
CLI_OUTPUT: /Target1/sfn/action ddal_sfn_get_file_descriptor
CLI_OUTPUT: ret /Target1/sfn/action ddal_sfn_get_file_descriptor ==&gt; done OK retv 0 fd 50
CLI_OUTPUT: /Target1/sfn/action ddal_sfn_get_file_descriptor
CLI_OUTPUT: ret /Target1/sfn/action ddal_sfn_get_file_descriptor ==&gt; done OK retv 0 fd 51
CLI_OUTPUT: /Target1/sfn/action ddal_sfn_get_file_descriptor
CLI_OUTPUT: ret /Target1/sfn/action ddal_sfn_get_file_descriptor ==&gt; done OK retv 0 fd 52
CLI_OUTPUT: /Target1/sfn/action ddal_sfn_get_file_descriptor
CLI_OUTPUT: ret /Target1/sfn/action ddal_sfn_get_file_descriptor ==&gt; done OK retv 0 fd 53
CLI_OUTPUT: /Target1/sfn/action ddal_sfn_get_file_descriptor
CLI_OUTPUT: ret /Target1/sfn/action ddal_sfn_get_file_descriptor ==&gt; done OK retv 0 fd 54
CLI_OUTPUT: /Target1/sfn/action ddal_sfn_get_file_descriptor
CLI_OUTPUT: ret /Target1/sfn/action ddal_sfn_get_file_descriptor ==&gt; done OK retv 0 fd 55
SCR_OUTPUT: cumulated_open_close_loops OPEN 50
CLI_OUTPUT: /Target1/sfn/action ddal_sfn_get_file_descriptor
CLI_OUTPUT: ret /Target1/sfn/action ddal_sfn_get_file_descriptor ==&gt; done OK retv 0 fd 56
CLI_OUTPUT: /Target1/sfn/action ddal_sfn_get_file_descriptor
CLI_OUTPUT: ret /Target1/sfn/action ddal_sfn_get_file_descriptor ==&gt; done OK retv 0 fd 57
CLI_OUTPUT: /Target1/sfn/action ddal_sfn_get_file_descriptor
CLI_OUTPUT: ret /Target1/sfn/action ddal_sfn_get_file_descriptor ==&gt; done OK retv 0 fd 58
CLI_OUTPUT: /Target1/sfn/action ddal_sfn_get_file_descriptor
CLI_OUTPUT: ret /Target1/sfn/action ddal_sfn_get_file_descriptor ==&gt; done OK retv 0 fd 59
CLI_OUTPUT: /Target1/sfn/action ddal_sfn_get_file_descriptor
CLI_OUTPUT: ret /Target1/sfn/action ddal_sfn_get_file_descriptor ==&gt; done OK retv 0 fd 60
CLI_OUTPUT: /Target1/sfn/action ddal_sfn_get_file_descriptor
CLI_OUTPUT: ret /Target1/sfn/action ddal_sfn_get_file_descriptor ==&gt; done OK retv 0 fd 61
CLI_OUTPUT: /Target1/sfn/action ddal_sfn_get_file_descriptor
CLI_OUTPUT: ret /Target1/sfn/action ddal_sfn_get_file_descriptor ==&gt; done OK retv 0 fd 62
CLI_OUTPUT: /Target1/sfn/action ddal_sfn_get_file_descriptor
CLI_OUTPUT: ret /Target1/sfn/action ddal_sfn_get_file_descriptor ==&gt; done OK retv 0 fd 63
CLI_OUTPUT: /Target1/sfn/action ddal_sfn_get_file_descriptor
CLI_OUTPUT: ret /Target1/sfn/action ddal_sfn_get_file_descriptor ==&gt; done OK retv 0 fd 64
CLI_OUTPUT: /Target1/sfn/action ddal_sfn_get_file_descriptor
CLI_OUTPUT: ret /Target1/sfn/action ddal_sfn_get_file_descriptor ==&gt; done OK retv 0 fd 65
CLI_OUTPUT: /Target1/sfn/action ddal_sfn_get_file_descriptor
CLI_OUTPUT: ret /Target1/sfn/action ddal_sfn_get_file_descriptor ==&gt; done OK retv 0 fd 66
CLI_OUTPUT: /Target1/sfn/action ddal_sfn_get_file_descriptor
CLI_OUTPUT: ret /Target1/sfn/action ddal_sfn_get_file_descriptor ==&gt; done OK retv 0 fd 67
CLI_OUTPUT: /Target1/sfn/action ddal_sfn_get_file_descriptor
CLI_OUTPUT: ret /Target1/sfn/action ddal_sfn_get_file_descriptor ==&gt; done OK retv 0 fd 68
CLI_OUTPUT: /Target1/sfn/action ddal_sfn_get_file_descriptor
CLI_OUTPUT: ret /Target1/sfn/action ddal_sfn_get_file_descriptor ==&gt; done OK retv 0 fd 69
CLI_OUTPUT: /Target1/sfn/action ddal_sfn_get_file_descriptor
CLI_OUTPUT: ret /Target1/sfn/action ddal_sfn_get_file_descriptor ==&gt; done OK retv 0 fd 70
CLI_OUTPUT: /Target1/sfn/action ddal_sfn_get_file_descriptor
CLI_OUTPUT: ret /Target1/sfn/action ddal_sfn_get_file_descriptor ==&gt; done OK retv 0 fd 71
CLI_OUTPUT: /Target1/sfn/action ddal_sfn_get_file_descriptor
CLI_OUTPUT: ret /Target1/sfn/action ddal_sfn_get_file_descriptor ==&gt; done OK retv 0 fd 72
CLI_OUTPUT: /Target1/sfn/action ddal_sfn_get_file_descriptor
CLI_OUTPUT: ret /Target1/sfn/action ddal_sfn_get_file_descriptor ==&gt; done OK retv 0 fd 73
CLI_OUTPUT: /Target1/sfn/action ddal_sfn_get_file_descriptor
CLI_OUTPUT: ret /Target1/sfn/action ddal_sfn_get_file_descriptor ==&gt; done OK retv 0 fd 74
CLI_OUTPUT: /Target1/sfn/action ddal_sfn_get_file_descriptor
CLI_OUTPUT: ret /Target1/sfn/action ddal_sfn_get_file_descriptor ==&gt; done OK retv 0 fd 75
CLI_OUTPUT: /Target1/sfn/action ddal_sfn_get_file_descriptor
CLI_OUTPUT: ret /Target1/sfn/action ddal_sfn_get_file_descriptor ==&gt; done OK retv 0 fd 76
CLI_OUTPUT: /Target1/sfn/action ddal_sfn_get_file_descriptor
CLI_OUTPUT: ret /Target1/sfn/action ddal_sfn_get_file_descriptor ==&gt; done OK retv 0 fd 77
CLI_OUTPUT: /Target1/sfn/action ddal_sfn_get_file_descriptor
CLI_OUTPUT: ret /Target1/sfn/action ddal_sfn_get_file_descriptor ==&gt; done OK retv 0 fd 78
CLI_OUTPUT: /Target1/sfn/action ddal_sfn_get_file_descriptor
CLI_OUTPUT: ret /Target1/sfn/action ddal_sfn_get_file_descriptor ==&gt; done OK retv 0 fd 79
CLI_OUTPUT: /Target1/sfn/action ddal_sfn_get_file_descriptor
CLI_OUTPUT: ret /Target1/sfn/action ddal_sfn_get_file_descriptor ==&gt; done OK retv 0 fd 80
CLI_OUTPUT: /Target1/sfn/action ddal_sfn_get_file_descriptor
CLI_OUTPUT: ret /Target1/sfn/action ddal_sfn_get_file_descriptor ==&gt; done OK retv 0 fd 81
CLI_OUTPUT: /Target1/sfn/action ddal_sfn_get_file_descriptor
CLI_OUTPUT: ret /Target1/sfn/action ddal_sfn_get_file_descriptor ==&gt; done OK retv 0 fd 82
CLI_OUTPUT: /Target1/sfn/action ddal_sfn_get_file_descriptor
CLI_OUTPUT: ret /Target1/sfn/action ddal_sfn_get_file_descriptor ==&gt; done OK retv 0 fd 83
CLI_OUTPUT: /Target1/sfn/action ddal_sfn_get_file_descriptor
CLI_OUTPUT: ret /Target1/sfn/action ddal_sfn_get_file_descriptor ==&gt; done OK retv 0 fd 84
CLI_OUTPUT: /Target1/sfn/action ddal_sfn_get_file_descriptor
CLI_OUTPUT: ret /Target1/sfn/action ddal_sfn_get_file_descriptor ==&gt; done OK retv 0 fd 85
CLI_OUTPUT: /Target1/sfn/action ddal_sfn_get_file_descriptor
CLI_OUTPUT: ret /Target1/sfn/action ddal_sfn_get_file_descriptor ==&gt; done OK retv 0 fd 86
CLI_OUTPUT: /Target1/sfn/action ddal_sfn_get_file_descriptor
CLI_OUTPUT: ret /Target1/sfn/action ddal_sfn_get_file_descriptor ==&gt; done OK retv 0 fd 87
CLI_OUTPUT: /Target1/sfn/action ddal_sfn_get_file_descriptor
CLI_OUTPUT: ret /Target1/sfn/action ddal_sfn_get_file_descriptor ==&gt; done OK retv 0 fd 88
CLI_OUTPUT: /Target1/sfn/action ddal_sfn_get_file_descriptor
CLI_OUTPUT: ret /Target1/sfn/action ddal_sfn_get_file_descriptor ==&gt; done OK retv 0 fd 89
CLI_OUTPUT: /Target1/sfn/action ddal_sfn_get_file_descriptor
CLI_OUTPUT: ret /Target1/sfn/action ddal_sfn_get_file_descriptor ==&gt; done OK retv 0 fd 90
CLI_OUTPUT: /Target1/sfn/action ddal_sfn_get_file_descriptor
CLI_OUTPUT: ret /Target1/sfn/action ddal_sfn_get_file_descriptor ==&gt; done OK retv 0 fd 91
CLI_OUTPUT: /Target1/sfn/action ddal_sfn_get_file_descriptor
CLI_OUTPUT: ret /Target1/sfn/action ddal_sfn_get_file_descriptor ==&gt; done OK retv 0 fd 92
CLI_OUTPUT: /Target1/sfn/action ddal_sfn_get_file_descriptor
CLI_OUTPUT: ret /Target1/sfn/action ddal_sfn_get_file_descriptor ==&gt; done OK retv 0 fd 93
CLI_OUTPUT: /Target1/sfn/action ddal_sfn_get_file_descriptor
CLI_OUTPUT: ret /Target1/sfn/action ddal_sfn_get_file_descriptor ==&gt; done OK retv 0 fd 94
CLI_OUTPUT: /Target1/sfn/action ddal_sfn_get_file_descriptor
CLI_OUTPUT: ret /Target1/sfn/action ddal_sfn_get_file_descriptor ==&gt; done OK retv 0 fd 95
CLI_OUTPUT: /Target1/sfn/action ddal_sfn_get_file_descriptor
CLI_OUTPUT: ret /Target1/sfn/action ddal_sfn_get_file_descriptor ==&gt; done OK retv 0 fd 96
CLI_OUTPUT: /Target1/sfn/action ddal_sfn_get_file_descriptor
CLI_OUTPUT: ret /Target1/sfn/action ddal_sfn_get_file_descriptor ==&gt; done OK retv 0 fd 97
CLI_OUTPUT: /Target1/sfn/action ddal_sfn_get_file_descriptor
CLI_OUTPUT: ret /Target1/sfn/action ddal_sfn_get_file_descriptor ==&gt; done OK retv 0 fd 98
CLI_OUTPUT: /Target1/sfn/action ddal_sfn_get_file_descriptor
CLI_OUTPUT: ret /Target1/sfn/action ddal_sfn_get_file_descriptor ==&gt; done OK retv 0 fd 99
CLI_OUTPUT: /Target1/sfn/action ddal_sfn_get_file_descriptor
CLI_OUTPUT: ret /Target1/sfn/action ddal_sfn_get_file_descriptor ==&gt; done OK retv 0 fd 100
CLI_OUTPUT: /Target1/sfn/action ddal_sfn_get_file_descriptor
CLI_OUTPUT: ret /Target1/sfn/action ddal_sfn_get_file_descriptor ==&gt; done OK retv 0 fd 101
CLI_OUTPUT: /Target1/sfn/action ddal_sfn_get_file_descriptor
CLI_OUTPUT: ret /Target1/sfn/action ddal_sfn_get_file_descriptor ==&gt; done OK retv 0 fd 102
CLI_OUTPUT: /Target1/sfn/action ddal_sfn_get_file_descriptor
CLI_OUTPUT: ret /Target1/sfn/action ddal_sfn_get_file_descriptor ==&gt; done OK retv 0 fd 103
CLI_OUTPUT: /Target1/sfn/action ddal_sfn_get_file_descriptor
CLI_OUTPUT: ret /Target1/sfn/action ddal_sfn_get_file_descriptor ==&gt; done OK retv 0 fd 104
CLI_OUTPUT: /Target1/sfn/action ddal_sfn_get_file_descriptor
CLI_OUTPUT: ret /Target1/sfn/action ddal_sfn_get_file_descriptor ==&gt; done OK retv 0 fd 105
SCR_OUTPUT: cumulated_open_close_loops OPEN 100
CLI_OUTPUT: /Target1/sfn/action ddal_sfn_get_file_descriptor
CLI_OUTPUT: ret /Target1/sfn/action ddal_sfn_get_file_descriptor ==&gt; done OK retv 0 fd 106
CLI_OUTPUT: /Target1/sfn/action ddal_sfn_get_file_descriptor
CLI_OUTPUT: ret /Target1/sfn/action ddal_sfn_get_file_descriptor ==&gt; done OK retv 0 fd 107
CLI_OUTPUT: /Target1/sfn/action ddal_sfn_get_file_descriptor
CLI_OUTPUT: ret /Target1/sfn/action ddal_sfn_get_file_descriptor ==&gt; done OK retv 0 fd 108
CLI_OUTPUT: /Target1/sfn/action ddal_sfn_get_file_descriptor
CLI_OUTPUT: ret /Target1/sfn/action ddal_sfn_get_file_descriptor ==&gt; done OK retv 0 fd 109
CLI_OUTPUT: /Target1/sfn/action ddal_sfn_get_file_descriptor
CLI_OUTPUT: ret /Target1/sfn/action ddal_sfn_get_file_descriptor ==&gt; done OK retv 0 fd 110
CLI_OUTPUT: /Target1/sfn/action ddal_sfn_get_file_descriptor
CLI_OUTPUT: ret /Target1/sfn/action ddal_sfn_get_file_descriptor ==&gt; done OK retv 0 fd 111
CLI_OUTPUT: /Target1/sfn/action ddal_sfn_get_file_descriptor
CLI_OUTPUT: ret /Target1/sfn/action ddal_sfn_get_file_descriptor ==&gt; done OK retv 0 fd 112
CLI_OUTPUT: /Target1/sfn/action ddal_sfn_get_file_descriptor
CLI_OUTPUT: ret /Target1/sfn/action ddal_sfn_get_file_descriptor ==&gt; done OK retv 0 fd 113
CLI_OUTPUT: /Target1/sfn/action ddal_sfn_get_file_descriptor
CLI_OUTPUT: ret /Target1/sfn/action ddal_sfn_get_file_descriptor ==&gt; done OK retv 0 fd 114
CLI_OUTPUT: /Target1/sfn/action ddal_sfn_get_file_descriptor
CLI_OUTPUT: ret /Target1/sfn/action ddal_sfn_get_file_descriptor ==&gt; done OK retv 0 fd 115
CLI_OUTPUT: /Target1/sfn/action ddal_sfn_get_file_descriptor
CLI_OUTPUT: ret /Target1/sfn/action ddal_sfn_get_file_descriptor ==&gt; done OK retv 0 fd 116
CLI_OUTPUT: /Target1/sfn/action ddal_sfn_get_file_descriptor
CLI_OUTPUT: ret /Target1/sfn/action ddal_sfn_get_file_descriptor ==&gt; done OK retv 0 fd 117
CLI_OUTPUT: /Target1/sfn/action ddal_sfn_get_file_descriptor
CLI_OUTPUT: ret /Target1/sfn/action ddal_sfn_get_file_descriptor ==&gt; done OK retv 0 fd 118
CLI_OUTPUT: /Target1/sfn/action ddal_sfn_get_file_descriptor
CLI_OUTPUT: ret /Target1/sfn/action ddal_sfn_get_file_descriptor ==&gt; done OK retv 0 fd 119
CLI_OUTPUT: /Target1/sfn/action ddal_sfn_get_file_descriptor
CLI_OUTPUT: ret /Target1/sfn/action ddal_sfn_get_file_descriptor ==&gt; done OK retv 0 fd 120
CLI_OUTPUT: /Target1/sfn/action ddal_sfn_get_file_descriptor
CLI_OUTPUT: ret /Target1/sfn/action ddal_sfn_get_file_descriptor ==&gt; done OK retv 0 fd 121
CLI_OUTPUT: /Target1/sfn/action ddal_sfn_get_file_descriptor
CLI_OUTPUT: ret /Target1/sfn/action ddal_sfn_get_file_descriptor ==&gt; done OK retv 0 fd 122
CLI_OUTPUT: /Target1/sfn/action ddal_sfn_get_file_descriptor
CLI_OUTPUT: ret /Target1/sfn/action ddal_sfn_get_file_descriptor ==&gt; done OK retv 0 fd 123
CLI_OUTPUT: /Target1/sfn/action ddal_sfn_get_file_descriptor
CLI_OUTPUT: ret /Target1/sfn/action ddal_sfn_get_file_descriptor ==&gt; done OK retv 0 fd 124
CLI_OUTPUT: /Target1/sfn/action ddal_sfn_get_file_descriptor
CLI_OUTPUT: ret /Target1/sfn/action ddal_sfn_get_file_descriptor ==&gt; done OK retv 0 fd 125
CLI_OUTPUT: /Target1/sfn/action ddal_sfn_get_file_descriptor
CLI_OUTPUT: ret /Target1/sfn/action ddal_sfn_get_file_descriptor ==&gt; done OK retv 0 fd 126
CLI_OUTPUT: /Target1/sfn/action ddal_sfn_get_file_descriptor
CLI_OUTPUT: ret /Target1/sfn/action ddal_sfn_get_file_descriptor ==&gt; done OK retv 0 fd 127
CLI_OUTPUT: /Target1/sfn/action ddal_sfn_get_file_descriptor
CLI_OUTPUT: ret /Target1/sfn/action ddal_sfn_get_file_descriptor ==&gt; done OK retv 0 fd 128
CLI_OUTPUT: /Target1/sfn/action ddal_sfn_get_file_descriptor
CLI_OUTPUT: ret /Target1/sfn/action ddal_sfn_get_file_descriptor ==&gt; done OK retv 0 fd 129
CLI_OUTPUT: /Target1/sfn/action ddal_sfn_get_file_descriptor
CLI_OUTPUT: ret /Target1/sfn/action ddal_sfn_get_file_descriptor ==&gt; done OK retv 0 fd 130
CLI_OUTPUT: /Target1/sfn/action ddal_sfn_get_file_descriptor
CLI_OUTPUT: ret /Target1/sfn/action ddal_sfn_get_file_descriptor ==&gt; done OK retv 0 fd 131
CLI_OUTPUT: /Target1/sfn/action ddal_sfn_get_file_descriptor
CLI_OUTPUT: ret /Target1/sfn/action ddal_sfn_get_file_descriptor ==&gt; done OK retv 0 fd 132
CLI_OUTPUT: /Target1/sfn/action ddal_sfn_get_file_descriptor
CLI_OUTPUT: ret /Target1/sfn/action ddal_sfn_get_file_descriptor ==&gt; done OK retv 0 fd 133
CLI_OUTPUT: /Target1/sfn/action ddal_sfn_get_file_descriptor
CLI_OUTPUT: ret /Target1/sfn/action ddal_sfn_get_file_descriptor ==&gt; done OK retv 0 fd 134
CLI_OUTPUT: /Target1/sfn/action ddal_sfn_get_file_descriptor
CLI_OUTPUT: ret /Target1/sfn/action ddal_sfn_get_file_descriptor ==&gt; done OK retv 0 fd 135
CLI_OUTPUT: /Target1/sfn/action ddal_sfn_get_file_descriptor
CLI_OUTPUT: ret /Target1/sfn/action ddal_sfn_get_file_descriptor ==&gt; done OK retv 0 fd 136
CLI_OUTPUT: /Target1/sfn/action ddal_sfn_get_file_descriptor
CLI_OUTPUT: ret /Target1/sfn/action ddal_sfn_get_file_descriptor ==&gt; done OK retv 0 fd 137
CLI_OUTPUT: /Target1/sfn/action ddal_sfn_get_file_descriptor
CLI_OUTPUT: ret /Target1/sfn/action ddal_sfn_get_file_descriptor ==&gt; done OK retv 0 fd 138
CLI_OUTPUT: /Target1/sfn/action ddal_sfn_get_file_descriptor
CLI_OUTPUT: ret /Target1/sfn/action ddal_sfn_get_file_descriptor ==&gt; done OK retv 0 fd 139
CLI_OUTPUT: /Target1/sfn/action ddal_sfn_get_file_descriptor
CLI_OUTPUT: ret /Target1/sfn/action ddal_sfn_get_file_descriptor ==&gt; done OK retv 0 fd 140
CLI_OUTPUT: /Target1/sfn/action ddal_sfn_get_file_descriptor
CLI_OUTPUT: ret /Target1/sfn/action ddal_sfn_get_file_descriptor ==&gt; done OK retv 0 fd 141
CLI_OUTPUT: /Target1/sfn/action ddal_sfn_get_file_descriptor
CLI_OUTPUT: ret /Target1/sfn/action ddal_sfn_get_file_descriptor ==&gt; done OK retv 0 fd 142
CLI_OUTPUT: /Target1/sfn/action ddal_sfn_get_file_descriptor
CLI_OUTPUT: ret /Target1/sfn/action ddal_sfn_get_file_descriptor ==&gt; done OK retv 0 fd 143
CLI_OUTPUT: /Target1/sfn/action ddal_sfn_get_file_descriptor
CLI_OUTPUT: ret /Target1/sfn/action ddal_sfn_get_file_descriptor ==&gt; done OK retv 0 fd 144
CLI_OUTPUT: /Target1/sfn/action ddal_sfn_get_file_descriptor
CLI_OUTPUT: ret /Target1/sfn/action ddal_sfn_get_file_descriptor ==&gt; done OK retv 0 fd 145
CLI_OUTPUT: /Target1/sfn/action ddal_sfn_get_file_descriptor
CLI_OUTPUT: ret /Target1/sfn/action ddal_sfn_get_file_descriptor ==&gt; done OK retv 0 fd 146
CLI_OUTPUT: /Target1/sfn/action ddal_sfn_get_file_descriptor
CLI_OUTPUT: ret /Target1/sfn/action ddal_sfn_get_file_descriptor ==&gt; done OK retv 0 fd 147
CLI_OUTPUT: /Target1/sfn/action ddal_sfn_get_file_descriptor
CLI_OUTPUT: ret /Target1/sfn/action ddal_sfn_get_file_descriptor ==&gt; done OK retv 0 fd 148
CLI_OUTPUT: /Target1/sfn/action ddal_sfn_get_file_descriptor
CLI_OUTPUT: ret /Target1/sfn/action ddal_sfn_get_file_descriptor ==&gt; done OK retv 0 fd 149
CLI_OUTPUT: /Target1/sfn/action ddal_sfn_get_file_descriptor
CLI_OUTPUT: ret /Target1/sfn/action ddal_sfn_get_file_descriptor ==&gt; done OK retv 0 fd 150
CLI_OUTPUT: /Target1/sfn/action ddal_sfn_get_file_descriptor
CLI_OUTPUT: ret /Target1/sfn/action ddal_sfn_get_file_descriptor ==&gt; done OK retv 0 fd 151
CLI_OUTPUT: /Target1/sfn/action ddal_sfn_get_file_descriptor
CLI_OUTPUT: ret /Target1/sfn/action ddal_sfn_get_file_descriptor ==&gt; done OK retv 0 fd 152
CLI_OUTPUT: /Target1/sfn/action ddal_sfn_get_file_descriptor
CLI_OUTPUT: ret /Target1/sfn/action ddal_sfn_get_file_descriptor ==&gt; done OK retv 0 fd 153
CLI_OUTPUT: /Target1/sfn/action ddal_sfn_get_file_descriptor
CLI_OUTPUT: ret /Target1/sfn/action ddal_sfn_get_file_descriptor ==&gt; done OK retv 0 fd 154
CLI_OUTPUT: /Target1/sfn/action ddal_sfn_get_file_descriptor
CLI_OUTPUT: ret /Target1/sfn/action ddal_sfn_get_file_descriptor ==&gt; done OK retv 0 fd 155
SCR_OUTPUT: cumulated_open_close_loops OPEN 150
CLI_OUTPUT: /Target1/sfn/action ddal_sfn_get_file_descriptor
CLI_OUTPUT: ret /Target1/sfn/action ddal_sfn_get_file_descriptor ==&gt; done OK retv 0 fd 156
CLI_OUTPUT: /Target1/sfn/action ddal_sfn_get_file_descriptor
CLI_OUTPUT: ret /Target1/sfn/action ddal_sfn_get_file_descriptor ==&gt; done OK retv 0 fd 157
CLI_OUTPUT: /Target1/sfn/action ddal_sfn_get_file_descriptor
CLI_OUTPUT: ret /Target1/sfn/action ddal_sfn_get_file_descriptor ==&gt; done OK retv 0 fd 158
CLI_OUTPUT: /Target1/sfn/action ddal_sfn_get_file_descriptor
CLI_OUTPUT: ret /Target1/sfn/action ddal_sfn_get_file_descriptor ==&gt; done OK retv 0 fd 159
CLI_OUTPUT: /Target1/sfn/action ddal_sfn_get_file_descriptor
CLI_OUTPUT: ret /Target1/sfn/action ddal_sfn_get_file_descriptor ==&gt; done OK retv 0 fd 160
CLI_OUTPUT: /Target1/sfn/action ddal_sfn_get_file_descriptor
CLI_OUTPUT: ret /Target1/sfn/action ddal_sfn_get_file_descriptor ==&gt; done OK retv 0 fd 161
CLI_OUTPUT: /Target1/sfn/action ddal_sfn_get_file_descriptor
CLI_OUTPUT: ret /Target1/sfn/action ddal_sfn_get_file_descriptor ==&gt; done OK retv 0 fd 162
CLI_OUTPUT: /Target1/sfn/action ddal_sfn_get_file_descriptor
CLI_OUTPUT: ret /Target1/sfn/action ddal_sfn_get_file_descriptor ==&gt; done OK retv 0 fd 163
CLI_OUTPUT: /Target1/sfn/action ddal_sfn_get_file_descriptor
CLI_OUTPUT: ret /Target1/sfn/action ddal_sfn_get_file_descriptor ==&gt; done OK retv 0 fd 164
CLI_OUTPUT: /Target1/sfn/action ddal_sfn_get_file_descriptor
CLI_OUTPUT: ret /Target1/sfn/action ddal_sfn_get_file_descriptor ==&gt; done OK retv 0 fd 165
CLI_OUTPUT: /Target1/sfn/action ddal_sfn_get_file_descriptor
CLI_OUTPUT: ret /Target1/sfn/action ddal_sfn_get_file_descriptor ==&gt; done OK retv 0 fd 166
CLI_OUTPUT: /Target1/sfn/action ddal_sfn_get_file_descriptor
CLI_OUTPUT: ret /Target1/sfn/action ddal_sfn_get_file_descriptor ==&gt; done OK retv 0 fd 167
CLI_OUTPUT: /Target1/sfn/action ddal_sfn_get_file_descriptor
CLI_OUTPUT: ret /Target1/sfn/action ddal_sfn_get_file_descriptor ==&gt; done OK retv 0 fd 168
CLI_OUTPUT: /Target1/sfn/action ddal_sfn_get_file_descriptor
CLI_OUTPUT: ret /Target1/sfn/action ddal_sfn_get_file_descriptor ==&gt; done OK retv 0 fd 169
CLI_OUTPUT: /Target1/sfn/action ddal_sfn_get_file_descriptor
CLI_OUTPUT: ret /Target1/sfn/action ddal_sfn_get_file_descriptor ==&gt; done OK retv 0 fd 170
CLI_OUTPUT: /Target1/sfn/action ddal_sfn_get_file_descriptor
CLI_OUTPUT: ret /Target1/sfn/action ddal_sfn_get_file_descriptor ==&gt; done OK retv 0 fd 171
CLI_OUTPUT: /Target1/sfn/action ddal_sfn_get_file_descriptor
CLI_OUTPUT: ret /Target1/sfn/action ddal_sfn_get_file_descriptor ==&gt; done OK retv 0 fd 172
CLI_OUTPUT: /Target1/sfn/action ddal_sfn_get_file_descriptor
CLI_OUTPUT: ret /Target1/sfn/action ddal_sfn_get_file_descriptor ==&gt; done OK retv 0 fd 173
CLI_OUTPUT: /Target1/sfn/action ddal_sfn_get_file_descriptor
CLI_OUTPUT: ret /Target1/sfn/action ddal_sfn_get_file_descriptor ==&gt; done OK retv 0 fd 174
CLI_OUTPUT: /Target1/sfn/action ddal_sfn_get_file_descriptor
CLI_OUTPUT: ret /Target1/sfn/action ddal_sfn_get_file_descriptor ==&gt; done OK retv 0 fd 175
CLI_OUTPUT: /Target1/sfn/action ddal_sfn_get_file_descriptor
CLI_OUTPUT: ret /Target1/sfn/action ddal_sfn_get_file_descriptor ==&gt; done OK retv 0 fd 176
CLI_OUTPUT: /Target1/sfn/action ddal_sfn_get_file_descriptor
CLI_OUTPUT: ret /Target1/sfn/action ddal_sfn_get_file_descriptor ==&gt; done OK retv 0 fd 177
CLI_OUTPUT: /Target1/sfn/action ddal_sfn_get_file_descriptor
CLI_OUTPUT: ret /Target1/sfn/action ddal_sfn_get_file_descriptor ==&gt; done OK retv 0 fd 178
CLI_OUTPUT: /Target1/sfn/action ddal_sfn_get_file_descriptor
CLI_OUTPUT: ret /Target1/sfn/action ddal_sfn_get_file_descriptor ==&gt; done OK retv 0 fd 179
CLI_OUTPUT: /Target1/sfn/action ddal_sfn_get_file_descriptor
CLI_OUTPUT: ret /Target1/sfn/action ddal_sfn_get_file_descriptor ==&gt; done OK retv 0 fd 180
CLI_OUTPUT: /Target1/sfn/action ddal_sfn_get_file_descriptor
CLI_OUTPUT: ret /Target1/sfn/action ddal_sfn_get_file_descriptor ==&gt; done OK retv 0 fd 181
CLI_OUTPUT: /Target1/sfn/action ddal_sfn_get_file_descriptor
CLI_OUTPUT: ret /Target1/sfn/action ddal_sfn_get_file_descriptor ==&gt; done OK retv 0 fd 182
CLI_OUTPUT: /Target1/sfn/action ddal_sfn_get_file_descriptor
CLI_OUTPUT: ret /Target1/sfn/action ddal_sfn_get_file_descriptor ==&gt; done OK retv 0 fd 183
CLI_OUTPUT: /Target1/sfn/action ddal_sfn_get_file_descriptor
CLI_OUTPUT: ret /Target1/sfn/action ddal_sfn_get_file_descriptor ==&gt; done OK retv 0 fd 184
CLI_OUTPUT: /Target1/sfn/action ddal_sfn_get_file_descriptor
CLI_OUTPUT: ret /Target1/sfn/action ddal_sfn_get_file_descriptor ==&gt; done OK retv 0 fd 185
CLI_OUTPUT: /Target1/sfn/action ddal_sfn_get_file_descriptor
CLI_OUTPUT: ret /Target1/sfn/action ddal_sfn_get_file_descriptor ==&gt; done OK retv 0 fd 186
CLI_OUTPUT: /Target1/sfn/action ddal_sfn_get_file_descriptor
CLI_OUTPUT: ret /Target1/sfn/action ddal_sfn_get_file_descriptor ==&gt; done OK retv 0 fd 187
CLI_OUTPUT: /Target1/sfn/action ddal_sfn_get_file_descriptor
CLI_OUTPUT: ret /Target1/sfn/action ddal_sfn_get_file_descriptor ==&gt; done OK retv 0 fd 188
CLI_OUTPUT: /Target1/sfn/action ddal_sfn_get_file_descriptor
CLI_OUTPUT: ret /Target1/sfn/action ddal_sfn_get_file_descriptor ==&gt; done OK retv 0 fd 189
CLI_OUTPUT: /Target1/sfn/action ddal_sfn_get_file_descriptor
CLI_OUTPUT: ret /Target1/sfn/action ddal_sfn_get_file_descriptor ==&gt; done OK retv 0 fd 190
CLI_OUTPUT: /Target1/sfn/action ddal_sfn_get_file_descriptor
CLI_OUTPUT: ret /Target1/sfn/action ddal_sfn_get_file_descriptor ==&gt; done OK retv 0 fd 191
CLI_OUTPUT: /Target1/sfn/action ddal_sfn_get_file_descriptor
CLI_OUTPUT: ret /Target1/sfn/action ddal_sfn_get_file_descriptor ==&gt; done OK retv 0 fd 192
CLI_OUTPUT: /Target1/sfn/action ddal_sfn_get_file_descriptor
CLI_OUTPUT: ret /Target1/sfn/action ddal_sfn_get_file_descriptor ==&gt; done OK retv 0 fd 193
CLI_OUTPUT: /Target1/sfn/action ddal_sfn_get_file_descriptor
CLI_OUTPUT: ret /Target1/sfn/action ddal_sfn_get_file_descriptor ==&gt; done OK retv 0 fd 194
CLI_OUTPUT: /Target1/sfn/action ddal_sfn_get_file_descriptor
CLI_OUTPUT: ret /Target1/sfn/action ddal_sfn_get_file_descriptor ==&gt; done OK retv 0 fd 195
CLI_OUTPUT: /Target1/sfn/action ddal_sfn_get_file_descriptor
CLI_OUTPUT: ret /Target1/sfn/action ddal_sfn_get_file_descriptor ==&gt; done OK retv 0 fd 196
CLI_OUTPUT: /Target1/sfn/action ddal_sfn_get_file_descriptor
CLI_OUTPUT: ret /Target1/sfn/action ddal_sfn_get_file_descriptor ==&gt; done OK retv 0 fd 197
CLI_OUTPUT: /Target1/sfn/action ddal_sfn_get_file_descriptor
CLI_OUTPUT: ret /Target1/sfn/action ddal_sfn_get_file_descriptor ==&gt; done OK retv 0 fd 198
CLI_OUTPUT: /Target1/sfn/action ddal_sfn_get_file_descriptor
CLI_OUTPUT: ret /Target1/sfn/action ddal_sfn_get_file_descriptor ==&gt; done OK retv 0 fd 199
CLI_OUTPUT: /Target1/sfn/action ddal_sfn_get_file_descriptor
CLI_OUTPUT: ret /Target1/sfn/action ddal_sfn_get_file_descriptor ==&gt; done OK retv 0 fd 200
CLI_OUTPUT: /Target1/sfn/action ddal_sfn_get_file_descriptor
CLI_OUTPUT: ret /Target1/sfn/action ddal_sfn_get_file_descriptor ==&gt; done OK retv 0 fd 201
CLI_OUTPUT: /Target1/sfn/action ddal_sfn_get_file_descriptor
CLI_OUTPUT: ret /Target1/sfn/action ddal_sfn_get_file_descriptor ==&gt; done OK retv 0 fd 202
CLI_OUTPUT: /Target1/sfn/action ddal_sfn_get_file_descriptor
CLI_OUTPUT: ret /Target1/sfn/action ddal_sfn_get_file_descriptor ==&gt; done OK retv 0 fd 203
CLI_OUTPUT: /Target1/sfn/action ddal_sfn_get_file_descriptor
CLI_OUTPUT: ret /Target1/sfn/action ddal_sfn_get_file_descriptor ==&gt; done OK retv 0 fd 204
CLI_OUTPUT: /Target1/sfn/action ddal_sfn_get_file_descriptor
CLI_OUTPUT: ret /Target1/sfn/action ddal_sfn_get_file_descriptor ==&gt; done OK retv 0 fd 205
SCR_OUTPUT: cumulated_open_close_loops OPEN 200
CLI_OUTPUT: /Target1/sfn/action ddal_sfn_get_file_descriptor
CLI_OUTPUT: ret /Target1/sfn/action ddal_sfn_get_file_descriptor ==&gt; done OK retv 0 fd 206
SCR_OUTPUT: Do ddal_sfn_wakeup_fd calls!
CLI_OUTPUT: /Target1/sfn/action ddal_sfn_wakeup_fd 7 100 DDAL_SFN_PERIODIC
CLI_OUTPUT: ret /Target1/sfn/action ddal_sfn_wakeup_fd 7 100 DDAL_SFN_PERIODIC ==&gt; done OK retv 0
CLI_OUTPUT: /Target1/sfn/action ddal_sfn_wakeup_fd 7 100 DDAL_SFN_SPECIFIC
CLI_OUTPUT: ret /Target1/sfn/action ddal_sfn_wakeup_fd 7 100 DDAL_SFN_SPECIFIC ==&gt; done OK retv 0
CLI_OUTPUT: /Target1/sfn/action ddal_sfn_wakeup_fd 7 100 DDAL_SFN_PERIODIC
CLI_OUTPUT: ret /Target1/sfn/action ddal_sfn_wakeup_fd 7 100 DDAL_SFN_PERIODIC ==&gt; done OK retv 0
CLI_OUTPUT: /Target1/sfn/action ddal_sfn_wakeup_fd 8 100 DDAL_SFN_PERIODIC
CLI_OUTPUT: ret /Target1/sfn/action ddal_sfn_wakeup_fd 8 100 DDAL_SFN_PERIODIC ==&gt; done OK retv 0
CLI_OUTPUT: /Target1/sfn/action ddal_sfn_wakeup_fd 8 100 DDAL_SFN_SPECIFIC
CLI_OUTPUT: ret /Target1/sfn/action ddal_sfn_wakeup_fd 8 100 DDAL_SFN_SPECIFIC ==&gt; done OK retv 0
CLI_OUTPUT: /Target1/sfn/action ddal_sfn_wakeup_fd 8 100 DDAL_SFN_PERIODIC
CLI_OUTPUT: ret /Target1/sfn/action ddal_sfn_wakeup_fd 8 100 DDAL_SFN_PERIODIC ==&gt; done OK retv 0
CLI_OUTPUT: /Target1/sfn/action ddal_sfn_wakeup_fd 9 100 DDAL_SFN_PERIODIC
CLI_OUTPUT: ret /Target1/sfn/action ddal_sfn_wakeup_fd 9 100 DDAL_SFN_PERIODIC ==&gt; done OK retv 0
CLI_OUTPUT: /Target1/sfn/action ddal_sfn_wakeup_fd 9 100 DDAL_SFN_SPECIFIC
CLI_OUTPUT: ret /Target1/sfn/action ddal_sfn_wakeup_fd 9 100 DDAL_SFN_SPECIFIC ==&gt; done OK retv 0
CLI_OUTPUT: /Target1/sfn/action ddal_sfn_wakeup_fd 9 100 DDAL_SFN_PERIODIC
CLI_OUTPUT: ret /Target1/sfn/action ddal_sfn_wakeup_fd 9 100 DDAL_SFN_PERIODIC ==&gt; done OK retv 0
CLI_OUTPUT: /Target1/sfn/action ddal_sfn_wakeup_fd 10 100 DDAL_SFN_PERIODIC
CLI_OUTPUT: ret /Target1/sfn/action ddal_sfn_wakeup_fd 10 100 DDAL_SFN_PERIODIC ==&gt; done OK retv 0
CLI_OUTPUT: /Target1/sfn/action ddal_sfn_wakeup_fd 10 100 DDAL_SFN_SPECIFIC
CLI_OUTPUT: ret /Target1/sfn/action ddal_sfn_wakeup_fd 10 100 DDAL_SFN_SPECIFIC ==&gt; done OK retv 0
CLI_OUTPUT: /Target1/sfn/action ddal_sfn_wakeup_fd 10 100 DDAL_SFN_PERIODIC
CLI_OUTPUT: ret /Target1/sfn/action ddal_sfn_wakeup_fd 10 100 DDAL_SFN_PERIODIC ==&gt; done OK retv 0
CLI_OUTPUT: /Target1/sfn/action ddal_sfn_wakeup_fd 11 100 DDAL_SFN_PERIODIC
CLI_OUTPUT: ret /Target1/sfn/action ddal_sfn_wakeup_fd 11 100 DDAL_SFN_PERIODIC ==&gt; done OK retv 0
CLI_OUTPUT: /Target1/sfn/action ddal_sfn_wakeup_fd 11 100 DDAL_SFN_SPECIFIC
CLI_OUTPUT: ret /Target1/sfn/action ddal_sfn_wakeup_fd 11 100 DDAL_SFN_SPECIFIC ==&gt; done OK retv 0
CLI_OUTPUT: /Target1/sfn/action ddal_sfn_wakeup_fd 11 100 DDAL_SFN_PERIODIC
CLI_OUTPUT: ret /Target1/sfn/action ddal_sfn_wakeup_fd 11 100 DDAL_SFN_PERIODIC ==&gt; done OK retv 0
CLI_OUTPUT: /Target1/sfn/action ddal_sfn_wakeup_fd 12 100 DDAL_SFN_PERIODIC
CLI_OUTPUT: ret /Target1/sfn/action ddal_sfn_wakeup_fd 12 100 DDAL_SFN_PERIODIC ==&gt; done OK retv 0
CLI_OUTPUT: /Target1/sfn/action ddal_sfn_wakeup_fd 12 100 DDAL_SFN_SPECIFIC
CLI_OUTPUT: ret /Target1/sfn/action ddal_sfn_wakeup_fd 12 100 DDAL_SFN_SPECIFIC ==&gt; done OK retv 0
CLI_OUTPUT: /Target1/sfn/action ddal_sfn_wakeup_fd 12 100 DDAL_SFN_PERIODIC
CLI_OUTPUT: ret /Target1/sfn/action ddal_sfn_wakeup_fd 12 100 DDAL_SFN_PERIODIC ==&gt; done OK retv 0
CLI_OUTPUT: /Target1/sfn/action ddal_sfn_wakeup_fd 13 100 DDAL_SFN_PERIODIC
CLI_OUTPUT: ret /Target1/sfn/action ddal_sfn_wakeup_fd 13 100 DDAL_SFN_PERIODIC ==&gt; done OK retv 0
CLI_OUTPUT: /Target1/sfn/action ddal_sfn_wakeup_fd 13 100 DDAL_SFN_SPECIFIC
CLI_OUTPUT: ret /Target1/sfn/action ddal_sfn_wakeup_fd 13 100 DDAL_SFN_SPECIFIC ==&gt; done OK retv 0
CLI_OUTPUT: /Target1/sfn/action ddal_sfn_wakeup_fd 13 100 DDAL_SFN_PERIODIC
CLI_OUTPUT: ret /Target1/sfn/action ddal_sfn_wakeup_fd 13 100 DDAL_SFN_PERIODIC ==&gt; done OK retv 0
CLI_OUTPUT: /Target1/sfn/action ddal_sfn_wakeup_fd 14 100 DDAL_SFN_PERIODIC
CLI_OUTPUT: ret /Target1/sfn/action ddal_sfn_wakeup_fd 14 100 DDAL_SFN_PERIODIC ==&gt; done OK retv 0
CLI_OUTPUT: /Target1/sfn/action ddal_sfn_wakeup_fd 14 100 DDAL_SFN_SPECIFIC
CLI_OUTPUT: ret /Target1/sfn/action ddal_sfn_wakeup_fd 14 100 DDAL_SFN_SPECIFIC ==&gt; done OK retv 0
CLI_OUTPUT: /Target1/sfn/action ddal_sfn_wakeup_fd 14 100 DDAL_SFN_PERIODIC
CLI_OUTPUT: ret /Target1/sfn/action ddal_sfn_wakeup_fd 14 100 DDAL_SFN_PERIODIC ==&gt; done OK retv 0
CLI_OUTPUT: /Target1/sfn/action ddal_sfn_wakeup_fd 15 100 DDAL_SFN_PERIODIC
CLI_OUTPUT: ret /Target1/sfn/action ddal_sfn_wakeup_fd 15 100 DDAL_SFN_PERIODIC ==&gt; done OK retv 0
CLI_OUTPUT: /Target1/sfn/action ddal_sfn_wakeup_fd 15 100 DDAL_SFN_SPECIFIC
CLI_OUTPUT: ret /Target1/sfn/action ddal_sfn_wakeup_fd 15 100 DDAL_SFN_SPECIFIC ==&gt; done OK retv 0
CLI_OUTPUT: /Target1/sfn/action ddal_sfn_wakeup_fd 15 100 DDAL_SFN_PERIODIC
CLI_OUTPUT: ret /Target1/sfn/action ddal_sfn_wakeup_fd 15 100 DDAL_SFN_PERIODIC ==&gt; done OK retv 0
CLI_OUTPUT: /Target1/sfn/action ddal_sfn_wakeup_fd 16 100 DDAL_SFN_PERIODIC
CLI_OUTPUT: ret /Target1/sfn/action ddal_sfn_wakeup_fd 16 100 DDAL_SFN_PERIODIC ==&gt; done OK retv 0
CLI_OUTPUT: /Target1/sfn/action ddal_sfn_wakeup_fd 16 100 DDAL_SFN_SPECIFIC
CLI_OUTPUT: ret /Target1/sfn/action ddal_sfn_wakeup_fd 16 100 DDAL_SFN_SPECIFIC ==&gt; done OK retv 0
CLI_OUTPUT: /Target1/sfn/action ddal_sfn_wakeup_fd 16 100 DDAL_SFN_PERIODIC
CLI_OUTPUT: ret /Target1/sfn/action ddal_sfn_wakeup_fd 16 100 DDAL_SFN_PERIODIC ==&gt; done OK retv 0
CLI_OUTPUT: /Target1/sfn/action ddal_sfn_wakeup_fd 17 100 DDAL_SFN_PERIODIC
CLI_OUTPUT: ret /Target1/sfn/action ddal_sfn_wakeup_fd 17 100 DDAL_SFN_PERIODIC ==&gt; done OK retv 0
CLI_OUTPUT: /Target1/sfn/action ddal_sfn_wakeup_fd 17 100 DDAL_SFN_SPECIFIC
CLI_OUTPUT: ret /Target1/sfn/action ddal_sfn_wakeup_fd 17 100 DDAL_SFN_SPECIFIC ==&gt; done OK retv 0
CLI_OUTPUT: /Target1/sfn/action ddal_sfn_wakeup_fd 17 100 DDAL_SFN_PERIODIC
CLI_OUTPUT: ret /Target1/sfn/action ddal_sfn_wakeup_fd 17 100 DDAL_SFN_PERIODIC ==&gt; done OK retv 0
CLI_OUTPUT: /Target1/sfn/action ddal_sfn_wakeup_fd 18 100 DDAL_SFN_PERIODIC
CLI_OUTPUT: ret /Target1/sfn/action ddal_sfn_wakeup_fd 18 100 DDAL_SFN_PERIODIC ==&gt; done OK retv 0
CLI_OUTPUT: /Target1/sfn/action ddal_sfn_wakeup_fd 18 100 DDAL_SFN_SPECIFIC
CLI_OUTPUT: ret /Target1/sfn/action ddal_sfn_wakeup_fd 18 100 DDAL_SFN_SPECIFIC ==&gt; done OK retv 0
CLI_OUTPUT: /Target1/sfn/action ddal_sfn_wakeup_fd 18 100 DDAL_SFN_PERIODIC
CLI_OUTPUT: ret /Target1/sfn/action ddal_sfn_wakeup_fd 18 100 DDAL_SFN_PERIODIC ==&gt; done OK retv 0
CLI_OUTPUT: /Target1/sfn/action ddal_sfn_wakeup_fd 19 100 DDAL_SFN_PERIODIC
CLI_OUTPUT: ret /Target1/sfn/action ddal_sfn_wakeup_fd 19 100 DDAL_SFN_PERIODIC ==&gt; done OK retv 0
CLI_OUTPUT: /Target1/sfn/action ddal_sfn_wakeup_fd 19 100 DDAL_SFN_SPECIFIC
CLI_OUTPUT: ret /Target1/sfn/action ddal_sfn_wakeup_fd 19 100 DDAL_SFN_SPECIFIC ==&gt; done OK retv 0
CLI_OUTPUT: /Target1/sfn/action ddal_sfn_wakeup_fd 19 100 DDAL_SFN_PERIODIC
CLI_OUTPUT: ret /Target1/sfn/action ddal_sfn_wakeup_fd 19 100 DDAL_SFN_PERIODIC ==&gt; done OK retv 0
CLI_OUTPUT: /Target1/sfn/action ddal_sfn_wakeup_fd 20 100 DDAL_SFN_PERIODIC
CLI_OUTPUT: ret /Target1/sfn/action ddal_sfn_wakeup_fd 20 100 DDAL_SFN_PERIODIC ==&gt; done OK retv 0
CLI_OUTPUT: /Target1/sfn/action ddal_sfn_wakeup_fd 20 100 DDAL_SFN_SPECIFIC
CLI_OUTPUT: ret /Target1/sfn/action ddal_sfn_wakeup_fd 20 100 DDAL_SFN_SPECIFIC ==&gt; done OK retv 0
CLI_OUTPUT: /Target1/sfn/action ddal_sfn_wakeup_fd 20 100 DDAL_SFN_PERIODIC
CLI_OUTPUT: ret /Target1/sfn/action ddal_sfn_wakeup_fd 20 100 DDAL_SFN_PERIODIC ==&gt; done OK retv 0
CLI_OUTPUT: /Target1/sfn/action ddal_sfn_wakeup_fd 21 100 DDAL_SFN_PERIODIC
CLI_OUTPUT: ret /Target1/sfn/action ddal_sfn_wakeup_fd 21 100 DDAL_SFN_PERIODIC ==&gt; done OK retv 0
CLI_OUTPUT: /Target1/sfn/action ddal_sfn_wakeup_fd 21 100 DDAL_SFN_SPECIFIC
CLI_OUTPUT: ret /Target1/sfn/action ddal_sfn_wakeup_fd 21 100 DDAL_SFN_SPECIFIC ==&gt; done OK retv 0
CLI_OUTPUT: /Target1/sfn/action ddal_sfn_wakeup_fd 21 100 DDAL_SFN_PERIODIC
CLI_OUTPUT: ret /Target1/sfn/action ddal_sfn_wakeup_fd 21 100 DDAL_SFN_PERIODIC ==&gt; done OK retv 0
CLI_OUTPUT: /Target1/sfn/action ddal_sfn_wakeup_fd 22 100 DDAL_SFN_PERIODIC
CLI_OUTPUT: ret /Target1/sfn/action ddal_sfn_wakeup_fd 22 100 DDAL_SFN_PERIODIC ==&gt; done OK retv 0
CLI_OUTPUT: /Target1/sfn/action ddal_sfn_wakeup_fd 22 100 DDAL_SFN_SPECIFIC
CLI_OUTPUT: ret /Target1/sfn/action ddal_sfn_wakeup_fd 22 100 DDAL_SFN_SPECIFIC ==&gt; done OK retv 0
CLI_OUTPUT: /Target1/sfn/action ddal_sfn_wakeup_fd 22 100 DDAL_SFN_PERIODIC
CLI_OUTPUT: ret /Target1/sfn/action ddal_sfn_wakeup_fd 22 100 DDAL_SFN_PERIODIC ==&gt; done OK retv 0
CLI_OUTPUT: /Target1/sfn/action ddal_sfn_wakeup_fd 23 100 DDAL_SFN_PERIODIC
CLI_OUTPUT: ret /Target1/sfn/action ddal_sfn_wakeup_fd 23 100 DDAL_SFN_PERIODIC ==&gt; done OK retv 0
CLI_OUTPUT: /Target1/sfn/action ddal_sfn_wakeup_fd 23 100 DDAL_SFN_SPECIFIC
CLI_OUTPUT: ret /Target1/sfn/action ddal_sfn_wakeup_fd 23 100 DDAL_SFN_SPECIFIC ==&gt; done OK retv 0
CLI_OUTPUT: /Target1/sfn/action ddal_sfn_wakeup_fd 23 100 DDAL_SFN_PERIODIC
CLI_OUTPUT: ret /Target1/sfn/action ddal_sfn_wakeup_fd 23 100 DDAL_SFN_PERIODIC ==&gt; done OK retv 0
CLI_OUTPUT: /Target1/sfn/action ddal_sfn_wakeup_fd 24 100 DDAL_SFN_PERIODIC
CLI_OUTPUT: ret /Target1/sfn/action ddal_sfn_wakeup_fd 24 100 DDAL_SFN_PERIODIC ==&gt; done OK retv 0
CLI_OUTPUT: /Target1/sfn/action ddal_sfn_wakeup_fd 24 100 DDAL_SFN_SPECIFIC
CLI_OUTPUT: ret /Target1/sfn/action ddal_sfn_wakeup_fd 24 100 DDAL_SFN_SPECIFIC ==&gt; done OK retv 0
CLI_OUTPUT: /Target1/sfn/action ddal_sfn_wakeup_fd 24 100 DDAL_SFN_PERIODIC
CLI_OUTPUT: ret /Target1/sfn/action ddal_sfn_wakeup_fd 24 100 DDAL_SFN_PERIODIC ==&gt; done OK retv 0
CLI_OUTPUT: /Target1/sfn/action ddal_sfn_wakeup_fd 25 100 DDAL_SFN_PERIODIC
CLI_OUTPUT: ret /Target1/sfn/action ddal_sfn_wakeup_fd 25 100 DDAL_SFN_PERIODIC ==&gt; done OK retv 0
CLI_OUTPUT: /Target1/sfn/action ddal_sfn_wakeup_fd 25 100 DDAL_SFN_SPECIFIC
CLI_OUTPUT: ret /Target1/sfn/action ddal_sfn_wakeup_fd 25 100 DDAL_SFN_SPECIFIC ==&gt; done OK retv 0
CLI_OUTPUT: /Target1/sfn/action ddal_sfn_wakeup_fd 25 100 DDAL_SFN_PERIODIC
CLI_OUTPUT: ret /Target1/sfn/action ddal_sfn_wakeup_fd 25 100 DDAL_SFN_PERIODIC ==&gt; done OK retv 0
CLI_OUTPUT: /Target1/sfn/action ddal_sfn_wakeup_fd 26 100 DDAL_SFN_PERIODIC
CLI_OUTPUT: ret /Target1/sfn/action ddal_sfn_wakeup_fd 26 100 DDAL_SFN_PERIODIC ==&gt; done OK retv 0
CLI_OUTPUT: /Target1/sfn/action ddal_sfn_wakeup_fd 26 100 DDAL_SFN_SPECIFIC
CLI_OUTPUT: ret /Target1/sfn/action ddal_sfn_wakeup_fd 26 100 DDAL_SFN_SPECIFIC ==&gt; done OK retv 0
CLI_OUTPUT: /Target1/sfn/action ddal_sfn_wakeup_fd 26 100 DDAL_SFN_PERIODIC
CLI_OUTPUT: ret /Target1/sfn/action ddal_sfn_wakeup_fd 26 100 DDAL_SFN_PERIODIC ==&gt; done OK retv 0
CLI_OUTPUT: /Target1/sfn/action ddal_sfn_wakeup_fd 27 100 DDAL_SFN_PERIODIC
CLI_OUTPUT: ret /Target1/sfn/action ddal_sfn_wakeup_fd 27 100 DDAL_SFN_PERIODIC ==&gt; done OK retv 0
CLI_OUTPUT: /Target1/sfn/action ddal_sfn_wakeup_fd 27 100 DDAL_SFN_SPECIFIC
CLI_OUTPUT: ret /Target1/sfn/action ddal_sfn_wakeup_fd 27 100 DDAL_SFN_SPECIFIC ==&gt; done OK retv 0
CLI_OUTPUT: /Target1/sfn/action ddal_sfn_wakeup_fd 27 100 DDAL_SFN_PERIODIC
CLI_OUTPUT: ret /Target1/sfn/action ddal_sfn_wakeup_fd 27 100 DDAL_SFN_PERIODIC ==&gt; done OK retv 0
CLI_OUTPUT: /Target1/sfn/action ddal_sfn_wakeup_fd 28 100 DDAL_SFN_PERIODIC
CLI_OUTPUT: ret /Target1/sfn/action ddal_sfn_wakeup_fd 28 100 DDAL_SFN_PERIODIC ==&gt; done OK retv 0
CLI_OUTPUT: /Target1/sfn/action ddal_sfn_wakeup_fd 28 100 DDAL_SFN_SPECIFIC
CLI_OUTPUT: ret /Target1/sfn/action ddal_sfn_wakeup_fd 28 100 DDAL_SFN_SPECIFIC ==&gt; done OK retv 0
CLI_OUTPUT: /Target1/sfn/action ddal_sfn_wakeup_fd 28 100 DDAL_SFN_PERIODIC
CLI_OUTPUT: ret /Target1/sfn/action ddal_sfn_wakeup_fd 28 100 DDAL_SFN_PERIODIC ==&gt; done OK retv 0
CLI_OUTPUT: /Target1/sfn/action ddal_sfn_wakeup_fd 29 100 DDAL_SFN_PERIODIC
CLI_OUTPUT: ret /Target1/sfn/action ddal_sfn_wakeup_fd 29 100 DDAL_SFN_PERIODIC ==&gt; done OK retv 0
CLI_OUTPUT: /Target1/sfn/action ddal_sfn_wakeup_fd 29 100 DDAL_SFN_SPECIFIC
CLI_OUTPUT: ret /Target1/sfn/action ddal_sfn_wakeup_fd 29 100 DDAL_SFN_SPECIFIC ==&gt; done OK retv 0
CLI_OUTPUT: /Target1/sfn/action ddal_sfn_wakeup_fd 29 100 DDAL_SFN_PERIODIC
CLI_OUTPUT: ret /Target1/sfn/action ddal_sfn_wakeup_fd 29 100 DDAL_SFN_PERIODIC ==&gt; done OK retv 0
CLI_OUTPUT: /Target1/sfn/action ddal_sfn_wakeup_fd 30 100 DDAL_SFN_PERIODIC
CLI_OUTPUT: ret /Target1/sfn/action ddal_sfn_wakeup_fd 30 100 DDAL_SFN_PERIODIC ==&gt; done OK retv 0
CLI_OUTPUT: /Target1/sfn/action ddal_sfn_wakeup_fd 30 100 DDAL_SFN_SPECIFIC
CLI_OUTPUT: ret /Target1/sfn/action ddal_sfn_wakeup_fd 30 100 DDAL_SFN_SPECIFIC ==&gt; done OK retv 0
CLI_OUTPUT: /Target1/sfn/action ddal_sfn_wakeup_fd 30 100 DDAL_SFN_PERIODIC
CLI_OUTPUT: ret /Target1/sfn/action ddal_sfn_wakeup_fd 30 100 DDAL_SFN_PERIODIC ==&gt; done OK retv 0
CLI_OUTPUT: /Target1/sfn/action ddal_sfn_wakeup_fd 31 100 DDAL_SFN_PERIODIC
CLI_OUTPUT: ret /Target1/sfn/action ddal_sfn_wakeup_fd 31 100 DDAL_SFN_PERIODIC ==&gt; done OK retv 0
CLI_OUTPUT: /Target1/sfn/action ddal_sfn_wakeup_fd 31 100 DDAL_SFN_SPECIFIC
CLI_OUTPUT: ret /Target1/sfn/action ddal_sfn_wakeup_fd 31 100 DDAL_SFN_SPECIFIC ==&gt; done OK retv 0
CLI_OUTPUT: /Target1/sfn/action ddal_sfn_wakeup_fd 31 100 DDAL_SFN_PERIODIC
CLI_OUTPUT: ret /Target1/sfn/action ddal_sfn_wakeup_fd 31 100 DDAL_SFN_PERIODIC ==&gt; done OK retv 0
CLI_OUTPUT: /Target1/sfn/action ddal_sfn_wakeup_fd 32 100 DDAL_SFN_PERIODIC
CLI_OUTPUT: ret /Target1/sfn/action ddal_sfn_wakeup_fd 32 100 DDAL_SFN_PERIODIC ==&gt; done OK retv 0
CLI_OUTPUT: /Target1/sfn/action ddal_sfn_wakeup_fd 32 100 DDAL_SFN_SPECIFIC
CLI_OUTPUT: ret /Target1/sfn/action ddal_sfn_wakeup_fd 32 100 DDAL_SFN_SPECIFIC ==&gt; done OK retv 0
CLI_OUTPUT: /Target1/sfn/action ddal_sfn_wakeup_fd 32 100 DDAL_SFN_PERIODIC
CLI_OUTPUT: ret /Target1/sfn/action ddal_sfn_wakeup_fd 32 100 DDAL_SFN_PERIODIC ==&gt; done OK retv 0
CLI_OUTPUT: /Target1/sfn/action ddal_sfn_wakeup_fd 33 100 DDAL_SFN_PERIODIC
CLI_OUTPUT: ret /Target1/sfn/action ddal_sfn_wakeup_fd 33 100 DDAL_SFN_PERIODIC ==&gt; done OK retv 0
CLI_OUTPUT: /Target1/sfn/action ddal_sfn_wakeup_fd 33 100 DDAL_SFN_SPECIFIC
CLI_OUTPUT: ret /Target1/sfn/action ddal_sfn_wakeup_fd 33 100 DDAL_SFN_SPECIFIC ==&gt; done OK retv 0
CLI_OUTPUT: /Target1/sfn/action ddal_sfn_wakeup_fd 33 100 DDAL_SFN_PERIODIC
CLI_OUTPUT: ret /Target1/sfn/action ddal_sfn_wakeup_fd 33 100 DDAL_SFN_PERIODIC ==&gt; done OK retv 0
CLI_OUTPUT: /Target1/sfn/action ddal_sfn_wakeup_fd 34 100 DDAL_SFN_PERIODIC
CLI_OUTPUT: ret /Target1/sfn/action ddal_sfn_wakeup_fd 34 100 DDAL_SFN_PERIODIC ==&gt; done OK retv 0
CLI_OUTPUT: /Target1/sfn/action ddal_sfn_wakeup_fd 34 100 DDAL_SFN_SPECIFIC
CLI_OUTPUT: ret /Target1/sfn/action ddal_sfn_wakeup_fd 34 100 DDAL_SFN_SPECIFIC ==&gt; done OK retv 0
CLI_OUTPUT: /Target1/sfn/action ddal_sfn_wakeup_fd 34 100 DDAL_SFN_PERIODIC
CLI_OUTPUT: ret /Target1/sfn/action ddal_sfn_wakeup_fd 34 100 DDAL_SFN_PERIODIC ==&gt; done OK retv 0
CLI_OUTPUT: /Target1/sfn/action ddal_sfn_wakeup_fd 35 100 DDAL_SFN_PERIODIC
CLI_OUTPUT: ret /Target1/sfn/action ddal_sfn_wakeup_fd 35 100 DDAL_SFN_PERIODIC ==&gt; done OK retv 0
CLI_OUTPUT: /Target1/sfn/action ddal_sfn_wakeup_fd 35 100 DDAL_SFN_SPECIFIC
CLI_OUTPUT: ret /Target1/sfn/action ddal_sfn_wakeup_fd 35 100 DDAL_SFN_SPECIFIC ==&gt; done OK retv 0
CLI_OUTPUT: /Target1/sfn/action ddal_sfn_wakeup_fd 35 100 DDAL_SFN_PERIODIC
CLI_OUTPUT: ret /Target1/sfn/action ddal_sfn_wakeup_fd 35 100 DDAL_SFN_PERIODIC ==&gt; done OK retv 0
CLI_OUTPUT: /Target1/sfn/action ddal_sfn_wakeup_fd 36 100 DDAL_SFN_PERIODIC
CLI_OUTPUT: ret /Target1/sfn/action ddal_sfn_wakeup_fd 36 100 DDAL_SFN_PERIODIC ==&gt; done OK retv 0
CLI_OUTPUT: /Target1/sfn/action ddal_sfn_wakeup_fd 36 100 DDAL_SFN_SPECIFIC
CLI_OUTPUT: ret /Target1/sfn/action ddal_sfn_wakeup_fd 36 100 DDAL_SFN_SPECIFIC ==&gt; done OK retv 0
CLI_OUTPUT: /Target1/sfn/action ddal_sfn_wakeup_fd 36 100 DDAL_SFN_PERIODIC
CLI_OUTPUT: ret /Target1/sfn/action ddal_sfn_wakeup_fd 36 100 DDAL_SFN_PERIODIC ==&gt; done OK retv 0
CLI_OUTPUT: /Target1/sfn/action ddal_sfn_wakeup_fd 37 100 DDAL_SFN_PERIODIC
CLI_OUTPUT: ret /Target1/sfn/action ddal_sfn_wakeup_fd 37 100 DDAL_SFN_PERIODIC ==&gt; done OK retv 0
CLI_OUTPUT: /Target1/sfn/action ddal_sfn_wakeup_fd 37 100 DDAL_SFN_SPECIFIC
CLI_OUTPUT: ret /Target1/sfn/action ddal_sfn_wakeup_fd 37 100 DDAL_SFN_SPECIFIC ==&gt; done OK retv 0
CLI_OUTPUT: /Target1/sfn/action ddal_sfn_wakeup_fd 37 100 DDAL_SFN_PERIODIC
CLI_OUTPUT: ret /Target1/sfn/action ddal_sfn_wakeup_fd 37 100 DDAL_SFN_PERIODIC ==&gt; done OK retv 0
CLI_OUTPUT: /Target1/sfn/action ddal_sfn_wakeup_fd 38 100 DDAL_SFN_PERIODIC
CLI_OUTPUT: ret /Target1/sfn/action ddal_sfn_wakeup_fd 38 100 DDAL_SFN_PERIODIC ==&gt; done OK retv 0
CLI_OUTPUT: /Target1/sfn/action ddal_sfn_wakeup_fd 38 100 DDAL_SFN_SPECIFIC
CLI_OUTPUT: ret /Target1/sfn/action ddal_sfn_wakeup_fd 38 100 DDAL_SFN_SPECIFIC ==&gt; done OK retv 0
CLI_OUTPUT: /Target1/sfn/action ddal_sfn_wakeup_fd 38 100 DDAL_SFN_PERIODIC
CLI_OUTPUT: ret /Target1/sfn/action ddal_sfn_wakeup_fd 38 100 DDAL_SFN_PERIODIC ==&gt; done OK retv 0
CLI_OUTPUT: /Target1/sfn/action ddal_sfn_wakeup_fd 39 100 DDAL_SFN_PERIODIC
CLI_OUTPUT: ret /Target1/sfn/action ddal_sfn_wakeup_fd 39 100 DDAL_SFN_PERIODIC ==&gt; done OK retv 0
CLI_OUTPUT: /Target1/sfn/action ddal_sfn_wakeup_fd 39 100 DDAL_SFN_SPECIFIC
CLI_OUTPUT: ret /Target1/sfn/action ddal_sfn_wakeup_fd 39 100 DDAL_SFN_SPECIFIC ==&gt; done OK retv 0
CLI_OUTPUT: /Target1/sfn/action ddal_sfn_wakeup_fd 39 100 DDAL_SFN_PERIODIC
CLI_OUTPUT: ret /Target1/sfn/action ddal_sfn_wakeup_fd 39 100 DDAL_SFN_PERIODIC ==&gt; done OK retv 0
CLI_OUTPUT: /Target1/sfn/action ddal_sfn_wakeup_fd 40 100 DDAL_SFN_PERIODIC
CLI_OUTPUT: ret /Target1/sfn/action ddal_sfn_wakeup_fd 40 100 DDAL_SFN_PERIODIC ==&gt; done OK retv 0
CLI_OUTPUT: /Target1/sfn/action ddal_sfn_wakeup_fd 40 100 DDAL_SFN_SPECIFIC
CLI_OUTPUT: ret /Target1/sfn/action ddal_sfn_wakeup_fd 40 100 DDAL_SFN_SPECIFIC ==&gt; done OK retv 0
CLI_OUTPUT: /Target1/sfn/action ddal_sfn_wakeup_fd 40 100 DDAL_SFN_PERIODIC
CLI_OUTPUT: ret /Target1/sfn/action ddal_sfn_wakeup_fd 40 100 DDAL_SFN_PERIODIC ==&gt; done OK retv 0
CLI_OUTPUT: /Target1/sfn/action ddal_sfn_wakeup_fd 41 100 DDAL_SFN_PERIODIC
CLI_OUTPUT: ret /Target1/sfn/action ddal_sfn_wakeup_fd 41 100 DDAL_SFN_PERIODIC ==&gt; done OK retv 0
CLI_OUTPUT: /Target1/sfn/action ddal_sfn_wakeup_fd 41 100 DDAL_SFN_SPECIFIC
CLI_OUTPUT: ret /Target1/sfn/action ddal_sfn_wakeup_fd 41 100 DDAL_SFN_SPECIFIC ==&gt; done OK retv 0
CLI_OUTPUT: /Target1/sfn/action ddal_sfn_wakeup_fd 41 100 DDAL_SFN_PERIODIC
CLI_OUTPUT: ret /Target1/sfn/action ddal_sfn_wakeup_fd 41 100 DDAL_SFN_PERIODIC ==&gt; done OK retv 0
CLI_OUTPUT: /Target1/sfn/action ddal_sfn_wakeup_fd 42 100 DDAL_SFN_PERIODIC
CLI_OUTPUT: ret /Target1/sfn/action ddal_sfn_wakeup_fd 42 100 DDAL_SFN_PERIODIC ==&gt; done OK retv 0
CLI_OUTPUT: /Target1/sfn/action ddal_sfn_wakeup_fd 42 100 DDAL_SFN_SPECIFIC
CLI_OUTPUT: ret /Target1/sfn/action ddal_sfn_wakeup_fd 42 100 DDAL_SFN_SPECIFIC ==&gt; done OK retv 0
CLI_OUTPUT: /Target1/sfn/action ddal_sfn_wakeup_fd 42 100 DDAL_SFN_PERIODIC
CLI_OUTPUT: ret /Target1/sfn/action ddal_sfn_wakeup_fd 42 100 DDAL_SFN_PERIODIC ==&gt; done OK retv 0
CLI_OUTPUT: /Target1/sfn/action ddal_sfn_wakeup_fd 43 100 DDAL_SFN_PERIODIC
CLI_OUTPUT: ret /Target1/sfn/action ddal_sfn_wakeup_fd 43 100 DDAL_SFN_PERIODIC ==&gt; done OK retv 0
CLI_OUTPUT: /Target1/sfn/action ddal_sfn_wakeup_fd 43 100 DDAL_SFN_SPECIFIC
CLI_OUTPUT: ret /Target1/sfn/action ddal_sfn_wakeup_fd 43 100 DDAL_SFN_SPECIFIC ==&gt; done OK retv 0
CLI_OUTPUT: /Target1/sfn/action ddal_sfn_wakeup_fd 43 100 DDAL_SFN_PERIODIC
CLI_OUTPUT: ret /Target1/sfn/action ddal_sfn_wakeup_fd 43 100 DDAL_SFN_PERIODIC ==&gt; done OK retv 0
CLI_OUTPUT: /Target1/sfn/action ddal_sfn_wakeup_fd 44 100 DDAL_SFN_PERIODIC
CLI_OUTPUT: ret /Target1/sfn/action ddal_sfn_wakeup_fd 44 100 DDAL_SFN_PERIODIC ==&gt; done OK retv 0
CLI_OUTPUT: /Target1/sfn/action ddal_sfn_wakeup_fd 44 100 DDAL_SFN_SPECIFIC
CLI_OUTPUT: ret /Target1/sfn/action ddal_sfn_wakeup_fd 44 100 DDAL_SFN_SPECIFIC ==&gt; done OK retv 0
CLI_OUTPUT: /Target1/sfn/action ddal_sfn_wakeup_fd 44 100 DDAL_SFN_PERIODIC
CLI_OUTPUT: ret /Target1/sfn/action ddal_sfn_wakeup_fd 44 100 DDAL_SFN_PERIODIC ==&gt; done OK retv 0
CLI_OUTPUT: /Target1/sfn/action ddal_sfn_wakeup_fd 45 100 DDAL_SFN_PERIODIC
CLI_OUTPUT: ret /Target1/sfn/action ddal_sfn_wakeup_fd 45 100 DDAL_SFN_PERIODIC ==&gt; done OK retv 0
CLI_OUTPUT: /Target1/sfn/action ddal_sfn_wakeup_fd 45 100 DDAL_SFN_SPECIFIC
CLI_OUTPUT: ret /Target1/sfn/action ddal_sfn_wakeup_fd 45 100 DDAL_SFN_SPECIFIC ==&gt; done OK retv 0
CLI_OUTPUT: /Target1/sfn/action ddal_sfn_wakeup_fd 45 100 DDAL_SFN_PERIODIC
CLI_OUTPUT: ret /Target1/sfn/action ddal_sfn_wakeup_fd 45 100 DDAL_SFN_PERIODIC ==&gt; done OK retv 0
CLI_OUTPUT: /Target1/sfn/action ddal_sfn_wakeup_fd 46 100 DDAL_SFN_PERIODIC
CLI_OUTPUT: ret /Target1/sfn/action ddal_sfn_wakeup_fd 46 100 DDAL_SFN_PERIODIC ==&gt; done OK retv 0
CLI_OUTPUT: /Target1/sfn/action ddal_sfn_wakeup_fd 46 100 DDAL_SFN_SPECIFIC
CLI_OUTPUT: ret /Target1/sfn/action ddal_sfn_wakeup_fd 46 100 DDAL_SFN_SPECIFIC ==&gt; done OK retv 0
CLI_OUTPUT: /Target1/sfn/action ddal_sfn_wakeup_fd 46 100 DDAL_SFN_PERIODIC
CLI_OUTPUT: ret /Target1/sfn/action ddal_sfn_wakeup_fd 46 100 DDAL_SFN_PERIODIC ==&gt; done OK retv 0
CLI_OUTPUT: /Target1/sfn/action ddal_sfn_wakeup_fd 47 100 DDAL_SFN_PERIODIC
CLI_OUTPUT: ret /Target1/sfn/action ddal_sfn_wakeup_fd 47 100 DDAL_SFN_PERIODIC ==&gt; done OK retv 0
CLI_OUTPUT: /Target1/sfn/action ddal_sfn_wakeup_fd 47 100 DDAL_SFN_SPECIFIC
CLI_OUTPUT: ret /Target1/sfn/action ddal_sfn_wakeup_fd 47 100 DDAL_SFN_SPECIFIC ==&gt; done OK retv 0
CLI_OUTPUT: /Target1/sfn/action ddal_sfn_wakeup_fd 47 100 DDAL_SFN_PERIODIC
CLI_OUTPUT: ret /Target1/sfn/action ddal_sfn_wakeup_fd 47 100 DDAL_SFN_PERIODIC ==&gt; done OK retv 0
CLI_OUTPUT: /Target1/sfn/action ddal_sfn_wakeup_fd 48 100 DDAL_SFN_PERIODIC
CLI_OUTPUT: ret /Target1/sfn/action ddal_sfn_wakeup_fd 48 100 DDAL_SFN_PERIODIC ==&gt; done OK retv 0
CLI_OUTPUT: /Target1/sfn/action ddal_sfn_wakeup_fd 48 100 DDAL_SFN_SPECIFIC
CLI_OUTPUT: ret /Target1/sfn/action ddal_sfn_wakeup_fd 48 100 DDAL_SFN_SPECIFIC ==&gt; done OK retv 0
CLI_OUTPUT: /Target1/sfn/action ddal_sfn_wakeup_fd 48 100 DDAL_SFN_PERIODIC
CLI_OUTPUT: ret /Target1/sfn/action ddal_sfn_wakeup_fd 48 100 DDAL_SFN_PERIODIC ==&gt; done OK retv 0
CLI_OUTPUT: /Target1/sfn/action ddal_sfn_wakeup_fd 49 100 DDAL_SFN_PERIODIC
CLI_OUTPUT: ret /Target1/sfn/action ddal_sfn_wakeup_fd 49 100 DDAL_SFN_PERIODIC ==&gt; done OK retv 0
CLI_OUTPUT: /Target1/sfn/action ddal_sfn_wakeup_fd 49 100 DDAL_SFN_SPECIFIC
CLI_OUTPUT: ret /Target1/sfn/action ddal_sfn_wakeup_fd 49 100 DDAL_SFN_SPECIFIC ==&gt; done OK retv 0
CLI_OUTPUT: /Target1/sfn/action ddal_sfn_wakeup_fd 49 100 DDAL_SFN_PERIODIC
CLI_OUTPUT: ret /Target1/sfn/action ddal_sfn_wakeup_fd 49 100 DDAL_SFN_PERIODIC ==&gt; done OK retv 0
CLI_OUTPUT: /Target1/sfn/action ddal_sfn_wakeup_fd 50 100 DDAL_SFN_PERIODIC
CLI_OUTPUT: ret /Target1/sfn/action ddal_sfn_wakeup_fd 50 100 DDAL_SFN_PERIODIC ==&gt; done OK retv 0
CLI_OUTPUT: /Target1/sfn/action ddal_sfn_wakeup_fd 50 100 DDAL_SFN_SPECIFIC
CLI_OUTPUT: ret /Target1/sfn/action ddal_sfn_wakeup_fd 50 100 DDAL_SFN_SPECIFIC ==&gt; done OK retv 0
CLI_OUTPUT: /Target1/sfn/action ddal_sfn_wakeup_fd 50 100 DDAL_SFN_PERIODIC
CLI_OUTPUT: ret /Target1/sfn/action ddal_sfn_wakeup_fd 50 100 DDAL_SFN_PERIODIC ==&gt; done OK retv 0
CLI_OUTPUT: /Target1/sfn/action ddal_sfn_wakeup_fd 51 100 DDAL_SFN_PERIODIC
CLI_OUTPUT: ret /Target1/sfn/action ddal_sfn_wakeup_fd 51 100 DDAL_SFN_PERIODIC ==&gt; done OK retv 0
CLI_OUTPUT: /Target1/sfn/action ddal_sfn_wakeup_fd 51 100 DDAL_SFN_SPECIFIC
CLI_OUTPUT: ret /Target1/sfn/action ddal_sfn_wakeup_fd 51 100 DDAL_SFN_SPECIFIC ==&gt; done OK retv 0
CLI_OUTPUT: /Target1/sfn/action ddal_sfn_wakeup_fd 51 100 DDAL_SFN_PERIODIC
CLI_OUTPUT: ret /Target1/sfn/action ddal_sfn_wakeup_fd 51 100 DDAL_SFN_PERIODIC ==&gt; done OK retv 0
CLI_OUTPUT: /Target1/sfn/action ddal_sfn_wakeup_fd 52 100 DDAL_SFN_PERIODIC
CLI_OUTPUT: ret /Target1/sfn/action ddal_sfn_wakeup_fd 52 100 DDAL_SFN_PERIODIC ==&gt; done OK retv 0
CLI_OUTPUT: /Target1/sfn/action ddal_sfn_wakeup_fd 52 100 DDAL_SFN_SPECIFIC
CLI_OUTPUT: ret /Target1/sfn/action ddal_sfn_wakeup_fd 52 100 DDAL_SFN_SPECIFIC ==&gt; done OK retv 0
CLI_OUTPUT: /Target1/sfn/action ddal_sfn_wakeup_fd 52 100 DDAL_SFN_PERIODIC
CLI_OUTPUT: ret /Target1/sfn/action ddal_sfn_wakeup_fd 52 100 DDAL_SFN_PERIODIC ==&gt; done OK retv 0
CLI_OUTPUT: /Target1/sfn/action ddal_sfn_wakeup_fd 53 100 DDAL_SFN_PERIODIC
CLI_OUTPUT: ret /Target1/sfn/action ddal_sfn_wakeup_fd 53 100 DDAL_SFN_PERIODIC ==&gt; done OK retv 0
CLI_OUTPUT: /Target1/sfn/action ddal_sfn_wakeup_fd 53 100 DDAL_SFN_SPECIFIC
CLI_OUTPUT: ret /Target1/sfn/action ddal_sfn_wakeup_fd 53 100 DDAL_SFN_SPECIFIC ==&gt; done OK retv 0
CLI_OUTPUT: /Target1/sfn/action ddal_sfn_wakeup_fd 53 100 DDAL_SFN_PERIODIC
CLI_OUTPUT: ret /Target1/sfn/action ddal_sfn_wakeup_fd 53 100 DDAL_SFN_PERIODIC ==&gt; done OK retv 0
CLI_OUTPUT: /Target1/sfn/action ddal_sfn_wakeup_fd 54 100 DDAL_SFN_PERIODIC
CLI_OUTPUT: ret /Target1/sfn/action ddal_sfn_wakeup_fd 54 100 DDAL_SFN_PERIODIC ==&gt; done OK retv 0
CLI_OUTPUT: /Target1/sfn/action ddal_sfn_wakeup_fd 54 100 DDAL_SFN_SPECIFIC
CLI_OUTPUT: ret /Target1/sfn/action ddal_sfn_wakeup_fd 54 100 DDAL_SFN_SPECIFIC ==&gt; done OK retv 0
CLI_OUTPUT: /Target1/sfn/action ddal_sfn_wakeup_fd 54 100 DDAL_SFN_PERIODIC
CLI_OUTPUT: ret /Target1/sfn/action ddal_sfn_wakeup_fd 54 100 DDAL_SFN_PERIODIC ==&gt; done OK retv 0
CLI_OUTPUT: /Target1/sfn/action ddal_sfn_wakeup_fd 55 100 DDAL_SFN_PERIODIC
CLI_OUTPUT: ret /Target1/sfn/action ddal_sfn_wakeup_fd 55 100 DDAL_SFN_PERIODIC ==&gt; done OK retv 0
CLI_OUTPUT: /Target1/sfn/action ddal_sfn_wakeup_fd 55 100 DDAL_SFN_SPECIFIC
CLI_OUTPUT: ret /Target1/sfn/action ddal_sfn_wakeup_fd 55 100 DDAL_SFN_SPECIFIC ==&gt; done OK retv 0
CLI_OUTPUT: /Target1/sfn/action ddal_sfn_wakeup_fd 55 100 DDAL_SFN_PERIODIC
CLI_OUTPUT: ret /Target1/sfn/action ddal_sfn_wakeup_fd 55 100 DDAL_SFN_PERIODIC ==&gt; done OK retv 0
CLI_OUTPUT: /Target1/sfn/action ddal_sfn_wakeup_fd 56 100 DDAL_SFN_PERIODIC
CLI_OUTPUT: ret /Target1/sfn/action ddal_sfn_wakeup_fd 56 100 DDAL_SFN_PERIODIC ==&gt; done OK retv 0
CLI_OUTPUT: /Target1/sfn/action ddal_sfn_wakeup_fd 56 100 DDAL_SFN_SPECIFIC
CLI_OUTPUT: ret /Target1/sfn/action ddal_sfn_wakeup_fd 56 100 DDAL_SFN_SPECIFIC ==&gt; done OK retv 0
CLI_OUTPUT: /Target1/sfn/action ddal_sfn_wakeup_fd 56 100 DDAL_SFN_PERIODIC
CLI_OUTPUT: ret /Target1/sfn/action ddal_sfn_wakeup_fd 56 100 DDAL_SFN_PERIODIC ==&gt; done OK retv 0
CLI_OUTPUT: /Target1/sfn/action ddal_sfn_wakeup_fd 57 100 DDAL_SFN_PERIODIC
CLI_OUTPUT: ret /Target1/sfn/action ddal_sfn_wakeup_fd 57 100 DDAL_SFN_PERIODIC ==&gt; done OK retv 0
CLI_OUTPUT: /Target1/sfn/action ddal_sfn_wakeup_fd 57 100 DDAL_SFN_SPECIFIC
CLI_OUTPUT: ret /Target1/sfn/action ddal_sfn_wakeup_fd 57 100 DDAL_SFN_SPECIFIC ==&gt; done OK retv 0
CLI_OUTPUT: /Target1/sfn/action ddal_sfn_wakeup_fd 57 100 DDAL_SFN_PERIODIC
CLI_OUTPUT: ret /Target1/sfn/action ddal_sfn_wakeup_fd 57 100 DDAL_SFN_PERIODIC ==&gt; done OK retv 0
CLI_OUTPUT: /Target1/sfn/action ddal_sfn_wakeup_fd 58 100 DDAL_SFN_PERIODIC
CLI_OUTPUT: ret /Target1/sfn/action ddal_sfn_wakeup_fd 58 100 DDAL_SFN_PERIODIC ==&gt; done OK retv 0
CLI_OUTPUT: /Target1/sfn/action ddal_sfn_wakeup_fd 58 100 DDAL_SFN_SPECIFIC
CLI_OUTPUT: ret /Target1/sfn/action ddal_sfn_wakeup_fd 58 100 DDAL_SFN_SPECIFIC ==&gt; done OK retv 0
CLI_OUTPUT: /Target1/sfn/action ddal_sfn_wakeup_fd 58 100 DDAL_SFN_PERIODIC
CLI_OUTPUT: ret /Target1/sfn/action ddal_sfn_wakeup_fd 58 100 DDAL_SFN_PERIODIC ==&gt; done OK retv 0
CLI_OUTPUT: /Target1/sfn/action ddal_sfn_wakeup_fd 59 100 DDAL_SFN_PERIODIC
CLI_OUTPUT: ret /Target1/sfn/action ddal_sfn_wakeup_fd 59 100 DDAL_SFN_PERIODIC ==&gt; done OK retv 0
CLI_OUTPUT: /Target1/sfn/action ddal_sfn_wakeup_fd 59 100 DDAL_SFN_SPECIFIC
CLI_OUTPUT: ret /Target1/sfn/action ddal_sfn_wakeup_fd 59 100 DDAL_SFN_SPECIFIC ==&gt; done OK retv 0
CLI_OUTPUT: /Target1/sfn/action ddal_sfn_wakeup_fd 59 100 DDAL_SFN_PERIODIC
CLI_OUTPUT: ret /Target1/sfn/action ddal_sfn_wakeup_fd 59 100 DDAL_SFN_PERIODIC ==&gt; done OK retv 0
CLI_OUTPUT: /Target1/sfn/action ddal_sfn_wakeup_fd 60 100 DDAL_SFN_PERIODIC
CLI_OUTPUT: ret /Target1/sfn/action ddal_sfn_wakeup_fd 60 100 DDAL_SFN_PERIODIC ==&gt; done OK retv 0
CLI_OUTPUT: /Target1/sfn/action ddal_sfn_wakeup_fd 60 100 DDAL_SFN_SPECIFIC
CLI_OUTPUT: ret /Target1/sfn/action ddal_sfn_wakeup_fd 60 100 DDAL_SFN_SPECIFIC ==&gt; done OK retv 0
CLI_OUTPUT: /Target1/sfn/action ddal_sfn_wakeup_fd 60 100 DDAL_SFN_PERIODIC
CLI_OUTPUT: ret /Target1/sfn/action ddal_sfn_wakeup_fd 60 100 DDAL_SFN_PERIODIC ==&gt; done OK retv 0
CLI_OUTPUT: /Target1/sfn/action ddal_sfn_wakeup_fd 61 100 DDAL_SFN_PERIODIC
CLI_OUTPUT: ret /Target1/sfn/action ddal_sfn_wakeup_fd 61 100 DDAL_SFN_PERIODIC ==&gt; done OK retv 0
CLI_OUTPUT: /Target1/sfn/action ddal_sfn_wakeup_fd 61 100 DDAL_SFN_SPECIFIC
CLI_OUTPUT: ret /Target1/sfn/action ddal_sfn_wakeup_fd 61 100 DDAL_SFN_SPECIFIC ==&gt; done OK retv 0
CLI_OUTPUT: /Target1/sfn/action ddal_sfn_wakeup_fd 61 100 DDAL_SFN_PERIODIC
CLI_OUTPUT: ret /Target1/sfn/action ddal_sfn_wakeup_fd 61 100 DDAL_SFN_PERIODIC ==&gt; done OK retv 0
CLI_OUTPUT: /Target1/sfn/action ddal_sfn_wakeup_fd 62 100 DDAL_SFN_PERIODIC
CLI_OUTPUT: ret /Target1/sfn/action ddal_sfn_wakeup_fd 62 100 DDAL_SFN_PERIODIC ==&gt; done OK retv 0
CLI_OUTPUT: /Target1/sfn/action ddal_sfn_wakeup_fd 62 100 DDAL_SFN_SPECIFIC
CLI_OUTPUT: ret /Target1/sfn/action ddal_sfn_wakeup_fd 62 100 DDAL_SFN_SPECIFIC ==&gt; done OK retv 0
CLI_OUTPUT: /Target1/sfn/action ddal_sfn_wakeup_fd 62 100 DDAL_SFN_PERIODIC
CLI_OUTPUT: ret /Target1/sfn/action ddal_sfn_wakeup_fd 62 100 DDAL_SFN_PERIODIC ==&gt; done OK retv 0
CLI_OUTPUT: /Target1/sfn/action ddal_sfn_wakeup_fd 63 100 DDAL_SFN_PERIODIC
CLI_OUTPUT: ret /Target1/sfn/action ddal_sfn_wakeup_fd 63 100 DDAL_SFN_PERIODIC ==&gt; done OK retv 0
CLI_OUTPUT: /Target1/sfn/action ddal_sfn_wakeup_fd 63 100 DDAL_SFN_SPECIFIC
CLI_OUTPUT: ret /Target1/sfn/action ddal_sfn_wakeup_fd 63 100 DDAL_SFN_SPECIFIC ==&gt; done OK retv 0
CLI_OUTPUT: /Target1/sfn/action ddal_sfn_wakeup_fd 63 100 DDAL_SFN_PERIODIC
CLI_OUTPUT: ret /Target1/sfn/action ddal_sfn_wakeup_fd 63 100 DDAL_SFN_PERIODIC ==&gt; done OK retv 0
CLI_OUTPUT: /Target1/sfn/action ddal_sfn_wakeup_fd 64 100 DDAL_SFN_PERIODIC
CLI_OUTPUT: ret /Target1/sfn/action ddal_sfn_wakeup_fd 64 100 DDAL_SFN_PERIODIC ==&gt; done OK retv 0
CLI_OUTPUT: /Target1/sfn/action ddal_sfn_wakeup_fd 64 100 DDAL_SFN_SPECIFIC
CLI_OUTPUT: ret /Target1/sfn/action ddal_sfn_wakeup_fd 64 100 DDAL_SFN_SPECIFIC ==&gt; done OK retv 0
CLI_OUTPUT: /Target1/sfn/action ddal_sfn_wakeup_fd 64 100 DDAL_SFN_PERIODIC
CLI_OUTPUT: ret /Target1/sfn/action ddal_sfn_wakeup_fd 64 100 DDAL_SFN_PERIODIC ==&gt; done OK retv 0
CLI_OUTPUT: /Target1/sfn/action ddal_sfn_wakeup_fd 65 100 DDAL_SFN_PERIODIC
CLI_OUTPUT: ret /Target1/sfn/action ddal_sfn_wakeup_fd 65 100 DDAL_SFN_PERIODIC ==&gt; done OK retv 0
CLI_OUTPUT: /Target1/sfn/action ddal_sfn_wakeup_fd 65 100 DDAL_SFN_SPECIFIC
CLI_OUTPUT: ret /Target1/sfn/action ddal_sfn_wakeup_fd 65 100 DDAL_SFN_SPECIFIC ==&gt; done OK retv 0
CLI_OUTPUT: /Target1/sfn/action ddal_sfn_wakeup_fd 65 100 DDAL_SFN_PERIODIC
CLI_OUTPUT: ret /Target1/sfn/action ddal_sfn_wakeup_fd 65 100 DDAL_SFN_PERIODIC ==&gt; done OK retv 0
CLI_OUTPUT: /Target1/sfn/action ddal_sfn_wakeup_fd 66 100 DDAL_SFN_PERIODIC
CLI_OUTPUT: ret /Target1/sfn/action ddal_sfn_wakeup_fd 66 100 DDAL_SFN_PERIODIC ==&gt; done OK retv 0
CLI_OUTPUT: /Target1/sfn/action ddal_sfn_wakeup_fd 66 100 DDAL_SFN_SPECIFIC
CLI_OUTPUT: ret /Target1/sfn/action ddal_sfn_wakeup_fd 66 100 DDAL_SFN_SPECIFIC ==&gt; done OK retv 0
CLI_OUTPUT: /Target1/sfn/action ddal_sfn_wakeup_fd 66 100 DDAL_SFN_PERIODIC
CLI_OUTPUT: ret /Target1/sfn/action ddal_sfn_wakeup_fd 66 100 DDAL_SFN_PERIODIC ==&gt; done OK retv 0
CLI_OUTPUT: /Target1/sfn/action ddal_sfn_wakeup_fd 67 100 DDAL_SFN_PERIODIC
CLI_OUTPUT: ret /Target1/sfn/action ddal_sfn_wakeup_fd 67 100 DDAL_SFN_PERIODIC ==&gt; done OK retv 0
CLI_OUTPUT: /Target1/sfn/action ddal_sfn_wakeup_fd 67 100 DDAL_SFN_SPECIFIC
CLI_OUTPUT: ret /Target1/sfn/action ddal_sfn_wakeup_fd 67 100 DDAL_SFN_SPECIFIC ==&gt; done OK retv 0
CLI_OUTPUT: /Target1/sfn/action ddal_sfn_wakeup_fd 67 100 DDAL_SFN_PERIODIC
CLI_OUTPUT: ret /Target1/sfn/action ddal_sfn_wakeup_fd 67 100 DDAL_SFN_PERIODIC ==&gt; done OK retv 0
CLI_OUTPUT: /Target1/sfn/action ddal_sfn_wakeup_fd 68 100 DDAL_SFN_PERIODIC
CLI_OUTPUT: ret /Target1/sfn/action ddal_sfn_wakeup_fd 68 100 DDAL_SFN_PERIODIC ==&gt; done OK retv 0
CLI_OUTPUT: /Target1/sfn/action ddal_sfn_wakeup_fd 68 100 DDAL_SFN_SPECIFIC
CLI_OUTPUT: ret /Target1/sfn/action ddal_sfn_wakeup_fd 68 100 DDAL_SFN_SPECIFIC ==&gt; done OK retv 0
CLI_OUTPUT: /Target1/sfn/action ddal_sfn_wakeup_fd 68 100 DDAL_SFN_PERIODIC
CLI_OUTPUT: ret /Target1/sfn/action ddal_sfn_wakeup_fd 68 100 DDAL_SFN_PERIODIC ==&gt; done OK retv 0
CLI_OUTPUT: /Target1/sfn/action ddal_sfn_wakeup_fd 69 100 DDAL_SFN_PERIODIC
CLI_OUTPUT: ret /Target1/sfn/action ddal_sfn_wakeup_fd 69 100 DDAL_SFN_PERIODIC ==&gt; done OK retv 0
CLI_OUTPUT: /Target1/sfn/action ddal_sfn_wakeup_fd 69 100 DDAL_SFN_SPECIFIC
CLI_OUTPUT: ret /Target1/sfn/action ddal_sfn_wakeup_fd 69 100 DDAL_SFN_SPECIFIC ==&gt; done OK retv 0
CLI_OUTPUT: /Target1/sfn/action ddal_sfn_wakeup_fd 69 100 DDAL_SFN_PERIODIC
CLI_OUTPUT: ret /Target1/sfn/action ddal_sfn_wakeup_fd 69 100 DDAL_SFN_PERIODIC ==&gt; done OK retv 0
CLI_OUTPUT: /Target1/sfn/action ddal_sfn_wakeup_fd 70 100 DDAL_SFN_PERIODIC
CLI_OUTPUT: ret /Target1/sfn/action ddal_sfn_wakeup_fd 70 100 DDAL_SFN_PERIODIC ==&gt; done OK retv 0
CLI_OUTPUT: /Target1/sfn/action ddal_sfn_wakeup_fd 70 100 DDAL_SFN_SPECIFIC
CLI_OUTPUT: ret /Target1/sfn/action ddal_sfn_wakeup_fd 70 100 DDAL_SFN_SPECIFIC ==&gt; done OK retv 0
CLI_OUTPUT: /Target1/sfn/action ddal_sfn_wakeup_fd 70 100 DDAL_SFN_PERIODIC
CLI_OUTPUT: ret /Target1/sfn/action ddal_sfn_wakeup_fd 70 100 DDAL_SFN_PERIODIC ==&gt; done OK retv 0
CLI_OUTPUT: /Target1/sfn/action ddal_sfn_wakeup_fd 71 100 DDAL_SFN_PERIODIC
CLI_OUTPUT: ret /Target1/sfn/action ddal_sfn_wakeup_fd 71 100 DDAL_SFN_PERIODIC ==&gt; done OK retv 0
CLI_OUTPUT: /Target1/sfn/action ddal_sfn_wakeup_fd 71 100 DDAL_SFN_SPECIFIC
CLI_OUTPUT: ret /Target1/sfn/action ddal_sfn_wakeup_fd 71 100 DDAL_SFN_SPECIFIC ==&gt; done OK retv 0
CLI_OUTPUT: /Target1/sfn/action ddal_sfn_wakeup_fd 71 100 DDAL_SFN_PERIODIC
CLI_OUTPUT: ret /Target1/sfn/action ddal_sfn_wakeup_fd 71 100 DDAL_SFN_PERIODIC ==&gt; done OK retv 0
CLI_OUTPUT: /Target1/sfn/action ddal_sfn_wakeup_fd 72 100 DDAL_SFN_PERIODIC
CLI_OUTPUT: ret /Target1/sfn/action ddal_sfn_wakeup_fd 72 100 DDAL_SFN_PERIODIC ==&gt; done OK retv 0
CLI_OUTPUT: /Target1/sfn/action ddal_sfn_wakeup_fd 72 100 DDAL_SFN_SPECIFIC
CLI_OUTPUT: ret /Target1/sfn/action ddal_sfn_wakeup_fd 72 100 DDAL_SFN_SPECIFIC ==&gt; done OK retv 0
CLI_OUTPUT: /Target1/sfn/action ddal_sfn_wakeup_fd 72 100 DDAL_SFN_PERIODIC
CLI_OUTPUT: ret /Target1/sfn/action ddal_sfn_wakeup_fd 72 100 DDAL_SFN_PERIODIC ==&gt; done OK retv 0
CLI_OUTPUT: /Target1/sfn/action ddal_sfn_wakeup_fd 73 100 DDAL_SFN_PERIODIC
CLI_OUTPUT: ret /Target1/sfn/action ddal_sfn_wakeup_fd 73 100 DDAL_SFN_PERIODIC ==&gt; done OK retv 0
CLI_OUTPUT: /Target1/sfn/action ddal_sfn_wakeup_fd 73 100 DDAL_SFN_SPECIFIC
CLI_OUTPUT: ret /Target1/sfn/action ddal_sfn_wakeup_fd 73 100 DDAL_SFN_SPECIFIC ==&gt; done OK retv 0
CLI_OUTPUT: /Target1/sfn/action ddal_sfn_wakeup_fd 73 100 DDAL_SFN_PERIODIC
CLI_OUTPUT: ret /Target1/sfn/action ddal_sfn_wakeup_fd 73 100 DDAL_SFN_PERIODIC ==&gt; done OK retv 0
CLI_OUTPUT: /Target1/sfn/action ddal_sfn_wakeup_fd 74 100 DDAL_SFN_PERIODIC
CLI_OUTPUT: ret /Target1/sfn/action ddal_sfn_wakeup_fd 74 100 DDAL_SFN_PERIODIC ==&gt; done OK retv 0
CLI_OUTPUT: /Target1/sfn/action ddal_sfn_wakeup_fd 74 100 DDAL_SFN_SPECIFIC
CLI_OUTPUT: ret /Target1/sfn/action ddal_sfn_wakeup_fd 74 100 DDAL_SFN_SPECIFIC ==&gt; done OK retv 0
CLI_OUTPUT: /Target1/sfn/action ddal_sfn_wakeup_fd 74 100 DDAL_SFN_PERIODIC
CLI_OUTPUT: ret /Target1/sfn/action ddal_sfn_wakeup_fd 74 100 DDAL_SFN_PERIODIC ==&gt; done OK retv 0
CLI_OUTPUT: /Target1/sfn/action ddal_sfn_wakeup_fd 75 100 DDAL_SFN_PERIODIC
CLI_OUTPUT: ret /Target1/sfn/action ddal_sfn_wakeup_fd 75 100 DDAL_SFN_PERIODIC ==&gt; done OK retv 0
CLI_OUTPUT: /Target1/sfn/action ddal_sfn_wakeup_fd 75 100 DDAL_SFN_SPECIFIC
CLI_OUTPUT: ret /Target1/sfn/action ddal_sfn_wakeup_fd 75 100 DDAL_SFN_SPECIFIC ==&gt; done OK retv 0
CLI_OUTPUT: /Target1/sfn/action ddal_sfn_wakeup_fd 75 100 DDAL_SFN_PERIODIC
CLI_OUTPUT: ret /Target1/sfn/action ddal_sfn_wakeup_fd 75 100 DDAL_SFN_PERIODIC ==&gt; done OK retv 0
CLI_OUTPUT: /Target1/sfn/action ddal_sfn_wakeup_fd 76 100 DDAL_SFN_PERIODIC
CLI_OUTPUT: ret /Target1/sfn/action ddal_sfn_wakeup_fd 76 100 DDAL_SFN_PERIODIC ==&gt; done OK retv 0
CLI_OUTPUT: /Target1/sfn/action ddal_sfn_wakeup_fd 76 100 DDAL_SFN_SPECIFIC
CLI_OUTPUT: ret /Target1/sfn/action ddal_sfn_wakeup_fd 76 100 DDAL_SFN_SPECIFIC ==&gt; done OK retv 0
CLI_OUTPUT: /Target1/sfn/action ddal_sfn_wakeup_fd 76 100 DDAL_SFN_PERIODIC
CLI_OUTPUT: ret /Target1/sfn/action ddal_sfn_wakeup_fd 76 100 DDAL_SFN_PERIODIC ==&gt; done OK retv 0
CLI_OUTPUT: /Target1/sfn/action ddal_sfn_wakeup_fd 77 100 DDAL_SFN_PERIODIC
CLI_OUTPUT: ret /Target1/sfn/action ddal_sfn_wakeup_fd 77 100 DDAL_SFN_PERIODIC ==&gt; done OK retv 0
CLI_OUTPUT: /Target1/sfn/action ddal_sfn_wakeup_fd 77 100 DDAL_SFN_SPECIFIC
CLI_OUTPUT: ret /Target1/sfn/action ddal_sfn_wakeup_fd 77 100 DDAL_SFN_SPECIFIC ==&gt; done OK retv 0
CLI_OUTPUT: /Target1/sfn/action ddal_sfn_wakeup_fd 77 100 DDAL_SFN_PERIODIC
CLI_OUTPUT: ret /Target1/sfn/action ddal_sfn_wakeup_fd 77 100 DDAL_SFN_PERIODIC ==&gt; done OK retv 0
CLI_OUTPUT: /Target1/sfn/action ddal_sfn_wakeup_fd 78 100 DDAL_SFN_PERIODIC
CLI_OUTPUT: ret /Target1/sfn/action ddal_sfn_wakeup_fd 78 100 DDAL_SFN_PERIODIC ==&gt; done OK retv 0
CLI_OUTPUT: /Target1/sfn/action ddal_sfn_wakeup_fd 78 100 DDAL_SFN_SPECIFIC
CLI_OUTPUT: ret /Target1/sfn/action ddal_sfn_wakeup_fd 78 100 DDAL_SFN_SPECIFIC ==&gt; done OK retv 0
CLI_OUTPUT: /Target1/sfn/action ddal_sfn_wakeup_fd 78 100 DDAL_SFN_PERIODIC
CLI_OUTPUT: ret /Target1/sfn/action ddal_sfn_wakeup_fd 78 100 DDAL_SFN_PERIODIC ==&gt; done OK retv 0
CLI_OUTPUT: /Target1/sfn/action ddal_sfn_wakeup_fd 79 100 DDAL_SFN_PERIODIC
CLI_OUTPUT: ret /Target1/sfn/action ddal_sfn_wakeup_fd 79 100 DDAL_SFN_PERIODIC ==&gt; done OK retv 0
CLI_OUTPUT: /Target1/sfn/action ddal_sfn_wakeup_fd 79 100 DDAL_SFN_SPECIFIC
CLI_OUTPUT: ret /Target1/sfn/action ddal_sfn_wakeup_fd 79 100 DDAL_SFN_SPECIFIC ==&gt; done OK retv 0
CLI_OUTPUT: /Target1/sfn/action ddal_sfn_wakeup_fd 79 100 DDAL_SFN_PERIODIC
CLI_OUTPUT: ret /Target1/sfn/action ddal_sfn_wakeup_fd 79 100 DDAL_SFN_PERIODIC ==&gt; done OK retv 0
CLI_OUTPUT: /Target1/sfn/action ddal_sfn_wakeup_fd 80 100 DDAL_SFN_PERIODIC
CLI_OUTPUT: ret /Target1/sfn/action ddal_sfn_wakeup_fd 80 100 DDAL_SFN_PERIODIC ==&gt; done OK retv 0
CLI_OUTPUT: /Target1/sfn/action ddal_sfn_wakeup_fd 80 100 DDAL_SFN_SPECIFIC
CLI_OUTPUT: ret /Target1/sfn/action ddal_sfn_wakeup_fd 80 100 DDAL_SFN_SPECIFIC ==&gt; done OK retv 0
CLI_OUTPUT: /Target1/sfn/action ddal_sfn_wakeup_fd 80 100 DDAL_SFN_PERIODIC
CLI_OUTPUT: ret /Target1/sfn/action ddal_sfn_wakeup_fd 80 100 DDAL_SFN_PERIODIC ==&gt; done OK retv 0
CLI_OUTPUT: /Target1/sfn/action ddal_sfn_wakeup_fd 81 100 DDAL_SFN_PERIODIC
CLI_OUTPUT: ret /Target1/sfn/action ddal_sfn_wakeup_fd 81 100 DDAL_SFN_PERIODIC ==&gt; done OK retv 0
CLI_OUTPUT: /Target1/sfn/action ddal_sfn_wakeup_fd 81 100 DDAL_SFN_SPECIFIC
CLI_OUTPUT: ret /Target1/sfn/action ddal_sfn_wakeup_fd 81 100 DDAL_SFN_SPECIFIC ==&gt; done OK retv 0
CLI_OUTPUT: /Target1/sfn/action ddal_sfn_wakeup_fd 81 100 DDAL_SFN_PERIODIC
CLI_OUTPUT: ret /Target1/sfn/action ddal_sfn_wakeup_fd 81 100 DDAL_SFN_PERIODIC ==&gt; done OK retv 0
CLI_OUTPUT: /Target1/sfn/action ddal_sfn_wakeup_fd 82 100 DDAL_SFN_PERIODIC
CLI_OUTPUT: ret /Target1/sfn/action ddal_sfn_wakeup_fd 82 100 DDAL_SFN_PERIODIC ==&gt; done OK retv 0
CLI_OUTPUT: /Target1/sfn/action ddal_sfn_wakeup_fd 82 100 DDAL_SFN_SPECIFIC
CLI_OUTPUT: ret /Target1/sfn/action ddal_sfn_wakeup_fd 82 100 DDAL_SFN_SPECIFIC ==&gt; done OK retv 0
CLI_OUTPUT: /Target1/sfn/action ddal_sfn_wakeup_fd 82 100 DDAL_SFN_PERIODIC
CLI_OUTPUT: ret /Target1/sfn/action ddal_sfn_wakeup_fd 82 100 DDAL_SFN_PERIODIC ==&gt; done OK retv 0
CLI_OUTPUT: /Target1/sfn/action ddal_sfn_wakeup_fd 83 100 DDAL_SFN_PERIODIC
CLI_OUTPUT: ret /Target1/sfn/action ddal_sfn_wakeup_fd 83 100 DDAL_SFN_PERIODIC ==&gt; done OK retv 0
CLI_OUTPUT: /Target1/sfn/action ddal_sfn_wakeup_fd 83 100 DDAL_SFN_SPECIFIC
CLI_OUTPUT: ret /Target1/sfn/action ddal_sfn_wakeup_fd 83 100 DDAL_SFN_SPECIFIC ==&gt; done OK retv 0
CLI_OUTPUT: /Target1/sfn/action ddal_sfn_wakeup_fd 83 100 DDAL_SFN_PERIODIC
CLI_OUTPUT: ret /Target1/sfn/action ddal_sfn_wakeup_fd 83 100 DDAL_SFN_PERIODIC ==&gt; done OK retv 0
CLI_OUTPUT: /Target1/sfn/action ddal_sfn_wakeup_fd 84 100 DDAL_SFN_PERIODIC
CLI_OUTPUT: ret /Target1/sfn/action ddal_sfn_wakeup_fd 84 100 DDAL_SFN_PERIODIC ==&gt; done OK retv 0
CLI_OUTPUT: /Target1/sfn/action ddal_sfn_wakeup_fd 84 100 DDAL_SFN_SPECIFIC
CLI_OUTPUT: ret /Target1/sfn/action ddal_sfn_wakeup_fd 84 100 DDAL_SFN_SPECIFIC ==&gt; done OK retv 0
CLI_OUTPUT: /Target1/sfn/action ddal_sfn_wakeup_fd 84 100 DDAL_SFN_PERIODIC
CLI_OUTPUT: ret /Target1/sfn/action ddal_sfn_wakeup_fd 84 100 DDAL_SFN_PERIODIC ==&gt; done OK retv 0
CLI_OUTPUT: /Target1/sfn/action ddal_sfn_wakeup_fd 85 100 DDAL_SFN_PERIODIC
CLI_OUTPUT: ret /Target1/sfn/action ddal_sfn_wakeup_fd 85 100 DDAL_SFN_PERIODIC ==&gt; done OK retv 0
CLI_OUTPUT: /Target1/sfn/action ddal_sfn_wakeup_fd 85 100 DDAL_SFN_SPECIFIC
CLI_OUTPUT: ret /Target1/sfn/action ddal_sfn_wakeup_fd 85 100 DDAL_SFN_SPECIFIC ==&gt; done OK retv 0
CLI_OUTPUT: /Target1/sfn/action ddal_sfn_wakeup_fd 85 100 DDAL_SFN_PERIODIC
CLI_OUTPUT: ret /Target1/sfn/action ddal_sfn_wakeup_fd 85 100 DDAL_SFN_PERIODIC ==&gt; done OK retv 0
CLI_OUTPUT: /Target1/sfn/action ddal_sfn_wakeup_fd 86 100 DDAL_SFN_PERIODIC
CLI_OUTPUT: ret /Target1/sfn/action ddal_sfn_wakeup_fd 86 100 DDAL_SFN_PERIODIC ==&gt; done OK retv 0
CLI_OUTPUT: /Target1/sfn/action ddal_sfn_wakeup_fd 86 100 DDAL_SFN_SPECIFIC
CLI_OUTPUT: ret /Target1/sfn/action ddal_sfn_wakeup_fd 86 100 DDAL_SFN_SPECIFIC ==&gt; done OK retv 0
CLI_OUTPUT: /Target1/sfn/action ddal_sfn_wakeup_fd 86 100 DDAL_SFN_PERIODIC
CLI_OUTPUT: ret /Target1/sfn/action ddal_sfn_wakeup_fd 86 100 DDAL_SFN_PERIODIC ==&gt; done OK retv 0
CLI_OUTPUT: /Target1/sfn/action ddal_sfn_wakeup_fd 87 100 DDAL_SFN_PERIODIC
CLI_OUTPUT: ret /Target1/sfn/action ddal_sfn_wakeup_fd 87 100 DDAL_SFN_PERIODIC ==&gt; done OK retv 0
CLI_OUTPUT: /Target1/sfn/action ddal_sfn_wakeup_fd 87 100 DDAL_SFN_SPECIFIC
CLI_OUTPUT: ret /Target1/sfn/action ddal_sfn_wakeup_fd 87 100 DDAL_SFN_SPECIFIC ==&gt; done OK retv 0
CLI_OUTPUT: /Target1/sfn/action ddal_sfn_wakeup_fd 87 100 DDAL_SFN_PERIODIC
CLI_OUTPUT: ret /Target1/sfn/action ddal_sfn_wakeup_fd 87 100 DDAL_SFN_PERIODIC ==&gt; done OK retv 0
CLI_OUTPUT: /Target1/sfn/action ddal_sfn_wakeup_fd 88 100 DDAL_SFN_PERIODIC
CLI_OUTPUT: ret /Target1/sfn/action ddal_sfn_wakeup_fd 88 100 DDAL_SFN_PERIODIC ==&gt; done OK retv 0
CLI_OUTPUT: /Target1/sfn/action ddal_sfn_wakeup_fd 88 100 DDAL_SFN_SPECIFIC
CLI_OUTPUT: ret /Target1/sfn/action ddal_sfn_wakeup_fd 88 100 DDAL_SFN_SPECIFIC ==&gt; done OK retv 0
CLI_OUTPUT: /Target1/sfn/action ddal_sfn_wakeup_fd 88 100 DDAL_SFN_PERIODIC
CLI_OUTPUT: ret /Target1/sfn/action ddal_sfn_wakeup_fd 88 100 DDAL_SFN_PERIODIC ==&gt; done OK retv 0
CLI_OUTPUT: /Target1/sfn/action ddal_sfn_wakeup_fd 89 100 DDAL_SFN_PERIODIC
CLI_OUTPUT: ret /Target1/sfn/action ddal_sfn_wakeup_fd 89 100 DDAL_SFN_PERIODIC ==&gt; done OK retv 0
CLI_OUTPUT: /Target1/sfn/action ddal_sfn_wakeup_fd 89 100 DDAL_SFN_SPECIFIC
CLI_OUTPUT: ret /Target1/sfn/action ddal_sfn_wakeup_fd 89 100 DDAL_SFN_SPECIFIC ==&gt; done OK retv 0
CLI_OUTPUT: /Target1/sfn/action ddal_sfn_wakeup_fd 89 100 DDAL_SFN_PERIODIC
CLI_OUTPUT: ret /Target1/sfn/action ddal_sfn_wakeup_fd 89 100 DDAL_SFN_PERIODIC ==&gt; done OK retv 0
CLI_OUTPUT: /Target1/sfn/action ddal_sfn_wakeup_fd 90 100 DDAL_SFN_PERIODIC
CLI_OUTPUT: ret /Target1/sfn/action ddal_sfn_wakeup_fd 90 100 DDAL_SFN_PERIODIC ==&gt; done OK retv 0
CLI_OUTPUT: /Target1/sfn/action ddal_sfn_wakeup_fd 90 100 DDAL_SFN_SPECIFIC
CLI_OUTPUT: ret /Target1/sfn/action ddal_sfn_wakeup_fd 90 100 DDAL_SFN_SPECIFIC ==&gt; done OK retv 0
CLI_OUTPUT: /Target1/sfn/action ddal_sfn_wakeup_fd 90 100 DDAL_SFN_PERIODIC
CLI_OUTPUT: ret /Target1/sfn/action ddal_sfn_wakeup_fd 90 100 DDAL_SFN_PERIODIC ==&gt; done OK retv 0
CLI_OUTPUT: /Target1/sfn/action ddal_sfn_wakeup_fd 91 100 DDAL_SFN_PERIODIC
CLI_OUTPUT: ret /Target1/sfn/action ddal_sfn_wakeup_fd 91 100 DDAL_SFN_PERIODIC ==&gt; done OK retv 0
CLI_OUTPUT: /Target1/sfn/action ddal_sfn_wakeup_fd 91 100 DDAL_SFN_SPECIFIC
CLI_OUTPUT: ret /Target1/sfn/action ddal_sfn_wakeup_fd 91 100 DDAL_SFN_SPECIFIC ==&gt; done OK retv 0
CLI_OUTPUT: /Target1/sfn/action ddal_sfn_wakeup_fd 91 100 DDAL_SFN_PERIODIC
CLI_OUTPUT: ret /Target1/sfn/action ddal_sfn_wakeup_fd 91 100 DDAL_SFN_PERIODIC ==&gt; done OK retv 0
CLI_OUTPUT: /Target1/sfn/action ddal_sfn_wakeup_fd 92 100 DDAL_SFN_PERIODIC
CLI_OUTPUT: ret /Target1/sfn/action ddal_sfn_wakeup_fd 92 100 DDAL_SFN_PERIODIC ==&gt; done OK retv 0
CLI_OUTPUT: /Target1/sfn/action ddal_sfn_wakeup_fd 92 100 DDAL_SFN_SPECIFIC
CLI_OUTPUT: ret /Target1/sfn/action ddal_sfn_wakeup_fd 92 100 DDAL_SFN_SPECIFIC ==&gt; done OK retv 0
CLI_OUTPUT: /Target1/sfn/action ddal_sfn_wakeup_fd 92 100 DDAL_SFN_PERIODIC
CLI_OUTPUT: ret /Target1/sfn/action ddal_sfn_wakeup_fd 92 100 DDAL_SFN_PERIODIC ==&gt; done OK retv 0
CLI_OUTPUT: /Target1/sfn/action ddal_sfn_wakeup_fd 93 100 DDAL_SFN_PERIODIC
CLI_OUTPUT: ret /Target1/sfn/action ddal_sfn_wakeup_fd 93 100 DDAL_SFN_PERIODIC ==&gt; done OK retv 0
CLI_OUTPUT: /Target1/sfn/action ddal_sfn_wakeup_fd 93 100 DDAL_SFN_SPECIFIC
CLI_OUTPUT: ret /Target1/sfn/action ddal_sfn_wakeup_fd 93 100 DDAL_SFN_SPECIFIC ==&gt; done OK retv 0
CLI_OUTPUT: /Target1/sfn/action ddal_sfn_wakeup_fd 93 100 DDAL_SFN_PERIODIC
CLI_OUTPUT: ret /Target1/sfn/action ddal_sfn_wakeup_fd 93 100 DDAL_SFN_PERIODIC ==&gt; done OK retv 0
CLI_OUTPUT: /Target1/sfn/action ddal_sfn_wakeup_fd 94 100 DDAL_SFN_PERIODIC
CLI_OUTPUT: ret /Target1/sfn/action ddal_sfn_wakeup_fd 94 100 DDAL_SFN_PERIODIC ==&gt; done OK retv 0
CLI_OUTPUT: /Target1/sfn/action ddal_sfn_wakeup_fd 94 100 DDAL_SFN_SPECIFIC
CLI_OUTPUT: ret /Target1/sfn/action ddal_sfn_wakeup_fd 94 100 DDAL_SFN_SPECIFIC ==&gt; done OK retv 0
CLI_OUTPUT: /Target1/sfn/action ddal_sfn_wakeup_fd 94 100 DDAL_SFN_PERIODIC
CLI_OUTPUT: ret /Target1/sfn/action ddal_sfn_wakeup_fd 94 100 DDAL_SFN_PERIODIC ==&gt; done OK retv 0
CLI_OUTPUT: /Target1/sfn/action ddal_sfn_wakeup_fd 95 100 DDAL_SFN_PERIODIC
CLI_OUTPUT: ret /Target1/sfn/action ddal_sfn_wakeup_fd 95 100 DDAL_SFN_PERIODIC ==&gt; done OK retv 0
CLI_OUTPUT: /Target1/sfn/action ddal_sfn_wakeup_fd 95 100 DDAL_SFN_SPECIFIC
CLI_OUTPUT: ret /Target1/sfn/action ddal_sfn_wakeup_fd 95 100 DDAL_SFN_SPECIFIC ==&gt; done OK retv 0
CLI_OUTPUT: /Target1/sfn/action ddal_sfn_wakeup_fd 95 100 DDAL_SFN_PERIODIC
CLI_OUTPUT: ret /Target1/sfn/action ddal_sfn_wakeup_fd 95 100 DDAL_SFN_PERIODIC ==&gt; done OK retv 0
CLI_OUTPUT: /Target1/sfn/action ddal_sfn_wakeup_fd 96 100 DDAL_SFN_PERIODIC
CLI_OUTPUT: ret /Target1/sfn/action ddal_sfn_wakeup_fd 96 100 DDAL_SFN_PERIODIC ==&gt; done OK retv 0
CLI_OUTPUT: /Target1/sfn/action ddal_sfn_wakeup_fd 96 100 DDAL_SFN_SPECIFIC
CLI_OUTPUT: ret /Target1/sfn/action ddal_sfn_wakeup_fd 96 100 DDAL_SFN_SPECIFIC ==&gt; done OK retv 0
CLI_OUTPUT: /Target1/sfn/action ddal_sfn_wakeup_fd 96 100 DDAL_SFN_PERIODIC
CLI_OUTPUT: ret /Target1/sfn/action ddal_sfn_wakeup_fd 96 100 DDAL_SFN_PERIODIC ==&gt; done OK retv 0
CLI_OUTPUT: /Target1/sfn/action ddal_sfn_wakeup_fd 97 100 DDAL_SFN_PERIODIC
CLI_OUTPUT: ret /Target1/sfn/action ddal_sfn_wakeup_fd 97 100 DDAL_SFN_PERIODIC ==&gt; done OK retv 0
CLI_OUTPUT: /Target1/sfn/action ddal_sfn_wakeup_fd 97 100 DDAL_SFN_SPECIFIC
CLI_OUTPUT: ret /Target1/sfn/action ddal_sfn_wakeup_fd 97 100 DDAL_SFN_SPECIFIC ==&gt; done OK retv 0
CLI_OUTPUT: /Target1/sfn/action ddal_sfn_wakeup_fd 97 100 DDAL_SFN_PERIODIC
CLI_OUTPUT: ret /Target1/sfn/action ddal_sfn_wakeup_fd 97 100 DDAL_SFN_PERIODIC ==&gt; done OK retv 0
CLI_OUTPUT: /Target1/sfn/action ddal_sfn_wakeup_fd 98 100 DDAL_SFN_PERIODIC
CLI_OUTPUT: ret /Target1/sfn/action ddal_sfn_wakeup_fd 98 100 DDAL_SFN_PERIODIC ==&gt; done OK retv 0
CLI_OUTPUT: /Target1/sfn/action ddal_sfn_wakeup_fd 98 100 DDAL_SFN_SPECIFIC
CLI_OUTPUT: ret /Target1/sfn/action ddal_sfn_wakeup_fd 98 100 DDAL_SFN_SPECIFIC ==&gt; done OK retv 0
CLI_OUTPUT: /Target1/sfn/action ddal_sfn_wakeup_fd 98 100 DDAL_SFN_PERIODIC
CLI_OUTPUT: ret /Target1/sfn/action ddal_sfn_wakeup_fd 98 100 DDAL_SFN_PERIODIC ==&gt; done OK retv 0
CLI_OUTPUT: /Target1/sfn/action ddal_sfn_wakeup_fd 99 100 DDAL_SFN_PERIODIC
CLI_OUTPUT: ret /Target1/sfn/action ddal_sfn_wakeup_fd 99 100 DDAL_SFN_PERIODIC ==&gt; done OK retv 0
CLI_OUTPUT: /Target1/sfn/action ddal_sfn_wakeup_fd 99 100 DDAL_SFN_SPECIFIC
CLI_OUTPUT: ret /Target1/sfn/action ddal_sfn_wakeup_fd 99 100 DDAL_SFN_SPECIFIC ==&gt; done OK retv 0
CLI_OUTPUT: /Target1/sfn/action ddal_sfn_wakeup_fd 99 100 DDAL_SFN_PERIODIC
CLI_OUTPUT: ret /Target1/sfn/action ddal_sfn_wakeup_fd 99 100 DDAL_SFN_PERIODIC ==&gt; done OK retv 0
CLI_OUTPUT: /Target1/sfn/action ddal_sfn_wakeup_fd 100 100 DDAL_SFN_PERIODIC
CLI_OUTPUT: ret /Target1/sfn/action ddal_sfn_wakeup_fd 100 100 DDAL_SFN_PERIODIC ==&gt; done OK retv 0
CLI_OUTPUT: /Target1/sfn/action ddal_sfn_wakeup_fd 100 100 DDAL_SFN_SPECIFIC
CLI_OUTPUT: ret /Target1/sfn/action ddal_sfn_wakeup_fd 100 100 DDAL_SFN_SPECIFIC ==&gt; done OK retv 0
CLI_OUTPUT: /Target1/sfn/action ddal_sfn_wakeup_fd 100 100 DDAL_SFN_PERIODIC
CLI_OUTPUT: ret /Target1/sfn/action ddal_sfn_wakeup_fd 100 100 DDAL_SFN_PERIODIC ==&gt; done OK retv 0
CLI_OUTPUT: /Target1/sfn/action ddal_sfn_wakeup_fd 101 100 DDAL_SFN_PERIODIC
CLI_OUTPUT: ret /Target1/sfn/action ddal_sfn_wakeup_fd 101 100 DDAL_SFN_PERIODIC ==&gt; done OK retv 0
CLI_OUTPUT: /Target1/sfn/action ddal_sfn_wakeup_fd 101 100 DDAL_SFN_SPECIFIC
CLI_OUTPUT: ret /Target1/sfn/action ddal_sfn_wakeup_fd 101 100 DDAL_SFN_SPECIFIC ==&gt; done OK retv 0
CLI_OUTPUT: /Target1/sfn/action ddal_sfn_wakeup_fd 101 100 DDAL_SFN_PERIODIC
CLI_OUTPUT: ret /Target1/sfn/action ddal_sfn_wakeup_fd 101 100 DDAL_SFN_PERIODIC ==&gt; done OK retv 0
CLI_OUTPUT: /Target1/sfn/action ddal_sfn_wakeup_fd 102 100 DDAL_SFN_PERIODIC
CLI_OUTPUT: ret /Target1/sfn/action ddal_sfn_wakeup_fd 102 100 DDAL_SFN_PERIODIC ==&gt; done OK retv 0
CLI_OUTPUT: /Target1/sfn/action ddal_sfn_wakeup_fd 102 100 DDAL_SFN_SPECIFIC
CLI_OUTPUT: ret /Target1/sfn/action ddal_sfn_wakeup_fd 102 100 DDAL_SFN_SPECIFIC ==&gt; done OK retv 0
CLI_OUTPUT: /Target1/sfn/action ddal_sfn_wakeup_fd 102 100 DDAL_SFN_PERIODIC
CLI_OUTPUT: ret /Target1/sfn/action ddal_sfn_wakeup_fd 102 100 DDAL_SFN_PERIODIC ==&gt; done OK retv 0
CLI_OUTPUT: /Target1/sfn/action ddal_sfn_wakeup_fd 103 100 DDAL_SFN_PERIODIC
CLI_OUTPUT: ret /Target1/sfn/action ddal_sfn_wakeup_fd 103 100 DDAL_SFN_PERIODIC ==&gt; done OK retv 0
CLI_OUTPUT: /Target1/sfn/action ddal_sfn_wakeup_fd 103 100 DDAL_SFN_SPECIFIC
CLI_OUTPUT: ret /Target1/sfn/action ddal_sfn_wakeup_fd 103 100 DDAL_SFN_SPECIFIC ==&gt; done OK retv 0
CLI_OUTPUT: /Target1/sfn/action ddal_sfn_wakeup_fd 103 100 DDAL_SFN_PERIODIC
CLI_OUTPUT: ret /Target1/sfn/action ddal_sfn_wakeup_fd 103 100 DDAL_SFN_PERIODIC ==&gt; done OK retv 0
CLI_OUTPUT: /Target1/sfn/action ddal_sfn_wakeup_fd 104 100 DDAL_SFN_PERIODIC
CLI_OUTPUT: ret /Target1/sfn/action ddal_sfn_wakeup_fd 104 100 DDAL_SFN_PERIODIC ==&gt; done OK retv 0
CLI_OUTPUT: /Target1/sfn/action ddal_sfn_wakeup_fd 104 100 DDAL_SFN_SPECIFIC
CLI_OUTPUT: ret /Target1/sfn/action ddal_sfn_wakeup_fd 104 100 DDAL_SFN_SPECIFIC ==&gt; done OK retv 0
CLI_OUTPUT: /Target1/sfn/action ddal_sfn_wakeup_fd 104 100 DDAL_SFN_PERIODIC
CLI_OUTPUT: ret /Target1/sfn/action ddal_sfn_wakeup_fd 104 100 DDAL_SFN_PERIODIC ==&gt; done OK retv 0
CLI_OUTPUT: /Target1/sfn/action ddal_sfn_wakeup_fd 105 100 DDAL_SFN_PERIODIC
CLI_OUTPUT: ret /Target1/sfn/action ddal_sfn_wakeup_fd 105 100 DDAL_SFN_PERIODIC ==&gt; done OK retv 0
CLI_OUTPUT: /Target1/sfn/action ddal_sfn_wakeup_fd 105 100 DDAL_SFN_SPECIFIC
CLI_OUTPUT: ret /Target1/sfn/action ddal_sfn_wakeup_fd 105 100 DDAL_SFN_SPECIFIC ==&gt; done OK retv 0
CLI_OUTPUT: /Target1/sfn/action ddal_sfn_wakeup_fd 105 100 DDAL_SFN_PERIODIC
CLI_OUTPUT: ret /Target1/sfn/action ddal_sfn_wakeup_fd 105 100 DDAL_SFN_PERIODIC ==&gt; done OK retv 0
CLI_OUTPUT: /Target1/sfn/action ddal_sfn_wakeup_fd 106 100 DDAL_SFN_PERIODIC
CLI_OUTPUT: ret /Target1/sfn/action ddal_sfn_wakeup_fd 106 100 DDAL_SFN_PERIODIC ==&gt; done OK retv 0
CLI_OUTPUT: /Target1/sfn/action ddal_sfn_wakeup_fd 106 100 DDAL_SFN_SPECIFIC
CLI_OUTPUT: ret /Target1/sfn/action ddal_sfn_wakeup_fd 106 100 DDAL_SFN_SPECIFIC ==&gt; done OK retv 0
CLI_OUTPUT: /Target1/sfn/action ddal_sfn_wakeup_fd 106 100 DDAL_SFN_PERIODIC
CLI_OUTPUT: ret /Target1/sfn/action ddal_sfn_wakeup_fd 106 100 DDAL_SFN_PERIODIC ==&gt; done OK retv 0
CLI_OUTPUT: /Target1/sfn/action ddal_sfn_wakeup_fd 107 100 DDAL_SFN_PERIODIC
CLI_OUTPUT: ret /Target1/sfn/action ddal_sfn_wakeup_fd 107 100 DDAL_SFN_PERIODIC ==&gt; done OK retv 0
CLI_OUTPUT: /Target1/sfn/action ddal_sfn_wakeup_fd 107 100 DDAL_SFN_SPECIFIC
CLI_OUTPUT: ret /Target1/sfn/action ddal_sfn_wakeup_fd 107 100 DDAL_SFN_SPECIFIC ==&gt; done OK retv 0
CLI_OUTPUT: /Target1/sfn/action ddal_sfn_wakeup_fd 107 100 DDAL_SFN_PERIODIC
CLI_OUTPUT: ret /Target1/sfn/action ddal_sfn_wakeup_fd 107 100 DDAL_SFN_PERIODIC ==&gt; done OK retv 0
CLI_OUTPUT: /Target1/sfn/action ddal_sfn_wakeup_fd 108 100 DDAL_SFN_PERIODIC
CLI_OUTPUT: ret /Target1/sfn/action ddal_sfn_wakeup_fd 108 100 DDAL_SFN_PERIODIC ==&gt; done OK retv 0
CLI_OUTPUT: /Target1/sfn/action ddal_sfn_wakeup_fd 108 100 DDAL_SFN_SPECIFIC
CLI_OUTPUT: ret /Target1/sfn/action ddal_sfn_wakeup_fd 108 100 DDAL_SFN_SPECIFIC ==&gt; done OK retv 0
CLI_OUTPUT: /Target1/sfn/action ddal_sfn_wakeup_fd 108 100 DDAL_SFN_PERIODIC
CLI_OUTPUT: ret /Target1/sfn/action ddal_sfn_wakeup_fd 108 100 DDAL_SFN_PERIODIC ==&gt; done OK retv 0
CLI_OUTPUT: /Target1/sfn/action ddal_sfn_wakeup_fd 109 100 DDAL_SFN_PERIODIC
CLI_OUTPUT: ret /Target1/sfn/action ddal_sfn_wakeup_fd 109 100 DDAL_SFN_PERIODIC ==&gt; done OK retv 0
CLI_OUTPUT: /Target1/sfn/action ddal_sfn_wakeup_fd 109 100 DDAL_SFN_SPECIFIC
CLI_OUTPUT: ret /Target1/sfn/action ddal_sfn_wakeup_fd 109 100 DDAL_SFN_SPECIFIC ==&gt; done OK retv 0
CLI_OUTPUT: /Target1/sfn/action ddal_sfn_wakeup_fd 109 100 DDAL_SFN_PERIODIC
CLI_OUTPUT: ret /Target1/sfn/action ddal_sfn_wakeup_fd 109 100 DDAL_SFN_PERIODIC ==&gt; done OK retv 0
CLI_OUTPUT: /Target1/sfn/action ddal_sfn_wakeup_fd 110 100 DDAL_SFN_PERIODIC
CLI_OUTPUT: ret /Target1/sfn/action ddal_sfn_wakeup_fd 110 100 DDAL_SFN_PERIODIC ==&gt; done OK retv 0
CLI_OUTPUT: /Target1/sfn/action ddal_sfn_wakeup_fd 110 100 DDAL_SFN_SPECIFIC
CLI_OUTPUT: ret /Target1/sfn/action ddal_sfn_wakeup_fd 110 100 DDAL_SFN_SPECIFIC ==&gt; done OK retv 0
CLI_OUTPUT: /Target1/sfn/action ddal_sfn_wakeup_fd 110 100 DDAL_SFN_PERIODIC
CLI_OUTPUT: ret /Target1/sfn/action ddal_sfn_wakeup_fd 110 100 DDAL_SFN_PERIODIC ==&gt; done OK retv 0
CLI_OUTPUT: /Target1/sfn/action ddal_sfn_wakeup_fd 111 100 DDAL_SFN_PERIODIC
CLI_OUTPUT: ret /Target1/sfn/action ddal_sfn_wakeup_fd 111 100 DDAL_SFN_PERIODIC ==&gt; done OK retv 0
CLI_OUTPUT: /Target1/sfn/action ddal_sfn_wakeup_fd 111 100 DDAL_SFN_SPECIFIC
CLI_OUTPUT: ret /Target1/sfn/action ddal_sfn_wakeup_fd 111 100 DDAL_SFN_SPECIFIC ==&gt; done OK retv 0
CLI_OUTPUT: /Target1/sfn/action ddal_sfn_wakeup_fd 111 100 DDAL_SFN_PERIODIC
CLI_OUTPUT: ret /Target1/sfn/action ddal_sfn_wakeup_fd 111 100 DDAL_SFN_PERIODIC ==&gt; done OK retv 0
CLI_OUTPUT: /Target1/sfn/action ddal_sfn_wakeup_fd 112 100 DDAL_SFN_PERIODIC
CLI_OUTPUT: ret /Target1/sfn/action ddal_sfn_wakeup_fd 112 100 DDAL_SFN_PERIODIC ==&gt; done OK retv 0
CLI_OUTPUT: /Target1/sfn/action ddal_sfn_wakeup_fd 112 100 DDAL_SFN_SPECIFIC
CLI_OUTPUT: ret /Target1/sfn/action ddal_sfn_wakeup_fd 112 100 DDAL_SFN_SPECIFIC ==&gt; done OK retv 0
CLI_OUTPUT: /Target1/sfn/action ddal_sfn_wakeup_fd 112 100 DDAL_SFN_PERIODIC
CLI_OUTPUT: ret /Target1/sfn/action ddal_sfn_wakeup_fd 112 100 DDAL_SFN_PERIODIC ==&gt; done OK retv 0
CLI_OUTPUT: /Target1/sfn/action ddal_sfn_wakeup_fd 113 100 DDAL_SFN_PERIODIC
CLI_OUTPUT: ret /Target1/sfn/action ddal_sfn_wakeup_fd 113 100 DDAL_SFN_PERIODIC ==&gt; done OK retv 0
CLI_OUTPUT: /Target1/sfn/action ddal_sfn_wakeup_fd 113 100 DDAL_SFN_SPECIFIC
CLI_OUTPUT: ret /Target1/sfn/action ddal_sfn_wakeup_fd 113 100 DDAL_SFN_SPECIFIC ==&gt; done OK retv 0
CLI_OUTPUT: /Target1/sfn/action ddal_sfn_wakeup_fd 113 100 DDAL_SFN_PERIODIC
CLI_OUTPUT: ret /Target1/sfn/action ddal_sfn_wakeup_fd 113 100 DDAL_SFN_PERIODIC ==&gt; done OK retv 0
CLI_OUTPUT: /Target1/sfn/action ddal_sfn_wakeup_fd 114 100 DDAL_SFN_PERIODIC
CLI_OUTPUT: ret /Target1/sfn/action ddal_sfn_wakeup_fd 114 100 DDAL_SFN_PERIODIC ==&gt; done OK retv 0
CLI_OUTPUT: /Target1/sfn/action ddal_sfn_wakeup_fd 114 100 DDAL_SFN_SPECIFIC
CLI_OUTPUT: ret /Target1/sfn/action ddal_sfn_wakeup_fd 114 100 DDAL_SFN_SPECIFIC ==&gt; done OK retv 0
CLI_OUTPUT: /Target1/sfn/action ddal_sfn_wakeup_fd 114 100 DDAL_SFN_PERIODIC
CLI_OUTPUT: ret /Target1/sfn/action ddal_sfn_wakeup_fd 114 100 DDAL_SFN_PERIODIC ==&gt; done OK retv 0
CLI_OUTPUT: /Target1/sfn/action ddal_sfn_wakeup_fd 115 100 DDAL_SFN_PERIODIC
CLI_OUTPUT: ret /Target1/sfn/action ddal_sfn_wakeup_fd 115 100 DDAL_SFN_PERIODIC ==&gt; done OK retv 0
CLI_OUTPUT: /Target1/sfn/action ddal_sfn_wakeup_fd 115 100 DDAL_SFN_SPECIFIC
CLI_OUTPUT: ret /Target1/sfn/action ddal_sfn_wakeup_fd 115 100 DDAL_SFN_SPECIFIC ==&gt; done OK retv 0
CLI_OUTPUT: /Target1/sfn/action ddal_sfn_wakeup_fd 115 100 DDAL_SFN_PERIODIC
CLI_OUTPUT: ret /Target1/sfn/action ddal_sfn_wakeup_fd 115 100 DDAL_SFN_PERIODIC ==&gt; done OK retv 0
CLI_OUTPUT: /Target1/sfn/action ddal_sfn_wakeup_fd 116 100 DDAL_SFN_PERIODIC
CLI_OUTPUT: ret /Target1/sfn/action ddal_sfn_wakeup_fd 116 100 DDAL_SFN_PERIODIC ==&gt; done OK retv 0
CLI_OUTPUT: /Target1/sfn/action ddal_sfn_wakeup_fd 116 100 DDAL_SFN_SPECIFIC
CLI_OUTPUT: ret /Target1/sfn/action ddal_sfn_wakeup_fd 116 100 DDAL_SFN_SPECIFIC ==&gt; done OK retv 0
CLI_OUTPUT: /Target1/sfn/action ddal_sfn_wakeup_fd 116 100 DDAL_SFN_PERIODIC
CLI_OUTPUT: ret /Target1/sfn/action ddal_sfn_wakeup_fd 116 100 DDAL_SFN_PERIODIC ==&gt; done OK retv 0
CLI_OUTPUT: /Target1/sfn/action ddal_sfn_wakeup_fd 117 100 DDAL_SFN_PERIODIC
CLI_OUTPUT: ret /Target1/sfn/action ddal_sfn_wakeup_fd 117 100 DDAL_SFN_PERIODIC ==&gt; done OK retv 0
CLI_OUTPUT: /Target1/sfn/action ddal_sfn_wakeup_fd 117 100 DDAL_SFN_SPECIFIC
CLI_OUTPUT: ret /Target1/sfn/action ddal_sfn_wakeup_fd 117 100 DDAL_SFN_SPECIFIC ==&gt; done OK retv 0
CLI_OUTPUT: /Target1/sfn/action ddal_sfn_wakeup_fd 117 100 DDAL_SFN_PERIODIC
CLI_OUTPUT: ret /Target1/sfn/action ddal_sfn_wakeup_fd 117 100 DDAL_SFN_PERIODIC ==&gt; done OK retv 0
CLI_OUTPUT: /Target1/sfn/action ddal_sfn_wakeup_fd 118 100 DDAL_SFN_PERIODIC
CLI_OUTPUT: ret /Target1/sfn/action ddal_sfn_wakeup_fd 118 100 DDAL_SFN_PERIODIC ==&gt; done OK retv 0
CLI_OUTPUT: /Target1/sfn/action ddal_sfn_wakeup_fd 118 100 DDAL_SFN_SPECIFIC
CLI_OUTPUT: ret /Target1/sfn/action ddal_sfn_wakeup_fd 118 100 DDAL_SFN_SPECIFIC ==&gt; done OK retv 0
CLI_OUTPUT: /Target1/sfn/action ddal_sfn_wakeup_fd 118 100 DDAL_SFN_PERIODIC
CLI_OUTPUT: ret /Target1/sfn/action ddal_sfn_wakeup_fd 118 100 DDAL_SFN_PERIODIC ==&gt; done OK retv 0
CLI_OUTPUT: /Target1/sfn/action ddal_sfn_wakeup_fd 119 100 DDAL_SFN_PERIODIC
CLI_OUTPUT: ret /Target1/sfn/action ddal_sfn_wakeup_fd 119 100 DDAL_SFN_PERIODIC ==&gt; done OK retv 0
CLI_OUTPUT: /Target1/sfn/action ddal_sfn_wakeup_fd 119 100 DDAL_SFN_SPECIFIC
CLI_OUTPUT: ret /Target1/sfn/action ddal_sfn_wakeup_fd 119 100 DDAL_SFN_SPECIFIC ==&gt; done OK retv 0
CLI_OUTPUT: /Target1/sfn/action ddal_sfn_wakeup_fd 119 100 DDAL_SFN_PERIODIC
CLI_OUTPUT: ret /Target1/sfn/action ddal_sfn_wakeup_fd 119 100 DDAL_SFN_PERIODIC ==&gt; done OK retv 0
CLI_OUTPUT: /Target1/sfn/action ddal_sfn_wakeup_fd 120 100 DDAL_SFN_PERIODIC
CLI_OUTPUT: ret /Target1/sfn/action ddal_sfn_wakeup_fd 120 100 DDAL_SFN_PERIODIC ==&gt; done OK retv 0
CLI_OUTPUT: /Target1/sfn/action ddal_sfn_wakeup_fd 120 100 DDAL_SFN_SPECIFIC
CLI_OUTPUT: ret /Target1/sfn/action ddal_sfn_wakeup_fd 120 100 DDAL_SFN_SPECIFIC ==&gt; done OK retv 0
CLI_OUTPUT: /Target1/sfn/action ddal_sfn_wakeup_fd 120 100 DDAL_SFN_PERIODIC
CLI_OUTPUT: ret /Target1/sfn/action ddal_sfn_wakeup_fd 120 100 DDAL_SFN_PERIODIC ==&gt; done OK retv 0
CLI_OUTPUT: /Target1/sfn/action ddal_sfn_wakeup_fd 121 100 DDAL_SFN_PERIODIC
CLI_OUTPUT: ret /Target1/sfn/action ddal_sfn_wakeup_fd 121 100 DDAL_SFN_PERIODIC ==&gt; done OK retv 0
CLI_OUTPUT: /Target1/sfn/action ddal_sfn_wakeup_fd 121 100 DDAL_SFN_SPECIFIC
CLI_OUTPUT: ret /Target1/sfn/action ddal_sfn_wakeup_fd 121 100 DDAL_SFN_SPECIFIC ==&gt; done OK retv 0
CLI_OUTPUT: /Target1/sfn/action ddal_sfn_wakeup_fd 121 100 DDAL_SFN_PERIODIC
CLI_OUTPUT: ret /Target1/sfn/action ddal_sfn_wakeup_fd 121 100 DDAL_SFN_PERIODIC ==&gt; done OK retv 0
CLI_OUTPUT: /Target1/sfn/action ddal_sfn_wakeup_fd 122 100 DDAL_SFN_PERIODIC
CLI_OUTPUT: ret /Target1/sfn/action ddal_sfn_wakeup_fd 122 100 DDAL_SFN_PERIODIC ==&gt; done OK retv 0
CLI_OUTPUT: /Target1/sfn/action ddal_sfn_wakeup_fd 122 100 DDAL_SFN_SPECIFIC
CLI_OUTPUT: ret /Target1/sfn/action ddal_sfn_wakeup_fd 122 100 DDAL_SFN_SPECIFIC ==&gt; done OK retv 0
CLI_OUTPUT: /Target1/sfn/action ddal_sfn_wakeup_fd 122 100 DDAL_SFN_PERIODIC
CLI_OUTPUT: ret /Target1/sfn/action ddal_sfn_wakeup_fd 122 100 DDAL_SFN_PERIODIC ==&gt; done OK retv 0
CLI_OUTPUT: /Target1/sfn/action ddal_sfn_wakeup_fd 123 100 DDAL_SFN_PERIODIC
CLI_OUTPUT: ret /Target1/sfn/action ddal_sfn_wakeup_fd 123 100 DDAL_SFN_PERIODIC ==&gt; done OK retv 0
CLI_OUTPUT: /Target1/sfn/action ddal_sfn_wakeup_fd 123 100 DDAL_SFN_SPECIFIC
CLI_OUTPUT: ret /Target1/sfn/action ddal_sfn_wakeup_fd 123 100 DDAL_SFN_SPECIFIC ==&gt; done OK retv 0
CLI_OUTPUT: /Target1/sfn/action ddal_sfn_wakeup_fd 123 100 DDAL_SFN_PERIODIC
CLI_OUTPUT: ret /Target1/sfn/action ddal_sfn_wakeup_fd 123 100 DDAL_SFN_PERIODIC ==&gt; done OK retv 0
CLI_OUTPUT: /Target1/sfn/action ddal_sfn_wakeup_fd 124 100 DDAL_SFN_PERIODIC
CLI_OUTPUT: ret /Target1/sfn/action ddal_sfn_wakeup_fd 124 100 DDAL_SFN_PERIODIC ==&gt; done OK retv 0
CLI_OUTPUT: /Target1/sfn/action ddal_sfn_wakeup_fd 124 100 DDAL_SFN_SPECIFIC
CLI_OUTPUT: ret /Target1/sfn/action ddal_sfn_wakeup_fd 124 100 DDAL_SFN_SPECIFIC ==&gt; done OK retv 0
CLI_OUTPUT: /Target1/sfn/action ddal_sfn_wakeup_fd 124 100 DDAL_SFN_PERIODIC
CLI_OUTPUT: ret /Target1/sfn/action ddal_sfn_wakeup_fd 124 100 DDAL_SFN_PERIODIC ==&gt; done OK retv 0
CLI_OUTPUT: /Target1/sfn/action ddal_sfn_wakeup_fd 125 100 DDAL_SFN_PERIODIC
CLI_OUTPUT: ret /Target1/sfn/action ddal_sfn_wakeup_fd 125 100 DDAL_SFN_PERIODIC ==&gt; done OK retv 0
CLI_OUTPUT: /Target1/sfn/action ddal_sfn_wakeup_fd 125 100 DDAL_SFN_SPECIFIC
CLI_OUTPUT: ret /Target1/sfn/action ddal_sfn_wakeup_fd 125 100 DDAL_SFN_SPECIFIC ==&gt; done OK retv 0
CLI_OUTPUT: /Target1/sfn/action ddal_sfn_wakeup_fd 125 100 DDAL_SFN_PERIODIC
CLI_OUTPUT: ret /Target1/sfn/action ddal_sfn_wakeup_fd 125 100 DDAL_SFN_PERIODIC ==&gt; done OK retv 0
CLI_OUTPUT: /Target1/sfn/action ddal_sfn_wakeup_fd 126 100 DDAL_SFN_PERIODIC
CLI_OUTPUT: ret /Target1/sfn/action ddal_sfn_wakeup_fd 126 100 DDAL_SFN_PERIODIC ==&gt; done OK retv 0
CLI_OUTPUT: /Target1/sfn/action ddal_sfn_wakeup_fd 126 100 DDAL_SFN_SPECIFIC
CLI_OUTPUT: ret /Target1/sfn/action ddal_sfn_wakeup_fd 126 100 DDAL_SFN_SPECIFIC ==&gt; done OK retv 0
CLI_OUTPUT: /Target1/sfn/action ddal_sfn_wakeup_fd 126 100 DDAL_SFN_PERIODIC
CLI_OUTPUT: ret /Target1/sfn/action ddal_sfn_wakeup_fd 126 100 DDAL_SFN_PERIODIC ==&gt; done OK retv 0
CLI_OUTPUT: /Target1/sfn/action ddal_sfn_wakeup_fd 127 100 DDAL_SFN_PERIODIC
CLI_OUTPUT: ret /Target1/sfn/action ddal_sfn_wakeup_fd 127 100 DDAL_SFN_PERIODIC ==&gt; done OK retv 0
CLI_OUTPUT: /Target1/sfn/action ddal_sfn_wakeup_fd 127 100 DDAL_SFN_SPECIFIC
CLI_OUTPUT: ret /Target1/sfn/action ddal_sfn_wakeup_fd 127 100 DDAL_SFN_SPECIFIC ==&gt; done OK retv 0
CLI_OUTPUT: /Target1/sfn/action ddal_sfn_wakeup_fd 127 100 DDAL_SFN_PERIODIC
CLI_OUTPUT: ret /Target1/sfn/action ddal_sfn_wakeup_fd 127 100 DDAL_SFN_PERIODIC ==&gt; done OK retv 0
CLI_OUTPUT: /Target1/sfn/action ddal_sfn_wakeup_fd 128 100 DDAL_SFN_PERIODIC
CLI_OUTPUT: ret /Target1/sfn/action ddal_sfn_wakeup_fd 128 100 DDAL_SFN_PERIODIC ==&gt; done OK retv 0
CLI_OUTPUT: /Target1/sfn/action ddal_sfn_wakeup_fd 128 100 DDAL_SFN_SPECIFIC
CLI_OUTPUT: ret /Target1/sfn/action ddal_sfn_wakeup_fd 128 100 DDAL_SFN_SPECIFIC ==&gt; done OK retv 0
CLI_OUTPUT: /Target1/sfn/action ddal_sfn_wakeup_fd 128 100 DDAL_SFN_PERIODIC
CLI_OUTPUT: ret /Target1/sfn/action ddal_sfn_wakeup_fd 128 100 DDAL_SFN_PERIODIC ==&gt; done OK retv 0
CLI_OUTPUT: /Target1/sfn/action ddal_sfn_wakeup_fd 129 100 DDAL_SFN_PERIODIC
CLI_OUTPUT: ret /Target1/sfn/action ddal_sfn_wakeup_fd 129 100 DDAL_SFN_PERIODIC ==&gt; done OK retv 0
CLI_OUTPUT: /Target1/sfn/action ddal_sfn_wakeup_fd 129 100 DDAL_SFN_SPECIFIC
CLI_OUTPUT: ret /Target1/sfn/action ddal_sfn_wakeup_fd 129 100 DDAL_SFN_SPECIFIC ==&gt; done OK retv 0
CLI_OUTPUT: /Target1/sfn/action ddal_sfn_wakeup_fd 129 100 DDAL_SFN_PERIODIC
CLI_OUTPUT: ret /Target1/sfn/action ddal_sfn_wakeup_fd 129 100 DDAL_SFN_PERIODIC ==&gt; done OK retv 0
CLI_OUTPUT: /Target1/sfn/action ddal_sfn_wakeup_fd 130 100 DDAL_SFN_PERIODIC
CLI_OUTPUT: ret /Target1/sfn/action ddal_sfn_wakeup_fd 130 100 DDAL_SFN_PERIODIC ==&gt; done OK retv 0
CLI_OUTPUT: /Target1/sfn/action ddal_sfn_wakeup_fd 130 100 DDAL_SFN_SPECIFIC
CLI_OUTPUT: ret /Target1/sfn/action ddal_sfn_wakeup_fd 130 100 DDAL_SFN_SPECIFIC ==&gt; done OK retv 0
CLI_OUTPUT: /Target1/sfn/action ddal_sfn_wakeup_fd 130 100 DDAL_SFN_PERIODIC
CLI_OUTPUT: ret /Target1/sfn/action ddal_sfn_wakeup_fd 130 100 DDAL_SFN_PERIODIC ==&gt; done OK retv 0
CLI_OUTPUT: /Target1/sfn/action ddal_sfn_wakeup_fd 131 100 DDAL_SFN_PERIODIC
CLI_OUTPUT: ret /Target1/sfn/action ddal_sfn_wakeup_fd 131 100 DDAL_SFN_PERIODIC ==&gt; done OK retv 0
CLI_OUTPUT: /Target1/sfn/action ddal_sfn_wakeup_fd 131 100 DDAL_SFN_SPECIFIC
CLI_OUTPUT: ret /Target1/sfn/action ddal_sfn_wakeup_fd 131 100 DDAL_SFN_SPECIFIC ==&gt; done OK retv 0
CLI_OUTPUT: /Target1/sfn/action ddal_sfn_wakeup_fd 131 100 DDAL_SFN_PERIODIC
CLI_OUTPUT: ret /Target1/sfn/action ddal_sfn_wakeup_fd 131 100 DDAL_SFN_PERIODIC ==&gt; done OK retv 0
CLI_OUTPUT: /Target1/sfn/action ddal_sfn_wakeup_fd 132 100 DDAL_SFN_PERIODIC
CLI_OUTPUT: ret /Target1/sfn/action ddal_sfn_wakeup_fd 132 100 DDAL_SFN_PERIODIC ==&gt; done OK retv 0
CLI_OUTPUT: /Target1/sfn/action ddal_sfn_wakeup_fd 132 100 DDAL_SFN_SPECIFIC
CLI_OUTPUT: ret /Target1/sfn/action ddal_sfn_wakeup_fd 132 100 DDAL_SFN_SPECIFIC ==&gt; done OK retv 0
CLI_OUTPUT: /Target1/sfn/action ddal_sfn_wakeup_fd 132 100 DDAL_SFN_PERIODIC
CLI_OUTPUT: ret /Target1/sfn/action ddal_sfn_wakeup_fd 132 100 DDAL_SFN_PERIODIC ==&gt; done OK retv 0
CLI_OUTPUT: /Target1/sfn/action ddal_sfn_wakeup_fd 133 100 DDAL_SFN_PERIODIC
CLI_OUTPUT: ret /Target1/sfn/action ddal_sfn_wakeup_fd 133 100 DDAL_SFN_PERIODIC ==&gt; done OK retv 0
CLI_OUTPUT: /Target1/sfn/action ddal_sfn_wakeup_fd 133 100 DDAL_SFN_SPECIFIC
CLI_OUTPUT: ret /Target1/sfn/action ddal_sfn_wakeup_fd 133 100 DDAL_SFN_SPECIFIC ==&gt; done OK retv 0
CLI_OUTPUT: /Target1/sfn/action ddal_sfn_wakeup_fd 133 100 DDAL_SFN_PERIODIC
CLI_OUTPUT: ret /Target1/sfn/action ddal_sfn_wakeup_fd 133 100 DDAL_SFN_PERIODIC ==&gt; done OK retv 0
CLI_OUTPUT: /Target1/sfn/action ddal_sfn_wakeup_fd 134 100 DDAL_SFN_PERIODIC
CLI_OUTPUT: ret /Target1/sfn/action ddal_sfn_wakeup_fd 134 100 DDAL_SFN_PERIODIC ==&gt; done OK retv 0
CLI_OUTPUT: /Target1/sfn/action ddal_sfn_wakeup_fd 134 100 DDAL_SFN_SPECIFIC
CLI_OUTPUT: ret /Target1/sfn/action ddal_sfn_wakeup_fd 134 100 DDAL_SFN_SPECIFIC ==&gt; done OK retv 0
CLI_OUTPUT: /Target1/sfn/action ddal_sfn_wakeup_fd 134 100 DDAL_SFN_PERIODIC
CLI_OUTPUT: ret /Target1/sfn/action ddal_sfn_wakeup_fd 134 100 DDAL_SFN_PERIODIC ==&gt; done OK retv 0
CLI_OUTPUT: /Target1/sfn/action ddal_sfn_wakeup_fd 135 100 DDAL_SFN_PERIODIC
CLI_OUTPUT: ret /Target1/sfn/action ddal_sfn_wakeup_fd 135 100 DDAL_SFN_PERIODIC ==&gt; done OK retv 0
CLI_OUTPUT: /Target1/sfn/action ddal_sfn_wakeup_fd 135 100 DDAL_SFN_SPECIFIC
CLI_OUTPUT: ret /Target1/sfn/action ddal_sfn_wakeup_fd 135 100 DDAL_SFN_SPECIFIC ==&gt; done OK retv 0
CLI_OUTPUT: /Target1/sfn/action ddal_sfn_wakeup_fd 135 100 DDAL_SFN_PERIODIC
CLI_OUTPUT: ret /Target1/sfn/action ddal_sfn_wakeup_fd 135 100 DDAL_SFN_PERIODIC ==&gt; done OK retv 0
CLI_OUTPUT: /Target1/sfn/action ddal_sfn_wakeup_fd 136 100 DDAL_SFN_PERIODIC
CLI_OUTPUT: ret /Target1/sfn/action ddal_sfn_wakeup_fd 136 100 DDAL_SFN_PERIODIC ==&gt; done OK retv 0
CLI_OUTPUT: /Target1/sfn/action ddal_sfn_wakeup_fd 136 100 DDAL_SFN_SPECIFIC
CLI_OUTPUT: ret /Target1/sfn/action ddal_sfn_wakeup_fd 136 100 DDAL_SFN_SPECIFIC ==&gt; done OK retv 0
CLI_OUTPUT: /Target1/sfn/action ddal_sfn_wakeup_fd 136 100 DDAL_SFN_PERIODIC
CLI_OUTPUT: ret /Target1/sfn/action ddal_sfn_wakeup_fd 136 100 DDAL_SFN_PERIODIC ==&gt; done OK retv 0
CLI_OUTPUT: /Target1/sfn/action ddal_sfn_wakeup_fd 137 100 DDAL_SFN_PERIODIC
CLI_OUTPUT: ret /Target1/sfn/action ddal_sfn_wakeup_fd 137 100 DDAL_SFN_PERIODIC ==&gt; done OK retv 0
CLI_OUTPUT: /Target1/sfn/action ddal_sfn_wakeup_fd 137 100 DDAL_SFN_SPECIFIC
CLI_OUTPUT: ret /Target1/sfn/action ddal_sfn_wakeup_fd 137 100 DDAL_SFN_SPECIFIC ==&gt; done OK retv 0
CLI_OUTPUT: /Target1/sfn/action ddal_sfn_wakeup_fd 137 100 DDAL_SFN_PERIODIC
CLI_OUTPUT: ret /Target1/sfn/action ddal_sfn_wakeup_fd 137 100 DDAL_SFN_PERIODIC ==&gt; done OK retv 0
CLI_OUTPUT: /Target1/sfn/action ddal_sfn_wakeup_fd 138 100 DDAL_SFN_PERIODIC
CLI_OUTPUT: ret /Target1/sfn/action ddal_sfn_wakeup_fd 138 100 DDAL_SFN_PERIODIC ==&gt; done OK retv 0
CLI_OUTPUT: /Target1/sfn/action ddal_sfn_wakeup_fd 138 100 DDAL_SFN_SPECIFIC
CLI_OUTPUT: ret /Target1/sfn/action ddal_sfn_wakeup_fd 138 100 DDAL_SFN_SPECIFIC ==&gt; done OK retv 0
CLI_OUTPUT: /Target1/sfn/action ddal_sfn_wakeup_fd 138 100 DDAL_SFN_PERIODIC
CLI_OUTPUT: ret /Target1/sfn/action ddal_sfn_wakeup_fd 138 100 DDAL_SFN_PERIODIC ==&gt; done OK retv 0
CLI_OUTPUT: /Target1/sfn/action ddal_sfn_wakeup_fd 139 100 DDAL_SFN_PERIODIC
CLI_OUTPUT: ret /Target1/sfn/action ddal_sfn_wakeup_fd 139 100 DDAL_SFN_PERIODIC ==&gt; done OK retv 0
CLI_OUTPUT: /Target1/sfn/action ddal_sfn_wakeup_fd 139 100 DDAL_SFN_SPECIFIC
CLI_OUTPUT: ret /Target1/sfn/action ddal_sfn_wakeup_fd 139 100 DDAL_SFN_SPECIFIC ==&gt; done OK retv 0
CLI_OUTPUT: /Target1/sfn/action ddal_sfn_wakeup_fd 139 100 DDAL_SFN_PERIODIC
CLI_OUTPUT: ret /Target1/sfn/action ddal_sfn_wakeup_fd 139 100 DDAL_SFN_PERIODIC ==&gt; done OK retv 0
CLI_OUTPUT: /Target1/sfn/action ddal_sfn_wakeup_fd 140 100 DDAL_SFN_PERIODIC
CLI_OUTPUT: ret /Target1/sfn/action ddal_sfn_wakeup_fd 140 100 DDAL_SFN_PERIODIC ==&gt; done OK retv 0
CLI_OUTPUT: /Target1/sfn/action ddal_sfn_wakeup_fd 140 100 DDAL_SFN_SPECIFIC
CLI_OUTPUT: ret /Target1/sfn/action ddal_sfn_wakeup_fd 140 100 DDAL_SFN_SPECIFIC ==&gt; done OK retv 0
CLI_OUTPUT: /Target1/sfn/action ddal_sfn_wakeup_fd 140 100 DDAL_SFN_PERIODIC
CLI_OUTPUT: ret /Target1/sfn/action ddal_sfn_wakeup_fd 140 100 DDAL_SFN_PERIODIC ==&gt; done OK retv 0
CLI_OUTPUT: /Target1/sfn/action ddal_sfn_wakeup_fd 141 100 DDAL_SFN_PERIODIC
CLI_OUTPUT: ret /Target1/sfn/action ddal_sfn_wakeup_fd 141 100 DDAL_SFN_PERIODIC ==&gt; done OK retv 0
CLI_OUTPUT: /Target1/sfn/action ddal_sfn_wakeup_fd 141 100 DDAL_SFN_SPECIFIC
CLI_OUTPUT: ret /Target1/sfn/action ddal_sfn_wakeup_fd 141 100 DDAL_SFN_SPECIFIC ==&gt; done OK retv 0
CLI_OUTPUT: /Target1/sfn/action ddal_sfn_wakeup_fd 141 100 DDAL_SFN_PERIODIC
CLI_OUTPUT: ret /Target1/sfn/action ddal_sfn_wakeup_fd 141 100 DDAL_SFN_PERIODIC ==&gt; done OK retv 0
CLI_OUTPUT: /Target1/sfn/action ddal_sfn_wakeup_fd 142 100 DDAL_SFN_PERIODIC
CLI_OUTPUT: ret /Target1/sfn/action ddal_sfn_wakeup_fd 142 100 DDAL_SFN_PERIODIC ==&gt; done OK retv 0
CLI_OUTPUT: /Target1/sfn/action ddal_sfn_wakeup_fd 142 100 DDAL_SFN_SPECIFIC
CLI_OUTPUT: ret /Target1/sfn/action ddal_sfn_wakeup_fd 142 100 DDAL_SFN_SPECIFIC ==&gt; done OK retv 0
CLI_OUTPUT: /Target1/sfn/action ddal_sfn_wakeup_fd 142 100 DDAL_SFN_PERIODIC
CLI_OUTPUT: ret /Target1/sfn/action ddal_sfn_wakeup_fd 142 100 DDAL_SFN_PERIODIC ==&gt; done OK retv 0
CLI_OUTPUT: /Target1/sfn/action ddal_sfn_wakeup_fd 143 100 DDAL_SFN_PERIODIC
CLI_OUTPUT: ret /Target1/sfn/action ddal_sfn_wakeup_fd 143 100 DDAL_SFN_PERIODIC ==&gt; done OK retv 0
CLI_OUTPUT: /Target1/sfn/action ddal_sfn_wakeup_fd 143 100 DDAL_SFN_SPECIFIC
CLI_OUTPUT: ret /Target1/sfn/action ddal_sfn_wakeup_fd 143 100 DDAL_SFN_SPECIFIC ==&gt; done OK retv 0
CLI_OUTPUT: /Target1/sfn/action ddal_sfn_wakeup_fd 143 100 DDAL_SFN_PERIODIC
CLI_OUTPUT: ret /Target1/sfn/action ddal_sfn_wakeup_fd 143 100 DDAL_SFN_PERIODIC ==&gt; done OK retv 0
CLI_OUTPUT: /Target1/sfn/action ddal_sfn_wakeup_fd 144 100 DDAL_SFN_PERIODIC
CLI_OUTPUT: ret /Target1/sfn/action ddal_sfn_wakeup_fd 144 100 DDAL_SFN_PERIODIC ==&gt; done OK retv 0
CLI_OUTPUT: /Target1/sfn/action ddal_sfn_wakeup_fd 144 100 DDAL_SFN_SPECIFIC
CLI_OUTPUT: ret /Target1/sfn/action ddal_sfn_wakeup_fd 144 100 DDAL_SFN_SPECIFIC ==&gt; done OK retv 0
CLI_OUTPUT: /Target1/sfn/action ddal_sfn_wakeup_fd 144 100 DDAL_SFN_PERIODIC
CLI_OUTPUT: ret /Target1/sfn/action ddal_sfn_wakeup_fd 144 100 DDAL_SFN_PERIODIC ==&gt; done OK retv 0
CLI_OUTPUT: /Target1/sfn/action ddal_sfn_wakeup_fd 145 100 DDAL_SFN_PERIODIC
CLI_OUTPUT: ret /Target1/sfn/action ddal_sfn_wakeup_fd 145 100 DDAL_SFN_PERIODIC ==&gt; done OK retv 0
CLI_OUTPUT: /Target1/sfn/action ddal_sfn_wakeup_fd 145 100 DDAL_SFN_SPECIFIC
CLI_OUTPUT: ret /Target1/sfn/action ddal_sfn_wakeup_fd 145 100 DDAL_SFN_SPECIFIC ==&gt; done OK retv 0
CLI_OUTPUT: /Target1/sfn/action ddal_sfn_wakeup_fd 145 100 DDAL_SFN_PERIODIC
CLI_OUTPUT: ret /Target1/sfn/action ddal_sfn_wakeup_fd 145 100 DDAL_SFN_PERIODIC ==&gt; done OK retv 0
CLI_OUTPUT: /Target1/sfn/action ddal_sfn_wakeup_fd 146 100 DDAL_SFN_PERIODIC
CLI_OUTPUT: ret /Target1/sfn/action ddal_sfn_wakeup_fd 146 100 DDAL_SFN_PERIODIC ==&gt; done OK retv 0
CLI_OUTPUT: /Target1/sfn/action ddal_sfn_wakeup_fd 146 100 DDAL_SFN_SPECIFIC
CLI_OUTPUT: ret /Target1/sfn/action ddal_sfn_wakeup_fd 146 100 DDAL_SFN_SPECIFIC ==&gt; done OK retv 0
CLI_OUTPUT: /Target1/sfn/action ddal_sfn_wakeup_fd 146 100 DDAL_SFN_PERIODIC
CLI_OUTPUT: ret /Target1/sfn/action ddal_sfn_wakeup_fd 146 100 DDAL_SFN_PERIODIC ==&gt; done OK retv 0
CLI_OUTPUT: /Target1/sfn/action ddal_sfn_wakeup_fd 147 100 DDAL_SFN_PERIODIC
CLI_OUTPUT: ret /Target1/sfn/action ddal_sfn_wakeup_fd 147 100 DDAL_SFN_PERIODIC ==&gt; done OK retv 0
CLI_OUTPUT: /Target1/sfn/action ddal_sfn_wakeup_fd 147 100 DDAL_SFN_SPECIFIC
CLI_OUTPUT: ret /Target1/sfn/action ddal_sfn_wakeup_fd 147 100 DDAL_SFN_SPECIFIC ==&gt; done OK retv 0
CLI_OUTPUT: /Target1/sfn/action ddal_sfn_wakeup_fd 147 100 DDAL_SFN_PERIODIC
CLI_OUTPUT: ret /Target1/sfn/action ddal_sfn_wakeup_fd 147 100 DDAL_SFN_PERIODIC ==&gt; done OK retv 0
CLI_OUTPUT: /Target1/sfn/action ddal_sfn_wakeup_fd 148 100 DDAL_SFN_PERIODIC
CLI_OUTPUT: ret /Target1/sfn/action ddal_sfn_wakeup_fd 148 100 DDAL_SFN_PERIODIC ==&gt; done OK retv 0
CLI_OUTPUT: /Target1/sfn/action ddal_sfn_wakeup_fd 148 100 DDAL_SFN_SPECIFIC
CLI_OUTPUT: ret /Target1/sfn/action ddal_sfn_wakeup_fd 148 100 DDAL_SFN_SPECIFIC ==&gt; done OK retv 0
CLI_OUTPUT: /Target1/sfn/action ddal_sfn_wakeup_fd 148 100 DDAL_SFN_PERIODIC
CLI_OUTPUT: ret /Target1/sfn/action ddal_sfn_wakeup_fd 148 100 DDAL_SFN_PERIODIC ==&gt; done OK retv 0
CLI_OUTPUT: /Target1/sfn/action ddal_sfn_wakeup_fd 149 100 DDAL_SFN_PERIODIC
CLI_OUTPUT: ret /Target1/sfn/action ddal_sfn_wakeup_fd 149 100 DDAL_SFN_PERIODIC ==&gt; done OK retv 0
CLI_OUTPUT: /Target1/sfn/action ddal_sfn_wakeup_fd 149 100 DDAL_SFN_SPECIFIC
CLI_OUTPUT: ret /Target1/sfn/action ddal_sfn_wakeup_fd 149 100 DDAL_SFN_SPECIFIC ==&gt; done OK retv 0
CLI_OUTPUT: /Target1/sfn/action ddal_sfn_wakeup_fd 149 100 DDAL_SFN_PERIODIC
CLI_OUTPUT: ret /Target1/sfn/action ddal_sfn_wakeup_fd 149 100 DDAL_SFN_PERIODIC ==&gt; done OK retv 0
CLI_OUTPUT: /Target1/sfn/action ddal_sfn_wakeup_fd 150 100 DDAL_SFN_PERIODIC
CLI_OUTPUT: ret /Target1/sfn/action ddal_sfn_wakeup_fd 150 100 DDAL_SFN_PERIODIC ==&gt; done OK retv 0
CLI_OUTPUT: /Target1/sfn/action ddal_sfn_wakeup_fd 150 100 DDAL_SFN_SPECIFIC
CLI_OUTPUT: ret /Target1/sfn/action ddal_sfn_wakeup_fd 150 100 DDAL_SFN_SPECIFIC ==&gt; done OK retv 0
CLI_OUTPUT: /Target1/sfn/action ddal_sfn_wakeup_fd 150 100 DDAL_SFN_PERIODIC
CLI_OUTPUT: ret /Target1/sfn/action ddal_sfn_wakeup_fd 150 100 DDAL_SFN_PERIODIC ==&gt; done OK retv 0
CLI_OUTPUT: /Target1/sfn/action ddal_sfn_wakeup_fd 151 100 DDAL_SFN_PERIODIC
CLI_OUTPUT: ret /Target1/sfn/action ddal_sfn_wakeup_fd 151 100 DDAL_SFN_PERIODIC ==&gt; done OK retv 0
CLI_OUTPUT: /Target1/sfn/action ddal_sfn_wakeup_fd 151 100 DDAL_SFN_SPECIFIC
CLI_OUTPUT: ret /Target1/sfn/action ddal_sfn_wakeup_fd 151 100 DDAL_SFN_SPECIFIC ==&gt; done OK retv 0
CLI_OUTPUT: /Target1/sfn/action ddal_sfn_wakeup_fd 151 100 DDAL_SFN_PERIODIC
CLI_OUTPUT: ret /Target1/sfn/action ddal_sfn_wakeup_fd 151 100 DDAL_SFN_PERIODIC ==&gt; done OK retv 0
CLI_OUTPUT: /Target1/sfn/action ddal_sfn_wakeup_fd 152 100 DDAL_SFN_PERIODIC
CLI_OUTPUT: ret /Target1/sfn/action ddal_sfn_wakeup_fd 152 100 DDAL_SFN_PERIODIC ==&gt; done OK retv 0
CLI_OUTPUT: /Target1/sfn/action ddal_sfn_wakeup_fd 152 100 DDAL_SFN_SPECIFIC
CLI_OUTPUT: ret /Target1/sfn/action ddal_sfn_wakeup_fd 152 100 DDAL_SFN_SPECIFIC ==&gt; done OK retv 0
CLI_OUTPUT: /Target1/sfn/action ddal_sfn_wakeup_fd 152 100 DDAL_SFN_PERIODIC
CLI_OUTPUT: ret /Target1/sfn/action ddal_sfn_wakeup_fd 152 100 DDAL_SFN_PERIODIC ==&gt; done OK retv 0
CLI_OUTPUT: /Target1/sfn/action ddal_sfn_wakeup_fd 153 100 DDAL_SFN_PERIODIC
CLI_OUTPUT: ret /Target1/sfn/action ddal_sfn_wakeup_fd 153 100 DDAL_SFN_PERIODIC ==&gt; done OK retv 0
CLI_OUTPUT: /Target1/sfn/action ddal_sfn_wakeup_fd 153 100 DDAL_SFN_SPECIFIC
CLI_OUTPUT: ret /Target1/sfn/action ddal_sfn_wakeup_fd 153 100 DDAL_SFN_SPECIFIC ==&gt; done OK retv 0
CLI_OUTPUT: /Target1/sfn/action ddal_sfn_wakeup_fd 153 100 DDAL_SFN_PERIODIC
CLI_OUTPUT: ret /Target1/sfn/action ddal_sfn_wakeup_fd 153 100 DDAL_SFN_PERIODIC ==&gt; done OK retv 0
CLI_OUTPUT: /Target1/sfn/action ddal_sfn_wakeup_fd 154 100 DDAL_SFN_PERIODIC
CLI_OUTPUT: ret /Target1/sfn/action ddal_sfn_wakeup_fd 154 100 DDAL_SFN_PERIODIC ==&gt; done OK retv 0
CLI_OUTPUT: /Target1/sfn/action ddal_sfn_wakeup_fd 154 100 DDAL_SFN_SPECIFIC
CLI_OUTPUT: ret /Target1/sfn/action ddal_sfn_wakeup_fd 154 100 DDAL_SFN_SPECIFIC ==&gt; done OK retv 0
CLI_OUTPUT: /Target1/sfn/action ddal_sfn_wakeup_fd 154 100 DDAL_SFN_PERIODIC
CLI_OUTPUT: ret /Target1/sfn/action ddal_sfn_wakeup_fd 154 100 DDAL_SFN_PERIODIC ==&gt; done OK retv 0
CLI_OUTPUT: /Target1/sfn/action ddal_sfn_wakeup_fd 155 100 DDAL_SFN_PERIODIC
CLI_OUTPUT: ret /Target1/sfn/action ddal_sfn_wakeup_fd 155 100 DDAL_SFN_PERIODIC ==&gt; done OK retv 0
CLI_OUTPUT: /Target1/sfn/action ddal_sfn_wakeup_fd 155 100 DDAL_SFN_SPECIFIC
CLI_OUTPUT: ret /Target1/sfn/action ddal_sfn_wakeup_fd 155 100 DDAL_SFN_SPECIFIC ==&gt; done OK retv 0
CLI_OUTPUT: /Target1/sfn/action ddal_sfn_wakeup_fd 155 100 DDAL_SFN_PERIODIC
CLI_OUTPUT: ret /Target1/sfn/action ddal_sfn_wakeup_fd 155 100 DDAL_SFN_PERIODIC ==&gt; done OK retv 0
CLI_OUTPUT: /Target1/sfn/action ddal_sfn_wakeup_fd 156 100 DDAL_SFN_PERIODIC
CLI_OUTPUT: ret /Target1/sfn/action ddal_sfn_wakeup_fd 156 100 DDAL_SFN_PERIODIC ==&gt; done OK retv 0
CLI_OUTPUT: /Target1/sfn/action ddal_sfn_wakeup_fd 156 100 DDAL_SFN_SPECIFIC
CLI_OUTPUT: ret /Target1/sfn/action ddal_sfn_wakeup_fd 156 100 DDAL_SFN_SPECIFIC ==&gt; done OK retv 0
CLI_OUTPUT: /Target1/sfn/action ddal_sfn_wakeup_fd 156 100 DDAL_SFN_PERIODIC
CLI_OUTPUT: ret /Target1/sfn/action ddal_sfn_wakeup_fd 156 100 DDAL_SFN_PERIODIC ==&gt; done OK retv 0
CLI_OUTPUT: /Target1/sfn/action ddal_sfn_wakeup_fd 157 100 DDAL_SFN_PERIODIC
CLI_OUTPUT: ret /Target1/sfn/action ddal_sfn_wakeup_fd 157 100 DDAL_SFN_PERIODIC ==&gt; done OK retv 0
CLI_OUTPUT: /Target1/sfn/action ddal_sfn_wakeup_fd 157 100 DDAL_SFN_SPECIFIC
CLI_OUTPUT: ret /Target1/sfn/action ddal_sfn_wakeup_fd 157 100 DDAL_SFN_SPECIFIC ==&gt; done OK retv 0
CLI_OUTPUT: /Target1/sfn/action ddal_sfn_wakeup_fd 157 100 DDAL_SFN_PERIODIC
CLI_OUTPUT: ret /Target1/sfn/action ddal_sfn_wakeup_fd 157 100 DDAL_SFN_PERIODIC ==&gt; done OK retv 0
CLI_OUTPUT: /Target1/sfn/action ddal_sfn_wakeup_fd 158 100 DDAL_SFN_PERIODIC
CLI_OUTPUT: ret /Target1/sfn/action ddal_sfn_wakeup_fd 158 100 DDAL_SFN_PERIODIC ==&gt; done OK retv 0
CLI_OUTPUT: /Target1/sfn/action ddal_sfn_wakeup_fd 158 100 DDAL_SFN_SPECIFIC
CLI_OUTPUT: ret /Target1/sfn/action ddal_sfn_wakeup_fd 158 100 DDAL_SFN_SPECIFIC ==&gt; done OK retv 0
CLI_OUTPUT: /Target1/sfn/action ddal_sfn_wakeup_fd 158 100 DDAL_SFN_PERIODIC
CLI_OUTPUT: ret /Target1/sfn/action ddal_sfn_wakeup_fd 158 100 DDAL_SFN_PERIODIC ==&gt; done OK retv 0
CLI_OUTPUT: /Target1/sfn/action ddal_sfn_wakeup_fd 159 100 DDAL_SFN_PERIODIC
CLI_OUTPUT: ret /Target1/sfn/action ddal_sfn_wakeup_fd 159 100 DDAL_SFN_PERIODIC ==&gt; done OK retv 0
CLI_OUTPUT: /Target1/sfn/action ddal_sfn_wakeup_fd 159 100 DDAL_SFN_SPECIFIC
CLI_OUTPUT: ret /Target1/sfn/action ddal_sfn_wakeup_fd 159 100 DDAL_SFN_SPECIFIC ==&gt; done OK retv 0
CLI_OUTPUT: /Target1/sfn/action ddal_sfn_wakeup_fd 159 100 DDAL_SFN_PERIODIC
CLI_OUTPUT: ret /Target1/sfn/action ddal_sfn_wakeup_fd 159 100 DDAL_SFN_PERIODIC ==&gt; done OK retv 0
CLI_OUTPUT: /Target1/sfn/action ddal_sfn_wakeup_fd 160 100 DDAL_SFN_PERIODIC
CLI_OUTPUT: ret /Target1/sfn/action ddal_sfn_wakeup_fd 160 100 DDAL_SFN_PERIODIC ==&gt; done OK retv 0
CLI_OUTPUT: /Target1/sfn/action ddal_sfn_wakeup_fd 160 100 DDAL_SFN_SPECIFIC
CLI_OUTPUT: ret /Target1/sfn/action ddal_sfn_wakeup_fd 160 100 DDAL_SFN_SPECIFIC ==&gt; done OK retv 0
CLI_OUTPUT: /Target1/sfn/action ddal_sfn_wakeup_fd 160 100 DDAL_SFN_PERIODIC
CLI_OUTPUT: ret /Target1/sfn/action ddal_sfn_wakeup_fd 160 100 DDAL_SFN_PERIODIC ==&gt; done OK retv 0
CLI_OUTPUT: /Target1/sfn/action ddal_sfn_wakeup_fd 161 100 DDAL_SFN_PERIODIC
CLI_OUTPUT: ret /Target1/sfn/action ddal_sfn_wakeup_fd 161 100 DDAL_SFN_PERIODIC ==&gt; done OK retv 0
CLI_OUTPUT: /Target1/sfn/action ddal_sfn_wakeup_fd 161 100 DDAL_SFN_SPECIFIC
CLI_OUTPUT: ret /Target1/sfn/action ddal_sfn_wakeup_fd 161 100 DDAL_SFN_SPECIFIC ==&gt; done OK retv 0
CLI_OUTPUT: /Target1/sfn/action ddal_sfn_wakeup_fd 161 100 DDAL_SFN_PERIODIC
CLI_OUTPUT: ret /Target1/sfn/action ddal_sfn_wakeup_fd 161 100 DDAL_SFN_PERIODIC ==&gt; done OK retv 0
CLI_OUTPUT: /Target1/sfn/action ddal_sfn_wakeup_fd 162 100 DDAL_SFN_PERIODIC
CLI_OUTPUT: ret /Target1/sfn/action ddal_sfn_wakeup_fd 162 100 DDAL_SFN_PERIODIC ==&gt; done OK retv 0
CLI_OUTPUT: /Target1/sfn/action ddal_sfn_wakeup_fd 162 100 DDAL_SFN_SPECIFIC
CLI_OUTPUT: ret /Target1/sfn/action ddal_sfn_wakeup_fd 162 100 DDAL_SFN_SPECIFIC ==&gt; done OK retv 0
CLI_OUTPUT: /Target1/sfn/action ddal_sfn_wakeup_fd 162 100 DDAL_SFN_PERIODIC
CLI_OUTPUT: ret /Target1/sfn/action ddal_sfn_wakeup_fd 162 100 DDAL_SFN_PERIODIC ==&gt; done OK retv 0
CLI_OUTPUT: /Target1/sfn/action ddal_sfn_wakeup_fd 163 100 DDAL_SFN_PERIODIC
CLI_OUTPUT: ret /Target1/sfn/action ddal_sfn_wakeup_fd 163 100 DDAL_SFN_PERIODIC ==&gt; done OK retv 0
CLI_OUTPUT: /Target1/sfn/action ddal_sfn_wakeup_fd 163 100 DDAL_SFN_SPECIFIC
CLI_OUTPUT: ret /Target1/sfn/action ddal_sfn_wakeup_fd 163 100 DDAL_SFN_SPECIFIC ==&gt; done OK retv 0
CLI_OUTPUT: /Target1/sfn/action ddal_sfn_wakeup_fd 163 100 DDAL_SFN_PERIODIC
CLI_OUTPUT: ret /Target1/sfn/action ddal_sfn_wakeup_fd 163 100 DDAL_SFN_PERIODIC ==&gt; done OK retv 0
CLI_OUTPUT: /Target1/sfn/action ddal_sfn_wakeup_fd 164 100 DDAL_SFN_PERIODIC
CLI_OUTPUT: ret /Target1/sfn/action ddal_sfn_wakeup_fd 164 100 DDAL_SFN_PERIODIC ==&gt; done OK retv 0
CLI_OUTPUT: /Target1/sfn/action ddal_sfn_wakeup_fd 164 100 DDAL_SFN_SPECIFIC
CLI_OUTPUT: ret /Target1/sfn/action ddal_sfn_wakeup_fd 164 100 DDAL_SFN_SPECIFIC ==&gt; done OK retv 0
CLI_OUTPUT: /Target1/sfn/action ddal_sfn_wakeup_fd 164 100 DDAL_SFN_PERIODIC
CLI_OUTPUT: ret /Target1/sfn/action ddal_sfn_wakeup_fd 164 100 DDAL_SFN_PERIODIC ==&gt; done OK retv 0
CLI_OUTPUT: /Target1/sfn/action ddal_sfn_wakeup_fd 165 100 DDAL_SFN_PERIODIC
CLI_OUTPUT: ret /Target1/sfn/action ddal_sfn_wakeup_fd 165 100 DDAL_SFN_PERIODIC ==&gt; done OK retv 0
CLI_OUTPUT: /Target1/sfn/action ddal_sfn_wakeup_fd 165 100 DDAL_SFN_SPECIFIC
CLI_OUTPUT: ret /Target1/sfn/action ddal_sfn_wakeup_fd 165 100 DDAL_SFN_SPECIFIC ==&gt; done OK retv 0
CLI_OUTPUT: /Target1/sfn/action ddal_sfn_wakeup_fd 165 100 DDAL_SFN_PERIODIC
CLI_OUTPUT: ret /Target1/sfn/action ddal_sfn_wakeup_fd 165 100 DDAL_SFN_PERIODIC ==&gt; done OK retv 0
CLI_OUTPUT: /Target1/sfn/action ddal_sfn_wakeup_fd 166 100 DDAL_SFN_PERIODIC
CLI_OUTPUT: ret /Target1/sfn/action ddal_sfn_wakeup_fd 166 100 DDAL_SFN_PERIODIC ==&gt; done OK retv 0
CLI_OUTPUT: /Target1/sfn/action ddal_sfn_wakeup_fd 166 100 DDAL_SFN_SPECIFIC
CLI_OUTPUT: ret /Target1/sfn/action ddal_sfn_wakeup_fd 166 100 DDAL_SFN_SPECIFIC ==&gt; done OK retv 0
CLI_OUTPUT: /Target1/sfn/action ddal_sfn_wakeup_fd 166 100 DDAL_SFN_PERIODIC
CLI_OUTPUT: ret /Target1/sfn/action ddal_sfn_wakeup_fd 166 100 DDAL_SFN_PERIODIC ==&gt; done OK retv 0
CLI_OUTPUT: /Target1/sfn/action ddal_sfn_wakeup_fd 167 100 DDAL_SFN_PERIODIC
CLI_OUTPUT: ret /Target1/sfn/action ddal_sfn_wakeup_fd 167 100 DDAL_SFN_PERIODIC ==&gt; done OK retv 0
CLI_OUTPUT: /Target1/sfn/action ddal_sfn_wakeup_fd 167 100 DDAL_SFN_SPECIFIC
CLI_OUTPUT: ret /Target1/sfn/action ddal_sfn_wakeup_fd 167 100 DDAL_SFN_SPECIFIC ==&gt; done OK retv 0
CLI_OUTPUT: /Target1/sfn/action ddal_sfn_wakeup_fd 167 100 DDAL_SFN_PERIODIC
CLI_OUTPUT: ret /Target1/sfn/action ddal_sfn_wakeup_fd 167 100 DDAL_SFN_PERIODIC ==&gt; done OK retv 0
CLI_OUTPUT: /Target1/sfn/action ddal_sfn_wakeup_fd 168 100 DDAL_SFN_PERIODIC
CLI_OUTPUT: ret /Target1/sfn/action ddal_sfn_wakeup_fd 168 100 DDAL_SFN_PERIODIC ==&gt; done OK retv 0
CLI_OUTPUT: /Target1/sfn/action ddal_sfn_wakeup_fd 168 100 DDAL_SFN_SPECIFIC
CLI_OUTPUT: ret /Target1/sfn/action ddal_sfn_wakeup_fd 168 100 DDAL_SFN_SPECIFIC ==&gt; done OK retv 0
CLI_OUTPUT: /Target1/sfn/action ddal_sfn_wakeup_fd 168 100 DDAL_SFN_PERIODIC
CLI_OUTPUT: ret /Target1/sfn/action ddal_sfn_wakeup_fd 168 100 DDAL_SFN_PERIODIC ==&gt; done OK retv 0
CLI_OUTPUT: /Target1/sfn/action ddal_sfn_wakeup_fd 169 100 DDAL_SFN_PERIODIC
CLI_OUTPUT: ret /Target1/sfn/action ddal_sfn_wakeup_fd 169 100 DDAL_SFN_PERIODIC ==&gt; done OK retv 0
CLI_OUTPUT: /Target1/sfn/action ddal_sfn_wakeup_fd 169 100 DDAL_SFN_SPECIFIC
CLI_OUTPUT: ret /Target1/sfn/action ddal_sfn_wakeup_fd 169 100 DDAL_SFN_SPECIFIC ==&gt; done OK retv 0
CLI_OUTPUT: /Target1/sfn/action ddal_sfn_wakeup_fd 169 100 DDAL_SFN_PERIODIC
CLI_OUTPUT: ret /Target1/sfn/action ddal_sfn_wakeup_fd 169 100 DDAL_SFN_PERIODIC ==&gt; done OK retv 0
CLI_OUTPUT: /Target1/sfn/action ddal_sfn_wakeup_fd 170 100 DDAL_SFN_PERIODIC
CLI_OUTPUT: ret /Target1/sfn/action ddal_sfn_wakeup_fd 170 100 DDAL_SFN_PERIODIC ==&gt; done OK retv 0
CLI_OUTPUT: /Target1/sfn/action ddal_sfn_wakeup_fd 170 100 DDAL_SFN_SPECIFIC
CLI_OUTPUT: ret /Target1/sfn/action ddal_sfn_wakeup_fd 170 100 DDAL_SFN_SPECIFIC ==&gt; done OK retv 0
CLI_OUTPUT: /Target1/sfn/action ddal_sfn_wakeup_fd 170 100 DDAL_SFN_PERIODIC
CLI_OUTPUT: ret /Target1/sfn/action ddal_sfn_wakeup_fd 170 100 DDAL_SFN_PERIODIC ==&gt; done OK retv 0
CLI_OUTPUT: /Target1/sfn/action ddal_sfn_wakeup_fd 171 100 DDAL_SFN_PERIODIC
CLI_OUTPUT: ret /Target1/sfn/action ddal_sfn_wakeup_fd 171 100 DDAL_SFN_PERIODIC ==&gt; done OK retv 0
CLI_OUTPUT: /Target1/sfn/action ddal_sfn_wakeup_fd 171 100 DDAL_SFN_SPECIFIC
CLI_OUTPUT: ret /Target1/sfn/action ddal_sfn_wakeup_fd 171 100 DDAL_SFN_SPECIFIC ==&gt; done OK retv 0
CLI_OUTPUT: /Target1/sfn/action ddal_sfn_wakeup_fd 171 100 DDAL_SFN_PERIODIC
CLI_OUTPUT: ret /Target1/sfn/action ddal_sfn_wakeup_fd 171 100 DDAL_SFN_PERIODIC ==&gt; done OK retv 0
CLI_OUTPUT: /Target1/sfn/action ddal_sfn_wakeup_fd 172 100 DDAL_SFN_PERIODIC
CLI_OUTPUT: ret /Target1/sfn/action ddal_sfn_wakeup_fd 172 100 DDAL_SFN_PERIODIC ==&gt; done OK retv 0
CLI_OUTPUT: /Target1/sfn/action ddal_sfn_wakeup_fd 172 100 DDAL_SFN_SPECIFIC
CLI_OUTPUT: ret /Target1/sfn/action ddal_sfn_wakeup_fd 172 100 DDAL_SFN_SPECIFIC ==&gt; done OK retv 0
CLI_OUTPUT: /Target1/sfn/action ddal_sfn_wakeup_fd 172 100 DDAL_SFN_PERIODIC
CLI_OUTPUT: ret /Target1/sfn/action ddal_sfn_wakeup_fd 172 100 DDAL_SFN_PERIODIC ==&gt; done OK retv 0
CLI_OUTPUT: /Target1/sfn/action ddal_sfn_wakeup_fd 173 100 DDAL_SFN_PERIODIC
CLI_OUTPUT: ret /Target1/sfn/action ddal_sfn_wakeup_fd 173 100 DDAL_SFN_PERIODIC ==&gt; done OK retv 0
CLI_OUTPUT: /Target1/sfn/action ddal_sfn_wakeup_fd 173 100 DDAL_SFN_SPECIFIC
CLI_OUTPUT: ret /Target1/sfn/action ddal_sfn_wakeup_fd 173 100 DDAL_SFN_SPECIFIC ==&gt; done OK retv 0
CLI_OUTPUT: /Target1/sfn/action ddal_sfn_wakeup_fd 173 100 DDAL_SFN_PERIODIC
CLI_OUTPUT: ret /Target1/sfn/action ddal_sfn_wakeup_fd 173 100 DDAL_SFN_PERIODIC ==&gt; done OK retv 0
CLI_OUTPUT: /Target1/sfn/action ddal_sfn_wakeup_fd 174 100 DDAL_SFN_PERIODIC
CLI_OUTPUT: ret /Target1/sfn/action ddal_sfn_wakeup_fd 174 100 DDAL_SFN_PERIODIC ==&gt; done OK retv 0
CLI_OUTPUT: /Target1/sfn/action ddal_sfn_wakeup_fd 174 100 DDAL_SFN_SPECIFIC
CLI_OUTPUT: ret /Target1/sfn/action ddal_sfn_wakeup_fd 174 100 DDAL_SFN_SPECIFIC ==&gt; done OK retv 0
CLI_OUTPUT: /Target1/sfn/action ddal_sfn_wakeup_fd 174 100 DDAL_SFN_PERIODIC
CLI_OUTPUT: ret /Target1/sfn/action ddal_sfn_wakeup_fd 174 100 DDAL_SFN_PERIODIC ==&gt; done OK retv 0
CLI_OUTPUT: /Target1/sfn/action ddal_sfn_wakeup_fd 175 100 DDAL_SFN_PERIODIC
CLI_OUTPUT: ret /Target1/sfn/action ddal_sfn_wakeup_fd 175 100 DDAL_SFN_PERIODIC ==&gt; done OK retv 0
CLI_OUTPUT: /Target1/sfn/action ddal_sfn_wakeup_fd 175 100 DDAL_SFN_SPECIFIC
CLI_OUTPUT: ret /Target1/sfn/action ddal_sfn_wakeup_fd 175 100 DDAL_SFN_SPECIFIC ==&gt; done OK retv 0
CLI_OUTPUT: /Target1/sfn/action ddal_sfn_wakeup_fd 175 100 DDAL_SFN_PERIODIC
CLI_OUTPUT: ret /Target1/sfn/action ddal_sfn_wakeup_fd 175 100 DDAL_SFN_PERIODIC ==&gt; done OK retv 0
CLI_OUTPUT: /Target1/sfn/action ddal_sfn_wakeup_fd 176 100 DDAL_SFN_PERIODIC
CLI_OUTPUT: ret /Target1/sfn/action ddal_sfn_wakeup_fd 176 100 DDAL_SFN_PERIODIC ==&gt; done OK retv 0
CLI_OUTPUT: /Target1/sfn/action ddal_sfn_wakeup_fd 176 100 DDAL_SFN_SPECIFIC
CLI_OUTPUT: ret /Target1/sfn/action ddal_sfn_wakeup_fd 176 100 DDAL_SFN_SPECIFIC ==&gt; done OK retv 0
CLI_OUTPUT: /Target1/sfn/action ddal_sfn_wakeup_fd 176 100 DDAL_SFN_PERIODIC
CLI_OUTPUT: ret /Target1/sfn/action ddal_sfn_wakeup_fd 176 100 DDAL_SFN_PERIODIC ==&gt; done OK retv 0
CLI_OUTPUT: /Target1/sfn/action ddal_sfn_wakeup_fd 177 100 DDAL_SFN_PERIODIC
CLI_OUTPUT: ret /Target1/sfn/action ddal_sfn_wakeup_fd 177 100 DDAL_SFN_PERIODIC ==&gt; done OK retv 0
CLI_OUTPUT: /Target1/sfn/action ddal_sfn_wakeup_fd 177 100 DDAL_SFN_SPECIFIC
CLI_OUTPUT: ret /Target1/sfn/action ddal_sfn_wakeup_fd 177 100 DDAL_SFN_SPECIFIC ==&gt; done OK retv 0
CLI_OUTPUT: /Target1/sfn/action ddal_sfn_wakeup_fd 177 100 DDAL_SFN_PERIODIC
CLI_OUTPUT: ret /Target1/sfn/action ddal_sfn_wakeup_fd 177 100 DDAL_SFN_PERIODIC ==&gt; done OK retv 0
CLI_OUTPUT: /Target1/sfn/action ddal_sfn_wakeup_fd 178 100 DDAL_SFN_PERIODIC
CLI_OUTPUT: ret /Target1/sfn/action ddal_sfn_wakeup_fd 178 100 DDAL_SFN_PERIODIC ==&gt; done OK retv 0
CLI_OUTPUT: /Target1/sfn/action ddal_sfn_wakeup_fd 178 100 DDAL_SFN_SPECIFIC
CLI_OUTPUT: ret /Target1/sfn/action ddal_sfn_wakeup_fd 178 100 DDAL_SFN_SPECIFIC ==&gt; done OK retv 0
CLI_OUTPUT: /Target1/sfn/action ddal_sfn_wakeup_fd 178 100 DDAL_SFN_PERIODIC
CLI_OUTPUT: ret /Target1/sfn/action ddal_sfn_wakeup_fd 178 100 DDAL_SFN_PERIODIC ==&gt; done OK retv 0
CLI_OUTPUT: /Target1/sfn/action ddal_sfn_wakeup_fd 179 100 DDAL_SFN_PERIODIC
CLI_OUTPUT: ret /Target1/sfn/action ddal_sfn_wakeup_fd 179 100 DDAL_SFN_PERIODIC ==&gt; done OK retv 0
CLI_OUTPUT: /Target1/sfn/action ddal_sfn_wakeup_fd 179 100 DDAL_SFN_SPECIFIC
CLI_OUTPUT: ret /Target1/sfn/action ddal_sfn_wakeup_fd 179 100 DDAL_SFN_SPECIFIC ==&gt; done OK retv 0
CLI_OUTPUT: /Target1/sfn/action ddal_sfn_wakeup_fd 179 100 DDAL_SFN_PERIODIC
CLI_OUTPUT: ret /Target1/sfn/action ddal_sfn_wakeup_fd 179 100 DDAL_SFN_PERIODIC ==&gt; done OK retv 0
CLI_OUTPUT: /Target1/sfn/action ddal_sfn_wakeup_fd 180 100 DDAL_SFN_PERIODIC
CLI_OUTPUT: ret /Target1/sfn/action ddal_sfn_wakeup_fd 180 100 DDAL_SFN_PERIODIC ==&gt; done OK retv 0
CLI_OUTPUT: /Target1/sfn/action ddal_sfn_wakeup_fd 180 100 DDAL_SFN_SPECIFIC
CLI_OUTPUT: ret /Target1/sfn/action ddal_sfn_wakeup_fd 180 100 DDAL_SFN_SPECIFIC ==&gt; done OK retv 0
CLI_OUTPUT: /Target1/sfn/action ddal_sfn_wakeup_fd 180 100 DDAL_SFN_PERIODIC
CLI_OUTPUT: ret /Target1/sfn/action ddal_sfn_wakeup_fd 180 100 DDAL_SFN_PERIODIC ==&gt; done OK retv 0
CLI_OUTPUT: /Target1/sfn/action ddal_sfn_wakeup_fd 181 100 DDAL_SFN_PERIODIC
CLI_OUTPUT: ret /Target1/sfn/action ddal_sfn_wakeup_fd 181 100 DDAL_SFN_PERIODIC ==&gt; done OK retv 0
CLI_OUTPUT: /Target1/sfn/action ddal_sfn_wakeup_fd 181 100 DDAL_SFN_SPECIFIC
CLI_OUTPUT: ret /Target1/sfn/action ddal_sfn_wakeup_fd 181 100 DDAL_SFN_SPECIFIC ==&gt; done OK retv 0
CLI_OUTPUT: /Target1/sfn/action ddal_sfn_wakeup_fd 181 100 DDAL_SFN_PERIODIC
CLI_OUTPUT: ret /Target1/sfn/action ddal_sfn_wakeup_fd 181 100 DDAL_SFN_PERIODIC ==&gt; done OK retv 0
CLI_OUTPUT: /Target1/sfn/action ddal_sfn_wakeup_fd 182 100 DDAL_SFN_PERIODIC
CLI_OUTPUT: ret /Target1/sfn/action ddal_sfn_wakeup_fd 182 100 DDAL_SFN_PERIODIC ==&gt; done OK retv 0
CLI_OUTPUT: /Target1/sfn/action ddal_sfn_wakeup_fd 182 100 DDAL_SFN_SPECIFIC
CLI_OUTPUT: ret /Target1/sfn/action ddal_sfn_wakeup_fd 182 100 DDAL_SFN_SPECIFIC ==&gt; done OK retv 0
CLI_OUTPUT: /Target1/sfn/action ddal_sfn_wakeup_fd 182 100 DDAL_SFN_PERIODIC
CLI_OUTPUT: ret /Target1/sfn/action ddal_sfn_wakeup_fd 182 100 DDAL_SFN_PERIODIC ==&gt; done OK retv 0
CLI_OUTPUT: /Target1/sfn/action ddal_sfn_wakeup_fd 183 100 DDAL_SFN_PERIODIC
CLI_OUTPUT: ret /Target1/sfn/action ddal_sfn_wakeup_fd 183 100 DDAL_SFN_PERIODIC ==&gt; done OK retv 0
CLI_OUTPUT: /Target1/sfn/action ddal_sfn_wakeup_fd 183 100 DDAL_SFN_SPECIFIC
CLI_OUTPUT: ret /Target1/sfn/action ddal_sfn_wakeup_fd 183 100 DDAL_SFN_SPECIFIC ==&gt; done OK retv 0
CLI_OUTPUT: /Target1/sfn/action ddal_sfn_wakeup_fd 183 100 DDAL_SFN_PERIODIC
CLI_OUTPUT: ret /Target1/sfn/action ddal_sfn_wakeup_fd 183 100 DDAL_SFN_PERIODIC ==&gt; done OK retv 0
CLI_OUTPUT: /Target1/sfn/action ddal_sfn_wakeup_fd 184 100 DDAL_SFN_PERIODIC
CLI_OUTPUT: ret /Target1/sfn/action ddal_sfn_wakeup_fd 184 100 DDAL_SFN_PERIODIC ==&gt; done OK retv 0
CLI_OUTPUT: /Target1/sfn/action ddal_sfn_wakeup_fd 184 100 DDAL_SFN_SPECIFIC
CLI_OUTPUT: ret /Target1/sfn/action ddal_sfn_wakeup_fd 184 100 DDAL_SFN_SPECIFIC ==&gt; done OK retv 0
CLI_OUTPUT: /Target1/sfn/action ddal_sfn_wakeup_fd 184 100 DDAL_SFN_PERIODIC
CLI_OUTPUT: ret /Target1/sfn/action ddal_sfn_wakeup_fd 184 100 DDAL_SFN_PERIODIC ==&gt; done OK retv 0
CLI_OUTPUT: /Target1/sfn/action ddal_sfn_wakeup_fd 185 100 DDAL_SFN_PERIODIC
CLI_OUTPUT: ret /Target1/sfn/action ddal_sfn_wakeup_fd 185 100 DDAL_SFN_PERIODIC ==&gt; done OK retv 0
CLI_OUTPUT: /Target1/sfn/action ddal_sfn_wakeup_fd 185 100 DDAL_SFN_SPECIFIC
CLI_OUTPUT: ret /Target1/sfn/action ddal_sfn_wakeup_fd 185 100 DDAL_SFN_SPECIFIC ==&gt; done OK retv 0
CLI_OUTPUT: /Target1/sfn/action ddal_sfn_wakeup_fd 185 100 DDAL_SFN_PERIODIC
CLI_OUTPUT: ret /Target1/sfn/action ddal_sfn_wakeup_fd 185 100 DDAL_SFN_PERIODIC ==&gt; done OK retv 0
CLI_OUTPUT: /Target1/sfn/action ddal_sfn_wakeup_fd 186 100 DDAL_SFN_PERIODIC
CLI_OUTPUT: ret /Target1/sfn/action ddal_sfn_wakeup_fd 186 100 DDAL_SFN_PERIODIC ==&gt; done OK retv 0
CLI_OUTPUT: /Target1/sfn/action ddal_sfn_wakeup_fd 186 100 DDAL_SFN_SPECIFIC
CLI_OUTPUT: ret /Target1/sfn/action ddal_sfn_wakeup_fd 186 100 DDAL_SFN_SPECIFIC ==&gt; done OK retv 0
CLI_OUTPUT: /Target1/sfn/action ddal_sfn_wakeup_fd 186 100 DDAL_SFN_PERIODIC
CLI_OUTPUT: ret /Target1/sfn/action ddal_sfn_wakeup_fd 186 100 DDAL_SFN_PERIODIC ==&gt; done OK retv 0
CLI_OUTPUT: /Target1/sfn/action ddal_sfn_wakeup_fd 187 100 DDAL_SFN_PERIODIC
CLI_OUTPUT: ret /Target1/sfn/action ddal_sfn_wakeup_fd 187 100 DDAL_SFN_PERIODIC ==&gt; done OK retv 0
CLI_OUTPUT: /Target1/sfn/action ddal_sfn_wakeup_fd 187 100 DDAL_SFN_SPECIFIC
CLI_OUTPUT: ret /Target1/sfn/action ddal_sfn_wakeup_fd 187 100 DDAL_SFN_SPECIFIC ==&gt; done OK retv 0
CLI_OUTPUT: /Target1/sfn/action ddal_sfn_wakeup_fd 187 100 DDAL_SFN_PERIODIC
CLI_OUTPUT: ret /Target1/sfn/action ddal_sfn_wakeup_fd 187 100 DDAL_SFN_PERIODIC ==&gt; done OK retv 0
CLI_OUTPUT: /Target1/sfn/action ddal_sfn_wakeup_fd 188 100 DDAL_SFN_PERIODIC
CLI_OUTPUT: ret /Target1/sfn/action ddal_sfn_wakeup_fd 188 100 DDAL_SFN_PERIODIC ==&gt; done OK retv 0
CLI_OUTPUT: /Target1/sfn/action ddal_sfn_wakeup_fd 188 100 DDAL_SFN_SPECIFIC
CLI_OUTPUT: ret /Target1/sfn/action ddal_sfn_wakeup_fd 188 100 DDAL_SFN_SPECIFIC ==&gt; done OK retv 0
CLI_OUTPUT: /Target1/sfn/action ddal_sfn_wakeup_fd 188 100 DDAL_SFN_PERIODIC
CLI_OUTPUT: ret /Target1/sfn/action ddal_sfn_wakeup_fd 188 100 DDAL_SFN_PERIODIC ==&gt; done OK retv 0
CLI_OUTPUT: /Target1/sfn/action ddal_sfn_wakeup_fd 189 100 DDAL_SFN_PERIODIC
CLI_OUTPUT: ret /Target1/sfn/action ddal_sfn_wakeup_fd 189 100 DDAL_SFN_PERIODIC ==&gt; done OK retv 0
CLI_OUTPUT: /Target1/sfn/action ddal_sfn_wakeup_fd 189 100 DDAL_SFN_SPECIFIC
CLI_OUTPUT: ret /Target1/sfn/action ddal_sfn_wakeup_fd 189 100 DDAL_SFN_SPECIFIC ==&gt; done OK retv 0
CLI_OUTPUT: /Target1/sfn/action ddal_sfn_wakeup_fd 189 100 DDAL_SFN_PERIODIC
CLI_OUTPUT: ret /Target1/sfn/action ddal_sfn_wakeup_fd 189 100 DDAL_SFN_PERIODIC ==&gt; done OK retv 0
CLI_OUTPUT: /Target1/sfn/action ddal_sfn_wakeup_fd 190 100 DDAL_SFN_PERIODIC
CLI_OUTPUT: ret /Target1/sfn/action ddal_sfn_wakeup_fd 190 100 DDAL_SFN_PERIODIC ==&gt; done OK retv 0
CLI_OUTPUT: /Target1/sfn/action ddal_sfn_wakeup_fd 190 100 DDAL_SFN_SPECIFIC
CLI_OUTPUT: ret /Target1/sfn/action ddal_sfn_wakeup_fd 190 100 DDAL_SFN_SPECIFIC ==&gt; done OK retv 0
CLI_OUTPUT: /Target1/sfn/action ddal_sfn_wakeup_fd 190 100 DDAL_SFN_PERIODIC
CLI_OUTPUT: ret /Target1/sfn/action ddal_sfn_wakeup_fd 190 100 DDAL_SFN_PERIODIC ==&gt; done OK retv 0
CLI_OUTPUT: /Target1/sfn/action ddal_sfn_wakeup_fd 191 100 DDAL_SFN_PERIODIC
CLI_OUTPUT: ret /Target1/sfn/action ddal_sfn_wakeup_fd 191 100 DDAL_SFN_PERIODIC ==&gt; done OK retv 0
CLI_OUTPUT: /Target1/sfn/action ddal_sfn_wakeup_fd 191 100 DDAL_SFN_SPECIFIC
CLI_OUTPUT: ret /Target1/sfn/action ddal_sfn_wakeup_fd 191 100 DDAL_SFN_SPECIFIC ==&gt; done OK retv 0
CLI_OUTPUT: /Target1/sfn/action ddal_sfn_wakeup_fd 191 100 DDAL_SFN_PERIODIC
CLI_OUTPUT: ret /Target1/sfn/action ddal_sfn_wakeup_fd 191 100 DDAL_SFN_PERIODIC ==&gt; done OK retv 0
CLI_OUTPUT: /Target1/sfn/action ddal_sfn_wakeup_fd 192 100 DDAL_SFN_PERIODIC
CLI_OUTPUT: ret /Target1/sfn/action ddal_sfn_wakeup_fd 192 100 DDAL_SFN_PERIODIC ==&gt; done OK retv 0
CLI_OUTPUT: /Target1/sfn/action ddal_sfn_wakeup_fd 192 100 DDAL_SFN_SPECIFIC
CLI_OUTPUT: ret /Target1/sfn/action ddal_sfn_wakeup_fd 192 100 DDAL_SFN_SPECIFIC ==&gt; done OK retv 0
CLI_OUTPUT: /Target1/sfn/action ddal_sfn_wakeup_fd 192 100 DDAL_SFN_PERIODIC
CLI_OUTPUT: ret /Target1/sfn/action ddal_sfn_wakeup_fd 192 100 DDAL_SFN_PERIODIC ==&gt; done OK retv 0
CLI_OUTPUT: /Target1/sfn/action ddal_sfn_wakeup_fd 193 100 DDAL_SFN_PERIODIC
CLI_OUTPUT: ret /Target1/sfn/action ddal_sfn_wakeup_fd 193 100 DDAL_SFN_PERIODIC ==&gt; done OK retv 0
CLI_OUTPUT: /Target1/sfn/action ddal_sfn_wakeup_fd 193 100 DDAL_SFN_SPECIFIC
CLI_OUTPUT: ret /Target1/sfn/action ddal_sfn_wakeup_fd 193 100 DDAL_SFN_SPECIFIC ==&gt; done OK retv 0
CLI_OUTPUT: /Target1/sfn/action ddal_sfn_wakeup_fd 193 100 DDAL_SFN_PERIODIC
CLI_OUTPUT: ret /Target1/sfn/action ddal_sfn_wakeup_fd 193 100 DDAL_SFN_PERIODIC ==&gt; done OK retv 0
CLI_OUTPUT: /Target1/sfn/action ddal_sfn_wakeup_fd 194 100 DDAL_SFN_PERIODIC
CLI_OUTPUT: ret /Target1/sfn/action ddal_sfn_wakeup_fd 194 100 DDAL_SFN_PERIODIC ==&gt; done OK retv 0
CLI_OUTPUT: /Target1/sfn/action ddal_sfn_wakeup_fd 194 100 DDAL_SFN_SPECIFIC
CLI_OUTPUT: ret /Target1/sfn/action ddal_sfn_wakeup_fd 194 100 DDAL_SFN_SPECIFIC ==&gt; done OK retv 0
CLI_OUTPUT: /Target1/sfn/action ddal_sfn_wakeup_fd 194 100 DDAL_SFN_PERIODIC
CLI_OUTPUT: ret /Target1/sfn/action ddal_sfn_wakeup_fd 194 100 DDAL_SFN_PERIODIC ==&gt; done OK retv 0
CLI_OUTPUT: /Target1/sfn/action ddal_sfn_wakeup_fd 195 100 DDAL_SFN_PERIODIC
CLI_OUTPUT: ret /Target1/sfn/action ddal_sfn_wakeup_fd 195 100 DDAL_SFN_PERIODIC ==&gt; done OK retv 0
CLI_OUTPUT: /Target1/sfn/action ddal_sfn_wakeup_fd 195 100 DDAL_SFN_SPECIFIC
CLI_OUTPUT: ret /Target1/sfn/action ddal_sfn_wakeup_fd 195 100 DDAL_SFN_SPECIFIC ==&gt; done OK retv 0
CLI_OUTPUT: /Target1/sfn/action ddal_sfn_wakeup_fd 195 100 DDAL_SFN_PERIODIC
CLI_OUTPUT: ret /Target1/sfn/action ddal_sfn_wakeup_fd 195 100 DDAL_SFN_PERIODIC ==&gt; done OK retv 0
CLI_OUTPUT: /Target1/sfn/action ddal_sfn_wakeup_fd 196 100 DDAL_SFN_PERIODIC
CLI_OUTPUT: ret /Target1/sfn/action ddal_sfn_wakeup_fd 196 100 DDAL_SFN_PERIODIC ==&gt; done OK retv 0
CLI_OUTPUT: /Target1/sfn/action ddal_sfn_wakeup_fd 196 100 DDAL_SFN_SPECIFIC
CLI_OUTPUT: ret /Target1/sfn/action ddal_sfn_wakeup_fd 196 100 DDAL_SFN_SPECIFIC ==&gt; done OK retv 0
CLI_OUTPUT: /Target1/sfn/action ddal_sfn_wakeup_fd 196 100 DDAL_SFN_PERIODIC
CLI_OUTPUT: ret /Target1/sfn/action ddal_sfn_wakeup_fd 196 100 DDAL_SFN_PERIODIC ==&gt; done OK retv 0
CLI_OUTPUT: /Target1/sfn/action ddal_sfn_wakeup_fd 197 100 DDAL_SFN_PERIODIC
CLI_OUTPUT: ret /Target1/sfn/action ddal_sfn_wakeup_fd 197 100 DDAL_SFN_PERIODIC ==&gt; done OK retv 0
CLI_OUTPUT: /Target1/sfn/action ddal_sfn_wakeup_fd 197 100 DDAL_SFN_SPECIFIC
CLI_OUTPUT: ret /Target1/sfn/action ddal_sfn_wakeup_fd 197 100 DDAL_SFN_SPECIFIC ==&gt; done OK retv 0
CLI_OUTPUT: /Target1/sfn/action ddal_sfn_wakeup_fd 197 100 DDAL_SFN_PERIODIC
CLI_OUTPUT: ret /Target1/sfn/action ddal_sfn_wakeup_fd 197 100 DDAL_SFN_PERIODIC ==&gt; done OK retv 0
CLI_OUTPUT: /Target1/sfn/action ddal_sfn_wakeup_fd 198 100 DDAL_SFN_PERIODIC
CLI_OUTPUT: ret /Target1/sfn/action ddal_sfn_wakeup_fd 198 100 DDAL_SFN_PERIODIC ==&gt; done OK retv 0
CLI_OUTPUT: /Target1/sfn/action ddal_sfn_wakeup_fd 198 100 DDAL_SFN_SPECIFIC
CLI_OUTPUT: ret /Target1/sfn/action ddal_sfn_wakeup_fd 198 100 DDAL_SFN_SPECIFIC ==&gt; done OK retv 0
CLI_OUTPUT: /Target1/sfn/action ddal_sfn_wakeup_fd 198 100 DDAL_SFN_PERIODIC
CLI_OUTPUT: ret /Target1/sfn/action ddal_sfn_wakeup_fd 198 100 DDAL_SFN_PERIODIC ==&gt; done OK retv 0
CLI_OUTPUT: /Target1/sfn/action ddal_sfn_wakeup_fd 199 100 DDAL_SFN_PERIODIC
CLI_OUTPUT: ret /Target1/sfn/action ddal_sfn_wakeup_fd 199 100 DDAL_SFN_PERIODIC ==&gt; done OK retv 0
CLI_OUTPUT: /Target1/sfn/action ddal_sfn_wakeup_fd 199 100 DDAL_SFN_SPECIFIC
CLI_OUTPUT: ret /Target1/sfn/action ddal_sfn_wakeup_fd 199 100 DDAL_SFN_SPECIFIC ==&gt; done OK retv 0
CLI_OUTPUT: /Target1/sfn/action ddal_sfn_wakeup_fd 199 100 DDAL_SFN_PERIODIC
CLI_OUTPUT: ret /Target1/sfn/action ddal_sfn_wakeup_fd 199 100 DDAL_SFN_PERIODIC ==&gt; done OK retv 0
CLI_OUTPUT: /Target1/sfn/action ddal_sfn_wakeup_fd 200 100 DDAL_SFN_PERIODIC
CLI_OUTPUT: ret /Target1/sfn/action ddal_sfn_wakeup_fd 200 100 DDAL_SFN_PERIODIC ==&gt; done OK retv 0
CLI_OUTPUT: /Target1/sfn/action ddal_sfn_wakeup_fd 200 100 DDAL_SFN_SPECIFIC
CLI_OUTPUT: ret /Target1/sfn/action ddal_sfn_wakeup_fd 200 100 DDAL_SFN_SPECIFIC ==&gt; done OK retv 0
CLI_OUTPUT: /Target1/sfn/action ddal_sfn_wakeup_fd 200 100 DDAL_SFN_PERIODIC
CLI_OUTPUT: ret /Target1/sfn/action ddal_sfn_wakeup_fd 200 100 DDAL_SFN_PERIODIC ==&gt; done OK retv 0
CLI_OUTPUT: /Target1/sfn/action ddal_sfn_wakeup_fd 201 100 DDAL_SFN_PERIODIC
CLI_OUTPUT: ret /Target1/sfn/action ddal_sfn_wakeup_fd 201 100 DDAL_SFN_PERIODIC ==&gt; done OK retv 0
CLI_OUTPUT: /Target1/sfn/action ddal_sfn_wakeup_fd 201 100 DDAL_SFN_SPECIFIC
CLI_OUTPUT: ret /Target1/sfn/action ddal_sfn_wakeup_fd 201 100 DDAL_SFN_SPECIFIC ==&gt; done OK retv 0
CLI_OUTPUT: /Target1/sfn/action ddal_sfn_wakeup_fd 201 100 DDAL_SFN_PERIODIC
CLI_OUTPUT: ret /Target1/sfn/action ddal_sfn_wakeup_fd 201 100 DDAL_SFN_PERIODIC ==&gt; done OK retv 0
CLI_OUTPUT: /Target1/sfn/action ddal_sfn_wakeup_fd 202 100 DDAL_SFN_PERIODIC
CLI_OUTPUT: ret /Target1/sfn/action ddal_sfn_wakeup_fd 202 100 DDAL_SFN_PERIODIC ==&gt; done OK retv 0
CLI_OUTPUT: /Target1/sfn/action ddal_sfn_wakeup_fd 202 100 DDAL_SFN_SPECIFIC
CLI_OUTPUT: ret /Target1/sfn/action ddal_sfn_wakeup_fd 202 100 DDAL_SFN_SPECIFIC ==&gt; done OK retv 0
CLI_OUTPUT: /Target1/sfn/action ddal_sfn_wakeup_fd 202 100 DDAL_SFN_PERIODIC
CLI_OUTPUT: ret /Target1/sfn/action ddal_sfn_wakeup_fd 202 100 DDAL_SFN_PERIODIC ==&gt; done OK retv 0
CLI_OUTPUT: /Target1/sfn/action ddal_sfn_wakeup_fd 203 100 DDAL_SFN_PERIODIC
CLI_OUTPUT: ret /Target1/sfn/action ddal_sfn_wakeup_fd 203 100 DDAL_SFN_PERIODIC ==&gt; done OK retv 0
CLI_OUTPUT: /Target1/sfn/action ddal_sfn_wakeup_fd 203 100 DDAL_SFN_SPECIFIC
CLI_OUTPUT: ret /Target1/sfn/action ddal_sfn_wakeup_fd 203 100 DDAL_SFN_SPECIFIC ==&gt; done OK retv 0
CLI_OUTPUT: /Target1/sfn/action ddal_sfn_wakeup_fd 203 100 DDAL_SFN_PERIODIC
CLI_OUTPUT: ret /Target1/sfn/action ddal_sfn_wakeup_fd 203 100 DDAL_SFN_PERIODIC ==&gt; done OK retv 0
CLI_OUTPUT: /Target1/sfn/action ddal_sfn_wakeup_fd 204 100 DDAL_SFN_PERIODIC
CLI_OUTPUT: ret /Target1/sfn/action ddal_sfn_wakeup_fd 204 100 DDAL_SFN_PERIODIC ==&gt; done OK retv 0
CLI_OUTPUT: /Target1/sfn/action ddal_sfn_wakeup_fd 204 100 DDAL_SFN_SPECIFIC
CLI_OUTPUT: ret /Target1/sfn/action ddal_sfn_wakeup_fd 204 100 DDAL_SFN_SPECIFIC ==&gt; done OK retv 0
CLI_OUTPUT: /Target1/sfn/action ddal_sfn_wakeup_fd 204 100 DDAL_SFN_PERIODIC
CLI_OUTPUT: ret /Target1/sfn/action ddal_sfn_wakeup_fd 204 100 DDAL_SFN_PERIODIC ==&gt; done OK retv 0
CLI_OUTPUT: /Target1/sfn/action ddal_sfn_wakeup_fd 205 100 DDAL_SFN_PERIODIC
CLI_OUTPUT: ret /Target1/sfn/action ddal_sfn_wakeup_fd 205 100 DDAL_SFN_PERIODIC ==&gt; done OK retv 0
CLI_OUTPUT: /Target1/sfn/action ddal_sfn_wakeup_fd 205 100 DDAL_SFN_SPECIFIC
CLI_OUTPUT: ret /Target1/sfn/action ddal_sfn_wakeup_fd 205 100 DDAL_SFN_SPECIFIC ==&gt; done OK retv 0
CLI_OUTPUT: /Target1/sfn/action ddal_sfn_wakeup_fd 205 100 DDAL_SFN_PERIODIC
CLI_OUTPUT: ret /Target1/sfn/action ddal_sfn_wakeup_fd 205 100 DDAL_SFN_PERIODIC ==&gt; done OK retv 0
CLI_OUTPUT: /Target1/sfn/action ddal_sfn_wakeup_fd 206 100 DDAL_SFN_PERIODIC
CLI_OUTPUT: ret /Target1/sfn/action ddal_sfn_wakeup_fd 206 100 DDAL_SFN_PERIODIC ==&gt; done OK retv 0
CLI_OUTPUT: /Target1/sfn/action ddal_sfn_wakeup_fd 206 100 DDAL_SFN_SPECIFIC
CLI_OUTPUT: ret /Target1/sfn/action ddal_sfn_wakeup_fd 206 100 DDAL_SFN_SPECIFIC ==&gt; done OK retv 0
CLI_OUTPUT: /Target1/sfn/action ddal_sfn_wakeup_fd 206 100 DDAL_SFN_PERIODIC
CLI_OUTPUT: ret /Target1/sfn/action ddal_sfn_wakeup_fd 206 100 DDAL_SFN_PERIODIC ==&gt; done OK retv 0
CLI_OUTPUT: /Target1/sfn/action ddal_sfn_close_file_descriptor 7
CLI_OUTPUT: ret /Target1/sfn/action ddal_sfn_close_file_descriptor 7 ==&gt; done OK retv 0
CLI_OUTPUT: /Target1/sfn/action ddal_sfn_close_file_descriptor 8
CLI_OUTPUT: ret /Target1/sfn/action ddal_sfn_close_file_descriptor 8 ==&gt; done OK retv 0
CLI_OUTPUT: /Target1/sfn/action ddal_sfn_close_file_descriptor 9
CLI_OUTPUT: ret /Target1/sfn/action ddal_sfn_close_file_descriptor 9 ==&gt; done OK retv 0
CLI_OUTPUT: /Target1/sfn/action ddal_sfn_close_file_descriptor 10
CLI_OUTPUT: ret /Target1/sfn/action ddal_sfn_close_file_descriptor 10 ==&gt; done OK retv 0
CLI_OUTPUT: /Target1/sfn/action ddal_sfn_close_file_descriptor 11
CLI_OUTPUT: ret /Target1/sfn/action ddal_sfn_close_file_descriptor 11 ==&gt; done OK retv 0
CLI_OUTPUT: /Target1/sfn/action ddal_sfn_close_file_descriptor 12
CLI_OUTPUT: ret /Target1/sfn/action ddal_sfn_close_file_descriptor 12 ==&gt; done OK retv 0
CLI_OUTPUT: /Target1/sfn/action ddal_sfn_close_file_descriptor 13
CLI_OUTPUT: ret /Target1/sfn/action ddal_sfn_close_file_descriptor 13 ==&gt; done OK retv 0
CLI_OUTPUT: /Target1/sfn/action ddal_sfn_close_file_descriptor 14
CLI_OUTPUT: ret /Target1/sfn/action ddal_sfn_close_file_descriptor 14 ==&gt; done OK retv 0
CLI_OUTPUT: /Target1/sfn/action ddal_sfn_close_file_descriptor 15
CLI_OUTPUT: ret /Target1/sfn/action ddal_sfn_close_file_descriptor 15 ==&gt; done OK retv 0
CLI_OUTPUT: /Target1/sfn/action ddal_sfn_close_file_descriptor 16
CLI_OUTPUT: ret /Target1/sfn/action ddal_sfn_close_file_descriptor 16 ==&gt; done OK retv 0
CLI_OUTPUT: /Target1/sfn/action ddal_sfn_close_file_descriptor 17
CLI_OUTPUT: ret /Target1/sfn/action ddal_sfn_close_file_descriptor 17 ==&gt; done OK retv 0
CLI_OUTPUT: /Target1/sfn/action ddal_sfn_close_file_descriptor 18
CLI_OUTPUT: ret /Target1/sfn/action ddal_sfn_close_file_descriptor 18 ==&gt; done OK retv 0
CLI_OUTPUT: /Target1/sfn/action ddal_sfn_close_file_descriptor 19
CLI_OUTPUT: ret /Target1/sfn/action ddal_sfn_close_file_descriptor 19 ==&gt; done OK retv 0
CLI_OUTPUT: /Target1/sfn/action ddal_sfn_close_file_descriptor 20
CLI_OUTPUT: ret /Target1/sfn/action ddal_sfn_close_file_descriptor 20 ==&gt; done OK retv 0
CLI_OUTPUT: /Target1/sfn/action ddal_sfn_close_file_descriptor 21
CLI_OUTPUT: ret /Target1/sfn/action ddal_sfn_close_file_descriptor 21 ==&gt; done OK retv 0
CLI_OUTPUT: /Target1/sfn/action ddal_sfn_close_file_descriptor 22
CLI_OUTPUT: ret /Target1/sfn/action ddal_sfn_close_file_descriptor 22 ==&gt; done OK retv 0
CLI_OUTPUT: /Target1/sfn/action ddal_sfn_close_file_descriptor 23
CLI_OUTPUT: ret /Target1/sfn/action ddal_sfn_close_file_descriptor 23 ==&gt; done OK retv 0
CLI_OUTPUT: /Target1/sfn/action ddal_sfn_close_file_descriptor 24
CLI_OUTPUT: ret /Target1/sfn/action ddal_sfn_close_file_descriptor 24 ==&gt; done OK retv 0
CLI_OUTPUT: /Target1/sfn/action ddal_sfn_close_file_descriptor 25
CLI_OUTPUT: ret /Target1/sfn/action ddal_sfn_close_file_descriptor 25 ==&gt; done OK retv 0
CLI_OUTPUT: /Target1/sfn/action ddal_sfn_close_file_descriptor 26
CLI_OUTPUT: ret /Target1/sfn/action ddal_sfn_close_file_descriptor 26 ==&gt; done OK retv 0
CLI_OUTPUT: /Target1/sfn/action ddal_sfn_close_file_descriptor 27
CLI_OUTPUT: ret /Target1/sfn/action ddal_sfn_close_file_descriptor 27 ==&gt; done OK retv 0
CLI_OUTPUT: /Target1/sfn/action ddal_sfn_close_file_descriptor 28
CLI_OUTPUT: ret /Target1/sfn/action ddal_sfn_close_file_descriptor 28 ==&gt; done OK retv 0
CLI_OUTPUT: /Target1/sfn/action ddal_sfn_close_file_descriptor 29
CLI_OUTPUT: ret /Target1/sfn/action ddal_sfn_close_file_descriptor 29 ==&gt; done OK retv 0
CLI_OUTPUT: /Target1/sfn/action ddal_sfn_close_file_descriptor 30
CLI_OUTPUT: ret /Target1/sfn/action ddal_sfn_close_file_descriptor 30 ==&gt; done OK retv 0
CLI_OUTPUT: /Target1/sfn/action ddal_sfn_close_file_descriptor 31
CLI_OUTPUT: ret /Target1/sfn/action ddal_sfn_close_file_descriptor 31 ==&gt; done OK retv 0
CLI_OUTPUT: /Target1/sfn/action ddal_sfn_close_file_descriptor 32
CLI_OUTPUT: ret /Target1/sfn/action ddal_sfn_close_file_descriptor 32 ==&gt; done OK retv 0
CLI_OUTPUT: /Target1/sfn/action ddal_sfn_close_file_descriptor 33
CLI_OUTPUT: ret /Target1/sfn/action ddal_sfn_close_file_descriptor 33 ==&gt; done OK retv 0
CLI_OUTPUT: /Target1/sfn/action ddal_sfn_close_file_descriptor 34
CLI_OUTPUT: ret /Target1/sfn/action ddal_sfn_close_file_descriptor 34 ==&gt; done OK retv 0
CLI_OUTPUT: /Target1/sfn/action ddal_sfn_close_file_descriptor 35
CLI_OUTPUT: ret /Target1/sfn/action ddal_sfn_close_file_descriptor 35 ==&gt; done OK retv 0
CLI_OUTPUT: /Target1/sfn/action ddal_sfn_close_file_descriptor 36
CLI_OUTPUT: ret /Target1/sfn/action ddal_sfn_close_file_descriptor 36 ==&gt; done OK retv 0
CLI_OUTPUT: /Target1/sfn/action ddal_sfn_close_file_descriptor 37
CLI_OUTPUT: ret /Target1/sfn/action ddal_sfn_close_file_descriptor 37 ==&gt; done OK retv 0
CLI_OUTPUT: /Target1/sfn/action ddal_sfn_close_file_descriptor 38
CLI_OUTPUT: ret /Target1/sfn/action ddal_sfn_close_file_descriptor 38 ==&gt; done OK retv 0
CLI_OUTPUT: /Target1/sfn/action ddal_sfn_close_file_descriptor 39
CLI_OUTPUT: ret /Target1/sfn/action ddal_sfn_close_file_descriptor 39 ==&gt; done OK retv 0
CLI_OUTPUT: /Target1/sfn/action ddal_sfn_close_file_descriptor 40
CLI_OUTPUT: ret /Target1/sfn/action ddal_sfn_close_file_descriptor 40 ==&gt; done OK retv 0
CLI_OUTPUT: /Target1/sfn/action ddal_sfn_close_file_descriptor 41
CLI_OUTPUT: ret /Target1/sfn/action ddal_sfn_close_file_descriptor 41 ==&gt; done OK retv 0
CLI_OUTPUT: /Target1/sfn/action ddal_sfn_close_file_descriptor 42
CLI_OUTPUT: ret /Target1/sfn/action ddal_sfn_close_file_descriptor 42 ==&gt; done OK retv 0
CLI_OUTPUT: /Target1/sfn/action ddal_sfn_close_file_descriptor 43
CLI_OUTPUT: ret /Target1/sfn/action ddal_sfn_close_file_descriptor 43 ==&gt; done OK retv 0
CLI_OUTPUT: /Target1/sfn/action ddal_sfn_close_file_descriptor 44
CLI_OUTPUT: ret /Target1/sfn/action ddal_sfn_close_file_descriptor 44 ==&gt; done OK retv 0
CLI_OUTPUT: /Target1/sfn/action ddal_sfn_close_file_descriptor 45
CLI_OUTPUT: ret /Target1/sfn/action ddal_sfn_close_file_descriptor 45 ==&gt; done OK retv 0
CLI_OUTPUT: /Target1/sfn/action ddal_sfn_close_file_descriptor 46
CLI_OUTPUT: ret /Target1/sfn/action ddal_sfn_close_file_descriptor 46 ==&gt; done OK retv 0
CLI_OUTPUT: /Target1/sfn/action ddal_sfn_close_file_descriptor 47
CLI_OUTPUT: ret /Target1/sfn/action ddal_sfn_close_file_descriptor 47 ==&gt; done OK retv 0
CLI_OUTPUT: /Target1/sfn/action ddal_sfn_close_file_descriptor 48
CLI_OUTPUT: ret /Target1/sfn/action ddal_sfn_close_file_descriptor 48 ==&gt; done OK retv 0
CLI_OUTPUT: /Target1/sfn/action ddal_sfn_close_file_descriptor 49
CLI_OUTPUT: ret /Target1/sfn/action ddal_sfn_close_file_descriptor 49 ==&gt; done OK retv 0
CLI_OUTPUT: /Target1/sfn/action ddal_sfn_close_file_descriptor 50
CLI_OUTPUT: ret /Target1/sfn/action ddal_sfn_close_file_descriptor 50 ==&gt; done OK retv 0
CLI_OUTPUT: /Target1/sfn/action ddal_sfn_close_file_descriptor 51
CLI_OUTPUT: ret /Target1/sfn/action ddal_sfn_close_file_descriptor 51 ==&gt; done OK retv 0
CLI_OUTPUT: /Target1/sfn/action ddal_sfn_close_file_descriptor 52
CLI_OUTPUT: ret /Target1/sfn/action ddal_sfn_close_file_descriptor 52 ==&gt; done OK retv 0
CLI_OUTPUT: /Target1/sfn/action ddal_sfn_close_file_descriptor 53
CLI_OUTPUT: ret /Target1/sfn/action ddal_sfn_close_file_descriptor 53 ==&gt; done OK retv 0
CLI_OUTPUT: /Target1/sfn/action ddal_sfn_close_file_descriptor 54
CLI_OUTPUT: ret /Target1/sfn/action ddal_sfn_close_file_descriptor 54 ==&gt; done OK retv 0
CLI_OUTPUT: /Target1/sfn/action ddal_sfn_close_file_descriptor 55
CLI_OUTPUT: ret /Target1/sfn/action ddal_sfn_close_file_descriptor 55 ==&gt; done OK retv 0
SCR_OUTPUT: cumulated_open_close_loops CLOSE 50
CLI_OUTPUT: /Target1/sfn/action ddal_sfn_close_file_descriptor 56
CLI_OUTPUT: ret /Target1/sfn/action ddal_sfn_close_file_descriptor 56 ==&gt; done OK retv 0
CLI_OUTPUT: /Target1/sfn/action ddal_sfn_close_file_descriptor 57
CLI_OUTPUT: ret /Target1/sfn/action ddal_sfn_close_file_descriptor 57 ==&gt; done OK retv 0
CLI_OUTPUT: /Target1/sfn/action ddal_sfn_close_file_descriptor 58
CLI_OUTPUT: ret /Target1/sfn/action ddal_sfn_close_file_descriptor 58 ==&gt; done OK retv 0
CLI_OUTPUT: /Target1/sfn/action ddal_sfn_close_file_descriptor 59
CLI_OUTPUT: ret /Target1/sfn/action ddal_sfn_close_file_descriptor 59 ==&gt; done OK retv 0
CLI_OUTPUT: /Target1/sfn/action ddal_sfn_close_file_descriptor 60
CLI_OUTPUT: ret /Target1/sfn/action ddal_sfn_close_file_descriptor 60 ==&gt; done OK retv 0
CLI_OUTPUT: /Target1/sfn/action ddal_sfn_close_file_descriptor 61
CLI_OUTPUT: ret /Target1/sfn/action ddal_sfn_close_file_descriptor 61 ==&gt; done OK retv 0
CLI_OUTPUT: /Target1/sfn/action ddal_sfn_close_file_descriptor 62
CLI_OUTPUT: ret /Target1/sfn/action ddal_sfn_close_file_descriptor 62 ==&gt; done OK retv 0
CLI_OUTPUT: /Target1/sfn/action ddal_sfn_close_file_descriptor 63
CLI_OUTPUT: ret /Target1/sfn/action ddal_sfn_close_file_descriptor 63 ==&gt; done OK retv 0
CLI_OUTPUT: /Target1/sfn/action ddal_sfn_close_file_descriptor 64
CLI_OUTPUT: ret /Target1/sfn/action ddal_sfn_close_file_descriptor 64 ==&gt; done OK retv 0
CLI_OUTPUT: /Target1/sfn/action ddal_sfn_close_file_descriptor 65
CLI_OUTPUT: ret /Target1/sfn/action ddal_sfn_close_file_descriptor 65 ==&gt; done OK retv 0
CLI_OUTPUT: /Target1/sfn/action ddal_sfn_close_file_descriptor 66
CLI_OUTPUT: ret /Target1/sfn/action ddal_sfn_close_file_descriptor 66 ==&gt; done OK retv 0
CLI_OUTPUT: /Target1/sfn/action ddal_sfn_close_file_descriptor 67
CLI_OUTPUT: ret /Target1/sfn/action ddal_sfn_close_file_descriptor 67 ==&gt; done OK retv 0
CLI_OUTPUT: /Target1/sfn/action ddal_sfn_close_file_descriptor 68
CLI_OUTPUT: ret /Target1/sfn/action ddal_sfn_close_file_descriptor 68 ==&gt; done OK retv 0
CLI_OUTPUT: /Target1/sfn/action ddal_sfn_close_file_descriptor 69
CLI_OUTPUT: ret /Target1/sfn/action ddal_sfn_close_file_descriptor 69 ==&gt; done OK retv 0
CLI_OUTPUT: /Target1/sfn/action ddal_sfn_close_file_descriptor 70
CLI_OUTPUT: ret /Target1/sfn/action ddal_sfn_close_file_descriptor 70 ==&gt; done OK retv 0
CLI_OUTPUT: /Target1/sfn/action ddal_sfn_close_file_descriptor 71
CLI_OUTPUT: ret /Target1/sfn/action ddal_sfn_close_file_descriptor 71 ==&gt; done OK retv 0
CLI_OUTPUT: /Target1/sfn/action ddal_sfn_close_file_descriptor 72
CLI_OUTPUT: ret /Target1/sfn/action ddal_sfn_close_file_descriptor 72 ==&gt; done OK retv 0
CLI_OUTPUT: /Target1/sfn/action ddal_sfn_close_file_descriptor 73
CLI_OUTPUT: ret /Target1/sfn/action ddal_sfn_close_file_descriptor 73 ==&gt; done OK retv 0
CLI_OUTPUT: /Target1/sfn/action ddal_sfn_close_file_descriptor 74
CLI_OUTPUT: ret /Target1/sfn/action ddal_sfn_close_file_descriptor 74 ==&gt; done OK retv 0
CLI_OUTPUT: /Target1/sfn/action ddal_sfn_close_file_descriptor 75
CLI_OUTPUT: ret /Target1/sfn/action ddal_sfn_close_file_descriptor 75 ==&gt; done OK retv 0
CLI_OUTPUT: /Target1/sfn/action ddal_sfn_close_file_descriptor 76
CLI_OUTPUT: ret /Target1/sfn/action ddal_sfn_close_file_descriptor 76 ==&gt; done OK retv 0
CLI_OUTPUT: /Target1/sfn/action ddal_sfn_close_file_descriptor 77
CLI_OUTPUT: ret /Target1/sfn/action ddal_sfn_close_file_descriptor 77 ==&gt; done OK retv 0
CLI_OUTPUT: /Target1/sfn/action ddal_sfn_close_file_descriptor 78
CLI_OUTPUT: ret /Target1/sfn/action ddal_sfn_close_file_descriptor 78 ==&gt; done OK retv 0
CLI_OUTPUT: /Target1/sfn/action ddal_sfn_close_file_descriptor 79
CLI_OUTPUT: ret /Target1/sfn/action ddal_sfn_close_file_descriptor 79 ==&gt; done OK retv 0
CLI_OUTPUT: /Target1/sfn/action ddal_sfn_close_file_descriptor 80
CLI_OUTPUT: ret /Target1/sfn/action ddal_sfn_close_file_descriptor 80 ==&gt; done OK retv 0
CLI_OUTPUT: /Target1/sfn/action ddal_sfn_close_file_descriptor 81
CLI_OUTPUT: ret /Target1/sfn/action ddal_sfn_close_file_descriptor 81 ==&gt; done OK retv 0
CLI_OUTPUT: /Target1/sfn/action ddal_sfn_close_file_descriptor 82
CLI_OUTPUT: ret /Target1/sfn/action ddal_sfn_close_file_descriptor 82 ==&gt; done OK retv 0
CLI_OUTPUT: /Target1/sfn/action ddal_sfn_close_file_descriptor 83
CLI_OUTPUT: ret /Target1/sfn/action ddal_sfn_close_file_descriptor 83 ==&gt; done OK retv 0
CLI_OUTPUT: /Target1/sfn/action ddal_sfn_close_file_descriptor 84
CLI_OUTPUT: ret /Target1/sfn/action ddal_sfn_close_file_descriptor 84 ==&gt; done OK retv 0
CLI_OUTPUT: /Target1/sfn/action ddal_sfn_close_file_descriptor 85
CLI_OUTPUT: ret /Target1/sfn/action ddal_sfn_close_file_descriptor 85 ==&gt; done OK retv 0
CLI_OUTPUT: /Target1/sfn/action ddal_sfn_close_file_descriptor 86
CLI_OUTPUT: ret /Target1/sfn/action ddal_sfn_close_file_descriptor 86 ==&gt; done OK retv 0
CLI_OUTPUT: /Target1/sfn/action ddal_sfn_close_file_descriptor 87
CLI_OUTPUT: ret /Target1/sfn/action ddal_sfn_close_file_descriptor 87 ==&gt; done OK retv 0
CLI_OUTPUT: /Target1/sfn/action ddal_sfn_close_file_descriptor 88
CLI_OUTPUT: ret /Target1/sfn/action ddal_sfn_close_file_descriptor 88 ==&gt; done OK retv 0
CLI_OUTPUT: /Target1/sfn/action ddal_sfn_close_file_descriptor 89
CLI_OUTPUT: ret /Target1/sfn/action ddal_sfn_close_file_descriptor 89 ==&gt; done OK retv 0
CLI_OUTPUT: /Target1/sfn/action ddal_sfn_close_file_descriptor 90
CLI_OUTPUT: ret /Target1/sfn/action ddal_sfn_close_file_descriptor 90 ==&gt; done OK retv 0
CLI_OUTPUT: /Target1/sfn/action ddal_sfn_close_file_descriptor 91
CLI_OUTPUT: ret /Target1/sfn/action ddal_sfn_close_file_descriptor 91 ==&gt; done OK retv 0
CLI_OUTPUT: /Target1/sfn/action ddal_sfn_close_file_descriptor 92
CLI_OUTPUT: ret /Target1/sfn/action ddal_sfn_close_file_descriptor 92 ==&gt; done OK retv 0
CLI_OUTPUT: /Target1/sfn/action ddal_sfn_close_file_descriptor 93
CLI_OUTPUT: ret /Target1/sfn/action ddal_sfn_close_file_descriptor 93 ==&gt; done OK retv 0
CLI_OUTPUT: /Target1/sfn/action ddal_sfn_close_file_descriptor 94
CLI_OUTPUT: ret /Target1/sfn/action ddal_sfn_close_file_descriptor 94 ==&gt; done OK retv 0
CLI_OUTPUT: /Target1/sfn/action ddal_sfn_close_file_descriptor 95
CLI_OUTPUT: ret /Target1/sfn/action ddal_sfn_close_file_descriptor 95 ==&gt; done OK retv 0
CLI_OUTPUT: /Target1/sfn/action ddal_sfn_close_file_descriptor 96
CLI_OUTPUT: ret /Target1/sfn/action ddal_sfn_close_file_descriptor 96 ==&gt; done OK retv 0
CLI_OUTPUT: /Target1/sfn/action ddal_sfn_close_file_descriptor 97
CLI_OUTPUT: ret /Target1/sfn/action ddal_sfn_close_file_descriptor 97 ==&gt; done OK retv 0
CLI_OUTPUT: /Target1/sfn/action ddal_sfn_close_file_descriptor 98
CLI_OUTPUT: ret /Target1/sfn/action ddal_sfn_close_file_descriptor 98 ==&gt; done OK retv 0
CLI_OUTPUT: /Target1/sfn/action ddal_sfn_close_file_descriptor 99
CLI_OUTPUT: ret /Target1/sfn/action ddal_sfn_close_file_descriptor 99 ==&gt; done OK retv 0
CLI_OUTPUT: /Target1/sfn/action ddal_sfn_close_file_descriptor 100
CLI_OUTPUT: ret /Target1/sfn/action ddal_sfn_close_file_descriptor 100 ==&gt; done OK retv 0
CLI_OUTPUT: /Target1/sfn/action ddal_sfn_close_file_descriptor 101
CLI_OUTPUT: ret /Target1/sfn/action ddal_sfn_close_file_descriptor 101 ==&gt; done OK retv 0
CLI_OUTPUT: /Target1/sfn/action ddal_sfn_close_file_descriptor 102
CLI_OUTPUT: ret /Target1/sfn/action ddal_sfn_close_file_descriptor 102 ==&gt; done OK retv 0
CLI_OUTPUT: /Target1/sfn/action ddal_sfn_close_file_descriptor 103
CLI_OUTPUT: ret /Target1/sfn/action ddal_sfn_close_file_descriptor 103 ==&gt; done OK retv 0
CLI_OUTPUT: /Target1/sfn/action ddal_sfn_close_file_descriptor 104
CLI_OUTPUT: ret /Target1/sfn/action ddal_sfn_close_file_descriptor 104 ==&gt; done OK retv 0
CLI_OUTPUT: /Target1/sfn/action ddal_sfn_close_file_descriptor 105
CLI_OUTPUT: ret /Target1/sfn/action ddal_sfn_close_file_descriptor 105 ==&gt; done OK retv 0
SCR_OUTPUT: cumulated_open_close_loops CLOSE 100
CLI_OUTPUT: /Target1/sfn/action ddal_sfn_close_file_descriptor 106
CLI_OUTPUT: ret /Target1/sfn/action ddal_sfn_close_file_descriptor 106 ==&gt; done OK retv 0
CLI_OUTPUT: /Target1/sfn/action ddal_sfn_close_file_descriptor 107
CLI_OUTPUT: ret /Target1/sfn/action ddal_sfn_close_file_descriptor 107 ==&gt; done OK retv 0
CLI_OUTPUT: /Target1/sfn/action ddal_sfn_close_file_descriptor 108
CLI_OUTPUT: ret /Target1/sfn/action ddal_sfn_close_file_descriptor 108 ==&gt; done OK retv 0
CLI_OUTPUT: /Target1/sfn/action ddal_sfn_close_file_descriptor 109
CLI_OUTPUT: ret /Target1/sfn/action ddal_sfn_close_file_descriptor 109 ==&gt; done OK retv 0
CLI_OUTPUT: /Target1/sfn/action ddal_sfn_close_file_descriptor 110
CLI_OUTPUT: ret /Target1/sfn/action ddal_sfn_close_file_descriptor 110 ==&gt; done OK retv 0
CLI_OUTPUT: /Target1/sfn/action ddal_sfn_close_file_descriptor 111
CLI_OUTPUT: ret /Target1/sfn/action ddal_sfn_close_file_descriptor 111 ==&gt; done OK retv 0
CLI_OUTPUT: /Target1/sfn/action ddal_sfn_close_file_descriptor 112
CLI_OUTPUT: ret /Target1/sfn/action ddal_sfn_close_file_descriptor 112 ==&gt; done OK retv 0
CLI_OUTPUT: /Target1/sfn/action ddal_sfn_close_file_descriptor 113
CLI_OUTPUT: ret /Target1/sfn/action ddal_sfn_close_file_descriptor 113 ==&gt; done OK retv 0
CLI_OUTPUT: /Target1/sfn/action ddal_sfn_close_file_descriptor 114
CLI_OUTPUT: ret /Target1/sfn/action ddal_sfn_close_file_descriptor 114 ==&gt; done OK retv 0
CLI_OUTPUT: /Target1/sfn/action ddal_sfn_close_file_descriptor 115
CLI_OUTPUT: ret /Target1/sfn/action ddal_sfn_close_file_descriptor 115 ==&gt; done OK retv 0
CLI_OUTPUT: /Target1/sfn/action ddal_sfn_close_file_descriptor 116
CLI_OUTPUT: ret /Target1/sfn/action ddal_sfn_close_file_descriptor 116 ==&gt; done OK retv 0
CLI_OUTPUT: /Target1/sfn/action ddal_sfn_close_file_descriptor 117
CLI_OUTPUT: ret /Target1/sfn/action ddal_sfn_close_file_descriptor 117 ==&gt; done OK retv 0
CLI_OUTPUT: /Target1/sfn/action ddal_sfn_close_file_descriptor 118
CLI_OUTPUT: ret /Target1/sfn/action ddal_sfn_close_file_descriptor 118 ==&gt; done OK retv 0
CLI_OUTPUT: /Target1/sfn/action ddal_sfn_close_file_descriptor 119
CLI_OUTPUT: ret /Target1/sfn/action ddal_sfn_close_file_descriptor 119 ==&gt; done OK retv 0
CLI_OUTPUT: /Target1/sfn/action ddal_sfn_close_file_descriptor 120
CLI_OUTPUT: ret /Target1/sfn/action ddal_sfn_close_file_descriptor 120 ==&gt; done OK retv 0
CLI_OUTPUT: /Target1/sfn/action ddal_sfn_close_file_descriptor 121
CLI_OUTPUT: ret /Target1/sfn/action ddal_sfn_close_file_descriptor 121 ==&gt; done OK retv 0
CLI_OUTPUT: /Target1/sfn/action ddal_sfn_close_file_descriptor 122
CLI_OUTPUT: ret /Target1/sfn/action ddal_sfn_close_file_descriptor 122 ==&gt; done OK retv 0
CLI_OUTPUT: /Target1/sfn/action ddal_sfn_close_file_descriptor 123
CLI_OUTPUT: ret /Target1/sfn/action ddal_sfn_close_file_descriptor 123 ==&gt; done OK retv 0
CLI_OUTPUT: /Target1/sfn/action ddal_sfn_close_file_descriptor 124
CLI_OUTPUT: ret /Target1/sfn/action ddal_sfn_close_file_descriptor 124 ==&gt; done OK retv 0
CLI_OUTPUT: /Target1/sfn/action ddal_sfn_close_file_descriptor 125
CLI_OUTPUT: ret /Target1/sfn/action ddal_sfn_close_file_descriptor 125 ==&gt; done OK retv 0
CLI_OUTPUT: /Target1/sfn/action ddal_sfn_close_file_descriptor 126
CLI_OUTPUT: ret /Target1/sfn/action ddal_sfn_close_file_descriptor 126 ==&gt; done OK retv 0
CLI_OUTPUT: /Target1/sfn/action ddal_sfn_close_file_descriptor 127
CLI_OUTPUT: ret /Target1/sfn/action ddal_sfn_close_file_descriptor 127 ==&gt; done OK retv 0
CLI_OUTPUT: /Target1/sfn/action ddal_sfn_close_file_descriptor 128
CLI_OUTPUT: ret /Target1/sfn/action ddal_sfn_close_file_descriptor 128 ==&gt; done OK retv 0
CLI_OUTPUT: /Target1/sfn/action ddal_sfn_close_file_descriptor 129
CLI_OUTPUT: ret /Target1/sfn/action ddal_sfn_close_file_descriptor 129 ==&gt; done OK retv 0
CLI_OUTPUT: /Target1/sfn/action ddal_sfn_close_file_descriptor 130
CLI_OUTPUT: ret /Target1/sfn/action ddal_sfn_close_file_descriptor 130 ==&gt; done OK retv 0
CLI_OUTPUT: /Target1/sfn/action ddal_sfn_close_file_descriptor 131
CLI_OUTPUT: ret /Target1/sfn/action ddal_sfn_close_file_descriptor 131 ==&gt; done OK retv 0
CLI_OUTPUT: /Target1/sfn/action ddal_sfn_close_file_descriptor 132
CLI_OUTPUT: ret /Target1/sfn/action ddal_sfn_close_file_descriptor 132 ==&gt; done OK retv 0
CLI_OUTPUT: /Target1/sfn/action ddal_sfn_close_file_descriptor 133
CLI_OUTPUT: ret /Target1/sfn/action ddal_sfn_close_file_descriptor 133 ==&gt; done OK retv 0
CLI_OUTPUT: /Target1/sfn/action ddal_sfn_close_file_descriptor 134
CLI_OUTPUT: ret /Target1/sfn/action ddal_sfn_close_file_descriptor 134 ==&gt; done OK retv 0
CLI_OUTPUT: /Target1/sfn/action ddal_sfn_close_file_descriptor 135
CLI_OUTPUT: ret /Target1/sfn/action ddal_sfn_close_file_descriptor 135 ==&gt; done OK retv 0
CLI_OUTPUT: /Target1/sfn/action ddal_sfn_close_file_descriptor 136
CLI_OUTPUT: ret /Target1/sfn/action ddal_sfn_close_file_descriptor 136 ==&gt; done OK retv 0
CLI_OUTPUT: /Target1/sfn/action ddal_sfn_close_file_descriptor 137
CLI_OUTPUT: ret /Target1/sfn/action ddal_sfn_close_file_descriptor 137 ==&gt; done OK retv 0
CLI_OUTPUT: /Target1/sfn/action ddal_sfn_close_file_descriptor 138
CLI_OUTPUT: ret /Target1/sfn/action ddal_sfn_close_file_descriptor 138 ==&gt; done OK retv 0
CLI_OUTPUT: /Target1/sfn/action ddal_sfn_close_file_descriptor 139
CLI_OUTPUT: ret /Target1/sfn/action ddal_sfn_close_file_descriptor 139 ==&gt; done OK retv 0
CLI_OUTPUT: /Target1/sfn/action ddal_sfn_close_file_descriptor 140
CLI_OUTPUT: ret /Target1/sfn/action ddal_sfn_close_file_descriptor 140 ==&gt; done OK retv 0
CLI_OUTPUT: /Target1/sfn/action ddal_sfn_close_file_descriptor 141
CLI_OUTPUT: ret /Target1/sfn/action ddal_sfn_close_file_descriptor 141 ==&gt; done OK retv 0
CLI_OUTPUT: /Target1/sfn/action ddal_sfn_close_file_descriptor 142
CLI_OUTPUT: ret /Target1/sfn/action ddal_sfn_close_file_descriptor 142 ==&gt; done OK retv 0
CLI_OUTPUT: /Target1/sfn/action ddal_sfn_close_file_descriptor 143
CLI_OUTPUT: ret /Target1/sfn/action ddal_sfn_close_file_descriptor 143 ==&gt; done OK retv 0
CLI_OUTPUT: /Target1/sfn/action ddal_sfn_close_file_descriptor 144
CLI_OUTPUT: ret /Target1/sfn/action ddal_sfn_close_file_descriptor 144 ==&gt; done OK retv 0
CLI_OUTPUT: /Target1/sfn/action ddal_sfn_close_file_descriptor 145
CLI_OUTPUT: ret /Target1/sfn/action ddal_sfn_close_file_descriptor 145 ==&gt; done OK retv 0
CLI_OUTPUT: /Target1/sfn/action ddal_sfn_close_file_descriptor 146
CLI_OUTPUT: ret /Target1/sfn/action ddal_sfn_close_file_descriptor 146 ==&gt; done OK retv 0
CLI_OUTPUT: /Target1/sfn/action ddal_sfn_close_file_descriptor 147
CLI_OUTPUT: ret /Target1/sfn/action ddal_sfn_close_file_descriptor 147 ==&gt; done OK retv 0
CLI_OUTPUT: /Target1/sfn/action ddal_sfn_close_file_descriptor 148
CLI_OUTPUT: ret /Target1/sfn/action ddal_sfn_close_file_descriptor 148 ==&gt; done OK retv 0
CLI_OUTPUT: /Target1/sfn/action ddal_sfn_close_file_descriptor 149
CLI_OUTPUT: ret /Target1/sfn/action ddal_sfn_close_file_descriptor 149 ==&gt; done OK retv 0
CLI_OUTPUT: /Target1/sfn/action ddal_sfn_close_file_descriptor 150
CLI_OUTPUT: ret /Target1/sfn/action ddal_sfn_close_file_descriptor 150 ==&gt; done OK retv 0
CLI_OUTPUT: /Target1/sfn/action ddal_sfn_close_file_descriptor 151
CLI_OUTPUT: ret /Target1/sfn/action ddal_sfn_close_file_descriptor 151 ==&gt; done OK retv 0
CLI_OUTPUT: /Target1/sfn/action ddal_sfn_close_file_descriptor 152
CLI_OUTPUT: ret /Target1/sfn/action ddal_sfn_close_file_descriptor 152 ==&gt; done OK retv 0
CLI_OUTPUT: /Target1/sfn/action ddal_sfn_close_file_descriptor 153
CLI_OUTPUT: ret /Target1/sfn/action ddal_sfn_close_file_descriptor 153 ==&gt; done OK retv 0
CLI_OUTPUT: /Target1/sfn/action ddal_sfn_close_file_descriptor 154
CLI_OUTPUT: ret /Target1/sfn/action ddal_sfn_close_file_descriptor 154 ==&gt; done OK retv 0
CLI_OUTPUT: /Target1/sfn/action ddal_sfn_close_file_descriptor 155
CLI_OUTPUT: ret /Target1/sfn/action ddal_sfn_close_file_descriptor 155 ==&gt; done OK retv 0
SCR_OUTPUT: cumulated_open_close_loops CLOSE 150
CLI_OUTPUT: /Target1/sfn/action ddal_sfn_close_file_descriptor 156
CLI_OUTPUT: ret /Target1/sfn/action ddal_sfn_close_file_descriptor 156 ==&gt; done OK retv 0
CLI_OUTPUT: /Target1/sfn/action ddal_sfn_close_file_descriptor 157
CLI_OUTPUT: ret /Target1/sfn/action ddal_sfn_close_file_descriptor 157 ==&gt; done OK retv 0
CLI_OUTPUT: /Target1/sfn/action ddal_sfn_close_file_descriptor 158
CLI_OUTPUT: ret /Target1/sfn/action ddal_sfn_close_file_descriptor 158 ==&gt; done OK retv 0
CLI_OUTPUT: /Target1/sfn/action ddal_sfn_close_file_descriptor 159
CLI_OUTPUT: ret /Target1/sfn/action ddal_sfn_close_file_descriptor 159 ==&gt; done OK retv 0
CLI_OUTPUT: /Target1/sfn/action ddal_sfn_close_file_descriptor 160
CLI_OUTPUT: ret /Target1/sfn/action ddal_sfn_close_file_descriptor 160 ==&gt; done OK retv 0
CLI_OUTPUT: /Target1/sfn/action ddal_sfn_close_file_descriptor 161
CLI_OUTPUT: ret /Target1/sfn/action ddal_sfn_close_file_descriptor 161 ==&gt; done OK retv 0
CLI_OUTPUT: /Target1/sfn/action ddal_sfn_close_file_descriptor 162
CLI_OUTPUT: ret /Target1/sfn/action ddal_sfn_close_file_descriptor 162 ==&gt; done OK retv 0
CLI_OUTPUT: /Target1/sfn/action ddal_sfn_close_file_descriptor 163
CLI_OUTPUT: ret /Target1/sfn/action ddal_sfn_close_file_descriptor 163 ==&gt; done OK retv 0
CLI_OUTPUT: /Target1/sfn/action ddal_sfn_close_file_descriptor 164
CLI_OUTPUT: ret /Target1/sfn/action ddal_sfn_close_file_descriptor 164 ==&gt; done OK retv 0
CLI_OUTPUT: /Target1/sfn/action ddal_sfn_close_file_descriptor 165
CLI_OUTPUT: ret /Target1/sfn/action ddal_sfn_close_file_descriptor 165 ==&gt; done OK retv 0
CLI_OUTPUT: /Target1/sfn/action ddal_sfn_close_file_descriptor 166
CLI_OUTPUT: ret /Target1/sfn/action ddal_sfn_close_file_descriptor 166 ==&gt; done OK retv 0
CLI_OUTPUT: /Target1/sfn/action ddal_sfn_close_file_descriptor 167
CLI_OUTPUT: ret /Target1/sfn/action ddal_sfn_close_file_descriptor 167 ==&gt; done OK retv 0
CLI_OUTPUT: /Target1/sfn/action ddal_sfn_close_file_descriptor 168
CLI_OUTPUT: ret /Target1/sfn/action ddal_sfn_close_file_descriptor 168 ==&gt; done OK retv 0
CLI_OUTPUT: /Target1/sfn/action ddal_sfn_close_file_descriptor 169
CLI_OUTPUT: ret /Target1/sfn/action ddal_sfn_close_file_descriptor 169 ==&gt; done OK retv 0
CLI_OUTPUT: /Target1/sfn/action ddal_sfn_close_file_descriptor 170
CLI_OUTPUT: ret /Target1/sfn/action ddal_sfn_close_file_descriptor 170 ==&gt; done OK retv 0
CLI_OUTPUT: /Target1/sfn/action ddal_sfn_close_file_descriptor 171
CLI_OUTPUT: ret /Target1/sfn/action ddal_sfn_close_file_descriptor 171 ==&gt; done OK retv 0
CLI_OUTPUT: /Target1/sfn/action ddal_sfn_close_file_descriptor 172
CLI_OUTPUT: ret /Target1/sfn/action ddal_sfn_close_file_descriptor 172 ==&gt; done OK retv 0
CLI_OUTPUT: /Target1/sfn/action ddal_sfn_close_file_descriptor 173
CLI_OUTPUT: ret /Target1/sfn/action ddal_sfn_close_file_descriptor 173 ==&gt; done OK retv 0
CLI_OUTPUT: /Target1/sfn/action ddal_sfn_close_file_descriptor 174
CLI_OUTPUT: ret /Target1/sfn/action ddal_sfn_close_file_descriptor 174 ==&gt; done OK retv 0
CLI_OUTPUT: /Target1/sfn/action ddal_sfn_close_file_descriptor 175
CLI_OUTPUT: ret /Target1/sfn/action ddal_sfn_close_file_descriptor 175 ==&gt; done OK retv 0
CLI_OUTPUT: /Target1/sfn/action ddal_sfn_close_file_descriptor 176
CLI_OUTPUT: ret /Target1/sfn/action ddal_sfn_close_file_descriptor 176 ==&gt; done OK retv 0
CLI_OUTPUT: /Target1/sfn/action ddal_sfn_close_file_descriptor 177
CLI_OUTPUT: ret /Target1/sfn/action ddal_sfn_close_file_descriptor 177 ==&gt; done OK retv 0
CLI_OUTPUT: /Target1/sfn/action ddal_sfn_close_file_descriptor 178
CLI_OUTPUT: ret /Target1/sfn/action ddal_sfn_close_file_descriptor 178 ==&gt; done OK retv 0
CLI_OUTPUT: /Target1/sfn/action ddal_sfn_close_file_descriptor 179
CLI_OUTPUT: ret /Target1/sfn/action ddal_sfn_close_file_descriptor 179 ==&gt; done OK retv 0
CLI_OUTPUT: /Target1/sfn/action ddal_sfn_close_file_descriptor 180
CLI_OUTPUT: ret /Target1/sfn/action ddal_sfn_close_file_descriptor 180 ==&gt; done OK retv 0
CLI_OUTPUT: /Target1/sfn/action ddal_sfn_close_file_descriptor 181
CLI_OUTPUT: ret /Target1/sfn/action ddal_sfn_close_file_descriptor 181 ==&gt; done OK retv 0
CLI_OUTPUT: /Target1/sfn/action ddal_sfn_close_file_descriptor 182
CLI_OUTPUT: ret /Target1/sfn/action ddal_sfn_close_file_descriptor 182 ==&gt; done OK retv 0
CLI_OUTPUT: /Target1/sfn/action ddal_sfn_close_file_descriptor 183
CLI_OUTPUT: ret /Target1/sfn/action ddal_sfn_close_file_descriptor 183 ==&gt; done OK retv 0
CLI_OUTPUT: /Target1/sfn/action ddal_sfn_close_file_descriptor 184
CLI_OUTPUT: ret /Target1/sfn/action ddal_sfn_close_file_descriptor 184 ==&gt; done OK retv 0
CLI_OUTPUT: /Target1/sfn/action ddal_sfn_close_file_descriptor 185
CLI_OUTPUT: ret /Target1/sfn/action ddal_sfn_close_file_descriptor 185 ==&gt; done OK retv 0
CLI_OUTPUT: /Target1/sfn/action ddal_sfn_close_file_descriptor 186
CLI_OUTPUT: ret /Target1/sfn/action ddal_sfn_close_file_descriptor 186 ==&gt; done OK retv 0
CLI_OUTPUT: /Target1/sfn/action ddal_sfn_close_file_descriptor 187
CLI_OUTPUT: ret /Target1/sfn/action ddal_sfn_close_file_descriptor 187 ==&gt; done OK retv 0
CLI_OUTPUT: /Target1/sfn/action ddal_sfn_close_file_descriptor 188
CLI_OUTPUT: ret /Target1/sfn/action ddal_sfn_close_file_descriptor 188 ==&gt; done OK retv 0
CLI_OUTPUT: /Target1/sfn/action ddal_sfn_close_file_descriptor 189
CLI_OUTPUT: ret /Target1/sfn/action ddal_sfn_close_file_descriptor 189 ==&gt; done OK retv 0
CLI_OUTPUT: /Target1/sfn/action ddal_sfn_close_file_descriptor 190
CLI_OUTPUT: ret /Target1/sfn/action ddal_sfn_close_file_descriptor 190 ==&gt; done OK retv 0
CLI_OUTPUT: /Target1/sfn/action ddal_sfn_close_file_descriptor 191
CLI_OUTPUT: ret /Target1/sfn/action ddal_sfn_close_file_descriptor 191 ==&gt; done OK retv 0
CLI_OUTPUT: /Target1/sfn/action ddal_sfn_close_file_descriptor 192
CLI_OUTPUT: ret /Target1/sfn/action ddal_sfn_close_file_descriptor 192 ==&gt; done OK retv 0
CLI_OUTPUT: /Target1/sfn/action ddal_sfn_close_file_descriptor 193
CLI_OUTPUT: ret /Target1/sfn/action ddal_sfn_close_file_descriptor 193 ==&gt; done OK retv 0
CLI_OUTPUT: /Target1/sfn/action ddal_sfn_close_file_descriptor 194
CLI_OUTPUT: ret /Target1/sfn/action ddal_sfn_close_file_descriptor 194 ==&gt; done OK retv 0
CLI_OUTPUT: /Target1/sfn/action ddal_sfn_close_file_descriptor 195
CLI_OUTPUT: ret /Target1/sfn/action ddal_sfn_close_file_descriptor 195 ==&gt; done OK retv 0
CLI_OUTPUT: /Target1/sfn/action ddal_sfn_close_file_descriptor 196
CLI_OUTPUT: ret /Target1/sfn/action ddal_sfn_close_file_descriptor 196 ==&gt; done OK retv 0
CLI_OUTPUT: /Target1/sfn/action ddal_sfn_close_file_descriptor 197
CLI_OUTPUT: ret /Target1/sfn/action ddal_sfn_close_file_descriptor 197 ==&gt; done OK retv 0
CLI_OUTPUT: /Target1/sfn/action ddal_sfn_close_file_descriptor 198
CLI_OUTPUT: ret /Target1/sfn/action ddal_sfn_close_file_descriptor 198 ==&gt; done OK retv 0
CLI_OUTPUT: /Target1/sfn/action ddal_sfn_close_file_descriptor 199
CLI_OUTPUT: ret /Target1/sfn/action ddal_sfn_close_file_descriptor 199 ==&gt; done OK retv 0
CLI_OUTPUT: /Target1/sfn/action ddal_sfn_close_file_descriptor 200
CLI_OUTPUT: ret /Target1/sfn/action ddal_sfn_close_file_descriptor 200 ==&gt; done OK retv 0
CLI_OUTPUT: /Target1/sfn/action ddal_sfn_close_file_descriptor 201
CLI_OUTPUT: ret /Target1/sfn/action ddal_sfn_close_file_descriptor 201 ==&gt; done OK retv 0
CLI_OUTPUT: /Target1/sfn/action ddal_sfn_close_file_descriptor 202
CLI_OUTPUT: ret /Target1/sfn/action ddal_sfn_close_file_descriptor 202 ==&gt; done OK retv 0
CLI_OUTPUT: /Target1/sfn/action ddal_sfn_close_file_descriptor 203
CLI_OUTPUT: ret /Target1/sfn/action ddal_sfn_close_file_descriptor 203 ==&gt; done OK retv 0
CLI_OUTPUT: /Target1/sfn/action ddal_sfn_close_file_descriptor 204
CLI_OUTPUT: ret /Target1/sfn/action ddal_sfn_close_file_descriptor 204 ==&gt; done OK retv 0
CLI_OUTPUT: /Target1/sfn/action ddal_sfn_close_file_descriptor 205
CLI_OUTPUT: ret /Target1/sfn/action ddal_sfn_close_file_descriptor 205 ==&gt; done OK retv 0
SCR_OUTPUT: cumulated_open_close_loops CLOSE 200
CLI_OUTPUT: /Target1/sfn/action ddal_sfn_close_file_descriptor 206
CLI_OUTPUT: ret /Target1/sfn/action ddal_sfn_close_file_descriptor 206 ==&gt; done OK retv 0
SCR_OUTPUT: ##### Test Case End: TC_03011_002 PASSED (0)
</stdout>
          <failedSince>0</failedSince>
        </case>
        <case>
          <duration>1.0</duration>
          <className>HW_03020_basic_temperature_tests</className>
          <testName>TC_03020_001 successful ddal_temp_get_curr calls</testName>
          <skipped>false</skipped>
          <stdout>
SCR_OUTPUT: ##### Test Case Start: TC_03020_001  successful ddal_temp_get_curr calls
CLI_OUTPUT: /Target1/temperature/action ddal_temp_get_curr FCM1
CLI_OUTPUT: ret /Target1/temperature/action ddal_temp_get_curr FCM1 ==&gt; done OK retv 0 temp 28000
CLI_OUTPUT: /Target1/temperature/action ddal_temp_get_curr FCM2
CLI_OUTPUT: ret /Target1/temperature/action ddal_temp_get_curr FCM2 ==&gt; done OK retv 0 temp 26500
CLI_OUTPUT: /Target1/temperature/action ddal_temp_get_curr FSP3
CLI_OUTPUT: ret /Target1/temperature/action ddal_temp_get_curr FSP3 ==&gt; done OK retv 0 temp 30000
SCR_OUTPUT: ##### Test Case End: TC_03020_001 PASSED (0)
</stdout>
          <failedSince>0</failedSince>
        </case>
        <case>
          <duration>1.0</duration>
          <className>HW_03020_basic_temperature_tests</className>
          <testName>TC_03020_002 ddal_temp_get_curr range check</testName>
          <skipped>false</skipped>
          <stdout>
SCR_OUTPUT: ##### Test Case Start: TC_03020_002  ddal_temp_get_curr range check
CLI_OUTPUT: /Target1/temperature/action ddal_temp_get_curr BAD_VALUE
CLI_OUTPUT: ret /Target1/temperature/action ddal_temp_get_curr BAD_VALUE ==&gt; done fail retv -19 errstr No such device
SCR_OUTPUT: ##### Test Case End: TC_03020_002 PASSED (0)
</stdout>
          <failedSince>0</failedSince>
        </case>
        <case>
          <duration>1.0</duration>
          <className>HW_03020_basic_temperature_tests</className>
          <testName>TC_03020_003 successful ddal_temp_get_hyst calls</testName>
          <skipped>false</skipped>
          <stdout>
SCR_OUTPUT: ##### Test Case Start: TC_03020_003  successful ddal_temp_get_hyst calls
CLI_OUTPUT: /Target1/temperature/action ddal_temp_get_hyst FCM1
CLI_OUTPUT: ret /Target1/temperature/action ddal_temp_get_hyst FCM1 ==&gt; done OK retv 0 hyst 75000
CLI_OUTPUT: /Target1/temperature/action ddal_temp_get_hyst FCM2
CLI_OUTPUT: ret /Target1/temperature/action ddal_temp_get_hyst FCM2 ==&gt; done OK retv 0 hyst 75000
CLI_OUTPUT: /Target1/temperature/action ddal_temp_get_hyst FSP3
CLI_OUTPUT: ret /Target1/temperature/action ddal_temp_get_hyst FSP3 ==&gt; done OK retv 0 hyst 75000
SCR_OUTPUT: ##### Test Case End: TC_03020_003 PASSED (0)
</stdout>
          <failedSince>0</failedSince>
        </case>
        <case>
          <duration>1.0</duration>
          <className>HW_03020_basic_temperature_tests</className>
          <testName>TC_03020_004 ddal_temp_get_hyst range check</testName>
          <skipped>false</skipped>
          <stdout>
SCR_OUTPUT: ##### Test Case Start: TC_03020_004  ddal_temp_get_hyst range check
CLI_OUTPUT: /Target1/temperature/action ddal_temp_get_hyst BAD_VALUE
CLI_OUTPUT: ret /Target1/temperature/action ddal_temp_get_hyst BAD_VALUE ==&gt; done fail retv -19 errstr No such device
SCR_OUTPUT: ##### Test Case End: TC_03020_004 PASSED (0)
</stdout>
          <failedSince>0</failedSince>
        </case>
        <case>
          <duration>1.0</duration>
          <className>HW_03020_basic_temperature_tests</className>
          <testName>TC_03020_005 successful ddal_temp_get_max calls</testName>
          <skipped>false</skipped>
          <stdout>
SCR_OUTPUT: ##### Test Case Start: TC_03020_005  successful ddal_temp_get_max calls
CLI_OUTPUT: /Target1/temperature/action ddal_temp_get_max FCM1
CLI_OUTPUT: ret /Target1/temperature/action ddal_temp_get_max FCM1 ==&gt; done OK retv 0 max 80000
CLI_OUTPUT: /Target1/temperature/action ddal_temp_get_max FCM2
CLI_OUTPUT: ret /Target1/temperature/action ddal_temp_get_max FCM2 ==&gt; done OK retv 0 max 80000
CLI_OUTPUT: /Target1/temperature/action ddal_temp_get_max FSP3
CLI_OUTPUT: ret /Target1/temperature/action ddal_temp_get_max FSP3 ==&gt; done OK retv 0 max 80000
SCR_OUTPUT: ##### Test Case End: TC_03020_005 PASSED (0)
</stdout>
          <failedSince>0</failedSince>
        </case>
        <case>
          <duration>1.0</duration>
          <className>HW_03020_basic_temperature_tests</className>
          <testName>TC_03020_006 ddal_temp_get_max range check</testName>
          <skipped>false</skipped>
          <stdout>
SCR_OUTPUT: ##### Test Case Start: TC_03020_006  ddal_temp_get_max range check
CLI_OUTPUT: /Target1/temperature/action ddal_temp_get_max BAD_VALUE
CLI_OUTPUT: ret /Target1/temperature/action ddal_temp_get_max BAD_VALUE ==&gt; done fail retv -19 errstr No such device
SCR_OUTPUT: ##### Test Case End: TC_03020_006 PASSED (0)
</stdout>
          <failedSince>0</failedSince>
        </case>
        <case>
          <duration>1.0</duration>
          <className>HW_03020_basic_temperature_tests</className>
          <testName>TC_03020_007 successful ddal_temp_set_hyst calls</testName>
          <skipped>false</skipped>
          <stdout>
SCR_OUTPUT: ##### Test Case Start: TC_03020_007  successful ddal_temp_set_hyst calls
CLI_OUTPUT: /Target1/temperature/action ddal_temp_set_hyst FCM1 -10000
CLI_OUTPUT: ret /Target1/temperature/action ddal_temp_set_hyst FCM1 -10000 ==&gt; done OK retv 0 hyst -10000
CLI_OUTPUT: /Target1/temperature/action ddal_temp_set_hyst FCM1 0
CLI_OUTPUT: ret /Target1/temperature/action ddal_temp_set_hyst FCM1 0 ==&gt; done OK retv 0 hyst 0
CLI_OUTPUT: /Target1/temperature/action ddal_temp_set_hyst FCM1 20000
CLI_OUTPUT: ret /Target1/temperature/action ddal_temp_set_hyst FCM1 20000 ==&gt; done OK retv 0 hyst 20000
CLI_OUTPUT: /Target1/temperature/action ddal_temp_set_hyst FCM1 130000
CLI_OUTPUT: ret /Target1/temperature/action ddal_temp_set_hyst FCM1 130000 ==&gt; done OK retv 0 hyst 130000
CLI_OUTPUT: /Target1/temperature/action ddal_temp_set_hyst FCM1 75000
CLI_OUTPUT: ret /Target1/temperature/action ddal_temp_set_hyst FCM1 75000 ==&gt; done OK retv 0 hyst 75000
CLI_OUTPUT: /Target1/temperature/action ddal_temp_set_hyst FCM2 -10000
CLI_OUTPUT: ret /Target1/temperature/action ddal_temp_set_hyst FCM2 -10000 ==&gt; done OK retv 0 hyst -10000
CLI_OUTPUT: /Target1/temperature/action ddal_temp_set_hyst FCM2 0
CLI_OUTPUT: ret /Target1/temperature/action ddal_temp_set_hyst FCM2 0 ==&gt; done OK retv 0 hyst 0
CLI_OUTPUT: /Target1/temperature/action ddal_temp_set_hyst FCM2 20000
CLI_OUTPUT: ret /Target1/temperature/action ddal_temp_set_hyst FCM2 20000 ==&gt; done OK retv 0 hyst 20000
CLI_OUTPUT: /Target1/temperature/action ddal_temp_set_hyst FCM2 130000
CLI_OUTPUT: ret /Target1/temperature/action ddal_temp_set_hyst FCM2 130000 ==&gt; done OK retv 0 hyst 130000
CLI_OUTPUT: /Target1/temperature/action ddal_temp_set_hyst FCM2 75000
CLI_OUTPUT: ret /Target1/temperature/action ddal_temp_set_hyst FCM2 75000 ==&gt; done OK retv 0 hyst 75000
CLI_OUTPUT: /Target1/temperature/action ddal_temp_set_hyst FSP3 -10000
CLI_OUTPUT: ret /Target1/temperature/action ddal_temp_set_hyst FSP3 -10000 ==&gt; done OK retv 0 hyst -10000
CLI_OUTPUT: /Target1/temperature/action ddal_temp_set_hyst FSP3 0
CLI_OUTPUT: ret /Target1/temperature/action ddal_temp_set_hyst FSP3 0 ==&gt; done OK retv 0 hyst 0
CLI_OUTPUT: /Target1/temperature/action ddal_temp_set_hyst FSP3 20000
CLI_OUTPUT: ret /Target1/temperature/action ddal_temp_set_hyst FSP3 20000 ==&gt; done OK retv 0 hyst 20000
CLI_OUTPUT: /Target1/temperature/action ddal_temp_set_hyst FSP3 130000
CLI_OUTPUT: ret /Target1/temperature/action ddal_temp_set_hyst FSP3 130000 ==&gt; done OK retv 0 hyst 130000
CLI_OUTPUT: /Target1/temperature/action ddal_temp_set_hyst FSP3 75000
CLI_OUTPUT: ret /Target1/temperature/action ddal_temp_set_hyst FSP3 75000 ==&gt; done OK retv 0 hyst 75000
SCR_OUTPUT: ##### Test Case End: TC_03020_007 PASSED (0)
</stdout>
          <failedSince>0</failedSince>
        </case>
        <case>
          <duration>1.0</duration>
          <className>HW_03020_basic_temperature_tests</className>
          <testName>TC_03020_008 ddal_temp_set_hyst range check</testName>
          <skipped>false</skipped>
          <stdout>
SCR_OUTPUT: ##### Test Case Start: TC_03020_008  ddal_temp_set_hyst range check
CLI_OUTPUT: /Target1/temperature/action ddal_temp_set_hyst BAD_VALUE 0
CLI_OUTPUT: ret /Target1/temperature/action ddal_temp_set_hyst BAD_VALUE 0 ==&gt; done fail retv -19 errstr No such device
CLI_OUTPUT: /Target1/temperature/action ddal_temp_set_hyst FCM1 200001
CLI_OUTPUT: ret /Target1/temperature/action ddal_temp_set_hyst FCM1 200001 ==&gt; done fail retv -22 errstr Invalid argument
SCR_OUTPUT: ##### Test Case End: TC_03020_008 PASSED (0)
</stdout>
          <failedSince>0</failedSince>
        </case>
        <case>
          <duration>1.0</duration>
          <className>HW_03020_basic_temperature_tests</className>
          <testName>TC_03020_009 successful ddal_temp_set_max calls</testName>
          <skipped>false</skipped>
          <stdout>
SCR_OUTPUT: ##### Test Case Start: TC_03020_009  successful ddal_temp_set_max calls
CLI_OUTPUT: /Target1/temperature/action ddal_temp_set_max FCM1 -10000
CLI_OUTPUT: ret /Target1/temperature/action ddal_temp_set_max FCM1 -10000 ==&gt; done OK retv 0 max -10000
CLI_OUTPUT: /Target1/temperature/action ddal_temp_set_max FCM1 0
CLI_OUTPUT: ret /Target1/temperature/action ddal_temp_set_max FCM1 0 ==&gt; done OK retv 0 max 0
CLI_OUTPUT: /Target1/temperature/action ddal_temp_set_max FCM1 20000
CLI_OUTPUT: ret /Target1/temperature/action ddal_temp_set_max FCM1 20000 ==&gt; done OK retv 0 max 20000
CLI_OUTPUT: /Target1/temperature/action ddal_temp_set_max FCM1 130000
CLI_OUTPUT: ret /Target1/temperature/action ddal_temp_set_max FCM1 130000 ==&gt; done OK retv 0 max 130000
CLI_OUTPUT: /Target1/temperature/action ddal_temp_set_max FCM1 80000
CLI_OUTPUT: ret /Target1/temperature/action ddal_temp_set_max FCM1 80000 ==&gt; done OK retv 0 max 80000
CLI_OUTPUT: /Target1/temperature/action ddal_temp_set_max FCM2 -10000
CLI_OUTPUT: ret /Target1/temperature/action ddal_temp_set_max FCM2 -10000 ==&gt; done OK retv 0 max -10000
CLI_OUTPUT: /Target1/temperature/action ddal_temp_set_max FCM2 0
CLI_OUTPUT: ret /Target1/temperature/action ddal_temp_set_max FCM2 0 ==&gt; done OK retv 0 max 0
CLI_OUTPUT: /Target1/temperature/action ddal_temp_set_max FCM2 20000
CLI_OUTPUT: ret /Target1/temperature/action ddal_temp_set_max FCM2 20000 ==&gt; done OK retv 0 max 20000
CLI_OUTPUT: /Target1/temperature/action ddal_temp_set_max FCM2 130000
CLI_OUTPUT: ret /Target1/temperature/action ddal_temp_set_max FCM2 130000 ==&gt; done OK retv 0 max 130000
CLI_OUTPUT: /Target1/temperature/action ddal_temp_set_max FCM2 80000
CLI_OUTPUT: ret /Target1/temperature/action ddal_temp_set_max FCM2 80000 ==&gt; done OK retv 0 max 80000
CLI_OUTPUT: /Target1/temperature/action ddal_temp_set_max FSP3 -10000
CLI_OUTPUT: ret /Target1/temperature/action ddal_temp_set_max FSP3 -10000 ==&gt; done OK retv 0 max -10000
CLI_OUTPUT: /Target1/temperature/action ddal_temp_set_max FSP3 0
CLI_OUTPUT: ret /Target1/temperature/action ddal_temp_set_max FSP3 0 ==&gt; done OK retv 0 max 0
CLI_OUTPUT: /Target1/temperature/action ddal_temp_set_max FSP3 20000
CLI_OUTPUT: ret /Target1/temperature/action ddal_temp_set_max FSP3 20000 ==&gt; done OK retv 0 max 20000
CLI_OUTPUT: /Target1/temperature/action ddal_temp_set_max FSP3 130000
CLI_OUTPUT: ret /Target1/temperature/action ddal_temp_set_max FSP3 130000 ==&gt; done OK retv 0 max 130000
CLI_OUTPUT: /Target1/temperature/action ddal_temp_set_max FSP3 80000
CLI_OUTPUT: ret /Target1/temperature/action ddal_temp_set_max FSP3 80000 ==&gt; done OK retv 0 max 80000
SCR_OUTPUT: ##### Test Case End: TC_03020_009 PASSED (0)
</stdout>
          <failedSince>0</failedSince>
        </case>
        <case>
          <duration>1.0</duration>
          <className>HW_03020_basic_temperature_tests</className>
          <testName>TC_03020_010 ddal_temp_set_max range check</testName>
          <skipped>false</skipped>
          <stdout>
SCR_OUTPUT: ##### Test Case Start: TC_03020_010  ddal_temp_set_max range check
CLI_OUTPUT: /Target1/temperature/action ddal_temp_set_max BAD_VALUE 0
CLI_OUTPUT: ret /Target1/temperature/action ddal_temp_set_max BAD_VALUE 0 ==&gt; done fail retv -19 errstr No such device
CLI_OUTPUT: /Target1/temperature/action ddal_temp_set_max FCM1 200001
CLI_OUTPUT: ret /Target1/temperature/action ddal_temp_set_max FCM1 200001 ==&gt; done fail retv -22 errstr Invalid argument
SCR_OUTPUT: ##### Test Case End: TC_03020_010 PASSED (0)
</stdout>
          <failedSince>0</failedSince>
        </case>
        <case>
          <duration>7.0</duration>
          <className>HW_03020_basic_temperature_tests</className>
          <testName>TC_03020_011 successful ddal_temp_wait_alert calls</testName>
          <skipped>false</skipped>
          <stdout>
SCR_OUTPUT: ##### Test Case Start: TC_03020_011  successful ddal_temp_wait_alert calls
CLI_OUTPUT: /Target1/temperature/action ddal_temp_wait_alert FCM1 0
CLI_OUTPUT: ret /Target1/temperature/action ddal_temp_wait_alert FCM1 0 ==&gt; done fail retv -1003 errstr ddal timeout
CLI_OUTPUT: /Target1/temperature/action ddal_temp_set_max FCM1 0
CLI_OUTPUT: ret /Target1/temperature/action ddal_temp_set_max FCM1 0 ==&gt; done OK retv 0 max 0
CLI_OUTPUT: /Target1/temperature/action ddal_temp_set_hyst FCM1 0
CLI_OUTPUT: ret /Target1/temperature/action ddal_temp_set_hyst FCM1 0 ==&gt; done OK retv 0 hyst 0
CLI_OUTPUT: /Target1/temperature/action ddal_temp_wait_alert FCM1 3000
CLI_OUTPUT: ret /Target1/temperature/action ddal_temp_wait_alert FCM1 3000 ==&gt; done OK retv 0
CLI_OUTPUT: /Target1/temperature/action ddal_temp_wait_alert FCM1 1000
CLI_OUTPUT: ret /Target1/temperature/action ddal_temp_wait_alert FCM1 1000 ==&gt; done fail retv -1003 errstr ddal timeout
CLI_OUTPUT: /Target1/temperature/action ddal_temp_set_max FCM1 80000
CLI_OUTPUT: ret /Target1/temperature/action ddal_temp_set_max FCM1 80000 ==&gt; done OK retv 0 max 80000
CLI_OUTPUT: /Target1/temperature/action ddal_temp_set_hyst FCM1 75000
CLI_OUTPUT: ret /Target1/temperature/action ddal_temp_set_hyst FCM1 75000 ==&gt; done OK retv 0 hyst 75000
CLI_OUTPUT: /Target1/temperature/action ddal_temp_wait_alert FCM1 3000
CLI_OUTPUT: ret /Target1/temperature/action ddal_temp_wait_alert FCM1 3000 ==&gt; done OK retv 0
CLI_OUTPUT: /Target1/temperature/action ddal_temp_wait_alert FCM1 1000
CLI_OUTPUT: ret /Target1/temperature/action ddal_temp_wait_alert FCM1 1000 ==&gt; done fail retv -1003 errstr ddal timeout
CLI_OUTPUT: /Target1/temperature/action ddal_temp_wait_alert FCM2 0
CLI_OUTPUT: ret /Target1/temperature/action ddal_temp_wait_alert FCM2 0 ==&gt; done fail retv -1003 errstr ddal timeout
CLI_OUTPUT: /Target1/temperature/action ddal_temp_set_max FCM2 0
CLI_OUTPUT: ret /Target1/temperature/action ddal_temp_set_max FCM2 0 ==&gt; done OK retv 0 max 0
CLI_OUTPUT: /Target1/temperature/action ddal_temp_set_hyst FCM2 0
CLI_OUTPUT: ret /Target1/temperature/action ddal_temp_set_hyst FCM2 0 ==&gt; done OK retv 0 hyst 0
CLI_OUTPUT: /Target1/temperature/action ddal_temp_wait_alert FCM2 3000
CLI_OUTPUT: ret /Target1/temperature/action ddal_temp_wait_alert FCM2 3000 ==&gt; done OK retv 0
CLI_OUTPUT: /Target1/temperature/action ddal_temp_wait_alert FCM2 1000
CLI_OUTPUT: ret /Target1/temperature/action ddal_temp_wait_alert FCM2 1000 ==&gt; done fail retv -1003 errstr ddal timeout
CLI_OUTPUT: /Target1/temperature/action ddal_temp_set_max FCM2 80000
CLI_OUTPUT: ret /Target1/temperature/action ddal_temp_set_max FCM2 80000 ==&gt; done OK retv 0 max 80000
CLI_OUTPUT: /Target1/temperature/action ddal_temp_set_hyst FCM2 75000
CLI_OUTPUT: ret /Target1/temperature/action ddal_temp_set_hyst FCM2 75000 ==&gt; done OK retv 0 hyst 75000
CLI_OUTPUT: /Target1/temperature/action ddal_temp_wait_alert FCM2 3000
CLI_OUTPUT: ret /Target1/temperature/action ddal_temp_wait_alert FCM2 3000 ==&gt; done OK retv 0
CLI_OUTPUT: /Target1/temperature/action ddal_temp_wait_alert FCM2 1000
CLI_OUTPUT: ret /Target1/temperature/action ddal_temp_wait_alert FCM2 1000 ==&gt; done fail retv -1003 errstr ddal timeout
CLI_OUTPUT: /Target1/temperature/action ddal_temp_wait_alert FSP3 0
CLI_OUTPUT: ret /Target1/temperature/action ddal_temp_wait_alert FSP3 0 ==&gt; done fail retv -1003 errstr ddal timeout
CLI_OUTPUT: /Target1/temperature/action ddal_temp_set_max FSP3 0
CLI_OUTPUT: ret /Target1/temperature/action ddal_temp_set_max FSP3 0 ==&gt; done OK retv 0 max 0
CLI_OUTPUT: /Target1/temperature/action ddal_temp_set_hyst FSP3 0
CLI_OUTPUT: ret /Target1/temperature/action ddal_temp_set_hyst FSP3 0 ==&gt; done OK retv 0 hyst 0
CLI_OUTPUT: /Target1/temperature/action ddal_temp_wait_alert FSP3 3000
CLI_OUTPUT: ret /Target1/temperature/action ddal_temp_wait_alert FSP3 3000 ==&gt; done OK retv 0
CLI_OUTPUT: /Target1/temperature/action ddal_temp_wait_alert FSP3 1000
CLI_OUTPUT: ret /Target1/temperature/action ddal_temp_wait_alert FSP3 1000 ==&gt; done fail retv -1003 errstr ddal timeout
CLI_OUTPUT: /Target1/temperature/action ddal_temp_set_max FSP3 80000
CLI_OUTPUT: ret /Target1/temperature/action ddal_temp_set_max FSP3 80000 ==&gt; done OK retv 0 max 80000
CLI_OUTPUT: /Target1/temperature/action ddal_temp_set_hyst FSP3 75000
CLI_OUTPUT: ret /Target1/temperature/action ddal_temp_set_hyst FSP3 75000 ==&gt; done OK retv 0 hyst 75000
CLI_OUTPUT: /Target1/temperature/action ddal_temp_wait_alert FSP3 3000
CLI_OUTPUT: ret /Target1/temperature/action ddal_temp_wait_alert FSP3 3000 ==&gt; done OK retv 0
CLI_OUTPUT: /Target1/temperature/action ddal_temp_wait_alert FSP3 1000
CLI_OUTPUT: ret /Target1/temperature/action ddal_temp_wait_alert FSP3 1000 ==&gt; done fail retv -1003 errstr ddal timeout
SCR_OUTPUT: ##### Test Case End: TC_03020_011 PASSED (0)
</stdout>
          <failedSince>0</failedSince>
        </case>
        <case>
          <duration>1.0</duration>
          <className>HW_03020_basic_temperature_tests</className>
          <testName>TC_03020_012 ddal_temp_wait_alert range check</testName>
          <skipped>false</skipped>
          <stdout>
SCR_OUTPUT: ##### Test Case Start: TC_03020_012  ddal_temp_wait_alert range check
CLI_OUTPUT: /Target1/temperature/action ddal_temp_wait_alert BAD_VALUE 0
CLI_OUTPUT: ret /Target1/temperature/action ddal_temp_wait_alert BAD_VALUE 0 ==&gt; done fail retv -19 errstr No such device
SCR_OUTPUT: ##### Test Case End: TC_03020_012 PASSED (0)
</stdout>
          <failedSince>0</failedSince>
        </case>
        <case>
          <duration>1.0</duration>
          <className>HW_03030_basic_reset_tests</className>
          <testName>TC_03030_001 All Reset unit ddal_reset_get calls</testName>
          <skipped>false</skipped>
          <stdout>
SCR_OUTPUT: ##### Test Case Start: TC_03030_001  All Reset unit ddal_reset_get calls
CLI_OUTPUT: /Target1/reset/action ddal_reset_get DDAL_RESET_FSP1
CLI_OUTPUT: ret /Target1/reset/action ddal_reset_get DDAL_RESET_FSP1 ==&gt; done OK retv 0 resetstateptr 1
CLI_OUTPUT: /Target1/cmd/action cmd &quot;test `cat /sys/class/flexi/reset/rstfsp1` = &apos;released&apos;&quot;
CLI_OUTPUT: ret /Target1/cmd/action cmd &quot;test `cat /sys/class/flexi/reset/rstfsp1` = &apos;released&apos;&quot; ==&gt; done OK retw=0
SCR_OUTPUT: DDAL_RESET_FSP1 OK...
CLI_OUTPUT: /Target1/reset/action ddal_reset_get DDAL_RESET_FSP2
CLI_OUTPUT: ret /Target1/reset/action ddal_reset_get DDAL_RESET_FSP2 ==&gt; done OK retv 0 resetstateptr 1
CLI_OUTPUT: /Target1/cmd/action cmd &quot;test `cat /sys/class/flexi/reset/rstfsp2` = &apos;released&apos;&quot;
CLI_OUTPUT: ret /Target1/cmd/action cmd &quot;test `cat /sys/class/flexi/reset/rstfsp2` = &apos;released&apos;&quot; ==&gt; done OK retw=0
SCR_OUTPUT: DDAL_RESET_FSP2 OK...
CLI_OUTPUT: /Target1/reset/action ddal_reset_get DDAL_RESET_FSP3
CLI_OUTPUT: ret /Target1/reset/action ddal_reset_get DDAL_RESET_FSP3 ==&gt; done OK retv 0 resetstateptr 1
CLI_OUTPUT: /Target1/cmd/action cmd &quot;test `cat /sys/class/flexi/reset/rstfsp3` = &apos;released&apos;&quot;
CLI_OUTPUT: ret /Target1/cmd/action cmd &quot;test `cat /sys/class/flexi/reset/rstfsp3` = &apos;released&apos;&quot; ==&gt; done OK retw=0
SCR_OUTPUT: DDAL_RESET_FSP3 OK...
CLI_OUTPUT: /Target1/reset/action ddal_reset_get DDAL_RESET_FTM
CLI_OUTPUT: ret /Target1/reset/action ddal_reset_get DDAL_RESET_FTM ==&gt; done OK retv 0 resetstateptr 1
CLI_OUTPUT: /Target1/cmd/action cmd &quot;test `cat /sys/class/flexi/reset/rstftm` = &apos;released&apos;&quot;
CLI_OUTPUT: ret /Target1/cmd/action cmd &quot;test `cat /sys/class/flexi/reset/rstftm` = &apos;released&apos;&quot; ==&gt; done OK retw=0
SCR_OUTPUT: DDAL_RESET_FTM OK...
CLI_OUTPUT: /Target1/reset/action ddal_reset_get DDAL_RESET_MUKSU
CLI_OUTPUT: ret /Target1/reset/action ddal_reset_get DDAL_RESET_MUKSU ==&gt; done OK retv 0 resetstateptr 0
CLI_OUTPUT: /Target1/cmd/action cmd &quot;test `cat /sys/class/flexi/reset/rstmuksu` = &apos;active&apos;&quot;
CLI_OUTPUT: ret /Target1/cmd/action cmd &quot;test `cat /sys/class/flexi/reset/rstmuksu` = &apos;active&apos;&quot; ==&gt; done OK retw=0
SCR_OUTPUT: DDAL_RESET_MUKSU OK...
CLI_OUTPUT: /Target1/reset/action ddal_reset_get DDAL_RESET_MUKSUPLL
CLI_OUTPUT: ret /Target1/reset/action ddal_reset_get DDAL_RESET_MUKSUPLL ==&gt; done OK retv 0 resetstateptr 0
CLI_OUTPUT: /Target1/cmd/action cmd &quot;test `cat /sys/class/flexi/reset/rstmuksupll` = &apos;active&apos;&quot;
CLI_OUTPUT: ret /Target1/cmd/action cmd &quot;test `cat /sys/class/flexi/reset/rstmuksupll` = &apos;active&apos;&quot; ==&gt; done OK retw=0
SCR_OUTPUT: DDAL_RESET_MUKSUPLL OK...
CLI_OUTPUT: /Target1/reset/action ddal_reset_get DDAL_RESET_CASA
CLI_OUTPUT: ret /Target1/reset/action ddal_reset_get DDAL_RESET_CASA ==&gt; done OK retv 0 resetstateptr 1
CLI_OUTPUT: /Target1/cmd/action cmd &quot;test `cat /sys/class/flexi/reset/rstcasa` = &apos;released&apos;&quot;
CLI_OUTPUT: ret /Target1/cmd/action cmd &quot;test `cat /sys/class/flexi/reset/rstcasa` = &apos;released&apos;&quot; ==&gt; done OK retw=0
SCR_OUTPUT: DDAL_RESET_CASA OK...
CLI_OUTPUT: /Target1/reset/action ddal_reset_get DDAL_RESET_L2X
CLI_OUTPUT: ret /Target1/reset/action ddal_reset_get DDAL_RESET_L2X ==&gt; done OK retv 0 resetstateptr 1
CLI_OUTPUT: /Target1/cmd/action cmd &quot;test `cat /sys/class/flexi/reset/rstl2x` = &apos;released&apos;&quot;
CLI_OUTPUT: ret /Target1/cmd/action cmd &quot;test `cat /sys/class/flexi/reset/rstl2x` = &apos;released&apos;&quot; ==&gt; done OK retw=0
SCR_OUTPUT: DDAL_RESET_L2X OK...
CLI_OUTPUT: /Target1/reset/action ddal_reset_get DDAL_RESET_PHY
CLI_OUTPUT: ret /Target1/reset/action ddal_reset_get DDAL_RESET_PHY ==&gt; done OK retv 0 resetstateptr 1
CLI_OUTPUT: /Target1/cmd/action cmd &quot;test `cat /sys/class/flexi/reset/rstphy` = &apos;released&apos;&quot;
CLI_OUTPUT: ret /Target1/cmd/action cmd &quot;test `cat /sys/class/flexi/reset/rstphy` = &apos;released&apos;&quot; ==&gt; done OK retw=0
SCR_OUTPUT: DDAL_RESET_PHY OK...
SCR_OUTPUT: ##### Test Case End: TC_03030_001 PASSED (0)
</stdout>
          <failedSince>0</failedSince>
        </case>
        <case>
          <duration>1.0</duration>
          <className>HW_03030_basic_reset_tests</className>
          <testName>TC_03030_002 ddal_reset_get range check</testName>
          <skipped>false</skipped>
          <stdout>
SCR_OUTPUT: ##### Test Case Start: TC_03030_002  ddal_reset_get range check
CLI_OUTPUT: /Target1/reset/action ddal_reset_get BAD_VALUE
CLI_OUTPUT: ret /Target1/reset/action ddal_reset_get BAD_VALUE ==&gt; done fail retv -38 errstr Function not implemented
SCR_OUTPUT: Error code returned when BAD_VALUE set as arg --&gt; OK
SCR_OUTPUT: ##### Test Case End: TC_03030_002 PASSED (0)
</stdout>
          <failedSince>0</failedSince>
        </case>
        <case>
          <duration>2.0</duration>
          <className>HW_03030_basic_reset_tests</className>
          <testName>TC_03030_003 All Reset unit ddal_reset_set calls</testName>
          <skipped>false</skipped>
          <stdout>
SCR_OUTPUT: ##### Test Case Start: TC_03030_003  All Reset unit ddal_reset_set calls
CLI_OUTPUT: /Target1/reset/action ddal_reset_get DDAL_RESET_FSP1
CLI_OUTPUT: ret /Target1/reset/action ddal_reset_get DDAL_RESET_FSP1 ==&gt; done OK retv 0 resetstateptr 1
CLI_OUTPUT: /Target1/reset/action ddal_reset_set DDAL_RESET_FSP1 DDAL_RESET_RELEASED
CLI_OUTPUT: ret /Target1/reset/action ddal_reset_set DDAL_RESET_FSP1 DDAL_RESET_RELEASED ==&gt; done OK retv 0
CLI_OUTPUT: /Target1/cmd/action cmd &quot;test `cat /sys/class/flexi/reset/rstfsp1` = &apos;released&apos;&quot;
CLI_OUTPUT: ret /Target1/cmd/action cmd &quot;test `cat /sys/class/flexi/reset/rstfsp1` = &apos;released&apos;&quot; ==&gt; done OK retw=0
SCR_OUTPUT: DDAL_RESET_FSP1 OK...
CLI_OUTPUT: /Target1/reset/action ddal_reset_get DDAL_RESET_FSP2
CLI_OUTPUT: ret /Target1/reset/action ddal_reset_get DDAL_RESET_FSP2 ==&gt; done OK retv 0 resetstateptr 1
CLI_OUTPUT: /Target1/reset/action ddal_reset_set DDAL_RESET_FSP2 DDAL_RESET_RELEASED
CLI_OUTPUT: ret /Target1/reset/action ddal_reset_set DDAL_RESET_FSP2 DDAL_RESET_RELEASED ==&gt; done OK retv 0
CLI_OUTPUT: /Target1/cmd/action cmd &quot;test `cat /sys/class/flexi/reset/rstfsp2` = &apos;released&apos;&quot;
CLI_OUTPUT: ret /Target1/cmd/action cmd &quot;test `cat /sys/class/flexi/reset/rstfsp2` = &apos;released&apos;&quot; ==&gt; done OK retw=0
SCR_OUTPUT: DDAL_RESET_FSP2 OK...
CLI_OUTPUT: /Target1/reset/action ddal_reset_get DDAL_RESET_FSP3
CLI_OUTPUT: ret /Target1/reset/action ddal_reset_get DDAL_RESET_FSP3 ==&gt; done OK retv 0 resetstateptr 1
CLI_OUTPUT: /Target1/reset/action ddal_reset_set DDAL_RESET_FSP3 DDAL_RESET_RELEASED
CLI_OUTPUT: ret /Target1/reset/action ddal_reset_set DDAL_RESET_FSP3 DDAL_RESET_RELEASED ==&gt; done OK retv 0
CLI_OUTPUT: /Target1/cmd/action cmd &quot;test `cat /sys/class/flexi/reset/rstfsp3` = &apos;released&apos;&quot;
CLI_OUTPUT: ret /Target1/cmd/action cmd &quot;test `cat /sys/class/flexi/reset/rstfsp3` = &apos;released&apos;&quot; ==&gt; done OK retw=0
SCR_OUTPUT: DDAL_RESET_FSP3 OK...
CLI_OUTPUT: /Target1/reset/action ddal_reset_get DDAL_RESET_FTM
CLI_OUTPUT: ret /Target1/reset/action ddal_reset_get DDAL_RESET_FTM ==&gt; done OK retv 0 resetstateptr 1
CLI_OUTPUT: /Target1/reset/action ddal_reset_set DDAL_RESET_FTM DDAL_RESET_RELEASED
CLI_OUTPUT: ret /Target1/reset/action ddal_reset_set DDAL_RESET_FTM DDAL_RESET_RELEASED ==&gt; done OK retv 0
CLI_OUTPUT: /Target1/cmd/action cmd &quot;test `cat /sys/class/flexi/reset/rstftm` = &apos;released&apos;&quot;
CLI_OUTPUT: ret /Target1/cmd/action cmd &quot;test `cat /sys/class/flexi/reset/rstftm` = &apos;released&apos;&quot; ==&gt; done OK retw=0
SCR_OUTPUT: DDAL_RESET_FTM OK...
CLI_OUTPUT: /Target1/reset/action ddal_reset_get DDAL_RESET_MUKSU
CLI_OUTPUT: ret /Target1/reset/action ddal_reset_get DDAL_RESET_MUKSU ==&gt; done OK retv 0 resetstateptr 0
CLI_OUTPUT: /Target1/reset/action ddal_reset_set DDAL_RESET_MUKSU DDAL_RESET_ACTIVE
CLI_OUTPUT: ret /Target1/reset/action ddal_reset_set DDAL_RESET_MUKSU DDAL_RESET_ACTIVE ==&gt; done OK retv 0
CLI_OUTPUT: /Target1/cmd/action cmd &quot;test `cat /sys/class/flexi/reset/rstmuksu` = &apos;active&apos;&quot;
CLI_OUTPUT: ret /Target1/cmd/action cmd &quot;test `cat /sys/class/flexi/reset/rstmuksu` = &apos;active&apos;&quot; ==&gt; done OK retw=0
SCR_OUTPUT: DDAL_RESET_MUKSU OK...
CLI_OUTPUT: /Target1/reset/action ddal_reset_get DDAL_RESET_MUKSUPLL
CLI_OUTPUT: ret /Target1/reset/action ddal_reset_get DDAL_RESET_MUKSUPLL ==&gt; done OK retv 0 resetstateptr 0
CLI_OUTPUT: /Target1/reset/action ddal_reset_set DDAL_RESET_MUKSUPLL DDAL_RESET_ACTIVE
CLI_OUTPUT: ret /Target1/reset/action ddal_reset_set DDAL_RESET_MUKSUPLL DDAL_RESET_ACTIVE ==&gt; done OK retv 0
CLI_OUTPUT: /Target1/cmd/action cmd &quot;test `cat /sys/class/flexi/reset/rstmuksupll` = &apos;active&apos;&quot;
CLI_OUTPUT: ret /Target1/cmd/action cmd &quot;test `cat /sys/class/flexi/reset/rstmuksupll` = &apos;active&apos;&quot; ==&gt; done OK retw=0
SCR_OUTPUT: DDAL_RESET_MUKSUPLL OK...
CLI_OUTPUT: /Target1/reset/action ddal_reset_get DDAL_RESET_CASA
CLI_OUTPUT: ret /Target1/reset/action ddal_reset_get DDAL_RESET_CASA ==&gt; done OK retv 0 resetstateptr 1
CLI_OUTPUT: /Target1/reset/action ddal_reset_set DDAL_RESET_CASA DDAL_RESET_RELEASED
CLI_OUTPUT: ret /Target1/reset/action ddal_reset_set DDAL_RESET_CASA DDAL_RESET_RELEASED ==&gt; done OK retv 0
CLI_OUTPUT: /Target1/cmd/action cmd &quot;test `cat /sys/class/flexi/reset/rstcasa` = &apos;released&apos;&quot;
CLI_OUTPUT: ret /Target1/cmd/action cmd &quot;test `cat /sys/class/flexi/reset/rstcasa` = &apos;released&apos;&quot; ==&gt; done OK retw=0
SCR_OUTPUT: DDAL_RESET_CASA OK...
CLI_OUTPUT: /Target1/reset/action ddal_reset_get DDAL_RESET_L2X
CLI_OUTPUT: ret /Target1/reset/action ddal_reset_get DDAL_RESET_L2X ==&gt; done OK retv 0 resetstateptr 1
CLI_OUTPUT: /Target1/reset/action ddal_reset_set DDAL_RESET_L2X DDAL_RESET_RELEASED
CLI_OUTPUT: ret /Target1/reset/action ddal_reset_set DDAL_RESET_L2X DDAL_RESET_RELEASED ==&gt; done OK retv 0
CLI_OUTPUT: /Target1/cmd/action cmd &quot;test `cat /sys/class/flexi/reset/rstl2x` = &apos;released&apos;&quot;
CLI_OUTPUT: ret /Target1/cmd/action cmd &quot;test `cat /sys/class/flexi/reset/rstl2x` = &apos;released&apos;&quot; ==&gt; done OK retw=0
SCR_OUTPUT: DDAL_RESET_L2X OK...
CLI_OUTPUT: /Target1/reset/action ddal_reset_get DDAL_RESET_PHY
CLI_OUTPUT: ret /Target1/reset/action ddal_reset_get DDAL_RESET_PHY ==&gt; done OK retv 0 resetstateptr 1
CLI_OUTPUT: /Target1/reset/action ddal_reset_set DDAL_RESET_PHY DDAL_RESET_RELEASED
CLI_OUTPUT: ret /Target1/reset/action ddal_reset_set DDAL_RESET_PHY DDAL_RESET_RELEASED ==&gt; done OK retv 0
CLI_OUTPUT: /Target1/cmd/action cmd &quot;test `cat /sys/class/flexi/reset/rstphy` = &apos;released&apos;&quot;
CLI_OUTPUT: ret /Target1/cmd/action cmd &quot;test `cat /sys/class/flexi/reset/rstphy` = &apos;released&apos;&quot; ==&gt; done OK retw=0
SCR_OUTPUT: DDAL_RESET_PHY OK...
SCR_OUTPUT: ##### Test Case End: TC_03030_003 PASSED (0)
</stdout>
          <failedSince>0</failedSince>
        </case>
        <case>
          <duration>1.0</duration>
          <className>HW_03030_basic_reset_tests</className>
          <testName>TC_03030_004 ddal_reset_set range check</testName>
          <skipped>false</skipped>
          <stdout>
SCR_OUTPUT: ##### Test Case Start: TC_03030_004  ddal_reset_set range check
CLI_OUTPUT: /Target1/reset/action ddal_reset_set BAD_VALUE DDAL_RESET_RELEASED
CLI_OUTPUT: ret /Target1/reset/action ddal_reset_set BAD_VALUE DDAL_RESET_RELEASED ==&gt; done fail retv -38 errstr Function not implemented
SCR_OUTPUT: Error code returned when BAD_VALUE set on arg_1 --&gt; OK
CLI_OUTPUT: /Target1/reset/action ddal_reset_set DDAL_RESET_FSP1 BAD_VALUE
CLI_OUTPUT: ret /Target1/reset/action ddal_reset_set DDAL_RESET_FSP1 BAD_VALUE ==&gt; done fail retv -38 errstr Function not implemented
SCR_OUTPUT: Error code returned when BAD_VALUE set on arg_2 --&gt; OK
CLI_OUTPUT: /Target1/reset/action ddal_reset_set DDAL_RESET_FSP2 BAD_VALUE
CLI_OUTPUT: ret /Target1/reset/action ddal_reset_set DDAL_RESET_FSP2 BAD_VALUE ==&gt; done fail retv -38 errstr Function not implemented
SCR_OUTPUT: Error code returned when BAD_VALUE set on arg_2 --&gt; OK
CLI_OUTPUT: /Target1/reset/action ddal_reset_set DDAL_RESET_FSP3 BAD_VALUE
CLI_OUTPUT: ret /Target1/reset/action ddal_reset_set DDAL_RESET_FSP3 BAD_VALUE ==&gt; done fail retv -38 errstr Function not implemented
SCR_OUTPUT: Error code returned when BAD_VALUE set on arg_2 --&gt; OK
CLI_OUTPUT: /Target1/reset/action ddal_reset_set DDAL_RESET_FTM BAD_VALUE
CLI_OUTPUT: ret /Target1/reset/action ddal_reset_set DDAL_RESET_FTM BAD_VALUE ==&gt; done fail retv -38 errstr Function not implemented
SCR_OUTPUT: Error code returned when BAD_VALUE set on arg_2 --&gt; OK
CLI_OUTPUT: /Target1/reset/action ddal_reset_set DDAL_RESET_MUKSU BAD_VALUE
CLI_OUTPUT: ret /Target1/reset/action ddal_reset_set DDAL_RESET_MUKSU BAD_VALUE ==&gt; done fail retv -38 errstr Function not implemented
SCR_OUTPUT: Error code returned when BAD_VALUE set on arg_2 --&gt; OK
CLI_OUTPUT: /Target1/reset/action ddal_reset_set DDAL_RESET_MUKSUPLL BAD_VALUE
CLI_OUTPUT: ret /Target1/reset/action ddal_reset_set DDAL_RESET_MUKSUPLL BAD_VALUE ==&gt; done fail retv -38 errstr Function not implemented
SCR_OUTPUT: Error code returned when BAD_VALUE set on arg_2 --&gt; OK
CLI_OUTPUT: /Target1/reset/action ddal_reset_set DDAL_RESET_CASA BAD_VALUE
CLI_OUTPUT: ret /Target1/reset/action ddal_reset_set DDAL_RESET_CASA BAD_VALUE ==&gt; done fail retv -38 errstr Function not implemented
SCR_OUTPUT: Error code returned when BAD_VALUE set on arg_2 --&gt; OK
CLI_OUTPUT: /Target1/reset/action ddal_reset_set DDAL_RESET_L2X BAD_VALUE
CLI_OUTPUT: ret /Target1/reset/action ddal_reset_set DDAL_RESET_L2X BAD_VALUE ==&gt; done fail retv -38 errstr Function not implemented
SCR_OUTPUT: Error code returned when BAD_VALUE set on arg_2 --&gt; OK
CLI_OUTPUT: /Target1/reset/action ddal_reset_set DDAL_RESET_PHY BAD_VALUE
CLI_OUTPUT: ret /Target1/reset/action ddal_reset_set DDAL_RESET_PHY BAD_VALUE ==&gt; done fail retv -38 errstr Function not implemented
SCR_OUTPUT: Error code returned when BAD_VALUE set on arg_2 --&gt; OK
SCR_OUTPUT: ##### Test Case End: TC_03030_004 PASSED (0)
</stdout>
          <failedSince>0</failedSince>
        </case>
        <case>
          <duration>1.0</duration>
          <className>HW_03030_basic_reset_tests</className>
          <testName>TC_03030_005 successful ddal_reset_por calls</testName>
          <skipped>false</skipped>
          <stdout>
SCR_OUTPUT: ##### Test Case Start: TC_03030_005  successful ddal_reset_por calls
SCR_OUTPUT: TC_03030_005 not relevant for fcm boards...
SCR_OUTPUT: ##### Test Case End: TC_03030_005 PASSED (0)
</stdout>
          <failedSince>0</failedSince>
        </case>
        <case>
          <duration>1.0</duration>
          <className>HW_03030_basic_reset_tests</className>
          <testName>TC_03030_006 ddal_reset_por range check</testName>
          <skipped>false</skipped>
          <stdout>
SCR_OUTPUT: ##### Test Case Start: TC_03030_006  ddal_reset_por range check
SCR_OUTPUT: TC_03030_006 not relevant for fcm boards...
SCR_OUTPUT: ##### Test Case End: TC_03030_006 PASSED (0)
</stdout>
          <failedSince>0</failedSince>
        </case>
        <case>
          <duration>1.0</duration>
          <className>HW_03050_basic_pwr_tests</className>
          <testName>TC_03050_001 All power unit ddal_power_get calls</testName>
          <skipped>false</skipped>
          <stdout>
SCR_OUTPUT: ##### Test Case Start: TC_03050_001  All power unit ddal_power_get calls
CLI_OUTPUT: /Target1/power/action ddal_power_get DDAL_POWER_LATCH
CLI_OUTPUT: ret /Target1/power/action ddal_power_get DDAL_POWER_LATCH ==&gt; done OK retv 0 powerstateptr 1
CLI_OUTPUT: /Target1/cmd/action cmd &quot;test `cat /sys/class/flexi/power/powerlatch` = &apos;on&apos;&quot;
CLI_OUTPUT: ret /Target1/cmd/action cmd &quot;test `cat /sys/class/flexi/power/powerlatch` = &apos;on&apos;&quot; ==&gt; done OK retw=0
SCR_OUTPUT: DDAL_POWER_LATCH OK...
CLI_OUTPUT: /Target1/power/action ddal_power_get DDAL_POWER_FSP1
CLI_OUTPUT: ret /Target1/power/action ddal_power_get DDAL_POWER_FSP1 ==&gt; done OK retv 0 powerstateptr 1
CLI_OUTPUT: /Target1/cmd/action cmd &quot;test `cat /sys/class/flexi/power/powerfsp1` = &apos;on&apos;&quot;
CLI_OUTPUT: ret /Target1/cmd/action cmd &quot;test `cat /sys/class/flexi/power/powerfsp1` = &apos;on&apos;&quot; ==&gt; done OK retw=0
SCR_OUTPUT: DDAL_POWER_FSP1 OK...
CLI_OUTPUT: /Target1/power/action ddal_power_get DDAL_POWER_FSP2
CLI_OUTPUT: ret /Target1/power/action ddal_power_get DDAL_POWER_FSP2 ==&gt; done OK retv 0 powerstateptr 1
CLI_OUTPUT: /Target1/cmd/action cmd &quot;test `cat /sys/class/flexi/power/powerfsp2` = &apos;on&apos;&quot;
CLI_OUTPUT: ret /Target1/cmd/action cmd &quot;test `cat /sys/class/flexi/power/powerfsp2` = &apos;on&apos;&quot; ==&gt; done OK retw=0
SCR_OUTPUT: DDAL_POWER_FSP2 OK...
CLI_OUTPUT: /Target1/power/action ddal_power_get DDAL_POWER_FSP3
CLI_OUTPUT: ret /Target1/power/action ddal_power_get DDAL_POWER_FSP3 ==&gt; done OK retv 0 powerstateptr 1
CLI_OUTPUT: /Target1/cmd/action cmd &quot;test `cat /sys/class/flexi/power/powerfsp3` = &apos;on&apos;&quot;
CLI_OUTPUT: ret /Target1/cmd/action cmd &quot;test `cat /sys/class/flexi/power/powerfsp3` = &apos;on&apos;&quot; ==&gt; done OK retw=0
SCR_OUTPUT: DDAL_POWER_FSP3 OK...
CLI_OUTPUT: /Target1/power/action ddal_power_get DDAL_PWCTRL_LATCH
CLI_OUTPUT: ret /Target1/power/action ddal_power_get DDAL_PWCTRL_LATCH ==&gt; done OK retv 0 powerstateptr 1
CLI_OUTPUT: /Target1/cmd/action cmd &quot;test `cat /sys/class/flexi/power/pwctrlatch` = &apos;on&apos;&quot;
CLI_OUTPUT: ret /Target1/cmd/action cmd &quot;test `cat /sys/class/flexi/power/pwctrlatch` = &apos;on&apos;&quot; ==&gt; done OK retw=0
SCR_OUTPUT: DDAL_PWCTRL_LATCH OK...
CLI_OUTPUT: /Target1/power/action ddal_power_get DDAL_PWCTRL_RF1
CLI_OUTPUT: ret /Target1/power/action ddal_power_get DDAL_PWCTRL_RF1 ==&gt; done OK retv 0 powerstateptr 0
CLI_OUTPUT: /Target1/cmd/action cmd &quot;test `cat /sys/class/flexi/power/pwctrlrf1` = &apos;off&apos;&quot;
CLI_OUTPUT: ret /Target1/cmd/action cmd &quot;test `cat /sys/class/flexi/power/pwctrlrf1` = &apos;off&apos;&quot; ==&gt; done OK retw=0
SCR_OUTPUT: DDAL_PWCTRL_RF1 OK...
CLI_OUTPUT: /Target1/power/action ddal_power_get DDAL_PWCTRL_RF2
CLI_OUTPUT: ret /Target1/power/action ddal_power_get DDAL_PWCTRL_RF2 ==&gt; done OK retv 0 powerstateptr 0
CLI_OUTPUT: /Target1/cmd/action cmd &quot;test `cat /sys/class/flexi/power/pwctrlrf2` = &apos;off&apos;&quot;
CLI_OUTPUT: ret /Target1/cmd/action cmd &quot;test `cat /sys/class/flexi/power/pwctrlrf2` = &apos;off&apos;&quot; ==&gt; done OK retw=0
SCR_OUTPUT: DDAL_PWCTRL_RF2 OK...
CLI_OUTPUT: /Target1/power/action ddal_power_get DDAL_PWCTRL_RF3
CLI_OUTPUT: ret /Target1/power/action ddal_power_get DDAL_PWCTRL_RF3 ==&gt; done OK retv 0 powerstateptr 0
CLI_OUTPUT: /Target1/cmd/action cmd &quot;test `cat /sys/class/flexi/power/pwctrlrf3` = &apos;off&apos;&quot;
CLI_OUTPUT: ret /Target1/cmd/action cmd &quot;test `cat /sys/class/flexi/power/pwctrlrf3` = &apos;off&apos;&quot; ==&gt; done OK retw=0
SCR_OUTPUT: DDAL_PWCTRL_RF3 OK...
CLI_OUTPUT: /Target1/power/action ddal_power_get DDAL_PWCTRL_EXT
CLI_OUTPUT: ret /Target1/power/action ddal_power_get DDAL_PWCTRL_EXT ==&gt; done OK retv 0 powerstateptr 0
CLI_OUTPUT: /Target1/cmd/action cmd &quot;test `cat /sys/class/flexi/power/pwctrlext` = &apos;off&apos;&quot;
CLI_OUTPUT: ret /Target1/cmd/action cmd &quot;test `cat /sys/class/flexi/power/pwctrlext` = &apos;off&apos;&quot; ==&gt; done OK retw=0
SCR_OUTPUT: DDAL_PWCTRL_EXT OK...
CLI_OUTPUT: /Target1/power/action ddal_power_get DDAL_PWCTRL_SM
CLI_OUTPUT: ret /Target1/power/action ddal_power_get DDAL_PWCTRL_SM ==&gt; done OK retv 0 powerstateptr 0
CLI_OUTPUT: /Target1/cmd/action cmd &quot;test `cat /sys/class/flexi/power/pwctrlsm` = &apos;off&apos;&quot;
CLI_OUTPUT: ret /Target1/cmd/action cmd &quot;test `cat /sys/class/flexi/power/pwctrlsm` = &apos;off&apos;&quot; ==&gt; done OK retw=0
SCR_OUTPUT: DDAL_PWCTRL_SM OK...
SCR_OUTPUT: ##### Test Case End: TC_03050_001 PASSED (0)
</stdout>
          <failedSince>0</failedSince>
        </case>
        <case>
          <duration>1.0</duration>
          <className>HW_03050_basic_pwr_tests</className>
          <testName>TC_03050_002 ddal_power_get range check</testName>
          <skipped>false</skipped>
          <stdout>
SCR_OUTPUT: ##### Test Case Start: TC_03050_002  ddal_power_get range check
CLI_OUTPUT: /Target1/power/action ddal_power_get BAD_VALUE
CLI_OUTPUT: ret /Target1/power/action ddal_power_get BAD_VALUE ==&gt; done fail retv -38 errstr Function not implemented
SCR_OUTPUT: Error code returned when BAD_VALUE set as arg --&gt; OK
SCR_OUTPUT: ##### Test Case End: TC_03050_002 PASSED (0)
</stdout>
          <failedSince>0</failedSince>
        </case>
        <case>
          <duration>1.0</duration>
          <className>HW_03050_basic_pwr_tests</className>
          <testName>TC_03050_003 All Reset unit ddal_power_set calls</testName>
          <skipped>false</skipped>
          <stdout>
SCR_OUTPUT: ##### Test Case Start: TC_03050_003  All Reset unit ddal_power_set calls
CLI_OUTPUT: /Target1/power/action ddal_power_set DDAL_POWER_LATCH DDAL_POWER_ON
CLI_OUTPUT: ret /Target1/power/action ddal_power_set DDAL_POWER_LATCH DDAL_POWER_ON ==&gt; done OK retv 0
CLI_OUTPUT: /Target1/cmd/action cmd &quot;test `cat /sys/class/flexi/power/powerlatch` = &apos;on&apos;&quot;
CLI_OUTPUT: ret /Target1/cmd/action cmd &quot;test `cat /sys/class/flexi/power/powerlatch` = &apos;on&apos;&quot; ==&gt; done OK retw=0
SCR_OUTPUT: DDAL_POWER_LATCH OK...
CLI_OUTPUT: /Target1/power/action ddal_power_set DDAL_POWER_FSP1 DDAL_POWER_ON
CLI_OUTPUT: ret /Target1/power/action ddal_power_set DDAL_POWER_FSP1 DDAL_POWER_ON ==&gt; done OK retv 0
CLI_OUTPUT: /Target1/cmd/action cmd &quot;test `cat /sys/class/flexi/power/powerfsp1` = &apos;on&apos;&quot;
CLI_OUTPUT: ret /Target1/cmd/action cmd &quot;test `cat /sys/class/flexi/power/powerfsp1` = &apos;on&apos;&quot; ==&gt; done OK retw=0
SCR_OUTPUT: DDAL_POWER_FSP1 OK...
CLI_OUTPUT: /Target1/power/action ddal_power_set DDAL_POWER_FSP2 DDAL_POWER_ON
CLI_OUTPUT: ret /Target1/power/action ddal_power_set DDAL_POWER_FSP2 DDAL_POWER_ON ==&gt; done OK retv 0
CLI_OUTPUT: /Target1/cmd/action cmd &quot;test `cat /sys/class/flexi/power/powerfsp2` = &apos;on&apos;&quot;
CLI_OUTPUT: ret /Target1/cmd/action cmd &quot;test `cat /sys/class/flexi/power/powerfsp2` = &apos;on&apos;&quot; ==&gt; done OK retw=0
SCR_OUTPUT: DDAL_POWER_FSP2 OK...
CLI_OUTPUT: /Target1/power/action ddal_power_set DDAL_POWER_FSP3 DDAL_POWER_ON
CLI_OUTPUT: ret /Target1/power/action ddal_power_set DDAL_POWER_FSP3 DDAL_POWER_ON ==&gt; done OK retv 0
CLI_OUTPUT: /Target1/cmd/action cmd &quot;test `cat /sys/class/flexi/power/powerfsp3` = &apos;on&apos;&quot;
CLI_OUTPUT: ret /Target1/cmd/action cmd &quot;test `cat /sys/class/flexi/power/powerfsp3` = &apos;on&apos;&quot; ==&gt; done OK retw=0
SCR_OUTPUT: DDAL_POWER_FSP3 OK...
CLI_OUTPUT: /Target1/power/action ddal_power_set DDAL_PWCTRL_LATCH DDAL_POWER_ON
CLI_OUTPUT: ret /Target1/power/action ddal_power_set DDAL_PWCTRL_LATCH DDAL_POWER_ON ==&gt; done OK retv 0
CLI_OUTPUT: /Target1/cmd/action cmd &quot;test `cat /sys/class/flexi/power/pwctrlatch` = &apos;on&apos;&quot;
CLI_OUTPUT: ret /Target1/cmd/action cmd &quot;test `cat /sys/class/flexi/power/pwctrlatch` = &apos;on&apos;&quot; ==&gt; done OK retw=0
SCR_OUTPUT: DDAL_PWCTRL_LATCH OK...
CLI_OUTPUT: /Target1/power/action ddal_power_set DDAL_PWCTRL_RF1 DDAL_POWER_ON
CLI_OUTPUT: ret /Target1/power/action ddal_power_set DDAL_PWCTRL_RF1 DDAL_POWER_ON ==&gt; done OK retv 0
CLI_OUTPUT: /Target1/cmd/action cmd &quot;test `cat /sys/class/flexi/power/pwctrlrf1` = &apos;on&apos;&quot;
CLI_OUTPUT: ret /Target1/cmd/action cmd &quot;test `cat /sys/class/flexi/power/pwctrlrf1` = &apos;on&apos;&quot; ==&gt; done OK retw=0
SCR_OUTPUT: DDAL_PWCTRL_RF1 OK...
CLI_OUTPUT: /Target1/power/action ddal_power_set DDAL_PWCTRL_RF2 DDAL_POWER_ON
CLI_OUTPUT: ret /Target1/power/action ddal_power_set DDAL_PWCTRL_RF2 DDAL_POWER_ON ==&gt; done OK retv 0
CLI_OUTPUT: /Target1/cmd/action cmd &quot;test `cat /sys/class/flexi/power/pwctrlrf2` = &apos;on&apos;&quot;
CLI_OUTPUT: ret /Target1/cmd/action cmd &quot;test `cat /sys/class/flexi/power/pwctrlrf2` = &apos;on&apos;&quot; ==&gt; done OK retw=0
SCR_OUTPUT: DDAL_PWCTRL_RF2 OK...
CLI_OUTPUT: /Target1/power/action ddal_power_set DDAL_PWCTRL_RF3 DDAL_POWER_ON
CLI_OUTPUT: ret /Target1/power/action ddal_power_set DDAL_PWCTRL_RF3 DDAL_POWER_ON ==&gt; done OK retv 0
CLI_OUTPUT: /Target1/cmd/action cmd &quot;test `cat /sys/class/flexi/power/pwctrlrf3` = &apos;on&apos;&quot;
CLI_OUTPUT: ret /Target1/cmd/action cmd &quot;test `cat /sys/class/flexi/power/pwctrlrf3` = &apos;on&apos;&quot; ==&gt; done OK retw=0
SCR_OUTPUT: DDAL_PWCTRL_RF3 OK...
CLI_OUTPUT: /Target1/power/action ddal_power_set DDAL_PWCTRL_EXT DDAL_POWER_ON
CLI_OUTPUT: ret /Target1/power/action ddal_power_set DDAL_PWCTRL_EXT DDAL_POWER_ON ==&gt; done OK retv 0
CLI_OUTPUT: /Target1/cmd/action cmd &quot;test `cat /sys/class/flexi/power/pwctrlext` = &apos;on&apos;&quot;
CLI_OUTPUT: ret /Target1/cmd/action cmd &quot;test `cat /sys/class/flexi/power/pwctrlext` = &apos;on&apos;&quot; ==&gt; done OK retw=0
SCR_OUTPUT: DDAL_PWCTRL_EXT OK...
CLI_OUTPUT: /Target1/power/action ddal_power_set DDAL_PWCTRL_SM DDAL_POWER_ON
CLI_OUTPUT: ret /Target1/power/action ddal_power_set DDAL_PWCTRL_SM DDAL_POWER_ON ==&gt; done OK retv 0
CLI_OUTPUT: /Target1/cmd/action cmd &quot;test `cat /sys/class/flexi/power/pwctrlsm` = &apos;on&apos;&quot;
CLI_OUTPUT: ret /Target1/cmd/action cmd &quot;test `cat /sys/class/flexi/power/pwctrlsm` = &apos;on&apos;&quot; ==&gt; done OK retw=0
SCR_OUTPUT: DDAL_PWCTRL_SM OK...
SCR_OUTPUT: ##### Test Case End: TC_03050_003 PASSED (0)
</stdout>
          <failedSince>0</failedSince>
        </case>
        <case>
          <duration>1.0</duration>
          <className>HW_03050_basic_pwr_tests</className>
          <testName>TC_03050_004 ddal_power_set range check</testName>
          <skipped>false</skipped>
          <stdout>
SCR_OUTPUT: ##### Test Case Start: TC_03050_004  ddal_power_set range check
CLI_OUTPUT: /Target1/power/action ddal_power_set BAD_VALUE DDAL_POWER_ON
CLI_OUTPUT: ret /Target1/power/action ddal_power_set BAD_VALUE DDAL_POWER_ON ==&gt; done fail retv -38 errstr Function not implemented
SCR_OUTPUT: Error code returned when BAD_VALUE set on arg_1 --&gt; OK
CLI_OUTPUT: /Target1/power/action ddal_power_set DDAL_POWER_LATCH BAD_VALUE
CLI_OUTPUT: ret /Target1/power/action ddal_power_set DDAL_POWER_LATCH BAD_VALUE ==&gt; done fail retv -38 errstr Function not implemented
SCR_OUTPUT: Error code returned when BAD_VALUE set on arg_2 --&gt; OK
CLI_OUTPUT: /Target1/power/action ddal_power_set DDAL_POWER_FSP1 BAD_VALUE
CLI_OUTPUT: ret /Target1/power/action ddal_power_set DDAL_POWER_FSP1 BAD_VALUE ==&gt; done fail retv -38 errstr Function not implemented
SCR_OUTPUT: Error code returned when BAD_VALUE set on arg_2 --&gt; OK
CLI_OUTPUT: /Target1/power/action ddal_power_set DDAL_POWER_FSP2 BAD_VALUE
CLI_OUTPUT: ret /Target1/power/action ddal_power_set DDAL_POWER_FSP2 BAD_VALUE ==&gt; done fail retv -38 errstr Function not implemented
SCR_OUTPUT: Error code returned when BAD_VALUE set on arg_2 --&gt; OK
CLI_OUTPUT: /Target1/power/action ddal_power_set DDAL_POWER_FSP3 BAD_VALUE
CLI_OUTPUT: ret /Target1/power/action ddal_power_set DDAL_POWER_FSP3 BAD_VALUE ==&gt; done fail retv -38 errstr Function not implemented
SCR_OUTPUT: Error code returned when BAD_VALUE set on arg_2 --&gt; OK
CLI_OUTPUT: /Target1/power/action ddal_power_set DDAL_PWCTRL_LATCH BAD_VALUE
CLI_OUTPUT: ret /Target1/power/action ddal_power_set DDAL_PWCTRL_LATCH BAD_VALUE ==&gt; done fail retv -38 errstr Function not implemented
SCR_OUTPUT: Error code returned when BAD_VALUE set on arg_2 --&gt; OK
CLI_OUTPUT: /Target1/power/action ddal_power_set DDAL_PWCTRL_RF1 BAD_VALUE
CLI_OUTPUT: ret /Target1/power/action ddal_power_set DDAL_PWCTRL_RF1 BAD_VALUE ==&gt; done fail retv -38 errstr Function not implemented
SCR_OUTPUT: Error code returned when BAD_VALUE set on arg_2 --&gt; OK
CLI_OUTPUT: /Target1/power/action ddal_power_set DDAL_PWCTRL_RF2 BAD_VALUE
CLI_OUTPUT: ret /Target1/power/action ddal_power_set DDAL_PWCTRL_RF2 BAD_VALUE ==&gt; done fail retv -38 errstr Function not implemented
SCR_OUTPUT: Error code returned when BAD_VALUE set on arg_2 --&gt; OK
CLI_OUTPUT: /Target1/power/action ddal_power_set DDAL_PWCTRL_RF3 BAD_VALUE
CLI_OUTPUT: ret /Target1/power/action ddal_power_set DDAL_PWCTRL_RF3 BAD_VALUE ==&gt; done fail retv -38 errstr Function not implemented
SCR_OUTPUT: Error code returned when BAD_VALUE set on arg_2 --&gt; OK
CLI_OUTPUT: /Target1/power/action ddal_power_set DDAL_PWCTRL_EXT BAD_VALUE
CLI_OUTPUT: ret /Target1/power/action ddal_power_set DDAL_PWCTRL_EXT BAD_VALUE ==&gt; done fail retv -38 errstr Function not implemented
SCR_OUTPUT: Error code returned when BAD_VALUE set on arg_2 --&gt; OK
CLI_OUTPUT: /Target1/power/action ddal_power_set DDAL_PWCTRL_SM BAD_VALUE
CLI_OUTPUT: ret /Target1/power/action ddal_power_set DDAL_PWCTRL_SM BAD_VALUE ==&gt; done fail retv -38 errstr Function not implemented
SCR_OUTPUT: Error code returned when BAD_VALUE set on arg_2 --&gt; OK
SCR_OUTPUT: ##### Test Case End: TC_03050_004 PASSED (0)
</stdout>
          <failedSince>0</failedSince>
        </case>
        <case>
          <duration>1.0</duration>
          <className>HW_03080_basic_led_tests</className>
          <testName>TC_03080_001 successful ddal_led_get calls</testName>
          <skipped>false</skipped>
          <stdout>
SCR_OUTPUT: ##### Test Case Start: TC_03080_001  successful ddal_led_get calls
SCR_OUTPUT: Get LED DDAL_LED_FAN!
CLI_OUTPUT: /Target1/led/action ddal_led_get DDAL_LED_FAN
CLI_OUTPUT: ret /Target1/led/action ddal_led_get DDAL_LED_FAN ==&gt; done OK retv 0 colour 0
SCR_OUTPUT: Get LED DDAL_LED_OPTIF5!
CLI_OUTPUT: /Target1/led/action ddal_led_get DDAL_LED_OPTIF5
CLI_OUTPUT: ret /Target1/led/action ddal_led_get DDAL_LED_OPTIF5 ==&gt; done OK retv 0 colour 0
SCR_OUTPUT: Get LED DDAL_LED_OPTIF2!
CLI_OUTPUT: /Target1/led/action ddal_led_get DDAL_LED_OPTIF2
CLI_OUTPUT: ret /Target1/led/action ddal_led_get DDAL_LED_OPTIF2 ==&gt; done OK retv 0 colour 0
SCR_OUTPUT: Get LED DDAL_LED_SYS!
CLI_OUTPUT: /Target1/led/action ddal_led_get DDAL_LED_SYS
CLI_OUTPUT: ret /Target1/led/action ddal_led_get DDAL_LED_SYS ==&gt; done OK retv 0 colour 0
SCR_OUTPUT: Get LED DDAL_LED_OPTIF4!
CLI_OUTPUT: /Target1/led/action ddal_led_get DDAL_LED_OPTIF4
CLI_OUTPUT: ret /Target1/led/action ddal_led_get DDAL_LED_OPTIF4 ==&gt; done OK retv 0 colour 0
SCR_OUTPUT: Get LED DDAL_LED_OPTIF1!
CLI_OUTPUT: /Target1/led/action ddal_led_get DDAL_LED_OPTIF1
CLI_OUTPUT: ret /Target1/led/action ddal_led_get DDAL_LED_OPTIF1 ==&gt; done OK retv 0 colour 0
SCR_OUTPUT: Get LED DDAL_LED_OPTIF3!
CLI_OUTPUT: /Target1/led/action ddal_led_get DDAL_LED_OPTIF3
CLI_OUTPUT: ret /Target1/led/action ddal_led_get DDAL_LED_OPTIF3 ==&gt; done OK retv 0 colour 0
SCR_OUTPUT: ##### Test Case End: TC_03080_001 PASSED (0)
</stdout>
          <failedSince>0</failedSince>
        </case>
        <case>
          <duration>1.0</duration>
          <className>HW_03080_basic_led_tests</className>
          <testName>TC_03080_002 ddal_led_get range check</testName>
          <skipped>false</skipped>
          <stdout>
SCR_OUTPUT: ##### Test Case Start: TC_03080_002  ddal_led_get range check
SCR_OUTPUT: Try to get LED BAD_VALUE!
CLI_OUTPUT: /Target1/led/action ddal_led_get BAD_VALUE
CLI_OUTPUT: ret /Target1/led/action ddal_led_get BAD_VALUE ==&gt; done fail retv -2 errstr No such file or directory
SCR_OUTPUT: ##### Test Case End: TC_03080_002 PASSED (0)
</stdout>
          <failedSince>0</failedSince>
        </case>
        <case>
          <duration>2.0</duration>
          <className>HW_03080_basic_led_tests</className>
          <testName>TC_03080_003 successful ddal_led_set calls</testName>
          <skipped>false</skipped>
          <stdout>
SCR_OUTPUT: ##### Test Case Start: TC_03080_003  successful ddal_led_set calls
SCR_OUTPUT: Set LED DDAL_LED_FAN!
SCR_OUTPUT: with color DDAL_LED_YELLOW!
CLI_OUTPUT: /Target1/led/action ddal_led_set DDAL_LED_FAN DDAL_LED_YELLOW
CLI_OUTPUT: ret /Target1/led/action ddal_led_set DDAL_LED_FAN DDAL_LED_YELLOW ==&gt; done OK retv 0
CLI_OUTPUT: /Target1/led/action ddal_led_get DDAL_LED_FAN
CLI_OUTPUT: ret /Target1/led/action ddal_led_get DDAL_LED_FAN ==&gt; done OK retv 0 colour 3
SCR_OUTPUT: with color DDAL_LED_GREEN!
CLI_OUTPUT: /Target1/led/action ddal_led_set DDAL_LED_FAN DDAL_LED_GREEN
CLI_OUTPUT: ret /Target1/led/action ddal_led_set DDAL_LED_FAN DDAL_LED_GREEN ==&gt; done OK retv 0
CLI_OUTPUT: /Target1/led/action ddal_led_get DDAL_LED_FAN
CLI_OUTPUT: ret /Target1/led/action ddal_led_get DDAL_LED_FAN ==&gt; done OK retv 0 colour 1
SCR_OUTPUT: with color DDAL_LED_OFF!
CLI_OUTPUT: /Target1/led/action ddal_led_set DDAL_LED_FAN DDAL_LED_OFF
CLI_OUTPUT: ret /Target1/led/action ddal_led_set DDAL_LED_FAN DDAL_LED_OFF ==&gt; done OK retv 0
CLI_OUTPUT: /Target1/led/action ddal_led_get DDAL_LED_FAN
CLI_OUTPUT: ret /Target1/led/action ddal_led_get DDAL_LED_FAN ==&gt; done OK retv 0 colour 0
SCR_OUTPUT: with color DDAL_LED_RED_OFF_B!
CLI_OUTPUT: /Target1/led/action ddal_led_set DDAL_LED_FAN DDAL_LED_RED_OFF_B
CLI_OUTPUT: ret /Target1/led/action ddal_led_set DDAL_LED_FAN DDAL_LED_RED_OFF_B ==&gt; done OK retv 0
CLI_OUTPUT: /Target1/led/action ddal_led_get DDAL_LED_FAN
CLI_OUTPUT: ret /Target1/led/action ddal_led_get DDAL_LED_FAN ==&gt; done OK retv 0 colour 5
SCR_OUTPUT: with color DDAL_LED_RED!
CLI_OUTPUT: /Target1/led/action ddal_led_set DDAL_LED_FAN DDAL_LED_RED
CLI_OUTPUT: ret /Target1/led/action ddal_led_set DDAL_LED_FAN DDAL_LED_RED ==&gt; done OK retv 0
CLI_OUTPUT: /Target1/led/action ddal_led_get DDAL_LED_FAN
CLI_OUTPUT: ret /Target1/led/action ddal_led_get DDAL_LED_FAN ==&gt; done OK retv 0 colour 2
SCR_OUTPUT: with color DDAL_LED_YELLOW_OFF_B!
CLI_OUTPUT: /Target1/led/action ddal_led_set DDAL_LED_FAN DDAL_LED_YELLOW_OFF_B
CLI_OUTPUT: ret /Target1/led/action ddal_led_set DDAL_LED_FAN DDAL_LED_YELLOW_OFF_B ==&gt; done OK retv 0
CLI_OUTPUT: /Target1/led/action ddal_led_get DDAL_LED_FAN
CLI_OUTPUT: ret /Target1/led/action ddal_led_get DDAL_LED_FAN ==&gt; done OK retv 0 colour 6
SCR_OUTPUT: with color DDAL_LED_GREEN_OFF_B!
CLI_OUTPUT: /Target1/led/action ddal_led_set DDAL_LED_FAN DDAL_LED_GREEN_OFF_B
CLI_OUTPUT: ret /Target1/led/action ddal_led_set DDAL_LED_FAN DDAL_LED_GREEN_OFF_B ==&gt; done OK retv 0
CLI_OUTPUT: /Target1/led/action ddal_led_get DDAL_LED_FAN
CLI_OUTPUT: ret /Target1/led/action ddal_led_get DDAL_LED_FAN ==&gt; done OK retv 0 colour 4
SCR_OUTPUT: Set LED DDAL_LED_OPTIF5!
SCR_OUTPUT: with color DDAL_LED_YELLOW!
CLI_OUTPUT: /Target1/led/action ddal_led_set DDAL_LED_OPTIF5 DDAL_LED_YELLOW
CLI_OUTPUT: ret /Target1/led/action ddal_led_set DDAL_LED_OPTIF5 DDAL_LED_YELLOW ==&gt; done OK retv 0
CLI_OUTPUT: /Target1/led/action ddal_led_get DDAL_LED_OPTIF5
CLI_OUTPUT: ret /Target1/led/action ddal_led_get DDAL_LED_OPTIF5 ==&gt; done OK retv 0 colour 3
SCR_OUTPUT: with color DDAL_LED_GREEN!
CLI_OUTPUT: /Target1/led/action ddal_led_set DDAL_LED_OPTIF5 DDAL_LED_GREEN
CLI_OUTPUT: ret /Target1/led/action ddal_led_set DDAL_LED_OPTIF5 DDAL_LED_GREEN ==&gt; done OK retv 0
CLI_OUTPUT: /Target1/led/action ddal_led_get DDAL_LED_OPTIF5
CLI_OUTPUT: ret /Target1/led/action ddal_led_get DDAL_LED_OPTIF5 ==&gt; done OK retv 0 colour 1
SCR_OUTPUT: with color DDAL_LED_OFF!
CLI_OUTPUT: /Target1/led/action ddal_led_set DDAL_LED_OPTIF5 DDAL_LED_OFF
CLI_OUTPUT: ret /Target1/led/action ddal_led_set DDAL_LED_OPTIF5 DDAL_LED_OFF ==&gt; done OK retv 0
CLI_OUTPUT: /Target1/led/action ddal_led_get DDAL_LED_OPTIF5
CLI_OUTPUT: ret /Target1/led/action ddal_led_get DDAL_LED_OPTIF5 ==&gt; done OK retv 0 colour 0
SCR_OUTPUT: with color DDAL_LED_RED_OFF_B!
CLI_OUTPUT: /Target1/led/action ddal_led_set DDAL_LED_OPTIF5 DDAL_LED_RED_OFF_B
CLI_OUTPUT: ret /Target1/led/action ddal_led_set DDAL_LED_OPTIF5 DDAL_LED_RED_OFF_B ==&gt; done OK retv 0
CLI_OUTPUT: /Target1/led/action ddal_led_get DDAL_LED_OPTIF5
CLI_OUTPUT: ret /Target1/led/action ddal_led_get DDAL_LED_OPTIF5 ==&gt; done OK retv 0 colour 5
SCR_OUTPUT: with color DDAL_LED_RED!
CLI_OUTPUT: /Target1/led/action ddal_led_set DDAL_LED_OPTIF5 DDAL_LED_RED
CLI_OUTPUT: ret /Target1/led/action ddal_led_set DDAL_LED_OPTIF5 DDAL_LED_RED ==&gt; done OK retv 0
CLI_OUTPUT: /Target1/led/action ddal_led_get DDAL_LED_OPTIF5
CLI_OUTPUT: ret /Target1/led/action ddal_led_get DDAL_LED_OPTIF5 ==&gt; done OK retv 0 colour 2
SCR_OUTPUT: with color DDAL_LED_YELLOW_OFF_B!
CLI_OUTPUT: /Target1/led/action ddal_led_set DDAL_LED_OPTIF5 DDAL_LED_YELLOW_OFF_B
CLI_OUTPUT: ret /Target1/led/action ddal_led_set DDAL_LED_OPTIF5 DDAL_LED_YELLOW_OFF_B ==&gt; done OK retv 0
CLI_OUTPUT: /Target1/led/action ddal_led_get DDAL_LED_OPTIF5
CLI_OUTPUT: ret /Target1/led/action ddal_led_get DDAL_LED_OPTIF5 ==&gt; done OK retv 0 colour 6
SCR_OUTPUT: with color DDAL_LED_GREEN_OFF_B!
CLI_OUTPUT: /Target1/led/action ddal_led_set DDAL_LED_OPTIF5 DDAL_LED_GREEN_OFF_B
CLI_OUTPUT: ret /Target1/led/action ddal_led_set DDAL_LED_OPTIF5 DDAL_LED_GREEN_OFF_B ==&gt; done OK retv 0
CLI_OUTPUT: /Target1/led/action ddal_led_get DDAL_LED_OPTIF5
CLI_OUTPUT: ret /Target1/led/action ddal_led_get DDAL_LED_OPTIF5 ==&gt; done OK retv 0 colour 4
SCR_OUTPUT: Set LED DDAL_LED_OPTIF2!
SCR_OUTPUT: with color DDAL_LED_YELLOW!
CLI_OUTPUT: /Target1/led/action ddal_led_set DDAL_LED_OPTIF2 DDAL_LED_YELLOW
CLI_OUTPUT: ret /Target1/led/action ddal_led_set DDAL_LED_OPTIF2 DDAL_LED_YELLOW ==&gt; done OK retv 0
CLI_OUTPUT: /Target1/led/action ddal_led_get DDAL_LED_OPTIF2
CLI_OUTPUT: ret /Target1/led/action ddal_led_get DDAL_LED_OPTIF2 ==&gt; done OK retv 0 colour 3
SCR_OUTPUT: with color DDAL_LED_GREEN!
CLI_OUTPUT: /Target1/led/action ddal_led_set DDAL_LED_OPTIF2 DDAL_LED_GREEN
CLI_OUTPUT: ret /Target1/led/action ddal_led_set DDAL_LED_OPTIF2 DDAL_LED_GREEN ==&gt; done OK retv 0
CLI_OUTPUT: /Target1/led/action ddal_led_get DDAL_LED_OPTIF2
CLI_OUTPUT: ret /Target1/led/action ddal_led_get DDAL_LED_OPTIF2 ==&gt; done OK retv 0 colour 1
SCR_OUTPUT: with color DDAL_LED_OFF!
CLI_OUTPUT: /Target1/led/action ddal_led_set DDAL_LED_OPTIF2 DDAL_LED_OFF
CLI_OUTPUT: ret /Target1/led/action ddal_led_set DDAL_LED_OPTIF2 DDAL_LED_OFF ==&gt; done OK retv 0
CLI_OUTPUT: /Target1/led/action ddal_led_get DDAL_LED_OPTIF2
CLI_OUTPUT: ret /Target1/led/action ddal_led_get DDAL_LED_OPTIF2 ==&gt; done OK retv 0 colour 0
SCR_OUTPUT: with color DDAL_LED_RED_OFF_B!
CLI_OUTPUT: /Target1/led/action ddal_led_set DDAL_LED_OPTIF2 DDAL_LED_RED_OFF_B
CLI_OUTPUT: ret /Target1/led/action ddal_led_set DDAL_LED_OPTIF2 DDAL_LED_RED_OFF_B ==&gt; done OK retv 0
CLI_OUTPUT: /Target1/led/action ddal_led_get DDAL_LED_OPTIF2
CLI_OUTPUT: ret /Target1/led/action ddal_led_get DDAL_LED_OPTIF2 ==&gt; done OK retv 0 colour 5
SCR_OUTPUT: with color DDAL_LED_RED!
CLI_OUTPUT: /Target1/led/action ddal_led_set DDAL_LED_OPTIF2 DDAL_LED_RED
CLI_OUTPUT: ret /Target1/led/action ddal_led_set DDAL_LED_OPTIF2 DDAL_LED_RED ==&gt; done OK retv 0
CLI_OUTPUT: /Target1/led/action ddal_led_get DDAL_LED_OPTIF2
CLI_OUTPUT: ret /Target1/led/action ddal_led_get DDAL_LED_OPTIF2 ==&gt; done OK retv 0 colour 2
SCR_OUTPUT: with color DDAL_LED_YELLOW_OFF_B!
CLI_OUTPUT: /Target1/led/action ddal_led_set DDAL_LED_OPTIF2 DDAL_LED_YELLOW_OFF_B
CLI_OUTPUT: ret /Target1/led/action ddal_led_set DDAL_LED_OPTIF2 DDAL_LED_YELLOW_OFF_B ==&gt; done OK retv 0
CLI_OUTPUT: /Target1/led/action ddal_led_get DDAL_LED_OPTIF2
CLI_OUTPUT: ret /Target1/led/action ddal_led_get DDAL_LED_OPTIF2 ==&gt; done OK retv 0 colour 6
SCR_OUTPUT: with color DDAL_LED_GREEN_OFF_B!
CLI_OUTPUT: /Target1/led/action ddal_led_set DDAL_LED_OPTIF2 DDAL_LED_GREEN_OFF_B
CLI_OUTPUT: ret /Target1/led/action ddal_led_set DDAL_LED_OPTIF2 DDAL_LED_GREEN_OFF_B ==&gt; done OK retv 0
CLI_OUTPUT: /Target1/led/action ddal_led_get DDAL_LED_OPTIF2
CLI_OUTPUT: ret /Target1/led/action ddal_led_get DDAL_LED_OPTIF2 ==&gt; done OK retv 0 colour 4
SCR_OUTPUT: Set LED DDAL_LED_SYS!
SCR_OUTPUT: with color DDAL_LED_YELLOW!
CLI_OUTPUT: /Target1/led/action ddal_led_set DDAL_LED_SYS DDAL_LED_YELLOW
CLI_OUTPUT: ret /Target1/led/action ddal_led_set DDAL_LED_SYS DDAL_LED_YELLOW ==&gt; done OK retv 0
CLI_OUTPUT: /Target1/led/action ddal_led_get DDAL_LED_SYS
CLI_OUTPUT: ret /Target1/led/action ddal_led_get DDAL_LED_SYS ==&gt; done OK retv 0 colour 3
SCR_OUTPUT: with color DDAL_LED_GREEN!
CLI_OUTPUT: /Target1/led/action ddal_led_set DDAL_LED_SYS DDAL_LED_GREEN
CLI_OUTPUT: ret /Target1/led/action ddal_led_set DDAL_LED_SYS DDAL_LED_GREEN ==&gt; done OK retv 0
CLI_OUTPUT: /Target1/led/action ddal_led_get DDAL_LED_SYS
CLI_OUTPUT: ret /Target1/led/action ddal_led_get DDAL_LED_SYS ==&gt; done OK retv 0 colour 1
SCR_OUTPUT: with color DDAL_LED_OFF!
CLI_OUTPUT: /Target1/led/action ddal_led_set DDAL_LED_SYS DDAL_LED_OFF
CLI_OUTPUT: ret /Target1/led/action ddal_led_set DDAL_LED_SYS DDAL_LED_OFF ==&gt; done OK retv 0
CLI_OUTPUT: /Target1/led/action ddal_led_get DDAL_LED_SYS
CLI_OUTPUT: ret /Target1/led/action ddal_led_get DDAL_LED_SYS ==&gt; done OK retv 0 colour 0
SCR_OUTPUT: with color DDAL_LED_RED_OFF_B!
CLI_OUTPUT: /Target1/led/action ddal_led_set DDAL_LED_SYS DDAL_LED_RED_OFF_B
CLI_OUTPUT: ret /Target1/led/action ddal_led_set DDAL_LED_SYS DDAL_LED_RED_OFF_B ==&gt; done OK retv 0
CLI_OUTPUT: /Target1/led/action ddal_led_get DDAL_LED_SYS
CLI_OUTPUT: ret /Target1/led/action ddal_led_get DDAL_LED_SYS ==&gt; done OK retv 0 colour 5
SCR_OUTPUT: with color DDAL_LED_RED!
CLI_OUTPUT: /Target1/led/action ddal_led_set DDAL_LED_SYS DDAL_LED_RED
CLI_OUTPUT: ret /Target1/led/action ddal_led_set DDAL_LED_SYS DDAL_LED_RED ==&gt; done OK retv 0
CLI_OUTPUT: /Target1/led/action ddal_led_get DDAL_LED_SYS
CLI_OUTPUT: ret /Target1/led/action ddal_led_get DDAL_LED_SYS ==&gt; done OK retv 0 colour 2
SCR_OUTPUT: with color DDAL_LED_YELLOW_OFF_B!
CLI_OUTPUT: /Target1/led/action ddal_led_set DDAL_LED_SYS DDAL_LED_YELLOW_OFF_B
CLI_OUTPUT: ret /Target1/led/action ddal_led_set DDAL_LED_SYS DDAL_LED_YELLOW_OFF_B ==&gt; done OK retv 0
CLI_OUTPUT: /Target1/led/action ddal_led_get DDAL_LED_SYS
CLI_OUTPUT: ret /Target1/led/action ddal_led_get DDAL_LED_SYS ==&gt; done OK retv 0 colour 6
SCR_OUTPUT: with color DDAL_LED_GREEN_OFF_B!
CLI_OUTPUT: /Target1/led/action ddal_led_set DDAL_LED_SYS DDAL_LED_GREEN_OFF_B
CLI_OUTPUT: ret /Target1/led/action ddal_led_set DDAL_LED_SYS DDAL_LED_GREEN_OFF_B ==&gt; done OK retv 0
CLI_OUTPUT: /Target1/led/action ddal_led_get DDAL_LED_SYS
CLI_OUTPUT: ret /Target1/led/action ddal_led_get DDAL_LED_SYS ==&gt; done OK retv 0 colour 4
SCR_OUTPUT: Set LED DDAL_LED_OPTIF4!
SCR_OUTPUT: with color DDAL_LED_YELLOW!
CLI_OUTPUT: /Target1/led/action ddal_led_set DDAL_LED_OPTIF4 DDAL_LED_YELLOW
CLI_OUTPUT: ret /Target1/led/action ddal_led_set DDAL_LED_OPTIF4 DDAL_LED_YELLOW ==&gt; done OK retv 0
CLI_OUTPUT: /Target1/led/action ddal_led_get DDAL_LED_OPTIF4
CLI_OUTPUT: ret /Target1/led/action ddal_led_get DDAL_LED_OPTIF4 ==&gt; done OK retv 0 colour 3
SCR_OUTPUT: with color DDAL_LED_GREEN!
CLI_OUTPUT: /Target1/led/action ddal_led_set DDAL_LED_OPTIF4 DDAL_LED_GREEN
CLI_OUTPUT: ret /Target1/led/action ddal_led_set DDAL_LED_OPTIF4 DDAL_LED_GREEN ==&gt; done OK retv 0
CLI_OUTPUT: /Target1/led/action ddal_led_get DDAL_LED_OPTIF4
CLI_OUTPUT: ret /Target1/led/action ddal_led_get DDAL_LED_OPTIF4 ==&gt; done OK retv 0 colour 1
SCR_OUTPUT: with color DDAL_LED_OFF!
CLI_OUTPUT: /Target1/led/action ddal_led_set DDAL_LED_OPTIF4 DDAL_LED_OFF
CLI_OUTPUT: ret /Target1/led/action ddal_led_set DDAL_LED_OPTIF4 DDAL_LED_OFF ==&gt; done OK retv 0
CLI_OUTPUT: /Target1/led/action ddal_led_get DDAL_LED_OPTIF4
CLI_OUTPUT: ret /Target1/led/action ddal_led_get DDAL_LED_OPTIF4 ==&gt; done OK retv 0 colour 0
SCR_OUTPUT: with color DDAL_LED_RED_OFF_B!
CLI_OUTPUT: /Target1/led/action ddal_led_set DDAL_LED_OPTIF4 DDAL_LED_RED_OFF_B
CLI_OUTPUT: ret /Target1/led/action ddal_led_set DDAL_LED_OPTIF4 DDAL_LED_RED_OFF_B ==&gt; done OK retv 0
CLI_OUTPUT: /Target1/led/action ddal_led_get DDAL_LED_OPTIF4
CLI_OUTPUT: ret /Target1/led/action ddal_led_get DDAL_LED_OPTIF4 ==&gt; done OK retv 0 colour 5
SCR_OUTPUT: with color DDAL_LED_RED!
CLI_OUTPUT: /Target1/led/action ddal_led_set DDAL_LED_OPTIF4 DDAL_LED_RED
CLI_OUTPUT: ret /Target1/led/action ddal_led_set DDAL_LED_OPTIF4 DDAL_LED_RED ==&gt; done OK retv 0
CLI_OUTPUT: /Target1/led/action ddal_led_get DDAL_LED_OPTIF4
CLI_OUTPUT: ret /Target1/led/action ddal_led_get DDAL_LED_OPTIF4 ==&gt; done OK retv 0 colour 2
SCR_OUTPUT: with color DDAL_LED_YELLOW_OFF_B!
CLI_OUTPUT: /Target1/led/action ddal_led_set DDAL_LED_OPTIF4 DDAL_LED_YELLOW_OFF_B
CLI_OUTPUT: ret /Target1/led/action ddal_led_set DDAL_LED_OPTIF4 DDAL_LED_YELLOW_OFF_B ==&gt; done OK retv 0
CLI_OUTPUT: /Target1/led/action ddal_led_get DDAL_LED_OPTIF4
CLI_OUTPUT: ret /Target1/led/action ddal_led_get DDAL_LED_OPTIF4 ==&gt; done OK retv 0 colour 6
SCR_OUTPUT: with color DDAL_LED_GREEN_OFF_B!
CLI_OUTPUT: /Target1/led/action ddal_led_set DDAL_LED_OPTIF4 DDAL_LED_GREEN_OFF_B
CLI_OUTPUT: ret /Target1/led/action ddal_led_set DDAL_LED_OPTIF4 DDAL_LED_GREEN_OFF_B ==&gt; done OK retv 0
CLI_OUTPUT: /Target1/led/action ddal_led_get DDAL_LED_OPTIF4
CLI_OUTPUT: ret /Target1/led/action ddal_led_get DDAL_LED_OPTIF4 ==&gt; done OK retv 0 colour 4
SCR_OUTPUT: Set LED DDAL_LED_OPTIF1!
SCR_OUTPUT: with color DDAL_LED_YELLOW!
CLI_OUTPUT: /Target1/led/action ddal_led_set DDAL_LED_OPTIF1 DDAL_LED_YELLOW
CLI_OUTPUT: ret /Target1/led/action ddal_led_set DDAL_LED_OPTIF1 DDAL_LED_YELLOW ==&gt; done OK retv 0
CLI_OUTPUT: /Target1/led/action ddal_led_get DDAL_LED_OPTIF1
CLI_OUTPUT: ret /Target1/led/action ddal_led_get DDAL_LED_OPTIF1 ==&gt; done OK retv 0 colour 3
SCR_OUTPUT: with color DDAL_LED_GREEN!
CLI_OUTPUT: /Target1/led/action ddal_led_set DDAL_LED_OPTIF1 DDAL_LED_GREEN
CLI_OUTPUT: ret /Target1/led/action ddal_led_set DDAL_LED_OPTIF1 DDAL_LED_GREEN ==&gt; done OK retv 0
CLI_OUTPUT: /Target1/led/action ddal_led_get DDAL_LED_OPTIF1
CLI_OUTPUT: ret /Target1/led/action ddal_led_get DDAL_LED_OPTIF1 ==&gt; done OK retv 0 colour 1
SCR_OUTPUT: with color DDAL_LED_OFF!
CLI_OUTPUT: /Target1/led/action ddal_led_set DDAL_LED_OPTIF1 DDAL_LED_OFF
CLI_OUTPUT: ret /Target1/led/action ddal_led_set DDAL_LED_OPTIF1 DDAL_LED_OFF ==&gt; done OK retv 0
CLI_OUTPUT: /Target1/led/action ddal_led_get DDAL_LED_OPTIF1
CLI_OUTPUT: ret /Target1/led/action ddal_led_get DDAL_LED_OPTIF1 ==&gt; done OK retv 0 colour 0
SCR_OUTPUT: with color DDAL_LED_RED_OFF_B!
CLI_OUTPUT: /Target1/led/action ddal_led_set DDAL_LED_OPTIF1 DDAL_LED_RED_OFF_B
CLI_OUTPUT: ret /Target1/led/action ddal_led_set DDAL_LED_OPTIF1 DDAL_LED_RED_OFF_B ==&gt; done OK retv 0
CLI_OUTPUT: /Target1/led/action ddal_led_get DDAL_LED_OPTIF1
CLI_OUTPUT: ret /Target1/led/action ddal_led_get DDAL_LED_OPTIF1 ==&gt; done OK retv 0 colour 5
SCR_OUTPUT: with color DDAL_LED_RED!
CLI_OUTPUT: /Target1/led/action ddal_led_set DDAL_LED_OPTIF1 DDAL_LED_RED
CLI_OUTPUT: ret /Target1/led/action ddal_led_set DDAL_LED_OPTIF1 DDAL_LED_RED ==&gt; done OK retv 0
CLI_OUTPUT: /Target1/led/action ddal_led_get DDAL_LED_OPTIF1
CLI_OUTPUT: ret /Target1/led/action ddal_led_get DDAL_LED_OPTIF1 ==&gt; done OK retv 0 colour 2
SCR_OUTPUT: with color DDAL_LED_YELLOW_OFF_B!
CLI_OUTPUT: /Target1/led/action ddal_led_set DDAL_LED_OPTIF1 DDAL_LED_YELLOW_OFF_B
CLI_OUTPUT: ret /Target1/led/action ddal_led_set DDAL_LED_OPTIF1 DDAL_LED_YELLOW_OFF_B ==&gt; done OK retv 0
CLI_OUTPUT: /Target1/led/action ddal_led_get DDAL_LED_OPTIF1
CLI_OUTPUT: ret /Target1/led/action ddal_led_get DDAL_LED_OPTIF1 ==&gt; done OK retv 0 colour 6
SCR_OUTPUT: with color DDAL_LED_GREEN_OFF_B!
CLI_OUTPUT: /Target1/led/action ddal_led_set DDAL_LED_OPTIF1 DDAL_LED_GREEN_OFF_B
CLI_OUTPUT: ret /Target1/led/action ddal_led_set DDAL_LED_OPTIF1 DDAL_LED_GREEN_OFF_B ==&gt; done OK retv 0
CLI_OUTPUT: /Target1/led/action ddal_led_get DDAL_LED_OPTIF1
CLI_OUTPUT: ret /Target1/led/action ddal_led_get DDAL_LED_OPTIF1 ==&gt; done OK retv 0 colour 4
SCR_OUTPUT: Set LED DDAL_LED_OPTIF3!
SCR_OUTPUT: with color DDAL_LED_YELLOW!
CLI_OUTPUT: /Target1/led/action ddal_led_set DDAL_LED_OPTIF3 DDAL_LED_YELLOW
CLI_OUTPUT: ret /Target1/led/action ddal_led_set DDAL_LED_OPTIF3 DDAL_LED_YELLOW ==&gt; done OK retv 0
CLI_OUTPUT: /Target1/led/action ddal_led_get DDAL_LED_OPTIF3
CLI_OUTPUT: ret /Target1/led/action ddal_led_get DDAL_LED_OPTIF3 ==&gt; done OK retv 0 colour 3
SCR_OUTPUT: with color DDAL_LED_GREEN!
CLI_OUTPUT: /Target1/led/action ddal_led_set DDAL_LED_OPTIF3 DDAL_LED_GREEN
CLI_OUTPUT: ret /Target1/led/action ddal_led_set DDAL_LED_OPTIF3 DDAL_LED_GREEN ==&gt; done OK retv 0
CLI_OUTPUT: /Target1/led/action ddal_led_get DDAL_LED_OPTIF3
CLI_OUTPUT: ret /Target1/led/action ddal_led_get DDAL_LED_OPTIF3 ==&gt; done OK retv 0 colour 1
SCR_OUTPUT: with color DDAL_LED_OFF!
CLI_OUTPUT: /Target1/led/action ddal_led_set DDAL_LED_OPTIF3 DDAL_LED_OFF
CLI_OUTPUT: ret /Target1/led/action ddal_led_set DDAL_LED_OPTIF3 DDAL_LED_OFF ==&gt; done OK retv 0
CLI_OUTPUT: /Target1/led/action ddal_led_get DDAL_LED_OPTIF3
CLI_OUTPUT: ret /Target1/led/action ddal_led_get DDAL_LED_OPTIF3 ==&gt; done OK retv 0 colour 0
SCR_OUTPUT: with color DDAL_LED_RED_OFF_B!
CLI_OUTPUT: /Target1/led/action ddal_led_set DDAL_LED_OPTIF3 DDAL_LED_RED_OFF_B
CLI_OUTPUT: ret /Target1/led/action ddal_led_set DDAL_LED_OPTIF3 DDAL_LED_RED_OFF_B ==&gt; done OK retv 0
CLI_OUTPUT: /Target1/led/action ddal_led_get DDAL_LED_OPTIF3
CLI_OUTPUT: ret /Target1/led/action ddal_led_get DDAL_LED_OPTIF3 ==&gt; done OK retv 0 colour 5
SCR_OUTPUT: with color DDAL_LED_RED!
CLI_OUTPUT: /Target1/led/action ddal_led_set DDAL_LED_OPTIF3 DDAL_LED_RED
CLI_OUTPUT: ret /Target1/led/action ddal_led_set DDAL_LED_OPTIF3 DDAL_LED_RED ==&gt; done OK retv 0
CLI_OUTPUT: /Target1/led/action ddal_led_get DDAL_LED_OPTIF3
CLI_OUTPUT: ret /Target1/led/action ddal_led_get DDAL_LED_OPTIF3 ==&gt; done OK retv 0 colour 2
SCR_OUTPUT: with color DDAL_LED_YELLOW_OFF_B!
CLI_OUTPUT: /Target1/led/action ddal_led_set DDAL_LED_OPTIF3 DDAL_LED_YELLOW_OFF_B
CLI_OUTPUT: ret /Target1/led/action ddal_led_set DDAL_LED_OPTIF3 DDAL_LED_YELLOW_OFF_B ==&gt; done OK retv 0
CLI_OUTPUT: /Target1/led/action ddal_led_get DDAL_LED_OPTIF3
CLI_OUTPUT: ret /Target1/led/action ddal_led_get DDAL_LED_OPTIF3 ==&gt; done OK retv 0 colour 6
SCR_OUTPUT: with color DDAL_LED_GREEN_OFF_B!
CLI_OUTPUT: /Target1/led/action ddal_led_set DDAL_LED_OPTIF3 DDAL_LED_GREEN_OFF_B
CLI_OUTPUT: ret /Target1/led/action ddal_led_set DDAL_LED_OPTIF3 DDAL_LED_GREEN_OFF_B ==&gt; done OK retv 0
CLI_OUTPUT: /Target1/led/action ddal_led_get DDAL_LED_OPTIF3
CLI_OUTPUT: ret /Target1/led/action ddal_led_get DDAL_LED_OPTIF3 ==&gt; done OK retv 0 colour 4
SCR_OUTPUT: ##### Test Case End: TC_03080_003 PASSED (0)
</stdout>
          <failedSince>0</failedSince>
        </case>
        <case>
          <duration>1.0</duration>
          <className>HW_03080_basic_led_tests</className>
          <testName>TC_03080_004 ddal_led_set range check</testName>
          <skipped>false</skipped>
          <stdout>
SCR_OUTPUT: ##### Test Case Start: TC_03080_004  ddal_led_set range check
SCR_OUTPUT: Try Set LED DDAL_LED_FAN!
SCR_OUTPUT: with color BAD_VALUE!
CLI_OUTPUT: /Target1/led/action ddal_led_set DDAL_LED_FAN BAD_VALUE
CLI_OUTPUT: ret /Target1/led/action ddal_led_set DDAL_LED_FAN BAD_VALUE ==&gt; done fail retv -22 errstr Invalid argument
SCR_OUTPUT: Try Set LED DDAL_LED_OPTIF5!
SCR_OUTPUT: with color BAD_VALUE!
CLI_OUTPUT: /Target1/led/action ddal_led_set DDAL_LED_OPTIF5 BAD_VALUE
CLI_OUTPUT: ret /Target1/led/action ddal_led_set DDAL_LED_OPTIF5 BAD_VALUE ==&gt; done fail retv -22 errstr Invalid argument
SCR_OUTPUT: Try Set LED DDAL_LED_OPTIF2!
SCR_OUTPUT: with color BAD_VALUE!
CLI_OUTPUT: /Target1/led/action ddal_led_set DDAL_LED_OPTIF2 BAD_VALUE
CLI_OUTPUT: ret /Target1/led/action ddal_led_set DDAL_LED_OPTIF2 BAD_VALUE ==&gt; done fail retv -22 errstr Invalid argument
SCR_OUTPUT: Try Set LED DDAL_LED_SYS!
SCR_OUTPUT: with color BAD_VALUE!
CLI_OUTPUT: /Target1/led/action ddal_led_set DDAL_LED_SYS BAD_VALUE
CLI_OUTPUT: ret /Target1/led/action ddal_led_set DDAL_LED_SYS BAD_VALUE ==&gt; done fail retv -22 errstr Invalid argument
SCR_OUTPUT: Try Set LED DDAL_LED_OPTIF4!
SCR_OUTPUT: with color BAD_VALUE!
CLI_OUTPUT: /Target1/led/action ddal_led_set DDAL_LED_OPTIF4 BAD_VALUE
CLI_OUTPUT: ret /Target1/led/action ddal_led_set DDAL_LED_OPTIF4 BAD_VALUE ==&gt; done fail retv -22 errstr Invalid argument
SCR_OUTPUT: Try Set LED DDAL_LED_OPTIF1!
SCR_OUTPUT: with color BAD_VALUE!
CLI_OUTPUT: /Target1/led/action ddal_led_set DDAL_LED_OPTIF1 BAD_VALUE
CLI_OUTPUT: ret /Target1/led/action ddal_led_set DDAL_LED_OPTIF1 BAD_VALUE ==&gt; done fail retv -22 errstr Invalid argument
SCR_OUTPUT: Try Set LED DDAL_LED_OPTIF3!
SCR_OUTPUT: with color BAD_VALUE!
CLI_OUTPUT: /Target1/led/action ddal_led_set DDAL_LED_OPTIF3 BAD_VALUE
CLI_OUTPUT: ret /Target1/led/action ddal_led_set DDAL_LED_OPTIF3 BAD_VALUE ==&gt; done fail retv -22 errstr Invalid argument
SCR_OUTPUT: Try Set LED BAD_VALUE!
SCR_OUTPUT: with color DDAL_LED_YELLOW!
CLI_OUTPUT: /Target1/led/action ddal_led_set BAD_VALUE DDAL_LED_YELLOW
CLI_OUTPUT: ret /Target1/led/action ddal_led_set BAD_VALUE DDAL_LED_YELLOW ==&gt; done fail retv -2 errstr No such file or directory
SCR_OUTPUT: with color DDAL_LED_GREEN!
CLI_OUTPUT: /Target1/led/action ddal_led_set BAD_VALUE DDAL_LED_GREEN
CLI_OUTPUT: ret /Target1/led/action ddal_led_set BAD_VALUE DDAL_LED_GREEN ==&gt; done fail retv -2 errstr No such file or directory
SCR_OUTPUT: with color DDAL_LED_OFF!
CLI_OUTPUT: /Target1/led/action ddal_led_set BAD_VALUE DDAL_LED_OFF
CLI_OUTPUT: ret /Target1/led/action ddal_led_set BAD_VALUE DDAL_LED_OFF ==&gt; done fail retv -2 errstr No such file or directory
SCR_OUTPUT: with color DDAL_LED_RED_OFF_B!
CLI_OUTPUT: /Target1/led/action ddal_led_set BAD_VALUE DDAL_LED_RED_OFF_B
CLI_OUTPUT: ret /Target1/led/action ddal_led_set BAD_VALUE DDAL_LED_RED_OFF_B ==&gt; done fail retv -2 errstr No such file or directory
SCR_OUTPUT: with color DDAL_LED_RED!
CLI_OUTPUT: /Target1/led/action ddal_led_set BAD_VALUE DDAL_LED_RED
CLI_OUTPUT: ret /Target1/led/action ddal_led_set BAD_VALUE DDAL_LED_RED ==&gt; done fail retv -2 errstr No such file or directory
SCR_OUTPUT: with color DDAL_LED_YELLOW_OFF_B!
CLI_OUTPUT: /Target1/led/action ddal_led_set BAD_VALUE DDAL_LED_YELLOW_OFF_B
CLI_OUTPUT: ret /Target1/led/action ddal_led_set BAD_VALUE DDAL_LED_YELLOW_OFF_B ==&gt; done fail retv -2 errstr No such file or directory
SCR_OUTPUT: with color DDAL_LED_GREEN_OFF_B!
CLI_OUTPUT: /Target1/led/action ddal_led_set BAD_VALUE DDAL_LED_GREEN_OFF_B
CLI_OUTPUT: ret /Target1/led/action ddal_led_set BAD_VALUE DDAL_LED_GREEN_OFF_B ==&gt; done fail retv -2 errstr No such file or directory
SCR_OUTPUT: Try Set LED BAD_VALUE!
SCR_OUTPUT: with color BAD_VALUE!
CLI_OUTPUT: /Target1/led/action ddal_led_set BAD_VALUE BAD_VALUE
CLI_OUTPUT: ret /Target1/led/action ddal_led_set BAD_VALUE BAD_VALUE ==&gt; done fail retv -2 errstr No such file or directory
SCR_OUTPUT: ##### Test Case End: TC_03080_004 PASSED (0)
</stdout>
          <failedSince>0</failedSince>
        </case>
        <case>
          <duration>1.0</duration>
          <className>HW_03100_basic_rpram_tests</className>
          <testName>TC_03100_001 successful ddal_rpram_set calls</testName>
          <skipped>false</skipped>
          <stdout>
SCR_OUTPUT: ##### Test Case Start: TC_03100_001  successful ddal_rpram_set calls
CLI_OUTPUT: /Target1/rpram/action ddal_rpram_set DDAL_RPRAM_USER1 1611507833
CLI_OUTPUT: ret /Target1/rpram/action ddal_rpram_set DDAL_RPRAM_USER1 1611507833 ==&gt; done OK retv 0
CLI_OUTPUT: /Target1/memdump/action memdump32 0xC0000000
CLI_OUTPUT: ret /Target1/memdump/action memdump32 0xC0000000 ==&gt; done OK retv 0 value 0x600da879
SCR_OUTPUT: called ddal_rpram_set and verified with memdump:: 1611507833 == 1611507833 ==&gt; OK
CLI_OUTPUT: /Target1/rpram/action ddal_rpram_set DDAL_RPRAM_USER2 548494107
CLI_OUTPUT: ret /Target1/rpram/action ddal_rpram_set DDAL_RPRAM_USER2 548494107 ==&gt; done OK retv 0
CLI_OUTPUT: /Target1/memdump/action memdump32 0xC0000004
CLI_OUTPUT: ret /Target1/memdump/action memdump32 0xC0000004 ==&gt; done OK retv 0 value 0x20b15b1b
SCR_OUTPUT: called ddal_rpram_set and verified with memdump:: 548494107 == 548494107 ==&gt; OK
CLI_OUTPUT: /Target1/rpram/action ddal_rpram_set DDAL_RPRAM_USER3 1540677033
CLI_OUTPUT: ret /Target1/rpram/action ddal_rpram_set DDAL_RPRAM_USER3 1540677033 ==&gt; done OK retv 0
CLI_OUTPUT: /Target1/memdump/action memdump32 0xC0000008
CLI_OUTPUT: ret /Target1/memdump/action memdump32 0xC0000008 ==&gt; done OK retv 0 value 0x5bd4dda9
SCR_OUTPUT: called ddal_rpram_set and verified with memdump:: 1540677033 == 1540677033 ==&gt; OK
CLI_OUTPUT: /Target1/rpram/action ddal_rpram_set DDAL_RPRAM_USER4 1948662587
CLI_OUTPUT: ret /Target1/rpram/action ddal_rpram_set DDAL_RPRAM_USER4 1948662587 ==&gt; done OK retv 0
CLI_OUTPUT: /Target1/memdump/action memdump32 0xC000000C
CLI_OUTPUT: ret /Target1/memdump/action memdump32 0xC000000C ==&gt; done OK retv 0 value 0x74263b3b
SCR_OUTPUT: called ddal_rpram_set and verified with memdump:: 1948662587 == 1948662587 ==&gt; OK
CLI_OUTPUT: /Target1/rpram/action ddal_rpram_set DDAL_RPRAM_USER5 2046600601
CLI_OUTPUT: ret /Target1/rpram/action ddal_rpram_set DDAL_RPRAM_USER5 2046600601 ==&gt; done OK retv 0
CLI_OUTPUT: /Target1/memdump/action memdump32 0xC0000024
CLI_OUTPUT: ret /Target1/memdump/action memdump32 0xC0000024 ==&gt; done OK retv 0 value 0x79fca599
SCR_OUTPUT: called ddal_rpram_set and verified with memdump:: 2046600601 == 2046600601 ==&gt; OK
CLI_OUTPUT: /Target1/rpram/action ddal_rpram_set DDAL_RPRAM_USER6 970844653
CLI_OUTPUT: ret /Target1/rpram/action ddal_rpram_set DDAL_RPRAM_USER6 970844653 ==&gt; done OK retv 0
CLI_OUTPUT: /Target1/memdump/action memdump32 0xC0000028
CLI_OUTPUT: ret /Target1/memdump/action memdump32 0xC0000028 ==&gt; done OK retv 0 value 0x39dde9ed
SCR_OUTPUT: called ddal_rpram_set and verified with memdump:: 970844653 == 970844653 ==&gt; OK
CLI_OUTPUT: /Target1/rpram/action ddal_rpram_set DDAL_RPRAM_USER7 405400291
CLI_OUTPUT: ret /Target1/rpram/action ddal_rpram_set DDAL_RPRAM_USER7 405400291 ==&gt; done OK retv 0
CLI_OUTPUT: /Target1/memdump/action memdump32 0xC000002C
CLI_OUTPUT: ret /Target1/memdump/action memdump32 0xC000002C ==&gt; done OK retv 0 value 0x1829eae3
SCR_OUTPUT: called ddal_rpram_set and verified with memdump:: 405400291 == 405400291 ==&gt; OK
CLI_OUTPUT: /Target1/rpram/action ddal_rpram_set DDAL_RPRAM_USER8 1744596161
CLI_OUTPUT: ret /Target1/rpram/action ddal_rpram_set DDAL_RPRAM_USER8 1744596161 ==&gt; done OK retv 0
CLI_OUTPUT: /Target1/memdump/action memdump32 0xC0000030
CLI_OUTPUT: ret /Target1/memdump/action memdump32 0xC0000030 ==&gt; done OK retv 0 value 0x67fc6cc1
SCR_OUTPUT: called ddal_rpram_set and verified with memdump:: 1744596161 == 1744596161 ==&gt; OK
CLI_OUTPUT: /Target1/rpram/action ddal_rpram_set DDAL_RPRAM_USER9 1833546272
CLI_OUTPUT: ret /Target1/rpram/action ddal_rpram_set DDAL_RPRAM_USER9 1833546272 ==&gt; done OK retv 0
CLI_OUTPUT: /Target1/memdump/action memdump32 0xC0000034
CLI_OUTPUT: ret /Target1/memdump/action memdump32 0xC0000034 ==&gt; done OK retv 0 value 0x6d49b220
SCR_OUTPUT: called ddal_rpram_set and verified with memdump:: 1833546272 == 1833546272 ==&gt; OK
CLI_OUTPUT: /Target1/rpram/action ddal_rpram_set DDAL_RPRAM_USER10 21959895
CLI_OUTPUT: ret /Target1/rpram/action ddal_rpram_set DDAL_RPRAM_USER10 21959895 ==&gt; done OK retv 0
CLI_OUTPUT: /Target1/memdump/action memdump32 0xC0000038
CLI_OUTPUT: ret /Target1/memdump/action memdump32 0xC0000038 ==&gt; done OK retv 0 value 0x014f14d7
SCR_OUTPUT: called ddal_rpram_set and verified with memdump:: 21959895 == 21959895 ==&gt; OK
CLI_OUTPUT: /Target1/rpram/action ddal_rpram_set DDAL_RPRAM_USER11 1860268428
CLI_OUTPUT: ret /Target1/rpram/action ddal_rpram_set DDAL_RPRAM_USER11 1860268428 ==&gt; done OK retv 0
CLI_OUTPUT: /Target1/memdump/action memdump32 0xC000003C
CLI_OUTPUT: ret /Target1/memdump/action memdump32 0xC000003C ==&gt; done OK retv 0 value 0x6ee1718c
SCR_OUTPUT: called ddal_rpram_set and verified with memdump:: 1860268428 == 1860268428 ==&gt; OK
CLI_OUTPUT: /Target1/rpram/action ddal_rpram_set DDAL_RPRAM_USER12 317170370
CLI_OUTPUT: ret /Target1/rpram/action ddal_rpram_set DDAL_RPRAM_USER12 317170370 ==&gt; done OK retv 0
CLI_OUTPUT: /Target1/memdump/action memdump32 0xC0000040
CLI_OUTPUT: ret /Target1/memdump/action memdump32 0xC0000040 ==&gt; done OK retv 0 value 0x12e7a2c2
SCR_OUTPUT: called ddal_rpram_set and verified with memdump:: 317170370 == 317170370 ==&gt; OK
CLI_OUTPUT: /Target1/rpram/action ddal_rpram_set DDAL_RPRAM_USER13 628030347
CLI_OUTPUT: ret /Target1/rpram/action ddal_rpram_set DDAL_RPRAM_USER13 628030347 ==&gt; done OK retv 0
CLI_OUTPUT: /Target1/memdump/action memdump32 0xC0000044
CLI_OUTPUT: ret /Target1/memdump/action memdump32 0xC0000044 ==&gt; done OK retv 0 value 0x256efb8b
SCR_OUTPUT: called ddal_rpram_set and verified with memdump:: 628030347 == 628030347 ==&gt; OK
CLI_OUTPUT: /Target1/rpram/action ddal_rpram_set DDAL_RPRAM_USER14 423967443
CLI_OUTPUT: ret /Target1/rpram/action ddal_rpram_set DDAL_RPRAM_USER14 423967443 ==&gt; done OK retv 0
CLI_OUTPUT: /Target1/memdump/action memdump32 0xC0000048
CLI_OUTPUT: ret /Target1/memdump/action memdump32 0xC0000048 ==&gt; done OK retv 0 value 0x19453ad3
SCR_OUTPUT: called ddal_rpram_set and verified with memdump:: 423967443 == 423967443 ==&gt; OK
CLI_OUTPUT: /Target1/rpram/action ddal_rpram_set DDAL_RPRAM_USER15 270107368
CLI_OUTPUT: ret /Target1/rpram/action ddal_rpram_set DDAL_RPRAM_USER15 270107368 ==&gt; done OK retv 0
CLI_OUTPUT: /Target1/memdump/action memdump32 0xC000004C
CLI_OUTPUT: ret /Target1/memdump/action memdump32 0xC000004C ==&gt; done OK retv 0 value 0x101982e8
SCR_OUTPUT: called ddal_rpram_set and verified with memdump:: 270107368 == 270107368 ==&gt; OK
CLI_OUTPUT: /Target1/rpram/action ddal_rpram_set DDAL_RPRAM_HW_INIT_STORAGE 2061604665
CLI_OUTPUT: ret /Target1/rpram/action ddal_rpram_set DDAL_RPRAM_HW_INIT_STORAGE 2061604665 ==&gt; done OK retv 0
CLI_OUTPUT: /Target1/memdump/action memdump32 0xC0000020
CLI_OUTPUT: ret /Target1/memdump/action memdump32 0xC0000020 ==&gt; done OK retv 0 value 0x7ae19739
SCR_OUTPUT: called ddal_rpram_set and verified with memdump:: 2061604665 == 2061604665 ==&gt; OK
CLI_OUTPUT: /Target1/rpram/action ddal_rpram_set DDAL_RPRAM_RESET_TYPE 1888561599
CLI_OUTPUT: ret /Target1/rpram/action ddal_rpram_set DDAL_RPRAM_RESET_TYPE 1888561599 ==&gt; done OK retv 0
CLI_OUTPUT: /Target1/memdump/action memdump32 0xC0000018
CLI_OUTPUT: ret /Target1/memdump/action memdump32 0xC0000018 ==&gt; done OK retv 0 value 0x709129bf
SCR_OUTPUT: called ddal_rpram_set and verified with memdump:: 1888561599 == 1888561599 ==&gt; OK
CLI_OUTPUT: /Target1/rpram/action ddal_rpram_set DDAL_RPRAM_RESET_LOOP_COUNTER 1246609377
CLI_OUTPUT: ret /Target1/rpram/action ddal_rpram_set DDAL_RPRAM_RESET_LOOP_COUNTER 1246609377 ==&gt; done OK retv 0
CLI_OUTPUT: /Target1/memdump/action memdump32 0xC0000050
CLI_OUTPUT: ret /Target1/memdump/action memdump32 0xC0000050 ==&gt; done OK retv 0 value 0x4a4dbfe1
SCR_OUTPUT: called ddal_rpram_set and verified with memdump:: 1246609377 == 1246609377 ==&gt; OK
CLI_OUTPUT: /Target1/rpram/action ddal_rpram_set DDAL_RPRAM_ISTI 913423139
CLI_OUTPUT: ret /Target1/rpram/action ddal_rpram_set DDAL_RPRAM_ISTI 913423139 ==&gt; done OK retv 0
CLI_OUTPUT: /Target1/memdump/action memdump32 0xC000001C
CLI_OUTPUT: ret /Target1/memdump/action memdump32 0xC000001C ==&gt; done OK retv 0 value 0x3671bb23
SCR_OUTPUT: called ddal_rpram_set and verified with memdump:: 913423139 == 913423139 ==&gt; OK
CLI_OUTPUT: /Target1/rpram/action ddal_rpram_set DDAL_RPRAM_POR_MAGIC_LOW 1689638832
CLI_OUTPUT: ret /Target1/rpram/action ddal_rpram_set DDAL_RPRAM_POR_MAGIC_LOW 1689638832 ==&gt; done OK retv 0
CLI_OUTPUT: /Target1/memdump/action memdump32 0xC0000010
CLI_OUTPUT: ret /Target1/memdump/action memdump32 0xC0000010 ==&gt; done OK retv 0 value 0x64b5d7b0
SCR_OUTPUT: called ddal_rpram_set and verified with memdump:: 1689638832 == 1689638832 ==&gt; OK
CLI_OUTPUT: /Target1/rpram/action ddal_rpram_set DDAL_RPRAM_POR_MAGIC_HIGH 1583685979
CLI_OUTPUT: ret /Target1/rpram/action ddal_rpram_set DDAL_RPRAM_POR_MAGIC_HIGH 1583685979 ==&gt; done OK retv 0
CLI_OUTPUT: /Target1/memdump/action memdump32 0xC0000014
CLI_OUTPUT: ret /Target1/memdump/action memdump32 0xC0000014 ==&gt; done OK retv 0 value 0x5e65215b
SCR_OUTPUT: called ddal_rpram_set and verified with memdump:: 1583685979 == 1583685979 ==&gt; OK
SCR_OUTPUT: ##### Test Case End: TC_03100_001 PASSED (0)
</stdout>
          <failedSince>0</failedSince>
        </case>
        <case>
          <duration>1.0</duration>
          <className>HW_03100_basic_rpram_tests</className>
          <testName>TC_03100_001 successful ddal_rpram_set calls_1</testName>
          <skipped>false</skipped>
          <stdout>
SCR_OUTPUT: ##### Test Case Start: TC_03100_001  successful ddal_rpram_set calls
CLI_OUTPUT: /Target1/rpram/action ddal_rpram_set DDAL_RPRAM_USER1 1685153421
CLI_OUTPUT: ret /Target1/rpram/action ddal_rpram_set DDAL_RPRAM_USER1 1685153421 ==&gt; done OK retv 0
CLI_OUTPUT: /Target1/memdump/action memdump32 0xC0000000
CLI_OUTPUT: ret /Target1/memdump/action memdump32 0xC0000000 ==&gt; done OK retv 0 value 0x6471668d
SCR_OUTPUT: called ddal_rpram_set and verified with memdump:: 1685153421 == 1685153421 ==&gt; OK
CLI_OUTPUT: /Target1/rpram/action ddal_rpram_set DDAL_RPRAM_USER2 1359310948
CLI_OUTPUT: ret /Target1/rpram/action ddal_rpram_set DDAL_RPRAM_USER2 1359310948 ==&gt; done OK retv 0
CLI_OUTPUT: /Target1/memdump/action memdump32 0xC0000004
CLI_OUTPUT: ret /Target1/memdump/action memdump32 0xC0000004 ==&gt; done OK retv 0 value 0x51057064
SCR_OUTPUT: called ddal_rpram_set and verified with memdump:: 1359310948 == 1359310948 ==&gt; OK
CLI_OUTPUT: /Target1/rpram/action ddal_rpram_set DDAL_RPRAM_USER3 1008150281
CLI_OUTPUT: ret /Target1/rpram/action ddal_rpram_set DDAL_RPRAM_USER3 1008150281 ==&gt; done OK retv 0
CLI_OUTPUT: /Target1/memdump/action memdump32 0xC0000008
CLI_OUTPUT: ret /Target1/memdump/action memdump32 0xC0000008 ==&gt; done OK retv 0 value 0x3c172709
SCR_OUTPUT: called ddal_rpram_set and verified with memdump:: 1008150281 == 1008150281 ==&gt; OK
CLI_OUTPUT: /Target1/rpram/action ddal_rpram_set DDAL_RPRAM_USER4 335865163
CLI_OUTPUT: ret /Target1/rpram/action ddal_rpram_set DDAL_RPRAM_USER4 335865163 ==&gt; done OK retv 0
CLI_OUTPUT: /Target1/memdump/action memdump32 0xC000000C
CLI_OUTPUT: ret /Target1/memdump/action memdump32 0xC000000C ==&gt; done OK retv 0 value 0x1404e54b
SCR_OUTPUT: called ddal_rpram_set and verified with memdump:: 335865163 == 335865163 ==&gt; OK
CLI_OUTPUT: /Target1/rpram/action ddal_rpram_set DDAL_RPRAM_USER5 1298803834
CLI_OUTPUT: ret /Target1/rpram/action ddal_rpram_set DDAL_RPRAM_USER5 1298803834 ==&gt; done OK retv 0
CLI_OUTPUT: /Target1/memdump/action memdump32 0xC0000024
CLI_OUTPUT: ret /Target1/memdump/action memdump32 0xC0000024 ==&gt; done OK retv 0 value 0x4d6a2c7a
SCR_OUTPUT: called ddal_rpram_set and verified with memdump:: 1298803834 == 1298803834 ==&gt; OK
CLI_OUTPUT: /Target1/rpram/action ddal_rpram_set DDAL_RPRAM_USER6 1972333958
CLI_OUTPUT: ret /Target1/rpram/action ddal_rpram_set DDAL_RPRAM_USER6 1972333958 ==&gt; done OK retv 0
CLI_OUTPUT: /Target1/memdump/action memdump32 0xC0000028
CLI_OUTPUT: ret /Target1/memdump/action memdump32 0xC0000028 ==&gt; done OK retv 0 value 0x758f6d86
SCR_OUTPUT: called ddal_rpram_set and verified with memdump:: 1972333958 == 1972333958 ==&gt; OK
CLI_OUTPUT: /Target1/rpram/action ddal_rpram_set DDAL_RPRAM_USER7 459374661
CLI_OUTPUT: ret /Target1/rpram/action ddal_rpram_set DDAL_RPRAM_USER7 459374661 ==&gt; done OK retv 0
CLI_OUTPUT: /Target1/memdump/action memdump32 0xC000002C
CLI_OUTPUT: ret /Target1/memdump/action memdump32 0xC000002C ==&gt; done OK retv 0 value 0x1b618045
SCR_OUTPUT: called ddal_rpram_set and verified with memdump:: 459374661 == 459374661 ==&gt; OK
CLI_OUTPUT: /Target1/rpram/action ddal_rpram_set DDAL_RPRAM_USER8 506250074
CLI_OUTPUT: ret /Target1/rpram/action ddal_rpram_set DDAL_RPRAM_USER8 506250074 ==&gt; done OK retv 0
CLI_OUTPUT: /Target1/memdump/action memdump32 0xC0000030
CLI_OUTPUT: ret /Target1/memdump/action memdump32 0xC0000030 ==&gt; done OK retv 0 value 0x1e2cc35a
SCR_OUTPUT: called ddal_rpram_set and verified with memdump:: 506250074 == 506250074 ==&gt; OK
CLI_OUTPUT: /Target1/rpram/action ddal_rpram_set DDAL_RPRAM_USER9 214817917
CLI_OUTPUT: ret /Target1/rpram/action ddal_rpram_set DDAL_RPRAM_USER9 214817917 ==&gt; done OK retv 0
CLI_OUTPUT: /Target1/memdump/action memdump32 0xC0000034
CLI_OUTPUT: ret /Target1/memdump/action memdump32 0xC0000034 ==&gt; done OK retv 0 value 0x0ccddc7d
SCR_OUTPUT: called ddal_rpram_set and verified with memdump:: 214817917 == 214817917 ==&gt; OK
CLI_OUTPUT: /Target1/rpram/action ddal_rpram_set DDAL_RPRAM_USER10 524737217
CLI_OUTPUT: ret /Target1/rpram/action ddal_rpram_set DDAL_RPRAM_USER10 524737217 ==&gt; done OK retv 0
CLI_OUTPUT: /Target1/memdump/action memdump32 0xC0000038
CLI_OUTPUT: ret /Target1/memdump/action memdump32 0xC0000038 ==&gt; done OK retv 0 value 0x1f46dac1
SCR_OUTPUT: called ddal_rpram_set and verified with memdump:: 524737217 == 524737217 ==&gt; OK
CLI_OUTPUT: /Target1/rpram/action ddal_rpram_set DDAL_RPRAM_USER11 1690585145
CLI_OUTPUT: ret /Target1/rpram/action ddal_rpram_set DDAL_RPRAM_USER11 1690585145 ==&gt; done OK retv 0
CLI_OUTPUT: /Target1/memdump/action memdump32 0xC000003C
CLI_OUTPUT: ret /Target1/memdump/action memdump32 0xC000003C ==&gt; done OK retv 0 value 0x64c44839
SCR_OUTPUT: called ddal_rpram_set and verified with memdump:: 1690585145 == 1690585145 ==&gt; OK
CLI_OUTPUT: /Target1/rpram/action ddal_rpram_set DDAL_RPRAM_USER12 308499398
CLI_OUTPUT: ret /Target1/rpram/action ddal_rpram_set DDAL_RPRAM_USER12 308499398 ==&gt; done OK retv 0
CLI_OUTPUT: /Target1/memdump/action memdump32 0xC0000040
CLI_OUTPUT: ret /Target1/memdump/action memdump32 0xC0000040 ==&gt; done OK retv 0 value 0x126353c6
SCR_OUTPUT: called ddal_rpram_set and verified with memdump:: 308499398 == 308499398 ==&gt; OK
CLI_OUTPUT: /Target1/rpram/action ddal_rpram_set DDAL_RPRAM_USER13 923891938
CLI_OUTPUT: ret /Target1/rpram/action ddal_rpram_set DDAL_RPRAM_USER13 923891938 ==&gt; done OK retv 0
CLI_OUTPUT: /Target1/memdump/action memdump32 0xC0000044
CLI_OUTPUT: ret /Target1/memdump/action memdump32 0xC0000044 ==&gt; done OK retv 0 value 0x371178e2
SCR_OUTPUT: called ddal_rpram_set and verified with memdump:: 923891938 == 923891938 ==&gt; OK
CLI_OUTPUT: /Target1/rpram/action ddal_rpram_set DDAL_RPRAM_USER14 1545101378
CLI_OUTPUT: ret /Target1/rpram/action ddal_rpram_set DDAL_RPRAM_USER14 1545101378 ==&gt; done OK retv 0
CLI_OUTPUT: /Target1/memdump/action memdump32 0xC0000048
CLI_OUTPUT: ret /Target1/memdump/action memdump32 0xC0000048 ==&gt; done OK retv 0 value 0x5c186042
SCR_OUTPUT: called ddal_rpram_set and verified with memdump:: 1545101378 == 1545101378 ==&gt; OK
CLI_OUTPUT: /Target1/rpram/action ddal_rpram_set DDAL_RPRAM_USER15 1146701360
CLI_OUTPUT: ret /Target1/rpram/action ddal_rpram_set DDAL_RPRAM_USER15 1146701360 ==&gt; done OK retv 0
CLI_OUTPUT: /Target1/memdump/action memdump32 0xC000004C
CLI_OUTPUT: ret /Target1/memdump/action memdump32 0xC000004C ==&gt; done OK retv 0 value 0x44594630
SCR_OUTPUT: called ddal_rpram_set and verified with memdump:: 1146701360 == 1146701360 ==&gt; OK
CLI_OUTPUT: /Target1/rpram/action ddal_rpram_set DDAL_RPRAM_HW_INIT_STORAGE 1091576566
CLI_OUTPUT: ret /Target1/rpram/action ddal_rpram_set DDAL_RPRAM_HW_INIT_STORAGE 1091576566 ==&gt; done OK retv 0
CLI_OUTPUT: /Target1/memdump/action memdump32 0xC0000020
CLI_OUTPUT: ret /Target1/memdump/action memdump32 0xC0000020 ==&gt; done OK retv 0 value 0x411022f6
SCR_OUTPUT: called ddal_rpram_set and verified with memdump:: 1091576566 == 1091576566 ==&gt; OK
CLI_OUTPUT: /Target1/rpram/action ddal_rpram_set DDAL_RPRAM_RESET_TYPE 174615668
CLI_OUTPUT: ret /Target1/rpram/action ddal_rpram_set DDAL_RPRAM_RESET_TYPE 174615668 ==&gt; done OK retv 0
CLI_OUTPUT: /Target1/memdump/action memdump32 0xC0000018
CLI_OUTPUT: ret /Target1/memdump/action memdump32 0xC0000018 ==&gt; done OK retv 0 value 0x0a686c74
SCR_OUTPUT: called ddal_rpram_set and verified with memdump:: 174615668 == 174615668 ==&gt; OK
CLI_OUTPUT: /Target1/rpram/action ddal_rpram_set DDAL_RPRAM_RESET_LOOP_COUNTER 1302887076
CLI_OUTPUT: ret /Target1/rpram/action ddal_rpram_set DDAL_RPRAM_RESET_LOOP_COUNTER 1302887076 ==&gt; done OK retv 0
CLI_OUTPUT: /Target1/memdump/action memdump32 0xC0000050
CLI_OUTPUT: ret /Target1/memdump/action memdump32 0xC0000050 ==&gt; done OK retv 0 value 0x4da87aa4
SCR_OUTPUT: called ddal_rpram_set and verified with memdump:: 1302887076 == 1302887076 ==&gt; OK
CLI_OUTPUT: /Target1/rpram/action ddal_rpram_set DDAL_RPRAM_ISTI 1879905548
CLI_OUTPUT: ret /Target1/rpram/action ddal_rpram_set DDAL_RPRAM_ISTI 1879905548 ==&gt; done OK retv 0
CLI_OUTPUT: /Target1/memdump/action memdump32 0xC000001C
CLI_OUTPUT: ret /Target1/memdump/action memdump32 0xC000001C ==&gt; done OK retv 0 value 0x700d150c
SCR_OUTPUT: called ddal_rpram_set and verified with memdump:: 1879905548 == 1879905548 ==&gt; OK
CLI_OUTPUT: /Target1/rpram/action ddal_rpram_set DDAL_RPRAM_POR_MAGIC_LOW 1793248215
CLI_OUTPUT: ret /Target1/rpram/action ddal_rpram_set DDAL_RPRAM_POR_MAGIC_LOW 1793248215 ==&gt; done OK retv 0
CLI_OUTPUT: /Target1/memdump/action memdump32 0xC0000010
CLI_OUTPUT: ret /Target1/memdump/action memdump32 0xC0000010 ==&gt; done OK retv 0 value 0x6ae2cbd7
SCR_OUTPUT: called ddal_rpram_set and verified with memdump:: 1793248215 == 1793248215 ==&gt; OK
CLI_OUTPUT: /Target1/rpram/action ddal_rpram_set DDAL_RPRAM_POR_MAGIC_HIGH 1337348344
CLI_OUTPUT: ret /Target1/rpram/action ddal_rpram_set DDAL_RPRAM_POR_MAGIC_HIGH 1337348344 ==&gt; done OK retv 0
CLI_OUTPUT: /Target1/memdump/action memdump32 0xC0000014
CLI_OUTPUT: ret /Target1/memdump/action memdump32 0xC0000014 ==&gt; done OK retv 0 value 0x4fb650f8
SCR_OUTPUT: called ddal_rpram_set and verified with memdump:: 1337348344 == 1337348344 ==&gt; OK
SCR_OUTPUT: ##### Test Case End: TC_03100_001 PASSED (0)
</stdout>
          <failedSince>0</failedSince>
        </case>
        <case>
          <duration>1.0</duration>
          <className>HW_03100_basic_rpram_tests</className>
          <testName>TC_03100_001 successful ddal_rpram_set calls_2</testName>
          <skipped>false</skipped>
          <stdout>
SCR_OUTPUT: ##### Test Case Start: TC_03100_001  successful ddal_rpram_set calls
CLI_OUTPUT: /Target1/rpram/action ddal_rpram_set DDAL_RPRAM_USER1 1984582254
CLI_OUTPUT: ret /Target1/rpram/action ddal_rpram_set DDAL_RPRAM_USER1 1984582254 ==&gt; done OK retv 0
CLI_OUTPUT: /Target1/memdump/action memdump32 0xC0000000
CLI_OUTPUT: ret /Target1/memdump/action memdump32 0xC0000000 ==&gt; done OK retv 0 value 0x764a526e
SCR_OUTPUT: called ddal_rpram_set and verified with memdump:: 1984582254 == 1984582254 ==&gt; OK
CLI_OUTPUT: /Target1/rpram/action ddal_rpram_set DDAL_RPRAM_USER2 158055422
CLI_OUTPUT: ret /Target1/rpram/action ddal_rpram_set DDAL_RPRAM_USER2 158055422 ==&gt; done OK retv 0
CLI_OUTPUT: /Target1/memdump/action memdump32 0xC0000004
CLI_OUTPUT: ret /Target1/memdump/action memdump32 0xC0000004 ==&gt; done OK retv 0 value 0x096bbbfe
SCR_OUTPUT: called ddal_rpram_set and verified with memdump:: 158055422 == 158055422 ==&gt; OK
CLI_OUTPUT: /Target1/rpram/action ddal_rpram_set DDAL_RPRAM_USER3 223021
CLI_OUTPUT: ret /Target1/rpram/action ddal_rpram_set DDAL_RPRAM_USER3 223021 ==&gt; done OK retv 0
CLI_OUTPUT: /Target1/memdump/action memdump32 0xC0000008
CLI_OUTPUT: ret /Target1/memdump/action memdump32 0xC0000008 ==&gt; done OK retv 0 value 0x0003672d
SCR_OUTPUT: called ddal_rpram_set and verified with memdump:: 223021 == 223021 ==&gt; OK
CLI_OUTPUT: /Target1/rpram/action ddal_rpram_set DDAL_RPRAM_USER4 1600847101
CLI_OUTPUT: ret /Target1/rpram/action ddal_rpram_set DDAL_RPRAM_USER4 1600847101 ==&gt; done OK retv 0
CLI_OUTPUT: /Target1/memdump/action memdump32 0xC000000C
CLI_OUTPUT: ret /Target1/memdump/action memdump32 0xC000000C ==&gt; done OK retv 0 value 0x5f6afcfd
SCR_OUTPUT: called ddal_rpram_set and verified with memdump:: 1600847101 == 1600847101 ==&gt; OK
CLI_OUTPUT: /Target1/rpram/action ddal_rpram_set DDAL_RPRAM_USER5 1762197727
CLI_OUTPUT: ret /Target1/rpram/action ddal_rpram_set DDAL_RPRAM_USER5 1762197727 ==&gt; done OK retv 0
CLI_OUTPUT: /Target1/memdump/action memdump32 0xC0000024
CLI_OUTPUT: ret /Target1/memdump/action memdump32 0xC0000024 ==&gt; done OK retv 0 value 0x690900df
SCR_OUTPUT: called ddal_rpram_set and verified with memdump:: 1762197727 == 1762197727 ==&gt; OK
CLI_OUTPUT: /Target1/rpram/action ddal_rpram_set DDAL_RPRAM_USER6 1310322749
CLI_OUTPUT: ret /Target1/rpram/action ddal_rpram_set DDAL_RPRAM_USER6 1310322749 ==&gt; done OK retv 0
CLI_OUTPUT: /Target1/memdump/action memdump32 0xC0000028
CLI_OUTPUT: ret /Target1/memdump/action memdump32 0xC0000028 ==&gt; done OK retv 0 value 0x4e19f03d
SCR_OUTPUT: called ddal_rpram_set and verified with memdump:: 1310322749 == 1310322749 ==&gt; OK
CLI_OUTPUT: /Target1/rpram/action ddal_rpram_set DDAL_RPRAM_USER7 149726492
CLI_OUTPUT: ret /Target1/rpram/action ddal_rpram_set DDAL_RPRAM_USER7 149726492 ==&gt; done OK retv 0
CLI_OUTPUT: /Target1/memdump/action memdump32 0xC000002C
CLI_OUTPUT: ret /Target1/memdump/action memdump32 0xC000002C ==&gt; done OK retv 0 value 0x08eca51c
SCR_OUTPUT: called ddal_rpram_set and verified with memdump:: 149726492 == 149726492 ==&gt; OK
CLI_OUTPUT: /Target1/rpram/action ddal_rpram_set DDAL_RPRAM_USER8 1749817208
CLI_OUTPUT: ret /Target1/rpram/action ddal_rpram_set DDAL_RPRAM_USER8 1749817208 ==&gt; done OK retv 0
CLI_OUTPUT: /Target1/memdump/action memdump32 0xC0000030
CLI_OUTPUT: ret /Target1/memdump/action memdump32 0xC0000030 ==&gt; done OK retv 0 value 0x684c1778
SCR_OUTPUT: called ddal_rpram_set and verified with memdump:: 1749817208 == 1749817208 ==&gt; OK
CLI_OUTPUT: /Target1/rpram/action ddal_rpram_set DDAL_RPRAM_USER9 1536853674
CLI_OUTPUT: ret /Target1/rpram/action ddal_rpram_set DDAL_RPRAM_USER9 1536853674 ==&gt; done OK retv 0
CLI_OUTPUT: /Target1/memdump/action memdump32 0xC0000034
CLI_OUTPUT: ret /Target1/memdump/action memdump32 0xC0000034 ==&gt; done OK retv 0 value 0x5b9a86aa
SCR_OUTPUT: called ddal_rpram_set and verified with memdump:: 1536853674 == 1536853674 ==&gt; OK
CLI_OUTPUT: /Target1/rpram/action ddal_rpram_set DDAL_RPRAM_USER10 2113977284
CLI_OUTPUT: ret /Target1/rpram/action ddal_rpram_set DDAL_RPRAM_USER10 2113977284 ==&gt; done OK retv 0
CLI_OUTPUT: /Target1/memdump/action memdump32 0xC0000038
CLI_OUTPUT: ret /Target1/memdump/action memdump32 0xC0000038 ==&gt; done OK retv 0 value 0x7e00bbc4
SCR_OUTPUT: called ddal_rpram_set and verified with memdump:: 2113977284 == 2113977284 ==&gt; OK
CLI_OUTPUT: /Target1/rpram/action ddal_rpram_set DDAL_RPRAM_USER11 1646873863
CLI_OUTPUT: ret /Target1/rpram/action ddal_rpram_set DDAL_RPRAM_USER11 1646873863 ==&gt; done OK retv 0
CLI_OUTPUT: /Target1/memdump/action memdump32 0xC000003C
CLI_OUTPUT: ret /Target1/memdump/action memdump32 0xC000003C ==&gt; done OK retv 0 value 0x62294d07
SCR_OUTPUT: called ddal_rpram_set and verified with memdump:: 1646873863 == 1646873863 ==&gt; OK
CLI_OUTPUT: /Target1/rpram/action ddal_rpram_set DDAL_RPRAM_USER12 92390099
CLI_OUTPUT: ret /Target1/rpram/action ddal_rpram_set DDAL_RPRAM_USER12 92390099 ==&gt; done OK retv 0
CLI_OUTPUT: /Target1/memdump/action memdump32 0xC0000040
CLI_OUTPUT: ret /Target1/memdump/action memdump32 0xC0000040 ==&gt; done OK retv 0 value 0x0581c2d3
SCR_OUTPUT: called ddal_rpram_set and verified with memdump:: 92390099 == 92390099 ==&gt; OK
CLI_OUTPUT: /Target1/rpram/action ddal_rpram_set DDAL_RPRAM_USER13 169733918
CLI_OUTPUT: ret /Target1/rpram/action ddal_rpram_set DDAL_RPRAM_USER13 169733918 ==&gt; done OK retv 0
CLI_OUTPUT: /Target1/memdump/action memdump32 0xC0000044
CLI_OUTPUT: ret /Target1/memdump/action memdump32 0xC0000044 ==&gt; done OK retv 0 value 0x0a1def1e
SCR_OUTPUT: called ddal_rpram_set and verified with memdump:: 169733918 == 169733918 ==&gt; OK
CLI_OUTPUT: /Target1/rpram/action ddal_rpram_set DDAL_RPRAM_USER14 859693414
CLI_OUTPUT: ret /Target1/rpram/action ddal_rpram_set DDAL_RPRAM_USER14 859693414 ==&gt; done OK retv 0
CLI_OUTPUT: /Target1/memdump/action memdump32 0xC0000048
CLI_OUTPUT: ret /Target1/memdump/action memdump32 0xC0000048 ==&gt; done OK retv 0 value 0x333de166
SCR_OUTPUT: called ddal_rpram_set and verified with memdump:: 859693414 == 859693414 ==&gt; OK
CLI_OUTPUT: /Target1/rpram/action ddal_rpram_set DDAL_RPRAM_USER15 597282501
CLI_OUTPUT: ret /Target1/rpram/action ddal_rpram_set DDAL_RPRAM_USER15 597282501 ==&gt; done OK retv 0
CLI_OUTPUT: /Target1/memdump/action memdump32 0xC000004C
CLI_OUTPUT: ret /Target1/memdump/action memdump32 0xC000004C ==&gt; done OK retv 0 value 0x2399cec5
SCR_OUTPUT: called ddal_rpram_set and verified with memdump:: 597282501 == 597282501 ==&gt; OK
CLI_OUTPUT: /Target1/rpram/action ddal_rpram_set DDAL_RPRAM_HW_INIT_STORAGE 1188461839
CLI_OUTPUT: ret /Target1/rpram/action ddal_rpram_set DDAL_RPRAM_HW_INIT_STORAGE 1188461839 ==&gt; done OK retv 0
CLI_OUTPUT: /Target1/memdump/action memdump32 0xC0000020
CLI_OUTPUT: ret /Target1/memdump/action memdump32 0xC0000020 ==&gt; done OK retv 0 value 0x46d67d0f
SCR_OUTPUT: called ddal_rpram_set and verified with memdump:: 1188461839 == 1188461839 ==&gt; OK
CLI_OUTPUT: /Target1/rpram/action ddal_rpram_set DDAL_RPRAM_RESET_TYPE 732794551
CLI_OUTPUT: ret /Target1/rpram/action ddal_rpram_set DDAL_RPRAM_RESET_TYPE 732794551 ==&gt; done OK retv 0
CLI_OUTPUT: /Target1/memdump/action memdump32 0xC0000018
CLI_OUTPUT: ret /Target1/memdump/action memdump32 0xC0000018 ==&gt; done OK retv 0 value 0x2bad8eb7
SCR_OUTPUT: called ddal_rpram_set and verified with memdump:: 732794551 == 732794551 ==&gt; OK
CLI_OUTPUT: /Target1/rpram/action ddal_rpram_set DDAL_RPRAM_RESET_LOOP_COUNTER 259353532
CLI_OUTPUT: ret /Target1/rpram/action ddal_rpram_set DDAL_RPRAM_RESET_LOOP_COUNTER 259353532 ==&gt; done OK retv 0
CLI_OUTPUT: /Target1/memdump/action memdump32 0xC0000050
CLI_OUTPUT: ret /Target1/memdump/action memdump32 0xC0000050 ==&gt; done OK retv 0 value 0x0f756bbc
SCR_OUTPUT: called ddal_rpram_set and verified with memdump:: 259353532 == 259353532 ==&gt; OK
CLI_OUTPUT: /Target1/rpram/action ddal_rpram_set DDAL_RPRAM_ISTI 1710509362
CLI_OUTPUT: ret /Target1/rpram/action ddal_rpram_set DDAL_RPRAM_ISTI 1710509362 ==&gt; done OK retv 0
CLI_OUTPUT: /Target1/memdump/action memdump32 0xC000001C
CLI_OUTPUT: ret /Target1/memdump/action memdump32 0xC000001C ==&gt; done OK retv 0 value 0x65f44d32
SCR_OUTPUT: called ddal_rpram_set and verified with memdump:: 1710509362 == 1710509362 ==&gt; OK
CLI_OUTPUT: /Target1/rpram/action ddal_rpram_set DDAL_RPRAM_POR_MAGIC_LOW 167365586
CLI_OUTPUT: ret /Target1/rpram/action ddal_rpram_set DDAL_RPRAM_POR_MAGIC_LOW 167365586 ==&gt; done OK retv 0
CLI_OUTPUT: /Target1/memdump/action memdump32 0xC0000010
CLI_OUTPUT: ret /Target1/memdump/action memdump32 0xC0000010 ==&gt; done OK retv 0 value 0x09f9cbd2
SCR_OUTPUT: called ddal_rpram_set and verified with memdump:: 167365586 == 167365586 ==&gt; OK
CLI_OUTPUT: /Target1/rpram/action ddal_rpram_set DDAL_RPRAM_POR_MAGIC_HIGH 1857326779
CLI_OUTPUT: ret /Target1/rpram/action ddal_rpram_set DDAL_RPRAM_POR_MAGIC_HIGH 1857326779 ==&gt; done OK retv 0
CLI_OUTPUT: /Target1/memdump/action memdump32 0xC0000014
CLI_OUTPUT: ret /Target1/memdump/action memdump32 0xC0000014 ==&gt; done OK retv 0 value 0x6eb48ebb
SCR_OUTPUT: called ddal_rpram_set and verified with memdump:: 1857326779 == 1857326779 ==&gt; OK
SCR_OUTPUT: ##### Test Case End: TC_03100_001 PASSED (0)
</stdout>
          <failedSince>0</failedSince>
        </case>
        <case>
          <duration>1.0</duration>
          <className>HW_03100_basic_rpram_tests</className>
          <testName>TC_03100_001 successful ddal_rpram_set calls_3</testName>
          <skipped>false</skipped>
          <stdout>
SCR_OUTPUT: ##### Test Case Start: TC_03100_001  successful ddal_rpram_set calls
CLI_OUTPUT: /Target1/rpram/action ddal_rpram_set DDAL_RPRAM_USER1 228372808
CLI_OUTPUT: ret /Target1/rpram/action ddal_rpram_set DDAL_RPRAM_USER1 228372808 ==&gt; done OK retv 0
CLI_OUTPUT: /Target1/memdump/action memdump32 0xC0000000
CLI_OUTPUT: ret /Target1/memdump/action memdump32 0xC0000000 ==&gt; done OK retv 0 value 0x0d9cb148
SCR_OUTPUT: called ddal_rpram_set and verified with memdump:: 228372808 == 228372808 ==&gt; OK
CLI_OUTPUT: /Target1/rpram/action ddal_rpram_set DDAL_RPRAM_USER2 708523671
CLI_OUTPUT: ret /Target1/rpram/action ddal_rpram_set DDAL_RPRAM_USER2 708523671 ==&gt; done OK retv 0
CLI_OUTPUT: /Target1/memdump/action memdump32 0xC0000004
CLI_OUTPUT: ret /Target1/memdump/action memdump32 0xC0000004 ==&gt; done OK retv 0 value 0x2a3b3697
SCR_OUTPUT: called ddal_rpram_set and verified with memdump:: 708523671 == 708523671 ==&gt; OK
CLI_OUTPUT: /Target1/rpram/action ddal_rpram_set DDAL_RPRAM_USER3 360566301
CLI_OUTPUT: ret /Target1/rpram/action ddal_rpram_set DDAL_RPRAM_USER3 360566301 ==&gt; done OK retv 0
CLI_OUTPUT: /Target1/memdump/action memdump32 0xC0000008
CLI_OUTPUT: ret /Target1/memdump/action memdump32 0xC0000008 ==&gt; done OK retv 0 value 0x157dce1d
SCR_OUTPUT: called ddal_rpram_set and verified with memdump:: 360566301 == 360566301 ==&gt; OK
CLI_OUTPUT: /Target1/rpram/action ddal_rpram_set DDAL_RPRAM_USER4 1986486327
CLI_OUTPUT: ret /Target1/rpram/action ddal_rpram_set DDAL_RPRAM_USER4 1986486327 ==&gt; done OK retv 0
CLI_OUTPUT: /Target1/memdump/action memdump32 0xC000000C
CLI_OUTPUT: ret /Target1/memdump/action memdump32 0xC000000C ==&gt; done OK retv 0 value 0x76676037
SCR_OUTPUT: called ddal_rpram_set and verified with memdump:: 1986486327 == 1986486327 ==&gt; OK
CLI_OUTPUT: /Target1/rpram/action ddal_rpram_set DDAL_RPRAM_USER5 2095039269
CLI_OUTPUT: ret /Target1/rpram/action ddal_rpram_set DDAL_RPRAM_USER5 2095039269 ==&gt; done OK retv 0
CLI_OUTPUT: /Target1/memdump/action memdump32 0xC0000024
CLI_OUTPUT: ret /Target1/memdump/action memdump32 0xC0000024 ==&gt; done OK retv 0 value 0x7cdfc325
SCR_OUTPUT: called ddal_rpram_set and verified with memdump:: 2095039269 == 2095039269 ==&gt; OK
CLI_OUTPUT: /Target1/rpram/action ddal_rpram_set DDAL_RPRAM_USER6 1183235516
CLI_OUTPUT: ret /Target1/rpram/action ddal_rpram_set DDAL_RPRAM_USER6 1183235516 ==&gt; done OK retv 0
CLI_OUTPUT: /Target1/memdump/action memdump32 0xC0000028
CLI_OUTPUT: ret /Target1/memdump/action memdump32 0xC0000028 ==&gt; done OK retv 0 value 0x4686bdbc
SCR_OUTPUT: called ddal_rpram_set and verified with memdump:: 1183235516 == 1183235516 ==&gt; OK
CLI_OUTPUT: /Target1/rpram/action ddal_rpram_set DDAL_RPRAM_USER7 940813416
CLI_OUTPUT: ret /Target1/rpram/action ddal_rpram_set DDAL_RPRAM_USER7 940813416 ==&gt; done OK retv 0
CLI_OUTPUT: /Target1/memdump/action memdump32 0xC000002C
CLI_OUTPUT: ret /Target1/memdump/action memdump32 0xC000002C ==&gt; done OK retv 0 value 0x3813ac68
SCR_OUTPUT: called ddal_rpram_set and verified with memdump:: 940813416 == 940813416 ==&gt; OK
CLI_OUTPUT: /Target1/rpram/action ddal_rpram_set DDAL_RPRAM_USER8 329057077
CLI_OUTPUT: ret /Target1/rpram/action ddal_rpram_set DDAL_RPRAM_USER8 329057077 ==&gt; done OK retv 0
CLI_OUTPUT: /Target1/memdump/action memdump32 0xC0000030
CLI_OUTPUT: ret /Target1/memdump/action memdump32 0xC0000030 ==&gt; done OK retv 0 value 0x139d0335
SCR_OUTPUT: called ddal_rpram_set and verified with memdump:: 329057077 == 329057077 ==&gt; OK
CLI_OUTPUT: /Target1/rpram/action ddal_rpram_set DDAL_RPRAM_USER9 691935725
CLI_OUTPUT: ret /Target1/rpram/action ddal_rpram_set DDAL_RPRAM_USER9 691935725 ==&gt; done OK retv 0
CLI_OUTPUT: /Target1/memdump/action memdump32 0xC0000034
CLI_OUTPUT: ret /Target1/memdump/action memdump32 0xC0000034 ==&gt; done OK retv 0 value 0x293e19ed
SCR_OUTPUT: called ddal_rpram_set and verified with memdump:: 691935725 == 691935725 ==&gt; OK
CLI_OUTPUT: /Target1/rpram/action ddal_rpram_set DDAL_RPRAM_USER10 739831988
CLI_OUTPUT: ret /Target1/rpram/action ddal_rpram_set DDAL_RPRAM_USER10 739831988 ==&gt; done OK retv 0
CLI_OUTPUT: /Target1/memdump/action memdump32 0xC0000038
CLI_OUTPUT: ret /Target1/memdump/action memdump32 0xC0000038 ==&gt; done OK retv 0 value 0x2c18f0b4
SCR_OUTPUT: called ddal_rpram_set and verified with memdump:: 739831988 == 739831988 ==&gt; OK
CLI_OUTPUT: /Target1/rpram/action ddal_rpram_set DDAL_RPRAM_USER11 425956605
CLI_OUTPUT: ret /Target1/rpram/action ddal_rpram_set DDAL_RPRAM_USER11 425956605 ==&gt; done OK retv 0
CLI_OUTPUT: /Target1/memdump/action memdump32 0xC000003C
CLI_OUTPUT: ret /Target1/memdump/action memdump32 0xC000003C ==&gt; done OK retv 0 value 0x196394fd
SCR_OUTPUT: called ddal_rpram_set and verified with memdump:: 425956605 == 425956605 ==&gt; OK
CLI_OUTPUT: /Target1/rpram/action ddal_rpram_set DDAL_RPRAM_USER12 1489698393
CLI_OUTPUT: ret /Target1/rpram/action ddal_rpram_set DDAL_RPRAM_USER12 1489698393 ==&gt; done OK retv 0
CLI_OUTPUT: /Target1/memdump/action memdump32 0xC0000040
CLI_OUTPUT: ret /Target1/memdump/action memdump32 0xC0000040 ==&gt; done OK retv 0 value 0x58cafe59
SCR_OUTPUT: called ddal_rpram_set and verified with memdump:: 1489698393 == 1489698393 ==&gt; OK
CLI_OUTPUT: /Target1/rpram/action ddal_rpram_set DDAL_RPRAM_USER13 1996618453
CLI_OUTPUT: ret /Target1/rpram/action ddal_rpram_set DDAL_RPRAM_USER13 1996618453 ==&gt; done OK retv 0
CLI_OUTPUT: /Target1/memdump/action memdump32 0xC0000044
CLI_OUTPUT: ret /Target1/memdump/action memdump32 0xC0000044 ==&gt; done OK retv 0 value 0x7701fad5
SCR_OUTPUT: called ddal_rpram_set and verified with memdump:: 1996618453 == 1996618453 ==&gt; OK
CLI_OUTPUT: /Target1/rpram/action ddal_rpram_set DDAL_RPRAM_USER14 586989196
CLI_OUTPUT: ret /Target1/rpram/action ddal_rpram_set DDAL_RPRAM_USER14 586989196 ==&gt; done OK retv 0
CLI_OUTPUT: /Target1/memdump/action memdump32 0xC0000048
CLI_OUTPUT: ret /Target1/memdump/action memdump32 0xC0000048 ==&gt; done OK retv 0 value 0x22fcbe8c
SCR_OUTPUT: called ddal_rpram_set and verified with memdump:: 586989196 == 586989196 ==&gt; OK
CLI_OUTPUT: /Target1/rpram/action ddal_rpram_set DDAL_RPRAM_USER15 2135060108
CLI_OUTPUT: ret /Target1/rpram/action ddal_rpram_set DDAL_RPRAM_USER15 2135060108 ==&gt; done OK retv 0
CLI_OUTPUT: /Target1/memdump/action memdump32 0xC000004C
CLI_OUTPUT: ret /Target1/memdump/action memdump32 0xC000004C ==&gt; done OK retv 0 value 0x7f426e8c
SCR_OUTPUT: called ddal_rpram_set and verified with memdump:: 2135060108 == 2135060108 ==&gt; OK
CLI_OUTPUT: /Target1/rpram/action ddal_rpram_set DDAL_RPRAM_HW_INIT_STORAGE 1651095076
CLI_OUTPUT: ret /Target1/rpram/action ddal_rpram_set DDAL_RPRAM_HW_INIT_STORAGE 1651095076 ==&gt; done OK retv 0
CLI_OUTPUT: /Target1/memdump/action memdump32 0xC0000020
CLI_OUTPUT: ret /Target1/memdump/action memdump32 0xC0000020 ==&gt; done OK retv 0 value 0x6269b624
SCR_OUTPUT: called ddal_rpram_set and verified with memdump:: 1651095076 == 1651095076 ==&gt; OK
CLI_OUTPUT: /Target1/rpram/action ddal_rpram_set DDAL_RPRAM_RESET_TYPE 171356639
CLI_OUTPUT: ret /Target1/rpram/action ddal_rpram_set DDAL_RPRAM_RESET_TYPE 171356639 ==&gt; done OK retv 0
CLI_OUTPUT: /Target1/memdump/action memdump32 0xC0000018
CLI_OUTPUT: ret /Target1/memdump/action memdump32 0xC0000018 ==&gt; done OK retv 0 value 0x0a36b1df
SCR_OUTPUT: called ddal_rpram_set and verified with memdump:: 171356639 == 171356639 ==&gt; OK
CLI_OUTPUT: /Target1/rpram/action ddal_rpram_set DDAL_RPRAM_RESET_LOOP_COUNTER 215477852
CLI_OUTPUT: ret /Target1/rpram/action ddal_rpram_set DDAL_RPRAM_RESET_LOOP_COUNTER 215477852 ==&gt; done OK retv 0
CLI_OUTPUT: /Target1/memdump/action memdump32 0xC0000050
CLI_OUTPUT: ret /Target1/memdump/action memdump32 0xC0000050 ==&gt; done OK retv 0 value 0x0cd7ee5c
SCR_OUTPUT: called ddal_rpram_set and verified with memdump:: 215477852 == 215477852 ==&gt; OK
CLI_OUTPUT: /Target1/rpram/action ddal_rpram_set DDAL_RPRAM_ISTI 878846526
CLI_OUTPUT: ret /Target1/rpram/action ddal_rpram_set DDAL_RPRAM_ISTI 878846526 ==&gt; done OK retv 0
CLI_OUTPUT: /Target1/memdump/action memdump32 0xC000001C
CLI_OUTPUT: ret /Target1/memdump/action memdump32 0xC000001C ==&gt; done OK retv 0 value 0x3462223e
SCR_OUTPUT: called ddal_rpram_set and verified with memdump:: 878846526 == 878846526 ==&gt; OK
CLI_OUTPUT: /Target1/rpram/action ddal_rpram_set DDAL_RPRAM_POR_MAGIC_LOW 381088835
CLI_OUTPUT: ret /Target1/rpram/action ddal_rpram_set DDAL_RPRAM_POR_MAGIC_LOW 381088835 ==&gt; done OK retv 0
CLI_OUTPUT: /Target1/memdump/action memdump32 0xC0000010
CLI_OUTPUT: ret /Target1/memdump/action memdump32 0xC0000010 ==&gt; done OK retv 0 value 0x16b6f443
SCR_OUTPUT: called ddal_rpram_set and verified with memdump:: 381088835 == 381088835 ==&gt; OK
CLI_OUTPUT: /Target1/rpram/action ddal_rpram_set DDAL_RPRAM_POR_MAGIC_HIGH 1163848101
CLI_OUTPUT: ret /Target1/rpram/action ddal_rpram_set DDAL_RPRAM_POR_MAGIC_HIGH 1163848101 ==&gt; done OK retv 0
CLI_OUTPUT: /Target1/memdump/action memdump32 0xC0000014
CLI_OUTPUT: ret /Target1/memdump/action memdump32 0xC0000014 ==&gt; done OK retv 0 value 0x455ee9a5
SCR_OUTPUT: called ddal_rpram_set and verified with memdump:: 1163848101 == 1163848101 ==&gt; OK
SCR_OUTPUT: ##### Test Case End: TC_03100_001 PASSED (0)
</stdout>
          <failedSince>0</failedSince>
        </case>
        <case>
          <duration>1.0</duration>
          <className>HW_03100_basic_rpram_tests</className>
          <testName>TC_03100_002 ddal_rpram_set range check</testName>
          <skipped>false</skipped>
          <stdout>
SCR_OUTPUT: ##### Test Case Start: TC_03100_002  ddal_rpram_set range check
CLI_OUTPUT: /Target1/memdump/action memdump32 0xC0000000 0x417297ad
CLI_OUTPUT: ret /Target1/memdump/action memdump32 0xC0000000 0x417297ad ==&gt; done OK retv 0 value 0x417297ad
CLI_OUTPUT: /Target1/rpram/action ddal_rpram_get DDAL_RPRAM_USER1
CLI_OUTPUT: ret /Target1/rpram/action ddal_rpram_get DDAL_RPRAM_USER1 ==&gt; done OK retv 0 value 1098028973
SCR_OUTPUT: verified ddal_rpram_get using memdump to write value:: 1098028973 == 1098028973 ==&gt; OK
CLI_OUTPUT: /Target1/memdump/action memdump32 0xC0000004 0x4a450703
CLI_OUTPUT: ret /Target1/memdump/action memdump32 0xC0000004 0x4a450703 ==&gt; done OK retv 0 value 0x4a450703
CLI_OUTPUT: /Target1/rpram/action ddal_rpram_get DDAL_RPRAM_USER2
CLI_OUTPUT: ret /Target1/rpram/action ddal_rpram_get DDAL_RPRAM_USER2 ==&gt; done OK retv 0 value 1246037763
SCR_OUTPUT: verified ddal_rpram_get using memdump to write value:: 1246037763 == 1246037763 ==&gt; OK
CLI_OUTPUT: /Target1/memdump/action memdump32 0xC0000008 0x79d0c448
CLI_OUTPUT: ret /Target1/memdump/action memdump32 0xC0000008 0x79d0c448 ==&gt; done OK retv 0 value 0x79d0c448
CLI_OUTPUT: /Target1/rpram/action ddal_rpram_get DDAL_RPRAM_USER3
CLI_OUTPUT: ret /Target1/rpram/action ddal_rpram_get DDAL_RPRAM_USER3 ==&gt; done OK retv 0 value 2043724872
SCR_OUTPUT: verified ddal_rpram_get using memdump to write value:: 2043724872 == 2043724872 ==&gt; OK
CLI_OUTPUT: /Target1/memdump/action memdump32 0xC000000C 0x79085cfc
CLI_OUTPUT: ret /Target1/memdump/action memdump32 0xC000000C 0x79085cfc ==&gt; done OK retv 0 value 0x79085cfc
CLI_OUTPUT: /Target1/rpram/action ddal_rpram_get DDAL_RPRAM_USER4
CLI_OUTPUT: ret /Target1/rpram/action ddal_rpram_get DDAL_RPRAM_USER4 ==&gt; done OK retv 0 value 2030591228
SCR_OUTPUT: verified ddal_rpram_get using memdump to write value:: 2030591228 == 2030591228 ==&gt; OK
CLI_OUTPUT: /Target1/memdump/action memdump32 0xC0000024 0x1412ae07
CLI_OUTPUT: ret /Target1/memdump/action memdump32 0xC0000024 0x1412ae07 ==&gt; done OK retv 0 value 0x1412ae07
CLI_OUTPUT: /Target1/rpram/action ddal_rpram_get DDAL_RPRAM_USER5
CLI_OUTPUT: ret /Target1/rpram/action ddal_rpram_get DDAL_RPRAM_USER5 ==&gt; done OK retv 0 value 336768519
SCR_OUTPUT: verified ddal_rpram_get using memdump to write value:: 336768519 == 336768519 ==&gt; OK
CLI_OUTPUT: /Target1/memdump/action memdump32 0xC0000028 0x565fdb25
CLI_OUTPUT: ret /Target1/memdump/action memdump32 0xC0000028 0x565fdb25 ==&gt; done OK retv 0 value 0x565fdb25
CLI_OUTPUT: /Target1/rpram/action ddal_rpram_get DDAL_RPRAM_USER6
CLI_OUTPUT: ret /Target1/rpram/action ddal_rpram_get DDAL_RPRAM_USER6 ==&gt; done OK retv 0 value 1449122597
SCR_OUTPUT: verified ddal_rpram_get using memdump to write value:: 1449122597 == 1449122597 ==&gt; OK
CLI_OUTPUT: /Target1/memdump/action memdump32 0xC000002C 0x2f2dceb0
CLI_OUTPUT: ret /Target1/memdump/action memdump32 0xC000002C 0x2f2dceb0 ==&gt; done OK retv 0 value 0x2f2dceb0
CLI_OUTPUT: /Target1/rpram/action ddal_rpram_get DDAL_RPRAM_USER7
CLI_OUTPUT: ret /Target1/rpram/action ddal_rpram_get DDAL_RPRAM_USER7 ==&gt; done OK retv 0 value 791531184
SCR_OUTPUT: verified ddal_rpram_get using memdump to write value:: 791531184 == 791531184 ==&gt; OK
CLI_OUTPUT: /Target1/memdump/action memdump32 0xC0000030 0x685d61f1
CLI_OUTPUT: ret /Target1/memdump/action memdump32 0xC0000030 0x685d61f1 ==&gt; done OK retv 0 value 0x685d61f1
CLI_OUTPUT: /Target1/rpram/action ddal_rpram_get DDAL_RPRAM_USER8
CLI_OUTPUT: ret /Target1/rpram/action ddal_rpram_get DDAL_RPRAM_USER8 ==&gt; done OK retv 0 value 1750950385
SCR_OUTPUT: verified ddal_rpram_get using memdump to write value:: 1750950385 == 1750950385 ==&gt; OK
CLI_OUTPUT: /Target1/memdump/action memdump32 0xC0000034 0x4acad4a3
CLI_OUTPUT: ret /Target1/memdump/action memdump32 0xC0000034 0x4acad4a3 ==&gt; done OK retv 0 value 0x4acad4a3
CLI_OUTPUT: /Target1/rpram/action ddal_rpram_get DDAL_RPRAM_USER9
CLI_OUTPUT: ret /Target1/rpram/action ddal_rpram_get DDAL_RPRAM_USER9 ==&gt; done OK retv 0 value 1254806691
SCR_OUTPUT: verified ddal_rpram_get using memdump to write value:: 1254806691 == 1254806691 ==&gt; OK
CLI_OUTPUT: /Target1/memdump/action memdump32 0xC0000038 0x4a4f87ef
CLI_OUTPUT: ret /Target1/memdump/action memdump32 0xC0000038 0x4a4f87ef ==&gt; done OK retv 0 value 0x4a4f87ef
CLI_OUTPUT: /Target1/rpram/action ddal_rpram_get DDAL_RPRAM_USER10
CLI_OUTPUT: ret /Target1/rpram/action ddal_rpram_get DDAL_RPRAM_USER10 ==&gt; done OK retv 0 value 1246726127
SCR_OUTPUT: verified ddal_rpram_get using memdump to write value:: 1246726127 == 1246726127 ==&gt; OK
CLI_OUTPUT: /Target1/memdump/action memdump32 0xC000003C 0x2b66ca46
CLI_OUTPUT: ret /Target1/memdump/action memdump32 0xC000003C 0x2b66ca46 ==&gt; done OK retv 0 value 0x2b66ca46
CLI_OUTPUT: /Target1/rpram/action ddal_rpram_get DDAL_RPRAM_USER11
CLI_OUTPUT: ret /Target1/rpram/action ddal_rpram_get DDAL_RPRAM_USER11 ==&gt; done OK retv 0 value 728156742
SCR_OUTPUT: verified ddal_rpram_get using memdump to write value:: 728156742 == 728156742 ==&gt; OK
CLI_OUTPUT: /Target1/memdump/action memdump32 0xC0000040 0x696a94db
CLI_OUTPUT: ret /Target1/memdump/action memdump32 0xC0000040 0x696a94db ==&gt; done OK retv 0 value 0x696a94db
CLI_OUTPUT: /Target1/rpram/action ddal_rpram_get DDAL_RPRAM_USER12
CLI_OUTPUT: ret /Target1/rpram/action ddal_rpram_get DDAL_RPRAM_USER12 ==&gt; done OK retv 0 value 1768592603
SCR_OUTPUT: verified ddal_rpram_get using memdump to write value:: 1768592603 == 1768592603 ==&gt; OK
CLI_OUTPUT: /Target1/memdump/action memdump32 0xC0000044 0x545475d3
CLI_OUTPUT: ret /Target1/memdump/action memdump32 0xC0000044 0x545475d3 ==&gt; done OK retv 0 value 0x545475d3
CLI_OUTPUT: /Target1/rpram/action ddal_rpram_get DDAL_RPRAM_USER13
CLI_OUTPUT: ret /Target1/rpram/action ddal_rpram_get DDAL_RPRAM_USER13 ==&gt; done OK retv 0 value 1414821331
SCR_OUTPUT: verified ddal_rpram_get using memdump to write value:: 1414821331 == 1414821331 ==&gt; OK
CLI_OUTPUT: /Target1/memdump/action memdump32 0xC0000048 0x7504e321
CLI_OUTPUT: ret /Target1/memdump/action memdump32 0xC0000048 0x7504e321 ==&gt; done OK retv 0 value 0x7504e321
CLI_OUTPUT: /Target1/rpram/action ddal_rpram_get DDAL_RPRAM_USER14
CLI_OUTPUT: ret /Target1/rpram/action ddal_rpram_get DDAL_RPRAM_USER14 ==&gt; done OK retv 0 value 1963254561
SCR_OUTPUT: verified ddal_rpram_get using memdump to write value:: 1963254561 == 1963254561 ==&gt; OK
CLI_OUTPUT: /Target1/memdump/action memdump32 0xC000004C 0x13dd931b
CLI_OUTPUT: ret /Target1/memdump/action memdump32 0xC000004C 0x13dd931b ==&gt; done OK retv 0 value 0x13dd931b
CLI_OUTPUT: /Target1/rpram/action ddal_rpram_get DDAL_RPRAM_USER15
CLI_OUTPUT: ret /Target1/rpram/action ddal_rpram_get DDAL_RPRAM_USER15 ==&gt; done OK retv 0 value 333288219
SCR_OUTPUT: verified ddal_rpram_get using memdump to write value:: 333288219 == 333288219 ==&gt; OK
CLI_OUTPUT: /Target1/memdump/action memdump32 0xC0000020 0x37e55f17
CLI_OUTPUT: ret /Target1/memdump/action memdump32 0xC0000020 0x37e55f17 ==&gt; done OK retv 0 value 0x37e55f17
CLI_OUTPUT: /Target1/rpram/action ddal_rpram_get DDAL_RPRAM_HW_INIT_STORAGE
CLI_OUTPUT: ret /Target1/rpram/action ddal_rpram_get DDAL_RPRAM_HW_INIT_STORAGE ==&gt; done OK retv 0 value 937778967
SCR_OUTPUT: verified ddal_rpram_get using memdump to write value:: 937778967 == 937778967 ==&gt; OK
CLI_OUTPUT: /Target1/memdump/action memdump32 0xC0000018 0x33c70245
CLI_OUTPUT: ret /Target1/memdump/action memdump32 0xC0000018 0x33c70245 ==&gt; done OK retv 0 value 0x33c70245
CLI_OUTPUT: /Target1/rpram/action ddal_rpram_get DDAL_RPRAM_RESET_TYPE
CLI_OUTPUT: ret /Target1/rpram/action ddal_rpram_get DDAL_RPRAM_RESET_TYPE ==&gt; done OK retv 0 value 868680261
SCR_OUTPUT: verified ddal_rpram_get using memdump to write value:: 868680261 == 868680261 ==&gt; OK
CLI_OUTPUT: /Target1/memdump/action memdump32 0xC0000050 0x4e66df81
CLI_OUTPUT: ret /Target1/memdump/action memdump32 0xC0000050 0x4e66df81 ==&gt; done OK retv 0 value 0x4e66df81
CLI_OUTPUT: /Target1/rpram/action ddal_rpram_get DDAL_RPRAM_RESET_LOOP_COUNTER
CLI_OUTPUT: ret /Target1/rpram/action ddal_rpram_get DDAL_RPRAM_RESET_LOOP_COUNTER ==&gt; done OK retv 0 value 1315364737
SCR_OUTPUT: verified ddal_rpram_get using memdump to write value:: 1315364737 == 1315364737 ==&gt; OK
CLI_OUTPUT: /Target1/memdump/action memdump32 0xC000001C 0x43dcfe9c
CLI_OUTPUT: ret /Target1/memdump/action memdump32 0xC000001C 0x43dcfe9c ==&gt; done OK retv 0 value 0x43dcfe9c
CLI_OUTPUT: /Target1/rpram/action ddal_rpram_get DDAL_RPRAM_ISTI
CLI_OUTPUT: ret /Target1/rpram/action ddal_rpram_get DDAL_RPRAM_ISTI ==&gt; done OK retv 0 value 1138556572
SCR_OUTPUT: verified ddal_rpram_get using memdump to write value:: 1138556572 == 1138556572 ==&gt; OK
CLI_OUTPUT: /Target1/memdump/action memdump32 0xC0000010 0x61d0dd28
CLI_OUTPUT: ret /Target1/memdump/action memdump32 0xC0000010 0x61d0dd28 ==&gt; done OK retv 0 value 0x61d0dd28
CLI_OUTPUT: /Target1/rpram/action ddal_rpram_get DDAL_RPRAM_POR_MAGIC_LOW
CLI_OUTPUT: ret /Target1/rpram/action ddal_rpram_get DDAL_RPRAM_POR_MAGIC_LOW ==&gt; done OK retv 0 value 1641078056
SCR_OUTPUT: verified ddal_rpram_get using memdump to write value:: 1641078056 == 1641078056 ==&gt; OK
CLI_OUTPUT: /Target1/memdump/action memdump32 0xC0000014 0x57692928
CLI_OUTPUT: ret /Target1/memdump/action memdump32 0xC0000014 0x57692928 ==&gt; done OK retv 0 value 0x57692928
CLI_OUTPUT: /Target1/rpram/action ddal_rpram_get DDAL_RPRAM_POR_MAGIC_HIGH
CLI_OUTPUT: ret /Target1/rpram/action ddal_rpram_get DDAL_RPRAM_POR_MAGIC_HIGH ==&gt; done OK retv 0 value 1466509608
SCR_OUTPUT: verified ddal_rpram_get using memdump to write value:: 1466509608 == 1466509608 ==&gt; OK
SCR_OUTPUT: ##### Test Case End: TC_03100_002 PASSED (0)
</stdout>
          <failedSince>0</failedSince>
        </case>
        <case>
          <duration>1.0</duration>
          <className>HW_03100_basic_rpram_tests</className>
          <testName>TC_03100_002 ddal_rpram_set range check_1</testName>
          <skipped>false</skipped>
          <stdout>
SCR_OUTPUT: ##### Test Case Start: TC_03100_002  ddal_rpram_set range check
CLI_OUTPUT: /Target1/memdump/action memdump32 0xC0000000 0x4a7f3ae8
CLI_OUTPUT: ret /Target1/memdump/action memdump32 0xC0000000 0x4a7f3ae8 ==&gt; done OK retv 0 value 0x4a7f3ae8
CLI_OUTPUT: /Target1/rpram/action ddal_rpram_get DDAL_RPRAM_USER1
CLI_OUTPUT: ret /Target1/rpram/action ddal_rpram_get DDAL_RPRAM_USER1 ==&gt; done OK retv 0 value 1249852136
SCR_OUTPUT: verified ddal_rpram_get using memdump to write value:: 1249852136 == 1249852136 ==&gt; OK
CLI_OUTPUT: /Target1/memdump/action memdump32 0xC0000004 0x66f5c3ca
CLI_OUTPUT: ret /Target1/memdump/action memdump32 0xC0000004 0x66f5c3ca ==&gt; done OK retv 0 value 0x66f5c3ca
CLI_OUTPUT: /Target1/rpram/action ddal_rpram_get DDAL_RPRAM_USER2
CLI_OUTPUT: ret /Target1/rpram/action ddal_rpram_get DDAL_RPRAM_USER2 ==&gt; done OK retv 0 value 1727382474
SCR_OUTPUT: verified ddal_rpram_get using memdump to write value:: 1727382474 == 1727382474 ==&gt; OK
CLI_OUTPUT: /Target1/memdump/action memdump32 0xC0000008 0x110ac17e
CLI_OUTPUT: ret /Target1/memdump/action memdump32 0xC0000008 0x110ac17e ==&gt; done OK retv 0 value 0x110ac17e
CLI_OUTPUT: /Target1/rpram/action ddal_rpram_get DDAL_RPRAM_USER3
CLI_OUTPUT: ret /Target1/rpram/action ddal_rpram_get DDAL_RPRAM_USER3 ==&gt; done OK retv 0 value 285917566
SCR_OUTPUT: verified ddal_rpram_get using memdump to write value:: 285917566 == 285917566 ==&gt; OK
CLI_OUTPUT: /Target1/memdump/action memdump32 0xC000000C 0x59258191
CLI_OUTPUT: ret /Target1/memdump/action memdump32 0xC000000C 0x59258191 ==&gt; done OK retv 0 value 0x59258191
CLI_OUTPUT: /Target1/rpram/action ddal_rpram_get DDAL_RPRAM_USER4
CLI_OUTPUT: ret /Target1/rpram/action ddal_rpram_get DDAL_RPRAM_USER4 ==&gt; done OK retv 0 value 1495630225
SCR_OUTPUT: verified ddal_rpram_get using memdump to write value:: 1495630225 == 1495630225 ==&gt; OK
CLI_OUTPUT: /Target1/memdump/action memdump32 0xC0000024 0x2d5ecc90
CLI_OUTPUT: ret /Target1/memdump/action memdump32 0xC0000024 0x2d5ecc90 ==&gt; done OK retv 0 value 0x2d5ecc90
CLI_OUTPUT: /Target1/rpram/action ddal_rpram_get DDAL_RPRAM_USER5
CLI_OUTPUT: ret /Target1/rpram/action ddal_rpram_get DDAL_RPRAM_USER5 ==&gt; done OK retv 0 value 761187472
SCR_OUTPUT: verified ddal_rpram_get using memdump to write value:: 761187472 == 761187472 ==&gt; OK
CLI_OUTPUT: /Target1/memdump/action memdump32 0xC0000028 0x2ac8de27
CLI_OUTPUT: ret /Target1/memdump/action memdump32 0xC0000028 0x2ac8de27 ==&gt; done OK retv 0 value 0x2ac8de27
CLI_OUTPUT: /Target1/rpram/action ddal_rpram_get DDAL_RPRAM_USER6
CLI_OUTPUT: ret /Target1/rpram/action ddal_rpram_get DDAL_RPRAM_USER6 ==&gt; done OK retv 0 value 717807143
SCR_OUTPUT: verified ddal_rpram_get using memdump to write value:: 717807143 == 717807143 ==&gt; OK
CLI_OUTPUT: /Target1/memdump/action memdump32 0xC000002C 0x6971ad51
CLI_OUTPUT: ret /Target1/memdump/action memdump32 0xC000002C 0x6971ad51 ==&gt; done OK retv 0 value 0x6971ad51
CLI_OUTPUT: /Target1/rpram/action ddal_rpram_get DDAL_RPRAM_USER7
CLI_OUTPUT: ret /Target1/rpram/action ddal_rpram_get DDAL_RPRAM_USER7 ==&gt; done OK retv 0 value 1769057617
SCR_OUTPUT: verified ddal_rpram_get using memdump to write value:: 1769057617 == 1769057617 ==&gt; OK
CLI_OUTPUT: /Target1/memdump/action memdump32 0xC0000030 0x262b60d3
CLI_OUTPUT: ret /Target1/memdump/action memdump32 0xC0000030 0x262b60d3 ==&gt; done OK retv 0 value 0x262b60d3
CLI_OUTPUT: /Target1/rpram/action ddal_rpram_get DDAL_RPRAM_USER8
CLI_OUTPUT: ret /Target1/rpram/action ddal_rpram_get DDAL_RPRAM_USER8 ==&gt; done OK retv 0 value 640377043
SCR_OUTPUT: verified ddal_rpram_get using memdump to write value:: 640377043 == 640377043 ==&gt; OK
CLI_OUTPUT: /Target1/memdump/action memdump32 0xC0000034 0x69e29527
CLI_OUTPUT: ret /Target1/memdump/action memdump32 0xC0000034 0x69e29527 ==&gt; done OK retv 0 value 0x69e29527
CLI_OUTPUT: /Target1/rpram/action ddal_rpram_get DDAL_RPRAM_USER9
CLI_OUTPUT: ret /Target1/rpram/action ddal_rpram_get DDAL_RPRAM_USER9 ==&gt; done OK retv 0 value 1776456999
SCR_OUTPUT: verified ddal_rpram_get using memdump to write value:: 1776456999 == 1776456999 ==&gt; OK
CLI_OUTPUT: /Target1/memdump/action memdump32 0xC0000038 0x1aaff3a8
CLI_OUTPUT: ret /Target1/memdump/action memdump32 0xC0000038 0x1aaff3a8 ==&gt; done OK retv 0 value 0x1aaff3a8
CLI_OUTPUT: /Target1/rpram/action ddal_rpram_get DDAL_RPRAM_USER10
CLI_OUTPUT: ret /Target1/rpram/action ddal_rpram_get DDAL_RPRAM_USER10 ==&gt; done OK retv 0 value 447738792
SCR_OUTPUT: verified ddal_rpram_get using memdump to write value:: 447738792 == 447738792 ==&gt; OK
CLI_OUTPUT: /Target1/memdump/action memdump32 0xC000003C 0x15a62b94
CLI_OUTPUT: ret /Target1/memdump/action memdump32 0xC000003C 0x15a62b94 ==&gt; done OK retv 0 value 0x15a62b94
CLI_OUTPUT: /Target1/rpram/action ddal_rpram_get DDAL_RPRAM_USER11
CLI_OUTPUT: ret /Target1/rpram/action ddal_rpram_get DDAL_RPRAM_USER11 ==&gt; done OK retv 0 value 363211668
SCR_OUTPUT: verified ddal_rpram_get using memdump to write value:: 363211668 == 363211668 ==&gt; OK
CLI_OUTPUT: /Target1/memdump/action memdump32 0xC0000040 0x50778fef
CLI_OUTPUT: ret /Target1/memdump/action memdump32 0xC0000040 0x50778fef ==&gt; done OK retv 0 value 0x50778fef
CLI_OUTPUT: /Target1/rpram/action ddal_rpram_get DDAL_RPRAM_USER12
CLI_OUTPUT: ret /Target1/rpram/action ddal_rpram_get DDAL_RPRAM_USER12 ==&gt; done OK retv 0 value 1350012911
SCR_OUTPUT: verified ddal_rpram_get using memdump to write value:: 1350012911 == 1350012911 ==&gt; OK
CLI_OUTPUT: /Target1/memdump/action memdump32 0xC0000044 0x598c056c
CLI_OUTPUT: ret /Target1/memdump/action memdump32 0xC0000044 0x598c056c ==&gt; done OK retv 0 value 0x598c056c
CLI_OUTPUT: /Target1/rpram/action ddal_rpram_get DDAL_RPRAM_USER13
CLI_OUTPUT: ret /Target1/rpram/action ddal_rpram_get DDAL_RPRAM_USER13 ==&gt; done OK retv 0 value 1502348652
SCR_OUTPUT: verified ddal_rpram_get using memdump to write value:: 1502348652 == 1502348652 ==&gt; OK
CLI_OUTPUT: /Target1/memdump/action memdump32 0xC0000048 0x77b96b9d
CLI_OUTPUT: ret /Target1/memdump/action memdump32 0xC0000048 0x77b96b9d ==&gt; done OK retv 0 value 0x77b96b9d
CLI_OUTPUT: /Target1/rpram/action ddal_rpram_get DDAL_RPRAM_USER14
CLI_OUTPUT: ret /Target1/rpram/action ddal_rpram_get DDAL_RPRAM_USER14 ==&gt; done OK retv 0 value 2008640413
SCR_OUTPUT: verified ddal_rpram_get using memdump to write value:: 2008640413 == 2008640413 ==&gt; OK
CLI_OUTPUT: /Target1/memdump/action memdump32 0xC000004C 0x2e4a1961
CLI_OUTPUT: ret /Target1/memdump/action memdump32 0xC000004C 0x2e4a1961 ==&gt; done OK retv 0 value 0x2e4a1961
CLI_OUTPUT: /Target1/rpram/action ddal_rpram_get DDAL_RPRAM_USER15
CLI_OUTPUT: ret /Target1/rpram/action ddal_rpram_get DDAL_RPRAM_USER15 ==&gt; done OK retv 0 value 776608097
SCR_OUTPUT: verified ddal_rpram_get using memdump to write value:: 776608097 == 776608097 ==&gt; OK
CLI_OUTPUT: /Target1/memdump/action memdump32 0xC0000020 0x2c90bf9
CLI_OUTPUT: ret /Target1/memdump/action memdump32 0xC0000020 0x2c90bf9 ==&gt; done OK retv 0 value 0x02c90bf9
CLI_OUTPUT: /Target1/rpram/action ddal_rpram_get DDAL_RPRAM_HW_INIT_STORAGE
CLI_OUTPUT: ret /Target1/rpram/action ddal_rpram_get DDAL_RPRAM_HW_INIT_STORAGE ==&gt; done OK retv 0 value 46730233
SCR_OUTPUT: verified ddal_rpram_get using memdump to write value:: 46730233 == 46730233 ==&gt; OK
CLI_OUTPUT: /Target1/memdump/action memdump32 0xC0000018 0x5d314b7d
CLI_OUTPUT: ret /Target1/memdump/action memdump32 0xC0000018 0x5d314b7d ==&gt; done OK retv 0 value 0x5d314b7d
CLI_OUTPUT: /Target1/rpram/action ddal_rpram_get DDAL_RPRAM_RESET_TYPE
CLI_OUTPUT: ret /Target1/rpram/action ddal_rpram_get DDAL_RPRAM_RESET_TYPE ==&gt; done OK retv 0 value 1563511677
SCR_OUTPUT: verified ddal_rpram_get using memdump to write value:: 1563511677 == 1563511677 ==&gt; OK
CLI_OUTPUT: /Target1/memdump/action memdump32 0xC0000050 0x4f54b53c
CLI_OUTPUT: ret /Target1/memdump/action memdump32 0xC0000050 0x4f54b53c ==&gt; done OK retv 0 value 0x4f54b53c
CLI_OUTPUT: /Target1/rpram/action ddal_rpram_get DDAL_RPRAM_RESET_LOOP_COUNTER
CLI_OUTPUT: ret /Target1/rpram/action ddal_rpram_get DDAL_RPRAM_RESET_LOOP_COUNTER ==&gt; done OK retv 0 value 1330951484
SCR_OUTPUT: verified ddal_rpram_get using memdump to write value:: 1330951484 == 1330951484 ==&gt; OK
CLI_OUTPUT: /Target1/memdump/action memdump32 0xC000001C 0x4247e713
CLI_OUTPUT: ret /Target1/memdump/action memdump32 0xC000001C 0x4247e713 ==&gt; done OK retv 0 value 0x4247e713
CLI_OUTPUT: /Target1/rpram/action ddal_rpram_get DDAL_RPRAM_ISTI
CLI_OUTPUT: ret /Target1/rpram/action ddal_rpram_get DDAL_RPRAM_ISTI ==&gt; done OK retv 0 value 1112008467
SCR_OUTPUT: verified ddal_rpram_get using memdump to write value:: 1112008467 == 1112008467 ==&gt; OK
CLI_OUTPUT: /Target1/memdump/action memdump32 0xC0000010 0x7e94b8f8
CLI_OUTPUT: ret /Target1/memdump/action memdump32 0xC0000010 0x7e94b8f8 ==&gt; done OK retv 0 value 0x7e94b8f8
CLI_OUTPUT: /Target1/rpram/action ddal_rpram_get DDAL_RPRAM_POR_MAGIC_LOW
CLI_OUTPUT: ret /Target1/rpram/action ddal_rpram_get DDAL_RPRAM_POR_MAGIC_LOW ==&gt; done OK retv 0 value 2123675896
SCR_OUTPUT: verified ddal_rpram_get using memdump to write value:: 2123675896 == 2123675896 ==&gt; OK
CLI_OUTPUT: /Target1/memdump/action memdump32 0xC0000014 0x55fdae40
CLI_OUTPUT: ret /Target1/memdump/action memdump32 0xC0000014 0x55fdae40 ==&gt; done OK retv 0 value 0x55fdae40
CLI_OUTPUT: /Target1/rpram/action ddal_rpram_get DDAL_RPRAM_POR_MAGIC_HIGH
CLI_OUTPUT: ret /Target1/rpram/action ddal_rpram_get DDAL_RPRAM_POR_MAGIC_HIGH ==&gt; done OK retv 0 value 1442688576
SCR_OUTPUT: verified ddal_rpram_get using memdump to write value:: 1442688576 == 1442688576 ==&gt; OK
SCR_OUTPUT: ##### Test Case End: TC_03100_002 PASSED (0)
</stdout>
          <failedSince>0</failedSince>
        </case>
        <case>
          <duration>1.0</duration>
          <className>HW_03100_basic_rpram_tests</className>
          <testName>TC_03100_002 ddal_rpram_set range check_2</testName>
          <skipped>false</skipped>
          <stdout>
SCR_OUTPUT: ##### Test Case Start: TC_03100_002  ddal_rpram_set range check
CLI_OUTPUT: /Target1/memdump/action memdump32 0xC0000000 0x10089b55
CLI_OUTPUT: ret /Target1/memdump/action memdump32 0xC0000000 0x10089b55 ==&gt; done OK retv 0 value 0x10089b55
CLI_OUTPUT: /Target1/rpram/action ddal_rpram_get DDAL_RPRAM_USER1
CLI_OUTPUT: ret /Target1/rpram/action ddal_rpram_get DDAL_RPRAM_USER1 ==&gt; done OK retv 0 value 268999509
SCR_OUTPUT: verified ddal_rpram_get using memdump to write value:: 268999509 == 268999509 ==&gt; OK
CLI_OUTPUT: /Target1/memdump/action memdump32 0xC0000004 0x250e3350
CLI_OUTPUT: ret /Target1/memdump/action memdump32 0xC0000004 0x250e3350 ==&gt; done OK retv 0 value 0x250e3350
CLI_OUTPUT: /Target1/rpram/action ddal_rpram_get DDAL_RPRAM_USER2
CLI_OUTPUT: ret /Target1/rpram/action ddal_rpram_get DDAL_RPRAM_USER2 ==&gt; done OK retv 0 value 621687632
SCR_OUTPUT: verified ddal_rpram_get using memdump to write value:: 621687632 == 621687632 ==&gt; OK
CLI_OUTPUT: /Target1/memdump/action memdump32 0xC0000008 0x474ba122
CLI_OUTPUT: ret /Target1/memdump/action memdump32 0xC0000008 0x474ba122 ==&gt; done OK retv 0 value 0x474ba122
CLI_OUTPUT: /Target1/rpram/action ddal_rpram_get DDAL_RPRAM_USER3
CLI_OUTPUT: ret /Target1/rpram/action ddal_rpram_get DDAL_RPRAM_USER3 ==&gt; done OK retv 0 value 1196138786
SCR_OUTPUT: verified ddal_rpram_get using memdump to write value:: 1196138786 == 1196138786 ==&gt; OK
CLI_OUTPUT: /Target1/memdump/action memdump32 0xC000000C 0x3640ea58
CLI_OUTPUT: ret /Target1/memdump/action memdump32 0xC000000C 0x3640ea58 ==&gt; done OK retv 0 value 0x3640ea58
CLI_OUTPUT: /Target1/rpram/action ddal_rpram_get DDAL_RPRAM_USER4
CLI_OUTPUT: ret /Target1/rpram/action ddal_rpram_get DDAL_RPRAM_USER4 ==&gt; done OK retv 0 value 910223960
SCR_OUTPUT: verified ddal_rpram_get using memdump to write value:: 910223960 == 910223960 ==&gt; OK
CLI_OUTPUT: /Target1/memdump/action memdump32 0xC0000024 0x5fda182a
CLI_OUTPUT: ret /Target1/memdump/action memdump32 0xC0000024 0x5fda182a ==&gt; done OK retv 0 value 0x5fda182a
CLI_OUTPUT: /Target1/rpram/action ddal_rpram_get DDAL_RPRAM_USER5
CLI_OUTPUT: ret /Target1/rpram/action ddal_rpram_get DDAL_RPRAM_USER5 ==&gt; done OK retv 0 value 1608128554
SCR_OUTPUT: verified ddal_rpram_get using memdump to write value:: 1608128554 == 1608128554 ==&gt; OK
CLI_OUTPUT: /Target1/memdump/action memdump32 0xC0000028 0x676a2873
CLI_OUTPUT: ret /Target1/memdump/action memdump32 0xC0000028 0x676a2873 ==&gt; done OK retv 0 value 0x676a2873
CLI_OUTPUT: /Target1/rpram/action ddal_rpram_get DDAL_RPRAM_USER6
CLI_OUTPUT: ret /Target1/rpram/action ddal_rpram_get DDAL_RPRAM_USER6 ==&gt; done OK retv 0 value 1735010419
SCR_OUTPUT: verified ddal_rpram_get using memdump to write value:: 1735010419 == 1735010419 ==&gt; OK
CLI_OUTPUT: /Target1/memdump/action memdump32 0xC000002C 0x6a8754f3
CLI_OUTPUT: ret /Target1/memdump/action memdump32 0xC000002C 0x6a8754f3 ==&gt; done OK retv 0 value 0x6a8754f3
CLI_OUTPUT: /Target1/rpram/action ddal_rpram_get DDAL_RPRAM_USER7
CLI_OUTPUT: ret /Target1/rpram/action ddal_rpram_get DDAL_RPRAM_USER7 ==&gt; done OK retv 0 value 1787254003
SCR_OUTPUT: verified ddal_rpram_get using memdump to write value:: 1787254003 == 1787254003 ==&gt; OK
CLI_OUTPUT: /Target1/memdump/action memdump32 0xC0000030 0x5adbde0d
CLI_OUTPUT: ret /Target1/memdump/action memdump32 0xC0000030 0x5adbde0d ==&gt; done OK retv 0 value 0x5adbde0d
CLI_OUTPUT: /Target1/rpram/action ddal_rpram_get DDAL_RPRAM_USER8
CLI_OUTPUT: ret /Target1/rpram/action ddal_rpram_get DDAL_RPRAM_USER8 ==&gt; done OK retv 0 value 1524358669
SCR_OUTPUT: verified ddal_rpram_get using memdump to write value:: 1524358669 == 1524358669 ==&gt; OK
CLI_OUTPUT: /Target1/memdump/action memdump32 0xC0000034 0x18d09e56
CLI_OUTPUT: ret /Target1/memdump/action memdump32 0xC0000034 0x18d09e56 ==&gt; done OK retv 0 value 0x18d09e56
CLI_OUTPUT: /Target1/rpram/action ddal_rpram_get DDAL_RPRAM_USER9
CLI_OUTPUT: ret /Target1/rpram/action ddal_rpram_get DDAL_RPRAM_USER9 ==&gt; done OK retv 0 value 416325206
SCR_OUTPUT: verified ddal_rpram_get using memdump to write value:: 416325206 == 416325206 ==&gt; OK
CLI_OUTPUT: /Target1/memdump/action memdump32 0xC0000038 0x284bb01f
CLI_OUTPUT: ret /Target1/memdump/action memdump32 0xC0000038 0x284bb01f ==&gt; done OK retv 0 value 0x284bb01f
CLI_OUTPUT: /Target1/rpram/action ddal_rpram_get DDAL_RPRAM_USER10
CLI_OUTPUT: ret /Target1/rpram/action ddal_rpram_get DDAL_RPRAM_USER10 ==&gt; done OK retv 0 value 676048927
SCR_OUTPUT: verified ddal_rpram_get using memdump to write value:: 676048927 == 676048927 ==&gt; OK
CLI_OUTPUT: /Target1/memdump/action memdump32 0xC000003C 0x1189cd8
CLI_OUTPUT: ret /Target1/memdump/action memdump32 0xC000003C 0x1189cd8 ==&gt; done OK retv 0 value 0x01189cd8
CLI_OUTPUT: /Target1/rpram/action ddal_rpram_get DDAL_RPRAM_USER11
CLI_OUTPUT: ret /Target1/rpram/action ddal_rpram_get DDAL_RPRAM_USER11 ==&gt; done OK retv 0 value 18390232
SCR_OUTPUT: verified ddal_rpram_get using memdump to write value:: 18390232 == 18390232 ==&gt; OK
CLI_OUTPUT: /Target1/memdump/action memdump32 0xC0000040 0x76e16b17
CLI_OUTPUT: ret /Target1/memdump/action memdump32 0xC0000040 0x76e16b17 ==&gt; done OK retv 0 value 0x76e16b17
CLI_OUTPUT: /Target1/rpram/action ddal_rpram_get DDAL_RPRAM_USER12
CLI_OUTPUT: ret /Target1/rpram/action ddal_rpram_get DDAL_RPRAM_USER12 ==&gt; done OK retv 0 value 1994484503
SCR_OUTPUT: verified ddal_rpram_get using memdump to write value:: 1994484503 == 1994484503 ==&gt; OK
CLI_OUTPUT: /Target1/memdump/action memdump32 0xC0000044 0x493fbb86
CLI_OUTPUT: ret /Target1/memdump/action memdump32 0xC0000044 0x493fbb86 ==&gt; done OK retv 0 value 0x493fbb86
CLI_OUTPUT: /Target1/rpram/action ddal_rpram_get DDAL_RPRAM_USER13
CLI_OUTPUT: ret /Target1/rpram/action ddal_rpram_get DDAL_RPRAM_USER13 ==&gt; done OK retv 0 value 1228913542
SCR_OUTPUT: verified ddal_rpram_get using memdump to write value:: 1228913542 == 1228913542 ==&gt; OK
CLI_OUTPUT: /Target1/memdump/action memdump32 0xC0000048 0x7731c837
CLI_OUTPUT: ret /Target1/memdump/action memdump32 0xC0000048 0x7731c837 ==&gt; done OK retv 0 value 0x7731c837
CLI_OUTPUT: /Target1/rpram/action ddal_rpram_get DDAL_RPRAM_USER14
CLI_OUTPUT: ret /Target1/rpram/action ddal_rpram_get DDAL_RPRAM_USER14 ==&gt; done OK retv 0 value 1999751223
SCR_OUTPUT: verified ddal_rpram_get using memdump to write value:: 1999751223 == 1999751223 ==&gt; OK
CLI_OUTPUT: /Target1/memdump/action memdump32 0xC000004C 0x65519b8e
CLI_OUTPUT: ret /Target1/memdump/action memdump32 0xC000004C 0x65519b8e ==&gt; done OK retv 0 value 0x65519b8e
CLI_OUTPUT: /Target1/rpram/action ddal_rpram_get DDAL_RPRAM_USER15
CLI_OUTPUT: ret /Target1/rpram/action ddal_rpram_get DDAL_RPRAM_USER15 ==&gt; done OK retv 0 value 1699847054
SCR_OUTPUT: verified ddal_rpram_get using memdump to write value:: 1699847054 == 1699847054 ==&gt; OK
CLI_OUTPUT: /Target1/memdump/action memdump32 0xC0000020 0x50bd457e
CLI_OUTPUT: ret /Target1/memdump/action memdump32 0xC0000020 0x50bd457e ==&gt; done OK retv 0 value 0x50bd457e
CLI_OUTPUT: /Target1/rpram/action ddal_rpram_get DDAL_RPRAM_HW_INIT_STORAGE
CLI_OUTPUT: ret /Target1/rpram/action ddal_rpram_get DDAL_RPRAM_HW_INIT_STORAGE ==&gt; done OK retv 0 value 1354581374
SCR_OUTPUT: verified ddal_rpram_get using memdump to write value:: 1354581374 == 1354581374 ==&gt; OK
CLI_OUTPUT: /Target1/memdump/action memdump32 0xC0000018 0x3a1ec4da
CLI_OUTPUT: ret /Target1/memdump/action memdump32 0xC0000018 0x3a1ec4da ==&gt; done OK retv 0 value 0x3a1ec4da
CLI_OUTPUT: /Target1/rpram/action ddal_rpram_get DDAL_RPRAM_RESET_TYPE
CLI_OUTPUT: ret /Target1/rpram/action ddal_rpram_get DDAL_RPRAM_RESET_TYPE ==&gt; done OK retv 0 value 975095002
SCR_OUTPUT: verified ddal_rpram_get using memdump to write value:: 975095002 == 975095002 ==&gt; OK
CLI_OUTPUT: /Target1/memdump/action memdump32 0xC0000050 0x3a0ee89d
CLI_OUTPUT: ret /Target1/memdump/action memdump32 0xC0000050 0x3a0ee89d ==&gt; done OK retv 0 value 0x3a0ee89d
CLI_OUTPUT: /Target1/rpram/action ddal_rpram_get DDAL_RPRAM_RESET_LOOP_COUNTER
CLI_OUTPUT: ret /Target1/rpram/action ddal_rpram_get DDAL_RPRAM_RESET_LOOP_COUNTER ==&gt; done OK retv 0 value 974055581
SCR_OUTPUT: verified ddal_rpram_get using memdump to write value:: 974055581 == 974055581 ==&gt; OK
CLI_OUTPUT: /Target1/memdump/action memdump32 0xC000001C 0x28cabfcb
CLI_OUTPUT: ret /Target1/memdump/action memdump32 0xC000001C 0x28cabfcb ==&gt; done OK retv 0 value 0x28cabfcb
CLI_OUTPUT: /Target1/rpram/action ddal_rpram_get DDAL_RPRAM_ISTI
CLI_OUTPUT: ret /Target1/rpram/action ddal_rpram_get DDAL_RPRAM_ISTI ==&gt; done OK retv 0 value 684376011
SCR_OUTPUT: verified ddal_rpram_get using memdump to write value:: 684376011 == 684376011 ==&gt; OK
CLI_OUTPUT: /Target1/memdump/action memdump32 0xC0000010 0x16f6824c
CLI_OUTPUT: ret /Target1/memdump/action memdump32 0xC0000010 0x16f6824c ==&gt; done OK retv 0 value 0x16f6824c
CLI_OUTPUT: /Target1/rpram/action ddal_rpram_get DDAL_RPRAM_POR_MAGIC_LOW
CLI_OUTPUT: ret /Target1/rpram/action ddal_rpram_get DDAL_RPRAM_POR_MAGIC_LOW ==&gt; done OK retv 0 value 385253964
SCR_OUTPUT: verified ddal_rpram_get using memdump to write value:: 385253964 == 385253964 ==&gt; OK
CLI_OUTPUT: /Target1/memdump/action memdump32 0xC0000014 0x11e4daa8
CLI_OUTPUT: ret /Target1/memdump/action memdump32 0xC0000014 0x11e4daa8 ==&gt; done OK retv 0 value 0x11e4daa8
CLI_OUTPUT: /Target1/rpram/action ddal_rpram_get DDAL_RPRAM_POR_MAGIC_HIGH
CLI_OUTPUT: ret /Target1/rpram/action ddal_rpram_get DDAL_RPRAM_POR_MAGIC_HIGH ==&gt; done OK retv 0 value 300210856
SCR_OUTPUT: verified ddal_rpram_get using memdump to write value:: 300210856 == 300210856 ==&gt; OK
SCR_OUTPUT: ##### Test Case End: TC_03100_002 PASSED (0)
</stdout>
          <failedSince>0</failedSince>
        </case>
        <case>
          <duration>1.0</duration>
          <className>HW_03100_basic_rpram_tests</className>
          <testName>TC_03100_002 ddal_rpram_set range check_3</testName>
          <skipped>false</skipped>
          <stdout>
SCR_OUTPUT: ##### Test Case Start: TC_03100_002  ddal_rpram_set range check
CLI_OUTPUT: /Target1/memdump/action memdump32 0xC0000000 0x5a3e79ce
CLI_OUTPUT: ret /Target1/memdump/action memdump32 0xC0000000 0x5a3e79ce ==&gt; done OK retv 0 value 0x5a3e79ce
CLI_OUTPUT: /Target1/rpram/action ddal_rpram_get DDAL_RPRAM_USER1
CLI_OUTPUT: ret /Target1/rpram/action ddal_rpram_get DDAL_RPRAM_USER1 ==&gt; done OK retv 0 value 1514043854
SCR_OUTPUT: verified ddal_rpram_get using memdump to write value:: 1514043854 == 1514043854 ==&gt; OK
CLI_OUTPUT: /Target1/memdump/action memdump32 0xC0000004 0x3bb039ea
CLI_OUTPUT: ret /Target1/memdump/action memdump32 0xC0000004 0x3bb039ea ==&gt; done OK retv 0 value 0x3bb039ea
CLI_OUTPUT: /Target1/rpram/action ddal_rpram_get DDAL_RPRAM_USER2
CLI_OUTPUT: ret /Target1/rpram/action ddal_rpram_get DDAL_RPRAM_USER2 ==&gt; done OK retv 0 value 1001404906
SCR_OUTPUT: verified ddal_rpram_get using memdump to write value:: 1001404906 == 1001404906 ==&gt; OK
CLI_OUTPUT: /Target1/memdump/action memdump32 0xC0000008 0x2eab56dc
CLI_OUTPUT: ret /Target1/memdump/action memdump32 0xC0000008 0x2eab56dc ==&gt; done OK retv 0 value 0x2eab56dc
CLI_OUTPUT: /Target1/rpram/action ddal_rpram_get DDAL_RPRAM_USER3
CLI_OUTPUT: ret /Target1/rpram/action ddal_rpram_get DDAL_RPRAM_USER3 ==&gt; done OK retv 0 value 782980828
SCR_OUTPUT: verified ddal_rpram_get using memdump to write value:: 782980828 == 782980828 ==&gt; OK
CLI_OUTPUT: /Target1/memdump/action memdump32 0xC000000C 0x72d46261
CLI_OUTPUT: ret /Target1/memdump/action memdump32 0xC000000C 0x72d46261 ==&gt; done OK retv 0 value 0x72d46261
CLI_OUTPUT: /Target1/rpram/action ddal_rpram_get DDAL_RPRAM_USER4
CLI_OUTPUT: ret /Target1/rpram/action ddal_rpram_get DDAL_RPRAM_USER4 ==&gt; done OK retv 0 value 1926521441
SCR_OUTPUT: verified ddal_rpram_get using memdump to write value:: 1926521441 == 1926521441 ==&gt; OK
CLI_OUTPUT: /Target1/memdump/action memdump32 0xC0000024 0x5588d4b8
CLI_OUTPUT: ret /Target1/memdump/action memdump32 0xC0000024 0x5588d4b8 ==&gt; done OK retv 0 value 0x5588d4b8
CLI_OUTPUT: /Target1/rpram/action ddal_rpram_get DDAL_RPRAM_USER5
CLI_OUTPUT: ret /Target1/rpram/action ddal_rpram_get DDAL_RPRAM_USER5 ==&gt; done OK retv 0 value 1435030712
SCR_OUTPUT: verified ddal_rpram_get using memdump to write value:: 1435030712 == 1435030712 ==&gt; OK
CLI_OUTPUT: /Target1/memdump/action memdump32 0xC0000028 0xa46f029
CLI_OUTPUT: ret /Target1/memdump/action memdump32 0xC0000028 0xa46f029 ==&gt; done OK retv 0 value 0x0a46f029
CLI_OUTPUT: /Target1/rpram/action ddal_rpram_get DDAL_RPRAM_USER6
CLI_OUTPUT: ret /Target1/rpram/action ddal_rpram_get DDAL_RPRAM_USER6 ==&gt; done OK retv 0 value 172421161
SCR_OUTPUT: verified ddal_rpram_get using memdump to write value:: 172421161 == 172421161 ==&gt; OK
CLI_OUTPUT: /Target1/memdump/action memdump32 0xC000002C 0x37415aa7
CLI_OUTPUT: ret /Target1/memdump/action memdump32 0xC000002C 0x37415aa7 ==&gt; done OK retv 0 value 0x37415aa7
CLI_OUTPUT: /Target1/rpram/action ddal_rpram_get DDAL_RPRAM_USER7
CLI_OUTPUT: ret /Target1/rpram/action ddal_rpram_get DDAL_RPRAM_USER7 ==&gt; done OK retv 0 value 927029927
SCR_OUTPUT: verified ddal_rpram_get using memdump to write value:: 927029927 == 927029927 ==&gt; OK
CLI_OUTPUT: /Target1/memdump/action memdump32 0xC0000030 0x23a7ace2
CLI_OUTPUT: ret /Target1/memdump/action memdump32 0xC0000030 0x23a7ace2 ==&gt; done OK retv 0 value 0x23a7ace2
CLI_OUTPUT: /Target1/rpram/action ddal_rpram_get DDAL_RPRAM_USER8
CLI_OUTPUT: ret /Target1/rpram/action ddal_rpram_get DDAL_RPRAM_USER8 ==&gt; done OK retv 0 value 598191330
SCR_OUTPUT: verified ddal_rpram_get using memdump to write value:: 598191330 == 598191330 ==&gt; OK
CLI_OUTPUT: /Target1/memdump/action memdump32 0xC0000034 0x5547bf00
CLI_OUTPUT: ret /Target1/memdump/action memdump32 0xC0000034 0x5547bf00 ==&gt; done OK retv 0 value 0x5547bf00
CLI_OUTPUT: /Target1/rpram/action ddal_rpram_get DDAL_RPRAM_USER9
CLI_OUTPUT: ret /Target1/rpram/action ddal_rpram_get DDAL_RPRAM_USER9 ==&gt; done OK retv 0 value 1430765312
SCR_OUTPUT: verified ddal_rpram_get using memdump to write value:: 1430765312 == 1430765312 ==&gt; OK
CLI_OUTPUT: /Target1/memdump/action memdump32 0xC0000038 0x594e0cfb
CLI_OUTPUT: ret /Target1/memdump/action memdump32 0xC0000038 0x594e0cfb ==&gt; done OK retv 0 value 0x594e0cfb
CLI_OUTPUT: /Target1/rpram/action ddal_rpram_get DDAL_RPRAM_USER10
CLI_OUTPUT: ret /Target1/rpram/action ddal_rpram_get DDAL_RPRAM_USER10 ==&gt; done OK retv 0 value 1498287355
SCR_OUTPUT: verified ddal_rpram_get using memdump to write value:: 1498287355 == 1498287355 ==&gt; OK
CLI_OUTPUT: /Target1/memdump/action memdump32 0xC000003C 0x1337a8cc
CLI_OUTPUT: ret /Target1/memdump/action memdump32 0xC000003C 0x1337a8cc ==&gt; done OK retv 0 value 0x1337a8cc
CLI_OUTPUT: /Target1/rpram/action ddal_rpram_get DDAL_RPRAM_USER11
CLI_OUTPUT: ret /Target1/rpram/action ddal_rpram_get DDAL_RPRAM_USER11 ==&gt; done OK retv 0 value 322414796
SCR_OUTPUT: verified ddal_rpram_get using memdump to write value:: 322414796 == 322414796 ==&gt; OK
CLI_OUTPUT: /Target1/memdump/action memdump32 0xC0000040 0x2b2b763a
CLI_OUTPUT: ret /Target1/memdump/action memdump32 0xC0000040 0x2b2b763a ==&gt; done OK retv 0 value 0x2b2b763a
CLI_OUTPUT: /Target1/rpram/action ddal_rpram_get DDAL_RPRAM_USER12
CLI_OUTPUT: ret /Target1/rpram/action ddal_rpram_get DDAL_RPRAM_USER12 ==&gt; done OK retv 0 value 724268602
SCR_OUTPUT: verified ddal_rpram_get using memdump to write value:: 724268602 == 724268602 ==&gt; OK
CLI_OUTPUT: /Target1/memdump/action memdump32 0xC0000044 0x325fb4ec
CLI_OUTPUT: ret /Target1/memdump/action memdump32 0xC0000044 0x325fb4ec ==&gt; done OK retv 0 value 0x325fb4ec
CLI_OUTPUT: /Target1/rpram/action ddal_rpram_get DDAL_RPRAM_USER13
CLI_OUTPUT: ret /Target1/rpram/action ddal_rpram_get DDAL_RPRAM_USER13 ==&gt; done OK retv 0 value 845133036
SCR_OUTPUT: verified ddal_rpram_get using memdump to write value:: 845133036 == 845133036 ==&gt; OK
CLI_OUTPUT: /Target1/memdump/action memdump32 0xC0000048 0x295fd0bc
CLI_OUTPUT: ret /Target1/memdump/action memdump32 0xC0000048 0x295fd0bc ==&gt; done OK retv 0 value 0x295fd0bc
CLI_OUTPUT: /Target1/rpram/action ddal_rpram_get DDAL_RPRAM_USER14
CLI_OUTPUT: ret /Target1/rpram/action ddal_rpram_get DDAL_RPRAM_USER14 ==&gt; done OK retv 0 value 694145212
SCR_OUTPUT: verified ddal_rpram_get using memdump to write value:: 694145212 == 694145212 ==&gt; OK
CLI_OUTPUT: /Target1/memdump/action memdump32 0xC000004C 0x5181c0cc
CLI_OUTPUT: ret /Target1/memdump/action memdump32 0xC000004C 0x5181c0cc ==&gt; done OK retv 0 value 0x5181c0cc
CLI_OUTPUT: /Target1/rpram/action ddal_rpram_get DDAL_RPRAM_USER15
CLI_OUTPUT: ret /Target1/rpram/action ddal_rpram_get DDAL_RPRAM_USER15 ==&gt; done OK retv 0 value 1367457996
SCR_OUTPUT: verified ddal_rpram_get using memdump to write value:: 1367457996 == 1367457996 ==&gt; OK
CLI_OUTPUT: /Target1/memdump/action memdump32 0xC0000020 0x1d9a0323
CLI_OUTPUT: ret /Target1/memdump/action memdump32 0xC0000020 0x1d9a0323 ==&gt; done OK retv 0 value 0x1d9a0323
CLI_OUTPUT: /Target1/rpram/action ddal_rpram_get DDAL_RPRAM_HW_INIT_STORAGE
CLI_OUTPUT: ret /Target1/rpram/action ddal_rpram_get DDAL_RPRAM_HW_INIT_STORAGE ==&gt; done OK retv 0 value 496632611
SCR_OUTPUT: verified ddal_rpram_get using memdump to write value:: 496632611 == 496632611 ==&gt; OK
CLI_OUTPUT: /Target1/memdump/action memdump32 0xC0000018 0x6a44814b
CLI_OUTPUT: ret /Target1/memdump/action memdump32 0xC0000018 0x6a44814b ==&gt; done OK retv 0 value 0x6a44814b
CLI_OUTPUT: /Target1/rpram/action ddal_rpram_get DDAL_RPRAM_RESET_TYPE
CLI_OUTPUT: ret /Target1/rpram/action ddal_rpram_get DDAL_RPRAM_RESET_TYPE ==&gt; done OK retv 0 value 1782874443
SCR_OUTPUT: verified ddal_rpram_get using memdump to write value:: 1782874443 == 1782874443 ==&gt; OK
CLI_OUTPUT: /Target1/memdump/action memdump32 0xC0000050 0x37862354
CLI_OUTPUT: ret /Target1/memdump/action memdump32 0xC0000050 0x37862354 ==&gt; done OK retv 0 value 0x37862354
CLI_OUTPUT: /Target1/rpram/action ddal_rpram_get DDAL_RPRAM_RESET_LOOP_COUNTER
CLI_OUTPUT: ret /Target1/rpram/action ddal_rpram_get DDAL_RPRAM_RESET_LOOP_COUNTER ==&gt; done OK retv 0 value 931537748
SCR_OUTPUT: verified ddal_rpram_get using memdump to write value:: 931537748 == 931537748 ==&gt; OK
CLI_OUTPUT: /Target1/memdump/action memdump32 0xC000001C 0x477a82de
CLI_OUTPUT: ret /Target1/memdump/action memdump32 0xC000001C 0x477a82de ==&gt; done OK retv 0 value 0x477a82de
CLI_OUTPUT: /Target1/rpram/action ddal_rpram_get DDAL_RPRAM_ISTI
CLI_OUTPUT: ret /Target1/rpram/action ddal_rpram_get DDAL_RPRAM_ISTI ==&gt; done OK retv 0 value 1199211230
SCR_OUTPUT: verified ddal_rpram_get using memdump to write value:: 1199211230 == 1199211230 ==&gt; OK
CLI_OUTPUT: /Target1/memdump/action memdump32 0xC0000010 0x3c26e813
CLI_OUTPUT: ret /Target1/memdump/action memdump32 0xC0000010 0x3c26e813 ==&gt; done OK retv 0 value 0x3c26e813
CLI_OUTPUT: /Target1/rpram/action ddal_rpram_get DDAL_RPRAM_POR_MAGIC_LOW
CLI_OUTPUT: ret /Target1/rpram/action ddal_rpram_get DDAL_RPRAM_POR_MAGIC_LOW ==&gt; done OK retv 0 value 1009182739
SCR_OUTPUT: verified ddal_rpram_get using memdump to write value:: 1009182739 == 1009182739 ==&gt; OK
CLI_OUTPUT: /Target1/memdump/action memdump32 0xC0000014 0x1e4f5cd9
CLI_OUTPUT: ret /Target1/memdump/action memdump32 0xC0000014 0x1e4f5cd9 ==&gt; done OK retv 0 value 0x1e4f5cd9
CLI_OUTPUT: /Target1/rpram/action ddal_rpram_get DDAL_RPRAM_POR_MAGIC_HIGH
CLI_OUTPUT: ret /Target1/rpram/action ddal_rpram_get DDAL_RPRAM_POR_MAGIC_HIGH ==&gt; done OK retv 0 value 508517593
SCR_OUTPUT: verified ddal_rpram_get using memdump to write value:: 508517593 == 508517593 ==&gt; OK
SCR_OUTPUT: ##### Test Case End: TC_03100_002 PASSED (0)
</stdout>
          <failedSince>0</failedSince>
        </case>
        <case>
          <duration>1.0</duration>
          <className>HW_03100_basic_rpram_tests</className>
          <testName>TC_03100_003 ddal_rpram_ set get range check</testName>
          <skipped>false</skipped>
          <stdout>
SCR_OUTPUT: ##### Test Case Start: TC_03100_003  ddal_rpram_ set get range check
CLI_OUTPUT: /Target1/rpram/action ddal_rpram_get BAD_VALUE
CLI_OUTPUT: ret /Target1/rpram/action ddal_rpram_get BAD_VALUE ==&gt; done fail retv -22 errstr Invalid argument
SCR_OUTPUT: *** Error: FS_PostFMonMsg_SCRIPT: ret /Target1/rpram/action ddal_rpram_get BAD_VALUE ==&gt; done fail retv -22 errstr Invalid argument
SCR_OUTPUT: *** Error: ddal_rpram_get fails with invalid parameters == &gt; OK
CLI_OUTPUT: /Target1/rpram/action ddal_rpram_set BAD_VALUE 5
CLI_OUTPUT: ret /Target1/rpram/action ddal_rpram_set BAD_VALUE 5 ==&gt; done fail retv -22 errstr Invalid argument
SCR_OUTPUT: *** Error: FS_PostFMonMsg_SCRIPT: ret /Target1/rpram/action ddal_rpram_set BAD_VALUE 5 ==&gt; done fail retv -22 errstr Invalid argument
SCR_OUTPUT: *** Error: ddal_rpram_set fails with invalid parameters == &gt; OK
SCR_OUTPUT: ##### Test Case End: TC_03100_003 PASSED (0)
</stdout>
          <failedSince>0</failedSince>
        </case>
        <case>
          <duration>1.0</duration>
          <className>HW_03100_basic_rpram_tests</className>
          <testName>TC_03100_003 ddal_rpram_ set get range check_1</testName>
          <skipped>false</skipped>
          <stdout>
SCR_OUTPUT: ##### Test Case Start: TC_03100_003  ddal_rpram_ set get range check
CLI_OUTPUT: /Target1/rpram/action ddal_rpram_get BAD_VALUE
CLI_OUTPUT: ret /Target1/rpram/action ddal_rpram_get BAD_VALUE ==&gt; done fail retv -22 errstr Invalid argument
SCR_OUTPUT: *** Error: FS_PostFMonMsg_SCRIPT: ret /Target1/rpram/action ddal_rpram_get BAD_VALUE ==&gt; done fail retv -22 errstr Invalid argument
SCR_OUTPUT: *** Error: ddal_rpram_get fails with invalid parameters == &gt; OK
CLI_OUTPUT: /Target1/rpram/action ddal_rpram_set BAD_VALUE 5
CLI_OUTPUT: ret /Target1/rpram/action ddal_rpram_set BAD_VALUE 5 ==&gt; done fail retv -22 errstr Invalid argument
SCR_OUTPUT: *** Error: FS_PostFMonMsg_SCRIPT: ret /Target1/rpram/action ddal_rpram_set BAD_VALUE 5 ==&gt; done fail retv -22 errstr Invalid argument
SCR_OUTPUT: *** Error: ddal_rpram_set fails with invalid parameters == &gt; OK
SCR_OUTPUT: ##### Test Case End: TC_03100_003 PASSED (0)
</stdout>
          <failedSince>0</failedSince>
        </case>
        <case>
          <duration>1.0</duration>
          <className>HW_03100_basic_rpram_tests</className>
          <testName>TC_03100_003 ddal_rpram_ set get range check_2</testName>
          <skipped>false</skipped>
          <stdout>
SCR_OUTPUT: ##### Test Case Start: TC_03100_003  ddal_rpram_ set get range check
CLI_OUTPUT: /Target1/rpram/action ddal_rpram_get BAD_VALUE
CLI_OUTPUT: ret /Target1/rpram/action ddal_rpram_get BAD_VALUE ==&gt; done fail retv -22 errstr Invalid argument
SCR_OUTPUT: *** Error: FS_PostFMonMsg_SCRIPT: ret /Target1/rpram/action ddal_rpram_get BAD_VALUE ==&gt; done fail retv -22 errstr Invalid argument
SCR_OUTPUT: *** Error: ddal_rpram_get fails with invalid parameters == &gt; OK
CLI_OUTPUT: /Target1/rpram/action ddal_rpram_set BAD_VALUE 5
CLI_OUTPUT: ret /Target1/rpram/action ddal_rpram_set BAD_VALUE 5 ==&gt; done fail retv -22 errstr Invalid argument
SCR_OUTPUT: *** Error: FS_PostFMonMsg_SCRIPT: ret /Target1/rpram/action ddal_rpram_set BAD_VALUE 5 ==&gt; done fail retv -22 errstr Invalid argument
SCR_OUTPUT: *** Error: ddal_rpram_set fails with invalid parameters == &gt; OK
SCR_OUTPUT: ##### Test Case End: TC_03100_003 PASSED (0)
</stdout>
          <failedSince>0</failedSince>
        </case>
        <case>
          <duration>1.0</duration>
          <className>HW_03100_basic_rpram_tests</className>
          <testName>TC_03100_003 ddal_rpram_ set get range check_3</testName>
          <skipped>false</skipped>
          <stdout>
SCR_OUTPUT: ##### Test Case Start: TC_03100_003  ddal_rpram_ set get range check
CLI_OUTPUT: /Target1/rpram/action ddal_rpram_get BAD_VALUE
CLI_OUTPUT: ret /Target1/rpram/action ddal_rpram_get BAD_VALUE ==&gt; done fail retv -22 errstr Invalid argument
SCR_OUTPUT: *** Error: FS_PostFMonMsg_SCRIPT: ret /Target1/rpram/action ddal_rpram_get BAD_VALUE ==&gt; done fail retv -22 errstr Invalid argument
SCR_OUTPUT: *** Error: ddal_rpram_get fails with invalid parameters == &gt; OK
CLI_OUTPUT: /Target1/rpram/action ddal_rpram_set BAD_VALUE 5
CLI_OUTPUT: ret /Target1/rpram/action ddal_rpram_set BAD_VALUE 5 ==&gt; done fail retv -22 errstr Invalid argument
SCR_OUTPUT: *** Error: FS_PostFMonMsg_SCRIPT: ret /Target1/rpram/action ddal_rpram_set BAD_VALUE 5 ==&gt; done fail retv -22 errstr Invalid argument
SCR_OUTPUT: *** Error: ddal_rpram_set fails with invalid parameters == &gt; OK
SCR_OUTPUT: ##### Test Case End: TC_03100_003 PASSED (0)
</stdout>
          <failedSince>0</failedSince>
        </case>
        <case>
          <duration>35.0</duration>
          <className>HW_03100_basic_rpram_tests</className>
          <testName>TC_03100_004 write data; reboot; verify data</testName>
          <skipped>false</skipped>
          <stdout>
SCR_OUTPUT: ##### Test Case Start: TC_03100_004  write data; reboot; verify data
CLI_OUTPUT: /Target1/rpram/action ddal_rpram_set DDAL_RPRAM_USER1 957249068
CLI_OUTPUT: ret /Target1/rpram/action ddal_rpram_set DDAL_RPRAM_USER1 957249068 ==&gt; done OK retv 0
SCR_OUTPUT: called ddal_rpram_set DDAL_RPRAM_USER1 957249068  ==&gt; OK
CLI_OUTPUT: /Target1/rpram/action ddal_rpram_set DDAL_RPRAM_USER2 957249069
CLI_OUTPUT: ret /Target1/rpram/action ddal_rpram_set DDAL_RPRAM_USER2 957249069 ==&gt; done OK retv 0
SCR_OUTPUT: called ddal_rpram_set DDAL_RPRAM_USER2 957249069  ==&gt; OK
CLI_OUTPUT: /Target1/rpram/action ddal_rpram_set DDAL_RPRAM_USER3 957249070
CLI_OUTPUT: ret /Target1/rpram/action ddal_rpram_set DDAL_RPRAM_USER3 957249070 ==&gt; done OK retv 0
SCR_OUTPUT: called ddal_rpram_set DDAL_RPRAM_USER3 957249070  ==&gt; OK
CLI_OUTPUT: /Target1/rpram/action ddal_rpram_set DDAL_RPRAM_USER4 957249071
CLI_OUTPUT: ret /Target1/rpram/action ddal_rpram_set DDAL_RPRAM_USER4 957249071 ==&gt; done OK retv 0
SCR_OUTPUT: called ddal_rpram_set DDAL_RPRAM_USER4 957249071  ==&gt; OK
CLI_OUTPUT: /Target1/rpram/action ddal_rpram_set DDAL_RPRAM_USER5 957249072
CLI_OUTPUT: ret /Target1/rpram/action ddal_rpram_set DDAL_RPRAM_USER5 957249072 ==&gt; done OK retv 0
SCR_OUTPUT: called ddal_rpram_set DDAL_RPRAM_USER5 957249072  ==&gt; OK
CLI_OUTPUT: /Target1/rpram/action ddal_rpram_set DDAL_RPRAM_USER6 957249073
CLI_OUTPUT: ret /Target1/rpram/action ddal_rpram_set DDAL_RPRAM_USER6 957249073 ==&gt; done OK retv 0
SCR_OUTPUT: called ddal_rpram_set DDAL_RPRAM_USER6 957249073  ==&gt; OK
CLI_OUTPUT: /Target1/rpram/action ddal_rpram_set DDAL_RPRAM_USER7 957249074
CLI_OUTPUT: ret /Target1/rpram/action ddal_rpram_set DDAL_RPRAM_USER7 957249074 ==&gt; done OK retv 0
SCR_OUTPUT: called ddal_rpram_set DDAL_RPRAM_USER7 957249074  ==&gt; OK
CLI_OUTPUT: /Target1/rpram/action ddal_rpram_set DDAL_RPRAM_USER8 957249075
CLI_OUTPUT: ret /Target1/rpram/action ddal_rpram_set DDAL_RPRAM_USER8 957249075 ==&gt; done OK retv 0
SCR_OUTPUT: called ddal_rpram_set DDAL_RPRAM_USER8 957249075  ==&gt; OK
CLI_OUTPUT: /Target1/rpram/action ddal_rpram_set DDAL_RPRAM_USER9 957249076
CLI_OUTPUT: ret /Target1/rpram/action ddal_rpram_set DDAL_RPRAM_USER9 957249076 ==&gt; done OK retv 0
SCR_OUTPUT: called ddal_rpram_set DDAL_RPRAM_USER9 957249076  ==&gt; OK
CLI_OUTPUT: /Target1/rpram/action ddal_rpram_set DDAL_RPRAM_USER10 957249077
CLI_OUTPUT: ret /Target1/rpram/action ddal_rpram_set DDAL_RPRAM_USER10 957249077 ==&gt; done OK retv 0
SCR_OUTPUT: called ddal_rpram_set DDAL_RPRAM_USER10 957249077  ==&gt; OK
CLI_OUTPUT: /Target1/rpram/action ddal_rpram_set DDAL_RPRAM_USER11 957249078
CLI_OUTPUT: ret /Target1/rpram/action ddal_rpram_set DDAL_RPRAM_USER11 957249078 ==&gt; done OK retv 0
SCR_OUTPUT: called ddal_rpram_set DDAL_RPRAM_USER11 957249078  ==&gt; OK
CLI_OUTPUT: /Target1/rpram/action ddal_rpram_set DDAL_RPRAM_USER12 957249079
CLI_OUTPUT: ret /Target1/rpram/action ddal_rpram_set DDAL_RPRAM_USER12 957249079 ==&gt; done OK retv 0
SCR_OUTPUT: called ddal_rpram_set DDAL_RPRAM_USER12 957249079  ==&gt; OK
CLI_OUTPUT: /Target1/rpram/action ddal_rpram_set DDAL_RPRAM_USER13 957249080
CLI_OUTPUT: ret /Target1/rpram/action ddal_rpram_set DDAL_RPRAM_USER13 957249080 ==&gt; done OK retv 0
SCR_OUTPUT: called ddal_rpram_set DDAL_RPRAM_USER13 957249080  ==&gt; OK
CLI_OUTPUT: /Target1/rpram/action ddal_rpram_set DDAL_RPRAM_USER14 957249081
CLI_OUTPUT: ret /Target1/rpram/action ddal_rpram_set DDAL_RPRAM_USER14 957249081 ==&gt; done OK retv 0
SCR_OUTPUT: called ddal_rpram_set DDAL_RPRAM_USER14 957249081  ==&gt; OK
CLI_OUTPUT: /Target1/rpram/action ddal_rpram_set DDAL_RPRAM_USER15 957249082
CLI_OUTPUT: ret /Target1/rpram/action ddal_rpram_set DDAL_RPRAM_USER15 957249082 ==&gt; done OK retv 0
SCR_OUTPUT: called ddal_rpram_set DDAL_RPRAM_USER15 957249082  ==&gt; OK
CLI_OUTPUT: /Target1/rpram/action ddal_rpram_set DDAL_RPRAM_HW_INIT_STORAGE 957249083
CLI_OUTPUT: ret /Target1/rpram/action ddal_rpram_set DDAL_RPRAM_HW_INIT_STORAGE 957249083 ==&gt; done OK retv 0
SCR_OUTPUT: called ddal_rpram_set DDAL_RPRAM_HW_INIT_STORAGE 957249083  ==&gt; OK
CLI_OUTPUT: /Target1/rpram/action ddal_rpram_set DDAL_RPRAM_RESET_TYPE 957249084
CLI_OUTPUT: ret /Target1/rpram/action ddal_rpram_set DDAL_RPRAM_RESET_TYPE 957249084 ==&gt; done OK retv 0
SCR_OUTPUT: called ddal_rpram_set DDAL_RPRAM_RESET_TYPE 957249084  ==&gt; OK
CLI_OUTPUT: /Target1/rpram/action ddal_rpram_set DDAL_RPRAM_ISTI 957249085
CLI_OUTPUT: ret /Target1/rpram/action ddal_rpram_set DDAL_RPRAM_ISTI 957249085 ==&gt; done OK retv 0
SCR_OUTPUT: called ddal_rpram_set DDAL_RPRAM_ISTI 957249085  ==&gt; OK
CLI_OUTPUT: /Target1/rpram/action ddal_rpram_set DDAL_RPRAM_POR_MAGIC_LOW 957249086
CLI_OUTPUT: ret /Target1/rpram/action ddal_rpram_set DDAL_RPRAM_POR_MAGIC_LOW 957249086 ==&gt; done OK retv 0
SCR_OUTPUT: called ddal_rpram_set DDAL_RPRAM_POR_MAGIC_LOW 957249086  ==&gt; OK
CLI_OUTPUT: /Target1/rpram/action ddal_rpram_set DDAL_RPRAM_POR_MAGIC_HIGH 957249087
CLI_OUTPUT: ret /Target1/rpram/action ddal_rpram_set DDAL_RPRAM_POR_MAGIC_HIGH 957249087 ==&gt; done OK retv 0
SCR_OUTPUT: called ddal_rpram_set DDAL_RPRAM_POR_MAGIC_HIGH 957249087  ==&gt; OK
SCR_OUTPUT: Start reboot.
CLI_OUTPUT: /Target1/cmd/action cmd reboot
CLI_OUTPUT: ret /Target1/cmd/action cmd reboot ==&gt; done OK retw=0
SCR_OUTPUT: Wait until reboot is in progess ...
SCR_OUTPUT: 0
CLI_OUTPUT: /Target1/cmd/action cmd echo 0 
CLI_OUTPUT: ret /Target1/cmd/action cmd echo 0 ==&gt; done OK retw=0
SCR_OUTPUT: 1
CLI_OUTPUT: /Target1/cmd/action cmd echo 1 
CLI_OUTPUT: ret /Target1/cmd/action cmd echo 1 ==&gt; done OK retw=0
SCR_OUTPUT: 2
CLI_OUTPUT: /Target1/cmd/action cmd echo 2 
CLI_OUTPUT: ret /Target1/cmd/action cmd echo 2 ==&gt; done OK retw=0
SCR_OUTPUT: 3
CLI_OUTPUT: /Target1/cmd/action cmd echo 3 
CLI_OUTPUT: ret /Target1/cmd/action cmd echo 3 ==&gt; done OK retw=0
SCR_OUTPUT: 4
CLI_OUTPUT: /Target1/cmd/action cmd echo 4 
CLI_OUTPUT: ret /Target1/cmd/action cmd echo 4 ==&gt; done OK retw=0
SCR_OUTPUT: 5
CLI_OUTPUT: /Target1/cmd/action cmd echo 5 
CLI_OUTPUT: ret /Target1/cmd/action cmd echo 5 ==&gt; done OK retw=0
SCR_OUTPUT: 6
CLI_OUTPUT: /Target1/cmd/action cmd echo 6 
CLI_OUTPUT: ret /Target1/cmd/action cmd echo 6 ==&gt; done OK retw=0
SCR_OUTPUT: 7
CLI_OUTPUT: /Target1/cmd/action cmd echo 7 
CLI_OUTPUT: ret /Target1/cmd/action cmd echo 7 ==&gt; done OK retw=0
SCR_OUTPUT: 8
CLI_OUTPUT: /Target1/cmd/action cmd echo 8 
CLI_OUTPUT: ret /Target1/cmd/action cmd echo 8 ==&gt; done OK retw=0
SCR_OUTPUT: 9
CLI_OUTPUT: /Target1/cmd/action cmd echo 9 
CLI_OUTPUT: ret /Target1/cmd/action cmd echo 9 ==&gt; done OK retw=0
SCR_OUTPUT: 10
CLI_OUTPUT: /Target1/cmd/action cmd echo 10 
CLI_OUTPUT: ret /Target1/cmd/action cmd echo 10 ==&gt; done OK retw=0
SCR_OUTPUT: 11
CLI_OUTPUT: /Target1/cmd/action cmd echo 11 
CLI_OUTPUT: ret /Target1/cmd/action cmd echo 11 ==&gt; done OK retw=0
SCR_OUTPUT: 12
CLI_OUTPUT: /Target1/cmd/action cmd echo 12 
CLI_OUTPUT: ret /Target1/cmd/action cmd echo 12 ==&gt; done OK retw=0
SCR_OUTPUT: 13
CLI_OUTPUT: /Target1/cmd/action cmd echo 13 
CLI_OUTPUT: ret /Target1/cmd/action cmd echo 13 ==&gt; done OK retw=0
SCR_OUTPUT: 14
CLI_OUTPUT: /Target1/cmd/action cmd echo 14 
CLI_OUTPUT: ret /Target1/cmd/action cmd echo 14 ==&gt; done OK retw=0
SCR_OUTPUT: 15
CLI_OUTPUT: /Target1/cmd/action cmd echo 15 
CLI_OUTPUT: ret /Target1/cmd/action cmd echo 15 ==&gt; done OK retw=0
SCR_OUTPUT: 16
CLI_OUTPUT: /Target1/cmd/action cmd echo 16 
CLI_OUTPUT: ret /Target1/cmd/action cmd echo 16 ==&gt; done OK retw=0
SCR_OUTPUT: 17
CLI_OUTPUT: /Target1/cmd/action cmd echo 17 
CLI_OUTPUT: ret /Target1/cmd/action cmd echo 17 ==&gt; done OK retw=0
SCR_OUTPUT: 18
CLI_OUTPUT: /Target1/cmd/action cmd echo 18 
CLI_OUTPUT: ret /Target1/cmd/action cmd echo 18 ==&gt; done OK retw=0
SCR_OUTPUT: 19
CLI_OUTPUT: /Target1/cmd/action cmd echo 19 
CLI_OUTPUT: ret /Target1/cmd/action cmd echo 19 ==&gt; done OK retw=0
SCR_OUTPUT: 20
CLI_OUTPUT: /Target1/cmd/action cmd echo 20 
CLI_OUTPUT: ret /Target1/cmd/action cmd echo 20 ==&gt; done OK retw=0
SCR_OUTPUT: 21
CLI_OUTPUT: /Target1/cmd/action cmd echo 21 
DLG_OUTPUT: {FMon Error:} {Connection To Communication Channel:  Target1  Lost !} error 0 OK
SCR_OUTPUT: Wait until is comming up!
SCR_OUTPUT: open_cc: Target1
DLG_OUTPUT: {FMon Error:} {Connection To Communication Channel:  Target1  Lost !} error 0 OK
DLG_OUTPUT: {FMon Error:} {Connection To Communication Channel:  Target1  Lost !} error 0 OK
DLG_OUTPUT: {FMon Error:} {Connection To Communication Channel:  Target1  Lost !} error 0 OK
DLG_OUTPUT: {FMon Error:} {Connection To Communication Channel:  Target1  Lost !} error 0 OK
DLG_OUTPUT: {FMon Error:} {Connection To Communication Channel:  Target1  Lost !} error 0 OK
DLG_OUTPUT: {FMon Error:} {Connection To Communication Channel:  Target1  Lost !} error 0 OK
DLG_OUTPUT: {FMon Error:} {Connection To Communication Channel:  Target1  Lost !} error 0 OK
DLG_OUTPUT: {FMon Error:} {Connection To Communication Channel:  Target1  Lost !} error 0 OK
DLG_OUTPUT: {FMon Error:} {Connection To Communication Channel:  Target1  Lost !} error 0 OK
CLI_OUTPUT: /Target1/get noti_switch global
CLI_OUTPUT: ret /Target1/get noti_switch global ==&gt; on
CLI_OUTPUT: /Target1/get sw_info
CLI_OUTPUT: ret /Target1/get sw_info ==&gt; CCMon2 2.5.4 ready
SCR_OUTPUT: open_cc: Target1 OK
SCR_OUTPUT: open_cc: Target1
CLI_OUTPUT: /Target1/get noti_switch global
CLI_OUTPUT: ret /Target1/get noti_switch global ==&gt; on
CLI_OUTPUT: /Target1/get sw_info
CLI_OUTPUT: ret /Target1/get sw_info ==&gt; CCMon2 2.5.4 ready
SCR_OUTPUT: open_cc: Target1 OK
CLI_OUTPUT: /Target1/cmd/get sw_info
CLI_OUTPUT: ret /Target1/cmd/get sw_info ==&gt; error 201 unknown dispatcher or agent
CLI_OUTPUT: /Target1/action load agent /opt/ccmon/cmdagent cmd
CLI_OUTPUT: ret /Target1/action load agent /opt/ccmon/cmdagent cmd ==&gt; done OK
CLI_OUTPUT: /Target1/cmd/action init cmd
CLI_OUTPUT: ret /Target1/cmd/action init cmd ==&gt; done OK
CLI_OUTPUT: /Target1/cmd/action exec uname -a
CLI_OUTPUT: ret /Target1/cmd/action exec uname -a ==&gt; done ok 0 0 {Linux fcmd15 3.14.51-g82d8086-fcmd #1 PREEMPT Thu Oct 29 17:38:53 UTC 2015 ppc GNU/Linux}
CLI_OUTPUT: /Target1/cmd/action exec ifconfig
CLI_OUTPUT: ret /Target1/cmd/action exec ifconfig ==&gt; done ok 0 0 {eth0 Link encap:Ethernet HWaddr 00:04:AC:E3:0F:75} {inet addr:129.168.4.185 Bcast:129.168.255.255 Mask:255.255.0.0} {inet6 addr: fe80::204:acff:fee3:f75%3220998400/64 Scope:Link} {UP BROADCAST RUNNING MULTICAST MTU:1500 Metric:1} {RX packets:167 errors:0 dropped:49 overruns:0 frame:0} {TX packets:32 errors:0 dropped:0 overruns:0 carrier:0} {collisions:0 txqueuelen:1000} {RX bytes:15435 (15.0 KiB) TX bytes:3596 (3.5 KiB)} {Base address:0x8000} {} {lo Link encap:Local Loopback} {inet addr:127.0.0.1 Mask:255.0.0.0} {inet6 addr: ::1%3220998400/128 Scope:Host} {UP LOOPBACK RUNNING MTU:65536 Metric:1} {RX packets:486 errors:0 dropped:0 overruns:0 frame:0} {TX packets:486 errors:0 dropped:0 overruns:0 carrier:0} {collisions:0 txqueuelen:0} {RX bytes:77226 (75.4 KiB) TX bytes:77226 (75.4 KiB)} {}
SCR_OUTPUT: Target IP: inet addr:129.168.4.185 Bcast:129.168.255.255 Mask:255.255.0.0
CLI_OUTPUT: /Target1/cmd/action exec &quot;cat /etc/psl_version&quot;
CLI_OUTPUT: ret /Target1/cmd/action exec &quot;cat /etc/psl_version&quot; ==&gt; done ok 0 0 {PS_LFS_OS_2015_10_0748 (fcmd)}
SCR_OUTPUT: PSL Version: PS_LFS_OS_2015_10_0748 (fcmd)
SCR_OUTPUT: BOS Version: 
CLI_OUTPUT: /Target1/cmd/action cmd &quot;ls /etc/build_infos&quot;
CLI_OUTPUT: ret /Target1/cmd/action cmd &quot;ls /etc/build_infos&quot; ==&gt; done fail retw=256
SCR_OUTPUT: System Type: FCM2
CLI_OUTPUT: /Target1/cmd/action cmd &quot;ls /opt/ccmon/memdump_agent &gt; /dev/null&quot;
CLI_OUTPUT: ret /Target1/cmd/action cmd &quot;ls /opt/ccmon/memdump_agent &gt; /dev/null&quot; ==&gt; done OK retw=0
CLI_OUTPUT: /Target1/memdump/get sw_info
CLI_OUTPUT: ret /Target1/memdump/get sw_info ==&gt; error 201 unknown dispatcher or agent
CLI_OUTPUT: /Target1/action load agent /opt/ccmon/memdump_agent memdump
CLI_OUTPUT: ret /Target1/action load agent /opt/ccmon/memdump_agent memdump ==&gt; done OK
CLI_OUTPUT: /Target1/memdump/action init memdump
CLI_OUTPUT: ret /Target1/memdump/action init memdump ==&gt; done OK
CLI_OUTPUT: /Target1/cmd/action cmd &quot;ls /opt/ccmon/ddal_sfn_ccmon_agent &gt; /dev/null&quot;
CLI_OUTPUT: ret /Target1/cmd/action cmd &quot;ls /opt/ccmon/ddal_sfn_ccmon_agent &gt; /dev/null&quot; ==&gt; done OK retw=0
CLI_OUTPUT: /Target1/sfn/get sw_info
CLI_OUTPUT: ret /Target1/sfn/get sw_info ==&gt; error 201 unknown dispatcher or agent
CLI_OUTPUT: /Target1/action load agent /opt/ccmon/ddal_sfn_ccmon_agent sfn
CLI_OUTPUT: ret /Target1/action load agent /opt/ccmon/ddal_sfn_ccmon_agent sfn ==&gt; done OK
CLI_OUTPUT: /Target1/sfn/action init sfn
CLI_OUTPUT: ret /Target1/sfn/action init sfn ==&gt; done OK
CLI_OUTPUT: /Target1/cmd/action cmd &quot;ls /opt/ccmon/ddal_reset_ccmon_agent &gt; /dev/null&quot;
CLI_OUTPUT: ret /Target1/cmd/action cmd &quot;ls /opt/ccmon/ddal_reset_ccmon_agent &gt; /dev/null&quot; ==&gt; done OK retw=0
CLI_OUTPUT: /Target1/reset/get sw_info
CLI_OUTPUT: ret /Target1/reset/get sw_info ==&gt; error 201 unknown dispatcher or agent
CLI_OUTPUT: /Target1/action load agent /opt/ccmon/ddal_reset_ccmon_agent reset
CLI_OUTPUT: ret /Target1/action load agent /opt/ccmon/ddal_reset_ccmon_agent reset ==&gt; done OK
CLI_OUTPUT: /Target1/reset/action init reset
CLI_OUTPUT: ret /Target1/reset/action init reset ==&gt; done OK
CLI_OUTPUT: /Target1/cmd/action cmd &quot;ls /opt/ccmon/ddal_power_ccmon_agent &gt; /dev/null&quot;
CLI_OUTPUT: ret /Target1/cmd/action cmd &quot;ls /opt/ccmon/ddal_power_ccmon_agent &gt; /dev/null&quot; ==&gt; done OK retw=0
CLI_OUTPUT: /Target1/power/get sw_info
CLI_OUTPUT: ret /Target1/power/get sw_info ==&gt; error 201 unknown dispatcher or agent
CLI_OUTPUT: /Target1/action load agent /opt/ccmon/ddal_power_ccmon_agent power
CLI_OUTPUT: ret /Target1/action load agent /opt/ccmon/ddal_power_ccmon_agent power ==&gt; done OK
CLI_OUTPUT: /Target1/power/action init power
CLI_OUTPUT: ret /Target1/power/action init power ==&gt; done OK
CLI_OUTPUT: /Target1/cmd/action cmd &quot;ls /opt/ccmon/ddal_l2mem_ccmon_agent &gt; /dev/null&quot;
CLI_OUTPUT: ret /Target1/cmd/action cmd &quot;ls /opt/ccmon/ddal_l2mem_ccmon_agent &gt; /dev/null&quot; ==&gt; done OK retw=0
CLI_OUTPUT: /Target1/l2mem/get sw_info
CLI_OUTPUT: ret /Target1/l2mem/get sw_info ==&gt; error 201 unknown dispatcher or agent
CLI_OUTPUT: /Target1/action load agent /opt/ccmon/ddal_l2mem_ccmon_agent l2mem
CLI_OUTPUT: ret /Target1/action load agent /opt/ccmon/ddal_l2mem_ccmon_agent l2mem ==&gt; done OK
CLI_OUTPUT: /Target1/l2mem/action init l2mem
CLI_OUTPUT: ret /Target1/l2mem/action init l2mem ==&gt; done OK
CLI_OUTPUT: /Target1/cmd/action cmd &quot;ls /opt/ccmon/ddal_clk_ccmon_agent &gt; /dev/null&quot;
CLI_OUTPUT: ret /Target1/cmd/action cmd &quot;ls /opt/ccmon/ddal_clk_ccmon_agent &gt; /dev/null&quot; ==&gt; done OK retw=0
CLI_OUTPUT: /Target1/clk/get sw_info
CLI_OUTPUT: ret /Target1/clk/get sw_info ==&gt; error 201 unknown dispatcher or agent
CLI_OUTPUT: /Target1/action load agent /opt/ccmon/ddal_clk_ccmon_agent clk
CLI_OUTPUT: ret /Target1/action load agent /opt/ccmon/ddal_clk_ccmon_agent clk ==&gt; done OK
CLI_OUTPUT: /Target1/clk/action init clk
CLI_OUTPUT: ret /Target1/clk/action init clk ==&gt; done OK
CLI_OUTPUT: /Target1/cmd/action cmd &quot;ls /opt/ccmon/ddal_id_ccmon_agent &gt; /dev/null&quot;
CLI_OUTPUT: ret /Target1/cmd/action cmd &quot;ls /opt/ccmon/ddal_id_ccmon_agent &gt; /dev/null&quot; ==&gt; done OK retw=0
CLI_OUTPUT: /Target1/id/get sw_info
CLI_OUTPUT: ret /Target1/id/get sw_info ==&gt; error 201 unknown dispatcher or agent
CLI_OUTPUT: /Target1/action load agent /opt/ccmon/ddal_id_ccmon_agent id
CLI_OUTPUT: ret /Target1/action load agent /opt/ccmon/ddal_id_ccmon_agent id ==&gt; done OK
CLI_OUTPUT: /Target1/id/action init id
CLI_OUTPUT: ret /Target1/id/action init id ==&gt; done OK
CLI_OUTPUT: /Target1/cmd/action cmd &quot;ls /opt/ccmon/ddal_led_ccmon_agent &gt; /dev/null&quot;
CLI_OUTPUT: ret /Target1/cmd/action cmd &quot;ls /opt/ccmon/ddal_led_ccmon_agent &gt; /dev/null&quot; ==&gt; done OK retw=0
CLI_OUTPUT: /Target1/led/get sw_info
CLI_OUTPUT: ret /Target1/led/get sw_info ==&gt; error 201 unknown dispatcher or agent
CLI_OUTPUT: /Target1/action load agent /opt/ccmon/ddal_led_ccmon_agent led
CLI_OUTPUT: ret /Target1/action load agent /opt/ccmon/ddal_led_ccmon_agent led ==&gt; done OK
CLI_OUTPUT: /Target1/led/action init led
CLI_OUTPUT: ret /Target1/led/action init led ==&gt; done OK
CLI_OUTPUT: /Target1/cmd/action cmd &quot;ls /opt/ccmon/ddal_lx2_ccmon_agent &gt; /dev/null&quot;
CLI_OUTPUT: ret /Target1/cmd/action cmd &quot;ls /opt/ccmon/ddal_lx2_ccmon_agent &gt; /dev/null&quot; ==&gt; done OK retw=0
CLI_OUTPUT: /Target1/lx2/get sw_info
CLI_OUTPUT: ret /Target1/lx2/get sw_info ==&gt; error 201 unknown dispatcher or agent
CLI_OUTPUT: /Target1/action load agent /opt/ccmon/ddal_lx2_ccmon_agent lx2
CLI_OUTPUT: ret /Target1/action load agent /opt/ccmon/ddal_lx2_ccmon_agent lx2 ==&gt; done OK
CLI_OUTPUT: /Target1/lx2/action init lx2
CLI_OUTPUT: ret /Target1/lx2/action init lx2 ==&gt; done OK
CLI_OUTPUT: /Target1/cmd/action cmd &quot;ls /opt/ccmon/ddal_rpram_ccmon_agent &gt; /dev/null&quot;
CLI_OUTPUT: ret /Target1/cmd/action cmd &quot;ls /opt/ccmon/ddal_rpram_ccmon_agent &gt; /dev/null&quot; ==&gt; done OK retw=0
CLI_OUTPUT: /Target1/rpram/get sw_info
CLI_OUTPUT: ret /Target1/rpram/get sw_info ==&gt; error 201 unknown dispatcher or agent
CLI_OUTPUT: /Target1/action load agent /opt/ccmon/ddal_rpram_ccmon_agent rpram
CLI_OUTPUT: ret /Target1/action load agent /opt/ccmon/ddal_rpram_ccmon_agent rpram ==&gt; done OK
CLI_OUTPUT: /Target1/rpram/action init rpram
CLI_OUTPUT: ret /Target1/rpram/action init rpram ==&gt; done OK
CLI_OUTPUT: /Target1/cmd/action cmd &quot;ls /opt/ccmon/ddal_pwrmon_ccmon_agent &gt; /dev/null&quot;
CLI_OUTPUT: ret /Target1/cmd/action cmd &quot;ls /opt/ccmon/ddal_pwrmon_ccmon_agent &gt; /dev/null&quot; ==&gt; done OK retw=0
CLI_OUTPUT: /Target1/powermon/get sw_info
CLI_OUTPUT: ret /Target1/powermon/get sw_info ==&gt; error 201 unknown dispatcher or agent
CLI_OUTPUT: /Target1/action load agent /opt/ccmon/ddal_pwrmon_ccmon_agent powermon
CLI_OUTPUT: ret /Target1/action load agent /opt/ccmon/ddal_pwrmon_ccmon_agent powermon ==&gt; done OK
CLI_OUTPUT: /Target1/powermon/action init powermon
CLI_OUTPUT: ret /Target1/powermon/action init powermon ==&gt; done OK
CLI_OUTPUT: /Target1/cmd/action cmd &quot;ls /opt/ccmon/ddal_eeprom_ccmon_agent &gt; /dev/null&quot;
CLI_OUTPUT: ret /Target1/cmd/action cmd &quot;ls /opt/ccmon/ddal_eeprom_ccmon_agent &gt; /dev/null&quot; ==&gt; done OK retw=0
CLI_OUTPUT: /Target1/eeprom/get sw_info
CLI_OUTPUT: ret /Target1/eeprom/get sw_info ==&gt; error 201 unknown dispatcher or agent
CLI_OUTPUT: /Target1/action load agent /opt/ccmon/ddal_eeprom_ccmon_agent eeprom
CLI_OUTPUT: ret /Target1/action load agent /opt/ccmon/ddal_eeprom_ccmon_agent eeprom ==&gt; done OK
CLI_OUTPUT: /Target1/eeprom/action init eeprom
CLI_OUTPUT: ret /Target1/eeprom/action init eeprom ==&gt; done OK
CLI_OUTPUT: /Target1/cmd/action cmd &quot;ls /opt/ccmon/ddal_genesis_ccmon_agent &gt; /dev/null&quot;
CLI_OUTPUT: ret /Target1/cmd/action cmd &quot;ls /opt/ccmon/ddal_genesis_ccmon_agent &gt; /dev/null&quot; ==&gt; done OK retw=0
CLI_OUTPUT: /Target1/genesis/get sw_info
CLI_OUTPUT: ret /Target1/genesis/get sw_info ==&gt; error 201 unknown dispatcher or agent
CLI_OUTPUT: /Target1/action load agent /opt/ccmon/ddal_genesis_ccmon_agent genesis
CLI_OUTPUT: ret /Target1/action load agent /opt/ccmon/ddal_genesis_ccmon_agent genesis ==&gt; done OK
CLI_OUTPUT: /Target1/genesis/action init genesis
CLI_OUTPUT: ret /Target1/genesis/action init genesis ==&gt; done OK
CLI_OUTPUT: /Target1/cmd/action cmd &quot;ls /opt/ccmon/ddal_temperature_ccmon_agent &gt; /dev/null&quot;
CLI_OUTPUT: ret /Target1/cmd/action cmd &quot;ls /opt/ccmon/ddal_temperature_ccmon_agent &gt; /dev/null&quot; ==&gt; done OK retw=0
CLI_OUTPUT: /Target1/temperature/get sw_info
CLI_OUTPUT: ret /Target1/temperature/get sw_info ==&gt; error 201 unknown dispatcher or agent
CLI_OUTPUT: /Target1/action load agent /opt/ccmon/ddal_temperature_ccmon_agent temperature
CLI_OUTPUT: ret /Target1/action load agent /opt/ccmon/ddal_temperature_ccmon_agent temperature ==&gt; done OK
CLI_OUTPUT: /Target1/temperature/action init temperature
CLI_OUTPUT: ret /Target1/temperature/action init temperature ==&gt; done OK
CLI_OUTPUT: /Target1/cmd/action cmd &quot;ls /opt/ccmon/ddal_fan_ccmon_agent &gt; /dev/null&quot;
CLI_OUTPUT: ret /Target1/cmd/action cmd &quot;ls /opt/ccmon/ddal_fan_ccmon_agent &gt; /dev/null&quot; ==&gt; done OK retw=0
CLI_OUTPUT: /Target1/fan/get sw_info
CLI_OUTPUT: ret /Target1/fan/get sw_info ==&gt; error 201 unknown dispatcher or agent
CLI_OUTPUT: /Target1/action load agent /opt/ccmon/ddal_fan_ccmon_agent fan
CLI_OUTPUT: ret /Target1/action load agent /opt/ccmon/ddal_fan_ccmon_agent fan ==&gt; done OK
CLI_OUTPUT: /Target1/fan/action init fan
CLI_OUTPUT: ret /Target1/fan/action init fan ==&gt; done OK
CLI_OUTPUT: /Target1/cmd/action cmd &quot;ls /opt/ccmon/ddal_fsp_hwid_ccmon_agent &gt; /dev/null&quot;
CLI_OUTPUT: ret /Target1/cmd/action cmd &quot;ls /opt/ccmon/ddal_fsp_hwid_ccmon_agent &gt; /dev/null&quot; ==&gt; done OK retw=0
CLI_OUTPUT: /Target1/fsp_hwid/get sw_info
CLI_OUTPUT: ret /Target1/fsp_hwid/get sw_info ==&gt; error 201 unknown dispatcher or agent
CLI_OUTPUT: /Target1/action load agent /opt/ccmon/ddal_fsp_hwid_ccmon_agent fsp_hwid
CLI_OUTPUT: ret /Target1/action load agent /opt/ccmon/ddal_fsp_hwid_ccmon_agent fsp_hwid ==&gt; done OK
CLI_OUTPUT: /Target1/fsp_hwid/action init fsp_hwid
CLI_OUTPUT: ret /Target1/fsp_hwid/action init fsp_hwid ==&gt; done OK
CLI_OUTPUT: /Target1/cmd/action cmd &quot;ls /opt/ccmon/ddal_ext_alarm_ccmon_agent &gt; /dev/null&quot;
CLI_OUTPUT: ret /Target1/cmd/action cmd &quot;ls /opt/ccmon/ddal_ext_alarm_ccmon_agent &gt; /dev/null&quot; ==&gt; done OK retw=0
CLI_OUTPUT: /Target1/ext_alarm/get sw_info
CLI_OUTPUT: ret /Target1/ext_alarm/get sw_info ==&gt; error 201 unknown dispatcher or agent
CLI_OUTPUT: /Target1/action load agent /opt/ccmon/ddal_ext_alarm_ccmon_agent ext_alarm
CLI_OUTPUT: ret /Target1/action load agent /opt/ccmon/ddal_ext_alarm_ccmon_agent ext_alarm ==&gt; done OK
CLI_OUTPUT: /Target1/ext_alarm/action init ext_alarm
CLI_OUTPUT: ret /Target1/ext_alarm/action init ext_alarm ==&gt; done OK
CLI_OUTPUT: /Target1/cmd/action cmd &quot;ls /opt/ccmon/ddal_custom_out_ccmon_agent &gt; /dev/null&quot;
CLI_OUTPUT: ret /Target1/cmd/action cmd &quot;ls /opt/ccmon/ddal_custom_out_ccmon_agent &gt; /dev/null&quot; ==&gt; done OK retw=0
CLI_OUTPUT: /Target1/custom_out/get sw_info
CLI_OUTPUT: ret /Target1/custom_out/get sw_info ==&gt; error 201 unknown dispatcher or agent
CLI_OUTPUT: /Target1/action load agent /opt/ccmon/ddal_custom_out_ccmon_agent custom_out
CLI_OUTPUT: ret /Target1/action load agent /opt/ccmon/ddal_custom_out_ccmon_agent custom_out ==&gt; done OK
CLI_OUTPUT: /Target1/custom_out/action init custom_out
CLI_OUTPUT: ret /Target1/custom_out/action init custom_out ==&gt; done OK
CLI_OUTPUT: /Target1/cmd/action cmd &quot;ls /opt/ccmon/devicetree_agent &gt; /dev/null&quot;
CLI_OUTPUT: ret /Target1/cmd/action cmd &quot;ls /opt/ccmon/devicetree_agent &gt; /dev/null&quot; ==&gt; done fail retw=256
SCR_OUTPUT: WARNING: agent devicetree_agent not found
CLI_OUTPUT: /Target1/cmd/action cmd &quot;ls /opt/ccmon/rio_agent &gt; /dev/null&quot;
CLI_OUTPUT: ret /Target1/cmd/action cmd &quot;ls /opt/ccmon/rio_agent &gt; /dev/null&quot; ==&gt; done fail retw=256
SCR_OUTPUT: WARNING: agent rio_agent not found
CLI_OUTPUT: /Target1/cmd/action cmd &quot;ls /opt/ccmon/ddal_ffs_ccmon_agent &gt; /dev/null&quot;
CLI_OUTPUT: ret /Target1/cmd/action cmd &quot;ls /opt/ccmon/ddal_ffs_ccmon_agent &gt; /dev/null&quot; ==&gt; done OK retw=0
CLI_OUTPUT: /Target1/ffs/get sw_info
CLI_OUTPUT: ret /Target1/ffs/get sw_info ==&gt; error 201 unknown dispatcher or agent
CLI_OUTPUT: /Target1/action load agent /opt/ccmon/ddal_ffs_ccmon_agent ffs
CLI_OUTPUT: ret /Target1/action load agent /opt/ccmon/ddal_ffs_ccmon_agent ffs ==&gt; done OK
CLI_OUTPUT: /Target1/ffs/action init ffs
CLI_OUTPUT: ret /Target1/ffs/action init ffs ==&gt; done OK
CLI_OUTPUT: /Target1/cmd/action cmd &quot;ls /opt/ccmon/ddal_casadump_ccmon_agent &gt; /dev/null&quot;
CLI_OUTPUT: ret /Target1/cmd/action cmd &quot;ls /opt/ccmon/ddal_casadump_ccmon_agent &gt; /dev/null&quot; ==&gt; done OK retw=0
CLI_OUTPUT: /Target1/casadump/get sw_info
CLI_OUTPUT: ret /Target1/casadump/get sw_info ==&gt; error 201 unknown dispatcher or agent
CLI_OUTPUT: /Target1/action load agent /opt/ccmon/ddal_casadump_ccmon_agent casadump
CLI_OUTPUT: ret /Target1/action load agent /opt/ccmon/ddal_casadump_ccmon_agent casadump ==&gt; done OK
CLI_OUTPUT: /Target1/casadump/action init casadump
CLI_OUTPUT: ret /Target1/casadump/action init casadump ==&gt; done OK
CLI_OUTPUT: /Target1/cmd/action cmd &quot;ls /opt/ccmon/ddal_ex_switch_ccmon_agent &gt; /dev/null&quot;
CLI_OUTPUT: ret /Target1/cmd/action cmd &quot;ls /opt/ccmon/ddal_ex_switch_ccmon_agent &gt; /dev/null&quot; ==&gt; done OK retw=0
CLI_OUTPUT: /Target1/ex_switch/get sw_info
CLI_OUTPUT: ret /Target1/ex_switch/get sw_info ==&gt; error 201 unknown dispatcher or agent
CLI_OUTPUT: /Target1/action load agent /opt/ccmon/ddal_ex_switch_ccmon_agent ex_switch
CLI_OUTPUT: ret /Target1/action load agent /opt/ccmon/ddal_ex_switch_ccmon_agent ex_switch ==&gt; done OK
CLI_OUTPUT: /Target1/ex_switch/action init ex_switch
CLI_OUTPUT: ret /Target1/ex_switch/action init ex_switch ==&gt; done OK
CLI_OUTPUT: /Target1/cmd/action cmd &quot;ls /opt/ccmon/ddal_sfp_ccmon_agent &gt; /dev/null&quot;
CLI_OUTPUT: ret /Target1/cmd/action cmd &quot;ls /opt/ccmon/ddal_sfp_ccmon_agent &gt; /dev/null&quot; ==&gt; done OK retw=0
CLI_OUTPUT: /Target1/sfp/get sw_info
CLI_OUTPUT: ret /Target1/sfp/get sw_info ==&gt; error 201 unknown dispatcher or agent
CLI_OUTPUT: /Target1/action load agent /opt/ccmon/ddal_sfp_ccmon_agent sfp
CLI_OUTPUT: ret /Target1/action load agent /opt/ccmon/ddal_sfp_ccmon_agent sfp ==&gt; done OK
CLI_OUTPUT: /Target1/sfp/action init sfp
CLI_OUTPUT: ret /Target1/sfp/action init sfp ==&gt; done OK
CLI_OUTPUT: /Target1/cmd/action cmd &quot;ls /opt/ccmon/ddal_gpio_ccmon_agent &gt; /dev/null&quot;
CLI_OUTPUT: ret /Target1/cmd/action cmd &quot;ls /opt/ccmon/ddal_gpio_ccmon_agent &gt; /dev/null&quot; ==&gt; done OK retw=0
CLI_OUTPUT: /Target1/gpio/get sw_info
CLI_OUTPUT: ret /Target1/gpio/get sw_info ==&gt; error 201 unknown dispatcher or agent
CLI_OUTPUT: /Target1/action load agent /opt/ccmon/ddal_gpio_ccmon_agent gpio
CLI_OUTPUT: ret /Target1/action load agent /opt/ccmon/ddal_gpio_ccmon_agent gpio ==&gt; done OK
CLI_OUTPUT: /Target1/gpio/action init gpio
CLI_OUTPUT: ret /Target1/gpio/action init gpio ==&gt; done OK
CLI_OUTPUT: /Target1/cmd/action cmd &quot;ls /opt/ccmon/ddal_ctrl_ccmon_agent &gt; /dev/null&quot;
CLI_OUTPUT: ret /Target1/cmd/action cmd &quot;ls /opt/ccmon/ddal_ctrl_ccmon_agent &gt; /dev/null&quot; ==&gt; done OK retw=0
CLI_OUTPUT: /Target1/ctrl/get sw_info
CLI_OUTPUT: ret /Target1/ctrl/get sw_info ==&gt; error 201 unknown dispatcher or agent
CLI_OUTPUT: /Target1/action load agent /opt/ccmon/ddal_ctrl_ccmon_agent ctrl
CLI_OUTPUT: ret /Target1/action load agent /opt/ccmon/ddal_ctrl_ccmon_agent ctrl ==&gt; done OK
CLI_OUTPUT: /Target1/ctrl/action init ctrl
CLI_OUTPUT: ret /Target1/ctrl/action init ctrl ==&gt; done OK
CLI_OUTPUT: /Target1/cmd/action cmd &quot;ls /opt/ccmon/ddal_register_ccmon_agent &gt; /dev/null&quot;
CLI_OUTPUT: ret /Target1/cmd/action cmd &quot;ls /opt/ccmon/ddal_register_ccmon_agent &gt; /dev/null&quot; ==&gt; done OK retw=0
CLI_OUTPUT: /Target1/register/get sw_info
CLI_OUTPUT: ret /Target1/register/get sw_info ==&gt; error 201 unknown dispatcher or agent
CLI_OUTPUT: /Target1/action load agent /opt/ccmon/ddal_register_ccmon_agent register
CLI_OUTPUT: ret /Target1/action load agent /opt/ccmon/ddal_register_ccmon_agent register ==&gt; done OK
CLI_OUTPUT: /Target1/register/action init register
CLI_OUTPUT: ret /Target1/register/action init register ==&gt; done OK
SCR_OUTPUT: ----------------- TARGET DEFAULT INIT DONE -----------------
CLI_OUTPUT: /Target1/rpram/action ddal_rpram_get DDAL_RPRAM_USER1
CLI_OUTPUT: ret /Target1/rpram/action ddal_rpram_get DDAL_RPRAM_USER1 ==&gt; done OK retv 0 value 957249068
SCR_OUTPUT: called ddal_rpram_get DDAL_RPRAM_USER1 returned 957249068 == 957249068 last written == &gt; OK
CLI_OUTPUT: /Target1/rpram/action ddal_rpram_get DDAL_RPRAM_USER2
CLI_OUTPUT: ret /Target1/rpram/action ddal_rpram_get DDAL_RPRAM_USER2 ==&gt; done OK retv 0 value 957249069
SCR_OUTPUT: called ddal_rpram_get DDAL_RPRAM_USER2 returned 957249069 == 957249069 last written == &gt; OK
CLI_OUTPUT: /Target1/rpram/action ddal_rpram_get DDAL_RPRAM_USER3
CLI_OUTPUT: ret /Target1/rpram/action ddal_rpram_get DDAL_RPRAM_USER3 ==&gt; done OK retv 0 value 957249070
SCR_OUTPUT: called ddal_rpram_get DDAL_RPRAM_USER3 returned 957249070 == 957249070 last written == &gt; OK
CLI_OUTPUT: /Target1/rpram/action ddal_rpram_get DDAL_RPRAM_USER4
CLI_OUTPUT: ret /Target1/rpram/action ddal_rpram_get DDAL_RPRAM_USER4 ==&gt; done OK retv 0 value 957249071
SCR_OUTPUT: called ddal_rpram_get DDAL_RPRAM_USER4 returned 957249071 == 957249071 last written == &gt; OK
CLI_OUTPUT: /Target1/rpram/action ddal_rpram_get DDAL_RPRAM_USER5
CLI_OUTPUT: ret /Target1/rpram/action ddal_rpram_get DDAL_RPRAM_USER5 ==&gt; done OK retv 0 value 957249072
SCR_OUTPUT: called ddal_rpram_get DDAL_RPRAM_USER5 returned 957249072 == 957249072 last written == &gt; OK
CLI_OUTPUT: /Target1/rpram/action ddal_rpram_get DDAL_RPRAM_USER6
CLI_OUTPUT: ret /Target1/rpram/action ddal_rpram_get DDAL_RPRAM_USER6 ==&gt; done OK retv 0 value 957249073
SCR_OUTPUT: called ddal_rpram_get DDAL_RPRAM_USER6 returned 957249073 == 957249073 last written == &gt; OK
CLI_OUTPUT: /Target1/rpram/action ddal_rpram_get DDAL_RPRAM_USER7
CLI_OUTPUT: ret /Target1/rpram/action ddal_rpram_get DDAL_RPRAM_USER7 ==&gt; done OK retv 0 value 957249074
SCR_OUTPUT: called ddal_rpram_get DDAL_RPRAM_USER7 returned 957249074 == 957249074 last written == &gt; OK
CLI_OUTPUT: /Target1/rpram/action ddal_rpram_get DDAL_RPRAM_USER8
CLI_OUTPUT: ret /Target1/rpram/action ddal_rpram_get DDAL_RPRAM_USER8 ==&gt; done OK retv 0 value 957249075
SCR_OUTPUT: called ddal_rpram_get DDAL_RPRAM_USER8 returned 957249075 == 957249075 last written == &gt; OK
CLI_OUTPUT: /Target1/rpram/action ddal_rpram_get DDAL_RPRAM_USER9
CLI_OUTPUT: ret /Target1/rpram/action ddal_rpram_get DDAL_RPRAM_USER9 ==&gt; done OK retv 0 value 957249076
SCR_OUTPUT: called ddal_rpram_get DDAL_RPRAM_USER9 returned 957249076 == 957249076 last written == &gt; OK
CLI_OUTPUT: /Target1/rpram/action ddal_rpram_get DDAL_RPRAM_USER10
CLI_OUTPUT: ret /Target1/rpram/action ddal_rpram_get DDAL_RPRAM_USER10 ==&gt; done OK retv 0 value 957249077
SCR_OUTPUT: called ddal_rpram_get DDAL_RPRAM_USER10 returned 957249077 == 957249077 last written == &gt; OK
CLI_OUTPUT: /Target1/rpram/action ddal_rpram_get DDAL_RPRAM_USER11
CLI_OUTPUT: ret /Target1/rpram/action ddal_rpram_get DDAL_RPRAM_USER11 ==&gt; done OK retv 0 value 957249078
SCR_OUTPUT: called ddal_rpram_get DDAL_RPRAM_USER11 returned 957249078 == 957249078 last written == &gt; OK
CLI_OUTPUT: /Target1/rpram/action ddal_rpram_get DDAL_RPRAM_USER12
CLI_OUTPUT: ret /Target1/rpram/action ddal_rpram_get DDAL_RPRAM_USER12 ==&gt; done OK retv 0 value 957249079
SCR_OUTPUT: called ddal_rpram_get DDAL_RPRAM_USER12 returned 957249079 == 957249079 last written == &gt; OK
CLI_OUTPUT: /Target1/rpram/action ddal_rpram_get DDAL_RPRAM_USER13
CLI_OUTPUT: ret /Target1/rpram/action ddal_rpram_get DDAL_RPRAM_USER13 ==&gt; done OK retv 0 value 957249080
SCR_OUTPUT: called ddal_rpram_get DDAL_RPRAM_USER13 returned 957249080 == 957249080 last written == &gt; OK
CLI_OUTPUT: /Target1/rpram/action ddal_rpram_get DDAL_RPRAM_USER14
CLI_OUTPUT: ret /Target1/rpram/action ddal_rpram_get DDAL_RPRAM_USER14 ==&gt; done OK retv 0 value 957249081
SCR_OUTPUT: called ddal_rpram_get DDAL_RPRAM_USER14 returned 957249081 == 957249081 last written == &gt; OK
CLI_OUTPUT: /Target1/rpram/action ddal_rpram_get DDAL_RPRAM_USER15
CLI_OUTPUT: ret /Target1/rpram/action ddal_rpram_get DDAL_RPRAM_USER15 ==&gt; done OK retv 0 value 957249082
SCR_OUTPUT: called ddal_rpram_get DDAL_RPRAM_USER15 returned 957249082 == 957249082 last written == &gt; OK
CLI_OUTPUT: /Target1/rpram/action ddal_rpram_get DDAL_RPRAM_HW_INIT_STORAGE
CLI_OUTPUT: ret /Target1/rpram/action ddal_rpram_get DDAL_RPRAM_HW_INIT_STORAGE ==&gt; done OK retv 0 value 957249083
SCR_OUTPUT: called ddal_rpram_get DDAL_RPRAM_HW_INIT_STORAGE returned 957249083 == 957249083 last written == &gt; OK
CLI_OUTPUT: /Target1/rpram/action ddal_rpram_get DDAL_RPRAM_RESET_TYPE
CLI_OUTPUT: ret /Target1/rpram/action ddal_rpram_get DDAL_RPRAM_RESET_TYPE ==&gt; done OK retv 0 value 957249084
SCR_OUTPUT: called ddal_rpram_get DDAL_RPRAM_RESET_TYPE returned 957249084 == 957249084 last written == &gt; OK
CLI_OUTPUT: /Target1/rpram/action ddal_rpram_get DDAL_RPRAM_ISTI
CLI_OUTPUT: ret /Target1/rpram/action ddal_rpram_get DDAL_RPRAM_ISTI ==&gt; done OK retv 0 value 957249085
SCR_OUTPUT: called ddal_rpram_get DDAL_RPRAM_ISTI returned 957249085 == 957249085 last written == &gt; OK
SCR_OUTPUT: ##### Test Case End: TC_03100_004 PASSED (0)
</stdout>
          <failedSince>0</failedSince>
        </case>
        <case>
          <duration>33.0</duration>
          <className>HW_03100_basic_rpram_tests</className>
          <testName>TC_03100_004 write data; reboot; verify data_1</testName>
          <skipped>false</skipped>
          <stdout>
SCR_OUTPUT: ##### Test Case Start: TC_03100_004  write data; reboot; verify data
CLI_OUTPUT: /Target1/rpram/action ddal_rpram_set DDAL_RPRAM_USER1 29122589
CLI_OUTPUT: ret /Target1/rpram/action ddal_rpram_set DDAL_RPRAM_USER1 29122589 ==&gt; done OK retv 0
SCR_OUTPUT: called ddal_rpram_set DDAL_RPRAM_USER1 29122589  ==&gt; OK
CLI_OUTPUT: /Target1/rpram/action ddal_rpram_set DDAL_RPRAM_USER2 29122590
CLI_OUTPUT: ret /Target1/rpram/action ddal_rpram_set DDAL_RPRAM_USER2 29122590 ==&gt; done OK retv 0
SCR_OUTPUT: called ddal_rpram_set DDAL_RPRAM_USER2 29122590  ==&gt; OK
CLI_OUTPUT: /Target1/rpram/action ddal_rpram_set DDAL_RPRAM_USER3 29122591
CLI_OUTPUT: ret /Target1/rpram/action ddal_rpram_set DDAL_RPRAM_USER3 29122591 ==&gt; done OK retv 0
SCR_OUTPUT: called ddal_rpram_set DDAL_RPRAM_USER3 29122591  ==&gt; OK
CLI_OUTPUT: /Target1/rpram/action ddal_rpram_set DDAL_RPRAM_USER4 29122592
CLI_OUTPUT: ret /Target1/rpram/action ddal_rpram_set DDAL_RPRAM_USER4 29122592 ==&gt; done OK retv 0
SCR_OUTPUT: called ddal_rpram_set DDAL_RPRAM_USER4 29122592  ==&gt; OK
CLI_OUTPUT: /Target1/rpram/action ddal_rpram_set DDAL_RPRAM_USER5 29122593
CLI_OUTPUT: ret /Target1/rpram/action ddal_rpram_set DDAL_RPRAM_USER5 29122593 ==&gt; done OK retv 0
SCR_OUTPUT: called ddal_rpram_set DDAL_RPRAM_USER5 29122593  ==&gt; OK
CLI_OUTPUT: /Target1/rpram/action ddal_rpram_set DDAL_RPRAM_USER6 29122594
CLI_OUTPUT: ret /Target1/rpram/action ddal_rpram_set DDAL_RPRAM_USER6 29122594 ==&gt; done OK retv 0
SCR_OUTPUT: called ddal_rpram_set DDAL_RPRAM_USER6 29122594  ==&gt; OK
CLI_OUTPUT: /Target1/rpram/action ddal_rpram_set DDAL_RPRAM_USER7 29122595
CLI_OUTPUT: ret /Target1/rpram/action ddal_rpram_set DDAL_RPRAM_USER7 29122595 ==&gt; done OK retv 0
SCR_OUTPUT: called ddal_rpram_set DDAL_RPRAM_USER7 29122595  ==&gt; OK
CLI_OUTPUT: /Target1/rpram/action ddal_rpram_set DDAL_RPRAM_USER8 29122596
CLI_OUTPUT: ret /Target1/rpram/action ddal_rpram_set DDAL_RPRAM_USER8 29122596 ==&gt; done OK retv 0
SCR_OUTPUT: called ddal_rpram_set DDAL_RPRAM_USER8 29122596  ==&gt; OK
CLI_OUTPUT: /Target1/rpram/action ddal_rpram_set DDAL_RPRAM_USER9 29122597
CLI_OUTPUT: ret /Target1/rpram/action ddal_rpram_set DDAL_RPRAM_USER9 29122597 ==&gt; done OK retv 0
SCR_OUTPUT: called ddal_rpram_set DDAL_RPRAM_USER9 29122597  ==&gt; OK
CLI_OUTPUT: /Target1/rpram/action ddal_rpram_set DDAL_RPRAM_USER10 29122598
CLI_OUTPUT: ret /Target1/rpram/action ddal_rpram_set DDAL_RPRAM_USER10 29122598 ==&gt; done OK retv 0
SCR_OUTPUT: called ddal_rpram_set DDAL_RPRAM_USER10 29122598  ==&gt; OK
CLI_OUTPUT: /Target1/rpram/action ddal_rpram_set DDAL_RPRAM_USER11 29122599
CLI_OUTPUT: ret /Target1/rpram/action ddal_rpram_set DDAL_RPRAM_USER11 29122599 ==&gt; done OK retv 0
SCR_OUTPUT: called ddal_rpram_set DDAL_RPRAM_USER11 29122599  ==&gt; OK
CLI_OUTPUT: /Target1/rpram/action ddal_rpram_set DDAL_RPRAM_USER12 29122600
CLI_OUTPUT: ret /Target1/rpram/action ddal_rpram_set DDAL_RPRAM_USER12 29122600 ==&gt; done OK retv 0
SCR_OUTPUT: called ddal_rpram_set DDAL_RPRAM_USER12 29122600  ==&gt; OK
CLI_OUTPUT: /Target1/rpram/action ddal_rpram_set DDAL_RPRAM_USER13 29122601
CLI_OUTPUT: ret /Target1/rpram/action ddal_rpram_set DDAL_RPRAM_USER13 29122601 ==&gt; done OK retv 0
SCR_OUTPUT: called ddal_rpram_set DDAL_RPRAM_USER13 29122601  ==&gt; OK
CLI_OUTPUT: /Target1/rpram/action ddal_rpram_set DDAL_RPRAM_USER14 29122602
CLI_OUTPUT: ret /Target1/rpram/action ddal_rpram_set DDAL_RPRAM_USER14 29122602 ==&gt; done OK retv 0
SCR_OUTPUT: called ddal_rpram_set DDAL_RPRAM_USER14 29122602  ==&gt; OK
CLI_OUTPUT: /Target1/rpram/action ddal_rpram_set DDAL_RPRAM_USER15 29122603
CLI_OUTPUT: ret /Target1/rpram/action ddal_rpram_set DDAL_RPRAM_USER15 29122603 ==&gt; done OK retv 0
SCR_OUTPUT: called ddal_rpram_set DDAL_RPRAM_USER15 29122603  ==&gt; OK
CLI_OUTPUT: /Target1/rpram/action ddal_rpram_set DDAL_RPRAM_HW_INIT_STORAGE 29122604
CLI_OUTPUT: ret /Target1/rpram/action ddal_rpram_set DDAL_RPRAM_HW_INIT_STORAGE 29122604 ==&gt; done OK retv 0
SCR_OUTPUT: called ddal_rpram_set DDAL_RPRAM_HW_INIT_STORAGE 29122604  ==&gt; OK
CLI_OUTPUT: /Target1/rpram/action ddal_rpram_set DDAL_RPRAM_RESET_TYPE 29122605
CLI_OUTPUT: ret /Target1/rpram/action ddal_rpram_set DDAL_RPRAM_RESET_TYPE 29122605 ==&gt; done OK retv 0
SCR_OUTPUT: called ddal_rpram_set DDAL_RPRAM_RESET_TYPE 29122605  ==&gt; OK
CLI_OUTPUT: /Target1/rpram/action ddal_rpram_set DDAL_RPRAM_ISTI 29122606
CLI_OUTPUT: ret /Target1/rpram/action ddal_rpram_set DDAL_RPRAM_ISTI 29122606 ==&gt; done OK retv 0
SCR_OUTPUT: called ddal_rpram_set DDAL_RPRAM_ISTI 29122606  ==&gt; OK
CLI_OUTPUT: /Target1/rpram/action ddal_rpram_set DDAL_RPRAM_POR_MAGIC_LOW 29122607
CLI_OUTPUT: ret /Target1/rpram/action ddal_rpram_set DDAL_RPRAM_POR_MAGIC_LOW 29122607 ==&gt; done OK retv 0
SCR_OUTPUT: called ddal_rpram_set DDAL_RPRAM_POR_MAGIC_LOW 29122607  ==&gt; OK
CLI_OUTPUT: /Target1/rpram/action ddal_rpram_set DDAL_RPRAM_POR_MAGIC_HIGH 29122608
CLI_OUTPUT: ret /Target1/rpram/action ddal_rpram_set DDAL_RPRAM_POR_MAGIC_HIGH 29122608 ==&gt; done OK retv 0
SCR_OUTPUT: called ddal_rpram_set DDAL_RPRAM_POR_MAGIC_HIGH 29122608  ==&gt; OK
SCR_OUTPUT: Start reboot.
CLI_OUTPUT: /Target1/cmd/action cmd reboot
CLI_OUTPUT: ret /Target1/cmd/action cmd reboot ==&gt; done OK retw=0
SCR_OUTPUT: Wait until reboot is in progess ...
SCR_OUTPUT: 0
CLI_OUTPUT: /Target1/cmd/action cmd echo 0 
CLI_OUTPUT: ret /Target1/cmd/action cmd echo 0 ==&gt; done OK retw=0
SCR_OUTPUT: 1
CLI_OUTPUT: /Target1/cmd/action cmd echo 1 
CLI_OUTPUT: ret /Target1/cmd/action cmd echo 1 ==&gt; done OK retw=0
SCR_OUTPUT: 2
CLI_OUTPUT: /Target1/cmd/action cmd echo 2 
CLI_OUTPUT: ret /Target1/cmd/action cmd echo 2 ==&gt; done OK retw=0
SCR_OUTPUT: 3
CLI_OUTPUT: /Target1/cmd/action cmd echo 3 
CLI_OUTPUT: ret /Target1/cmd/action cmd echo 3 ==&gt; done OK retw=0
SCR_OUTPUT: 4
CLI_OUTPUT: /Target1/cmd/action cmd echo 4 
CLI_OUTPUT: ret /Target1/cmd/action cmd echo 4 ==&gt; done OK retw=0
SCR_OUTPUT: 5
CLI_OUTPUT: /Target1/cmd/action cmd echo 5 
CLI_OUTPUT: ret /Target1/cmd/action cmd echo 5 ==&gt; done OK retw=0
SCR_OUTPUT: 6
CLI_OUTPUT: /Target1/cmd/action cmd echo 6 
CLI_OUTPUT: ret /Target1/cmd/action cmd echo 6 ==&gt; done OK retw=0
SCR_OUTPUT: 7
CLI_OUTPUT: /Target1/cmd/action cmd echo 7 
CLI_OUTPUT: ret /Target1/cmd/action cmd echo 7 ==&gt; done OK retw=0
SCR_OUTPUT: 8
CLI_OUTPUT: /Target1/cmd/action cmd echo 8 
CLI_OUTPUT: ret /Target1/cmd/action cmd echo 8 ==&gt; done OK retw=0
SCR_OUTPUT: 9
CLI_OUTPUT: /Target1/cmd/action cmd echo 9 
CLI_OUTPUT: ret /Target1/cmd/action cmd echo 9 ==&gt; done OK retw=0
SCR_OUTPUT: 10
CLI_OUTPUT: /Target1/cmd/action cmd echo 10 
CLI_OUTPUT: ret /Target1/cmd/action cmd echo 10 ==&gt; done OK retw=0
SCR_OUTPUT: 11
CLI_OUTPUT: /Target1/cmd/action cmd echo 11 
CLI_OUTPUT: ret /Target1/cmd/action cmd echo 11 ==&gt; done OK retw=0
SCR_OUTPUT: 12
CLI_OUTPUT: /Target1/cmd/action cmd echo 12 
CLI_OUTPUT: ret /Target1/cmd/action cmd echo 12 ==&gt; done OK retw=0
SCR_OUTPUT: 13
CLI_OUTPUT: /Target1/cmd/action cmd echo 13 
CLI_OUTPUT: ret /Target1/cmd/action cmd echo 13 ==&gt; done OK retw=0
SCR_OUTPUT: 14
CLI_OUTPUT: /Target1/cmd/action cmd echo 14 
CLI_OUTPUT: ret /Target1/cmd/action cmd echo 14 ==&gt; done OK retw=0
SCR_OUTPUT: 15
CLI_OUTPUT: /Target1/cmd/action cmd echo 15 
DLG_OUTPUT: {FMon Error:} {Connection To Communication Channel:  Target1  Lost !} error 0 OK
SCR_OUTPUT: Wait until is comming up!
SCR_OUTPUT: open_cc: Target1
DLG_OUTPUT: {FMon Error:} {Connection To Communication Channel:  Target1  Lost !} error 0 OK
DLG_OUTPUT: {FMon Error:} {Connection To Communication Channel:  Target1  Lost !} error 0 OK
DLG_OUTPUT: {FMon Error:} {Connection To Communication Channel:  Target1  Lost !} error 0 OK
DLG_OUTPUT: {FMon Error:} {Connection To Communication Channel:  Target1  Lost !} error 0 OK
DLG_OUTPUT: {FMon Error:} {Connection To Communication Channel:  Target1  Lost !} error 0 OK
DLG_OUTPUT: {FMon Error:} {Connection To Communication Channel:  Target1  Lost !} error 0 OK
DLG_OUTPUT: {FMon Error:} {Connection To Communication Channel:  Target1  Lost !} error 0 OK
DLG_OUTPUT: {FMon Error:} {Connection To Communication Channel:  Target1  Lost !} error 0 OK
DLG_OUTPUT: {FMon Error:} {Connection To Communication Channel:  Target1  Lost !} error 0 OK
CLI_OUTPUT: /Target1/get noti_switch global
CLI_OUTPUT: ret /Target1/get noti_switch global ==&gt; on
CLI_OUTPUT: /Target1/get sw_info
CLI_OUTPUT: ret /Target1/get sw_info ==&gt; CCMon2 2.5.4 ready
SCR_OUTPUT: open_cc: Target1 OK
SCR_OUTPUT: open_cc: Target1
CLI_OUTPUT: /Target1/get noti_switch global
CLI_OUTPUT: ret /Target1/get noti_switch global ==&gt; on
CLI_OUTPUT: /Target1/get sw_info
CLI_OUTPUT: ret /Target1/get sw_info ==&gt; CCMon2 2.5.4 ready
SCR_OUTPUT: open_cc: Target1 OK
CLI_OUTPUT: /Target1/cmd/get sw_info
CLI_OUTPUT: ret /Target1/cmd/get sw_info ==&gt; error 201 unknown dispatcher or agent
CLI_OUTPUT: /Target1/action load agent /opt/ccmon/cmdagent cmd
CLI_OUTPUT: ret /Target1/action load agent /opt/ccmon/cmdagent cmd ==&gt; done OK
CLI_OUTPUT: /Target1/cmd/action init cmd
CLI_OUTPUT: ret /Target1/cmd/action init cmd ==&gt; done OK
CLI_OUTPUT: /Target1/cmd/action exec uname -a
CLI_OUTPUT: ret /Target1/cmd/action exec uname -a ==&gt; done ok 0 0 {Linux fcmd15 3.14.51-g82d8086-fcmd #1 PREEMPT Thu Oct 29 17:38:53 UTC 2015 ppc GNU/Linux}
CLI_OUTPUT: /Target1/cmd/action exec ifconfig
CLI_OUTPUT: ret /Target1/cmd/action exec ifconfig ==&gt; done ok 0 0 {eth0 Link encap:Ethernet HWaddr 00:04:AC:E3:0F:75} {inet addr:129.168.4.185 Bcast:129.168.255.255 Mask:255.255.0.0} {inet6 addr: fe80::204:acff:fee3:f75%3218649600/64 Scope:Link} {UP BROADCAST RUNNING MULTICAST MTU:1500 Metric:1} {RX packets:167 errors:0 dropped:50 overruns:0 frame:0} {TX packets:32 errors:0 dropped:0 overruns:0 carrier:0} {collisions:0 txqueuelen:1000} {RX bytes:16406 (16.0 KiB) TX bytes:3596 (3.5 KiB)} {Base address:0x8000} {} {lo Link encap:Local Loopback} {inet addr:127.0.0.1 Mask:255.0.0.0} {inet6 addr: ::1%3218649600/128 Scope:Host} {UP LOOPBACK RUNNING MTU:65536 Metric:1} {RX packets:486 errors:0 dropped:0 overruns:0 frame:0} {TX packets:486 errors:0 dropped:0 overruns:0 carrier:0} {collisions:0 txqueuelen:0} {RX bytes:77226 (75.4 KiB) TX bytes:77226 (75.4 KiB)} {}
SCR_OUTPUT: Target IP: inet addr:129.168.4.185 Bcast:129.168.255.255 Mask:255.255.0.0
CLI_OUTPUT: /Target1/cmd/action exec &quot;cat /etc/psl_version&quot;
CLI_OUTPUT: ret /Target1/cmd/action exec &quot;cat /etc/psl_version&quot; ==&gt; done ok 0 0 {PS_LFS_OS_2015_10_0748 (fcmd)}
SCR_OUTPUT: PSL Version: PS_LFS_OS_2015_10_0748 (fcmd)
SCR_OUTPUT: BOS Version: 
CLI_OUTPUT: /Target1/cmd/action cmd &quot;ls /etc/build_infos&quot;
CLI_OUTPUT: ret /Target1/cmd/action cmd &quot;ls /etc/build_infos&quot; ==&gt; done fail retw=256
SCR_OUTPUT: System Type: FCM2
CLI_OUTPUT: /Target1/cmd/action cmd &quot;ls /opt/ccmon/memdump_agent &gt; /dev/null&quot;
CLI_OUTPUT: ret /Target1/cmd/action cmd &quot;ls /opt/ccmon/memdump_agent &gt; /dev/null&quot; ==&gt; done OK retw=0
CLI_OUTPUT: /Target1/memdump/get sw_info
CLI_OUTPUT: ret /Target1/memdump/get sw_info ==&gt; error 201 unknown dispatcher or agent
CLI_OUTPUT: /Target1/action load agent /opt/ccmon/memdump_agent memdump
CLI_OUTPUT: ret /Target1/action load agent /opt/ccmon/memdump_agent memdump ==&gt; done OK
CLI_OUTPUT: /Target1/memdump/action init memdump
CLI_OUTPUT: ret /Target1/memdump/action init memdump ==&gt; done OK
CLI_OUTPUT: /Target1/cmd/action cmd &quot;ls /opt/ccmon/ddal_sfn_ccmon_agent &gt; /dev/null&quot;
CLI_OUTPUT: ret /Target1/cmd/action cmd &quot;ls /opt/ccmon/ddal_sfn_ccmon_agent &gt; /dev/null&quot; ==&gt; done OK retw=0
CLI_OUTPUT: /Target1/sfn/get sw_info
CLI_OUTPUT: ret /Target1/sfn/get sw_info ==&gt; error 201 unknown dispatcher or agent
CLI_OUTPUT: /Target1/action load agent /opt/ccmon/ddal_sfn_ccmon_agent sfn
CLI_OUTPUT: ret /Target1/action load agent /opt/ccmon/ddal_sfn_ccmon_agent sfn ==&gt; done OK
CLI_OUTPUT: /Target1/sfn/action init sfn
CLI_OUTPUT: ret /Target1/sfn/action init sfn ==&gt; done OK
CLI_OUTPUT: /Target1/cmd/action cmd &quot;ls /opt/ccmon/ddal_reset_ccmon_agent &gt; /dev/null&quot;
CLI_OUTPUT: ret /Target1/cmd/action cmd &quot;ls /opt/ccmon/ddal_reset_ccmon_agent &gt; /dev/null&quot; ==&gt; done OK retw=0
CLI_OUTPUT: /Target1/reset/get sw_info
CLI_OUTPUT: ret /Target1/reset/get sw_info ==&gt; error 201 unknown dispatcher or agent
CLI_OUTPUT: /Target1/action load agent /opt/ccmon/ddal_reset_ccmon_agent reset
CLI_OUTPUT: ret /Target1/action load agent /opt/ccmon/ddal_reset_ccmon_agent reset ==&gt; done OK
CLI_OUTPUT: /Target1/reset/action init reset
CLI_OUTPUT: ret /Target1/reset/action init reset ==&gt; done OK
CLI_OUTPUT: /Target1/cmd/action cmd &quot;ls /opt/ccmon/ddal_power_ccmon_agent &gt; /dev/null&quot;
CLI_OUTPUT: ret /Target1/cmd/action cmd &quot;ls /opt/ccmon/ddal_power_ccmon_agent &gt; /dev/null&quot; ==&gt; done OK retw=0
CLI_OUTPUT: /Target1/power/get sw_info
CLI_OUTPUT: ret /Target1/power/get sw_info ==&gt; error 201 unknown dispatcher or agent
CLI_OUTPUT: /Target1/action load agent /opt/ccmon/ddal_power_ccmon_agent power
CLI_OUTPUT: ret /Target1/action load agent /opt/ccmon/ddal_power_ccmon_agent power ==&gt; done OK
CLI_OUTPUT: /Target1/power/action init power
CLI_OUTPUT: ret /Target1/power/action init power ==&gt; done OK
CLI_OUTPUT: /Target1/cmd/action cmd &quot;ls /opt/ccmon/ddal_l2mem_ccmon_agent &gt; /dev/null&quot;
CLI_OUTPUT: ret /Target1/cmd/action cmd &quot;ls /opt/ccmon/ddal_l2mem_ccmon_agent &gt; /dev/null&quot; ==&gt; done OK retw=0
CLI_OUTPUT: /Target1/l2mem/get sw_info
CLI_OUTPUT: ret /Target1/l2mem/get sw_info ==&gt; error 201 unknown dispatcher or agent
CLI_OUTPUT: /Target1/action load agent /opt/ccmon/ddal_l2mem_ccmon_agent l2mem
CLI_OUTPUT: ret /Target1/action load agent /opt/ccmon/ddal_l2mem_ccmon_agent l2mem ==&gt; done OK
CLI_OUTPUT: /Target1/l2mem/action init l2mem
CLI_OUTPUT: ret /Target1/l2mem/action init l2mem ==&gt; done OK
CLI_OUTPUT: /Target1/cmd/action cmd &quot;ls /opt/ccmon/ddal_clk_ccmon_agent &gt; /dev/null&quot;
CLI_OUTPUT: ret /Target1/cmd/action cmd &quot;ls /opt/ccmon/ddal_clk_ccmon_agent &gt; /dev/null&quot; ==&gt; done OK retw=0
CLI_OUTPUT: /Target1/clk/get sw_info
CLI_OUTPUT: ret /Target1/clk/get sw_info ==&gt; error 201 unknown dispatcher or agent
CLI_OUTPUT: /Target1/action load agent /opt/ccmon/ddal_clk_ccmon_agent clk
CLI_OUTPUT: ret /Target1/action load agent /opt/ccmon/ddal_clk_ccmon_agent clk ==&gt; done OK
CLI_OUTPUT: /Target1/clk/action init clk
CLI_OUTPUT: ret /Target1/clk/action init clk ==&gt; done OK
CLI_OUTPUT: /Target1/cmd/action cmd &quot;ls /opt/ccmon/ddal_id_ccmon_agent &gt; /dev/null&quot;
CLI_OUTPUT: ret /Target1/cmd/action cmd &quot;ls /opt/ccmon/ddal_id_ccmon_agent &gt; /dev/null&quot; ==&gt; done OK retw=0
CLI_OUTPUT: /Target1/id/get sw_info
CLI_OUTPUT: ret /Target1/id/get sw_info ==&gt; error 201 unknown dispatcher or agent
CLI_OUTPUT: /Target1/action load agent /opt/ccmon/ddal_id_ccmon_agent id
CLI_OUTPUT: ret /Target1/action load agent /opt/ccmon/ddal_id_ccmon_agent id ==&gt; done OK
CLI_OUTPUT: /Target1/id/action init id
CLI_OUTPUT: ret /Target1/id/action init id ==&gt; done OK
CLI_OUTPUT: /Target1/cmd/action cmd &quot;ls /opt/ccmon/ddal_led_ccmon_agent &gt; /dev/null&quot;
CLI_OUTPUT: ret /Target1/cmd/action cmd &quot;ls /opt/ccmon/ddal_led_ccmon_agent &gt; /dev/null&quot; ==&gt; done OK retw=0
CLI_OUTPUT: /Target1/led/get sw_info
CLI_OUTPUT: ret /Target1/led/get sw_info ==&gt; error 201 unknown dispatcher or agent
CLI_OUTPUT: /Target1/action load agent /opt/ccmon/ddal_led_ccmon_agent led
CLI_OUTPUT: ret /Target1/action load agent /opt/ccmon/ddal_led_ccmon_agent led ==&gt; done OK
CLI_OUTPUT: /Target1/led/action init led
CLI_OUTPUT: ret /Target1/led/action init led ==&gt; done OK
CLI_OUTPUT: /Target1/cmd/action cmd &quot;ls /opt/ccmon/ddal_lx2_ccmon_agent &gt; /dev/null&quot;
CLI_OUTPUT: ret /Target1/cmd/action cmd &quot;ls /opt/ccmon/ddal_lx2_ccmon_agent &gt; /dev/null&quot; ==&gt; done OK retw=0
CLI_OUTPUT: /Target1/lx2/get sw_info
CLI_OUTPUT: ret /Target1/lx2/get sw_info ==&gt; error 201 unknown dispatcher or agent
CLI_OUTPUT: /Target1/action load agent /opt/ccmon/ddal_lx2_ccmon_agent lx2
CLI_OUTPUT: ret /Target1/action load agent /opt/ccmon/ddal_lx2_ccmon_agent lx2 ==&gt; done OK
CLI_OUTPUT: /Target1/lx2/action init lx2
CLI_OUTPUT: ret /Target1/lx2/action init lx2 ==&gt; done OK
CLI_OUTPUT: /Target1/cmd/action cmd &quot;ls /opt/ccmon/ddal_rpram_ccmon_agent &gt; /dev/null&quot;
CLI_OUTPUT: ret /Target1/cmd/action cmd &quot;ls /opt/ccmon/ddal_rpram_ccmon_agent &gt; /dev/null&quot; ==&gt; done OK retw=0
CLI_OUTPUT: /Target1/rpram/get sw_info
CLI_OUTPUT: ret /Target1/rpram/get sw_info ==&gt; error 201 unknown dispatcher or agent
CLI_OUTPUT: /Target1/action load agent /opt/ccmon/ddal_rpram_ccmon_agent rpram
CLI_OUTPUT: ret /Target1/action load agent /opt/ccmon/ddal_rpram_ccmon_agent rpram ==&gt; done OK
CLI_OUTPUT: /Target1/rpram/action init rpram
CLI_OUTPUT: ret /Target1/rpram/action init rpram ==&gt; done OK
CLI_OUTPUT: /Target1/cmd/action cmd &quot;ls /opt/ccmon/ddal_pwrmon_ccmon_agent &gt; /dev/null&quot;
CLI_OUTPUT: ret /Target1/cmd/action cmd &quot;ls /opt/ccmon/ddal_pwrmon_ccmon_agent &gt; /dev/null&quot; ==&gt; done OK retw=0
CLI_OUTPUT: /Target1/powermon/get sw_info
CLI_OUTPUT: ret /Target1/powermon/get sw_info ==&gt; error 201 unknown dispatcher or agent
CLI_OUTPUT: /Target1/action load agent /opt/ccmon/ddal_pwrmon_ccmon_agent powermon
CLI_OUTPUT: ret /Target1/action load agent /opt/ccmon/ddal_pwrmon_ccmon_agent powermon ==&gt; done OK
CLI_OUTPUT: /Target1/powermon/action init powermon
CLI_OUTPUT: ret /Target1/powermon/action init powermon ==&gt; done OK
CLI_OUTPUT: /Target1/cmd/action cmd &quot;ls /opt/ccmon/ddal_eeprom_ccmon_agent &gt; /dev/null&quot;
CLI_OUTPUT: ret /Target1/cmd/action cmd &quot;ls /opt/ccmon/ddal_eeprom_ccmon_agent &gt; /dev/null&quot; ==&gt; done OK retw=0
CLI_OUTPUT: /Target1/eeprom/get sw_info
CLI_OUTPUT: ret /Target1/eeprom/get sw_info ==&gt; error 201 unknown dispatcher or agent
CLI_OUTPUT: /Target1/action load agent /opt/ccmon/ddal_eeprom_ccmon_agent eeprom
CLI_OUTPUT: ret /Target1/action load agent /opt/ccmon/ddal_eeprom_ccmon_agent eeprom ==&gt; done OK
CLI_OUTPUT: /Target1/eeprom/action init eeprom
CLI_OUTPUT: ret /Target1/eeprom/action init eeprom ==&gt; done OK
CLI_OUTPUT: /Target1/cmd/action cmd &quot;ls /opt/ccmon/ddal_genesis_ccmon_agent &gt; /dev/null&quot;
CLI_OUTPUT: ret /Target1/cmd/action cmd &quot;ls /opt/ccmon/ddal_genesis_ccmon_agent &gt; /dev/null&quot; ==&gt; done OK retw=0
CLI_OUTPUT: /Target1/genesis/get sw_info
CLI_OUTPUT: ret /Target1/genesis/get sw_info ==&gt; error 201 unknown dispatcher or agent
CLI_OUTPUT: /Target1/action load agent /opt/ccmon/ddal_genesis_ccmon_agent genesis
CLI_OUTPUT: ret /Target1/action load agent /opt/ccmon/ddal_genesis_ccmon_agent genesis ==&gt; done OK
CLI_OUTPUT: /Target1/genesis/action init genesis
CLI_OUTPUT: ret /Target1/genesis/action init genesis ==&gt; done OK
CLI_OUTPUT: /Target1/cmd/action cmd &quot;ls /opt/ccmon/ddal_temperature_ccmon_agent &gt; /dev/null&quot;
CLI_OUTPUT: ret /Target1/cmd/action cmd &quot;ls /opt/ccmon/ddal_temperature_ccmon_agent &gt; /dev/null&quot; ==&gt; done OK retw=0
CLI_OUTPUT: /Target1/temperature/get sw_info
CLI_OUTPUT: ret /Target1/temperature/get sw_info ==&gt; error 201 unknown dispatcher or agent
CLI_OUTPUT: /Target1/action load agent /opt/ccmon/ddal_temperature_ccmon_agent temperature
CLI_OUTPUT: ret /Target1/action load agent /opt/ccmon/ddal_temperature_ccmon_agent temperature ==&gt; done OK
CLI_OUTPUT: /Target1/temperature/action init temperature
CLI_OUTPUT: ret /Target1/temperature/action init temperature ==&gt; done OK
CLI_OUTPUT: /Target1/cmd/action cmd &quot;ls /opt/ccmon/ddal_fan_ccmon_agent &gt; /dev/null&quot;
CLI_OUTPUT: ret /Target1/cmd/action cmd &quot;ls /opt/ccmon/ddal_fan_ccmon_agent &gt; /dev/null&quot; ==&gt; done OK retw=0
CLI_OUTPUT: /Target1/fan/get sw_info
CLI_OUTPUT: ret /Target1/fan/get sw_info ==&gt; error 201 unknown dispatcher or agent
CLI_OUTPUT: /Target1/action load agent /opt/ccmon/ddal_fan_ccmon_agent fan
CLI_OUTPUT: ret /Target1/action load agent /opt/ccmon/ddal_fan_ccmon_agent fan ==&gt; done OK
CLI_OUTPUT: /Target1/fan/action init fan
CLI_OUTPUT: ret /Target1/fan/action init fan ==&gt; done OK
CLI_OUTPUT: /Target1/cmd/action cmd &quot;ls /opt/ccmon/ddal_fsp_hwid_ccmon_agent &gt; /dev/null&quot;
CLI_OUTPUT: ret /Target1/cmd/action cmd &quot;ls /opt/ccmon/ddal_fsp_hwid_ccmon_agent &gt; /dev/null&quot; ==&gt; done OK retw=0
CLI_OUTPUT: /Target1/fsp_hwid/get sw_info
CLI_OUTPUT: ret /Target1/fsp_hwid/get sw_info ==&gt; error 201 unknown dispatcher or agent
CLI_OUTPUT: /Target1/action load agent /opt/ccmon/ddal_fsp_hwid_ccmon_agent fsp_hwid
CLI_OUTPUT: ret /Target1/action load agent /opt/ccmon/ddal_fsp_hwid_ccmon_agent fsp_hwid ==&gt; done OK
CLI_OUTPUT: /Target1/fsp_hwid/action init fsp_hwid
CLI_OUTPUT: ret /Target1/fsp_hwid/action init fsp_hwid ==&gt; done OK
CLI_OUTPUT: /Target1/cmd/action cmd &quot;ls /opt/ccmon/ddal_ext_alarm_ccmon_agent &gt; /dev/null&quot;
CLI_OUTPUT: ret /Target1/cmd/action cmd &quot;ls /opt/ccmon/ddal_ext_alarm_ccmon_agent &gt; /dev/null&quot; ==&gt; done OK retw=0
CLI_OUTPUT: /Target1/ext_alarm/get sw_info
CLI_OUTPUT: ret /Target1/ext_alarm/get sw_info ==&gt; error 201 unknown dispatcher or agent
CLI_OUTPUT: /Target1/action load agent /opt/ccmon/ddal_ext_alarm_ccmon_agent ext_alarm
CLI_OUTPUT: ret /Target1/action load agent /opt/ccmon/ddal_ext_alarm_ccmon_agent ext_alarm ==&gt; done OK
CLI_OUTPUT: /Target1/ext_alarm/action init ext_alarm
CLI_OUTPUT: ret /Target1/ext_alarm/action init ext_alarm ==&gt; done OK
CLI_OUTPUT: /Target1/cmd/action cmd &quot;ls /opt/ccmon/ddal_custom_out_ccmon_agent &gt; /dev/null&quot;
CLI_OUTPUT: ret /Target1/cmd/action cmd &quot;ls /opt/ccmon/ddal_custom_out_ccmon_agent &gt; /dev/null&quot; ==&gt; done OK retw=0
CLI_OUTPUT: /Target1/custom_out/get sw_info
CLI_OUTPUT: ret /Target1/custom_out/get sw_info ==&gt; error 201 unknown dispatcher or agent
CLI_OUTPUT: /Target1/action load agent /opt/ccmon/ddal_custom_out_ccmon_agent custom_out
CLI_OUTPUT: ret /Target1/action load agent /opt/ccmon/ddal_custom_out_ccmon_agent custom_out ==&gt; done OK
CLI_OUTPUT: /Target1/custom_out/action init custom_out
CLI_OUTPUT: ret /Target1/custom_out/action init custom_out ==&gt; done OK
CLI_OUTPUT: /Target1/cmd/action cmd &quot;ls /opt/ccmon/devicetree_agent &gt; /dev/null&quot;
CLI_OUTPUT: ret /Target1/cmd/action cmd &quot;ls /opt/ccmon/devicetree_agent &gt; /dev/null&quot; ==&gt; done fail retw=256
SCR_OUTPUT: WARNING: agent devicetree_agent not found
CLI_OUTPUT: /Target1/cmd/action cmd &quot;ls /opt/ccmon/rio_agent &gt; /dev/null&quot;
CLI_OUTPUT: ret /Target1/cmd/action cmd &quot;ls /opt/ccmon/rio_agent &gt; /dev/null&quot; ==&gt; done fail retw=256
SCR_OUTPUT: WARNING: agent rio_agent not found
CLI_OUTPUT: /Target1/cmd/action cmd &quot;ls /opt/ccmon/ddal_ffs_ccmon_agent &gt; /dev/null&quot;
CLI_OUTPUT: ret /Target1/cmd/action cmd &quot;ls /opt/ccmon/ddal_ffs_ccmon_agent &gt; /dev/null&quot; ==&gt; done OK retw=0
CLI_OUTPUT: /Target1/ffs/get sw_info
CLI_OUTPUT: ret /Target1/ffs/get sw_info ==&gt; error 201 unknown dispatcher or agent
CLI_OUTPUT: /Target1/action load agent /opt/ccmon/ddal_ffs_ccmon_agent ffs
CLI_OUTPUT: ret /Target1/action load agent /opt/ccmon/ddal_ffs_ccmon_agent ffs ==&gt; done OK
CLI_OUTPUT: /Target1/ffs/action init ffs
CLI_OUTPUT: ret /Target1/ffs/action init ffs ==&gt; done OK
CLI_OUTPUT: /Target1/cmd/action cmd &quot;ls /opt/ccmon/ddal_casadump_ccmon_agent &gt; /dev/null&quot;
CLI_OUTPUT: ret /Target1/cmd/action cmd &quot;ls /opt/ccmon/ddal_casadump_ccmon_agent &gt; /dev/null&quot; ==&gt; done OK retw=0
CLI_OUTPUT: /Target1/casadump/get sw_info
CLI_OUTPUT: ret /Target1/casadump/get sw_info ==&gt; error 201 unknown dispatcher or agent
CLI_OUTPUT: /Target1/action load agent /opt/ccmon/ddal_casadump_ccmon_agent casadump
CLI_OUTPUT: ret /Target1/action load agent /opt/ccmon/ddal_casadump_ccmon_agent casadump ==&gt; done OK
CLI_OUTPUT: /Target1/casadump/action init casadump
CLI_OUTPUT: ret /Target1/casadump/action init casadump ==&gt; done OK
CLI_OUTPUT: /Target1/cmd/action cmd &quot;ls /opt/ccmon/ddal_ex_switch_ccmon_agent &gt; /dev/null&quot;
CLI_OUTPUT: ret /Target1/cmd/action cmd &quot;ls /opt/ccmon/ddal_ex_switch_ccmon_agent &gt; /dev/null&quot; ==&gt; done OK retw=0
CLI_OUTPUT: /Target1/ex_switch/get sw_info
CLI_OUTPUT: ret /Target1/ex_switch/get sw_info ==&gt; error 201 unknown dispatcher or agent
CLI_OUTPUT: /Target1/action load agent /opt/ccmon/ddal_ex_switch_ccmon_agent ex_switch
CLI_OUTPUT: ret /Target1/action load agent /opt/ccmon/ddal_ex_switch_ccmon_agent ex_switch ==&gt; done OK
CLI_OUTPUT: /Target1/ex_switch/action init ex_switch
CLI_OUTPUT: ret /Target1/ex_switch/action init ex_switch ==&gt; done OK
CLI_OUTPUT: /Target1/cmd/action cmd &quot;ls /opt/ccmon/ddal_sfp_ccmon_agent &gt; /dev/null&quot;
CLI_OUTPUT: ret /Target1/cmd/action cmd &quot;ls /opt/ccmon/ddal_sfp_ccmon_agent &gt; /dev/null&quot; ==&gt; done OK retw=0
CLI_OUTPUT: /Target1/sfp/get sw_info
CLI_OUTPUT: ret /Target1/sfp/get sw_info ==&gt; error 201 unknown dispatcher or agent
CLI_OUTPUT: /Target1/action load agent /opt/ccmon/ddal_sfp_ccmon_agent sfp
CLI_OUTPUT: ret /Target1/action load agent /opt/ccmon/ddal_sfp_ccmon_agent sfp ==&gt; done OK
CLI_OUTPUT: /Target1/sfp/action init sfp
CLI_OUTPUT: ret /Target1/sfp/action init sfp ==&gt; done OK
CLI_OUTPUT: /Target1/cmd/action cmd &quot;ls /opt/ccmon/ddal_gpio_ccmon_agent &gt; /dev/null&quot;
CLI_OUTPUT: ret /Target1/cmd/action cmd &quot;ls /opt/ccmon/ddal_gpio_ccmon_agent &gt; /dev/null&quot; ==&gt; done OK retw=0
CLI_OUTPUT: /Target1/gpio/get sw_info
CLI_OUTPUT: ret /Target1/gpio/get sw_info ==&gt; error 201 unknown dispatcher or agent
CLI_OUTPUT: /Target1/action load agent /opt/ccmon/ddal_gpio_ccmon_agent gpio
CLI_OUTPUT: ret /Target1/action load agent /opt/ccmon/ddal_gpio_ccmon_agent gpio ==&gt; done OK
CLI_OUTPUT: /Target1/gpio/action init gpio
CLI_OUTPUT: ret /Target1/gpio/action init gpio ==&gt; done OK
CLI_OUTPUT: /Target1/cmd/action cmd &quot;ls /opt/ccmon/ddal_ctrl_ccmon_agent &gt; /dev/null&quot;
CLI_OUTPUT: ret /Target1/cmd/action cmd &quot;ls /opt/ccmon/ddal_ctrl_ccmon_agent &gt; /dev/null&quot; ==&gt; done OK retw=0
CLI_OUTPUT: /Target1/ctrl/get sw_info
CLI_OUTPUT: ret /Target1/ctrl/get sw_info ==&gt; error 201 unknown dispatcher or agent
CLI_OUTPUT: /Target1/action load agent /opt/ccmon/ddal_ctrl_ccmon_agent ctrl
CLI_OUTPUT: ret /Target1/action load agent /opt/ccmon/ddal_ctrl_ccmon_agent ctrl ==&gt; done OK
CLI_OUTPUT: /Target1/ctrl/action init ctrl
CLI_OUTPUT: ret /Target1/ctrl/action init ctrl ==&gt; done OK
CLI_OUTPUT: /Target1/cmd/action cmd &quot;ls /opt/ccmon/ddal_register_ccmon_agent &gt; /dev/null&quot;
CLI_OUTPUT: ret /Target1/cmd/action cmd &quot;ls /opt/ccmon/ddal_register_ccmon_agent &gt; /dev/null&quot; ==&gt; done OK retw=0
CLI_OUTPUT: /Target1/register/get sw_info
CLI_OUTPUT: ret /Target1/register/get sw_info ==&gt; error 201 unknown dispatcher or agent
CLI_OUTPUT: /Target1/action load agent /opt/ccmon/ddal_register_ccmon_agent register
CLI_OUTPUT: ret /Target1/action load agent /opt/ccmon/ddal_register_ccmon_agent register ==&gt; done OK
CLI_OUTPUT: /Target1/register/action init register
CLI_OUTPUT: ret /Target1/register/action init register ==&gt; done OK
SCR_OUTPUT: ----------------- TARGET DEFAULT INIT DONE -----------------
CLI_OUTPUT: /Target1/rpram/action ddal_rpram_get DDAL_RPRAM_USER1
CLI_OUTPUT: ret /Target1/rpram/action ddal_rpram_get DDAL_RPRAM_USER1 ==&gt; done OK retv 0 value 29122589
SCR_OUTPUT: called ddal_rpram_get DDAL_RPRAM_USER1 returned 29122589 == 29122589 last written == &gt; OK
CLI_OUTPUT: /Target1/rpram/action ddal_rpram_get DDAL_RPRAM_USER2
CLI_OUTPUT: ret /Target1/rpram/action ddal_rpram_get DDAL_RPRAM_USER2 ==&gt; done OK retv 0 value 29122590
SCR_OUTPUT: called ddal_rpram_get DDAL_RPRAM_USER2 returned 29122590 == 29122590 last written == &gt; OK
CLI_OUTPUT: /Target1/rpram/action ddal_rpram_get DDAL_RPRAM_USER3
CLI_OUTPUT: ret /Target1/rpram/action ddal_rpram_get DDAL_RPRAM_USER3 ==&gt; done OK retv 0 value 29122591
SCR_OUTPUT: called ddal_rpram_get DDAL_RPRAM_USER3 returned 29122591 == 29122591 last written == &gt; OK
CLI_OUTPUT: /Target1/rpram/action ddal_rpram_get DDAL_RPRAM_USER4
CLI_OUTPUT: ret /Target1/rpram/action ddal_rpram_get DDAL_RPRAM_USER4 ==&gt; done OK retv 0 value 29122592
SCR_OUTPUT: called ddal_rpram_get DDAL_RPRAM_USER4 returned 29122592 == 29122592 last written == &gt; OK
CLI_OUTPUT: /Target1/rpram/action ddal_rpram_get DDAL_RPRAM_USER5
CLI_OUTPUT: ret /Target1/rpram/action ddal_rpram_get DDAL_RPRAM_USER5 ==&gt; done OK retv 0 value 29122593
SCR_OUTPUT: called ddal_rpram_get DDAL_RPRAM_USER5 returned 29122593 == 29122593 last written == &gt; OK
CLI_OUTPUT: /Target1/rpram/action ddal_rpram_get DDAL_RPRAM_USER6
CLI_OUTPUT: ret /Target1/rpram/action ddal_rpram_get DDAL_RPRAM_USER6 ==&gt; done OK retv 0 value 29122594
SCR_OUTPUT: called ddal_rpram_get DDAL_RPRAM_USER6 returned 29122594 == 29122594 last written == &gt; OK
CLI_OUTPUT: /Target1/rpram/action ddal_rpram_get DDAL_RPRAM_USER7
CLI_OUTPUT: ret /Target1/rpram/action ddal_rpram_get DDAL_RPRAM_USER7 ==&gt; done OK retv 0 value 29122595
SCR_OUTPUT: called ddal_rpram_get DDAL_RPRAM_USER7 returned 29122595 == 29122595 last written == &gt; OK
CLI_OUTPUT: /Target1/rpram/action ddal_rpram_get DDAL_RPRAM_USER8
CLI_OUTPUT: ret /Target1/rpram/action ddal_rpram_get DDAL_RPRAM_USER8 ==&gt; done OK retv 0 value 29122596
SCR_OUTPUT: called ddal_rpram_get DDAL_RPRAM_USER8 returned 29122596 == 29122596 last written == &gt; OK
CLI_OUTPUT: /Target1/rpram/action ddal_rpram_get DDAL_RPRAM_USER9
CLI_OUTPUT: ret /Target1/rpram/action ddal_rpram_get DDAL_RPRAM_USER9 ==&gt; done OK retv 0 value 29122597
SCR_OUTPUT: called ddal_rpram_get DDAL_RPRAM_USER9 returned 29122597 == 29122597 last written == &gt; OK
CLI_OUTPUT: /Target1/rpram/action ddal_rpram_get DDAL_RPRAM_USER10
CLI_OUTPUT: ret /Target1/rpram/action ddal_rpram_get DDAL_RPRAM_USER10 ==&gt; done OK retv 0 value 29122598
SCR_OUTPUT: called ddal_rpram_get DDAL_RPRAM_USER10 returned 29122598 == 29122598 last written == &gt; OK
CLI_OUTPUT: /Target1/rpram/action ddal_rpram_get DDAL_RPRAM_USER11
CLI_OUTPUT: ret /Target1/rpram/action ddal_rpram_get DDAL_RPRAM_USER11 ==&gt; done OK retv 0 value 29122599
SCR_OUTPUT: called ddal_rpram_get DDAL_RPRAM_USER11 returned 29122599 == 29122599 last written == &gt; OK
CLI_OUTPUT: /Target1/rpram/action ddal_rpram_get DDAL_RPRAM_USER12
CLI_OUTPUT: ret /Target1/rpram/action ddal_rpram_get DDAL_RPRAM_USER12 ==&gt; done OK retv 0 value 29122600
SCR_OUTPUT: called ddal_rpram_get DDAL_RPRAM_USER12 returned 29122600 == 29122600 last written == &gt; OK
CLI_OUTPUT: /Target1/rpram/action ddal_rpram_get DDAL_RPRAM_USER13
CLI_OUTPUT: ret /Target1/rpram/action ddal_rpram_get DDAL_RPRAM_USER13 ==&gt; done OK retv 0 value 29122601
SCR_OUTPUT: called ddal_rpram_get DDAL_RPRAM_USER13 returned 29122601 == 29122601 last written == &gt; OK
CLI_OUTPUT: /Target1/rpram/action ddal_rpram_get DDAL_RPRAM_USER14
CLI_OUTPUT: ret /Target1/rpram/action ddal_rpram_get DDAL_RPRAM_USER14 ==&gt; done OK retv 0 value 29122602
SCR_OUTPUT: called ddal_rpram_get DDAL_RPRAM_USER14 returned 29122602 == 29122602 last written == &gt; OK
CLI_OUTPUT: /Target1/rpram/action ddal_rpram_get DDAL_RPRAM_USER15
CLI_OUTPUT: ret /Target1/rpram/action ddal_rpram_get DDAL_RPRAM_USER15 ==&gt; done OK retv 0 value 29122603
SCR_OUTPUT: called ddal_rpram_get DDAL_RPRAM_USER15 returned 29122603 == 29122603 last written == &gt; OK
CLI_OUTPUT: /Target1/rpram/action ddal_rpram_get DDAL_RPRAM_HW_INIT_STORAGE
CLI_OUTPUT: ret /Target1/rpram/action ddal_rpram_get DDAL_RPRAM_HW_INIT_STORAGE ==&gt; done OK retv 0 value 29122604
SCR_OUTPUT: called ddal_rpram_get DDAL_RPRAM_HW_INIT_STORAGE returned 29122604 == 29122604 last written == &gt; OK
CLI_OUTPUT: /Target1/rpram/action ddal_rpram_get DDAL_RPRAM_RESET_TYPE
CLI_OUTPUT: ret /Target1/rpram/action ddal_rpram_get DDAL_RPRAM_RESET_TYPE ==&gt; done OK retv 0 value 29122605
SCR_OUTPUT: called ddal_rpram_get DDAL_RPRAM_RESET_TYPE returned 29122605 == 29122605 last written == &gt; OK
CLI_OUTPUT: /Target1/rpram/action ddal_rpram_get DDAL_RPRAM_ISTI
CLI_OUTPUT: ret /Target1/rpram/action ddal_rpram_get DDAL_RPRAM_ISTI ==&gt; done OK retv 0 value 29122606
SCR_OUTPUT: called ddal_rpram_get DDAL_RPRAM_ISTI returned 29122606 == 29122606 last written == &gt; OK
SCR_OUTPUT: ##### Test Case End: TC_03100_004 PASSED (0)
</stdout>
          <failedSince>0</failedSince>
        </case>
        <case>
          <duration>33.0</duration>
          <className>HW_03100_basic_rpram_tests</className>
          <testName>TC_03100_004 write data; reboot; verify data_2</testName>
          <skipped>false</skipped>
          <stdout>
SCR_OUTPUT: ##### Test Case Start: TC_03100_004  write data; reboot; verify data
CLI_OUTPUT: /Target1/rpram/action ddal_rpram_set DDAL_RPRAM_USER1 1204786792
CLI_OUTPUT: ret /Target1/rpram/action ddal_rpram_set DDAL_RPRAM_USER1 1204786792 ==&gt; done OK retv 0
SCR_OUTPUT: called ddal_rpram_set DDAL_RPRAM_USER1 1204786792  ==&gt; OK
CLI_OUTPUT: /Target1/rpram/action ddal_rpram_set DDAL_RPRAM_USER2 1204786793
CLI_OUTPUT: ret /Target1/rpram/action ddal_rpram_set DDAL_RPRAM_USER2 1204786793 ==&gt; done OK retv 0
SCR_OUTPUT: called ddal_rpram_set DDAL_RPRAM_USER2 1204786793  ==&gt; OK
CLI_OUTPUT: /Target1/rpram/action ddal_rpram_set DDAL_RPRAM_USER3 1204786794
CLI_OUTPUT: ret /Target1/rpram/action ddal_rpram_set DDAL_RPRAM_USER3 1204786794 ==&gt; done OK retv 0
SCR_OUTPUT: called ddal_rpram_set DDAL_RPRAM_USER3 1204786794  ==&gt; OK
CLI_OUTPUT: /Target1/rpram/action ddal_rpram_set DDAL_RPRAM_USER4 1204786795
CLI_OUTPUT: ret /Target1/rpram/action ddal_rpram_set DDAL_RPRAM_USER4 1204786795 ==&gt; done OK retv 0
SCR_OUTPUT: called ddal_rpram_set DDAL_RPRAM_USER4 1204786795  ==&gt; OK
CLI_OUTPUT: /Target1/rpram/action ddal_rpram_set DDAL_RPRAM_USER5 1204786796
CLI_OUTPUT: ret /Target1/rpram/action ddal_rpram_set DDAL_RPRAM_USER5 1204786796 ==&gt; done OK retv 0
SCR_OUTPUT: called ddal_rpram_set DDAL_RPRAM_USER5 1204786796  ==&gt; OK
CLI_OUTPUT: /Target1/rpram/action ddal_rpram_set DDAL_RPRAM_USER6 1204786797
CLI_OUTPUT: ret /Target1/rpram/action ddal_rpram_set DDAL_RPRAM_USER6 1204786797 ==&gt; done OK retv 0
SCR_OUTPUT: called ddal_rpram_set DDAL_RPRAM_USER6 1204786797  ==&gt; OK
CLI_OUTPUT: /Target1/rpram/action ddal_rpram_set DDAL_RPRAM_USER7 1204786798
CLI_OUTPUT: ret /Target1/rpram/action ddal_rpram_set DDAL_RPRAM_USER7 1204786798 ==&gt; done OK retv 0
SCR_OUTPUT: called ddal_rpram_set DDAL_RPRAM_USER7 1204786798  ==&gt; OK
CLI_OUTPUT: /Target1/rpram/action ddal_rpram_set DDAL_RPRAM_USER8 1204786799
CLI_OUTPUT: ret /Target1/rpram/action ddal_rpram_set DDAL_RPRAM_USER8 1204786799 ==&gt; done OK retv 0
SCR_OUTPUT: called ddal_rpram_set DDAL_RPRAM_USER8 1204786799  ==&gt; OK
CLI_OUTPUT: /Target1/rpram/action ddal_rpram_set DDAL_RPRAM_USER9 1204786800
CLI_OUTPUT: ret /Target1/rpram/action ddal_rpram_set DDAL_RPRAM_USER9 1204786800 ==&gt; done OK retv 0
SCR_OUTPUT: called ddal_rpram_set DDAL_RPRAM_USER9 1204786800  ==&gt; OK
CLI_OUTPUT: /Target1/rpram/action ddal_rpram_set DDAL_RPRAM_USER10 1204786801
CLI_OUTPUT: ret /Target1/rpram/action ddal_rpram_set DDAL_RPRAM_USER10 1204786801 ==&gt; done OK retv 0
SCR_OUTPUT: called ddal_rpram_set DDAL_RPRAM_USER10 1204786801  ==&gt; OK
CLI_OUTPUT: /Target1/rpram/action ddal_rpram_set DDAL_RPRAM_USER11 1204786802
CLI_OUTPUT: ret /Target1/rpram/action ddal_rpram_set DDAL_RPRAM_USER11 1204786802 ==&gt; done OK retv 0
SCR_OUTPUT: called ddal_rpram_set DDAL_RPRAM_USER11 1204786802  ==&gt; OK
CLI_OUTPUT: /Target1/rpram/action ddal_rpram_set DDAL_RPRAM_USER12 1204786803
CLI_OUTPUT: ret /Target1/rpram/action ddal_rpram_set DDAL_RPRAM_USER12 1204786803 ==&gt; done OK retv 0
SCR_OUTPUT: called ddal_rpram_set DDAL_RPRAM_USER12 1204786803  ==&gt; OK
CLI_OUTPUT: /Target1/rpram/action ddal_rpram_set DDAL_RPRAM_USER13 1204786804
CLI_OUTPUT: ret /Target1/rpram/action ddal_rpram_set DDAL_RPRAM_USER13 1204786804 ==&gt; done OK retv 0
SCR_OUTPUT: called ddal_rpram_set DDAL_RPRAM_USER13 1204786804  ==&gt; OK
CLI_OUTPUT: /Target1/rpram/action ddal_rpram_set DDAL_RPRAM_USER14 1204786805
CLI_OUTPUT: ret /Target1/rpram/action ddal_rpram_set DDAL_RPRAM_USER14 1204786805 ==&gt; done OK retv 0
SCR_OUTPUT: called ddal_rpram_set DDAL_RPRAM_USER14 1204786805  ==&gt; OK
CLI_OUTPUT: /Target1/rpram/action ddal_rpram_set DDAL_RPRAM_USER15 1204786806
CLI_OUTPUT: ret /Target1/rpram/action ddal_rpram_set DDAL_RPRAM_USER15 1204786806 ==&gt; done OK retv 0
SCR_OUTPUT: called ddal_rpram_set DDAL_RPRAM_USER15 1204786806  ==&gt; OK
CLI_OUTPUT: /Target1/rpram/action ddal_rpram_set DDAL_RPRAM_HW_INIT_STORAGE 1204786807
CLI_OUTPUT: ret /Target1/rpram/action ddal_rpram_set DDAL_RPRAM_HW_INIT_STORAGE 1204786807 ==&gt; done OK retv 0
SCR_OUTPUT: called ddal_rpram_set DDAL_RPRAM_HW_INIT_STORAGE 1204786807  ==&gt; OK
CLI_OUTPUT: /Target1/rpram/action ddal_rpram_set DDAL_RPRAM_RESET_TYPE 1204786808
CLI_OUTPUT: ret /Target1/rpram/action ddal_rpram_set DDAL_RPRAM_RESET_TYPE 1204786808 ==&gt; done OK retv 0
SCR_OUTPUT: called ddal_rpram_set DDAL_RPRAM_RESET_TYPE 1204786808  ==&gt; OK
CLI_OUTPUT: /Target1/rpram/action ddal_rpram_set DDAL_RPRAM_ISTI 1204786809
CLI_OUTPUT: ret /Target1/rpram/action ddal_rpram_set DDAL_RPRAM_ISTI 1204786809 ==&gt; done OK retv 0
SCR_OUTPUT: called ddal_rpram_set DDAL_RPRAM_ISTI 1204786809  ==&gt; OK
CLI_OUTPUT: /Target1/rpram/action ddal_rpram_set DDAL_RPRAM_POR_MAGIC_LOW 1204786810
CLI_OUTPUT: ret /Target1/rpram/action ddal_rpram_set DDAL_RPRAM_POR_MAGIC_LOW 1204786810 ==&gt; done OK retv 0
SCR_OUTPUT: called ddal_rpram_set DDAL_RPRAM_POR_MAGIC_LOW 1204786810  ==&gt; OK
CLI_OUTPUT: /Target1/rpram/action ddal_rpram_set DDAL_RPRAM_POR_MAGIC_HIGH 1204786811
CLI_OUTPUT: ret /Target1/rpram/action ddal_rpram_set DDAL_RPRAM_POR_MAGIC_HIGH 1204786811 ==&gt; done OK retv 0
SCR_OUTPUT: called ddal_rpram_set DDAL_RPRAM_POR_MAGIC_HIGH 1204786811  ==&gt; OK
SCR_OUTPUT: Start reboot.
CLI_OUTPUT: /Target1/cmd/action cmd reboot
CLI_OUTPUT: ret /Target1/cmd/action cmd reboot ==&gt; done OK retw=0
SCR_OUTPUT: Wait until reboot is in progess ...
SCR_OUTPUT: 0
CLI_OUTPUT: /Target1/cmd/action cmd echo 0 
CLI_OUTPUT: ret /Target1/cmd/action cmd echo 0 ==&gt; done OK retw=0
SCR_OUTPUT: 1
CLI_OUTPUT: /Target1/cmd/action cmd echo 1 
CLI_OUTPUT: ret /Target1/cmd/action cmd echo 1 ==&gt; done OK retw=0
SCR_OUTPUT: 2
CLI_OUTPUT: /Target1/cmd/action cmd echo 2 
CLI_OUTPUT: ret /Target1/cmd/action cmd echo 2 ==&gt; done OK retw=0
SCR_OUTPUT: 3
CLI_OUTPUT: /Target1/cmd/action cmd echo 3 
CLI_OUTPUT: ret /Target1/cmd/action cmd echo 3 ==&gt; done OK retw=0
SCR_OUTPUT: 4
CLI_OUTPUT: /Target1/cmd/action cmd echo 4 
CLI_OUTPUT: ret /Target1/cmd/action cmd echo 4 ==&gt; done OK retw=0
SCR_OUTPUT: 5
CLI_OUTPUT: /Target1/cmd/action cmd echo 5 
CLI_OUTPUT: ret /Target1/cmd/action cmd echo 5 ==&gt; done OK retw=0
SCR_OUTPUT: 6
CLI_OUTPUT: /Target1/cmd/action cmd echo 6 
CLI_OUTPUT: ret /Target1/cmd/action cmd echo 6 ==&gt; done OK retw=0
SCR_OUTPUT: 7
CLI_OUTPUT: /Target1/cmd/action cmd echo 7 
CLI_OUTPUT: ret /Target1/cmd/action cmd echo 7 ==&gt; done OK retw=0
SCR_OUTPUT: 8
CLI_OUTPUT: /Target1/cmd/action cmd echo 8 
CLI_OUTPUT: ret /Target1/cmd/action cmd echo 8 ==&gt; done OK retw=0
SCR_OUTPUT: 9
CLI_OUTPUT: /Target1/cmd/action cmd echo 9 
CLI_OUTPUT: ret /Target1/cmd/action cmd echo 9 ==&gt; done OK retw=0
SCR_OUTPUT: 10
CLI_OUTPUT: /Target1/cmd/action cmd echo 10 
CLI_OUTPUT: ret /Target1/cmd/action cmd echo 10 ==&gt; done OK retw=0
SCR_OUTPUT: 11
CLI_OUTPUT: /Target1/cmd/action cmd echo 11 
CLI_OUTPUT: ret /Target1/cmd/action cmd echo 11 ==&gt; done OK retw=0
SCR_OUTPUT: 12
CLI_OUTPUT: /Target1/cmd/action cmd echo 12 
CLI_OUTPUT: ret /Target1/cmd/action cmd echo 12 ==&gt; done OK retw=0
SCR_OUTPUT: 13
CLI_OUTPUT: /Target1/cmd/action cmd echo 13 
CLI_OUTPUT: ret /Target1/cmd/action cmd echo 13 ==&gt; done OK retw=0
SCR_OUTPUT: 14
CLI_OUTPUT: /Target1/cmd/action cmd echo 14 
CLI_OUTPUT: ret /Target1/cmd/action cmd echo 14 ==&gt; done OK retw=0
SCR_OUTPUT: 15
CLI_OUTPUT: /Target1/cmd/action cmd echo 15 
DLG_OUTPUT: {FMon Error:} {Connection To Communication Channel:  Target1  Lost !} error 0 OK
SCR_OUTPUT: Wait until is comming up!
SCR_OUTPUT: open_cc: Target1
DLG_OUTPUT: {FMon Error:} {Connection To Communication Channel:  Target1  Lost !} error 0 OK
DLG_OUTPUT: {FMon Error:} {Connection To Communication Channel:  Target1  Lost !} error 0 OK
DLG_OUTPUT: {FMon Error:} {Connection To Communication Channel:  Target1  Lost !} error 0 OK
DLG_OUTPUT: {FMon Error:} {Connection To Communication Channel:  Target1  Lost !} error 0 OK
DLG_OUTPUT: {FMon Error:} {Connection To Communication Channel:  Target1  Lost !} error 0 OK
DLG_OUTPUT: {FMon Error:} {Connection To Communication Channel:  Target1  Lost !} error 0 OK
DLG_OUTPUT: {FMon Error:} {Connection To Communication Channel:  Target1  Lost !} error 0 OK
DLG_OUTPUT: {FMon Error:} {Connection To Communication Channel:  Target1  Lost !} error 0 OK
DLG_OUTPUT: {FMon Error:} {Connection To Communication Channel:  Target1  Lost !} error 0 OK
CLI_OUTPUT: /Target1/get noti_switch global
CLI_OUTPUT: ret /Target1/get noti_switch global ==&gt; on
CLI_OUTPUT: /Target1/get sw_info
CLI_OUTPUT: ret /Target1/get sw_info ==&gt; CCMon2 2.5.4 ready
SCR_OUTPUT: open_cc: Target1 OK
SCR_OUTPUT: open_cc: Target1
CLI_OUTPUT: /Target1/get noti_switch global
CLI_OUTPUT: ret /Target1/get noti_switch global ==&gt; on
CLI_OUTPUT: /Target1/get sw_info
CLI_OUTPUT: ret /Target1/get sw_info ==&gt; CCMon2 2.5.4 ready
SCR_OUTPUT: open_cc: Target1 OK
CLI_OUTPUT: /Target1/cmd/get sw_info
CLI_OUTPUT: ret /Target1/cmd/get sw_info ==&gt; error 201 unknown dispatcher or agent
CLI_OUTPUT: /Target1/action load agent /opt/ccmon/cmdagent cmd
CLI_OUTPUT: ret /Target1/action load agent /opt/ccmon/cmdagent cmd ==&gt; done OK
CLI_OUTPUT: /Target1/cmd/action init cmd
CLI_OUTPUT: ret /Target1/cmd/action init cmd ==&gt; done OK
CLI_OUTPUT: /Target1/cmd/action exec uname -a
CLI_OUTPUT: ret /Target1/cmd/action exec uname -a ==&gt; done ok 0 0 {Linux fcmd15 3.14.51-g82d8086-fcmd #1 PREEMPT Thu Oct 29 17:38:53 UTC 2015 ppc GNU/Linux}
CLI_OUTPUT: /Target1/cmd/action exec ifconfig
CLI_OUTPUT: ret /Target1/cmd/action exec ifconfig ==&gt; done ok 0 0 {eth0 Link encap:Ethernet HWaddr 00:04:AC:E3:0F:75} {inet addr:129.168.4.185 Bcast:129.168.255.255 Mask:255.255.0.0} {inet6 addr: fe80::204:acff:fee3:f75%3217367456/64 Scope:Link} {UP BROADCAST RUNNING MULTICAST MTU:1500 Metric:1} {RX packets:184 errors:0 dropped:49 overruns:0 frame:0} {TX packets:32 errors:0 dropped:0 overruns:0 carrier:0} {collisions:0 txqueuelen:1000} {RX bytes:17773 (17.3 KiB) TX bytes:3596 (3.5 KiB)} {Base address:0x8000} {} {lo Link encap:Local Loopback} {inet addr:127.0.0.1 Mask:255.0.0.0} {inet6 addr: ::1%3217367456/128 Scope:Host} {UP LOOPBACK RUNNING MTU:65536 Metric:1} {RX packets:486 errors:0 dropped:0 overruns:0 frame:0} {TX packets:486 errors:0 dropped:0 overruns:0 carrier:0} {collisions:0 txqueuelen:0} {RX bytes:77226 (75.4 KiB) TX bytes:77226 (75.4 KiB)} {}
SCR_OUTPUT: Target IP: inet addr:129.168.4.185 Bcast:129.168.255.255 Mask:255.255.0.0
CLI_OUTPUT: /Target1/cmd/action exec &quot;cat /etc/psl_version&quot;
CLI_OUTPUT: ret /Target1/cmd/action exec &quot;cat /etc/psl_version&quot; ==&gt; done ok 0 0 {PS_LFS_OS_2015_10_0748 (fcmd)}
SCR_OUTPUT: PSL Version: PS_LFS_OS_2015_10_0748 (fcmd)
SCR_OUTPUT: BOS Version: 
CLI_OUTPUT: /Target1/cmd/action cmd &quot;ls /etc/build_infos&quot;
CLI_OUTPUT: ret /Target1/cmd/action cmd &quot;ls /etc/build_infos&quot; ==&gt; done fail retw=256
SCR_OUTPUT: System Type: FCM2
CLI_OUTPUT: /Target1/cmd/action cmd &quot;ls /opt/ccmon/memdump_agent &gt; /dev/null&quot;
CLI_OUTPUT: ret /Target1/cmd/action cmd &quot;ls /opt/ccmon/memdump_agent &gt; /dev/null&quot; ==&gt; done OK retw=0
CLI_OUTPUT: /Target1/memdump/get sw_info
CLI_OUTPUT: ret /Target1/memdump/get sw_info ==&gt; error 201 unknown dispatcher or agent
CLI_OUTPUT: /Target1/action load agent /opt/ccmon/memdump_agent memdump
CLI_OUTPUT: ret /Target1/action load agent /opt/ccmon/memdump_agent memdump ==&gt; done OK
CLI_OUTPUT: /Target1/memdump/action init memdump
CLI_OUTPUT: ret /Target1/memdump/action init memdump ==&gt; done OK
CLI_OUTPUT: /Target1/cmd/action cmd &quot;ls /opt/ccmon/ddal_sfn_ccmon_agent &gt; /dev/null&quot;
CLI_OUTPUT: ret /Target1/cmd/action cmd &quot;ls /opt/ccmon/ddal_sfn_ccmon_agent &gt; /dev/null&quot; ==&gt; done OK retw=0
CLI_OUTPUT: /Target1/sfn/get sw_info
CLI_OUTPUT: ret /Target1/sfn/get sw_info ==&gt; error 201 unknown dispatcher or agent
CLI_OUTPUT: /Target1/action load agent /opt/ccmon/ddal_sfn_ccmon_agent sfn
CLI_OUTPUT: ret /Target1/action load agent /opt/ccmon/ddal_sfn_ccmon_agent sfn ==&gt; done OK
CLI_OUTPUT: /Target1/sfn/action init sfn
CLI_OUTPUT: ret /Target1/sfn/action init sfn ==&gt; done OK
CLI_OUTPUT: /Target1/cmd/action cmd &quot;ls /opt/ccmon/ddal_reset_ccmon_agent &gt; /dev/null&quot;
CLI_OUTPUT: ret /Target1/cmd/action cmd &quot;ls /opt/ccmon/ddal_reset_ccmon_agent &gt; /dev/null&quot; ==&gt; done OK retw=0
CLI_OUTPUT: /Target1/reset/get sw_info
CLI_OUTPUT: ret /Target1/reset/get sw_info ==&gt; error 201 unknown dispatcher or agent
CLI_OUTPUT: /Target1/action load agent /opt/ccmon/ddal_reset_ccmon_agent reset
CLI_OUTPUT: ret /Target1/action load agent /opt/ccmon/ddal_reset_ccmon_agent reset ==&gt; done OK
CLI_OUTPUT: /Target1/reset/action init reset
CLI_OUTPUT: ret /Target1/reset/action init reset ==&gt; done OK
CLI_OUTPUT: /Target1/cmd/action cmd &quot;ls /opt/ccmon/ddal_power_ccmon_agent &gt; /dev/null&quot;
CLI_OUTPUT: ret /Target1/cmd/action cmd &quot;ls /opt/ccmon/ddal_power_ccmon_agent &gt; /dev/null&quot; ==&gt; done OK retw=0
CLI_OUTPUT: /Target1/power/get sw_info
CLI_OUTPUT: ret /Target1/power/get sw_info ==&gt; error 201 unknown dispatcher or agent
CLI_OUTPUT: /Target1/action load agent /opt/ccmon/ddal_power_ccmon_agent power
CLI_OUTPUT: ret /Target1/action load agent /opt/ccmon/ddal_power_ccmon_agent power ==&gt; done OK
CLI_OUTPUT: /Target1/power/action init power
CLI_OUTPUT: ret /Target1/power/action init power ==&gt; done OK
CLI_OUTPUT: /Target1/cmd/action cmd &quot;ls /opt/ccmon/ddal_l2mem_ccmon_agent &gt; /dev/null&quot;
CLI_OUTPUT: ret /Target1/cmd/action cmd &quot;ls /opt/ccmon/ddal_l2mem_ccmon_agent &gt; /dev/null&quot; ==&gt; done OK retw=0
CLI_OUTPUT: /Target1/l2mem/get sw_info
CLI_OUTPUT: ret /Target1/l2mem/get sw_info ==&gt; error 201 unknown dispatcher or agent
CLI_OUTPUT: /Target1/action load agent /opt/ccmon/ddal_l2mem_ccmon_agent l2mem
CLI_OUTPUT: ret /Target1/action load agent /opt/ccmon/ddal_l2mem_ccmon_agent l2mem ==&gt; done OK
CLI_OUTPUT: /Target1/l2mem/action init l2mem
CLI_OUTPUT: ret /Target1/l2mem/action init l2mem ==&gt; done OK
CLI_OUTPUT: /Target1/cmd/action cmd &quot;ls /opt/ccmon/ddal_clk_ccmon_agent &gt; /dev/null&quot;
CLI_OUTPUT: ret /Target1/cmd/action cmd &quot;ls /opt/ccmon/ddal_clk_ccmon_agent &gt; /dev/null&quot; ==&gt; done OK retw=0
CLI_OUTPUT: /Target1/clk/get sw_info
CLI_OUTPUT: ret /Target1/clk/get sw_info ==&gt; error 201 unknown dispatcher or agent
CLI_OUTPUT: /Target1/action load agent /opt/ccmon/ddal_clk_ccmon_agent clk
CLI_OUTPUT: ret /Target1/action load agent /opt/ccmon/ddal_clk_ccmon_agent clk ==&gt; done OK
CLI_OUTPUT: /Target1/clk/action init clk
CLI_OUTPUT: ret /Target1/clk/action init clk ==&gt; done OK
CLI_OUTPUT: /Target1/cmd/action cmd &quot;ls /opt/ccmon/ddal_id_ccmon_agent &gt; /dev/null&quot;
CLI_OUTPUT: ret /Target1/cmd/action cmd &quot;ls /opt/ccmon/ddal_id_ccmon_agent &gt; /dev/null&quot; ==&gt; done OK retw=0
CLI_OUTPUT: /Target1/id/get sw_info
CLI_OUTPUT: ret /Target1/id/get sw_info ==&gt; error 201 unknown dispatcher or agent
CLI_OUTPUT: /Target1/action load agent /opt/ccmon/ddal_id_ccmon_agent id
CLI_OUTPUT: ret /Target1/action load agent /opt/ccmon/ddal_id_ccmon_agent id ==&gt; done OK
CLI_OUTPUT: /Target1/id/action init id
CLI_OUTPUT: ret /Target1/id/action init id ==&gt; done OK
CLI_OUTPUT: /Target1/cmd/action cmd &quot;ls /opt/ccmon/ddal_led_ccmon_agent &gt; /dev/null&quot;
CLI_OUTPUT: ret /Target1/cmd/action cmd &quot;ls /opt/ccmon/ddal_led_ccmon_agent &gt; /dev/null&quot; ==&gt; done OK retw=0
CLI_OUTPUT: /Target1/led/get sw_info
CLI_OUTPUT: ret /Target1/led/get sw_info ==&gt; error 201 unknown dispatcher or agent
CLI_OUTPUT: /Target1/action load agent /opt/ccmon/ddal_led_ccmon_agent led
CLI_OUTPUT: ret /Target1/action load agent /opt/ccmon/ddal_led_ccmon_agent led ==&gt; done OK
CLI_OUTPUT: /Target1/led/action init led
CLI_OUTPUT: ret /Target1/led/action init led ==&gt; done OK
CLI_OUTPUT: /Target1/cmd/action cmd &quot;ls /opt/ccmon/ddal_lx2_ccmon_agent &gt; /dev/null&quot;
CLI_OUTPUT: ret /Target1/cmd/action cmd &quot;ls /opt/ccmon/ddal_lx2_ccmon_agent &gt; /dev/null&quot; ==&gt; done OK retw=0
CLI_OUTPUT: /Target1/lx2/get sw_info
CLI_OUTPUT: ret /Target1/lx2/get sw_info ==&gt; error 201 unknown dispatcher or agent
CLI_OUTPUT: /Target1/action load agent /opt/ccmon/ddal_lx2_ccmon_agent lx2
CLI_OUTPUT: ret /Target1/action load agent /opt/ccmon/ddal_lx2_ccmon_agent lx2 ==&gt; done OK
CLI_OUTPUT: /Target1/lx2/action init lx2
CLI_OUTPUT: ret /Target1/lx2/action init lx2 ==&gt; done OK
CLI_OUTPUT: /Target1/cmd/action cmd &quot;ls /opt/ccmon/ddal_rpram_ccmon_agent &gt; /dev/null&quot;
CLI_OUTPUT: ret /Target1/cmd/action cmd &quot;ls /opt/ccmon/ddal_rpram_ccmon_agent &gt; /dev/null&quot; ==&gt; done OK retw=0
CLI_OUTPUT: /Target1/rpram/get sw_info
CLI_OUTPUT: ret /Target1/rpram/get sw_info ==&gt; error 201 unknown dispatcher or agent
CLI_OUTPUT: /Target1/action load agent /opt/ccmon/ddal_rpram_ccmon_agent rpram
CLI_OUTPUT: ret /Target1/action load agent /opt/ccmon/ddal_rpram_ccmon_agent rpram ==&gt; done OK
CLI_OUTPUT: /Target1/rpram/action init rpram
CLI_OUTPUT: ret /Target1/rpram/action init rpram ==&gt; done OK
CLI_OUTPUT: /Target1/cmd/action cmd &quot;ls /opt/ccmon/ddal_pwrmon_ccmon_agent &gt; /dev/null&quot;
CLI_OUTPUT: ret /Target1/cmd/action cmd &quot;ls /opt/ccmon/ddal_pwrmon_ccmon_agent &gt; /dev/null&quot; ==&gt; done OK retw=0
CLI_OUTPUT: /Target1/powermon/get sw_info
CLI_OUTPUT: ret /Target1/powermon/get sw_info ==&gt; error 201 unknown dispatcher or agent
CLI_OUTPUT: /Target1/action load agent /opt/ccmon/ddal_pwrmon_ccmon_agent powermon
CLI_OUTPUT: ret /Target1/action load agent /opt/ccmon/ddal_pwrmon_ccmon_agent powermon ==&gt; done OK
CLI_OUTPUT: /Target1/powermon/action init powermon
CLI_OUTPUT: ret /Target1/powermon/action init powermon ==&gt; done OK
CLI_OUTPUT: /Target1/cmd/action cmd &quot;ls /opt/ccmon/ddal_eeprom_ccmon_agent &gt; /dev/null&quot;
CLI_OUTPUT: ret /Target1/cmd/action cmd &quot;ls /opt/ccmon/ddal_eeprom_ccmon_agent &gt; /dev/null&quot; ==&gt; done OK retw=0
CLI_OUTPUT: /Target1/eeprom/get sw_info
CLI_OUTPUT: ret /Target1/eeprom/get sw_info ==&gt; error 201 unknown dispatcher or agent
CLI_OUTPUT: /Target1/action load agent /opt/ccmon/ddal_eeprom_ccmon_agent eeprom
CLI_OUTPUT: ret /Target1/action load agent /opt/ccmon/ddal_eeprom_ccmon_agent eeprom ==&gt; done OK
CLI_OUTPUT: /Target1/eeprom/action init eeprom
CLI_OUTPUT: ret /Target1/eeprom/action init eeprom ==&gt; done OK
CLI_OUTPUT: /Target1/cmd/action cmd &quot;ls /opt/ccmon/ddal_genesis_ccmon_agent &gt; /dev/null&quot;
CLI_OUTPUT: ret /Target1/cmd/action cmd &quot;ls /opt/ccmon/ddal_genesis_ccmon_agent &gt; /dev/null&quot; ==&gt; done OK retw=0
CLI_OUTPUT: /Target1/genesis/get sw_info
CLI_OUTPUT: ret /Target1/genesis/get sw_info ==&gt; error 201 unknown dispatcher or agent
CLI_OUTPUT: /Target1/action load agent /opt/ccmon/ddal_genesis_ccmon_agent genesis
CLI_OUTPUT: ret /Target1/action load agent /opt/ccmon/ddal_genesis_ccmon_agent genesis ==&gt; done OK
CLI_OUTPUT: /Target1/genesis/action init genesis
CLI_OUTPUT: ret /Target1/genesis/action init genesis ==&gt; done OK
CLI_OUTPUT: /Target1/cmd/action cmd &quot;ls /opt/ccmon/ddal_temperature_ccmon_agent &gt; /dev/null&quot;
CLI_OUTPUT: ret /Target1/cmd/action cmd &quot;ls /opt/ccmon/ddal_temperature_ccmon_agent &gt; /dev/null&quot; ==&gt; done OK retw=0
CLI_OUTPUT: /Target1/temperature/get sw_info
CLI_OUTPUT: ret /Target1/temperature/get sw_info ==&gt; error 201 unknown dispatcher or agent
CLI_OUTPUT: /Target1/action load agent /opt/ccmon/ddal_temperature_ccmon_agent temperature
CLI_OUTPUT: ret /Target1/action load agent /opt/ccmon/ddal_temperature_ccmon_agent temperature ==&gt; done OK
CLI_OUTPUT: /Target1/temperature/action init temperature
CLI_OUTPUT: ret /Target1/temperature/action init temperature ==&gt; done OK
CLI_OUTPUT: /Target1/cmd/action cmd &quot;ls /opt/ccmon/ddal_fan_ccmon_agent &gt; /dev/null&quot;
CLI_OUTPUT: ret /Target1/cmd/action cmd &quot;ls /opt/ccmon/ddal_fan_ccmon_agent &gt; /dev/null&quot; ==&gt; done OK retw=0
CLI_OUTPUT: /Target1/fan/get sw_info
CLI_OUTPUT: ret /Target1/fan/get sw_info ==&gt; error 201 unknown dispatcher or agent
CLI_OUTPUT: /Target1/action load agent /opt/ccmon/ddal_fan_ccmon_agent fan
CLI_OUTPUT: ret /Target1/action load agent /opt/ccmon/ddal_fan_ccmon_agent fan ==&gt; done OK
CLI_OUTPUT: /Target1/fan/action init fan
CLI_OUTPUT: ret /Target1/fan/action init fan ==&gt; done OK
CLI_OUTPUT: /Target1/cmd/action cmd &quot;ls /opt/ccmon/ddal_fsp_hwid_ccmon_agent &gt; /dev/null&quot;
CLI_OUTPUT: ret /Target1/cmd/action cmd &quot;ls /opt/ccmon/ddal_fsp_hwid_ccmon_agent &gt; /dev/null&quot; ==&gt; done OK retw=0
CLI_OUTPUT: /Target1/fsp_hwid/get sw_info
CLI_OUTPUT: ret /Target1/fsp_hwid/get sw_info ==&gt; error 201 unknown dispatcher or agent
CLI_OUTPUT: /Target1/action load agent /opt/ccmon/ddal_fsp_hwid_ccmon_agent fsp_hwid
CLI_OUTPUT: ret /Target1/action load agent /opt/ccmon/ddal_fsp_hwid_ccmon_agent fsp_hwid ==&gt; done OK
CLI_OUTPUT: /Target1/fsp_hwid/action init fsp_hwid
CLI_OUTPUT: ret /Target1/fsp_hwid/action init fsp_hwid ==&gt; done OK
CLI_OUTPUT: /Target1/cmd/action cmd &quot;ls /opt/ccmon/ddal_ext_alarm_ccmon_agent &gt; /dev/null&quot;
CLI_OUTPUT: ret /Target1/cmd/action cmd &quot;ls /opt/ccmon/ddal_ext_alarm_ccmon_agent &gt; /dev/null&quot; ==&gt; done OK retw=0
CLI_OUTPUT: /Target1/ext_alarm/get sw_info
CLI_OUTPUT: ret /Target1/ext_alarm/get sw_info ==&gt; error 201 unknown dispatcher or agent
CLI_OUTPUT: /Target1/action load agent /opt/ccmon/ddal_ext_alarm_ccmon_agent ext_alarm
CLI_OUTPUT: ret /Target1/action load agent /opt/ccmon/ddal_ext_alarm_ccmon_agent ext_alarm ==&gt; done OK
CLI_OUTPUT: /Target1/ext_alarm/action init ext_alarm
CLI_OUTPUT: ret /Target1/ext_alarm/action init ext_alarm ==&gt; done OK
CLI_OUTPUT: /Target1/cmd/action cmd &quot;ls /opt/ccmon/ddal_custom_out_ccmon_agent &gt; /dev/null&quot;
CLI_OUTPUT: ret /Target1/cmd/action cmd &quot;ls /opt/ccmon/ddal_custom_out_ccmon_agent &gt; /dev/null&quot; ==&gt; done OK retw=0
CLI_OUTPUT: /Target1/custom_out/get sw_info
CLI_OUTPUT: ret /Target1/custom_out/get sw_info ==&gt; error 201 unknown dispatcher or agent
CLI_OUTPUT: /Target1/action load agent /opt/ccmon/ddal_custom_out_ccmon_agent custom_out
CLI_OUTPUT: ret /Target1/action load agent /opt/ccmon/ddal_custom_out_ccmon_agent custom_out ==&gt; done OK
CLI_OUTPUT: /Target1/custom_out/action init custom_out
CLI_OUTPUT: ret /Target1/custom_out/action init custom_out ==&gt; done OK
CLI_OUTPUT: /Target1/cmd/action cmd &quot;ls /opt/ccmon/devicetree_agent &gt; /dev/null&quot;
CLI_OUTPUT: ret /Target1/cmd/action cmd &quot;ls /opt/ccmon/devicetree_agent &gt; /dev/null&quot; ==&gt; done fail retw=256
SCR_OUTPUT: WARNING: agent devicetree_agent not found
CLI_OUTPUT: /Target1/cmd/action cmd &quot;ls /opt/ccmon/rio_agent &gt; /dev/null&quot;
CLI_OUTPUT: ret /Target1/cmd/action cmd &quot;ls /opt/ccmon/rio_agent &gt; /dev/null&quot; ==&gt; done fail retw=256
SCR_OUTPUT: WARNING: agent rio_agent not found
CLI_OUTPUT: /Target1/cmd/action cmd &quot;ls /opt/ccmon/ddal_ffs_ccmon_agent &gt; /dev/null&quot;
CLI_OUTPUT: ret /Target1/cmd/action cmd &quot;ls /opt/ccmon/ddal_ffs_ccmon_agent &gt; /dev/null&quot; ==&gt; done OK retw=0
CLI_OUTPUT: /Target1/ffs/get sw_info
CLI_OUTPUT: ret /Target1/ffs/get sw_info ==&gt; error 201 unknown dispatcher or agent
CLI_OUTPUT: /Target1/action load agent /opt/ccmon/ddal_ffs_ccmon_agent ffs
CLI_OUTPUT: ret /Target1/action load agent /opt/ccmon/ddal_ffs_ccmon_agent ffs ==&gt; done OK
CLI_OUTPUT: /Target1/ffs/action init ffs
CLI_OUTPUT: ret /Target1/ffs/action init ffs ==&gt; done OK
CLI_OUTPUT: /Target1/cmd/action cmd &quot;ls /opt/ccmon/ddal_casadump_ccmon_agent &gt; /dev/null&quot;
CLI_OUTPUT: ret /Target1/cmd/action cmd &quot;ls /opt/ccmon/ddal_casadump_ccmon_agent &gt; /dev/null&quot; ==&gt; done OK retw=0
CLI_OUTPUT: /Target1/casadump/get sw_info
CLI_OUTPUT: ret /Target1/casadump/get sw_info ==&gt; error 201 unknown dispatcher or agent
CLI_OUTPUT: /Target1/action load agent /opt/ccmon/ddal_casadump_ccmon_agent casadump
CLI_OUTPUT: ret /Target1/action load agent /opt/ccmon/ddal_casadump_ccmon_agent casadump ==&gt; done OK
CLI_OUTPUT: /Target1/casadump/action init casadump
CLI_OUTPUT: ret /Target1/casadump/action init casadump ==&gt; done OK
CLI_OUTPUT: /Target1/cmd/action cmd &quot;ls /opt/ccmon/ddal_ex_switch_ccmon_agent &gt; /dev/null&quot;
CLI_OUTPUT: ret /Target1/cmd/action cmd &quot;ls /opt/ccmon/ddal_ex_switch_ccmon_agent &gt; /dev/null&quot; ==&gt; done OK retw=0
CLI_OUTPUT: /Target1/ex_switch/get sw_info
CLI_OUTPUT: ret /Target1/ex_switch/get sw_info ==&gt; error 201 unknown dispatcher or agent
CLI_OUTPUT: /Target1/action load agent /opt/ccmon/ddal_ex_switch_ccmon_agent ex_switch
CLI_OUTPUT: ret /Target1/action load agent /opt/ccmon/ddal_ex_switch_ccmon_agent ex_switch ==&gt; done OK
CLI_OUTPUT: /Target1/ex_switch/action init ex_switch
CLI_OUTPUT: ret /Target1/ex_switch/action init ex_switch ==&gt; done OK
CLI_OUTPUT: /Target1/cmd/action cmd &quot;ls /opt/ccmon/ddal_sfp_ccmon_agent &gt; /dev/null&quot;
CLI_OUTPUT: ret /Target1/cmd/action cmd &quot;ls /opt/ccmon/ddal_sfp_ccmon_agent &gt; /dev/null&quot; ==&gt; done OK retw=0
CLI_OUTPUT: /Target1/sfp/get sw_info
CLI_OUTPUT: ret /Target1/sfp/get sw_info ==&gt; error 201 unknown dispatcher or agent
CLI_OUTPUT: /Target1/action load agent /opt/ccmon/ddal_sfp_ccmon_agent sfp
CLI_OUTPUT: ret /Target1/action load agent /opt/ccmon/ddal_sfp_ccmon_agent sfp ==&gt; done OK
CLI_OUTPUT: /Target1/sfp/action init sfp
CLI_OUTPUT: ret /Target1/sfp/action init sfp ==&gt; done OK
CLI_OUTPUT: /Target1/cmd/action cmd &quot;ls /opt/ccmon/ddal_gpio_ccmon_agent &gt; /dev/null&quot;
CLI_OUTPUT: ret /Target1/cmd/action cmd &quot;ls /opt/ccmon/ddal_gpio_ccmon_agent &gt; /dev/null&quot; ==&gt; done OK retw=0
CLI_OUTPUT: /Target1/gpio/get sw_info
CLI_OUTPUT: ret /Target1/gpio/get sw_info ==&gt; error 201 unknown dispatcher or agent
CLI_OUTPUT: /Target1/action load agent /opt/ccmon/ddal_gpio_ccmon_agent gpio
CLI_OUTPUT: ret /Target1/action load agent /opt/ccmon/ddal_gpio_ccmon_agent gpio ==&gt; done OK
CLI_OUTPUT: /Target1/gpio/action init gpio
CLI_OUTPUT: ret /Target1/gpio/action init gpio ==&gt; done OK
CLI_OUTPUT: /Target1/cmd/action cmd &quot;ls /opt/ccmon/ddal_ctrl_ccmon_agent &gt; /dev/null&quot;
CLI_OUTPUT: ret /Target1/cmd/action cmd &quot;ls /opt/ccmon/ddal_ctrl_ccmon_agent &gt; /dev/null&quot; ==&gt; done OK retw=0
CLI_OUTPUT: /Target1/ctrl/get sw_info
CLI_OUTPUT: ret /Target1/ctrl/get sw_info ==&gt; error 201 unknown dispatcher or agent
CLI_OUTPUT: /Target1/action load agent /opt/ccmon/ddal_ctrl_ccmon_agent ctrl
CLI_OUTPUT: ret /Target1/action load agent /opt/ccmon/ddal_ctrl_ccmon_agent ctrl ==&gt; done OK
CLI_OUTPUT: /Target1/ctrl/action init ctrl
CLI_OUTPUT: ret /Target1/ctrl/action init ctrl ==&gt; done OK
CLI_OUTPUT: /Target1/cmd/action cmd &quot;ls /opt/ccmon/ddal_register_ccmon_agent &gt; /dev/null&quot;
CLI_OUTPUT: ret /Target1/cmd/action cmd &quot;ls /opt/ccmon/ddal_register_ccmon_agent &gt; /dev/null&quot; ==&gt; done OK retw=0
CLI_OUTPUT: /Target1/register/get sw_info
CLI_OUTPUT: ret /Target1/register/get sw_info ==&gt; error 201 unknown dispatcher or agent
CLI_OUTPUT: /Target1/action load agent /opt/ccmon/ddal_register_ccmon_agent register
CLI_OUTPUT: ret /Target1/action load agent /opt/ccmon/ddal_register_ccmon_agent register ==&gt; done OK
CLI_OUTPUT: /Target1/register/action init register
CLI_OUTPUT: ret /Target1/register/action init register ==&gt; done OK
SCR_OUTPUT: ----------------- TARGET DEFAULT INIT DONE -----------------
CLI_OUTPUT: /Target1/rpram/action ddal_rpram_get DDAL_RPRAM_USER1
CLI_OUTPUT: ret /Target1/rpram/action ddal_rpram_get DDAL_RPRAM_USER1 ==&gt; done OK retv 0 value 1204786792
SCR_OUTPUT: called ddal_rpram_get DDAL_RPRAM_USER1 returned 1204786792 == 1204786792 last written == &gt; OK
CLI_OUTPUT: /Target1/rpram/action ddal_rpram_get DDAL_RPRAM_USER2
CLI_OUTPUT: ret /Target1/rpram/action ddal_rpram_get DDAL_RPRAM_USER2 ==&gt; done OK retv 0 value 1204786793
SCR_OUTPUT: called ddal_rpram_get DDAL_RPRAM_USER2 returned 1204786793 == 1204786793 last written == &gt; OK
CLI_OUTPUT: /Target1/rpram/action ddal_rpram_get DDAL_RPRAM_USER3
CLI_OUTPUT: ret /Target1/rpram/action ddal_rpram_get DDAL_RPRAM_USER3 ==&gt; done OK retv 0 value 1204786794
SCR_OUTPUT: called ddal_rpram_get DDAL_RPRAM_USER3 returned 1204786794 == 1204786794 last written == &gt; OK
CLI_OUTPUT: /Target1/rpram/action ddal_rpram_get DDAL_RPRAM_USER4
CLI_OUTPUT: ret /Target1/rpram/action ddal_rpram_get DDAL_RPRAM_USER4 ==&gt; done OK retv 0 value 1204786795
SCR_OUTPUT: called ddal_rpram_get DDAL_RPRAM_USER4 returned 1204786795 == 1204786795 last written == &gt; OK
CLI_OUTPUT: /Target1/rpram/action ddal_rpram_get DDAL_RPRAM_USER5
CLI_OUTPUT: ret /Target1/rpram/action ddal_rpram_get DDAL_RPRAM_USER5 ==&gt; done OK retv 0 value 1204786796
SCR_OUTPUT: called ddal_rpram_get DDAL_RPRAM_USER5 returned 1204786796 == 1204786796 last written == &gt; OK
CLI_OUTPUT: /Target1/rpram/action ddal_rpram_get DDAL_RPRAM_USER6
CLI_OUTPUT: ret /Target1/rpram/action ddal_rpram_get DDAL_RPRAM_USER6 ==&gt; done OK retv 0 value 1204786797
SCR_OUTPUT: called ddal_rpram_get DDAL_RPRAM_USER6 returned 1204786797 == 1204786797 last written == &gt; OK
CLI_OUTPUT: /Target1/rpram/action ddal_rpram_get DDAL_RPRAM_USER7
CLI_OUTPUT: ret /Target1/rpram/action ddal_rpram_get DDAL_RPRAM_USER7 ==&gt; done OK retv 0 value 1204786798
SCR_OUTPUT: called ddal_rpram_get DDAL_RPRAM_USER7 returned 1204786798 == 1204786798 last written == &gt; OK
CLI_OUTPUT: /Target1/rpram/action ddal_rpram_get DDAL_RPRAM_USER8
CLI_OUTPUT: ret /Target1/rpram/action ddal_rpram_get DDAL_RPRAM_USER8 ==&gt; done OK retv 0 value 1204786799
SCR_OUTPUT: called ddal_rpram_get DDAL_RPRAM_USER8 returned 1204786799 == 1204786799 last written == &gt; OK
CLI_OUTPUT: /Target1/rpram/action ddal_rpram_get DDAL_RPRAM_USER9
CLI_OUTPUT: ret /Target1/rpram/action ddal_rpram_get DDAL_RPRAM_USER9 ==&gt; done OK retv 0 value 1204786800
SCR_OUTPUT: called ddal_rpram_get DDAL_RPRAM_USER9 returned 1204786800 == 1204786800 last written == &gt; OK
CLI_OUTPUT: /Target1/rpram/action ddal_rpram_get DDAL_RPRAM_USER10
CLI_OUTPUT: ret /Target1/rpram/action ddal_rpram_get DDAL_RPRAM_USER10 ==&gt; done OK retv 0 value 1204786801
SCR_OUTPUT: called ddal_rpram_get DDAL_RPRAM_USER10 returned 1204786801 == 1204786801 last written == &gt; OK
CLI_OUTPUT: /Target1/rpram/action ddal_rpram_get DDAL_RPRAM_USER11
CLI_OUTPUT: ret /Target1/rpram/action ddal_rpram_get DDAL_RPRAM_USER11 ==&gt; done OK retv 0 value 1204786802
SCR_OUTPUT: called ddal_rpram_get DDAL_RPRAM_USER11 returned 1204786802 == 1204786802 last written == &gt; OK
CLI_OUTPUT: /Target1/rpram/action ddal_rpram_get DDAL_RPRAM_USER12
CLI_OUTPUT: ret /Target1/rpram/action ddal_rpram_get DDAL_RPRAM_USER12 ==&gt; done OK retv 0 value 1204786803
SCR_OUTPUT: called ddal_rpram_get DDAL_RPRAM_USER12 returned 1204786803 == 1204786803 last written == &gt; OK
CLI_OUTPUT: /Target1/rpram/action ddal_rpram_get DDAL_RPRAM_USER13
CLI_OUTPUT: ret /Target1/rpram/action ddal_rpram_get DDAL_RPRAM_USER13 ==&gt; done OK retv 0 value 1204786804
SCR_OUTPUT: called ddal_rpram_get DDAL_RPRAM_USER13 returned 1204786804 == 1204786804 last written == &gt; OK
CLI_OUTPUT: /Target1/rpram/action ddal_rpram_get DDAL_RPRAM_USER14
CLI_OUTPUT: ret /Target1/rpram/action ddal_rpram_get DDAL_RPRAM_USER14 ==&gt; done OK retv 0 value 1204786805
SCR_OUTPUT: called ddal_rpram_get DDAL_RPRAM_USER14 returned 1204786805 == 1204786805 last written == &gt; OK
CLI_OUTPUT: /Target1/rpram/action ddal_rpram_get DDAL_RPRAM_USER15
CLI_OUTPUT: ret /Target1/rpram/action ddal_rpram_get DDAL_RPRAM_USER15 ==&gt; done OK retv 0 value 1204786806
SCR_OUTPUT: called ddal_rpram_get DDAL_RPRAM_USER15 returned 1204786806 == 1204786806 last written == &gt; OK
CLI_OUTPUT: /Target1/rpram/action ddal_rpram_get DDAL_RPRAM_HW_INIT_STORAGE
CLI_OUTPUT: ret /Target1/rpram/action ddal_rpram_get DDAL_RPRAM_HW_INIT_STORAGE ==&gt; done OK retv 0 value 1204786807
SCR_OUTPUT: called ddal_rpram_get DDAL_RPRAM_HW_INIT_STORAGE returned 1204786807 == 1204786807 last written == &gt; OK
CLI_OUTPUT: /Target1/rpram/action ddal_rpram_get DDAL_RPRAM_RESET_TYPE
CLI_OUTPUT: ret /Target1/rpram/action ddal_rpram_get DDAL_RPRAM_RESET_TYPE ==&gt; done OK retv 0 value 1204786808
SCR_OUTPUT: called ddal_rpram_get DDAL_RPRAM_RESET_TYPE returned 1204786808 == 1204786808 last written == &gt; OK
CLI_OUTPUT: /Target1/rpram/action ddal_rpram_get DDAL_RPRAM_ISTI
CLI_OUTPUT: ret /Target1/rpram/action ddal_rpram_get DDAL_RPRAM_ISTI ==&gt; done OK retv 0 value 1204786809
SCR_OUTPUT: called ddal_rpram_get DDAL_RPRAM_ISTI returned 1204786809 == 1204786809 last written == &gt; OK
SCR_OUTPUT: ##### Test Case End: TC_03100_004 PASSED (0)
</stdout>
          <failedSince>0</failedSince>
        </case>
        <case>
          <duration>33.0</duration>
          <className>HW_03100_basic_rpram_tests</className>
          <testName>TC_03100_004 write data; reboot; verify data_3</testName>
          <skipped>false</skipped>
          <stdout>
SCR_OUTPUT: ##### Test Case Start: TC_03100_004  write data; reboot; verify data
CLI_OUTPUT: /Target1/rpram/action ddal_rpram_set DDAL_RPRAM_USER1 1817787746
CLI_OUTPUT: ret /Target1/rpram/action ddal_rpram_set DDAL_RPRAM_USER1 1817787746 ==&gt; done OK retv 0
SCR_OUTPUT: called ddal_rpram_set DDAL_RPRAM_USER1 1817787746  ==&gt; OK
CLI_OUTPUT: /Target1/rpram/action ddal_rpram_set DDAL_RPRAM_USER2 1817787747
CLI_OUTPUT: ret /Target1/rpram/action ddal_rpram_set DDAL_RPRAM_USER2 1817787747 ==&gt; done OK retv 0
SCR_OUTPUT: called ddal_rpram_set DDAL_RPRAM_USER2 1817787747  ==&gt; OK
CLI_OUTPUT: /Target1/rpram/action ddal_rpram_set DDAL_RPRAM_USER3 1817787748
CLI_OUTPUT: ret /Target1/rpram/action ddal_rpram_set DDAL_RPRAM_USER3 1817787748 ==&gt; done OK retv 0
SCR_OUTPUT: called ddal_rpram_set DDAL_RPRAM_USER3 1817787748  ==&gt; OK
CLI_OUTPUT: /Target1/rpram/action ddal_rpram_set DDAL_RPRAM_USER4 1817787749
CLI_OUTPUT: ret /Target1/rpram/action ddal_rpram_set DDAL_RPRAM_USER4 1817787749 ==&gt; done OK retv 0
SCR_OUTPUT: called ddal_rpram_set DDAL_RPRAM_USER4 1817787749  ==&gt; OK
CLI_OUTPUT: /Target1/rpram/action ddal_rpram_set DDAL_RPRAM_USER5 1817787750
CLI_OUTPUT: ret /Target1/rpram/action ddal_rpram_set DDAL_RPRAM_USER5 1817787750 ==&gt; done OK retv 0
SCR_OUTPUT: called ddal_rpram_set DDAL_RPRAM_USER5 1817787750  ==&gt; OK
CLI_OUTPUT: /Target1/rpram/action ddal_rpram_set DDAL_RPRAM_USER6 1817787751
CLI_OUTPUT: ret /Target1/rpram/action ddal_rpram_set DDAL_RPRAM_USER6 1817787751 ==&gt; done OK retv 0
SCR_OUTPUT: called ddal_rpram_set DDAL_RPRAM_USER6 1817787751  ==&gt; OK
CLI_OUTPUT: /Target1/rpram/action ddal_rpram_set DDAL_RPRAM_USER7 1817787752
CLI_OUTPUT: ret /Target1/rpram/action ddal_rpram_set DDAL_RPRAM_USER7 1817787752 ==&gt; done OK retv 0
SCR_OUTPUT: called ddal_rpram_set DDAL_RPRAM_USER7 1817787752  ==&gt; OK
CLI_OUTPUT: /Target1/rpram/action ddal_rpram_set DDAL_RPRAM_USER8 1817787753
CLI_OUTPUT: ret /Target1/rpram/action ddal_rpram_set DDAL_RPRAM_USER8 1817787753 ==&gt; done OK retv 0
SCR_OUTPUT: called ddal_rpram_set DDAL_RPRAM_USER8 1817787753  ==&gt; OK
CLI_OUTPUT: /Target1/rpram/action ddal_rpram_set DDAL_RPRAM_USER9 1817787754
CLI_OUTPUT: ret /Target1/rpram/action ddal_rpram_set DDAL_RPRAM_USER9 1817787754 ==&gt; done OK retv 0
SCR_OUTPUT: called ddal_rpram_set DDAL_RPRAM_USER9 1817787754  ==&gt; OK
CLI_OUTPUT: /Target1/rpram/action ddal_rpram_set DDAL_RPRAM_USER10 1817787755
CLI_OUTPUT: ret /Target1/rpram/action ddal_rpram_set DDAL_RPRAM_USER10 1817787755 ==&gt; done OK retv 0
SCR_OUTPUT: called ddal_rpram_set DDAL_RPRAM_USER10 1817787755  ==&gt; OK
CLI_OUTPUT: /Target1/rpram/action ddal_rpram_set DDAL_RPRAM_USER11 1817787756
CLI_OUTPUT: ret /Target1/rpram/action ddal_rpram_set DDAL_RPRAM_USER11 1817787756 ==&gt; done OK retv 0
SCR_OUTPUT: called ddal_rpram_set DDAL_RPRAM_USER11 1817787756  ==&gt; OK
CLI_OUTPUT: /Target1/rpram/action ddal_rpram_set DDAL_RPRAM_USER12 1817787757
CLI_OUTPUT: ret /Target1/rpram/action ddal_rpram_set DDAL_RPRAM_USER12 1817787757 ==&gt; done OK retv 0
SCR_OUTPUT: called ddal_rpram_set DDAL_RPRAM_USER12 1817787757  ==&gt; OK
CLI_OUTPUT: /Target1/rpram/action ddal_rpram_set DDAL_RPRAM_USER13 1817787758
CLI_OUTPUT: ret /Target1/rpram/action ddal_rpram_set DDAL_RPRAM_USER13 1817787758 ==&gt; done OK retv 0
SCR_OUTPUT: called ddal_rpram_set DDAL_RPRAM_USER13 1817787758  ==&gt; OK
CLI_OUTPUT: /Target1/rpram/action ddal_rpram_set DDAL_RPRAM_USER14 1817787759
CLI_OUTPUT: ret /Target1/rpram/action ddal_rpram_set DDAL_RPRAM_USER14 1817787759 ==&gt; done OK retv 0
SCR_OUTPUT: called ddal_rpram_set DDAL_RPRAM_USER14 1817787759  ==&gt; OK
CLI_OUTPUT: /Target1/rpram/action ddal_rpram_set DDAL_RPRAM_USER15 1817787760
CLI_OUTPUT: ret /Target1/rpram/action ddal_rpram_set DDAL_RPRAM_USER15 1817787760 ==&gt; done OK retv 0
SCR_OUTPUT: called ddal_rpram_set DDAL_RPRAM_USER15 1817787760  ==&gt; OK
CLI_OUTPUT: /Target1/rpram/action ddal_rpram_set DDAL_RPRAM_HW_INIT_STORAGE 1817787761
CLI_OUTPUT: ret /Target1/rpram/action ddal_rpram_set DDAL_RPRAM_HW_INIT_STORAGE 1817787761 ==&gt; done OK retv 0
SCR_OUTPUT: called ddal_rpram_set DDAL_RPRAM_HW_INIT_STORAGE 1817787761  ==&gt; OK
CLI_OUTPUT: /Target1/rpram/action ddal_rpram_set DDAL_RPRAM_RESET_TYPE 1817787762
CLI_OUTPUT: ret /Target1/rpram/action ddal_rpram_set DDAL_RPRAM_RESET_TYPE 1817787762 ==&gt; done OK retv 0
SCR_OUTPUT: called ddal_rpram_set DDAL_RPRAM_RESET_TYPE 1817787762  ==&gt; OK
CLI_OUTPUT: /Target1/rpram/action ddal_rpram_set DDAL_RPRAM_ISTI 1817787763
CLI_OUTPUT: ret /Target1/rpram/action ddal_rpram_set DDAL_RPRAM_ISTI 1817787763 ==&gt; done OK retv 0
SCR_OUTPUT: called ddal_rpram_set DDAL_RPRAM_ISTI 1817787763  ==&gt; OK
CLI_OUTPUT: /Target1/rpram/action ddal_rpram_set DDAL_RPRAM_POR_MAGIC_LOW 1817787764
CLI_OUTPUT: ret /Target1/rpram/action ddal_rpram_set DDAL_RPRAM_POR_MAGIC_LOW 1817787764 ==&gt; done OK retv 0
SCR_OUTPUT: called ddal_rpram_set DDAL_RPRAM_POR_MAGIC_LOW 1817787764  ==&gt; OK
CLI_OUTPUT: /Target1/rpram/action ddal_rpram_set DDAL_RPRAM_POR_MAGIC_HIGH 1817787765
CLI_OUTPUT: ret /Target1/rpram/action ddal_rpram_set DDAL_RPRAM_POR_MAGIC_HIGH 1817787765 ==&gt; done OK retv 0
SCR_OUTPUT: called ddal_rpram_set DDAL_RPRAM_POR_MAGIC_HIGH 1817787765  ==&gt; OK
SCR_OUTPUT: Start reboot.
CLI_OUTPUT: /Target1/cmd/action cmd reboot
CLI_OUTPUT: ret /Target1/cmd/action cmd reboot ==&gt; done OK retw=0
SCR_OUTPUT: Wait until reboot is in progess ...
SCR_OUTPUT: 0
CLI_OUTPUT: /Target1/cmd/action cmd echo 0 
CLI_OUTPUT: ret /Target1/cmd/action cmd echo 0 ==&gt; done OK retw=0
SCR_OUTPUT: 1
CLI_OUTPUT: /Target1/cmd/action cmd echo 1 
CLI_OUTPUT: ret /Target1/cmd/action cmd echo 1 ==&gt; done OK retw=0
SCR_OUTPUT: 2
CLI_OUTPUT: /Target1/cmd/action cmd echo 2 
CLI_OUTPUT: ret /Target1/cmd/action cmd echo 2 ==&gt; done OK retw=0
SCR_OUTPUT: 3
CLI_OUTPUT: /Target1/cmd/action cmd echo 3 
CLI_OUTPUT: ret /Target1/cmd/action cmd echo 3 ==&gt; done OK retw=0
SCR_OUTPUT: 4
CLI_OUTPUT: /Target1/cmd/action cmd echo 4 
CLI_OUTPUT: ret /Target1/cmd/action cmd echo 4 ==&gt; done OK retw=0
SCR_OUTPUT: 5
CLI_OUTPUT: /Target1/cmd/action cmd echo 5 
CLI_OUTPUT: ret /Target1/cmd/action cmd echo 5 ==&gt; done OK retw=0
SCR_OUTPUT: 6
CLI_OUTPUT: /Target1/cmd/action cmd echo 6 
CLI_OUTPUT: ret /Target1/cmd/action cmd echo 6 ==&gt; done OK retw=0
SCR_OUTPUT: 7
CLI_OUTPUT: /Target1/cmd/action cmd echo 7 
CLI_OUTPUT: ret /Target1/cmd/action cmd echo 7 ==&gt; done OK retw=0
SCR_OUTPUT: 8
CLI_OUTPUT: /Target1/cmd/action cmd echo 8 
CLI_OUTPUT: ret /Target1/cmd/action cmd echo 8 ==&gt; done OK retw=0
SCR_OUTPUT: 9
CLI_OUTPUT: /Target1/cmd/action cmd echo 9 
CLI_OUTPUT: ret /Target1/cmd/action cmd echo 9 ==&gt; done OK retw=0
SCR_OUTPUT: 10
CLI_OUTPUT: /Target1/cmd/action cmd echo 10 
CLI_OUTPUT: ret /Target1/cmd/action cmd echo 10 ==&gt; done OK retw=0
SCR_OUTPUT: 11
CLI_OUTPUT: /Target1/cmd/action cmd echo 11 
CLI_OUTPUT: ret /Target1/cmd/action cmd echo 11 ==&gt; done OK retw=0
SCR_OUTPUT: 12
CLI_OUTPUT: /Target1/cmd/action cmd echo 12 
CLI_OUTPUT: ret /Target1/cmd/action cmd echo 12 ==&gt; done OK retw=0
SCR_OUTPUT: 13
CLI_OUTPUT: /Target1/cmd/action cmd echo 13 
CLI_OUTPUT: ret /Target1/cmd/action cmd echo 13 ==&gt; done OK retw=0
SCR_OUTPUT: 14
CLI_OUTPUT: /Target1/cmd/action cmd echo 14 
CLI_OUTPUT: ret /Target1/cmd/action cmd echo 14 ==&gt; done OK retw=0
SCR_OUTPUT: 15
CLI_OUTPUT: /Target1/cmd/action cmd echo 15 
DLG_OUTPUT: {FMon Error:} {Connection To Communication Channel:  Target1  Lost !} error 0 OK
SCR_OUTPUT: Wait until is comming up!
SCR_OUTPUT: open_cc: Target1
DLG_OUTPUT: {FMon Error:} {Connection To Communication Channel:  Target1  Lost !} error 0 OK
DLG_OUTPUT: {FMon Error:} {Connection To Communication Channel:  Target1  Lost !} error 0 OK
DLG_OUTPUT: {FMon Error:} {Connection To Communication Channel:  Target1  Lost !} error 0 OK
DLG_OUTPUT: {FMon Error:} {Connection To Communication Channel:  Target1  Lost !} error 0 OK
DLG_OUTPUT: {FMon Error:} {Connection To Communication Channel:  Target1  Lost !} error 0 OK
DLG_OUTPUT: {FMon Error:} {Connection To Communication Channel:  Target1  Lost !} error 0 OK
DLG_OUTPUT: {FMon Error:} {Connection To Communication Channel:  Target1  Lost !} error 0 OK
DLG_OUTPUT: {FMon Error:} {Connection To Communication Channel:  Target1  Lost !} error 0 OK
DLG_OUTPUT: {FMon Error:} {Connection To Communication Channel:  Target1  Lost !} error 0 OK
CLI_OUTPUT: /Target1/get noti_switch global
CLI_OUTPUT: ret /Target1/get noti_switch global ==&gt; on
CLI_OUTPUT: /Target1/get sw_info
CLI_OUTPUT: ret /Target1/get sw_info ==&gt; CCMon2 2.5.4 ready
SCR_OUTPUT: open_cc: Target1 OK
SCR_OUTPUT: open_cc: Target1
CLI_OUTPUT: /Target1/get noti_switch global
CLI_OUTPUT: ret /Target1/get noti_switch global ==&gt; on
CLI_OUTPUT: /Target1/get sw_info
CLI_OUTPUT: ret /Target1/get sw_info ==&gt; CCMon2 2.5.4 ready
SCR_OUTPUT: open_cc: Target1 OK
CLI_OUTPUT: /Target1/cmd/get sw_info
CLI_OUTPUT: ret /Target1/cmd/get sw_info ==&gt; error 201 unknown dispatcher or agent
CLI_OUTPUT: /Target1/action load agent /opt/ccmon/cmdagent cmd
CLI_OUTPUT: ret /Target1/action load agent /opt/ccmon/cmdagent cmd ==&gt; done OK
CLI_OUTPUT: /Target1/cmd/action init cmd
CLI_OUTPUT: ret /Target1/cmd/action init cmd ==&gt; done OK
CLI_OUTPUT: /Target1/cmd/action exec uname -a
CLI_OUTPUT: ret /Target1/cmd/action exec uname -a ==&gt; done ok 0 0 {Linux fcmd15 3.14.51-g82d8086-fcmd #1 PREEMPT Thu Oct 29 17:38:53 UTC 2015 ppc GNU/Linux}
CLI_OUTPUT: /Target1/cmd/action exec ifconfig
CLI_OUTPUT: ret /Target1/cmd/action exec ifconfig ==&gt; done ok 0 0 {eth0 Link encap:Ethernet HWaddr 00:04:AC:E3:0F:75} {inet addr:129.168.4.185 Bcast:129.168.255.255 Mask:255.255.0.0} {inet6 addr: fe80::204:acff:fee3:f75%3219576400/64 Scope:Link} {UP BROADCAST RUNNING MULTICAST MTU:1500 Metric:1} {RX packets:178 errors:0 dropped:48 overruns:0 frame:0} {TX packets:32 errors:0 dropped:0 overruns:0 carrier:0} {collisions:0 txqueuelen:1000} {RX bytes:16461 (16.0 KiB) TX bytes:3596 (3.5 KiB)} {Base address:0x8000} {} {lo Link encap:Local Loopback} {inet addr:127.0.0.1 Mask:255.0.0.0} {inet6 addr: ::1%3219576400/128 Scope:Host} {UP LOOPBACK RUNNING MTU:65536 Metric:1} {RX packets:486 errors:0 dropped:0 overruns:0 frame:0} {TX packets:486 errors:0 dropped:0 overruns:0 carrier:0} {collisions:0 txqueuelen:0} {RX bytes:77226 (75.4 KiB) TX bytes:77226 (75.4 KiB)} {}
SCR_OUTPUT: Target IP: inet addr:129.168.4.185 Bcast:129.168.255.255 Mask:255.255.0.0
CLI_OUTPUT: /Target1/cmd/action exec &quot;cat /etc/psl_version&quot;
CLI_OUTPUT: ret /Target1/cmd/action exec &quot;cat /etc/psl_version&quot; ==&gt; done ok 0 0 {PS_LFS_OS_2015_10_0748 (fcmd)}
SCR_OUTPUT: PSL Version: PS_LFS_OS_2015_10_0748 (fcmd)
SCR_OUTPUT: BOS Version: 
CLI_OUTPUT: /Target1/cmd/action cmd &quot;ls /etc/build_infos&quot;
CLI_OUTPUT: ret /Target1/cmd/action cmd &quot;ls /etc/build_infos&quot; ==&gt; done fail retw=256
SCR_OUTPUT: System Type: FCM2
CLI_OUTPUT: /Target1/cmd/action cmd &quot;ls /opt/ccmon/memdump_agent &gt; /dev/null&quot;
CLI_OUTPUT: ret /Target1/cmd/action cmd &quot;ls /opt/ccmon/memdump_agent &gt; /dev/null&quot; ==&gt; done OK retw=0
CLI_OUTPUT: /Target1/memdump/get sw_info
CLI_OUTPUT: ret /Target1/memdump/get sw_info ==&gt; error 201 unknown dispatcher or agent
CLI_OUTPUT: /Target1/action load agent /opt/ccmon/memdump_agent memdump
CLI_OUTPUT: ret /Target1/action load agent /opt/ccmon/memdump_agent memdump ==&gt; done OK
CLI_OUTPUT: /Target1/memdump/action init memdump
CLI_OUTPUT: ret /Target1/memdump/action init memdump ==&gt; done OK
CLI_OUTPUT: /Target1/cmd/action cmd &quot;ls /opt/ccmon/ddal_sfn_ccmon_agent &gt; /dev/null&quot;
CLI_OUTPUT: ret /Target1/cmd/action cmd &quot;ls /opt/ccmon/ddal_sfn_ccmon_agent &gt; /dev/null&quot; ==&gt; done OK retw=0
CLI_OUTPUT: /Target1/sfn/get sw_info
CLI_OUTPUT: ret /Target1/sfn/get sw_info ==&gt; error 201 unknown dispatcher or agent
CLI_OUTPUT: /Target1/action load agent /opt/ccmon/ddal_sfn_ccmon_agent sfn
CLI_OUTPUT: ret /Target1/action load agent /opt/ccmon/ddal_sfn_ccmon_agent sfn ==&gt; done OK
CLI_OUTPUT: /Target1/sfn/action init sfn
CLI_OUTPUT: ret /Target1/sfn/action init sfn ==&gt; done OK
CLI_OUTPUT: /Target1/cmd/action cmd &quot;ls /opt/ccmon/ddal_reset_ccmon_agent &gt; /dev/null&quot;
CLI_OUTPUT: ret /Target1/cmd/action cmd &quot;ls /opt/ccmon/ddal_reset_ccmon_agent &gt; /dev/null&quot; ==&gt; done OK retw=0
CLI_OUTPUT: /Target1/reset/get sw_info
CLI_OUTPUT: ret /Target1/reset/get sw_info ==&gt; error 201 unknown dispatcher or agent
CLI_OUTPUT: /Target1/action load agent /opt/ccmon/ddal_reset_ccmon_agent reset
CLI_OUTPUT: ret /Target1/action load agent /opt/ccmon/ddal_reset_ccmon_agent reset ==&gt; done OK
CLI_OUTPUT: /Target1/reset/action init reset
CLI_OUTPUT: ret /Target1/reset/action init reset ==&gt; done OK
CLI_OUTPUT: /Target1/cmd/action cmd &quot;ls /opt/ccmon/ddal_power_ccmon_agent &gt; /dev/null&quot;
CLI_OUTPUT: ret /Target1/cmd/action cmd &quot;ls /opt/ccmon/ddal_power_ccmon_agent &gt; /dev/null&quot; ==&gt; done OK retw=0
CLI_OUTPUT: /Target1/power/get sw_info
CLI_OUTPUT: ret /Target1/power/get sw_info ==&gt; error 201 unknown dispatcher or agent
CLI_OUTPUT: /Target1/action load agent /opt/ccmon/ddal_power_ccmon_agent power
CLI_OUTPUT: ret /Target1/action load agent /opt/ccmon/ddal_power_ccmon_agent power ==&gt; done OK
CLI_OUTPUT: /Target1/power/action init power
CLI_OUTPUT: ret /Target1/power/action init power ==&gt; done OK
CLI_OUTPUT: /Target1/cmd/action cmd &quot;ls /opt/ccmon/ddal_l2mem_ccmon_agent &gt; /dev/null&quot;
CLI_OUTPUT: ret /Target1/cmd/action cmd &quot;ls /opt/ccmon/ddal_l2mem_ccmon_agent &gt; /dev/null&quot; ==&gt; done OK retw=0
CLI_OUTPUT: /Target1/l2mem/get sw_info
CLI_OUTPUT: ret /Target1/l2mem/get sw_info ==&gt; error 201 unknown dispatcher or agent
CLI_OUTPUT: /Target1/action load agent /opt/ccmon/ddal_l2mem_ccmon_agent l2mem
CLI_OUTPUT: ret /Target1/action load agent /opt/ccmon/ddal_l2mem_ccmon_agent l2mem ==&gt; done OK
CLI_OUTPUT: /Target1/l2mem/action init l2mem
CLI_OUTPUT: ret /Target1/l2mem/action init l2mem ==&gt; done OK
CLI_OUTPUT: /Target1/cmd/action cmd &quot;ls /opt/ccmon/ddal_clk_ccmon_agent &gt; /dev/null&quot;
CLI_OUTPUT: ret /Target1/cmd/action cmd &quot;ls /opt/ccmon/ddal_clk_ccmon_agent &gt; /dev/null&quot; ==&gt; done OK retw=0
CLI_OUTPUT: /Target1/clk/get sw_info
CLI_OUTPUT: ret /Target1/clk/get sw_info ==&gt; error 201 unknown dispatcher or agent
CLI_OUTPUT: /Target1/action load agent /opt/ccmon/ddal_clk_ccmon_agent clk
CLI_OUTPUT: ret /Target1/action load agent /opt/ccmon/ddal_clk_ccmon_agent clk ==&gt; done OK
CLI_OUTPUT: /Target1/clk/action init clk
CLI_OUTPUT: ret /Target1/clk/action init clk ==&gt; done OK
CLI_OUTPUT: /Target1/cmd/action cmd &quot;ls /opt/ccmon/ddal_id_ccmon_agent &gt; /dev/null&quot;
CLI_OUTPUT: ret /Target1/cmd/action cmd &quot;ls /opt/ccmon/ddal_id_ccmon_agent &gt; /dev/null&quot; ==&gt; done OK retw=0
CLI_OUTPUT: /Target1/id/get sw_info
CLI_OUTPUT: ret /Target1/id/get sw_info ==&gt; error 201 unknown dispatcher or agent
CLI_OUTPUT: /Target1/action load agent /opt/ccmon/ddal_id_ccmon_agent id
CLI_OUTPUT: ret /Target1/action load agent /opt/ccmon/ddal_id_ccmon_agent id ==&gt; done OK
CLI_OUTPUT: /Target1/id/action init id
CLI_OUTPUT: ret /Target1/id/action init id ==&gt; done OK
CLI_OUTPUT: /Target1/cmd/action cmd &quot;ls /opt/ccmon/ddal_led_ccmon_agent &gt; /dev/null&quot;
CLI_OUTPUT: ret /Target1/cmd/action cmd &quot;ls /opt/ccmon/ddal_led_ccmon_agent &gt; /dev/null&quot; ==&gt; done OK retw=0
CLI_OUTPUT: /Target1/led/get sw_info
CLI_OUTPUT: ret /Target1/led/get sw_info ==&gt; error 201 unknown dispatcher or agent
CLI_OUTPUT: /Target1/action load agent /opt/ccmon/ddal_led_ccmon_agent led
CLI_OUTPUT: ret /Target1/action load agent /opt/ccmon/ddal_led_ccmon_agent led ==&gt; done OK
CLI_OUTPUT: /Target1/led/action init led
CLI_OUTPUT: ret /Target1/led/action init led ==&gt; done OK
CLI_OUTPUT: /Target1/cmd/action cmd &quot;ls /opt/ccmon/ddal_lx2_ccmon_agent &gt; /dev/null&quot;
CLI_OUTPUT: ret /Target1/cmd/action cmd &quot;ls /opt/ccmon/ddal_lx2_ccmon_agent &gt; /dev/null&quot; ==&gt; done OK retw=0
CLI_OUTPUT: /Target1/lx2/get sw_info
CLI_OUTPUT: ret /Target1/lx2/get sw_info ==&gt; error 201 unknown dispatcher or agent
CLI_OUTPUT: /Target1/action load agent /opt/ccmon/ddal_lx2_ccmon_agent lx2
CLI_OUTPUT: ret /Target1/action load agent /opt/ccmon/ddal_lx2_ccmon_agent lx2 ==&gt; done OK
CLI_OUTPUT: /Target1/lx2/action init lx2
CLI_OUTPUT: ret /Target1/lx2/action init lx2 ==&gt; done OK
CLI_OUTPUT: /Target1/cmd/action cmd &quot;ls /opt/ccmon/ddal_rpram_ccmon_agent &gt; /dev/null&quot;
CLI_OUTPUT: ret /Target1/cmd/action cmd &quot;ls /opt/ccmon/ddal_rpram_ccmon_agent &gt; /dev/null&quot; ==&gt; done OK retw=0
CLI_OUTPUT: /Target1/rpram/get sw_info
CLI_OUTPUT: ret /Target1/rpram/get sw_info ==&gt; error 201 unknown dispatcher or agent
CLI_OUTPUT: /Target1/action load agent /opt/ccmon/ddal_rpram_ccmon_agent rpram
CLI_OUTPUT: ret /Target1/action load agent /opt/ccmon/ddal_rpram_ccmon_agent rpram ==&gt; done OK
CLI_OUTPUT: /Target1/rpram/action init rpram
CLI_OUTPUT: ret /Target1/rpram/action init rpram ==&gt; done OK
CLI_OUTPUT: /Target1/cmd/action cmd &quot;ls /opt/ccmon/ddal_pwrmon_ccmon_agent &gt; /dev/null&quot;
CLI_OUTPUT: ret /Target1/cmd/action cmd &quot;ls /opt/ccmon/ddal_pwrmon_ccmon_agent &gt; /dev/null&quot; ==&gt; done OK retw=0
CLI_OUTPUT: /Target1/powermon/get sw_info
CLI_OUTPUT: ret /Target1/powermon/get sw_info ==&gt; error 201 unknown dispatcher or agent
CLI_OUTPUT: /Target1/action load agent /opt/ccmon/ddal_pwrmon_ccmon_agent powermon
CLI_OUTPUT: ret /Target1/action load agent /opt/ccmon/ddal_pwrmon_ccmon_agent powermon ==&gt; done OK
CLI_OUTPUT: /Target1/powermon/action init powermon
CLI_OUTPUT: ret /Target1/powermon/action init powermon ==&gt; done OK
CLI_OUTPUT: /Target1/cmd/action cmd &quot;ls /opt/ccmon/ddal_eeprom_ccmon_agent &gt; /dev/null&quot;
CLI_OUTPUT: ret /Target1/cmd/action cmd &quot;ls /opt/ccmon/ddal_eeprom_ccmon_agent &gt; /dev/null&quot; ==&gt; done OK retw=0
CLI_OUTPUT: /Target1/eeprom/get sw_info
CLI_OUTPUT: ret /Target1/eeprom/get sw_info ==&gt; error 201 unknown dispatcher or agent
CLI_OUTPUT: /Target1/action load agent /opt/ccmon/ddal_eeprom_ccmon_agent eeprom
CLI_OUTPUT: ret /Target1/action load agent /opt/ccmon/ddal_eeprom_ccmon_agent eeprom ==&gt; done OK
CLI_OUTPUT: /Target1/eeprom/action init eeprom
CLI_OUTPUT: ret /Target1/eeprom/action init eeprom ==&gt; done OK
CLI_OUTPUT: /Target1/cmd/action cmd &quot;ls /opt/ccmon/ddal_genesis_ccmon_agent &gt; /dev/null&quot;
CLI_OUTPUT: ret /Target1/cmd/action cmd &quot;ls /opt/ccmon/ddal_genesis_ccmon_agent &gt; /dev/null&quot; ==&gt; done OK retw=0
CLI_OUTPUT: /Target1/genesis/get sw_info
CLI_OUTPUT: ret /Target1/genesis/get sw_info ==&gt; error 201 unknown dispatcher or agent
CLI_OUTPUT: /Target1/action load agent /opt/ccmon/ddal_genesis_ccmon_agent genesis
CLI_OUTPUT: ret /Target1/action load agent /opt/ccmon/ddal_genesis_ccmon_agent genesis ==&gt; done OK
CLI_OUTPUT: /Target1/genesis/action init genesis
CLI_OUTPUT: ret /Target1/genesis/action init genesis ==&gt; done OK
CLI_OUTPUT: /Target1/cmd/action cmd &quot;ls /opt/ccmon/ddal_temperature_ccmon_agent &gt; /dev/null&quot;
CLI_OUTPUT: ret /Target1/cmd/action cmd &quot;ls /opt/ccmon/ddal_temperature_ccmon_agent &gt; /dev/null&quot; ==&gt; done OK retw=0
CLI_OUTPUT: /Target1/temperature/get sw_info
CLI_OUTPUT: ret /Target1/temperature/get sw_info ==&gt; error 201 unknown dispatcher or agent
CLI_OUTPUT: /Target1/action load agent /opt/ccmon/ddal_temperature_ccmon_agent temperature
CLI_OUTPUT: ret /Target1/action load agent /opt/ccmon/ddal_temperature_ccmon_agent temperature ==&gt; done OK
CLI_OUTPUT: /Target1/temperature/action init temperature
CLI_OUTPUT: ret /Target1/temperature/action init temperature ==&gt; done OK
CLI_OUTPUT: /Target1/cmd/action cmd &quot;ls /opt/ccmon/ddal_fan_ccmon_agent &gt; /dev/null&quot;
CLI_OUTPUT: ret /Target1/cmd/action cmd &quot;ls /opt/ccmon/ddal_fan_ccmon_agent &gt; /dev/null&quot; ==&gt; done OK retw=0
CLI_OUTPUT: /Target1/fan/get sw_info
CLI_OUTPUT: ret /Target1/fan/get sw_info ==&gt; error 201 unknown dispatcher or agent
CLI_OUTPUT: /Target1/action load agent /opt/ccmon/ddal_fan_ccmon_agent fan
CLI_OUTPUT: ret /Target1/action load agent /opt/ccmon/ddal_fan_ccmon_agent fan ==&gt; done OK
CLI_OUTPUT: /Target1/fan/action init fan
CLI_OUTPUT: ret /Target1/fan/action init fan ==&gt; done OK
CLI_OUTPUT: /Target1/cmd/action cmd &quot;ls /opt/ccmon/ddal_fsp_hwid_ccmon_agent &gt; /dev/null&quot;
CLI_OUTPUT: ret /Target1/cmd/action cmd &quot;ls /opt/ccmon/ddal_fsp_hwid_ccmon_agent &gt; /dev/null&quot; ==&gt; done OK retw=0
CLI_OUTPUT: /Target1/fsp_hwid/get sw_info
CLI_OUTPUT: ret /Target1/fsp_hwid/get sw_info ==&gt; error 201 unknown dispatcher or agent
CLI_OUTPUT: /Target1/action load agent /opt/ccmon/ddal_fsp_hwid_ccmon_agent fsp_hwid
CLI_OUTPUT: ret /Target1/action load agent /opt/ccmon/ddal_fsp_hwid_ccmon_agent fsp_hwid ==&gt; done OK
CLI_OUTPUT: /Target1/fsp_hwid/action init fsp_hwid
CLI_OUTPUT: ret /Target1/fsp_hwid/action init fsp_hwid ==&gt; done OK
CLI_OUTPUT: /Target1/cmd/action cmd &quot;ls /opt/ccmon/ddal_ext_alarm_ccmon_agent &gt; /dev/null&quot;
CLI_OUTPUT: ret /Target1/cmd/action cmd &quot;ls /opt/ccmon/ddal_ext_alarm_ccmon_agent &gt; /dev/null&quot; ==&gt; done OK retw=0
CLI_OUTPUT: /Target1/ext_alarm/get sw_info
CLI_OUTPUT: ret /Target1/ext_alarm/get sw_info ==&gt; error 201 unknown dispatcher or agent
CLI_OUTPUT: /Target1/action load agent /opt/ccmon/ddal_ext_alarm_ccmon_agent ext_alarm
CLI_OUTPUT: ret /Target1/action load agent /opt/ccmon/ddal_ext_alarm_ccmon_agent ext_alarm ==&gt; done OK
CLI_OUTPUT: /Target1/ext_alarm/action init ext_alarm
CLI_OUTPUT: ret /Target1/ext_alarm/action init ext_alarm ==&gt; done OK
CLI_OUTPUT: /Target1/cmd/action cmd &quot;ls /opt/ccmon/ddal_custom_out_ccmon_agent &gt; /dev/null&quot;
CLI_OUTPUT: ret /Target1/cmd/action cmd &quot;ls /opt/ccmon/ddal_custom_out_ccmon_agent &gt; /dev/null&quot; ==&gt; done OK retw=0
CLI_OUTPUT: /Target1/custom_out/get sw_info
CLI_OUTPUT: ret /Target1/custom_out/get sw_info ==&gt; error 201 unknown dispatcher or agent
CLI_OUTPUT: /Target1/action load agent /opt/ccmon/ddal_custom_out_ccmon_agent custom_out
CLI_OUTPUT: ret /Target1/action load agent /opt/ccmon/ddal_custom_out_ccmon_agent custom_out ==&gt; done OK
CLI_OUTPUT: /Target1/custom_out/action init custom_out
CLI_OUTPUT: ret /Target1/custom_out/action init custom_out ==&gt; done OK
CLI_OUTPUT: /Target1/cmd/action cmd &quot;ls /opt/ccmon/devicetree_agent &gt; /dev/null&quot;
CLI_OUTPUT: ret /Target1/cmd/action cmd &quot;ls /opt/ccmon/devicetree_agent &gt; /dev/null&quot; ==&gt; done fail retw=256
SCR_OUTPUT: WARNING: agent devicetree_agent not found
CLI_OUTPUT: /Target1/cmd/action cmd &quot;ls /opt/ccmon/rio_agent &gt; /dev/null&quot;
CLI_OUTPUT: ret /Target1/cmd/action cmd &quot;ls /opt/ccmon/rio_agent &gt; /dev/null&quot; ==&gt; done fail retw=256
SCR_OUTPUT: WARNING: agent rio_agent not found
CLI_OUTPUT: /Target1/cmd/action cmd &quot;ls /opt/ccmon/ddal_ffs_ccmon_agent &gt; /dev/null&quot;
CLI_OUTPUT: ret /Target1/cmd/action cmd &quot;ls /opt/ccmon/ddal_ffs_ccmon_agent &gt; /dev/null&quot; ==&gt; done OK retw=0
CLI_OUTPUT: /Target1/ffs/get sw_info
CLI_OUTPUT: ret /Target1/ffs/get sw_info ==&gt; error 201 unknown dispatcher or agent
CLI_OUTPUT: /Target1/action load agent /opt/ccmon/ddal_ffs_ccmon_agent ffs
CLI_OUTPUT: ret /Target1/action load agent /opt/ccmon/ddal_ffs_ccmon_agent ffs ==&gt; done OK
CLI_OUTPUT: /Target1/ffs/action init ffs
CLI_OUTPUT: ret /Target1/ffs/action init ffs ==&gt; done OK
CLI_OUTPUT: /Target1/cmd/action cmd &quot;ls /opt/ccmon/ddal_casadump_ccmon_agent &gt; /dev/null&quot;
CLI_OUTPUT: ret /Target1/cmd/action cmd &quot;ls /opt/ccmon/ddal_casadump_ccmon_agent &gt; /dev/null&quot; ==&gt; done OK retw=0
CLI_OUTPUT: /Target1/casadump/get sw_info
CLI_OUTPUT: ret /Target1/casadump/get sw_info ==&gt; error 201 unknown dispatcher or agent
CLI_OUTPUT: /Target1/action load agent /opt/ccmon/ddal_casadump_ccmon_agent casadump
CLI_OUTPUT: ret /Target1/action load agent /opt/ccmon/ddal_casadump_ccmon_agent casadump ==&gt; done OK
CLI_OUTPUT: /Target1/casadump/action init casadump
CLI_OUTPUT: ret /Target1/casadump/action init casadump ==&gt; done OK
CLI_OUTPUT: /Target1/cmd/action cmd &quot;ls /opt/ccmon/ddal_ex_switch_ccmon_agent &gt; /dev/null&quot;
CLI_OUTPUT: ret /Target1/cmd/action cmd &quot;ls /opt/ccmon/ddal_ex_switch_ccmon_agent &gt; /dev/null&quot; ==&gt; done OK retw=0
CLI_OUTPUT: /Target1/ex_switch/get sw_info
CLI_OUTPUT: ret /Target1/ex_switch/get sw_info ==&gt; error 201 unknown dispatcher or agent
CLI_OUTPUT: /Target1/action load agent /opt/ccmon/ddal_ex_switch_ccmon_agent ex_switch
CLI_OUTPUT: ret /Target1/action load agent /opt/ccmon/ddal_ex_switch_ccmon_agent ex_switch ==&gt; done OK
CLI_OUTPUT: /Target1/ex_switch/action init ex_switch
CLI_OUTPUT: ret /Target1/ex_switch/action init ex_switch ==&gt; done OK
CLI_OUTPUT: /Target1/cmd/action cmd &quot;ls /opt/ccmon/ddal_sfp_ccmon_agent &gt; /dev/null&quot;
CLI_OUTPUT: ret /Target1/cmd/action cmd &quot;ls /opt/ccmon/ddal_sfp_ccmon_agent &gt; /dev/null&quot; ==&gt; done OK retw=0
CLI_OUTPUT: /Target1/sfp/get sw_info
CLI_OUTPUT: ret /Target1/sfp/get sw_info ==&gt; error 201 unknown dispatcher or agent
CLI_OUTPUT: /Target1/action load agent /opt/ccmon/ddal_sfp_ccmon_agent sfp
CLI_OUTPUT: ret /Target1/action load agent /opt/ccmon/ddal_sfp_ccmon_agent sfp ==&gt; done OK
CLI_OUTPUT: /Target1/sfp/action init sfp
CLI_OUTPUT: ret /Target1/sfp/action init sfp ==&gt; done OK
CLI_OUTPUT: /Target1/cmd/action cmd &quot;ls /opt/ccmon/ddal_gpio_ccmon_agent &gt; /dev/null&quot;
CLI_OUTPUT: ret /Target1/cmd/action cmd &quot;ls /opt/ccmon/ddal_gpio_ccmon_agent &gt; /dev/null&quot; ==&gt; done OK retw=0
CLI_OUTPUT: /Target1/gpio/get sw_info
CLI_OUTPUT: ret /Target1/gpio/get sw_info ==&gt; error 201 unknown dispatcher or agent
CLI_OUTPUT: /Target1/action load agent /opt/ccmon/ddal_gpio_ccmon_agent gpio
CLI_OUTPUT: ret /Target1/action load agent /opt/ccmon/ddal_gpio_ccmon_agent gpio ==&gt; done OK
CLI_OUTPUT: /Target1/gpio/action init gpio
CLI_OUTPUT: ret /Target1/gpio/action init gpio ==&gt; done OK
CLI_OUTPUT: /Target1/cmd/action cmd &quot;ls /opt/ccmon/ddal_ctrl_ccmon_agent &gt; /dev/null&quot;
CLI_OUTPUT: ret /Target1/cmd/action cmd &quot;ls /opt/ccmon/ddal_ctrl_ccmon_agent &gt; /dev/null&quot; ==&gt; done OK retw=0
CLI_OUTPUT: /Target1/ctrl/get sw_info
CLI_OUTPUT: ret /Target1/ctrl/get sw_info ==&gt; error 201 unknown dispatcher or agent
CLI_OUTPUT: /Target1/action load agent /opt/ccmon/ddal_ctrl_ccmon_agent ctrl
CLI_OUTPUT: ret /Target1/action load agent /opt/ccmon/ddal_ctrl_ccmon_agent ctrl ==&gt; done OK
CLI_OUTPUT: /Target1/ctrl/action init ctrl
CLI_OUTPUT: ret /Target1/ctrl/action init ctrl ==&gt; done OK
CLI_OUTPUT: /Target1/cmd/action cmd &quot;ls /opt/ccmon/ddal_register_ccmon_agent &gt; /dev/null&quot;
CLI_OUTPUT: ret /Target1/cmd/action cmd &quot;ls /opt/ccmon/ddal_register_ccmon_agent &gt; /dev/null&quot; ==&gt; done OK retw=0
CLI_OUTPUT: /Target1/register/get sw_info
CLI_OUTPUT: ret /Target1/register/get sw_info ==&gt; error 201 unknown dispatcher or agent
CLI_OUTPUT: /Target1/action load agent /opt/ccmon/ddal_register_ccmon_agent register
CLI_OUTPUT: ret /Target1/action load agent /opt/ccmon/ddal_register_ccmon_agent register ==&gt; done OK
CLI_OUTPUT: /Target1/register/action init register
CLI_OUTPUT: ret /Target1/register/action init register ==&gt; done OK
SCR_OUTPUT: ----------------- TARGET DEFAULT INIT DONE -----------------
CLI_OUTPUT: /Target1/rpram/action ddal_rpram_get DDAL_RPRAM_USER1
CLI_OUTPUT: ret /Target1/rpram/action ddal_rpram_get DDAL_RPRAM_USER1 ==&gt; done OK retv 0 value 1817787746
SCR_OUTPUT: called ddal_rpram_get DDAL_RPRAM_USER1 returned 1817787746 == 1817787746 last written == &gt; OK
CLI_OUTPUT: /Target1/rpram/action ddal_rpram_get DDAL_RPRAM_USER2
CLI_OUTPUT: ret /Target1/rpram/action ddal_rpram_get DDAL_RPRAM_USER2 ==&gt; done OK retv 0 value 1817787747
SCR_OUTPUT: called ddal_rpram_get DDAL_RPRAM_USER2 returned 1817787747 == 1817787747 last written == &gt; OK
CLI_OUTPUT: /Target1/rpram/action ddal_rpram_get DDAL_RPRAM_USER3
CLI_OUTPUT: ret /Target1/rpram/action ddal_rpram_get DDAL_RPRAM_USER3 ==&gt; done OK retv 0 value 1817787748
SCR_OUTPUT: called ddal_rpram_get DDAL_RPRAM_USER3 returned 1817787748 == 1817787748 last written == &gt; OK
CLI_OUTPUT: /Target1/rpram/action ddal_rpram_get DDAL_RPRAM_USER4
CLI_OUTPUT: ret /Target1/rpram/action ddal_rpram_get DDAL_RPRAM_USER4 ==&gt; done OK retv 0 value 1817787749
SCR_OUTPUT: called ddal_rpram_get DDAL_RPRAM_USER4 returned 1817787749 == 1817787749 last written == &gt; OK
CLI_OUTPUT: /Target1/rpram/action ddal_rpram_get DDAL_RPRAM_USER5
CLI_OUTPUT: ret /Target1/rpram/action ddal_rpram_get DDAL_RPRAM_USER5 ==&gt; done OK retv 0 value 1817787750
SCR_OUTPUT: called ddal_rpram_get DDAL_RPRAM_USER5 returned 1817787750 == 1817787750 last written == &gt; OK
CLI_OUTPUT: /Target1/rpram/action ddal_rpram_get DDAL_RPRAM_USER6
CLI_OUTPUT: ret /Target1/rpram/action ddal_rpram_get DDAL_RPRAM_USER6 ==&gt; done OK retv 0 value 1817787751
SCR_OUTPUT: called ddal_rpram_get DDAL_RPRAM_USER6 returned 1817787751 == 1817787751 last written == &gt; OK
CLI_OUTPUT: /Target1/rpram/action ddal_rpram_get DDAL_RPRAM_USER7
CLI_OUTPUT: ret /Target1/rpram/action ddal_rpram_get DDAL_RPRAM_USER7 ==&gt; done OK retv 0 value 1817787752
SCR_OUTPUT: called ddal_rpram_get DDAL_RPRAM_USER7 returned 1817787752 == 1817787752 last written == &gt; OK
CLI_OUTPUT: /Target1/rpram/action ddal_rpram_get DDAL_RPRAM_USER8
CLI_OUTPUT: ret /Target1/rpram/action ddal_rpram_get DDAL_RPRAM_USER8 ==&gt; done OK retv 0 value 1817787753
SCR_OUTPUT: called ddal_rpram_get DDAL_RPRAM_USER8 returned 1817787753 == 1817787753 last written == &gt; OK
CLI_OUTPUT: /Target1/rpram/action ddal_rpram_get DDAL_RPRAM_USER9
CLI_OUTPUT: ret /Target1/rpram/action ddal_rpram_get DDAL_RPRAM_USER9 ==&gt; done OK retv 0 value 1817787754
SCR_OUTPUT: called ddal_rpram_get DDAL_RPRAM_USER9 returned 1817787754 == 1817787754 last written == &gt; OK
CLI_OUTPUT: /Target1/rpram/action ddal_rpram_get DDAL_RPRAM_USER10
CLI_OUTPUT: ret /Target1/rpram/action ddal_rpram_get DDAL_RPRAM_USER10 ==&gt; done OK retv 0 value 1817787755
SCR_OUTPUT: called ddal_rpram_get DDAL_RPRAM_USER10 returned 1817787755 == 1817787755 last written == &gt; OK
CLI_OUTPUT: /Target1/rpram/action ddal_rpram_get DDAL_RPRAM_USER11
CLI_OUTPUT: ret /Target1/rpram/action ddal_rpram_get DDAL_RPRAM_USER11 ==&gt; done OK retv 0 value 1817787756
SCR_OUTPUT: called ddal_rpram_get DDAL_RPRAM_USER11 returned 1817787756 == 1817787756 last written == &gt; OK
CLI_OUTPUT: /Target1/rpram/action ddal_rpram_get DDAL_RPRAM_USER12
CLI_OUTPUT: ret /Target1/rpram/action ddal_rpram_get DDAL_RPRAM_USER12 ==&gt; done OK retv 0 value 1817787757
SCR_OUTPUT: called ddal_rpram_get DDAL_RPRAM_USER12 returned 1817787757 == 1817787757 last written == &gt; OK
CLI_OUTPUT: /Target1/rpram/action ddal_rpram_get DDAL_RPRAM_USER13
CLI_OUTPUT: ret /Target1/rpram/action ddal_rpram_get DDAL_RPRAM_USER13 ==&gt; done OK retv 0 value 1817787758
SCR_OUTPUT: called ddal_rpram_get DDAL_RPRAM_USER13 returned 1817787758 == 1817787758 last written == &gt; OK
CLI_OUTPUT: /Target1/rpram/action ddal_rpram_get DDAL_RPRAM_USER14
CLI_OUTPUT: ret /Target1/rpram/action ddal_rpram_get DDAL_RPRAM_USER14 ==&gt; done OK retv 0 value 1817787759
SCR_OUTPUT: called ddal_rpram_get DDAL_RPRAM_USER14 returned 1817787759 == 1817787759 last written == &gt; OK
CLI_OUTPUT: /Target1/rpram/action ddal_rpram_get DDAL_RPRAM_USER15
CLI_OUTPUT: ret /Target1/rpram/action ddal_rpram_get DDAL_RPRAM_USER15 ==&gt; done OK retv 0 value 1817787760
SCR_OUTPUT: called ddal_rpram_get DDAL_RPRAM_USER15 returned 1817787760 == 1817787760 last written == &gt; OK
CLI_OUTPUT: /Target1/rpram/action ddal_rpram_get DDAL_RPRAM_HW_INIT_STORAGE
CLI_OUTPUT: ret /Target1/rpram/action ddal_rpram_get DDAL_RPRAM_HW_INIT_STORAGE ==&gt; done OK retv 0 value 1817787761
SCR_OUTPUT: called ddal_rpram_get DDAL_RPRAM_HW_INIT_STORAGE returned 1817787761 == 1817787761 last written == &gt; OK
CLI_OUTPUT: /Target1/rpram/action ddal_rpram_get DDAL_RPRAM_RESET_TYPE
CLI_OUTPUT: ret /Target1/rpram/action ddal_rpram_get DDAL_RPRAM_RESET_TYPE ==&gt; done OK retv 0 value 1817787762
SCR_OUTPUT: called ddal_rpram_get DDAL_RPRAM_RESET_TYPE returned 1817787762 == 1817787762 last written == &gt; OK
CLI_OUTPUT: /Target1/rpram/action ddal_rpram_get DDAL_RPRAM_ISTI
CLI_OUTPUT: ret /Target1/rpram/action ddal_rpram_get DDAL_RPRAM_ISTI ==&gt; done OK retv 0 value 1817787763
SCR_OUTPUT: called ddal_rpram_get DDAL_RPRAM_ISTI returned 1817787763 == 1817787763 last written == &gt; OK
SCR_OUTPUT: ##### Test Case End: TC_03100_004 PASSED (0)
</stdout>
          <failedSince>0</failedSince>
        </case>
        <case>
          <duration>32.0</duration>
          <className>HW_03100_basic_rpram_tests</className>
          <testName>TC_03100_005 test functions under bad conditions</testName>
          <skipped>false</skipped>
          <stdout>
SCR_OUTPUT: ##### Test Case Start: TC_03100_005  test functions under bad conditions
CLI_OUTPUT: /Target1/cmd/action cmd rmmod mddg_post
CLI_OUTPUT: ret /Target1/cmd/action cmd rmmod mddg_post ==&gt; done OK retw=0
CLI_OUTPUT: /Target1/cmd/action cmd rmmod mddg_rpram
CLI_OUTPUT: ret /Target1/cmd/action cmd rmmod mddg_rpram ==&gt; done OK retw=0
CLI_OUTPUT: /Target1/rpram/action ddal_rpram_set DDAL_RPRAM_USER9 5
CLI_OUTPUT: ret /Target1/rpram/action ddal_rpram_set DDAL_RPRAM_USER9 5 ==&gt; done fail retv -2 errstr No such file or directory
CLI_OUTPUT: /Target1/rpram/action ddal_rpram_get DDAL_RPRAM_USER9
CLI_OUTPUT: ret /Target1/rpram/action ddal_rpram_get DDAL_RPRAM_USER9 ==&gt; done fail retv -2 errstr No such file or directory
CLI_OUTPUT: /Target1/cmd/action cmd &quot;touch /dev/rpram&quot;
CLI_OUTPUT: ret /Target1/cmd/action cmd &quot;touch /dev/rpram&quot; ==&gt; done OK retw=0
CLI_OUTPUT: /Target1/rpram/action ddal_rpram_set DDAL_RPRAM_USER9 5
CLI_OUTPUT: ret /Target1/rpram/action ddal_rpram_set DDAL_RPRAM_USER9 5 ==&gt; done fail retv -25 errstr Inappropriate ioctl for device
CLI_OUTPUT: /Target1/rpram/action ddal_rpram_get DDAL_RPRAM_USER9
CLI_OUTPUT: ret /Target1/rpram/action ddal_rpram_get DDAL_RPRAM_USER9 ==&gt; done fail retv -25 errstr Inappropriate ioctl for device
SCR_OUTPUT: Start reboot.
CLI_OUTPUT: /Target1/cmd/action cmd reboot
CLI_OUTPUT: ret /Target1/cmd/action cmd reboot ==&gt; done OK retw=0
SCR_OUTPUT: Wait until reboot is in progess ...
SCR_OUTPUT: 0
CLI_OUTPUT: /Target1/cmd/action cmd echo 0 
CLI_OUTPUT: ret /Target1/cmd/action cmd echo 0 ==&gt; done OK retw=0
SCR_OUTPUT: 1
CLI_OUTPUT: /Target1/cmd/action cmd echo 1 
CLI_OUTPUT: ret /Target1/cmd/action cmd echo 1 ==&gt; done OK retw=0
SCR_OUTPUT: 2
CLI_OUTPUT: /Target1/cmd/action cmd echo 2 
CLI_OUTPUT: ret /Target1/cmd/action cmd echo 2 ==&gt; done OK retw=0
SCR_OUTPUT: 3
CLI_OUTPUT: /Target1/cmd/action cmd echo 3 
CLI_OUTPUT: ret /Target1/cmd/action cmd echo 3 ==&gt; done OK retw=0
SCR_OUTPUT: 4
CLI_OUTPUT: /Target1/cmd/action cmd echo 4 
CLI_OUTPUT: ret /Target1/cmd/action cmd echo 4 ==&gt; done OK retw=0
SCR_OUTPUT: 5
CLI_OUTPUT: /Target1/cmd/action cmd echo 5 
CLI_OUTPUT: ret /Target1/cmd/action cmd echo 5 ==&gt; done OK retw=0
SCR_OUTPUT: 6
CLI_OUTPUT: /Target1/cmd/action cmd echo 6 
CLI_OUTPUT: ret /Target1/cmd/action cmd echo 6 ==&gt; done OK retw=0
SCR_OUTPUT: 7
CLI_OUTPUT: /Target1/cmd/action cmd echo 7 
CLI_OUTPUT: ret /Target1/cmd/action cmd echo 7 ==&gt; done OK retw=0
SCR_OUTPUT: 8
CLI_OUTPUT: /Target1/cmd/action cmd echo 8 
CLI_OUTPUT: ret /Target1/cmd/action cmd echo 8 ==&gt; done OK retw=0
SCR_OUTPUT: 9
CLI_OUTPUT: /Target1/cmd/action cmd echo 9 
CLI_OUTPUT: ret /Target1/cmd/action cmd echo 9 ==&gt; done OK retw=0
SCR_OUTPUT: 10
CLI_OUTPUT: /Target1/cmd/action cmd echo 10 
CLI_OUTPUT: ret /Target1/cmd/action cmd echo 10 ==&gt; done OK retw=0
SCR_OUTPUT: 11
CLI_OUTPUT: /Target1/cmd/action cmd echo 11 
CLI_OUTPUT: ret /Target1/cmd/action cmd echo 11 ==&gt; done OK retw=0
SCR_OUTPUT: 12
CLI_OUTPUT: /Target1/cmd/action cmd echo 12 
CLI_OUTPUT: ret /Target1/cmd/action cmd echo 12 ==&gt; done OK retw=0
SCR_OUTPUT: 13
CLI_OUTPUT: /Target1/cmd/action cmd echo 13 
CLI_OUTPUT: ret /Target1/cmd/action cmd echo 13 ==&gt; done OK retw=0
SCR_OUTPUT: 14
CLI_OUTPUT: /Target1/cmd/action cmd echo 14 
CLI_OUTPUT: ret /Target1/cmd/action cmd echo 14 ==&gt; done OK retw=0
SCR_OUTPUT: 15
CLI_OUTPUT: /Target1/cmd/action cmd echo 15 
DLG_OUTPUT: {FMon Error:} {Connection To Communication Channel:  Target1  Lost !} error 0 OK
SCR_OUTPUT: Wait until is comming up!
SCR_OUTPUT: open_cc: Target1
DLG_OUTPUT: {FMon Error:} {Connection To Communication Channel:  Target1  Lost !} error 0 OK
DLG_OUTPUT: {FMon Error:} {Connection To Communication Channel:  Target1  Lost !} error 0 OK
DLG_OUTPUT: {FMon Error:} {Connection To Communication Channel:  Target1  Lost !} error 0 OK
DLG_OUTPUT: {FMon Error:} {Connection To Communication Channel:  Target1  Lost !} error 0 OK
DLG_OUTPUT: {FMon Error:} {Connection To Communication Channel:  Target1  Lost !} error 0 OK
DLG_OUTPUT: {FMon Error:} {Connection To Communication Channel:  Target1  Lost !} error 0 OK
DLG_OUTPUT: {FMon Error:} {Connection To Communication Channel:  Target1  Lost !} error 0 OK
DLG_OUTPUT: {FMon Error:} {Connection To Communication Channel:  Target1  Lost !} error 0 OK
DLG_OUTPUT: {FMon Error:} {Connection To Communication Channel:  Target1  Lost !} error 0 OK
CLI_OUTPUT: /Target1/get noti_switch global
CLI_OUTPUT: ret /Target1/get noti_switch global ==&gt; on
CLI_OUTPUT: /Target1/get sw_info
CLI_OUTPUT: ret /Target1/get sw_info ==&gt; CCMon2 2.5.4 ready
SCR_OUTPUT: open_cc: Target1 OK
SCR_OUTPUT: open_cc: Target1
CLI_OUTPUT: /Target1/get noti_switch global
CLI_OUTPUT: ret /Target1/get noti_switch global ==&gt; on
CLI_OUTPUT: /Target1/get sw_info
CLI_OUTPUT: ret /Target1/get sw_info ==&gt; CCMon2 2.5.4 ready
SCR_OUTPUT: open_cc: Target1 OK
CLI_OUTPUT: /Target1/cmd/get sw_info
CLI_OUTPUT: ret /Target1/cmd/get sw_info ==&gt; error 201 unknown dispatcher or agent
CLI_OUTPUT: /Target1/action load agent /opt/ccmon/cmdagent cmd
CLI_OUTPUT: ret /Target1/action load agent /opt/ccmon/cmdagent cmd ==&gt; done OK
CLI_OUTPUT: /Target1/cmd/action init cmd
CLI_OUTPUT: ret /Target1/cmd/action init cmd ==&gt; done OK
CLI_OUTPUT: /Target1/cmd/action exec uname -a
CLI_OUTPUT: ret /Target1/cmd/action exec uname -a ==&gt; done ok 0 0 {Linux fcmd15 3.14.51-g82d8086-fcmd #1 PREEMPT Thu Oct 29 17:38:53 UTC 2015 ppc GNU/Linux}
CLI_OUTPUT: /Target1/cmd/action exec ifconfig
CLI_OUTPUT: ret /Target1/cmd/action exec ifconfig ==&gt; done ok 0 0 {eth0 Link encap:Ethernet HWaddr 00:04:AC:E3:0F:75} {inet addr:129.168.4.185 Bcast:129.168.255.255 Mask:255.255.0.0} {inet6 addr: fe80::204:acff:fee3:f75%3215413424/64 Scope:Link} {UP BROADCAST RUNNING MULTICAST MTU:1500 Metric:1} {RX packets:182 errors:0 dropped:49 overruns:0 frame:0} {TX packets:32 errors:0 dropped:0 overruns:0 carrier:0} {collisions:0 txqueuelen:1000} {RX bytes:16873 (16.4 KiB) TX bytes:3596 (3.5 KiB)} {Base address:0x8000} {} {lo Link encap:Local Loopback} {inet addr:127.0.0.1 Mask:255.0.0.0} {inet6 addr: ::1%3215413424/128 Scope:Host} {UP LOOPBACK RUNNING MTU:65536 Metric:1} {RX packets:486 errors:0 dropped:0 overruns:0 frame:0} {TX packets:486 errors:0 dropped:0 overruns:0 carrier:0} {collisions:0 txqueuelen:0} {RX bytes:77226 (75.4 KiB) TX bytes:77226 (75.4 KiB)} {}
SCR_OUTPUT: Target IP: inet addr:129.168.4.185 Bcast:129.168.255.255 Mask:255.255.0.0
CLI_OUTPUT: /Target1/cmd/action exec &quot;cat /etc/psl_version&quot;
CLI_OUTPUT: ret /Target1/cmd/action exec &quot;cat /etc/psl_version&quot; ==&gt; done ok 0 0 {PS_LFS_OS_2015_10_0748 (fcmd)}
SCR_OUTPUT: PSL Version: PS_LFS_OS_2015_10_0748 (fcmd)
SCR_OUTPUT: BOS Version: 
CLI_OUTPUT: /Target1/cmd/action cmd &quot;ls /etc/build_infos&quot;
CLI_OUTPUT: ret /Target1/cmd/action cmd &quot;ls /etc/build_infos&quot; ==&gt; done fail retw=256
SCR_OUTPUT: System Type: FCM2
CLI_OUTPUT: /Target1/cmd/action cmd &quot;ls /opt/ccmon/memdump_agent &gt; /dev/null&quot;
CLI_OUTPUT: ret /Target1/cmd/action cmd &quot;ls /opt/ccmon/memdump_agent &gt; /dev/null&quot; ==&gt; done OK retw=0
CLI_OUTPUT: /Target1/memdump/get sw_info
CLI_OUTPUT: ret /Target1/memdump/get sw_info ==&gt; error 201 unknown dispatcher or agent
CLI_OUTPUT: /Target1/action load agent /opt/ccmon/memdump_agent memdump
CLI_OUTPUT: ret /Target1/action load agent /opt/ccmon/memdump_agent memdump ==&gt; done OK
CLI_OUTPUT: /Target1/memdump/action init memdump
CLI_OUTPUT: ret /Target1/memdump/action init memdump ==&gt; done OK
CLI_OUTPUT: /Target1/cmd/action cmd &quot;ls /opt/ccmon/ddal_sfn_ccmon_agent &gt; /dev/null&quot;
CLI_OUTPUT: ret /Target1/cmd/action cmd &quot;ls /opt/ccmon/ddal_sfn_ccmon_agent &gt; /dev/null&quot; ==&gt; done OK retw=0
CLI_OUTPUT: /Target1/sfn/get sw_info
CLI_OUTPUT: ret /Target1/sfn/get sw_info ==&gt; error 201 unknown dispatcher or agent
CLI_OUTPUT: /Target1/action load agent /opt/ccmon/ddal_sfn_ccmon_agent sfn
CLI_OUTPUT: ret /Target1/action load agent /opt/ccmon/ddal_sfn_ccmon_agent sfn ==&gt; done OK
CLI_OUTPUT: /Target1/sfn/action init sfn
CLI_OUTPUT: ret /Target1/sfn/action init sfn ==&gt; done OK
CLI_OUTPUT: /Target1/cmd/action cmd &quot;ls /opt/ccmon/ddal_reset_ccmon_agent &gt; /dev/null&quot;
CLI_OUTPUT: ret /Target1/cmd/action cmd &quot;ls /opt/ccmon/ddal_reset_ccmon_agent &gt; /dev/null&quot; ==&gt; done OK retw=0
CLI_OUTPUT: /Target1/reset/get sw_info
CLI_OUTPUT: ret /Target1/reset/get sw_info ==&gt; error 201 unknown dispatcher or agent
CLI_OUTPUT: /Target1/action load agent /opt/ccmon/ddal_reset_ccmon_agent reset
CLI_OUTPUT: ret /Target1/action load agent /opt/ccmon/ddal_reset_ccmon_agent reset ==&gt; done OK
CLI_OUTPUT: /Target1/reset/action init reset
CLI_OUTPUT: ret /Target1/reset/action init reset ==&gt; done OK
CLI_OUTPUT: /Target1/cmd/action cmd &quot;ls /opt/ccmon/ddal_power_ccmon_agent &gt; /dev/null&quot;
CLI_OUTPUT: ret /Target1/cmd/action cmd &quot;ls /opt/ccmon/ddal_power_ccmon_agent &gt; /dev/null&quot; ==&gt; done OK retw=0
CLI_OUTPUT: /Target1/power/get sw_info
CLI_OUTPUT: ret /Target1/power/get sw_info ==&gt; error 201 unknown dispatcher or agent
CLI_OUTPUT: /Target1/action load agent /opt/ccmon/ddal_power_ccmon_agent power
CLI_OUTPUT: ret /Target1/action load agent /opt/ccmon/ddal_power_ccmon_agent power ==&gt; done OK
CLI_OUTPUT: /Target1/power/action init power
CLI_OUTPUT: ret /Target1/power/action init power ==&gt; done OK
CLI_OUTPUT: /Target1/cmd/action cmd &quot;ls /opt/ccmon/ddal_l2mem_ccmon_agent &gt; /dev/null&quot;
CLI_OUTPUT: ret /Target1/cmd/action cmd &quot;ls /opt/ccmon/ddal_l2mem_ccmon_agent &gt; /dev/null&quot; ==&gt; done OK retw=0
CLI_OUTPUT: /Target1/l2mem/get sw_info
CLI_OUTPUT: ret /Target1/l2mem/get sw_info ==&gt; error 201 unknown dispatcher or agent
CLI_OUTPUT: /Target1/action load agent /opt/ccmon/ddal_l2mem_ccmon_agent l2mem
CLI_OUTPUT: ret /Target1/action load agent /opt/ccmon/ddal_l2mem_ccmon_agent l2mem ==&gt; done OK
CLI_OUTPUT: /Target1/l2mem/action init l2mem
CLI_OUTPUT: ret /Target1/l2mem/action init l2mem ==&gt; done OK
CLI_OUTPUT: /Target1/cmd/action cmd &quot;ls /opt/ccmon/ddal_clk_ccmon_agent &gt; /dev/null&quot;
CLI_OUTPUT: ret /Target1/cmd/action cmd &quot;ls /opt/ccmon/ddal_clk_ccmon_agent &gt; /dev/null&quot; ==&gt; done OK retw=0
CLI_OUTPUT: /Target1/clk/get sw_info
CLI_OUTPUT: ret /Target1/clk/get sw_info ==&gt; error 201 unknown dispatcher or agent
CLI_OUTPUT: /Target1/action load agent /opt/ccmon/ddal_clk_ccmon_agent clk
CLI_OUTPUT: ret /Target1/action load agent /opt/ccmon/ddal_clk_ccmon_agent clk ==&gt; done OK
CLI_OUTPUT: /Target1/clk/action init clk
CLI_OUTPUT: ret /Target1/clk/action init clk ==&gt; done OK
CLI_OUTPUT: /Target1/cmd/action cmd &quot;ls /opt/ccmon/ddal_id_ccmon_agent &gt; /dev/null&quot;
CLI_OUTPUT: ret /Target1/cmd/action cmd &quot;ls /opt/ccmon/ddal_id_ccmon_agent &gt; /dev/null&quot; ==&gt; done OK retw=0
CLI_OUTPUT: /Target1/id/get sw_info
CLI_OUTPUT: ret /Target1/id/get sw_info ==&gt; error 201 unknown dispatcher or agent
CLI_OUTPUT: /Target1/action load agent /opt/ccmon/ddal_id_ccmon_agent id
CLI_OUTPUT: ret /Target1/action load agent /opt/ccmon/ddal_id_ccmon_agent id ==&gt; done OK
CLI_OUTPUT: /Target1/id/action init id
CLI_OUTPUT: ret /Target1/id/action init id ==&gt; done OK
CLI_OUTPUT: /Target1/cmd/action cmd &quot;ls /opt/ccmon/ddal_led_ccmon_agent &gt; /dev/null&quot;
CLI_OUTPUT: ret /Target1/cmd/action cmd &quot;ls /opt/ccmon/ddal_led_ccmon_agent &gt; /dev/null&quot; ==&gt; done OK retw=0
CLI_OUTPUT: /Target1/led/get sw_info
CLI_OUTPUT: ret /Target1/led/get sw_info ==&gt; error 201 unknown dispatcher or agent
CLI_OUTPUT: /Target1/action load agent /opt/ccmon/ddal_led_ccmon_agent led
CLI_OUTPUT: ret /Target1/action load agent /opt/ccmon/ddal_led_ccmon_agent led ==&gt; done OK
CLI_OUTPUT: /Target1/led/action init led
CLI_OUTPUT: ret /Target1/led/action init led ==&gt; done OK
CLI_OUTPUT: /Target1/cmd/action cmd &quot;ls /opt/ccmon/ddal_lx2_ccmon_agent &gt; /dev/null&quot;
CLI_OUTPUT: ret /Target1/cmd/action cmd &quot;ls /opt/ccmon/ddal_lx2_ccmon_agent &gt; /dev/null&quot; ==&gt; done OK retw=0
CLI_OUTPUT: /Target1/lx2/get sw_info
CLI_OUTPUT: ret /Target1/lx2/get sw_info ==&gt; error 201 unknown dispatcher or agent
CLI_OUTPUT: /Target1/action load agent /opt/ccmon/ddal_lx2_ccmon_agent lx2
CLI_OUTPUT: ret /Target1/action load agent /opt/ccmon/ddal_lx2_ccmon_agent lx2 ==&gt; done OK
CLI_OUTPUT: /Target1/lx2/action init lx2
CLI_OUTPUT: ret /Target1/lx2/action init lx2 ==&gt; done OK
CLI_OUTPUT: /Target1/cmd/action cmd &quot;ls /opt/ccmon/ddal_rpram_ccmon_agent &gt; /dev/null&quot;
CLI_OUTPUT: ret /Target1/cmd/action cmd &quot;ls /opt/ccmon/ddal_rpram_ccmon_agent &gt; /dev/null&quot; ==&gt; done OK retw=0
CLI_OUTPUT: /Target1/rpram/get sw_info
CLI_OUTPUT: ret /Target1/rpram/get sw_info ==&gt; error 201 unknown dispatcher or agent
CLI_OUTPUT: /Target1/action load agent /opt/ccmon/ddal_rpram_ccmon_agent rpram
CLI_OUTPUT: ret /Target1/action load agent /opt/ccmon/ddal_rpram_ccmon_agent rpram ==&gt; done OK
CLI_OUTPUT: /Target1/rpram/action init rpram
CLI_OUTPUT: ret /Target1/rpram/action init rpram ==&gt; done OK
CLI_OUTPUT: /Target1/cmd/action cmd &quot;ls /opt/ccmon/ddal_pwrmon_ccmon_agent &gt; /dev/null&quot;
CLI_OUTPUT: ret /Target1/cmd/action cmd &quot;ls /opt/ccmon/ddal_pwrmon_ccmon_agent &gt; /dev/null&quot; ==&gt; done OK retw=0
CLI_OUTPUT: /Target1/powermon/get sw_info
CLI_OUTPUT: ret /Target1/powermon/get sw_info ==&gt; error 201 unknown dispatcher or agent
CLI_OUTPUT: /Target1/action load agent /opt/ccmon/ddal_pwrmon_ccmon_agent powermon
CLI_OUTPUT: ret /Target1/action load agent /opt/ccmon/ddal_pwrmon_ccmon_agent powermon ==&gt; done OK
CLI_OUTPUT: /Target1/powermon/action init powermon
CLI_OUTPUT: ret /Target1/powermon/action init powermon ==&gt; done OK
CLI_OUTPUT: /Target1/cmd/action cmd &quot;ls /opt/ccmon/ddal_eeprom_ccmon_agent &gt; /dev/null&quot;
CLI_OUTPUT: ret /Target1/cmd/action cmd &quot;ls /opt/ccmon/ddal_eeprom_ccmon_agent &gt; /dev/null&quot; ==&gt; done OK retw=0
CLI_OUTPUT: /Target1/eeprom/get sw_info
CLI_OUTPUT: ret /Target1/eeprom/get sw_info ==&gt; error 201 unknown dispatcher or agent
CLI_OUTPUT: /Target1/action load agent /opt/ccmon/ddal_eeprom_ccmon_agent eeprom
CLI_OUTPUT: ret /Target1/action load agent /opt/ccmon/ddal_eeprom_ccmon_agent eeprom ==&gt; done OK
CLI_OUTPUT: /Target1/eeprom/action init eeprom
CLI_OUTPUT: ret /Target1/eeprom/action init eeprom ==&gt; done OK
CLI_OUTPUT: /Target1/cmd/action cmd &quot;ls /opt/ccmon/ddal_genesis_ccmon_agent &gt; /dev/null&quot;
CLI_OUTPUT: ret /Target1/cmd/action cmd &quot;ls /opt/ccmon/ddal_genesis_ccmon_agent &gt; /dev/null&quot; ==&gt; done OK retw=0
CLI_OUTPUT: /Target1/genesis/get sw_info
CLI_OUTPUT: ret /Target1/genesis/get sw_info ==&gt; error 201 unknown dispatcher or agent
CLI_OUTPUT: /Target1/action load agent /opt/ccmon/ddal_genesis_ccmon_agent genesis
CLI_OUTPUT: ret /Target1/action load agent /opt/ccmon/ddal_genesis_ccmon_agent genesis ==&gt; done OK
CLI_OUTPUT: /Target1/genesis/action init genesis
CLI_OUTPUT: ret /Target1/genesis/action init genesis ==&gt; done OK
CLI_OUTPUT: /Target1/cmd/action cmd &quot;ls /opt/ccmon/ddal_temperature_ccmon_agent &gt; /dev/null&quot;
CLI_OUTPUT: ret /Target1/cmd/action cmd &quot;ls /opt/ccmon/ddal_temperature_ccmon_agent &gt; /dev/null&quot; ==&gt; done OK retw=0
CLI_OUTPUT: /Target1/temperature/get sw_info
CLI_OUTPUT: ret /Target1/temperature/get sw_info ==&gt; error 201 unknown dispatcher or agent
CLI_OUTPUT: /Target1/action load agent /opt/ccmon/ddal_temperature_ccmon_agent temperature
CLI_OUTPUT: ret /Target1/action load agent /opt/ccmon/ddal_temperature_ccmon_agent temperature ==&gt; done OK
CLI_OUTPUT: /Target1/temperature/action init temperature
CLI_OUTPUT: ret /Target1/temperature/action init temperature ==&gt; done OK
CLI_OUTPUT: /Target1/cmd/action cmd &quot;ls /opt/ccmon/ddal_fan_ccmon_agent &gt; /dev/null&quot;
CLI_OUTPUT: ret /Target1/cmd/action cmd &quot;ls /opt/ccmon/ddal_fan_ccmon_agent &gt; /dev/null&quot; ==&gt; done OK retw=0
CLI_OUTPUT: /Target1/fan/get sw_info
CLI_OUTPUT: ret /Target1/fan/get sw_info ==&gt; error 201 unknown dispatcher or agent
CLI_OUTPUT: /Target1/action load agent /opt/ccmon/ddal_fan_ccmon_agent fan
CLI_OUTPUT: ret /Target1/action load agent /opt/ccmon/ddal_fan_ccmon_agent fan ==&gt; done OK
CLI_OUTPUT: /Target1/fan/action init fan
CLI_OUTPUT: ret /Target1/fan/action init fan ==&gt; done OK
CLI_OUTPUT: /Target1/cmd/action cmd &quot;ls /opt/ccmon/ddal_fsp_hwid_ccmon_agent &gt; /dev/null&quot;
CLI_OUTPUT: ret /Target1/cmd/action cmd &quot;ls /opt/ccmon/ddal_fsp_hwid_ccmon_agent &gt; /dev/null&quot; ==&gt; done OK retw=0
CLI_OUTPUT: /Target1/fsp_hwid/get sw_info
CLI_OUTPUT: ret /Target1/fsp_hwid/get sw_info ==&gt; error 201 unknown dispatcher or agent
CLI_OUTPUT: /Target1/action load agent /opt/ccmon/ddal_fsp_hwid_ccmon_agent fsp_hwid
CLI_OUTPUT: ret /Target1/action load agent /opt/ccmon/ddal_fsp_hwid_ccmon_agent fsp_hwid ==&gt; done OK
CLI_OUTPUT: /Target1/fsp_hwid/action init fsp_hwid
CLI_OUTPUT: ret /Target1/fsp_hwid/action init fsp_hwid ==&gt; done OK
CLI_OUTPUT: /Target1/cmd/action cmd &quot;ls /opt/ccmon/ddal_ext_alarm_ccmon_agent &gt; /dev/null&quot;
CLI_OUTPUT: ret /Target1/cmd/action cmd &quot;ls /opt/ccmon/ddal_ext_alarm_ccmon_agent &gt; /dev/null&quot; ==&gt; done OK retw=0
CLI_OUTPUT: /Target1/ext_alarm/get sw_info
CLI_OUTPUT: ret /Target1/ext_alarm/get sw_info ==&gt; error 201 unknown dispatcher or agent
CLI_OUTPUT: /Target1/action load agent /opt/ccmon/ddal_ext_alarm_ccmon_agent ext_alarm
CLI_OUTPUT: ret /Target1/action load agent /opt/ccmon/ddal_ext_alarm_ccmon_agent ext_alarm ==&gt; done OK
CLI_OUTPUT: /Target1/ext_alarm/action init ext_alarm
CLI_OUTPUT: ret /Target1/ext_alarm/action init ext_alarm ==&gt; done OK
CLI_OUTPUT: /Target1/cmd/action cmd &quot;ls /opt/ccmon/ddal_custom_out_ccmon_agent &gt; /dev/null&quot;
CLI_OUTPUT: ret /Target1/cmd/action cmd &quot;ls /opt/ccmon/ddal_custom_out_ccmon_agent &gt; /dev/null&quot; ==&gt; done OK retw=0
CLI_OUTPUT: /Target1/custom_out/get sw_info
CLI_OUTPUT: ret /Target1/custom_out/get sw_info ==&gt; error 201 unknown dispatcher or agent
CLI_OUTPUT: /Target1/action load agent /opt/ccmon/ddal_custom_out_ccmon_agent custom_out
CLI_OUTPUT: ret /Target1/action load agent /opt/ccmon/ddal_custom_out_ccmon_agent custom_out ==&gt; done OK
CLI_OUTPUT: /Target1/custom_out/action init custom_out
CLI_OUTPUT: ret /Target1/custom_out/action init custom_out ==&gt; done OK
CLI_OUTPUT: /Target1/cmd/action cmd &quot;ls /opt/ccmon/devicetree_agent &gt; /dev/null&quot;
CLI_OUTPUT: ret /Target1/cmd/action cmd &quot;ls /opt/ccmon/devicetree_agent &gt; /dev/null&quot; ==&gt; done fail retw=256
SCR_OUTPUT: WARNING: agent devicetree_agent not found
CLI_OUTPUT: /Target1/cmd/action cmd &quot;ls /opt/ccmon/rio_agent &gt; /dev/null&quot;
CLI_OUTPUT: ret /Target1/cmd/action cmd &quot;ls /opt/ccmon/rio_agent &gt; /dev/null&quot; ==&gt; done fail retw=256
SCR_OUTPUT: WARNING: agent rio_agent not found
CLI_OUTPUT: /Target1/cmd/action cmd &quot;ls /opt/ccmon/ddal_ffs_ccmon_agent &gt; /dev/null&quot;
CLI_OUTPUT: ret /Target1/cmd/action cmd &quot;ls /opt/ccmon/ddal_ffs_ccmon_agent &gt; /dev/null&quot; ==&gt; done OK retw=0
CLI_OUTPUT: /Target1/ffs/get sw_info
CLI_OUTPUT: ret /Target1/ffs/get sw_info ==&gt; error 201 unknown dispatcher or agent
CLI_OUTPUT: /Target1/action load agent /opt/ccmon/ddal_ffs_ccmon_agent ffs
CLI_OUTPUT: ret /Target1/action load agent /opt/ccmon/ddal_ffs_ccmon_agent ffs ==&gt; done OK
CLI_OUTPUT: /Target1/ffs/action init ffs
CLI_OUTPUT: ret /Target1/ffs/action init ffs ==&gt; done OK
CLI_OUTPUT: /Target1/cmd/action cmd &quot;ls /opt/ccmon/ddal_casadump_ccmon_agent &gt; /dev/null&quot;
CLI_OUTPUT: ret /Target1/cmd/action cmd &quot;ls /opt/ccmon/ddal_casadump_ccmon_agent &gt; /dev/null&quot; ==&gt; done OK retw=0
CLI_OUTPUT: /Target1/casadump/get sw_info
CLI_OUTPUT: ret /Target1/casadump/get sw_info ==&gt; error 201 unknown dispatcher or agent
CLI_OUTPUT: /Target1/action load agent /opt/ccmon/ddal_casadump_ccmon_agent casadump
CLI_OUTPUT: ret /Target1/action load agent /opt/ccmon/ddal_casadump_ccmon_agent casadump ==&gt; done OK
CLI_OUTPUT: /Target1/casadump/action init casadump
CLI_OUTPUT: ret /Target1/casadump/action init casadump ==&gt; done OK
CLI_OUTPUT: /Target1/cmd/action cmd &quot;ls /opt/ccmon/ddal_ex_switch_ccmon_agent &gt; /dev/null&quot;
CLI_OUTPUT: ret /Target1/cmd/action cmd &quot;ls /opt/ccmon/ddal_ex_switch_ccmon_agent &gt; /dev/null&quot; ==&gt; done OK retw=0
CLI_OUTPUT: /Target1/ex_switch/get sw_info
CLI_OUTPUT: ret /Target1/ex_switch/get sw_info ==&gt; error 201 unknown dispatcher or agent
CLI_OUTPUT: /Target1/action load agent /opt/ccmon/ddal_ex_switch_ccmon_agent ex_switch
CLI_OUTPUT: ret /Target1/action load agent /opt/ccmon/ddal_ex_switch_ccmon_agent ex_switch ==&gt; done OK
CLI_OUTPUT: /Target1/ex_switch/action init ex_switch
CLI_OUTPUT: ret /Target1/ex_switch/action init ex_switch ==&gt; done OK
CLI_OUTPUT: /Target1/cmd/action cmd &quot;ls /opt/ccmon/ddal_sfp_ccmon_agent &gt; /dev/null&quot;
CLI_OUTPUT: ret /Target1/cmd/action cmd &quot;ls /opt/ccmon/ddal_sfp_ccmon_agent &gt; /dev/null&quot; ==&gt; done OK retw=0
CLI_OUTPUT: /Target1/sfp/get sw_info
CLI_OUTPUT: ret /Target1/sfp/get sw_info ==&gt; error 201 unknown dispatcher or agent
CLI_OUTPUT: /Target1/action load agent /opt/ccmon/ddal_sfp_ccmon_agent sfp
CLI_OUTPUT: ret /Target1/action load agent /opt/ccmon/ddal_sfp_ccmon_agent sfp ==&gt; done OK
CLI_OUTPUT: /Target1/sfp/action init sfp
CLI_OUTPUT: ret /Target1/sfp/action init sfp ==&gt; done OK
CLI_OUTPUT: /Target1/cmd/action cmd &quot;ls /opt/ccmon/ddal_gpio_ccmon_agent &gt; /dev/null&quot;
CLI_OUTPUT: ret /Target1/cmd/action cmd &quot;ls /opt/ccmon/ddal_gpio_ccmon_agent &gt; /dev/null&quot; ==&gt; done OK retw=0
CLI_OUTPUT: /Target1/gpio/get sw_info
CLI_OUTPUT: ret /Target1/gpio/get sw_info ==&gt; error 201 unknown dispatcher or agent
CLI_OUTPUT: /Target1/action load agent /opt/ccmon/ddal_gpio_ccmon_agent gpio
CLI_OUTPUT: ret /Target1/action load agent /opt/ccmon/ddal_gpio_ccmon_agent gpio ==&gt; done OK
CLI_OUTPUT: /Target1/gpio/action init gpio
CLI_OUTPUT: ret /Target1/gpio/action init gpio ==&gt; done OK
CLI_OUTPUT: /Target1/cmd/action cmd &quot;ls /opt/ccmon/ddal_ctrl_ccmon_agent &gt; /dev/null&quot;
CLI_OUTPUT: ret /Target1/cmd/action cmd &quot;ls /opt/ccmon/ddal_ctrl_ccmon_agent &gt; /dev/null&quot; ==&gt; done OK retw=0
CLI_OUTPUT: /Target1/ctrl/get sw_info
CLI_OUTPUT: ret /Target1/ctrl/get sw_info ==&gt; error 201 unknown dispatcher or agent
CLI_OUTPUT: /Target1/action load agent /opt/ccmon/ddal_ctrl_ccmon_agent ctrl
CLI_OUTPUT: ret /Target1/action load agent /opt/ccmon/ddal_ctrl_ccmon_agent ctrl ==&gt; done OK
CLI_OUTPUT: /Target1/ctrl/action init ctrl
CLI_OUTPUT: ret /Target1/ctrl/action init ctrl ==&gt; done OK
CLI_OUTPUT: /Target1/cmd/action cmd &quot;ls /opt/ccmon/ddal_register_ccmon_agent &gt; /dev/null&quot;
CLI_OUTPUT: ret /Target1/cmd/action cmd &quot;ls /opt/ccmon/ddal_register_ccmon_agent &gt; /dev/null&quot; ==&gt; done OK retw=0
CLI_OUTPUT: /Target1/register/get sw_info
CLI_OUTPUT: ret /Target1/register/get sw_info ==&gt; error 201 unknown dispatcher or agent
CLI_OUTPUT: /Target1/action load agent /opt/ccmon/ddal_register_ccmon_agent register
CLI_OUTPUT: ret /Target1/action load agent /opt/ccmon/ddal_register_ccmon_agent register ==&gt; done OK
CLI_OUTPUT: /Target1/register/action init register
CLI_OUTPUT: ret /Target1/register/action init register ==&gt; done OK
SCR_OUTPUT: ----------------- TARGET DEFAULT INIT DONE -----------------
SCR_OUTPUT: ##### Test Case End: TC_03100_005 PASSED (0)
</stdout>
          <failedSince>0</failedSince>
        </case>
        <case>
          <duration>1.0</duration>
          <className>HW_03130_basic_pwrmon_tests</className>
          <testName>TC_03130_001 successful ddal_pwrmon_get_vmon_status calls</testName>
          <skipped>false</skipped>
          <stdout>
SCR_OUTPUT: ##### Test Case Start: TC_03130_001  successful ddal_pwrmon_get_vmon_status calls
CLI_OUTPUT: /Target1/powermon/action ddal_pwrmon_get_vmon_status
CLI_OUTPUT: ret /Target1/powermon/action ddal_pwrmon_get_vmon_status ==&gt; done OK retv 0 vmon_status 262143
SCR_OUTPUT: ##### Test Case End: TC_03130_001 PASSED (0)
</stdout>
          <failedSince>0</failedSince>
        </case>
        <case>
          <duration>1.0</duration>
          <className>HW_03130_basic_pwrmon_tests</className>
          <testName>TC_03130_002 successful ddal_pwrmon_get_output_status calls</testName>
          <skipped>false</skipped>
          <stdout>
SCR_OUTPUT: ##### Test Case Start: TC_03130_002  successful ddal_pwrmon_get_output_status calls
CLI_OUTPUT: /Target1/powermon/action ddal_pwrmon_get_output_status
CLI_OUTPUT: ret /Target1/powermon/action ddal_pwrmon_get_output_status ==&gt; done OK retv 0 output_status 16744735
SCR_OUTPUT: ##### Test Case End: TC_03130_002 PASSED (0)
</stdout>
          <failedSince>0</failedSince>
        </case>
        <case>
          <duration>1.0</duration>
          <className>HW_03130_basic_pwrmon_tests</className>
          <testName>TC_03130_003 successful ddal_pwrmon_get_input_status calls</testName>
          <skipped>false</skipped>
          <stdout>
SCR_OUTPUT: ##### Test Case Start: TC_03130_003  successful ddal_pwrmon_get_input_status calls
CLI_OUTPUT: /Target1/powermon/action ddal_pwrmon_get_input_status
CLI_OUTPUT: ret /Target1/powermon/action ddal_pwrmon_get_input_status ==&gt; done OK retv 0 input_status 221
SCR_OUTPUT: ##### Test Case End: TC_03130_003 PASSED (0)
</stdout>
          <failedSince>0</failedSince>
        </case>
        <case>
          <duration>1.0</duration>
          <className>HW_03130_basic_pwrmon_tests</className>
          <testName>TC_03130_004 successful ddal_pwrmon_get_adc_value calls</testName>
          <skipped>false</skipped>
          <stdout>
SCR_OUTPUT: ##### Test Case Start: TC_03130_004  successful ddal_pwrmon_get_adc_value calls
CLI_OUTPUT: /Target1/powermon/action ddal_pwrmon_get_adc_value VMON_01 ATTN_2_MV
CLI_OUTPUT: ret /Target1/powermon/action ddal_pwrmon_get_adc_value VMON_01 ATTN_2_MV ==&gt; done OK retv 0 adc_value 65359
CLI_OUTPUT: /Target1/powermon/action ddal_pwrmon_get_adc_value VMON_01 ATTN_6_MV
CLI_OUTPUT: ret /Target1/powermon/action ddal_pwrmon_get_adc_value VMON_01 ATTN_6_MV ==&gt; done OK retv 0 adc_value 65375
CLI_OUTPUT: /Target1/powermon/action ddal_pwrmon_get_adc_value VMON_02 ATTN_2_MV
CLI_OUTPUT: ret /Target1/powermon/action ddal_pwrmon_get_adc_value VMON_02 ATTN_2_MV ==&gt; done OK retv 0 adc_value 65327
CLI_OUTPUT: /Target1/powermon/action ddal_pwrmon_get_adc_value VMON_02 ATTN_6_MV
CLI_OUTPUT: ret /Target1/powermon/action ddal_pwrmon_get_adc_value VMON_02 ATTN_6_MV ==&gt; done OK retv 0 adc_value 65327
CLI_OUTPUT: /Target1/powermon/action ddal_pwrmon_get_adc_value VMON_03 ATTN_2_MV
CLI_OUTPUT: ret /Target1/powermon/action ddal_pwrmon_get_adc_value VMON_03 ATTN_2_MV ==&gt; done OK retv 0 adc_value 65311
CLI_OUTPUT: /Target1/powermon/action ddal_pwrmon_get_adc_value VMON_03 ATTN_6_MV
CLI_OUTPUT: ret /Target1/powermon/action ddal_pwrmon_get_adc_value VMON_03 ATTN_6_MV ==&gt; done OK retv 0 adc_value 65311
CLI_OUTPUT: /Target1/powermon/action ddal_pwrmon_get_adc_value VMON_04 ATTN_2_MV
CLI_OUTPUT: ret /Target1/powermon/action ddal_pwrmon_get_adc_value VMON_04 ATTN_2_MV ==&gt; done OK retv 0 adc_value 65343
CLI_OUTPUT: /Target1/powermon/action ddal_pwrmon_get_adc_value VMON_04 ATTN_6_MV
CLI_OUTPUT: ret /Target1/powermon/action ddal_pwrmon_get_adc_value VMON_04 ATTN_6_MV ==&gt; done OK retv 0 adc_value 65359
CLI_OUTPUT: /Target1/powermon/action ddal_pwrmon_get_adc_value VMON_05 ATTN_2_MV
CLI_OUTPUT: ret /Target1/powermon/action ddal_pwrmon_get_adc_value VMON_05 ATTN_2_MV ==&gt; done OK retv 0 adc_value 65535
CLI_OUTPUT: /Target1/powermon/action ddal_pwrmon_get_adc_value VMON_05 ATTN_6_MV
CLI_OUTPUT: ret /Target1/powermon/action ddal_pwrmon_get_adc_value VMON_05 ATTN_6_MV ==&gt; done OK retv 0 adc_value 65343
CLI_OUTPUT: /Target1/powermon/action ddal_pwrmon_get_adc_value VMON_06 ATTN_2_MV
CLI_OUTPUT: ret /Target1/powermon/action ddal_pwrmon_get_adc_value VMON_06 ATTN_2_MV ==&gt; done OK retv 0 adc_value 65535
CLI_OUTPUT: /Target1/powermon/action ddal_pwrmon_get_adc_value VMON_06 ATTN_6_MV
CLI_OUTPUT: ret /Target1/powermon/action ddal_pwrmon_get_adc_value VMON_06 ATTN_6_MV ==&gt; done OK retv 0 adc_value 65439
CLI_OUTPUT: /Target1/powermon/action ddal_pwrmon_get_adc_value VMON_07 ATTN_2_MV
CLI_OUTPUT: ret /Target1/powermon/action ddal_pwrmon_get_adc_value VMON_07 ATTN_2_MV ==&gt; done OK retv 0 adc_value 65535
CLI_OUTPUT: /Target1/powermon/action ddal_pwrmon_get_adc_value VMON_07 ATTN_6_MV
CLI_OUTPUT: ret /Target1/powermon/action ddal_pwrmon_get_adc_value VMON_07 ATTN_6_MV ==&gt; done OK retv 0 adc_value 65375
CLI_OUTPUT: /Target1/powermon/action ddal_pwrmon_get_adc_value VMON_08 ATTN_2_MV
CLI_OUTPUT: ret /Target1/powermon/action ddal_pwrmon_get_adc_value VMON_08 ATTN_2_MV ==&gt; done OK retv 0 adc_value 65375
CLI_OUTPUT: /Target1/powermon/action ddal_pwrmon_get_adc_value VMON_08 ATTN_6_MV
CLI_OUTPUT: ret /Target1/powermon/action ddal_pwrmon_get_adc_value VMON_08 ATTN_6_MV ==&gt; done OK retv 0 adc_value 65375
CLI_OUTPUT: /Target1/powermon/action ddal_pwrmon_get_adc_value VMON_09 ATTN_2_MV
CLI_OUTPUT: ret /Target1/powermon/action ddal_pwrmon_get_adc_value VMON_09 ATTN_2_MV ==&gt; done OK retv 0 adc_value 65487
CLI_OUTPUT: /Target1/powermon/action ddal_pwrmon_get_adc_value VMON_09 ATTN_6_MV
CLI_OUTPUT: ret /Target1/powermon/action ddal_pwrmon_get_adc_value VMON_09 ATTN_6_MV ==&gt; done OK retv 0 adc_value 65455
CLI_OUTPUT: /Target1/powermon/action ddal_pwrmon_get_adc_value VMON_10 ATTN_2_MV
CLI_OUTPUT: ret /Target1/powermon/action ddal_pwrmon_get_adc_value VMON_10 ATTN_2_MV ==&gt; done OK retv 0 adc_value 65311
CLI_OUTPUT: /Target1/powermon/action ddal_pwrmon_get_adc_value VMON_10 ATTN_6_MV
CLI_OUTPUT: ret /Target1/powermon/action ddal_pwrmon_get_adc_value VMON_10 ATTN_6_MV ==&gt; done OK retv 0 adc_value 65295
CLI_OUTPUT: /Target1/powermon/action ddal_pwrmon_get_adc_value VMON_11 ATTN_2_MV
CLI_OUTPUT: ret /Target1/powermon/action ddal_pwrmon_get_adc_value VMON_11 ATTN_2_MV ==&gt; done OK retv 0 adc_value 65295
CLI_OUTPUT: /Target1/powermon/action ddal_pwrmon_get_adc_value VMON_11 ATTN_6_MV
CLI_OUTPUT: ret /Target1/powermon/action ddal_pwrmon_get_adc_value VMON_11 ATTN_6_MV ==&gt; done OK retv 0 adc_value 65295
CLI_OUTPUT: /Target1/powermon/action ddal_pwrmon_get_adc_value VMON_12 ATTN_2_MV
CLI_OUTPUT: ret /Target1/powermon/action ddal_pwrmon_get_adc_value VMON_12 ATTN_2_MV ==&gt; done OK retv 0 adc_value 65295
CLI_OUTPUT: /Target1/powermon/action ddal_pwrmon_get_adc_value VMON_12 ATTN_6_MV
CLI_OUTPUT: ret /Target1/powermon/action ddal_pwrmon_get_adc_value VMON_12 ATTN_6_MV ==&gt; done OK retv 0 adc_value 65295
CLI_OUTPUT: /Target1/powermon/action ddal_pwrmon_get_adc_value VCCA ATTN_2_MV
CLI_OUTPUT: ret /Target1/powermon/action ddal_pwrmon_get_adc_value VCCA ATTN_2_MV ==&gt; done OK retv 0 adc_value 65423
CLI_OUTPUT: /Target1/powermon/action ddal_pwrmon_get_adc_value VCCA ATTN_6_MV
CLI_OUTPUT: ret /Target1/powermon/action ddal_pwrmon_get_adc_value VCCA ATTN_6_MV ==&gt; done OK retv 0 adc_value 65423
CLI_OUTPUT: /Target1/powermon/action ddal_pwrmon_get_adc_value VCCINP ATTN_2_MV
CLI_OUTPUT: ret /Target1/powermon/action ddal_pwrmon_get_adc_value VCCINP ATTN_2_MV ==&gt; done OK retv 0 adc_value 65423
CLI_OUTPUT: /Target1/powermon/action ddal_pwrmon_get_adc_value VCCINP ATTN_6_MV
CLI_OUTPUT: ret /Target1/powermon/action ddal_pwrmon_get_adc_value VCCINP ATTN_6_MV ==&gt; done OK retv 0 adc_value 65423
SCR_OUTPUT: ##### Test Case End: TC_03130_004 PASSED (0)
</stdout>
          <failedSince>0</failedSince>
        </case>
        <case>
          <duration>1.0</duration>
          <className>HW_03130_basic_pwrmon_tests</className>
          <testName>TC_03130_005 ddal_pwrmon_get_adc_value range check</testName>
          <skipped>false</skipped>
          <stdout>
SCR_OUTPUT: ##### Test Case Start: TC_03130_005  ddal_pwrmon_get_adc_value range check
CLI_OUTPUT: /Target1/powermon/action ddal_pwrmon_get_adc_value BAD_VALUE ATTN_2_MV
CLI_OUTPUT: ret /Target1/powermon/action ddal_pwrmon_get_adc_value BAD_VALUE ATTN_2_MV ==&gt; done fail retv -22 errstr Invalid argument
CLI_OUTPUT: /Target1/powermon/action ddal_pwrmon_get_adc_value VMON_01 BAD_VALUE
CLI_OUTPUT: ret /Target1/powermon/action ddal_pwrmon_get_adc_value VMON_01 BAD_VALUE ==&gt; done fail retv -22 errstr Invalid argument
CLI_OUTPUT: /Target1/powermon/action ddal_pwrmon_get_adc_value BAD_VALUE BAD_VALUE
CLI_OUTPUT: ret /Target1/powermon/action ddal_pwrmon_get_adc_value BAD_VALUE BAD_VALUE ==&gt; done fail retv -22 errstr Invalid argument
SCR_OUTPUT: ##### Test Case End: TC_03130_005 PASSED (0)
</stdout>
          <failedSince>0</failedSince>
        </case>
        <case>
          <duration>1.0</duration>
          <className>HW_03130_basic_pwrmon_tests</className>
          <testName>TC_03130_006 successful ddal_pwrmon_get_ues calls</testName>
          <skipped>false</skipped>
          <stdout>
SCR_OUTPUT: ##### Test Case Start: TC_03130_006  successful ddal_pwrmon_get_ues calls
CLI_OUTPUT: /Target1/powermon/action ddal_pwrmon_get_ues
CLI_OUTPUT: ret /Target1/powermon/action ddal_pwrmon_get_ues ==&gt; done OK retv 0 ues -1
SCR_OUTPUT: ##### Test Case End: TC_03130_006 PASSED (0)
</stdout>
          <failedSince>0</failedSince>
        </case>
        <case>
          <duration>1.0</duration>
          <className>HW_03130_basic_pwrmon_tests</className>
          <testName>TC_03130_007 successful ddal_pwrmon_get_gp_out calls</testName>
          <skipped>false</skipped>
          <stdout>
SCR_OUTPUT: ##### Test Case Start: TC_03130_007  successful ddal_pwrmon_get_gp_out calls
CLI_OUTPUT: /Target1/powermon/action ddal_pwrmon_get_gp_out
CLI_OUTPUT: ret /Target1/powermon/action ddal_pwrmon_get_gp_out ==&gt; done OK retv 0 gp_out 15728656
SCR_OUTPUT: ##### Test Case End: TC_03130_007 PASSED (0)
</stdout>
          <failedSince>0</failedSince>
        </case>
        <case>
          <duration>1.0</duration>
          <className>HW_03130_basic_pwrmon_tests</className>
          <testName>TC_03130_008 successful ddal_pwrmon_get_input_value calls</testName>
          <skipped>false</skipped>
          <stdout>
SCR_OUTPUT: ##### Test Case Start: TC_03130_008  successful ddal_pwrmon_get_input_value calls
CLI_OUTPUT: /Target1/powermon/action ddal_pwrmon_get_input_value
CLI_OUTPUT: ret /Target1/powermon/action ddal_pwrmon_get_input_value ==&gt; done OK retv 0 input_value 221
SCR_OUTPUT: ##### Test Case End: TC_03130_008 PASSED (0)
</stdout>
          <failedSince>0</failedSince>
        </case>
        <case>
          <duration>1.0</duration>
          <className>HW_03130_basic_pwrmon_tests</className>
          <testName>TC_03130_009 successful ddal_pwrmon_set_input_value calls</testName>
          <skipped>false</skipped>
          <stdout>
SCR_OUTPUT: ##### Test Case Start: TC_03130_009  successful ddal_pwrmon_set_input_value calls
SCR_OUTPUT: test of ddal_pwrmon_set_input_value calls skipped due to unknown system effects
SCR_OUTPUT: ##### Test Case End: TC_03130_009 PASSED (0)
</stdout>
          <failedSince>0</failedSince>
        </case>
        <case>
          <duration>1.0</duration>
          <className>HW_03130_basic_pwrmon_tests</className>
          <testName>TC_03130_010 ddal_pwrmon_set_input_value range check</testName>
          <skipped>false</skipped>
          <stdout>
SCR_OUTPUT: ##### Test Case Start: TC_03130_010  ddal_pwrmon_set_input_value range check
SCR_OUTPUT: test of ddal_pwrmon_set_input_value range checks skipped due to unknown system effects
SCR_OUTPUT: ##### Test Case End: TC_03130_010 PASSED (0)
</stdout>
          <failedSince>0</failedSince>
        </case>
        <case>
          <duration>1.0</duration>
          <className>HW_03130_basic_pwrmon_tests</className>
          <testName>TC_03130_011 successful ddal_pwrmon_reset call</testName>
          <skipped>false</skipped>
          <stdout>
SCR_OUTPUT: ##### Test Case Start: TC_03130_011  successful ddal_pwrmon_reset call
SCR_OUTPUT: test of ddal_pwrmon_set_input_value as system will do power cycle on success
SCR_OUTPUT: ##### Test Case End: TC_03130_011 PASSED (0)
</stdout>
          <failedSince>0</failedSince>
        </case>
        <case>
          <duration>1.0</duration>
          <className>HW_03130_basic_pwrmon_tests</className>
          <testName>TC_03130_012 successful ddal_pwrmon_get_trim calls</testName>
          <skipped>false</skipped>
          <stdout>
SCR_OUTPUT: ##### Test Case Start: TC_03130_012  successful ddal_pwrmon_get_trim calls
CLI_OUTPUT: /Target1/powermon/action ddal_pwrmon_get_trim 1
CLI_OUTPUT: ret /Target1/powermon/action ddal_pwrmon_get_trim 1 ==&gt; done OK retv 0 trim_1 0
CLI_OUTPUT: /Target1/powermon/action ddal_pwrmon_get_trim 2
CLI_OUTPUT: ret /Target1/powermon/action ddal_pwrmon_get_trim 2 ==&gt; done OK retv 0 trim_2 0
CLI_OUTPUT: /Target1/powermon/action ddal_pwrmon_get_trim 3
CLI_OUTPUT: ret /Target1/powermon/action ddal_pwrmon_get_trim 3 ==&gt; done OK retv 0 trim_3 0
CLI_OUTPUT: /Target1/powermon/action ddal_pwrmon_get_trim 4
CLI_OUTPUT: ret /Target1/powermon/action ddal_pwrmon_get_trim 4 ==&gt; done OK retv 0 trim_4 0
CLI_OUTPUT: /Target1/powermon/action ddal_pwrmon_get_trim 5
CLI_OUTPUT: ret /Target1/powermon/action ddal_pwrmon_get_trim 5 ==&gt; done OK retv 0 trim_5 0
CLI_OUTPUT: /Target1/powermon/action ddal_pwrmon_get_trim 6
CLI_OUTPUT: ret /Target1/powermon/action ddal_pwrmon_get_trim 6 ==&gt; done OK retv 0 trim_6 0
CLI_OUTPUT: /Target1/powermon/action ddal_pwrmon_get_trim 7
CLI_OUTPUT: ret /Target1/powermon/action ddal_pwrmon_get_trim 7 ==&gt; done OK retv 0 trim_7 0
CLI_OUTPUT: /Target1/powermon/action ddal_pwrmon_get_trim 8
CLI_OUTPUT: ret /Target1/powermon/action ddal_pwrmon_get_trim 8 ==&gt; done OK retv 0 trim_8 0
SCR_OUTPUT: ##### Test Case End: TC_03130_012 PASSED (0)
</stdout>
          <failedSince>0</failedSince>
        </case>
        <case>
          <duration>1.0</duration>
          <className>HW_03130_basic_pwrmon_tests</className>
          <testName>TC_03130_013 ddal_pwrmon_get_trim range check</testName>
          <skipped>false</skipped>
          <stdout>
SCR_OUTPUT: ##### Test Case Start: TC_03130_013  ddal_pwrmon_get_trim range check
CLI_OUTPUT: /Target1/powermon/action ddal_pwrmon_get_trim BAD_VALUE
CLI_OUTPUT: ret /Target1/powermon/action ddal_pwrmon_get_trim BAD_VALUE ==&gt; done fail retv -22 errstr Invalid argument
SCR_OUTPUT: ##### Test Case End: TC_03130_013 PASSED (0)
</stdout>
          <failedSince>0</failedSince>
        </case>
        <case>
          <duration>1.0</duration>
          <className>HW_03130_basic_pwrmon_tests</className>
          <testName>TC_03130_014 successful ddal_pwrmon_set_trim calls</testName>
          <skipped>false</skipped>
          <stdout>
SCR_OUTPUT: ##### Test Case Start: TC_03130_014  successful ddal_pwrmon_set_trim calls
SCR_OUTPUT: test of ddal_pwrmon_set_trim calls skipped due to unknown system effects
SCR_OUTPUT: ##### Test Case End: TC_03130_014 PASSED (0)
</stdout>
          <failedSince>0</failedSince>
        </case>
        <case>
          <duration>1.0</duration>
          <className>HW_03130_basic_pwrmon_tests</className>
          <testName>TC_03130_015 ddal_pwrmon_set_trim range check</testName>
          <skipped>false</skipped>
          <stdout>
SCR_OUTPUT: ##### Test Case Start: TC_03130_015  ddal_pwrmon_set_trim range check
SCR_OUTPUT: test of ddal_pwrmon_set_trim range checks skipped due to unknown system effects
SCR_OUTPUT: ##### Test Case End: TC_03130_015 PASSED (0)
</stdout>
          <failedSince>0</failedSince>
        </case>
        <case>
          <duration>1.0</duration>
          <className>HW_03150_basic_fsp_hwid_tests</className>
          <testName>TC_03150_001 successful ddal_fsp_hwid_get calls</testName>
          <skipped>false</skipped>
          <stdout>
SCR_OUTPUT: ##### Test Case Start: TC_03150_001  successful ddal_fsp_hwid_get calls
CLI_OUTPUT: /Target1/temperature/action ddal_temp_get_list
CLI_OUTPUT: ret /Target1/temperature/action ddal_temp_get_list ==&gt; done OK FCM1 FCM2 FSP3
SCR_OUTPUT: Doing test with IDs DDAL_FSPHWID_3
CLI_OUTPUT: /Target1/fsp_hwid/action ddal_fsp_hwid_get DDAL_FSPHWID_3
CLI_OUTPUT: ret /Target1/fsp_hwid/action ddal_fsp_hwid_get DDAL_FSPHWID_3 ==&gt; done OK retv 0 hwid 242
SCR_OUTPUT: ##### Test Case End: TC_03150_001 PASSED (0)
</stdout>
          <failedSince>0</failedSince>
        </case>
        <case>
          <duration>1.0</duration>
          <className>HW_03150_basic_fsp_hwid_tests</className>
          <testName>TC_03150_002 ddal_fsp_hwid_get range check</testName>
          <skipped>false</skipped>
          <stdout>
SCR_OUTPUT: ##### Test Case Start: TC_03150_002  ddal_fsp_hwid_get range check
CLI_OUTPUT: /Target1/fsp_hwid/action ddal_fsp_hwid_get BAD_VALUE
CLI_OUTPUT: ret /Target1/fsp_hwid/action ddal_fsp_hwid_get BAD_VALUE ==&gt; done fail retv -22 errstr Invalid argument
SCR_OUTPUT: ##### Test Case End: TC_03150_002 PASSED (0)
</stdout>
          <failedSince>0</failedSince>
        </case>
        <case>
          <duration>1.0</duration>
          <className>HW_03160_basic_ext_alarm_tests</className>
          <testName>TC_03160_001 successful ddal_genesis_get_cfg calls</testName>
          <skipped>false</skipped>
          <stdout>
SCR_OUTPUT: ##### Test Case Start: TC_03160_001  successful ddal_genesis_get_cfg calls
CLI_OUTPUT: /Target1/ext_alarm/action ddal_ext_alarm_get
CLI_OUTPUT: ret /Target1/ext_alarm/action ddal_ext_alarm_get ==&gt; error 303 unknown qualifier
SCR_OUTPUT: ##### Test Case End: TC_03160_001 PASSED (0)
</stdout>
          <failedSince>0</failedSince>
        </case>
        <case>
          <duration>1.0</duration>
          <className>HW_03170_basic_custom_out_tests</className>
          <testName>TC_03170_001 successful ddal_custom_out_bitgroup_get calls</testName>
          <skipped>false</skipped>
          <stdout>
SCR_OUTPUT: ##### Test Case Start: TC_03170_001  successful ddal_custom_out_bitgroup_get calls
CLI_OUTPUT: /Target1/custom_out/action ddal_custom_out_bitgroup_get
CLI_OUTPUT: ret /Target1/custom_out/action ddal_custom_out_bitgroup_get ==&gt; done OK 6 1 2 4 8 16 32
SCR_OUTPUT: ##### Test Case End: TC_03170_001 PASSED (0)
</stdout>
          <failedSince>0</failedSince>
        </case>
        <case>
          <duration>1.0</duration>
          <className>HW_03170_basic_custom_out_tests</className>
          <testName>TC_03170_002 successful ddal_custom_out_bitgroup_set calls</testName>
          <skipped>false</skipped>
          <stdout>
SCR_OUTPUT: ##### Test Case Start: TC_03170_002  successful ddal_custom_out_bitgroup_set calls
CLI_OUTPUT: /Target1/custom_out/action ddal_custom_out_bitgroup_set 1 2 4 8 16 32
CLI_OUTPUT: ret /Target1/custom_out/action ddal_custom_out_bitgroup_set 1 2 4 8 16 32 ==&gt; done OK retv 0
CLI_OUTPUT: /Target1/custom_out/action ddal_custom_out_bitgroup_get
CLI_OUTPUT: ret /Target1/custom_out/action ddal_custom_out_bitgroup_get ==&gt; done OK 6 1 2 4 8 16 32
CLI_OUTPUT: /Target1/custom_out/action ddal_custom_out_bitgroup_set 32 16 8 4 2 1
CLI_OUTPUT: ret /Target1/custom_out/action ddal_custom_out_bitgroup_set 32 16 8 4 2 1 ==&gt; done OK retv 0
CLI_OUTPUT: /Target1/custom_out/action ddal_custom_out_bitgroup_get
CLI_OUTPUT: ret /Target1/custom_out/action ddal_custom_out_bitgroup_get ==&gt; done OK 6 32 16 8 4 2 1
CLI_OUTPUT: /Target1/custom_out/action ddal_custom_out_bitgroup_set 0 3 12 48 0 0
CLI_OUTPUT: ret /Target1/custom_out/action ddal_custom_out_bitgroup_set 0 3 12 48 0 0 ==&gt; done OK retv 0
CLI_OUTPUT: /Target1/custom_out/action ddal_custom_out_bitgroup_get
CLI_OUTPUT: ret /Target1/custom_out/action ddal_custom_out_bitgroup_get ==&gt; done OK 6 0 3 12 48 0 0
CLI_OUTPUT: /Target1/custom_out/action ddal_custom_out_bitgroup_set 33 0 18 0 12 0
CLI_OUTPUT: ret /Target1/custom_out/action ddal_custom_out_bitgroup_set 33 0 18 0 12 0 ==&gt; done OK retv 0
CLI_OUTPUT: /Target1/custom_out/action ddal_custom_out_bitgroup_get
CLI_OUTPUT: ret /Target1/custom_out/action ddal_custom_out_bitgroup_get ==&gt; done OK 6 33 0 18 0 12 0
CLI_OUTPUT: /Target1/custom_out/action ddal_custom_out_bitgroup_set 0 0 0 0 0 0
CLI_OUTPUT: ret /Target1/custom_out/action ddal_custom_out_bitgroup_set 0 0 0 0 0 0 ==&gt; done OK retv 0
CLI_OUTPUT: /Target1/custom_out/action ddal_custom_out_bitgroup_get
CLI_OUTPUT: ret /Target1/custom_out/action ddal_custom_out_bitgroup_get ==&gt; done OK 6 0 0 0 0 0 0
CLI_OUTPUT: /Target1/custom_out/action ddal_custom_out_bitgroup_set 0 0 63 0 0 0
CLI_OUTPUT: ret /Target1/custom_out/action ddal_custom_out_bitgroup_set 0 0 63 0 0 0 ==&gt; done OK retv 0
CLI_OUTPUT: /Target1/custom_out/action ddal_custom_out_bitgroup_get
CLI_OUTPUT: ret /Target1/custom_out/action ddal_custom_out_bitgroup_get ==&gt; done OK 6 0 0 63 0 0 0
SCR_OUTPUT: ##### Test Case End: TC_03170_002 PASSED (0)
</stdout>
          <failedSince>0</failedSince>
        </case>
        <case>
          <duration>1.0</duration>
          <className>HW_03170_basic_custom_out_tests</className>
          <testName>TC_03170_003 ddal_custom_out_bitgroup_set range check</testName>
          <skipped>false</skipped>
          <stdout>
SCR_OUTPUT: ##### Test Case Start: TC_03170_003  ddal_custom_out_bitgroup_set range check
CLI_OUTPUT: /Target1/custom_out/action ddal_custom_out_bitgroup_set 0 0 0 0 0 64
CLI_OUTPUT: ret /Target1/custom_out/action ddal_custom_out_bitgroup_set 0 0 0 0 0 64 ==&gt; done fail retv -22 errstr Invalid argument
CLI_OUTPUT: /Target1/custom_out/action ddal_custom_out_bitgroup_set 1 2 4 8 16 33
CLI_OUTPUT: ret /Target1/custom_out/action ddal_custom_out_bitgroup_set 1 2 4 8 16 33 ==&gt; done fail retv -22 errstr Invalid argument
CLI_OUTPUT: /Target1/custom_out/action ddal_custom_out_bitgroup_set 1 2 4 32 32 32
CLI_OUTPUT: ret /Target1/custom_out/action ddal_custom_out_bitgroup_set 1 2 4 32 32 32 ==&gt; done fail retv -22 errstr Invalid argument
SCR_OUTPUT: ##### Test Case End: TC_03170_003 PASSED (0)
</stdout>
          <failedSince>0</failedSince>
        </case>
        <case>
          <duration>2.0</duration>
          <className>HW_03170_basic_custom_out_tests</className>
          <testName>TC_03170_004 successful ddal_custom_out_set calls</testName>
          <skipped>false</skipped>
          <stdout>
SCR_OUTPUT: ##### Test Case Start: TC_03170_004  successful ddal_custom_out_set calls
CLI_OUTPUT: /Target1/custom_out/action ddal_custom_out_bitgroup_set 1 2 4 8 16 32
CLI_OUTPUT: ret /Target1/custom_out/action ddal_custom_out_bitgroup_set 1 2 4 8 16 32 ==&gt; done OK retv 0
CLI_OUTPUT: /Target1/custom_out/action ddal_custom_out_set OUT_0 0
CLI_OUTPUT: ret /Target1/custom_out/action ddal_custom_out_set OUT_0 0 ==&gt; done OK retv 0
CLI_OUTPUT: /Target1/custom_out/action ddal_custom_out_set OUT_0 1
CLI_OUTPUT: ret /Target1/custom_out/action ddal_custom_out_set OUT_0 1 ==&gt; done OK retv 0
CLI_OUTPUT: /Target1/custom_out/action ddal_custom_out_set OUT_1 0
CLI_OUTPUT: ret /Target1/custom_out/action ddal_custom_out_set OUT_1 0 ==&gt; done OK retv 0
CLI_OUTPUT: /Target1/custom_out/action ddal_custom_out_set OUT_1 1
CLI_OUTPUT: ret /Target1/custom_out/action ddal_custom_out_set OUT_1 1 ==&gt; done OK retv 0
CLI_OUTPUT: /Target1/custom_out/action ddal_custom_out_set OUT_2 0
CLI_OUTPUT: ret /Target1/custom_out/action ddal_custom_out_set OUT_2 0 ==&gt; done OK retv 0
CLI_OUTPUT: /Target1/custom_out/action ddal_custom_out_set OUT_2 1
CLI_OUTPUT: ret /Target1/custom_out/action ddal_custom_out_set OUT_2 1 ==&gt; done OK retv 0
CLI_OUTPUT: /Target1/custom_out/action ddal_custom_out_set OUT_3 0
CLI_OUTPUT: ret /Target1/custom_out/action ddal_custom_out_set OUT_3 0 ==&gt; done OK retv 0
CLI_OUTPUT: /Target1/custom_out/action ddal_custom_out_set OUT_3 1
CLI_OUTPUT: ret /Target1/custom_out/action ddal_custom_out_set OUT_3 1 ==&gt; done OK retv 0
CLI_OUTPUT: /Target1/custom_out/action ddal_custom_out_set OUT_4 0
CLI_OUTPUT: ret /Target1/custom_out/action ddal_custom_out_set OUT_4 0 ==&gt; done OK retv 0
CLI_OUTPUT: /Target1/custom_out/action ddal_custom_out_set OUT_4 1
CLI_OUTPUT: ret /Target1/custom_out/action ddal_custom_out_set OUT_4 1 ==&gt; done OK retv 0
CLI_OUTPUT: /Target1/custom_out/action ddal_custom_out_set OUT_5 0
CLI_OUTPUT: ret /Target1/custom_out/action ddal_custom_out_set OUT_5 0 ==&gt; done OK retv 0
CLI_OUTPUT: /Target1/custom_out/action ddal_custom_out_set OUT_5 1
CLI_OUTPUT: ret /Target1/custom_out/action ddal_custom_out_set OUT_5 1 ==&gt; done OK retv 0
CLI_OUTPUT: /Target1/custom_out/action ddal_custom_out_bitgroup_set 2 4 8 16 33 0
CLI_OUTPUT: ret /Target1/custom_out/action ddal_custom_out_bitgroup_set 2 4 8 16 33 0 ==&gt; done OK retv 0
CLI_OUTPUT: /Target1/custom_out/action ddal_custom_out_set OUT_0 0
CLI_OUTPUT: ret /Target1/custom_out/action ddal_custom_out_set OUT_0 0 ==&gt; done OK retv 0
CLI_OUTPUT: /Target1/custom_out/action ddal_custom_out_set OUT_0 1
CLI_OUTPUT: ret /Target1/custom_out/action ddal_custom_out_set OUT_0 1 ==&gt; done OK retv 0
CLI_OUTPUT: /Target1/custom_out/action ddal_custom_out_set OUT_1 0
CLI_OUTPUT: ret /Target1/custom_out/action ddal_custom_out_set OUT_1 0 ==&gt; done OK retv 0
CLI_OUTPUT: /Target1/custom_out/action ddal_custom_out_set OUT_1 1
CLI_OUTPUT: ret /Target1/custom_out/action ddal_custom_out_set OUT_1 1 ==&gt; done OK retv 0
CLI_OUTPUT: /Target1/custom_out/action ddal_custom_out_set OUT_2 0
CLI_OUTPUT: ret /Target1/custom_out/action ddal_custom_out_set OUT_2 0 ==&gt; done OK retv 0
CLI_OUTPUT: /Target1/custom_out/action ddal_custom_out_set OUT_2 1
CLI_OUTPUT: ret /Target1/custom_out/action ddal_custom_out_set OUT_2 1 ==&gt; done OK retv 0
CLI_OUTPUT: /Target1/custom_out/action ddal_custom_out_set OUT_3 0
CLI_OUTPUT: ret /Target1/custom_out/action ddal_custom_out_set OUT_3 0 ==&gt; done OK retv 0
CLI_OUTPUT: /Target1/custom_out/action ddal_custom_out_set OUT_3 1
CLI_OUTPUT: ret /Target1/custom_out/action ddal_custom_out_set OUT_3 1 ==&gt; done OK retv 0
CLI_OUTPUT: /Target1/custom_out/action ddal_custom_out_set OUT_4 0
CLI_OUTPUT: ret /Target1/custom_out/action ddal_custom_out_set OUT_4 0 ==&gt; done OK retv 0
CLI_OUTPUT: /Target1/custom_out/action ddal_custom_out_set OUT_4 1
CLI_OUTPUT: ret /Target1/custom_out/action ddal_custom_out_set OUT_4 1 ==&gt; done OK retv 0
CLI_OUTPUT: /Target1/custom_out/action ddal_custom_out_set OUT_4 2
CLI_OUTPUT: ret /Target1/custom_out/action ddal_custom_out_set OUT_4 2 ==&gt; done OK retv 0
CLI_OUTPUT: /Target1/custom_out/action ddal_custom_out_set OUT_4 3
CLI_OUTPUT: ret /Target1/custom_out/action ddal_custom_out_set OUT_4 3 ==&gt; done OK retv 0
CLI_OUTPUT: /Target1/custom_out/action ddal_custom_out_bitgroup_set 0 33 0 24 0 6
CLI_OUTPUT: ret /Target1/custom_out/action ddal_custom_out_bitgroup_set 0 33 0 24 0 6 ==&gt; done OK retv 0
CLI_OUTPUT: /Target1/custom_out/action ddal_custom_out_set OUT_1 0
CLI_OUTPUT: ret /Target1/custom_out/action ddal_custom_out_set OUT_1 0 ==&gt; done OK retv 0
CLI_OUTPUT: /Target1/custom_out/action ddal_custom_out_set OUT_1 1
CLI_OUTPUT: ret /Target1/custom_out/action ddal_custom_out_set OUT_1 1 ==&gt; done OK retv 0
CLI_OUTPUT: /Target1/custom_out/action ddal_custom_out_set OUT_1 2
CLI_OUTPUT: ret /Target1/custom_out/action ddal_custom_out_set OUT_1 2 ==&gt; done OK retv 0
CLI_OUTPUT: /Target1/custom_out/action ddal_custom_out_set OUT_1 3
CLI_OUTPUT: ret /Target1/custom_out/action ddal_custom_out_set OUT_1 3 ==&gt; done OK retv 0
CLI_OUTPUT: /Target1/custom_out/action ddal_custom_out_set OUT_3 0
CLI_OUTPUT: ret /Target1/custom_out/action ddal_custom_out_set OUT_3 0 ==&gt; done OK retv 0
CLI_OUTPUT: /Target1/custom_out/action ddal_custom_out_set OUT_3 1
CLI_OUTPUT: ret /Target1/custom_out/action ddal_custom_out_set OUT_3 1 ==&gt; done OK retv 0
CLI_OUTPUT: /Target1/custom_out/action ddal_custom_out_set OUT_3 2
CLI_OUTPUT: ret /Target1/custom_out/action ddal_custom_out_set OUT_3 2 ==&gt; done OK retv 0
CLI_OUTPUT: /Target1/custom_out/action ddal_custom_out_set OUT_3 3
CLI_OUTPUT: ret /Target1/custom_out/action ddal_custom_out_set OUT_3 3 ==&gt; done OK retv 0
CLI_OUTPUT: /Target1/custom_out/action ddal_custom_out_set OUT_5 0
CLI_OUTPUT: ret /Target1/custom_out/action ddal_custom_out_set OUT_5 0 ==&gt; done OK retv 0
CLI_OUTPUT: /Target1/custom_out/action ddal_custom_out_set OUT_5 1
CLI_OUTPUT: ret /Target1/custom_out/action ddal_custom_out_set OUT_5 1 ==&gt; done OK retv 0
CLI_OUTPUT: /Target1/custom_out/action ddal_custom_out_set OUT_5 2
CLI_OUTPUT: ret /Target1/custom_out/action ddal_custom_out_set OUT_5 2 ==&gt; done OK retv 0
CLI_OUTPUT: /Target1/custom_out/action ddal_custom_out_set OUT_5 3
CLI_OUTPUT: ret /Target1/custom_out/action ddal_custom_out_set OUT_5 3 ==&gt; done OK retv 0
CLI_OUTPUT: /Target1/custom_out/action ddal_custom_out_bitgroup_set 0 0 0 0 63 0
CLI_OUTPUT: ret /Target1/custom_out/action ddal_custom_out_bitgroup_set 0 0 0 0 63 0 ==&gt; done OK retv 0
CLI_OUTPUT: /Target1/custom_out/action ddal_custom_out_set OUT_4 0
CLI_OUTPUT: ret /Target1/custom_out/action ddal_custom_out_set OUT_4 0 ==&gt; done OK retv 0
CLI_OUTPUT: /Target1/custom_out/action ddal_custom_out_set OUT_4 1
CLI_OUTPUT: ret /Target1/custom_out/action ddal_custom_out_set OUT_4 1 ==&gt; done OK retv 0
CLI_OUTPUT: /Target1/custom_out/action ddal_custom_out_set OUT_4 2
CLI_OUTPUT: ret /Target1/custom_out/action ddal_custom_out_set OUT_4 2 ==&gt; done OK retv 0
CLI_OUTPUT: /Target1/custom_out/action ddal_custom_out_set OUT_4 3
CLI_OUTPUT: ret /Target1/custom_out/action ddal_custom_out_set OUT_4 3 ==&gt; done OK retv 0
CLI_OUTPUT: /Target1/custom_out/action ddal_custom_out_set OUT_4 4
CLI_OUTPUT: ret /Target1/custom_out/action ddal_custom_out_set OUT_4 4 ==&gt; done OK retv 0
CLI_OUTPUT: /Target1/custom_out/action ddal_custom_out_set OUT_4 5
CLI_OUTPUT: ret /Target1/custom_out/action ddal_custom_out_set OUT_4 5 ==&gt; done OK retv 0
CLI_OUTPUT: /Target1/custom_out/action ddal_custom_out_set OUT_4 6
CLI_OUTPUT: ret /Target1/custom_out/action ddal_custom_out_set OUT_4 6 ==&gt; done OK retv 0
CLI_OUTPUT: /Target1/custom_out/action ddal_custom_out_set OUT_4 7
CLI_OUTPUT: ret /Target1/custom_out/action ddal_custom_out_set OUT_4 7 ==&gt; done OK retv 0
CLI_OUTPUT: /Target1/custom_out/action ddal_custom_out_set OUT_4 8
CLI_OUTPUT: ret /Target1/custom_out/action ddal_custom_out_set OUT_4 8 ==&gt; done OK retv 0
CLI_OUTPUT: /Target1/custom_out/action ddal_custom_out_set OUT_4 9
CLI_OUTPUT: ret /Target1/custom_out/action ddal_custom_out_set OUT_4 9 ==&gt; done OK retv 0
CLI_OUTPUT: /Target1/custom_out/action ddal_custom_out_set OUT_4 10
CLI_OUTPUT: ret /Target1/custom_out/action ddal_custom_out_set OUT_4 10 ==&gt; done OK retv 0
CLI_OUTPUT: /Target1/custom_out/action ddal_custom_out_set OUT_4 11
CLI_OUTPUT: ret /Target1/custom_out/action ddal_custom_out_set OUT_4 11 ==&gt; done OK retv 0
CLI_OUTPUT: /Target1/custom_out/action ddal_custom_out_set OUT_4 12
CLI_OUTPUT: ret /Target1/custom_out/action ddal_custom_out_set OUT_4 12 ==&gt; done OK retv 0
CLI_OUTPUT: /Target1/custom_out/action ddal_custom_out_set OUT_4 13
CLI_OUTPUT: ret /Target1/custom_out/action ddal_custom_out_set OUT_4 13 ==&gt; done OK retv 0
CLI_OUTPUT: /Target1/custom_out/action ddal_custom_out_set OUT_4 14
CLI_OUTPUT: ret /Target1/custom_out/action ddal_custom_out_set OUT_4 14 ==&gt; done OK retv 0
CLI_OUTPUT: /Target1/custom_out/action ddal_custom_out_set OUT_4 15
CLI_OUTPUT: ret /Target1/custom_out/action ddal_custom_out_set OUT_4 15 ==&gt; done OK retv 0
CLI_OUTPUT: /Target1/custom_out/action ddal_custom_out_set OUT_4 16
CLI_OUTPUT: ret /Target1/custom_out/action ddal_custom_out_set OUT_4 16 ==&gt; done OK retv 0
CLI_OUTPUT: /Target1/custom_out/action ddal_custom_out_set OUT_4 17
CLI_OUTPUT: ret /Target1/custom_out/action ddal_custom_out_set OUT_4 17 ==&gt; done OK retv 0
CLI_OUTPUT: /Target1/custom_out/action ddal_custom_out_set OUT_4 18
CLI_OUTPUT: ret /Target1/custom_out/action ddal_custom_out_set OUT_4 18 ==&gt; done OK retv 0
CLI_OUTPUT: /Target1/custom_out/action ddal_custom_out_set OUT_4 19
CLI_OUTPUT: ret /Target1/custom_out/action ddal_custom_out_set OUT_4 19 ==&gt; done OK retv 0
CLI_OUTPUT: /Target1/custom_out/action ddal_custom_out_set OUT_4 20
CLI_OUTPUT: ret /Target1/custom_out/action ddal_custom_out_set OUT_4 20 ==&gt; done OK retv 0
CLI_OUTPUT: /Target1/custom_out/action ddal_custom_out_set OUT_4 21
CLI_OUTPUT: ret /Target1/custom_out/action ddal_custom_out_set OUT_4 21 ==&gt; done OK retv 0
CLI_OUTPUT: /Target1/custom_out/action ddal_custom_out_set OUT_4 22
CLI_OUTPUT: ret /Target1/custom_out/action ddal_custom_out_set OUT_4 22 ==&gt; done OK retv 0
CLI_OUTPUT: /Target1/custom_out/action ddal_custom_out_set OUT_4 23
CLI_OUTPUT: ret /Target1/custom_out/action ddal_custom_out_set OUT_4 23 ==&gt; done OK retv 0
CLI_OUTPUT: /Target1/custom_out/action ddal_custom_out_set OUT_4 24
CLI_OUTPUT: ret /Target1/custom_out/action ddal_custom_out_set OUT_4 24 ==&gt; done OK retv 0
CLI_OUTPUT: /Target1/custom_out/action ddal_custom_out_set OUT_4 25
CLI_OUTPUT: ret /Target1/custom_out/action ddal_custom_out_set OUT_4 25 ==&gt; done OK retv 0
CLI_OUTPUT: /Target1/custom_out/action ddal_custom_out_set OUT_4 26
CLI_OUTPUT: ret /Target1/custom_out/action ddal_custom_out_set OUT_4 26 ==&gt; done OK retv 0
CLI_OUTPUT: /Target1/custom_out/action ddal_custom_out_set OUT_4 27
CLI_OUTPUT: ret /Target1/custom_out/action ddal_custom_out_set OUT_4 27 ==&gt; done OK retv 0
CLI_OUTPUT: /Target1/custom_out/action ddal_custom_out_set OUT_4 28
CLI_OUTPUT: ret /Target1/custom_out/action ddal_custom_out_set OUT_4 28 ==&gt; done OK retv 0
CLI_OUTPUT: /Target1/custom_out/action ddal_custom_out_set OUT_4 29
CLI_OUTPUT: ret /Target1/custom_out/action ddal_custom_out_set OUT_4 29 ==&gt; done OK retv 0
CLI_OUTPUT: /Target1/custom_out/action ddal_custom_out_set OUT_4 30
CLI_OUTPUT: ret /Target1/custom_out/action ddal_custom_out_set OUT_4 30 ==&gt; done OK retv 0
CLI_OUTPUT: /Target1/custom_out/action ddal_custom_out_set OUT_4 31
CLI_OUTPUT: ret /Target1/custom_out/action ddal_custom_out_set OUT_4 31 ==&gt; done OK retv 0
CLI_OUTPUT: /Target1/custom_out/action ddal_custom_out_set OUT_4 32
CLI_OUTPUT: ret /Target1/custom_out/action ddal_custom_out_set OUT_4 32 ==&gt; done OK retv 0
CLI_OUTPUT: /Target1/custom_out/action ddal_custom_out_set OUT_4 33
CLI_OUTPUT: ret /Target1/custom_out/action ddal_custom_out_set OUT_4 33 ==&gt; done OK retv 0
CLI_OUTPUT: /Target1/custom_out/action ddal_custom_out_set OUT_4 34
CLI_OUTPUT: ret /Target1/custom_out/action ddal_custom_out_set OUT_4 34 ==&gt; done OK retv 0
CLI_OUTPUT: /Target1/custom_out/action ddal_custom_out_set OUT_4 35
CLI_OUTPUT: ret /Target1/custom_out/action ddal_custom_out_set OUT_4 35 ==&gt; done OK retv 0
CLI_OUTPUT: /Target1/custom_out/action ddal_custom_out_set OUT_4 36
CLI_OUTPUT: ret /Target1/custom_out/action ddal_custom_out_set OUT_4 36 ==&gt; done OK retv 0
CLI_OUTPUT: /Target1/custom_out/action ddal_custom_out_set OUT_4 37
CLI_OUTPUT: ret /Target1/custom_out/action ddal_custom_out_set OUT_4 37 ==&gt; done OK retv 0
CLI_OUTPUT: /Target1/custom_out/action ddal_custom_out_set OUT_4 38
CLI_OUTPUT: ret /Target1/custom_out/action ddal_custom_out_set OUT_4 38 ==&gt; done OK retv 0
CLI_OUTPUT: /Target1/custom_out/action ddal_custom_out_set OUT_4 39
CLI_OUTPUT: ret /Target1/custom_out/action ddal_custom_out_set OUT_4 39 ==&gt; done OK retv 0
CLI_OUTPUT: /Target1/custom_out/action ddal_custom_out_set OUT_4 40
CLI_OUTPUT: ret /Target1/custom_out/action ddal_custom_out_set OUT_4 40 ==&gt; done OK retv 0
CLI_OUTPUT: /Target1/custom_out/action ddal_custom_out_set OUT_4 41
CLI_OUTPUT: ret /Target1/custom_out/action ddal_custom_out_set OUT_4 41 ==&gt; done OK retv 0
CLI_OUTPUT: /Target1/custom_out/action ddal_custom_out_set OUT_4 42
CLI_OUTPUT: ret /Target1/custom_out/action ddal_custom_out_set OUT_4 42 ==&gt; done OK retv 0
CLI_OUTPUT: /Target1/custom_out/action ddal_custom_out_set OUT_4 43
CLI_OUTPUT: ret /Target1/custom_out/action ddal_custom_out_set OUT_4 43 ==&gt; done OK retv 0
CLI_OUTPUT: /Target1/custom_out/action ddal_custom_out_set OUT_4 44
CLI_OUTPUT: ret /Target1/custom_out/action ddal_custom_out_set OUT_4 44 ==&gt; done OK retv 0
CLI_OUTPUT: /Target1/custom_out/action ddal_custom_out_set OUT_4 45
CLI_OUTPUT: ret /Target1/custom_out/action ddal_custom_out_set OUT_4 45 ==&gt; done OK retv 0
CLI_OUTPUT: /Target1/custom_out/action ddal_custom_out_set OUT_4 46
CLI_OUTPUT: ret /Target1/custom_out/action ddal_custom_out_set OUT_4 46 ==&gt; done OK retv 0
CLI_OUTPUT: /Target1/custom_out/action ddal_custom_out_set OUT_4 47
CLI_OUTPUT: ret /Target1/custom_out/action ddal_custom_out_set OUT_4 47 ==&gt; done OK retv 0
CLI_OUTPUT: /Target1/custom_out/action ddal_custom_out_set OUT_4 48
CLI_OUTPUT: ret /Target1/custom_out/action ddal_custom_out_set OUT_4 48 ==&gt; done OK retv 0
CLI_OUTPUT: /Target1/custom_out/action ddal_custom_out_set OUT_4 49
CLI_OUTPUT: ret /Target1/custom_out/action ddal_custom_out_set OUT_4 49 ==&gt; done OK retv 0
CLI_OUTPUT: /Target1/custom_out/action ddal_custom_out_set OUT_4 50
CLI_OUTPUT: ret /Target1/custom_out/action ddal_custom_out_set OUT_4 50 ==&gt; done OK retv 0
CLI_OUTPUT: /Target1/custom_out/action ddal_custom_out_set OUT_4 51
CLI_OUTPUT: ret /Target1/custom_out/action ddal_custom_out_set OUT_4 51 ==&gt; done OK retv 0
CLI_OUTPUT: /Target1/custom_out/action ddal_custom_out_set OUT_4 52
CLI_OUTPUT: ret /Target1/custom_out/action ddal_custom_out_set OUT_4 52 ==&gt; done OK retv 0
CLI_OUTPUT: /Target1/custom_out/action ddal_custom_out_set OUT_4 53
CLI_OUTPUT: ret /Target1/custom_out/action ddal_custom_out_set OUT_4 53 ==&gt; done OK retv 0
CLI_OUTPUT: /Target1/custom_out/action ddal_custom_out_set OUT_4 54
CLI_OUTPUT: ret /Target1/custom_out/action ddal_custom_out_set OUT_4 54 ==&gt; done OK retv 0
CLI_OUTPUT: /Target1/custom_out/action ddal_custom_out_set OUT_4 55
CLI_OUTPUT: ret /Target1/custom_out/action ddal_custom_out_set OUT_4 55 ==&gt; done OK retv 0
CLI_OUTPUT: /Target1/custom_out/action ddal_custom_out_set OUT_4 56
CLI_OUTPUT: ret /Target1/custom_out/action ddal_custom_out_set OUT_4 56 ==&gt; done OK retv 0
CLI_OUTPUT: /Target1/custom_out/action ddal_custom_out_set OUT_4 57
CLI_OUTPUT: ret /Target1/custom_out/action ddal_custom_out_set OUT_4 57 ==&gt; done OK retv 0
CLI_OUTPUT: /Target1/custom_out/action ddal_custom_out_set OUT_4 58
CLI_OUTPUT: ret /Target1/custom_out/action ddal_custom_out_set OUT_4 58 ==&gt; done OK retv 0
CLI_OUTPUT: /Target1/custom_out/action ddal_custom_out_set OUT_4 59
CLI_OUTPUT: ret /Target1/custom_out/action ddal_custom_out_set OUT_4 59 ==&gt; done OK retv 0
CLI_OUTPUT: /Target1/custom_out/action ddal_custom_out_set OUT_4 60
CLI_OUTPUT: ret /Target1/custom_out/action ddal_custom_out_set OUT_4 60 ==&gt; done OK retv 0
CLI_OUTPUT: /Target1/custom_out/action ddal_custom_out_set OUT_4 61
CLI_OUTPUT: ret /Target1/custom_out/action ddal_custom_out_set OUT_4 61 ==&gt; done OK retv 0
CLI_OUTPUT: /Target1/custom_out/action ddal_custom_out_set OUT_4 62
CLI_OUTPUT: ret /Target1/custom_out/action ddal_custom_out_set OUT_4 62 ==&gt; done OK retv 0
CLI_OUTPUT: /Target1/custom_out/action ddal_custom_out_set OUT_4 63
CLI_OUTPUT: ret /Target1/custom_out/action ddal_custom_out_set OUT_4 63 ==&gt; done OK retv 0
SCR_OUTPUT: ##### Test Case End: TC_03170_004 PASSED (0)
</stdout>
          <failedSince>0</failedSince>
        </case>
        <case>
          <duration>1.0</duration>
          <className>HW_03170_basic_custom_out_tests</className>
          <testName>TC_03170_005 ddal_custom_out_set range check</testName>
          <skipped>false</skipped>
          <stdout>
SCR_OUTPUT: ##### Test Case Start: TC_03170_005  ddal_custom_out_set range check
CLI_OUTPUT: /Target1/custom_out/action ddal_custom_out_bitgroup_set 1 2 4 8 16 32
CLI_OUTPUT: ret /Target1/custom_out/action ddal_custom_out_bitgroup_set 1 2 4 8 16 32 ==&gt; done OK retv 0
CLI_OUTPUT: /Target1/custom_out/action ddal_custom_out_set BAD_VALUE 0
CLI_OUTPUT: ret /Target1/custom_out/action ddal_custom_out_set BAD_VALUE 0 ==&gt; done fail retv -22 errstr Invalid argument
CLI_OUTPUT: /Target1/custom_out/action ddal_custom_out_set OUT_0 2
CLI_OUTPUT: ret /Target1/custom_out/action ddal_custom_out_set OUT_0 2 ==&gt; done fail retv -22 errstr Invalid argument
CLI_OUTPUT: /Target1/custom_out/action ddal_custom_out_set OUT_1 2
CLI_OUTPUT: ret /Target1/custom_out/action ddal_custom_out_set OUT_1 2 ==&gt; done fail retv -22 errstr Invalid argument
CLI_OUTPUT: /Target1/custom_out/action ddal_custom_out_set OUT_2 2
CLI_OUTPUT: ret /Target1/custom_out/action ddal_custom_out_set OUT_2 2 ==&gt; done fail retv -22 errstr Invalid argument
CLI_OUTPUT: /Target1/custom_out/action ddal_custom_out_set OUT_3 2
CLI_OUTPUT: ret /Target1/custom_out/action ddal_custom_out_set OUT_3 2 ==&gt; done fail retv -22 errstr Invalid argument
CLI_OUTPUT: /Target1/custom_out/action ddal_custom_out_set OUT_4 2
CLI_OUTPUT: ret /Target1/custom_out/action ddal_custom_out_set OUT_4 2 ==&gt; done fail retv -22 errstr Invalid argument
CLI_OUTPUT: /Target1/custom_out/action ddal_custom_out_set OUT_5 2
CLI_OUTPUT: ret /Target1/custom_out/action ddal_custom_out_set OUT_5 2 ==&gt; done fail retv -22 errstr Invalid argument
SCR_OUTPUT: ##### Test Case End: TC_03170_005 PASSED (0)
</stdout>
          <failedSince>0</failedSince>
        </case>
        <case>
          <duration>1.0</duration>
          <className>HW_03170_basic_custom_out_tests</className>
          <testName>TC_03170_006 successful ddal_custom_out_set calls</testName>
          <skipped>false</skipped>
          <stdout>
SCR_OUTPUT: ##### Test Case Start: TC_03170_006  successful ddal_custom_out_set calls
CLI_OUTPUT: /Target1/custom_out/action ddal_custom_out_bitgroup_set 1 2 4 8 16 32
CLI_OUTPUT: ret /Target1/custom_out/action ddal_custom_out_bitgroup_set 1 2 4 8 16 32 ==&gt; done OK retv 0
CLI_OUTPUT: /Target1/custom_out/action ddal_custom_out_set OUT_0 0
CLI_OUTPUT: ret /Target1/custom_out/action ddal_custom_out_set OUT_0 0 ==&gt; done OK retv 0
CLI_OUTPUT: /Target1/custom_out/action ddal_custom_out_get OUT_0
CLI_OUTPUT: ret /Target1/custom_out/action ddal_custom_out_get OUT_0 ==&gt; done OK retv 0 value 0
CLI_OUTPUT: /Target1/custom_out/action ddal_custom_out_set OUT_0 1
CLI_OUTPUT: ret /Target1/custom_out/action ddal_custom_out_set OUT_0 1 ==&gt; done OK retv 0
CLI_OUTPUT: /Target1/custom_out/action ddal_custom_out_get OUT_0
CLI_OUTPUT: ret /Target1/custom_out/action ddal_custom_out_get OUT_0 ==&gt; done OK retv 0 value 1
CLI_OUTPUT: /Target1/custom_out/action ddal_custom_out_set OUT_1 0
CLI_OUTPUT: ret /Target1/custom_out/action ddal_custom_out_set OUT_1 0 ==&gt; done OK retv 0
CLI_OUTPUT: /Target1/custom_out/action ddal_custom_out_get OUT_1
CLI_OUTPUT: ret /Target1/custom_out/action ddal_custom_out_get OUT_1 ==&gt; done OK retv 0 value 0
CLI_OUTPUT: /Target1/custom_out/action ddal_custom_out_set OUT_1 1
CLI_OUTPUT: ret /Target1/custom_out/action ddal_custom_out_set OUT_1 1 ==&gt; done OK retv 0
CLI_OUTPUT: /Target1/custom_out/action ddal_custom_out_get OUT_1
CLI_OUTPUT: ret /Target1/custom_out/action ddal_custom_out_get OUT_1 ==&gt; done OK retv 0 value 1
CLI_OUTPUT: /Target1/custom_out/action ddal_custom_out_set OUT_2 0
CLI_OUTPUT: ret /Target1/custom_out/action ddal_custom_out_set OUT_2 0 ==&gt; done OK retv 0
CLI_OUTPUT: /Target1/custom_out/action ddal_custom_out_get OUT_2
CLI_OUTPUT: ret /Target1/custom_out/action ddal_custom_out_get OUT_2 ==&gt; done OK retv 0 value 0
CLI_OUTPUT: /Target1/custom_out/action ddal_custom_out_set OUT_2 1
CLI_OUTPUT: ret /Target1/custom_out/action ddal_custom_out_set OUT_2 1 ==&gt; done OK retv 0
CLI_OUTPUT: /Target1/custom_out/action ddal_custom_out_get OUT_2
CLI_OUTPUT: ret /Target1/custom_out/action ddal_custom_out_get OUT_2 ==&gt; done OK retv 0 value 1
CLI_OUTPUT: /Target1/custom_out/action ddal_custom_out_set OUT_3 0
CLI_OUTPUT: ret /Target1/custom_out/action ddal_custom_out_set OUT_3 0 ==&gt; done OK retv 0
CLI_OUTPUT: /Target1/custom_out/action ddal_custom_out_get OUT_3
CLI_OUTPUT: ret /Target1/custom_out/action ddal_custom_out_get OUT_3 ==&gt; done OK retv 0 value 0
CLI_OUTPUT: /Target1/custom_out/action ddal_custom_out_set OUT_3 1
CLI_OUTPUT: ret /Target1/custom_out/action ddal_custom_out_set OUT_3 1 ==&gt; done OK retv 0
CLI_OUTPUT: /Target1/custom_out/action ddal_custom_out_get OUT_3
CLI_OUTPUT: ret /Target1/custom_out/action ddal_custom_out_get OUT_3 ==&gt; done OK retv 0 value 1
CLI_OUTPUT: /Target1/custom_out/action ddal_custom_out_set OUT_4 0
CLI_OUTPUT: ret /Target1/custom_out/action ddal_custom_out_set OUT_4 0 ==&gt; done OK retv 0
CLI_OUTPUT: /Target1/custom_out/action ddal_custom_out_get OUT_4
CLI_OUTPUT: ret /Target1/custom_out/action ddal_custom_out_get OUT_4 ==&gt; done OK retv 0 value 0
CLI_OUTPUT: /Target1/custom_out/action ddal_custom_out_set OUT_4 1
CLI_OUTPUT: ret /Target1/custom_out/action ddal_custom_out_set OUT_4 1 ==&gt; done OK retv 0
CLI_OUTPUT: /Target1/custom_out/action ddal_custom_out_get OUT_4
CLI_OUTPUT: ret /Target1/custom_out/action ddal_custom_out_get OUT_4 ==&gt; done OK retv 0 value 1
CLI_OUTPUT: /Target1/custom_out/action ddal_custom_out_set OUT_5 0
CLI_OUTPUT: ret /Target1/custom_out/action ddal_custom_out_set OUT_5 0 ==&gt; done OK retv 0
CLI_OUTPUT: /Target1/custom_out/action ddal_custom_out_get OUT_5
CLI_OUTPUT: ret /Target1/custom_out/action ddal_custom_out_get OUT_5 ==&gt; done OK retv 0 value 0
CLI_OUTPUT: /Target1/custom_out/action ddal_custom_out_set OUT_5 1
CLI_OUTPUT: ret /Target1/custom_out/action ddal_custom_out_set OUT_5 1 ==&gt; done OK retv 0
CLI_OUTPUT: /Target1/custom_out/action ddal_custom_out_get OUT_5
CLI_OUTPUT: ret /Target1/custom_out/action ddal_custom_out_get OUT_5 ==&gt; done OK retv 0 value 1
CLI_OUTPUT: /Target1/custom_out/action ddal_custom_out_bitgroup_set 2 4 8 16 33 0
CLI_OUTPUT: ret /Target1/custom_out/action ddal_custom_out_bitgroup_set 2 4 8 16 33 0 ==&gt; done OK retv 0
CLI_OUTPUT: /Target1/custom_out/action ddal_custom_out_set OUT_0 0
CLI_OUTPUT: ret /Target1/custom_out/action ddal_custom_out_set OUT_0 0 ==&gt; done OK retv 0
CLI_OUTPUT: /Target1/custom_out/action ddal_custom_out_get OUT_0
CLI_OUTPUT: ret /Target1/custom_out/action ddal_custom_out_get OUT_0 ==&gt; done OK retv 0 value 0
CLI_OUTPUT: /Target1/custom_out/action ddal_custom_out_set OUT_0 1
CLI_OUTPUT: ret /Target1/custom_out/action ddal_custom_out_set OUT_0 1 ==&gt; done OK retv 0
CLI_OUTPUT: /Target1/custom_out/action ddal_custom_out_get OUT_0
CLI_OUTPUT: ret /Target1/custom_out/action ddal_custom_out_get OUT_0 ==&gt; done OK retv 0 value 1
CLI_OUTPUT: /Target1/custom_out/action ddal_custom_out_set OUT_1 0
CLI_OUTPUT: ret /Target1/custom_out/action ddal_custom_out_set OUT_1 0 ==&gt; done OK retv 0
CLI_OUTPUT: /Target1/custom_out/action ddal_custom_out_get OUT_1
CLI_OUTPUT: ret /Target1/custom_out/action ddal_custom_out_get OUT_1 ==&gt; done OK retv 0 value 0
CLI_OUTPUT: /Target1/custom_out/action ddal_custom_out_set OUT_1 1
CLI_OUTPUT: ret /Target1/custom_out/action ddal_custom_out_set OUT_1 1 ==&gt; done OK retv 0
CLI_OUTPUT: /Target1/custom_out/action ddal_custom_out_get OUT_1
CLI_OUTPUT: ret /Target1/custom_out/action ddal_custom_out_get OUT_1 ==&gt; done OK retv 0 value 1
CLI_OUTPUT: /Target1/custom_out/action ddal_custom_out_set OUT_2 0
CLI_OUTPUT: ret /Target1/custom_out/action ddal_custom_out_set OUT_2 0 ==&gt; done OK retv 0
CLI_OUTPUT: /Target1/custom_out/action ddal_custom_out_get OUT_2
CLI_OUTPUT: ret /Target1/custom_out/action ddal_custom_out_get OUT_2 ==&gt; done OK retv 0 value 0
CLI_OUTPUT: /Target1/custom_out/action ddal_custom_out_set OUT_2 1
CLI_OUTPUT: ret /Target1/custom_out/action ddal_custom_out_set OUT_2 1 ==&gt; done OK retv 0
CLI_OUTPUT: /Target1/custom_out/action ddal_custom_out_get OUT_2
CLI_OUTPUT: ret /Target1/custom_out/action ddal_custom_out_get OUT_2 ==&gt; done OK retv 0 value 1
CLI_OUTPUT: /Target1/custom_out/action ddal_custom_out_set OUT_3 0
CLI_OUTPUT: ret /Target1/custom_out/action ddal_custom_out_set OUT_3 0 ==&gt; done OK retv 0
CLI_OUTPUT: /Target1/custom_out/action ddal_custom_out_get OUT_3
CLI_OUTPUT: ret /Target1/custom_out/action ddal_custom_out_get OUT_3 ==&gt; done OK retv 0 value 0
CLI_OUTPUT: /Target1/custom_out/action ddal_custom_out_set OUT_3 1
CLI_OUTPUT: ret /Target1/custom_out/action ddal_custom_out_set OUT_3 1 ==&gt; done OK retv 0
CLI_OUTPUT: /Target1/custom_out/action ddal_custom_out_get OUT_3
CLI_OUTPUT: ret /Target1/custom_out/action ddal_custom_out_get OUT_3 ==&gt; done OK retv 0 value 1
CLI_OUTPUT: /Target1/custom_out/action ddal_custom_out_set OUT_4 0
CLI_OUTPUT: ret /Target1/custom_out/action ddal_custom_out_set OUT_4 0 ==&gt; done OK retv 0
CLI_OUTPUT: /Target1/custom_out/action ddal_custom_out_get OUT_4
CLI_OUTPUT: ret /Target1/custom_out/action ddal_custom_out_get OUT_4 ==&gt; done OK retv 0 value 0
CLI_OUTPUT: /Target1/custom_out/action ddal_custom_out_set OUT_4 1
CLI_OUTPUT: ret /Target1/custom_out/action ddal_custom_out_set OUT_4 1 ==&gt; done OK retv 0
CLI_OUTPUT: /Target1/custom_out/action ddal_custom_out_get OUT_4
CLI_OUTPUT: ret /Target1/custom_out/action ddal_custom_out_get OUT_4 ==&gt; done OK retv 0 value 1
CLI_OUTPUT: /Target1/custom_out/action ddal_custom_out_set OUT_4 2
CLI_OUTPUT: ret /Target1/custom_out/action ddal_custom_out_set OUT_4 2 ==&gt; done OK retv 0
CLI_OUTPUT: /Target1/custom_out/action ddal_custom_out_get OUT_4
CLI_OUTPUT: ret /Target1/custom_out/action ddal_custom_out_get OUT_4 ==&gt; done OK retv 0 value 2
CLI_OUTPUT: /Target1/custom_out/action ddal_custom_out_set OUT_4 3
CLI_OUTPUT: ret /Target1/custom_out/action ddal_custom_out_set OUT_4 3 ==&gt; done OK retv 0
CLI_OUTPUT: /Target1/custom_out/action ddal_custom_out_get OUT_4
CLI_OUTPUT: ret /Target1/custom_out/action ddal_custom_out_get OUT_4 ==&gt; done OK retv 0 value 3
CLI_OUTPUT: /Target1/custom_out/action ddal_custom_out_bitgroup_set 0 33 0 24 0 6
CLI_OUTPUT: ret /Target1/custom_out/action ddal_custom_out_bitgroup_set 0 33 0 24 0 6 ==&gt; done OK retv 0
CLI_OUTPUT: /Target1/custom_out/action ddal_custom_out_set OUT_1 0
CLI_OUTPUT: ret /Target1/custom_out/action ddal_custom_out_set OUT_1 0 ==&gt; done OK retv 0
CLI_OUTPUT: /Target1/custom_out/action ddal_custom_out_get OUT_1
CLI_OUTPUT: ret /Target1/custom_out/action ddal_custom_out_get OUT_1 ==&gt; done OK retv 0 value 0
CLI_OUTPUT: /Target1/custom_out/action ddal_custom_out_set OUT_1 1
CLI_OUTPUT: ret /Target1/custom_out/action ddal_custom_out_set OUT_1 1 ==&gt; done OK retv 0
CLI_OUTPUT: /Target1/custom_out/action ddal_custom_out_get OUT_1
CLI_OUTPUT: ret /Target1/custom_out/action ddal_custom_out_get OUT_1 ==&gt; done OK retv 0 value 1
CLI_OUTPUT: /Target1/custom_out/action ddal_custom_out_set OUT_1 2
CLI_OUTPUT: ret /Target1/custom_out/action ddal_custom_out_set OUT_1 2 ==&gt; done OK retv 0
CLI_OUTPUT: /Target1/custom_out/action ddal_custom_out_get OUT_1
CLI_OUTPUT: ret /Target1/custom_out/action ddal_custom_out_get OUT_1 ==&gt; done OK retv 0 value 2
CLI_OUTPUT: /Target1/custom_out/action ddal_custom_out_set OUT_1 3
CLI_OUTPUT: ret /Target1/custom_out/action ddal_custom_out_set OUT_1 3 ==&gt; done OK retv 0
CLI_OUTPUT: /Target1/custom_out/action ddal_custom_out_get OUT_1
CLI_OUTPUT: ret /Target1/custom_out/action ddal_custom_out_get OUT_1 ==&gt; done OK retv 0 value 3
CLI_OUTPUT: /Target1/custom_out/action ddal_custom_out_set OUT_3 0
CLI_OUTPUT: ret /Target1/custom_out/action ddal_custom_out_set OUT_3 0 ==&gt; done OK retv 0
CLI_OUTPUT: /Target1/custom_out/action ddal_custom_out_get OUT_3
CLI_OUTPUT: ret /Target1/custom_out/action ddal_custom_out_get OUT_3 ==&gt; done OK retv 0 value 0
CLI_OUTPUT: /Target1/custom_out/action ddal_custom_out_set OUT_3 1
CLI_OUTPUT: ret /Target1/custom_out/action ddal_custom_out_set OUT_3 1 ==&gt; done OK retv 0
CLI_OUTPUT: /Target1/custom_out/action ddal_custom_out_get OUT_3
CLI_OUTPUT: ret /Target1/custom_out/action ddal_custom_out_get OUT_3 ==&gt; done OK retv 0 value 1
CLI_OUTPUT: /Target1/custom_out/action ddal_custom_out_set OUT_3 2
CLI_OUTPUT: ret /Target1/custom_out/action ddal_custom_out_set OUT_3 2 ==&gt; done OK retv 0
CLI_OUTPUT: /Target1/custom_out/action ddal_custom_out_get OUT_3
CLI_OUTPUT: ret /Target1/custom_out/action ddal_custom_out_get OUT_3 ==&gt; done OK retv 0 value 2
CLI_OUTPUT: /Target1/custom_out/action ddal_custom_out_set OUT_3 3
CLI_OUTPUT: ret /Target1/custom_out/action ddal_custom_out_set OUT_3 3 ==&gt; done OK retv 0
CLI_OUTPUT: /Target1/custom_out/action ddal_custom_out_get OUT_3
CLI_OUTPUT: ret /Target1/custom_out/action ddal_custom_out_get OUT_3 ==&gt; done OK retv 0 value 3
CLI_OUTPUT: /Target1/custom_out/action ddal_custom_out_set OUT_5 0
CLI_OUTPUT: ret /Target1/custom_out/action ddal_custom_out_set OUT_5 0 ==&gt; done OK retv 0
CLI_OUTPUT: /Target1/custom_out/action ddal_custom_out_get OUT_5
CLI_OUTPUT: ret /Target1/custom_out/action ddal_custom_out_get OUT_5 ==&gt; done OK retv 0 value 0
CLI_OUTPUT: /Target1/custom_out/action ddal_custom_out_set OUT_5 1
CLI_OUTPUT: ret /Target1/custom_out/action ddal_custom_out_set OUT_5 1 ==&gt; done OK retv 0
CLI_OUTPUT: /Target1/custom_out/action ddal_custom_out_get OUT_5
CLI_OUTPUT: ret /Target1/custom_out/action ddal_custom_out_get OUT_5 ==&gt; done OK retv 0 value 1
CLI_OUTPUT: /Target1/custom_out/action ddal_custom_out_set OUT_5 2
CLI_OUTPUT: ret /Target1/custom_out/action ddal_custom_out_set OUT_5 2 ==&gt; done OK retv 0
CLI_OUTPUT: /Target1/custom_out/action ddal_custom_out_get OUT_5
CLI_OUTPUT: ret /Target1/custom_out/action ddal_custom_out_get OUT_5 ==&gt; done OK retv 0 value 2
CLI_OUTPUT: /Target1/custom_out/action ddal_custom_out_set OUT_5 3
CLI_OUTPUT: ret /Target1/custom_out/action ddal_custom_out_set OUT_5 3 ==&gt; done OK retv 0
CLI_OUTPUT: /Target1/custom_out/action ddal_custom_out_get OUT_5
CLI_OUTPUT: ret /Target1/custom_out/action ddal_custom_out_get OUT_5 ==&gt; done OK retv 0 value 3
CLI_OUTPUT: /Target1/custom_out/action ddal_custom_out_bitgroup_set 0 0 0 0 63 0
CLI_OUTPUT: ret /Target1/custom_out/action ddal_custom_out_bitgroup_set 0 0 0 0 63 0 ==&gt; done OK retv 0
CLI_OUTPUT: /Target1/custom_out/action ddal_custom_out_set OUT_4 0
CLI_OUTPUT: ret /Target1/custom_out/action ddal_custom_out_set OUT_4 0 ==&gt; done OK retv 0
CLI_OUTPUT: /Target1/custom_out/action ddal_custom_out_get OUT_4
CLI_OUTPUT: ret /Target1/custom_out/action ddal_custom_out_get OUT_4 ==&gt; done OK retv 0 value 0
CLI_OUTPUT: /Target1/custom_out/action ddal_custom_out_set OUT_4 1
CLI_OUTPUT: ret /Target1/custom_out/action ddal_custom_out_set OUT_4 1 ==&gt; done OK retv 0
CLI_OUTPUT: /Target1/custom_out/action ddal_custom_out_get OUT_4
CLI_OUTPUT: ret /Target1/custom_out/action ddal_custom_out_get OUT_4 ==&gt; done OK retv 0 value 1
CLI_OUTPUT: /Target1/custom_out/action ddal_custom_out_set OUT_4 2
CLI_OUTPUT: ret /Target1/custom_out/action ddal_custom_out_set OUT_4 2 ==&gt; done OK retv 0
CLI_OUTPUT: /Target1/custom_out/action ddal_custom_out_get OUT_4
CLI_OUTPUT: ret /Target1/custom_out/action ddal_custom_out_get OUT_4 ==&gt; done OK retv 0 value 2
CLI_OUTPUT: /Target1/custom_out/action ddal_custom_out_set OUT_4 3
CLI_OUTPUT: ret /Target1/custom_out/action ddal_custom_out_set OUT_4 3 ==&gt; done OK retv 0
CLI_OUTPUT: /Target1/custom_out/action ddal_custom_out_get OUT_4
CLI_OUTPUT: ret /Target1/custom_out/action ddal_custom_out_get OUT_4 ==&gt; done OK retv 0 value 3
CLI_OUTPUT: /Target1/custom_out/action ddal_custom_out_set OUT_4 4
CLI_OUTPUT: ret /Target1/custom_out/action ddal_custom_out_set OUT_4 4 ==&gt; done OK retv 0
CLI_OUTPUT: /Target1/custom_out/action ddal_custom_out_get OUT_4
CLI_OUTPUT: ret /Target1/custom_out/action ddal_custom_out_get OUT_4 ==&gt; done OK retv 0 value 4
CLI_OUTPUT: /Target1/custom_out/action ddal_custom_out_set OUT_4 5
CLI_OUTPUT: ret /Target1/custom_out/action ddal_custom_out_set OUT_4 5 ==&gt; done OK retv 0
CLI_OUTPUT: /Target1/custom_out/action ddal_custom_out_get OUT_4
CLI_OUTPUT: ret /Target1/custom_out/action ddal_custom_out_get OUT_4 ==&gt; done OK retv 0 value 5
CLI_OUTPUT: /Target1/custom_out/action ddal_custom_out_set OUT_4 6
CLI_OUTPUT: ret /Target1/custom_out/action ddal_custom_out_set OUT_4 6 ==&gt; done OK retv 0
CLI_OUTPUT: /Target1/custom_out/action ddal_custom_out_get OUT_4
CLI_OUTPUT: ret /Target1/custom_out/action ddal_custom_out_get OUT_4 ==&gt; done OK retv 0 value 6
CLI_OUTPUT: /Target1/custom_out/action ddal_custom_out_set OUT_4 7
CLI_OUTPUT: ret /Target1/custom_out/action ddal_custom_out_set OUT_4 7 ==&gt; done OK retv 0
CLI_OUTPUT: /Target1/custom_out/action ddal_custom_out_get OUT_4
CLI_OUTPUT: ret /Target1/custom_out/action ddal_custom_out_get OUT_4 ==&gt; done OK retv 0 value 7
CLI_OUTPUT: /Target1/custom_out/action ddal_custom_out_set OUT_4 8
CLI_OUTPUT: ret /Target1/custom_out/action ddal_custom_out_set OUT_4 8 ==&gt; done OK retv 0
CLI_OUTPUT: /Target1/custom_out/action ddal_custom_out_get OUT_4
CLI_OUTPUT: ret /Target1/custom_out/action ddal_custom_out_get OUT_4 ==&gt; done OK retv 0 value 8
CLI_OUTPUT: /Target1/custom_out/action ddal_custom_out_set OUT_4 9
CLI_OUTPUT: ret /Target1/custom_out/action ddal_custom_out_set OUT_4 9 ==&gt; done OK retv 0
CLI_OUTPUT: /Target1/custom_out/action ddal_custom_out_get OUT_4
CLI_OUTPUT: ret /Target1/custom_out/action ddal_custom_out_get OUT_4 ==&gt; done OK retv 0 value 9
CLI_OUTPUT: /Target1/custom_out/action ddal_custom_out_set OUT_4 10
CLI_OUTPUT: ret /Target1/custom_out/action ddal_custom_out_set OUT_4 10 ==&gt; done OK retv 0
CLI_OUTPUT: /Target1/custom_out/action ddal_custom_out_get OUT_4
CLI_OUTPUT: ret /Target1/custom_out/action ddal_custom_out_get OUT_4 ==&gt; done OK retv 0 value 10
CLI_OUTPUT: /Target1/custom_out/action ddal_custom_out_set OUT_4 11
CLI_OUTPUT: ret /Target1/custom_out/action ddal_custom_out_set OUT_4 11 ==&gt; done OK retv 0
CLI_OUTPUT: /Target1/custom_out/action ddal_custom_out_get OUT_4
CLI_OUTPUT: ret /Target1/custom_out/action ddal_custom_out_get OUT_4 ==&gt; done OK retv 0 value 11
CLI_OUTPUT: /Target1/custom_out/action ddal_custom_out_set OUT_4 12
CLI_OUTPUT: ret /Target1/custom_out/action ddal_custom_out_set OUT_4 12 ==&gt; done OK retv 0
CLI_OUTPUT: /Target1/custom_out/action ddal_custom_out_get OUT_4
CLI_OUTPUT: ret /Target1/custom_out/action ddal_custom_out_get OUT_4 ==&gt; done OK retv 0 value 12
CLI_OUTPUT: /Target1/custom_out/action ddal_custom_out_set OUT_4 13
CLI_OUTPUT: ret /Target1/custom_out/action ddal_custom_out_set OUT_4 13 ==&gt; done OK retv 0
CLI_OUTPUT: /Target1/custom_out/action ddal_custom_out_get OUT_4
CLI_OUTPUT: ret /Target1/custom_out/action ddal_custom_out_get OUT_4 ==&gt; done OK retv 0 value 13
CLI_OUTPUT: /Target1/custom_out/action ddal_custom_out_set OUT_4 14
CLI_OUTPUT: ret /Target1/custom_out/action ddal_custom_out_set OUT_4 14 ==&gt; done OK retv 0
CLI_OUTPUT: /Target1/custom_out/action ddal_custom_out_get OUT_4
CLI_OUTPUT: ret /Target1/custom_out/action ddal_custom_out_get OUT_4 ==&gt; done OK retv 0 value 14
CLI_OUTPUT: /Target1/custom_out/action ddal_custom_out_set OUT_4 15
CLI_OUTPUT: ret /Target1/custom_out/action ddal_custom_out_set OUT_4 15 ==&gt; done OK retv 0
CLI_OUTPUT: /Target1/custom_out/action ddal_custom_out_get OUT_4
CLI_OUTPUT: ret /Target1/custom_out/action ddal_custom_out_get OUT_4 ==&gt; done OK retv 0 value 15
CLI_OUTPUT: /Target1/custom_out/action ddal_custom_out_set OUT_4 16
CLI_OUTPUT: ret /Target1/custom_out/action ddal_custom_out_set OUT_4 16 ==&gt; done OK retv 0
CLI_OUTPUT: /Target1/custom_out/action ddal_custom_out_get OUT_4
CLI_OUTPUT: ret /Target1/custom_out/action ddal_custom_out_get OUT_4 ==&gt; done OK retv 0 value 16
CLI_OUTPUT: /Target1/custom_out/action ddal_custom_out_set OUT_4 17
CLI_OUTPUT: ret /Target1/custom_out/action ddal_custom_out_set OUT_4 17 ==&gt; done OK retv 0
CLI_OUTPUT: /Target1/custom_out/action ddal_custom_out_get OUT_4
CLI_OUTPUT: ret /Target1/custom_out/action ddal_custom_out_get OUT_4 ==&gt; done OK retv 0 value 17
CLI_OUTPUT: /Target1/custom_out/action ddal_custom_out_set OUT_4 18
CLI_OUTPUT: ret /Target1/custom_out/action ddal_custom_out_set OUT_4 18 ==&gt; done OK retv 0
CLI_OUTPUT: /Target1/custom_out/action ddal_custom_out_get OUT_4
CLI_OUTPUT: ret /Target1/custom_out/action ddal_custom_out_get OUT_4 ==&gt; done OK retv 0 value 18
CLI_OUTPUT: /Target1/custom_out/action ddal_custom_out_set OUT_4 19
CLI_OUTPUT: ret /Target1/custom_out/action ddal_custom_out_set OUT_4 19 ==&gt; done OK retv 0
CLI_OUTPUT: /Target1/custom_out/action ddal_custom_out_get OUT_4
CLI_OUTPUT: ret /Target1/custom_out/action ddal_custom_out_get OUT_4 ==&gt; done OK retv 0 value 19
CLI_OUTPUT: /Target1/custom_out/action ddal_custom_out_set OUT_4 20
CLI_OUTPUT: ret /Target1/custom_out/action ddal_custom_out_set OUT_4 20 ==&gt; done OK retv 0
CLI_OUTPUT: /Target1/custom_out/action ddal_custom_out_get OUT_4
CLI_OUTPUT: ret /Target1/custom_out/action ddal_custom_out_get OUT_4 ==&gt; done OK retv 0 value 20
CLI_OUTPUT: /Target1/custom_out/action ddal_custom_out_set OUT_4 21
CLI_OUTPUT: ret /Target1/custom_out/action ddal_custom_out_set OUT_4 21 ==&gt; done OK retv 0
CLI_OUTPUT: /Target1/custom_out/action ddal_custom_out_get OUT_4
CLI_OUTPUT: ret /Target1/custom_out/action ddal_custom_out_get OUT_4 ==&gt; done OK retv 0 value 21
CLI_OUTPUT: /Target1/custom_out/action ddal_custom_out_set OUT_4 22
CLI_OUTPUT: ret /Target1/custom_out/action ddal_custom_out_set OUT_4 22 ==&gt; done OK retv 0
CLI_OUTPUT: /Target1/custom_out/action ddal_custom_out_get OUT_4
CLI_OUTPUT: ret /Target1/custom_out/action ddal_custom_out_get OUT_4 ==&gt; done OK retv 0 value 22
CLI_OUTPUT: /Target1/custom_out/action ddal_custom_out_set OUT_4 23
CLI_OUTPUT: ret /Target1/custom_out/action ddal_custom_out_set OUT_4 23 ==&gt; done OK retv 0
CLI_OUTPUT: /Target1/custom_out/action ddal_custom_out_get OUT_4
CLI_OUTPUT: ret /Target1/custom_out/action ddal_custom_out_get OUT_4 ==&gt; done OK retv 0 value 23
CLI_OUTPUT: /Target1/custom_out/action ddal_custom_out_set OUT_4 24
CLI_OUTPUT: ret /Target1/custom_out/action ddal_custom_out_set OUT_4 24 ==&gt; done OK retv 0
CLI_OUTPUT: /Target1/custom_out/action ddal_custom_out_get OUT_4
CLI_OUTPUT: ret /Target1/custom_out/action ddal_custom_out_get OUT_4 ==&gt; done OK retv 0 value 24
CLI_OUTPUT: /Target1/custom_out/action ddal_custom_out_set OUT_4 25
CLI_OUTPUT: ret /Target1/custom_out/action ddal_custom_out_set OUT_4 25 ==&gt; done OK retv 0
CLI_OUTPUT: /Target1/custom_out/action ddal_custom_out_get OUT_4
CLI_OUTPUT: ret /Target1/custom_out/action ddal_custom_out_get OUT_4 ==&gt; done OK retv 0 value 25
CLI_OUTPUT: /Target1/custom_out/action ddal_custom_out_set OUT_4 26
CLI_OUTPUT: ret /Target1/custom_out/action ddal_custom_out_set OUT_4 26 ==&gt; done OK retv 0
CLI_OUTPUT: /Target1/custom_out/action ddal_custom_out_get OUT_4
CLI_OUTPUT: ret /Target1/custom_out/action ddal_custom_out_get OUT_4 ==&gt; done OK retv 0 value 26
CLI_OUTPUT: /Target1/custom_out/action ddal_custom_out_set OUT_4 27
CLI_OUTPUT: ret /Target1/custom_out/action ddal_custom_out_set OUT_4 27 ==&gt; done OK retv 0
CLI_OUTPUT: /Target1/custom_out/action ddal_custom_out_get OUT_4
CLI_OUTPUT: ret /Target1/custom_out/action ddal_custom_out_get OUT_4 ==&gt; done OK retv 0 value 27
CLI_OUTPUT: /Target1/custom_out/action ddal_custom_out_set OUT_4 28
CLI_OUTPUT: ret /Target1/custom_out/action ddal_custom_out_set OUT_4 28 ==&gt; done OK retv 0
CLI_OUTPUT: /Target1/custom_out/action ddal_custom_out_get OUT_4
CLI_OUTPUT: ret /Target1/custom_out/action ddal_custom_out_get OUT_4 ==&gt; done OK retv 0 value 28
CLI_OUTPUT: /Target1/custom_out/action ddal_custom_out_set OUT_4 29
CLI_OUTPUT: ret /Target1/custom_out/action ddal_custom_out_set OUT_4 29 ==&gt; done OK retv 0
CLI_OUTPUT: /Target1/custom_out/action ddal_custom_out_get OUT_4
CLI_OUTPUT: ret /Target1/custom_out/action ddal_custom_out_get OUT_4 ==&gt; done OK retv 0 value 29
CLI_OUTPUT: /Target1/custom_out/action ddal_custom_out_set OUT_4 30
CLI_OUTPUT: ret /Target1/custom_out/action ddal_custom_out_set OUT_4 30 ==&gt; done OK retv 0
CLI_OUTPUT: /Target1/custom_out/action ddal_custom_out_get OUT_4
CLI_OUTPUT: ret /Target1/custom_out/action ddal_custom_out_get OUT_4 ==&gt; done OK retv 0 value 30
CLI_OUTPUT: /Target1/custom_out/action ddal_custom_out_set OUT_4 31
CLI_OUTPUT: ret /Target1/custom_out/action ddal_custom_out_set OUT_4 31 ==&gt; done OK retv 0
CLI_OUTPUT: /Target1/custom_out/action ddal_custom_out_get OUT_4
CLI_OUTPUT: ret /Target1/custom_out/action ddal_custom_out_get OUT_4 ==&gt; done OK retv 0 value 31
CLI_OUTPUT: /Target1/custom_out/action ddal_custom_out_set OUT_4 32
CLI_OUTPUT: ret /Target1/custom_out/action ddal_custom_out_set OUT_4 32 ==&gt; done OK retv 0
CLI_OUTPUT: /Target1/custom_out/action ddal_custom_out_get OUT_4
CLI_OUTPUT: ret /Target1/custom_out/action ddal_custom_out_get OUT_4 ==&gt; done OK retv 0 value 32
CLI_OUTPUT: /Target1/custom_out/action ddal_custom_out_set OUT_4 33
CLI_OUTPUT: ret /Target1/custom_out/action ddal_custom_out_set OUT_4 33 ==&gt; done OK retv 0
CLI_OUTPUT: /Target1/custom_out/action ddal_custom_out_get OUT_4
CLI_OUTPUT: ret /Target1/custom_out/action ddal_custom_out_get OUT_4 ==&gt; done OK retv 0 value 33
CLI_OUTPUT: /Target1/custom_out/action ddal_custom_out_set OUT_4 34
CLI_OUTPUT: ret /Target1/custom_out/action ddal_custom_out_set OUT_4 34 ==&gt; done OK retv 0
CLI_OUTPUT: /Target1/custom_out/action ddal_custom_out_get OUT_4
CLI_OUTPUT: ret /Target1/custom_out/action ddal_custom_out_get OUT_4 ==&gt; done OK retv 0 value 34
CLI_OUTPUT: /Target1/custom_out/action ddal_custom_out_set OUT_4 35
CLI_OUTPUT: ret /Target1/custom_out/action ddal_custom_out_set OUT_4 35 ==&gt; done OK retv 0
CLI_OUTPUT: /Target1/custom_out/action ddal_custom_out_get OUT_4
CLI_OUTPUT: ret /Target1/custom_out/action ddal_custom_out_get OUT_4 ==&gt; done OK retv 0 value 35
CLI_OUTPUT: /Target1/custom_out/action ddal_custom_out_set OUT_4 36
CLI_OUTPUT: ret /Target1/custom_out/action ddal_custom_out_set OUT_4 36 ==&gt; done OK retv 0
CLI_OUTPUT: /Target1/custom_out/action ddal_custom_out_get OUT_4
CLI_OUTPUT: ret /Target1/custom_out/action ddal_custom_out_get OUT_4 ==&gt; done OK retv 0 value 36
CLI_OUTPUT: /Target1/custom_out/action ddal_custom_out_set OUT_4 37
CLI_OUTPUT: ret /Target1/custom_out/action ddal_custom_out_set OUT_4 37 ==&gt; done OK retv 0
CLI_OUTPUT: /Target1/custom_out/action ddal_custom_out_get OUT_4
CLI_OUTPUT: ret /Target1/custom_out/action ddal_custom_out_get OUT_4 ==&gt; done OK retv 0 value 37
CLI_OUTPUT: /Target1/custom_out/action ddal_custom_out_set OUT_4 38
CLI_OUTPUT: ret /Target1/custom_out/action ddal_custom_out_set OUT_4 38 ==&gt; done OK retv 0
CLI_OUTPUT: /Target1/custom_out/action ddal_custom_out_get OUT_4
CLI_OUTPUT: ret /Target1/custom_out/action ddal_custom_out_get OUT_4 ==&gt; done OK retv 0 value 38
CLI_OUTPUT: /Target1/custom_out/action ddal_custom_out_set OUT_4 39
CLI_OUTPUT: ret /Target1/custom_out/action ddal_custom_out_set OUT_4 39 ==&gt; done OK retv 0
CLI_OUTPUT: /Target1/custom_out/action ddal_custom_out_get OUT_4
CLI_OUTPUT: ret /Target1/custom_out/action ddal_custom_out_get OUT_4 ==&gt; done OK retv 0 value 39
CLI_OUTPUT: /Target1/custom_out/action ddal_custom_out_set OUT_4 40
CLI_OUTPUT: ret /Target1/custom_out/action ddal_custom_out_set OUT_4 40 ==&gt; done OK retv 0
CLI_OUTPUT: /Target1/custom_out/action ddal_custom_out_get OUT_4
CLI_OUTPUT: ret /Target1/custom_out/action ddal_custom_out_get OUT_4 ==&gt; done OK retv 0 value 40
CLI_OUTPUT: /Target1/custom_out/action ddal_custom_out_set OUT_4 41
CLI_OUTPUT: ret /Target1/custom_out/action ddal_custom_out_set OUT_4 41 ==&gt; done OK retv 0
CLI_OUTPUT: /Target1/custom_out/action ddal_custom_out_get OUT_4
CLI_OUTPUT: ret /Target1/custom_out/action ddal_custom_out_get OUT_4 ==&gt; done OK retv 0 value 41
CLI_OUTPUT: /Target1/custom_out/action ddal_custom_out_set OUT_4 42
CLI_OUTPUT: ret /Target1/custom_out/action ddal_custom_out_set OUT_4 42 ==&gt; done OK retv 0
CLI_OUTPUT: /Target1/custom_out/action ddal_custom_out_get OUT_4
CLI_OUTPUT: ret /Target1/custom_out/action ddal_custom_out_get OUT_4 ==&gt; done OK retv 0 value 42
CLI_OUTPUT: /Target1/custom_out/action ddal_custom_out_set OUT_4 43
CLI_OUTPUT: ret /Target1/custom_out/action ddal_custom_out_set OUT_4 43 ==&gt; done OK retv 0
CLI_OUTPUT: /Target1/custom_out/action ddal_custom_out_get OUT_4
CLI_OUTPUT: ret /Target1/custom_out/action ddal_custom_out_get OUT_4 ==&gt; done OK retv 0 value 43
CLI_OUTPUT: /Target1/custom_out/action ddal_custom_out_set OUT_4 44
CLI_OUTPUT: ret /Target1/custom_out/action ddal_custom_out_set OUT_4 44 ==&gt; done OK retv 0
CLI_OUTPUT: /Target1/custom_out/action ddal_custom_out_get OUT_4
CLI_OUTPUT: ret /Target1/custom_out/action ddal_custom_out_get OUT_4 ==&gt; done OK retv 0 value 44
CLI_OUTPUT: /Target1/custom_out/action ddal_custom_out_set OUT_4 45
CLI_OUTPUT: ret /Target1/custom_out/action ddal_custom_out_set OUT_4 45 ==&gt; done OK retv 0
CLI_OUTPUT: /Target1/custom_out/action ddal_custom_out_get OUT_4
CLI_OUTPUT: ret /Target1/custom_out/action ddal_custom_out_get OUT_4 ==&gt; done OK retv 0 value 45
CLI_OUTPUT: /Target1/custom_out/action ddal_custom_out_set OUT_4 46
CLI_OUTPUT: ret /Target1/custom_out/action ddal_custom_out_set OUT_4 46 ==&gt; done OK retv 0
CLI_OUTPUT: /Target1/custom_out/action ddal_custom_out_get OUT_4
CLI_OUTPUT: ret /Target1/custom_out/action ddal_custom_out_get OUT_4 ==&gt; done OK retv 0 value 46
CLI_OUTPUT: /Target1/custom_out/action ddal_custom_out_set OUT_4 47
CLI_OUTPUT: ret /Target1/custom_out/action ddal_custom_out_set OUT_4 47 ==&gt; done OK retv 0
CLI_OUTPUT: /Target1/custom_out/action ddal_custom_out_get OUT_4
CLI_OUTPUT: ret /Target1/custom_out/action ddal_custom_out_get OUT_4 ==&gt; done OK retv 0 value 47
CLI_OUTPUT: /Target1/custom_out/action ddal_custom_out_set OUT_4 48
CLI_OUTPUT: ret /Target1/custom_out/action ddal_custom_out_set OUT_4 48 ==&gt; done OK retv 0
CLI_OUTPUT: /Target1/custom_out/action ddal_custom_out_get OUT_4
CLI_OUTPUT: ret /Target1/custom_out/action ddal_custom_out_get OUT_4 ==&gt; done OK retv 0 value 48
CLI_OUTPUT: /Target1/custom_out/action ddal_custom_out_set OUT_4 49
CLI_OUTPUT: ret /Target1/custom_out/action ddal_custom_out_set OUT_4 49 ==&gt; done OK retv 0
CLI_OUTPUT: /Target1/custom_out/action ddal_custom_out_get OUT_4
CLI_OUTPUT: ret /Target1/custom_out/action ddal_custom_out_get OUT_4 ==&gt; done OK retv 0 value 49
CLI_OUTPUT: /Target1/custom_out/action ddal_custom_out_set OUT_4 50
CLI_OUTPUT: ret /Target1/custom_out/action ddal_custom_out_set OUT_4 50 ==&gt; done OK retv 0
CLI_OUTPUT: /Target1/custom_out/action ddal_custom_out_get OUT_4
CLI_OUTPUT: ret /Target1/custom_out/action ddal_custom_out_get OUT_4 ==&gt; done OK retv 0 value 50
CLI_OUTPUT: /Target1/custom_out/action ddal_custom_out_set OUT_4 51
CLI_OUTPUT: ret /Target1/custom_out/action ddal_custom_out_set OUT_4 51 ==&gt; done OK retv 0
CLI_OUTPUT: /Target1/custom_out/action ddal_custom_out_get OUT_4
CLI_OUTPUT: ret /Target1/custom_out/action ddal_custom_out_get OUT_4 ==&gt; done OK retv 0 value 51
CLI_OUTPUT: /Target1/custom_out/action ddal_custom_out_set OUT_4 52
CLI_OUTPUT: ret /Target1/custom_out/action ddal_custom_out_set OUT_4 52 ==&gt; done OK retv 0
CLI_OUTPUT: /Target1/custom_out/action ddal_custom_out_get OUT_4
CLI_OUTPUT: ret /Target1/custom_out/action ddal_custom_out_get OUT_4 ==&gt; done OK retv 0 value 52
CLI_OUTPUT: /Target1/custom_out/action ddal_custom_out_set OUT_4 53
CLI_OUTPUT: ret /Target1/custom_out/action ddal_custom_out_set OUT_4 53 ==&gt; done OK retv 0
CLI_OUTPUT: /Target1/custom_out/action ddal_custom_out_get OUT_4
CLI_OUTPUT: ret /Target1/custom_out/action ddal_custom_out_get OUT_4 ==&gt; done OK retv 0 value 53
CLI_OUTPUT: /Target1/custom_out/action ddal_custom_out_set OUT_4 54
CLI_OUTPUT: ret /Target1/custom_out/action ddal_custom_out_set OUT_4 54 ==&gt; done OK retv 0
CLI_OUTPUT: /Target1/custom_out/action ddal_custom_out_get OUT_4
CLI_OUTPUT: ret /Target1/custom_out/action ddal_custom_out_get OUT_4 ==&gt; done OK retv 0 value 54
CLI_OUTPUT: /Target1/custom_out/action ddal_custom_out_set OUT_4 55
CLI_OUTPUT: ret /Target1/custom_out/action ddal_custom_out_set OUT_4 55 ==&gt; done OK retv 0
CLI_OUTPUT: /Target1/custom_out/action ddal_custom_out_get OUT_4
CLI_OUTPUT: ret /Target1/custom_out/action ddal_custom_out_get OUT_4 ==&gt; done OK retv 0 value 55
CLI_OUTPUT: /Target1/custom_out/action ddal_custom_out_set OUT_4 56
CLI_OUTPUT: ret /Target1/custom_out/action ddal_custom_out_set OUT_4 56 ==&gt; done OK retv 0
CLI_OUTPUT: /Target1/custom_out/action ddal_custom_out_get OUT_4
CLI_OUTPUT: ret /Target1/custom_out/action ddal_custom_out_get OUT_4 ==&gt; done OK retv 0 value 56
CLI_OUTPUT: /Target1/custom_out/action ddal_custom_out_set OUT_4 57
CLI_OUTPUT: ret /Target1/custom_out/action ddal_custom_out_set OUT_4 57 ==&gt; done OK retv 0
CLI_OUTPUT: /Target1/custom_out/action ddal_custom_out_get OUT_4
CLI_OUTPUT: ret /Target1/custom_out/action ddal_custom_out_get OUT_4 ==&gt; done OK retv 0 value 57
CLI_OUTPUT: /Target1/custom_out/action ddal_custom_out_set OUT_4 58
CLI_OUTPUT: ret /Target1/custom_out/action ddal_custom_out_set OUT_4 58 ==&gt; done OK retv 0
CLI_OUTPUT: /Target1/custom_out/action ddal_custom_out_get OUT_4
CLI_OUTPUT: ret /Target1/custom_out/action ddal_custom_out_get OUT_4 ==&gt; done OK retv 0 value 58
CLI_OUTPUT: /Target1/custom_out/action ddal_custom_out_set OUT_4 59
CLI_OUTPUT: ret /Target1/custom_out/action ddal_custom_out_set OUT_4 59 ==&gt; done OK retv 0
CLI_OUTPUT: /Target1/custom_out/action ddal_custom_out_get OUT_4
CLI_OUTPUT: ret /Target1/custom_out/action ddal_custom_out_get OUT_4 ==&gt; done OK retv 0 value 59
CLI_OUTPUT: /Target1/custom_out/action ddal_custom_out_set OUT_4 60
CLI_OUTPUT: ret /Target1/custom_out/action ddal_custom_out_set OUT_4 60 ==&gt; done OK retv 0
CLI_OUTPUT: /Target1/custom_out/action ddal_custom_out_get OUT_4
CLI_OUTPUT: ret /Target1/custom_out/action ddal_custom_out_get OUT_4 ==&gt; done OK retv 0 value 60
CLI_OUTPUT: /Target1/custom_out/action ddal_custom_out_set OUT_4 61
CLI_OUTPUT: ret /Target1/custom_out/action ddal_custom_out_set OUT_4 61 ==&gt; done OK retv 0
CLI_OUTPUT: /Target1/custom_out/action ddal_custom_out_get OUT_4
CLI_OUTPUT: ret /Target1/custom_out/action ddal_custom_out_get OUT_4 ==&gt; done OK retv 0 value 61
CLI_OUTPUT: /Target1/custom_out/action ddal_custom_out_set OUT_4 62
CLI_OUTPUT: ret /Target1/custom_out/action ddal_custom_out_set OUT_4 62 ==&gt; done OK retv 0
CLI_OUTPUT: /Target1/custom_out/action ddal_custom_out_get OUT_4
CLI_OUTPUT: ret /Target1/custom_out/action ddal_custom_out_get OUT_4 ==&gt; done OK retv 0 value 62
CLI_OUTPUT: /Target1/custom_out/action ddal_custom_out_set OUT_4 63
CLI_OUTPUT: ret /Target1/custom_out/action ddal_custom_out_set OUT_4 63 ==&gt; done OK retv 0
CLI_OUTPUT: /Target1/custom_out/action ddal_custom_out_get OUT_4
CLI_OUTPUT: ret /Target1/custom_out/action ddal_custom_out_get OUT_4 ==&gt; done OK retv 0 value 63
SCR_OUTPUT: ##### Test Case End: TC_03170_006 PASSED (0)
</stdout>
          <failedSince>0</failedSince>
        </case>
        <case>
          <duration>1.0</duration>
          <className>HW_03170_basic_custom_out_tests</className>
          <testName>TC_03170_007 ddal_custom_out_get range check</testName>
          <skipped>false</skipped>
          <stdout>
SCR_OUTPUT: ##### Test Case Start: TC_03170_007  ddal_custom_out_get range check
CLI_OUTPUT: /Target1/custom_out/action ddal_custom_out_get BAD_VALUE
CLI_OUTPUT: ret /Target1/custom_out/action ddal_custom_out_get BAD_VALUE ==&gt; done fail retv -22 errstr Invalid argument
SCR_OUTPUT: ##### Test Case End: TC_03170_007 PASSED (0)
</stdout>
          <failedSince>0</failedSince>
        </case>
        <case>
          <duration>1.0</duration>
          <className>HW_03210_basic_gpio_tests</className>
          <testName>TC_03210_001 successful ddal_get_input calls</testName>
          <skipped>false</skipped>
          <stdout>
SCR_OUTPUT: ##### Test Case Start: TC_03210_001  successful ddal_get_input calls
CLI_OUTPUT: /Target1/gpio/action get_input TEST_MODE 
CLI_OUTPUT: ret /Target1/gpio/action get_input TEST_MODE ==&gt; done OK retv 0 value 0
CLI_OUTPUT: /Target1/gpio/action get_input HEATER_STATUS 
CLI_OUTPUT: ret /Target1/gpio/action get_input HEATER_STATUS ==&gt; done OK retv 0 value 1
CLI_OUTPUT: /Target1/gpio/action get_input P5EAC_FAULT 
CLI_OUTPUT: ret /Target1/gpio/action get_input P5EAC_FAULT ==&gt; done OK retv 0 value 1
CLI_OUTPUT: /Target1/gpio/action get_input PHASE_ALARM 
CLI_OUTPUT: ret /Target1/gpio/action get_input PHASE_ALARM ==&gt; done OK retv 0 value 0
CLI_OUTPUT: /Target1/gpio/action get_input FSP1_PRESENCE 
CLI_OUTPUT: ret /Target1/gpio/action get_input FSP1_PRESENCE ==&gt; done OK retv 0 value 0
CLI_OUTPUT: /Target1/gpio/action get_input FSP2_PRESENCE 
CLI_OUTPUT: ret /Target1/gpio/action get_input FSP2_PRESENCE ==&gt; done OK retv 0 value 0
CLI_OUTPUT: /Target1/gpio/action get_input FSP3_PRESENCE 
CLI_OUTPUT: ret /Target1/gpio/action get_input FSP3_PRESENCE ==&gt; done OK retv 0 value 1
CLI_OUTPUT: /Target1/gpio/action get_input FTM_PRESENCE 
CLI_OUTPUT: ret /Target1/gpio/action get_input FTM_PRESENCE ==&gt; done OK retv 0 value 1
CLI_OUTPUT: /Target1/gpio/action get_input PWR_STAT_EXT 
CLI_OUTPUT: ret /Target1/gpio/action get_input PWR_STAT_EXT ==&gt; done OK retv 0 value 1
CLI_OUTPUT: /Target1/gpio/action get_input PWR_STAT_RF1 
CLI_OUTPUT: ret /Target1/gpio/action get_input PWR_STAT_RF1 ==&gt; done OK retv 0 value 1
CLI_OUTPUT: /Target1/gpio/action get_input PWR_STAT_RF2 
CLI_OUTPUT: ret /Target1/gpio/action get_input PWR_STAT_RF2 ==&gt; done OK retv 0 value 1
CLI_OUTPUT: /Target1/gpio/action get_input PWR_STAT_RF3 
CLI_OUTPUT: ret /Target1/gpio/action get_input PWR_STAT_RF3 ==&gt; done OK retv 0 value 1
SCR_OUTPUT: ##### Test Case End: TC_03210_001 PASSED (0)
</stdout>
          <failedSince>0</failedSince>
        </case>
        <case>
          <duration>1.0</duration>
          <className>HW_03210_basic_gpio_tests</className>
          <testName>TC_03210_002 ddal_get_input range check</testName>
          <skipped>false</skipped>
          <stdout>
SCR_OUTPUT: ##### Test Case Start: TC_03210_002  ddal_get_input range check
CLI_OUTPUT: /Target1/gpio/action get_input BAD_VALUE 
CLI_OUTPUT: ret /Target1/gpio/action get_input BAD_VALUE ==&gt; done fail retv -22 errstr Invalid argument
SCR_OUTPUT: ##### Test Case End: TC_03210_002 PASSED (0)
</stdout>
          <failedSince>0</failedSince>
        </case>
        <case>
          <duration>1.0</duration>
          <className>HW_03210_basic_gpio_tests</className>
          <testName>TC_03210_003 successful ddal_get_output calls</testName>
          <skipped>false</skipped>
          <errorStackTrace>
HW_03210_basic_gpio_tests: TC_03210_003 - FAILED</errorStackTrace>
          <stdout>
SCR_OUTPUT: ##### Test Case Start: TC_03210_003  successful ddal_get_output calls
CLI_OUTPUT: /Target1/gpio/action get_output GPS_TIMESTAMP 
CLI_OUTPUT: ret /Target1/gpio/action get_output GPS_TIMESTAMP ==&gt; done fail retv -2 errstr No such file or directory
SCR_OUTPUT: *** Error: FS_PostFMonMsg_SCRIPT: ret /Target1/gpio/action get_output GPS_TIMESTAMP ==&gt; done fail retv -2 errstr No such file or directory
CLI_OUTPUT: /Target1/gpio/action get_output HEATER_CONTROL 
CLI_OUTPUT: ret /Target1/gpio/action get_output HEATER_CONTROL ==&gt; done OK retv 0 value 0
CLI_OUTPUT: /Target1/gpio/action get_output LATCH_TOE 
CLI_OUTPUT: ret /Target1/gpio/action get_output LATCH_TOE ==&gt; done OK retv 0 value 0
CLI_OUTPUT: /Target1/gpio/action get_output FSP_POWER_ENABLE 
CLI_OUTPUT: ret /Target1/gpio/action get_output FSP_POWER_ENABLE ==&gt; done OK retv 0 value 1
CLI_OUTPUT: /Target1/gpio/action get_output RESETS_ENABLE 
CLI_OUTPUT: ret /Target1/gpio/action get_output RESETS_ENABLE ==&gt; done fail retv -2 errstr No such file or directory
SCR_OUTPUT: *** Error: FS_PostFMonMsg_SCRIPT: ret /Target1/gpio/action get_output RESETS_ENABLE ==&gt; done fail retv -2 errstr No such file or directory
CLI_OUTPUT: /Target1/gpio/action get_output DEVICE_ID 
CLI_OUTPUT: ret /Target1/gpio/action get_output DEVICE_ID ==&gt; done OK retv 0 value 0
SCR_OUTPUT: ##### Test Case End: TC_03210_003 FAILED (1)
</stdout>
          <failedSince>1394</failedSince>
        </case>
        <case>
          <duration>1.0</duration>
          <className>HW_03210_basic_gpio_tests</className>
          <testName>TC_03210_004 ddal_get_output range check</testName>
          <skipped>false</skipped>
          <stdout>
SCR_OUTPUT: ##### Test Case Start: TC_03210_004  ddal_get_output range check
CLI_OUTPUT: /Target1/gpio/action get_output BAD_VALUE 
CLI_OUTPUT: ret /Target1/gpio/action get_output BAD_VALUE ==&gt; done fail retv -22 errstr Invalid argument
SCR_OUTPUT: ##### Test Case End: TC_03210_004 PASSED (0)
</stdout>
          <failedSince>0</failedSince>
        </case>
        <case>
          <duration>1.0</duration>
          <className>HW_03210_basic_gpio_tests</className>
          <testName>TC_03210_005 successful ddal_set_output calls</testName>
          <skipped>false</skipped>
          <errorStackTrace>
HW_03210_basic_gpio_tests: TC_03210_005 - FATAL</errorStackTrace>
          <stdout>
SCR_OUTPUT: ##### Test Case Start: TC_03210_005  successful ddal_set_output calls
CLI_OUTPUT: /Target1/gpio/action get_output GPS_TIMESTAMP 
CLI_OUTPUT: ret /Target1/gpio/action get_output GPS_TIMESTAMP ==&gt; done fail retv -2 errstr No such file or directory
SCR_OUTPUT: *** Error: FS_PostFMonMsg_SCRIPT: ret /Target1/gpio/action get_output GPS_TIMESTAMP ==&gt; done fail retv -2 errstr No such file or directory
SCR_OUTPUT: *** Error: TC catch: TC_03210_005 fid=list must have an even number of elements
SCR_OUTPUT: 
Details:
list must have an even number of elements
    while executing
&quot;array set res $retv&quot;
    (procedure &quot;TC_03210_005_dbg&quot; line 20)
    invoked from within
&quot;TC_03210_005_dbg ::runScripts::Script::FMON_CONNECTION_Target1&quot;
    (&quot;eval&quot; body line 1)
    invoked from within
&quot;eval  &quot;TC_03210_005_dbg&quot; $args &quot;

SCR_OUTPUT: ##### Test Case Start: TC_03210_006  ddal_set_output range check
</stdout>
          <failedSince>1394</failedSince>
        </case>
        <case>
          <duration>1.0</duration>
          <className>HW_03210_basic_gpio_tests</className>
          <testName>TC_03210_006 ddal_set_output range check</testName>
          <skipped>false</skipped>
          <stdout>
SCR_OUTPUT: ##### Test Case Start: TC_03210_006  ddal_set_output range check
CLI_OUTPUT: /Target1/gpio/action set_output BAD_VALUE 1
CLI_OUTPUT: ret /Target1/gpio/action set_output BAD_VALUE 1 ==&gt; done fail retv -22 errstr Invalid argument
SCR_OUTPUT: ##### Test Case End: TC_03210_006 PASSED (0)
</stdout>
          <failedSince>0</failedSince>
        </case>
        <case>
          <duration>1.0</duration>
          <className>HW_03210_basic_gpio_tests</className>
          <testName>TC_03210_007 successful ddal_ctrl_set calls</testName>
          <skipped>false</skipped>
          <errorStackTrace>
HW_03210_basic_gpio_tests: TC_03210_007 - FATAL</errorStackTrace>
          <stdout>
SCR_OUTPUT: ##### Test Case Start: TC_03210_007  successful ddal_ctrl_set calls
CLI_OUTPUT: /Target1/ctrl/action ddal_ctrl_get DDAL_OUT_GPS_TIMESTAMP 
CLI_OUTPUT: ret /Target1/ctrl/action ddal_ctrl_get DDAL_OUT_GPS_TIMESTAMP ==&gt; done fail retv -2 errstr No such file or directory
SCR_OUTPUT: *** Error: FS_PostFMonMsg_SCRIPT: ret /Target1/ctrl/action ddal_ctrl_get DDAL_OUT_GPS_TIMESTAMP ==&gt; done fail retv -2 errstr No such file or directory
SCR_OUTPUT: *** Error: TC catch: TC_03210_007 fid=list must have an even number of elements
SCR_OUTPUT: 
Details:
list must have an even number of elements
    while executing
&quot;array set res $retv&quot;
    (procedure &quot;TC_03210_007_dbg&quot; line 21)
    invoked from within
&quot;TC_03210_007_dbg ::runScripts::Script::FMON_CONNECTION_Target1&quot;
    (&quot;eval&quot; body line 1)
    invoked from within
&quot;eval  &quot;TC_03210_007_dbg&quot; $args &quot;

SCR_OUTPUT: ##### Test Case Start: TC_03210_008  ddal_ctrl_set range check
</stdout>
          <failedSince>1394</failedSince>
        </case>
        <case>
          <duration>1.0</duration>
          <className>HW_03210_basic_gpio_tests</className>
          <testName>TC_03210_008 ddal_ctrl_set range check</testName>
          <skipped>false</skipped>
          <stdout>
SCR_OUTPUT: ##### Test Case Start: TC_03210_008  ddal_ctrl_set range check
CLI_OUTPUT: /Target1/ctrl/action ddal_ctrl_set BAD_VALUE 1
CLI_OUTPUT: ret /Target1/ctrl/action ddal_ctrl_set BAD_VALUE 1 ==&gt; done fail retv -22 errstr Invalid argument
SCR_OUTPUT: ##### Test Case End: TC_03210_008 PASSED (0)
</stdout>
          <failedSince>0</failedSince>
        </case>
        <case>
          <duration>1.0</duration>
          <className>HW_03210_basic_gpio_tests</className>
          <testName>TC_03210_009 successful ddal_ctrl_get calls</testName>
          <skipped>false</skipped>
          <errorStackTrace>
HW_03210_basic_gpio_tests: TC_03210_009 - FAILED</errorStackTrace>
          <stdout>
SCR_OUTPUT: ##### Test Case Start: TC_03210_009  successful ddal_ctrl_get calls
CLI_OUTPUT: /Target1/ctrl/action ddal_ctrl_get DDAL_OUT_GPS_TIMESTAMP 
CLI_OUTPUT: ret /Target1/ctrl/action ddal_ctrl_get DDAL_OUT_GPS_TIMESTAMP ==&gt; done fail retv -2 errstr No such file or directory
SCR_OUTPUT: *** Error: FS_PostFMonMsg_SCRIPT: ret /Target1/ctrl/action ddal_ctrl_get DDAL_OUT_GPS_TIMESTAMP ==&gt; done fail retv -2 errstr No such file or directory
CLI_OUTPUT: /Target1/ctrl/action ddal_ctrl_get DDAL_OUT_DEVICE_ID 
CLI_OUTPUT: ret /Target1/ctrl/action ddal_ctrl_get DDAL_OUT_DEVICE_ID ==&gt; done OK retv 0 value 0
CLI_OUTPUT: /Target1/ctrl/action ddal_ctrl_get DDAL_OUT_HEATER_CONTROL 
CLI_OUTPUT: ret /Target1/ctrl/action ddal_ctrl_get DDAL_OUT_HEATER_CONTROL ==&gt; done OK retv 0 value 0
CLI_OUTPUT: /Target1/ctrl/action ddal_ctrl_get DDAL_OUT_LATCH_TOE 
CLI_OUTPUT: ret /Target1/ctrl/action ddal_ctrl_get DDAL_OUT_LATCH_TOE ==&gt; done OK retv 0 value 0
SCR_OUTPUT: ##### Test Case End: TC_03210_009 FAILED (1)
</stdout>
          <failedSince>1394</failedSince>
        </case>
        <case>
          <duration>1.0</duration>
          <className>HW_03210_basic_gpio_tests</className>
          <testName>TC_03210_010 ddal_ctrl_get range check</testName>
          <skipped>false</skipped>
          <stdout>
SCR_OUTPUT: ##### Test Case Start: TC_03210_010  ddal_ctrl_get range check
CLI_OUTPUT: /Target1/ctrl/action ddal_ctrl_get BAD_VALUE 
CLI_OUTPUT: ret /Target1/ctrl/action ddal_ctrl_get BAD_VALUE ==&gt; done fail retv -22 errstr Invalid argument
SCR_OUTPUT: ##### Test Case End: TC_03210_010 PASSED (0)
</stdout>
          <failedSince>0</failedSince>
        </case>
        <case>
          <duration>1.0</duration>
          <className>HW_03210_basic_gpio_tests</className>
          <testName>TC_03210_011 successful ddal_status_get calls</testName>
          <skipped>false</skipped>
          <stdout>
SCR_OUTPUT: ##### Test Case Start: TC_03210_011  successful ddal_status_get calls
CLI_OUTPUT: /Target1/ctrl/action ddal_status_get DDAL_IN_PWR_STAT_EXT 
CLI_OUTPUT: ret /Target1/ctrl/action ddal_status_get DDAL_IN_PWR_STAT_EXT ==&gt; done OK retv 0 value 1
CLI_OUTPUT: /Target1/ctrl/action ddal_status_get DDAL_IN_PWR_STAT_RF3 
CLI_OUTPUT: ret /Target1/ctrl/action ddal_status_get DDAL_IN_PWR_STAT_RF3 ==&gt; done OK retv 0 value 1
CLI_OUTPUT: /Target1/ctrl/action ddal_status_get DDAL_IN_PWR_STAT_RF2 
CLI_OUTPUT: ret /Target1/ctrl/action ddal_status_get DDAL_IN_PWR_STAT_RF2 ==&gt; done OK retv 0 value 1
CLI_OUTPUT: /Target1/ctrl/action ddal_status_get DDAL_IN_PWR_STAT_RF1 
CLI_OUTPUT: ret /Target1/ctrl/action ddal_status_get DDAL_IN_PWR_STAT_RF1 ==&gt; done OK retv 0 value 1
CLI_OUTPUT: /Target1/ctrl/action ddal_status_get DDAL_IN_FSP3_PRESENCE 
CLI_OUTPUT: ret /Target1/ctrl/action ddal_status_get DDAL_IN_FSP3_PRESENCE ==&gt; done OK retv 0 value 1
CLI_OUTPUT: /Target1/ctrl/action ddal_status_get DDAL_IN_FSP2_PRESENCE 
CLI_OUTPUT: ret /Target1/ctrl/action ddal_status_get DDAL_IN_FSP2_PRESENCE ==&gt; done OK retv 0 value 0
CLI_OUTPUT: /Target1/ctrl/action ddal_status_get DDAL_IN_FSP1_PRESENCE 
CLI_OUTPUT: ret /Target1/ctrl/action ddal_status_get DDAL_IN_FSP1_PRESENCE ==&gt; done OK retv 0 value 0
CLI_OUTPUT: /Target1/ctrl/action ddal_status_get DDAL_IN_FTM_PRESENCE 
CLI_OUTPUT: ret /Target1/ctrl/action ddal_status_get DDAL_IN_FTM_PRESENCE ==&gt; done OK retv 0 value 1
CLI_OUTPUT: /Target1/ctrl/action ddal_status_get DDAL_IN_TEST_MODE 
CLI_OUTPUT: ret /Target1/ctrl/action ddal_status_get DDAL_IN_TEST_MODE ==&gt; done OK retv 0 value 0
CLI_OUTPUT: /Target1/ctrl/action ddal_status_get DDAL_IN_PHASE_ALARM 
CLI_OUTPUT: ret /Target1/ctrl/action ddal_status_get DDAL_IN_PHASE_ALARM ==&gt; done OK retv 0 value 0
CLI_OUTPUT: /Target1/ctrl/action ddal_status_get DDAL_IN_P5EAC_FAULT 
CLI_OUTPUT: ret /Target1/ctrl/action ddal_status_get DDAL_IN_P5EAC_FAULT ==&gt; done OK retv 0 value 1
CLI_OUTPUT: /Target1/ctrl/action ddal_status_get DDAL_IN_HEATER_STATUS 
CLI_OUTPUT: ret /Target1/ctrl/action ddal_status_get DDAL_IN_HEATER_STATUS ==&gt; done OK retv 0 value 1
SCR_OUTPUT: ##### Test Case End: TC_03210_011 PASSED (0)
</stdout>
          <failedSince>0</failedSince>
        </case>
        <case>
          <duration>1.0</duration>
          <className>HW_03210_basic_gpio_tests</className>
          <testName>TC_03210_012 ddal_status_get range check</testName>
          <skipped>false</skipped>
          <stdout>
SCR_OUTPUT: ##### Test Case Start: TC_03210_012  ddal_status_get range check
CLI_OUTPUT: /Target1/ctrl/action ddal_status_get BAD_VALUE 
CLI_OUTPUT: ret /Target1/ctrl/action ddal_status_get BAD_VALUE ==&gt; done fail retv -22 errstr Invalid argument
SCR_OUTPUT: ##### Test Case End: TC_03210_012 PASSED (0)
</stdout>
          <failedSince>0</failedSince>
        </case>
        <case>
          <duration>2.0</duration>
          <className>HW_03230_basic_register_tests</className>
          <testName>TC_03230_001 successful ddal_register_read32 and ddal_register_write32 calls for SFP</testName>
          <skipped>false</skipped>
          <stdout>
SCR_OUTPUT: ##### Test Case Start: TC_03230_001  successful ddal_register_read32 and ddal_register_write32 calls for SFP
SCR_OUTPUT: 0 SFP: read 32 Bit register
CLI_OUTPUT: /Target1/register/action ddal_register_read32 0 0x3218
CLI_OUTPUT: ret /Target1/register/action ddal_register_read32 0 0x3218 ==&gt; done OK retv 0 offset 12824 value 0
SCR_OUTPUT: SFP: offset = 0x3218  value = 0x0
CLI_OUTPUT: /Target1/register/action ddal_register_read32 0 12825
CLI_OUTPUT: ret /Target1/register/action ddal_register_read32 0 12825 ==&gt; done OK retv 0 offset 12825 value 0
SCR_OUTPUT: SFP: offset = 0x3219  value = 0x0
CLI_OUTPUT: /Target1/register/action ddal_register_read32 0 12826
CLI_OUTPUT: ret /Target1/register/action ddal_register_read32 0 12826 ==&gt; done OK retv 0 offset 12826 value 0
SCR_OUTPUT: SFP: offset = 0x321a  value = 0x0
CLI_OUTPUT: /Target1/register/action ddal_register_read32 0 12827
CLI_OUTPUT: ret /Target1/register/action ddal_register_read32 0 12827 ==&gt; done OK retv 0 offset 12827 value 0
SCR_OUTPUT: SFP: offset = 0x321b  value = 0x0
CLI_OUTPUT: /Target1/register/action ddal_register_read32 0 12828
CLI_OUTPUT: ret /Target1/register/action ddal_register_read32 0 12828 ==&gt; done OK retv 0 offset 12828 value 0
SCR_OUTPUT: SFP: offset = 0x321c  value = 0x0
SCR_OUTPUT: 0 SFP: write 32 Bit register
CLI_OUTPUT: /Target1/register/action ddal_register_write32 0 0x3218 1413829701
CLI_OUTPUT: ret /Target1/register/action ddal_register_write32 0 0x3218 1413829701 ==&gt; done OK retv 0 offset 12824 value 1413829701
SCR_OUTPUT: SFP: offset = 0x3218  value = 0x54455445
CLI_OUTPUT: /Target1/register/action ddal_register_write32 0 12825 1413829701
CLI_OUTPUT: ret /Target1/register/action ddal_register_write32 0 12825 1413829701 ==&gt; done OK retv 0 offset 12825 value 1413829701
SCR_OUTPUT: SFP: offset = 0x3219  value = 0x54455445
CLI_OUTPUT: /Target1/register/action ddal_register_write32 0 12826 1413829701
CLI_OUTPUT: ret /Target1/register/action ddal_register_write32 0 12826 1413829701 ==&gt; done OK retv 0 offset 12826 value 1413829701
SCR_OUTPUT: SFP: offset = 0x321a  value = 0x54455445
CLI_OUTPUT: /Target1/register/action ddal_register_write32 0 12827 1413829701
CLI_OUTPUT: ret /Target1/register/action ddal_register_write32 0 12827 1413829701 ==&gt; done OK retv 0 offset 12827 value 1413829701
SCR_OUTPUT: SFP: offset = 0x321b  value = 0x54455445
CLI_OUTPUT: /Target1/register/action ddal_register_write32 0 12828 1413829701
CLI_OUTPUT: ret /Target1/register/action ddal_register_write32 0 12828 1413829701 ==&gt; done OK retv 0 offset 12828 value 1413829701
SCR_OUTPUT: SFP: offset = 0x321c  value = 0x54455445
SCR_OUTPUT: 1 SFP: read 32 Bit register
CLI_OUTPUT: /Target1/register/action ddal_register_read32 0 0x3218
CLI_OUTPUT: ret /Target1/register/action ddal_register_read32 0 0x3218 ==&gt; done OK retv 0 offset 12824 value 0
SCR_OUTPUT: SFP: offset = 0x3218  value = 0x0
CLI_OUTPUT: /Target1/register/action ddal_register_read32 0 12825
CLI_OUTPUT: ret /Target1/register/action ddal_register_read32 0 12825 ==&gt; done OK retv 0 offset 12825 value 0
SCR_OUTPUT: SFP: offset = 0x3219  value = 0x0
CLI_OUTPUT: /Target1/register/action ddal_register_read32 0 12826
CLI_OUTPUT: ret /Target1/register/action ddal_register_read32 0 12826 ==&gt; done OK retv 0 offset 12826 value 0
SCR_OUTPUT: SFP: offset = 0x321a  value = 0x0
CLI_OUTPUT: /Target1/register/action ddal_register_read32 0 12827
CLI_OUTPUT: ret /Target1/register/action ddal_register_read32 0 12827 ==&gt; done OK retv 0 offset 12827 value 0
SCR_OUTPUT: SFP: offset = 0x321b  value = 0x0
CLI_OUTPUT: /Target1/register/action ddal_register_read32 0 12828
CLI_OUTPUT: ret /Target1/register/action ddal_register_read32 0 12828 ==&gt; done OK retv 0 offset 12828 value 0
SCR_OUTPUT: SFP: offset = 0x321c  value = 0x0
SCR_OUTPUT: 1 SFP: write 32 Bit register
CLI_OUTPUT: /Target1/register/action ddal_register_write32 0 0x3218 2827659402
CLI_OUTPUT: ret /Target1/register/action ddal_register_write32 0 0x3218 2827659402 ==&gt; done OK retv 0 offset 12824 value -1467307894
SCR_OUTPUT: SFP: offset = 0x3218  value = 0xffffffffa88aa88a
CLI_OUTPUT: /Target1/register/action ddal_register_write32 0 12825 2827659402
CLI_OUTPUT: ret /Target1/register/action ddal_register_write32 0 12825 2827659402 ==&gt; done OK retv 0 offset 12825 value -1467307894
SCR_OUTPUT: SFP: offset = 0x3219  value = 0xffffffffa88aa88a
CLI_OUTPUT: /Target1/register/action ddal_register_write32 0 12826 2827659402
CLI_OUTPUT: ret /Target1/register/action ddal_register_write32 0 12826 2827659402 ==&gt; done OK retv 0 offset 12826 value -1467307894
SCR_OUTPUT: SFP: offset = 0x321a  value = 0xffffffffa88aa88a
CLI_OUTPUT: /Target1/register/action ddal_register_write32 0 12827 2827659402
CLI_OUTPUT: ret /Target1/register/action ddal_register_write32 0 12827 2827659402 ==&gt; done OK retv 0 offset 12827 value -1467307894
SCR_OUTPUT: SFP: offset = 0x321b  value = 0xffffffffa88aa88a
CLI_OUTPUT: /Target1/register/action ddal_register_write32 0 12828 2827659402
CLI_OUTPUT: ret /Target1/register/action ddal_register_write32 0 12828 2827659402 ==&gt; done OK retv 0 offset 12828 value -1467307894
SCR_OUTPUT: SFP: offset = 0x321c  value = 0xffffffffa88aa88a
SCR_OUTPUT: 2 SFP: read 32 Bit register
CLI_OUTPUT: /Target1/register/action ddal_register_read32 0 0x3218
CLI_OUTPUT: ret /Target1/register/action ddal_register_read32 0 0x3218 ==&gt; done OK retv 0 offset 12824 value 0
SCR_OUTPUT: SFP: offset = 0x3218  value = 0x0
CLI_OUTPUT: /Target1/register/action ddal_register_read32 0 12825
CLI_OUTPUT: ret /Target1/register/action ddal_register_read32 0 12825 ==&gt; done OK retv 0 offset 12825 value 0
SCR_OUTPUT: SFP: offset = 0x3219  value = 0x0
CLI_OUTPUT: /Target1/register/action ddal_register_read32 0 12826
CLI_OUTPUT: ret /Target1/register/action ddal_register_read32 0 12826 ==&gt; done OK retv 0 offset 12826 value 0
SCR_OUTPUT: SFP: offset = 0x321a  value = 0x0
CLI_OUTPUT: /Target1/register/action ddal_register_read32 0 12827
CLI_OUTPUT: ret /Target1/register/action ddal_register_read32 0 12827 ==&gt; done OK retv 0 offset 12827 value 0
SCR_OUTPUT: SFP: offset = 0x321b  value = 0x0
CLI_OUTPUT: /Target1/register/action ddal_register_read32 0 12828
CLI_OUTPUT: ret /Target1/register/action ddal_register_read32 0 12828 ==&gt; done OK retv 0 offset 12828 value 0
SCR_OUTPUT: SFP: offset = 0x321c  value = 0x0
SCR_OUTPUT: End SFP Test
CLI_OUTPUT: /Target1/register/action ddal_register_write32 0 0x3218 0
CLI_OUTPUT: ret /Target1/register/action ddal_register_write32 0 0x3218 0 ==&gt; done OK retv 0 offset 12824 value 0
CLI_OUTPUT: /Target1/register/action ddal_register_write32 0 12825 0
CLI_OUTPUT: ret /Target1/register/action ddal_register_write32 0 12825 0 ==&gt; done OK retv 0 offset 12825 value 0
CLI_OUTPUT: /Target1/register/action ddal_register_write32 0 12826 0
CLI_OUTPUT: ret /Target1/register/action ddal_register_write32 0 12826 0 ==&gt; done OK retv 0 offset 12826 value 0
CLI_OUTPUT: /Target1/register/action ddal_register_write32 0 12827 0
CLI_OUTPUT: ret /Target1/register/action ddal_register_write32 0 12827 0 ==&gt; done OK retv 0 offset 12827 value 0
CLI_OUTPUT: /Target1/register/action ddal_register_write32 0 12828 0
CLI_OUTPUT: ret /Target1/register/action ddal_register_write32 0 12828 0 ==&gt; done OK retv 0 offset 12828 value 0
SCR_OUTPUT: ##### Test Case End: TC_03230_001 PASSED (0)
</stdout>
          <failedSince>0</failedSince>
        </case>
        <case>
          <duration>1.0</duration>
          <className>HW_03230_basic_register_tests</className>
          <testName>TC_03230_002 successful ddal_register_read32 and ddal_register_write32 calls for EX SWITCH</testName>
          <skipped>false</skipped>
          <stdout>
SCR_OUTPUT: ##### Test Case Start: TC_03230_002  successful ddal_register_read32 and ddal_register_write32 calls for EX SWITCH
SCR_OUTPUT: 0 EX SWITCH: read 32 Bit register
CLI_OUTPUT: /Target1/register/action ddal_register_read32 0 0x1f00
CLI_OUTPUT: ret /Target1/register/action ddal_register_read32 0 0x1f00 ==&gt; done OK retv 0 offset 7936 value 0
SCR_OUTPUT: EX SWITCH read: offset = 0x1f00  value = 0x0
CLI_OUTPUT: /Target1/register/action ddal_register_read32 0 7937
CLI_OUTPUT: ret /Target1/register/action ddal_register_read32 0 7937 ==&gt; done OK retv 0 offset 7937 value 0
SCR_OUTPUT: EX SWITCH read: offset = 0x1f01  value = 0x0
CLI_OUTPUT: /Target1/register/action ddal_register_read32 0 7938
CLI_OUTPUT: ret /Target1/register/action ddal_register_read32 0 7938 ==&gt; done OK retv 0 offset 7938 value 0
SCR_OUTPUT: EX SWITCH read: offset = 0x1f02  value = 0x0
CLI_OUTPUT: /Target1/register/action ddal_register_read32 0 7939
CLI_OUTPUT: ret /Target1/register/action ddal_register_read32 0 7939 ==&gt; done OK retv 0 offset 7939 value 0
SCR_OUTPUT: EX SWITCH read: offset = 0x1f03  value = 0x0
CLI_OUTPUT: /Target1/register/action ddal_register_read32 0 7940
CLI_OUTPUT: ret /Target1/register/action ddal_register_read32 0 7940 ==&gt; done OK retv 0 offset 7940 value 0
SCR_OUTPUT: EX SWITCH read: offset = 0x1f04  value = 0x0
CLI_OUTPUT: /Target1/register/action ddal_register_read32 0 7941
CLI_OUTPUT: ret /Target1/register/action ddal_register_read32 0 7941 ==&gt; done OK retv 0 offset 7941 value 0
SCR_OUTPUT: EX SWITCH read: offset = 0x1f05  value = 0x0
CLI_OUTPUT: /Target1/register/action ddal_register_read32 0 7942
CLI_OUTPUT: ret /Target1/register/action ddal_register_read32 0 7942 ==&gt; done OK retv 0 offset 7942 value 0
SCR_OUTPUT: EX SWITCH read: offset = 0x1f06  value = 0x0
CLI_OUTPUT: /Target1/register/action ddal_register_read32 0 7943
CLI_OUTPUT: ret /Target1/register/action ddal_register_read32 0 7943 ==&gt; done OK retv 0 offset 7943 value 0
SCR_OUTPUT: EX SWITCH read: offset = 0x1f07  value = 0x0
CLI_OUTPUT: /Target1/register/action ddal_register_read32 0 7944
CLI_OUTPUT: ret /Target1/register/action ddal_register_read32 0 7944 ==&gt; done OK retv 0 offset 7944 value 0
SCR_OUTPUT: EX SWITCH read: offset = 0x1f08  value = 0x0
CLI_OUTPUT: /Target1/register/action ddal_register_read32 0 7945
CLI_OUTPUT: ret /Target1/register/action ddal_register_read32 0 7945 ==&gt; done OK retv 0 offset 7945 value 0
SCR_OUTPUT: EX SWITCH read: offset = 0x1f09  value = 0x0
CLI_OUTPUT: /Target1/register/action ddal_register_read32 0 7946
CLI_OUTPUT: ret /Target1/register/action ddal_register_read32 0 7946 ==&gt; done OK retv 0 offset 7946 value 0
SCR_OUTPUT: EX SWITCH read: offset = 0x1f0a  value = 0x0
CLI_OUTPUT: /Target1/register/action ddal_register_read32 0 7947
CLI_OUTPUT: ret /Target1/register/action ddal_register_read32 0 7947 ==&gt; done OK retv 0 offset 7947 value 0
SCR_OUTPUT: EX SWITCH read: offset = 0x1f0b  value = 0x0
CLI_OUTPUT: /Target1/register/action ddal_register_read32 0 7948
CLI_OUTPUT: ret /Target1/register/action ddal_register_read32 0 7948 ==&gt; done OK retv 0 offset 7948 value 0
SCR_OUTPUT: EX SWITCH read: offset = 0x1f0c  value = 0x0
CLI_OUTPUT: /Target1/register/action ddal_register_read32 0 7949
CLI_OUTPUT: ret /Target1/register/action ddal_register_read32 0 7949 ==&gt; done OK retv 0 offset 7949 value 0
SCR_OUTPUT: EX SWITCH read: offset = 0x1f0d  value = 0x0
CLI_OUTPUT: /Target1/register/action ddal_register_read32 0 7950
CLI_OUTPUT: ret /Target1/register/action ddal_register_read32 0 7950 ==&gt; done OK retv 0 offset 7950 value 0
SCR_OUTPUT: EX SWITCH read: offset = 0x1f0e  value = 0x0
CLI_OUTPUT: /Target1/register/action ddal_register_read32 0 7951
CLI_OUTPUT: ret /Target1/register/action ddal_register_read32 0 7951 ==&gt; done OK retv 0 offset 7951 value 0
SCR_OUTPUT: EX SWITCH read: offset = 0x1f0f  value = 0x0
CLI_OUTPUT: /Target1/register/action ddal_register_read32 0 7952
CLI_OUTPUT: ret /Target1/register/action ddal_register_read32 0 7952 ==&gt; done OK retv 0 offset 7952 value 0
SCR_OUTPUT: EX SWITCH read: offset = 0x1f10  value = 0x0
CLI_OUTPUT: /Target1/register/action ddal_register_read32 0 7953
CLI_OUTPUT: ret /Target1/register/action ddal_register_read32 0 7953 ==&gt; done OK retv 0 offset 7953 value 0
SCR_OUTPUT: EX SWITCH read: offset = 0x1f11  value = 0x0
CLI_OUTPUT: /Target1/register/action ddal_register_read32 0 7954
CLI_OUTPUT: ret /Target1/register/action ddal_register_read32 0 7954 ==&gt; done OK retv 0 offset 7954 value 0
SCR_OUTPUT: EX SWITCH read: offset = 0x1f12  value = 0x0
CLI_OUTPUT: /Target1/register/action ddal_register_read32 0 7955
CLI_OUTPUT: ret /Target1/register/action ddal_register_read32 0 7955 ==&gt; done OK retv 0 offset 7955 value 0
SCR_OUTPUT: EX SWITCH read: offset = 0x1f13  value = 0x0
CLI_OUTPUT: /Target1/register/action ddal_register_read32 0 7956
CLI_OUTPUT: ret /Target1/register/action ddal_register_read32 0 7956 ==&gt; done OK retv 0 offset 7956 value 0
SCR_OUTPUT: EX SWITCH read: offset = 0x1f14  value = 0x0
CLI_OUTPUT: /Target1/register/action ddal_register_read32 0 7957
CLI_OUTPUT: ret /Target1/register/action ddal_register_read32 0 7957 ==&gt; done OK retv 0 offset 7957 value 0
SCR_OUTPUT: EX SWITCH read: offset = 0x1f15  value = 0x0
CLI_OUTPUT: /Target1/register/action ddal_register_read32 0 7958
CLI_OUTPUT: ret /Target1/register/action ddal_register_read32 0 7958 ==&gt; done OK retv 0 offset 7958 value 0
SCR_OUTPUT: EX SWITCH read: offset = 0x1f16  value = 0x0
CLI_OUTPUT: /Target1/register/action ddal_register_read32 0 7959
CLI_OUTPUT: ret /Target1/register/action ddal_register_read32 0 7959 ==&gt; done OK retv 0 offset 7959 value 0
SCR_OUTPUT: EX SWITCH read: offset = 0x1f17  value = 0x0
CLI_OUTPUT: /Target1/register/action ddal_register_read32 0 7960
CLI_OUTPUT: ret /Target1/register/action ddal_register_read32 0 7960 ==&gt; done OK retv 0 offset 7960 value 0
SCR_OUTPUT: EX SWITCH read: offset = 0x1f18  value = 0x0
CLI_OUTPUT: /Target1/register/action ddal_register_read32 0 7961
CLI_OUTPUT: ret /Target1/register/action ddal_register_read32 0 7961 ==&gt; done OK retv 0 offset 7961 value 0
SCR_OUTPUT: EX SWITCH read: offset = 0x1f19  value = 0x0
CLI_OUTPUT: /Target1/register/action ddal_register_read32 0 7962
CLI_OUTPUT: ret /Target1/register/action ddal_register_read32 0 7962 ==&gt; done OK retv 0 offset 7962 value 0
SCR_OUTPUT: EX SWITCH read: offset = 0x1f1a  value = 0x0
CLI_OUTPUT: /Target1/register/action ddal_register_read32 0 7963
CLI_OUTPUT: ret /Target1/register/action ddal_register_read32 0 7963 ==&gt; done OK retv 0 offset 7963 value 0
SCR_OUTPUT: EX SWITCH read: offset = 0x1f1b  value = 0x0
CLI_OUTPUT: /Target1/register/action ddal_register_read32 0 7964
CLI_OUTPUT: ret /Target1/register/action ddal_register_read32 0 7964 ==&gt; done OK retv 0 offset 7964 value 0
SCR_OUTPUT: EX SWITCH read: offset = 0x1f1c  value = 0x0
CLI_OUTPUT: /Target1/register/action ddal_register_read32 0 7965
CLI_OUTPUT: ret /Target1/register/action ddal_register_read32 0 7965 ==&gt; done OK retv 0 offset 7965 value 0
SCR_OUTPUT: EX SWITCH read: offset = 0x1f1d  value = 0x0
CLI_OUTPUT: /Target1/register/action ddal_register_read32 0 7966
CLI_OUTPUT: ret /Target1/register/action ddal_register_read32 0 7966 ==&gt; done OK retv 0 offset 7966 value 0
SCR_OUTPUT: EX SWITCH read: offset = 0x1f1e  value = 0x0
CLI_OUTPUT: /Target1/register/action ddal_register_read32 0 7967
CLI_OUTPUT: ret /Target1/register/action ddal_register_read32 0 7967 ==&gt; done OK retv 0 offset 7967 value 0
SCR_OUTPUT: EX SWITCH read: offset = 0x1f1f  value = 0x0
CLI_OUTPUT: /Target1/register/action ddal_register_read32 0 7968
CLI_OUTPUT: ret /Target1/register/action ddal_register_read32 0 7968 ==&gt; done OK retv 0 offset 7968 value 0
SCR_OUTPUT: EX SWITCH read: offset = 0x1f20  value = 0x0
CLI_OUTPUT: /Target1/register/action ddal_register_read32 0 7969
CLI_OUTPUT: ret /Target1/register/action ddal_register_read32 0 7969 ==&gt; done OK retv 0 offset 7969 value 0
SCR_OUTPUT: EX SWITCH read: offset = 0x1f21  value = 0x0
CLI_OUTPUT: /Target1/register/action ddal_register_read32 0 7970
CLI_OUTPUT: ret /Target1/register/action ddal_register_read32 0 7970 ==&gt; done OK retv 0 offset 7970 value 0
SCR_OUTPUT: EX SWITCH read: offset = 0x1f22  value = 0x0
CLI_OUTPUT: /Target1/register/action ddal_register_read32 0 7971
CLI_OUTPUT: ret /Target1/register/action ddal_register_read32 0 7971 ==&gt; done OK retv 0 offset 7971 value 0
SCR_OUTPUT: EX SWITCH read: offset = 0x1f23  value = 0x0
CLI_OUTPUT: /Target1/register/action ddal_register_read32 0 7972
CLI_OUTPUT: ret /Target1/register/action ddal_register_read32 0 7972 ==&gt; done OK retv 0 offset 7972 value 0
SCR_OUTPUT: EX SWITCH read: offset = 0x1f24  value = 0x0
CLI_OUTPUT: /Target1/register/action ddal_register_read32 0 7973
CLI_OUTPUT: ret /Target1/register/action ddal_register_read32 0 7973 ==&gt; done OK retv 0 offset 7973 value 0
SCR_OUTPUT: EX SWITCH read: offset = 0x1f25  value = 0x0
CLI_OUTPUT: /Target1/register/action ddal_register_read32 0 7974
CLI_OUTPUT: ret /Target1/register/action ddal_register_read32 0 7974 ==&gt; done OK retv 0 offset 7974 value 0
SCR_OUTPUT: EX SWITCH read: offset = 0x1f26  value = 0x0
CLI_OUTPUT: /Target1/register/action ddal_register_read32 0 7975
CLI_OUTPUT: ret /Target1/register/action ddal_register_read32 0 7975 ==&gt; done OK retv 0 offset 7975 value 0
SCR_OUTPUT: EX SWITCH read: offset = 0x1f27  value = 0x0
CLI_OUTPUT: /Target1/register/action ddal_register_read32 0 7976
CLI_OUTPUT: ret /Target1/register/action ddal_register_read32 0 7976 ==&gt; done OK retv 0 offset 7976 value 0
SCR_OUTPUT: EX SWITCH read: offset = 0x1f28  value = 0x0
CLI_OUTPUT: /Target1/register/action ddal_register_read32 0 7977
CLI_OUTPUT: ret /Target1/register/action ddal_register_read32 0 7977 ==&gt; done OK retv 0 offset 7977 value 0
SCR_OUTPUT: EX SWITCH read: offset = 0x1f29  value = 0x0
CLI_OUTPUT: /Target1/register/action ddal_register_read32 0 7978
CLI_OUTPUT: ret /Target1/register/action ddal_register_read32 0 7978 ==&gt; done OK retv 0 offset 7978 value 0
SCR_OUTPUT: EX SWITCH read: offset = 0x1f2a  value = 0x0
CLI_OUTPUT: /Target1/register/action ddal_register_read32 0 7979
CLI_OUTPUT: ret /Target1/register/action ddal_register_read32 0 7979 ==&gt; done OK retv 0 offset 7979 value 0
SCR_OUTPUT: EX SWITCH read: offset = 0x1f2b  value = 0x0
CLI_OUTPUT: /Target1/register/action ddal_register_read32 0 7980
CLI_OUTPUT: ret /Target1/register/action ddal_register_read32 0 7980 ==&gt; done OK retv 0 offset 7980 value 0
SCR_OUTPUT: EX SWITCH read: offset = 0x1f2c  value = 0x0
CLI_OUTPUT: /Target1/register/action ddal_register_read32 0 7981
CLI_OUTPUT: ret /Target1/register/action ddal_register_read32 0 7981 ==&gt; done OK retv 0 offset 7981 value 0
SCR_OUTPUT: EX SWITCH read: offset = 0x1f2d  value = 0x0
CLI_OUTPUT: /Target1/register/action ddal_register_read32 0 7982
CLI_OUTPUT: ret /Target1/register/action ddal_register_read32 0 7982 ==&gt; done OK retv 0 offset 7982 value 0
SCR_OUTPUT: EX SWITCH read: offset = 0x1f2e  value = 0x0
CLI_OUTPUT: /Target1/register/action ddal_register_read32 0 7983
CLI_OUTPUT: ret /Target1/register/action ddal_register_read32 0 7983 ==&gt; done OK retv 0 offset 7983 value 0
SCR_OUTPUT: EX SWITCH read: offset = 0x1f2f  value = 0x0
CLI_OUTPUT: /Target1/register/action ddal_register_read32 0 7984
CLI_OUTPUT: ret /Target1/register/action ddal_register_read32 0 7984 ==&gt; done OK retv 0 offset 7984 value 0
SCR_OUTPUT: EX SWITCH read: offset = 0x1f30  value = 0x0
CLI_OUTPUT: /Target1/register/action ddal_register_read32 0 7985
CLI_OUTPUT: ret /Target1/register/action ddal_register_read32 0 7985 ==&gt; done OK retv 0 offset 7985 value 0
SCR_OUTPUT: EX SWITCH read: offset = 0x1f31  value = 0x0
CLI_OUTPUT: /Target1/register/action ddal_register_read32 0 7986
CLI_OUTPUT: ret /Target1/register/action ddal_register_read32 0 7986 ==&gt; done OK retv 0 offset 7986 value 0
SCR_OUTPUT: EX SWITCH read: offset = 0x1f32  value = 0x0
CLI_OUTPUT: /Target1/register/action ddal_register_read32 0 7987
CLI_OUTPUT: ret /Target1/register/action ddal_register_read32 0 7987 ==&gt; done OK retv 0 offset 7987 value 0
SCR_OUTPUT: EX SWITCH read: offset = 0x1f33  value = 0x0
CLI_OUTPUT: /Target1/register/action ddal_register_read32 0 7988
CLI_OUTPUT: ret /Target1/register/action ddal_register_read32 0 7988 ==&gt; done OK retv 0 offset 7988 value 0
SCR_OUTPUT: EX SWITCH read: offset = 0x1f34  value = 0x0
CLI_OUTPUT: /Target1/register/action ddal_register_read32 0 7989
CLI_OUTPUT: ret /Target1/register/action ddal_register_read32 0 7989 ==&gt; done OK retv 0 offset 7989 value 0
SCR_OUTPUT: EX SWITCH read: offset = 0x1f35  value = 0x0
CLI_OUTPUT: /Target1/register/action ddal_register_read32 0 7990
CLI_OUTPUT: ret /Target1/register/action ddal_register_read32 0 7990 ==&gt; done OK retv 0 offset 7990 value 0
SCR_OUTPUT: EX SWITCH read: offset = 0x1f36  value = 0x0
CLI_OUTPUT: /Target1/register/action ddal_register_read32 0 7991
CLI_OUTPUT: ret /Target1/register/action ddal_register_read32 0 7991 ==&gt; done OK retv 0 offset 7991 value 0
SCR_OUTPUT: EX SWITCH read: offset = 0x1f37  value = 0x0
CLI_OUTPUT: /Target1/register/action ddal_register_read32 0 7992
CLI_OUTPUT: ret /Target1/register/action ddal_register_read32 0 7992 ==&gt; done OK retv 0 offset 7992 value 0
SCR_OUTPUT: EX SWITCH read: offset = 0x1f38  value = 0x0
CLI_OUTPUT: /Target1/register/action ddal_register_read32 0 7993
CLI_OUTPUT: ret /Target1/register/action ddal_register_read32 0 7993 ==&gt; done OK retv 0 offset 7993 value 0
SCR_OUTPUT: EX SWITCH read: offset = 0x1f39  value = 0x0
CLI_OUTPUT: /Target1/register/action ddal_register_read32 0 7994
CLI_OUTPUT: ret /Target1/register/action ddal_register_read32 0 7994 ==&gt; done OK retv 0 offset 7994 value 0
SCR_OUTPUT: EX SWITCH read: offset = 0x1f3a  value = 0x0
CLI_OUTPUT: /Target1/register/action ddal_register_read32 0 7995
CLI_OUTPUT: ret /Target1/register/action ddal_register_read32 0 7995 ==&gt; done OK retv 0 offset 7995 value 0
SCR_OUTPUT: EX SWITCH read: offset = 0x1f3b  value = 0x0
CLI_OUTPUT: /Target1/register/action ddal_register_read32 0 7996
CLI_OUTPUT: ret /Target1/register/action ddal_register_read32 0 7996 ==&gt; done OK retv 0 offset 7996 value 0
SCR_OUTPUT: EX SWITCH read: offset = 0x1f3c  value = 0x0
CLI_OUTPUT: /Target1/register/action ddal_register_read32 0 7997
CLI_OUTPUT: ret /Target1/register/action ddal_register_read32 0 7997 ==&gt; done OK retv 0 offset 7997 value 0
SCR_OUTPUT: EX SWITCH read: offset = 0x1f3d  value = 0x0
CLI_OUTPUT: /Target1/register/action ddal_register_read32 0 7998
CLI_OUTPUT: ret /Target1/register/action ddal_register_read32 0 7998 ==&gt; done OK retv 0 offset 7998 value 0
SCR_OUTPUT: EX SWITCH read: offset = 0x1f3e  value = 0x0
SCR_OUTPUT: ##### Test Case End: TC_03230_002 PASSED (0)
</stdout>
          <failedSince>0</failedSince>
        </case>
        <case>
          <duration>1.0</duration>
          <className>HW_03230_basic_register_tests</className>
          <testName>TC_03230_003 successful ddal_register_read32 and ddal_register_write32 calls for CAS_IRQ</testName>
          <skipped>false</skipped>
          <stdout>
SCR_OUTPUT: ##### Test Case Start: TC_03230_003  successful ddal_register_read32 and ddal_register_write32 calls for CAS_IRQ
SCR_OUTPUT: 0 CAS_IRG: read 32 Bit register
CLI_OUTPUT: /Target1/register/action ddal_register_read32 0 0x3005
CLI_OUTPUT: ret /Target1/register/action ddal_register_read32 0 0x3005 ==&gt; done OK retv 0 offset 12293 value 0
SCR_OUTPUT: CAS_IRQ read: offset = 0x3005  value = 0x0
CLI_OUTPUT: /Target1/register/action ddal_register_read32 0 12294
CLI_OUTPUT: ret /Target1/register/action ddal_register_read32 0 12294 ==&gt; done OK retv 0 offset 12294 value 0
SCR_OUTPUT: CAS_IRQ read: offset = 0x3006  value = 0x0
CLI_OUTPUT: /Target1/register/action ddal_register_read32 0 12295
CLI_OUTPUT: ret /Target1/register/action ddal_register_read32 0 12295 ==&gt; done OK retv 0 offset 12295 value 0
SCR_OUTPUT: CAS_IRQ read: offset = 0x3007  value = 0x0
SCR_OUTPUT: 0 CAS_IRG: write 32 Bit register
CLI_OUTPUT: /Target1/register/action ddal_register_write32 0 0x3005 1413829701
CLI_OUTPUT: ret /Target1/register/action ddal_register_write32 0 0x3005 1413829701 ==&gt; done OK retv 0 offset 12293 value 1413829701
SCR_OUTPUT: CAS_IRQ write: offset = 0x3005  value = 0x54455445
CLI_OUTPUT: /Target1/register/action ddal_register_write32 0 12294 1413829701
CLI_OUTPUT: ret /Target1/register/action ddal_register_write32 0 12294 1413829701 ==&gt; done OK retv 0 offset 12294 value 1413829701
SCR_OUTPUT: CAS_IRQ write: offset = 0x3006  value = 0x54455445
CLI_OUTPUT: /Target1/register/action ddal_register_write32 0 12295 1413829701
CLI_OUTPUT: ret /Target1/register/action ddal_register_write32 0 12295 1413829701 ==&gt; done OK retv 0 offset 12295 value 1413829701
SCR_OUTPUT: CAS_IRQ write: offset = 0x3007  value = 0x54455445
SCR_OUTPUT: 1 CAS_IRG: read 32 Bit register
CLI_OUTPUT: /Target1/register/action ddal_register_read32 0 0x3005
CLI_OUTPUT: ret /Target1/register/action ddal_register_read32 0 0x3005 ==&gt; done OK retv 0 offset 12293 value 0
SCR_OUTPUT: CAS_IRQ read: offset = 0x3005  value = 0x0
CLI_OUTPUT: /Target1/register/action ddal_register_read32 0 12294
CLI_OUTPUT: ret /Target1/register/action ddal_register_read32 0 12294 ==&gt; done OK retv 0 offset 12294 value 0
SCR_OUTPUT: CAS_IRQ read: offset = 0x3006  value = 0x0
CLI_OUTPUT: /Target1/register/action ddal_register_read32 0 12295
CLI_OUTPUT: ret /Target1/register/action ddal_register_read32 0 12295 ==&gt; done OK retv 0 offset 12295 value 0
SCR_OUTPUT: CAS_IRQ read: offset = 0x3007  value = 0x0
SCR_OUTPUT: 1 CAS_IRG: write 32 Bit register
CLI_OUTPUT: /Target1/register/action ddal_register_write32 0 0x3005 2827659402
CLI_OUTPUT: ret /Target1/register/action ddal_register_write32 0 0x3005 2827659402 ==&gt; done OK retv 0 offset 12293 value -1467307894
SCR_OUTPUT: CAS_IRQ write: offset = 0x3005  value = 0xffffffffa88aa88a
CLI_OUTPUT: /Target1/register/action ddal_register_write32 0 12294 2827659402
CLI_OUTPUT: ret /Target1/register/action ddal_register_write32 0 12294 2827659402 ==&gt; done OK retv 0 offset 12294 value -1467307894
SCR_OUTPUT: CAS_IRQ write: offset = 0x3006  value = 0xffffffffa88aa88a
CLI_OUTPUT: /Target1/register/action ddal_register_write32 0 12295 2827659402
CLI_OUTPUT: ret /Target1/register/action ddal_register_write32 0 12295 2827659402 ==&gt; done OK retv 0 offset 12295 value -1467307894
SCR_OUTPUT: CAS_IRQ write: offset = 0x3007  value = 0xffffffffa88aa88a
SCR_OUTPUT: 2 CAS_IRG: read 32 Bit register
CLI_OUTPUT: /Target1/register/action ddal_register_read32 0 0x3005
CLI_OUTPUT: ret /Target1/register/action ddal_register_read32 0 0x3005 ==&gt; done OK retv 0 offset 12293 value 0
SCR_OUTPUT: CAS_IRQ read: offset = 0x3005  value = 0x0
CLI_OUTPUT: /Target1/register/action ddal_register_read32 0 12294
CLI_OUTPUT: ret /Target1/register/action ddal_register_read32 0 12294 ==&gt; done OK retv 0 offset 12294 value 0
SCR_OUTPUT: CAS_IRQ read: offset = 0x3006  value = 0x0
CLI_OUTPUT: /Target1/register/action ddal_register_read32 0 12295
CLI_OUTPUT: ret /Target1/register/action ddal_register_read32 0 12295 ==&gt; done OK retv 0 offset 12295 value 0
SCR_OUTPUT: CAS_IRQ read: offset = 0x3007  value = 0x0
SCR_OUTPUT: 2 CAS_IRG: write 32 Bit register
CLI_OUTPUT: /Target1/register/action ddal_register_write32 0 0x3005 4241489103
CLI_OUTPUT: ret /Target1/register/action ddal_register_write32 0 0x3005 4241489103 ==&gt; done OK retv 0 offset 12293 value -53478193
CLI_OUTPUT: /Target1/register/action ddal_register_write32 0 12294 4241489103
CLI_OUTPUT: ret /Target1/register/action ddal_register_write32 0 12294 4241489103 ==&gt; done OK retv 0 offset 12294 value -53478193
CLI_OUTPUT: /Target1/register/action ddal_register_write32 0 12295 4241489103
CLI_OUTPUT: ret /Target1/register/action ddal_register_write32 0 12295 4241489103 ==&gt; done OK retv 0 offset 12295 value -53478193
SCR_OUTPUT: ##### Test Case End: TC_03230_003 PASSED (0)
</stdout>
          <failedSince>0</failedSince>
        </case>
        <case>
          <duration>1.0</duration>
          <className>HW_03230_basic_register_tests</className>
          <testName>TC_03230_004 successful ddal_register_read32 and ddal_register_write32 calls for RP3</testName>
          <skipped>false</skipped>
          <stdout>
SCR_OUTPUT: ##### Test Case Start: TC_03230_004  successful ddal_register_read32 and ddal_register_write32 calls for RP3
SCR_OUTPUT: 0 CAS_IRG: read 32 Bit register
CLI_OUTPUT: /Target1/register/action ddal_register_read32 0 0x3001
CLI_OUTPUT: ret /Target1/register/action ddal_register_read32 0 0x3001 ==&gt; done OK retv 0 offset 12289 value 0
SCR_OUTPUT: RP3 read: offset = 0x3001  value = 0x0
CLI_OUTPUT: /Target1/register/action ddal_register_read32 0 12290
CLI_OUTPUT: ret /Target1/register/action ddal_register_read32 0 12290 ==&gt; done OK retv 0 offset 12290 value 0
SCR_OUTPUT: RP3 read: offset = 0x3002  value = 0x0
CLI_OUTPUT: /Target1/register/action ddal_register_read32 0 12291
CLI_OUTPUT: ret /Target1/register/action ddal_register_read32 0 12291 ==&gt; done OK retv 0 offset 12291 value 0
SCR_OUTPUT: RP3 read: offset = 0x3003  value = 0x0
SCR_OUTPUT: 0 RP3: write 32 Bit register
CLI_OUTPUT: /Target1/register/action ddal_register_write32 0 0x3001 1413829701
CLI_OUTPUT: ret /Target1/register/action ddal_register_write32 0 0x3001 1413829701 ==&gt; done OK retv 0 offset 12289 value 1413829701
SCR_OUTPUT: RP3 write: offset = 0x3001  value = 0x54455445
CLI_OUTPUT: /Target1/register/action ddal_register_write32 0 12290 1413829701
CLI_OUTPUT: ret /Target1/register/action ddal_register_write32 0 12290 1413829701 ==&gt; done OK retv 0 offset 12290 value 1413829701
SCR_OUTPUT: RP3 write: offset = 0x3002  value = 0x54455445
CLI_OUTPUT: /Target1/register/action ddal_register_write32 0 12291 1413829701
CLI_OUTPUT: ret /Target1/register/action ddal_register_write32 0 12291 1413829701 ==&gt; done OK retv 0 offset 12291 value 1413829701
SCR_OUTPUT: RP3 write: offset = 0x3003  value = 0x54455445
SCR_OUTPUT: 1 CAS_IRG: read 32 Bit register
CLI_OUTPUT: /Target1/register/action ddal_register_read32 0 0x3001
CLI_OUTPUT: ret /Target1/register/action ddal_register_read32 0 0x3001 ==&gt; done OK retv 0 offset 12289 value 0
SCR_OUTPUT: RP3 read: offset = 0x3001  value = 0x0
CLI_OUTPUT: /Target1/register/action ddal_register_read32 0 12290
CLI_OUTPUT: ret /Target1/register/action ddal_register_read32 0 12290 ==&gt; done OK retv 0 offset 12290 value 0
SCR_OUTPUT: RP3 read: offset = 0x3002  value = 0x0
CLI_OUTPUT: /Target1/register/action ddal_register_read32 0 12291
CLI_OUTPUT: ret /Target1/register/action ddal_register_read32 0 12291 ==&gt; done OK retv 0 offset 12291 value 0
SCR_OUTPUT: RP3 read: offset = 0x3003  value = 0x0
SCR_OUTPUT: 1 RP3: write 32 Bit register
CLI_OUTPUT: /Target1/register/action ddal_register_write32 0 0x3001 2827659402
CLI_OUTPUT: ret /Target1/register/action ddal_register_write32 0 0x3001 2827659402 ==&gt; done OK retv 0 offset 12289 value -1467307894
SCR_OUTPUT: RP3 write: offset = 0x3001  value = 0xffffffffa88aa88a
CLI_OUTPUT: /Target1/register/action ddal_register_write32 0 12290 2827659402
CLI_OUTPUT: ret /Target1/register/action ddal_register_write32 0 12290 2827659402 ==&gt; done OK retv 0 offset 12290 value -1467307894
SCR_OUTPUT: RP3 write: offset = 0x3002  value = 0xffffffffa88aa88a
CLI_OUTPUT: /Target1/register/action ddal_register_write32 0 12291 2827659402
CLI_OUTPUT: ret /Target1/register/action ddal_register_write32 0 12291 2827659402 ==&gt; done OK retv 0 offset 12291 value -1467307894
SCR_OUTPUT: RP3 write: offset = 0x3003  value = 0xffffffffa88aa88a
SCR_OUTPUT: ##### Test Case End: TC_03230_004 PASSED (0)
</stdout>
          <failedSince>0</failedSince>
        </case>
        <case>
          <duration>1.0</duration>
          <className>HW_03230_basic_register_tests</className>
          <testName>TC_03230_005 successful ddal_register_read32 and ddal_register_write32 calls for RP3 Transport</testName>
          <skipped>false</skipped>
          <stdout>
SCR_OUTPUT: ##### Test Case Start: TC_03230_005  successful ddal_register_read32 and ddal_register_write32 calls for RP3 Transport
SCR_OUTPUT: 0 RP3 Transport: read 32 Bit register
CLI_OUTPUT: /Target1/register/action ddal_register_read32 0 0x81F0
CLI_OUTPUT: ret /Target1/register/action ddal_register_read32 0 0x81F0 ==&gt; done OK retv 0 offset 33264 value 0
SCR_OUTPUT: RP3 Transport read: offset = 0x81f0  value = 0x0
CLI_OUTPUT: /Target1/register/action ddal_register_read32 0 33265
CLI_OUTPUT: ret /Target1/register/action ddal_register_read32 0 33265 ==&gt; done OK retv 0 offset 33265 value 0
SCR_OUTPUT: RP3 Transport read: offset = 0x81f1  value = 0x0
CLI_OUTPUT: /Target1/register/action ddal_register_read32 0 33266
CLI_OUTPUT: ret /Target1/register/action ddal_register_read32 0 33266 ==&gt; done OK retv 0 offset 33266 value 0
SCR_OUTPUT: RP3 Transport read: offset = 0x81f2  value = 0x0
CLI_OUTPUT: /Target1/register/action ddal_register_read32 0 33267
CLI_OUTPUT: ret /Target1/register/action ddal_register_read32 0 33267 ==&gt; done OK retv 0 offset 33267 value 0
SCR_OUTPUT: RP3 Transport read: offset = 0x81f3  value = 0x0
CLI_OUTPUT: /Target1/register/action ddal_register_read32 0 33268
CLI_OUTPUT: ret /Target1/register/action ddal_register_read32 0 33268 ==&gt; done OK retv 0 offset 33268 value 0
SCR_OUTPUT: RP3 Transport read: offset = 0x81f4  value = 0x0
CLI_OUTPUT: /Target1/register/action ddal_register_read32 0 33269
CLI_OUTPUT: ret /Target1/register/action ddal_register_read32 0 33269 ==&gt; done OK retv 0 offset 33269 value 0
SCR_OUTPUT: RP3 Transport read: offset = 0x81f5  value = 0x0
CLI_OUTPUT: /Target1/register/action ddal_register_read32 0 33270
CLI_OUTPUT: ret /Target1/register/action ddal_register_read32 0 33270 ==&gt; done OK retv 0 offset 33270 value 0
SCR_OUTPUT: RP3 Transport read: offset = 0x81f6  value = 0x0
CLI_OUTPUT: /Target1/register/action ddal_register_read32 0 33271
CLI_OUTPUT: ret /Target1/register/action ddal_register_read32 0 33271 ==&gt; done OK retv 0 offset 33271 value 0
SCR_OUTPUT: RP3 Transport read: offset = 0x81f7  value = 0x0
CLI_OUTPUT: /Target1/register/action ddal_register_read32 0 33272
CLI_OUTPUT: ret /Target1/register/action ddal_register_read32 0 33272 ==&gt; done OK retv 0 offset 33272 value 0
SCR_OUTPUT: RP3 Transport read: offset = 0x81f8  value = 0x0
CLI_OUTPUT: /Target1/register/action ddal_register_read32 0 33273
CLI_OUTPUT: ret /Target1/register/action ddal_register_read32 0 33273 ==&gt; done OK retv 0 offset 33273 value 0
SCR_OUTPUT: RP3 Transport read: offset = 0x81f9  value = 0x0
CLI_OUTPUT: /Target1/register/action ddal_register_read32 0 33274
CLI_OUTPUT: ret /Target1/register/action ddal_register_read32 0 33274 ==&gt; done OK retv 0 offset 33274 value 0
SCR_OUTPUT: RP3 Transport read: offset = 0x81fa  value = 0x0
CLI_OUTPUT: /Target1/register/action ddal_register_read32 0 33275
CLI_OUTPUT: ret /Target1/register/action ddal_register_read32 0 33275 ==&gt; done OK retv 0 offset 33275 value 0
SCR_OUTPUT: RP3 Transport read: offset = 0x81fb  value = 0x0
CLI_OUTPUT: /Target1/register/action ddal_register_read32 0 33276
CLI_OUTPUT: ret /Target1/register/action ddal_register_read32 0 33276 ==&gt; done OK retv 0 offset 33276 value 0
SCR_OUTPUT: RP3 Transport read: offset = 0x81fc  value = 0x0
CLI_OUTPUT: /Target1/register/action ddal_register_read32 0 33277
CLI_OUTPUT: ret /Target1/register/action ddal_register_read32 0 33277 ==&gt; done OK retv 0 offset 33277 value 0
SCR_OUTPUT: RP3 Transport read: offset = 0x81fd  value = 0x0
CLI_OUTPUT: /Target1/register/action ddal_register_read32 0 33278
CLI_OUTPUT: ret /Target1/register/action ddal_register_read32 0 33278 ==&gt; done OK retv 0 offset 33278 value 0
SCR_OUTPUT: RP3 Transport read: offset = 0x81fe  value = 0x0
CLI_OUTPUT: /Target1/register/action ddal_register_read32 0 33279
CLI_OUTPUT: ret /Target1/register/action ddal_register_read32 0 33279 ==&gt; done OK retv 0 offset 33279 value 0
SCR_OUTPUT: RP3 Transport read: offset = 0x81ff  value = 0x0
SCR_OUTPUT: 0 RP3 Transport: write 32 Bit register
CLI_OUTPUT: /Target1/register/action ddal_register_write32 0 0x81F0 1413829701
CLI_OUTPUT: ret /Target1/register/action ddal_register_write32 0 0x81F0 1413829701 ==&gt; done OK retv 0 offset 33264 value 1413829701
SCR_OUTPUT: RP3 Transport write: offset = 0x81f0  value = 0x54455445
CLI_OUTPUT: /Target1/register/action ddal_register_write32 0 33265 1413829701
CLI_OUTPUT: ret /Target1/register/action ddal_register_write32 0 33265 1413829701 ==&gt; done OK retv 0 offset 33265 value 1413829701
SCR_OUTPUT: RP3 Transport write: offset = 0x81f1  value = 0x54455445
CLI_OUTPUT: /Target1/register/action ddal_register_write32 0 33266 1413829701
CLI_OUTPUT: ret /Target1/register/action ddal_register_write32 0 33266 1413829701 ==&gt; done OK retv 0 offset 33266 value 1413829701
SCR_OUTPUT: RP3 Transport write: offset = 0x81f2  value = 0x54455445
CLI_OUTPUT: /Target1/register/action ddal_register_write32 0 33267 1413829701
CLI_OUTPUT: ret /Target1/register/action ddal_register_write32 0 33267 1413829701 ==&gt; done OK retv 0 offset 33267 value 1413829701
SCR_OUTPUT: RP3 Transport write: offset = 0x81f3  value = 0x54455445
CLI_OUTPUT: /Target1/register/action ddal_register_write32 0 33268 1413829701
CLI_OUTPUT: ret /Target1/register/action ddal_register_write32 0 33268 1413829701 ==&gt; done OK retv 0 offset 33268 value 1413829701
SCR_OUTPUT: RP3 Transport write: offset = 0x81f4  value = 0x54455445
CLI_OUTPUT: /Target1/register/action ddal_register_write32 0 33269 1413829701
CLI_OUTPUT: ret /Target1/register/action ddal_register_write32 0 33269 1413829701 ==&gt; done OK retv 0 offset 33269 value 1413829701
SCR_OUTPUT: RP3 Transport write: offset = 0x81f5  value = 0x54455445
CLI_OUTPUT: /Target1/register/action ddal_register_write32 0 33270 1413829701
CLI_OUTPUT: ret /Target1/register/action ddal_register_write32 0 33270 1413829701 ==&gt; done OK retv 0 offset 33270 value 1413829701
SCR_OUTPUT: RP3 Transport write: offset = 0x81f6  value = 0x54455445
CLI_OUTPUT: /Target1/register/action ddal_register_write32 0 33271 1413829701
CLI_OUTPUT: ret /Target1/register/action ddal_register_write32 0 33271 1413829701 ==&gt; done OK retv 0 offset 33271 value 1413829701
SCR_OUTPUT: RP3 Transport write: offset = 0x81f7  value = 0x54455445
CLI_OUTPUT: /Target1/register/action ddal_register_write32 0 33272 1413829701
CLI_OUTPUT: ret /Target1/register/action ddal_register_write32 0 33272 1413829701 ==&gt; done OK retv 0 offset 33272 value 1413829701
SCR_OUTPUT: RP3 Transport write: offset = 0x81f8  value = 0x54455445
CLI_OUTPUT: /Target1/register/action ddal_register_write32 0 33273 1413829701
CLI_OUTPUT: ret /Target1/register/action ddal_register_write32 0 33273 1413829701 ==&gt; done OK retv 0 offset 33273 value 1413829701
SCR_OUTPUT: RP3 Transport write: offset = 0x81f9  value = 0x54455445
CLI_OUTPUT: /Target1/register/action ddal_register_write32 0 33274 1413829701
CLI_OUTPUT: ret /Target1/register/action ddal_register_write32 0 33274 1413829701 ==&gt; done OK retv 0 offset 33274 value 1413829701
SCR_OUTPUT: RP3 Transport write: offset = 0x81fa  value = 0x54455445
CLI_OUTPUT: /Target1/register/action ddal_register_write32 0 33275 1413829701
CLI_OUTPUT: ret /Target1/register/action ddal_register_write32 0 33275 1413829701 ==&gt; done OK retv 0 offset 33275 value 1413829701
SCR_OUTPUT: RP3 Transport write: offset = 0x81fb  value = 0x54455445
CLI_OUTPUT: /Target1/register/action ddal_register_write32 0 33276 1413829701
CLI_OUTPUT: ret /Target1/register/action ddal_register_write32 0 33276 1413829701 ==&gt; done OK retv 0 offset 33276 value 1413829701
SCR_OUTPUT: RP3 Transport write: offset = 0x81fc  value = 0x54455445
CLI_OUTPUT: /Target1/register/action ddal_register_write32 0 33277 1413829701
CLI_OUTPUT: ret /Target1/register/action ddal_register_write32 0 33277 1413829701 ==&gt; done OK retv 0 offset 33277 value 1413829701
SCR_OUTPUT: RP3 Transport write: offset = 0x81fd  value = 0x54455445
CLI_OUTPUT: /Target1/register/action ddal_register_write32 0 33278 1413829701
CLI_OUTPUT: ret /Target1/register/action ddal_register_write32 0 33278 1413829701 ==&gt; done OK retv 0 offset 33278 value 1413829701
SCR_OUTPUT: RP3 Transport write: offset = 0x81fe  value = 0x54455445
CLI_OUTPUT: /Target1/register/action ddal_register_write32 0 33279 1413829701
CLI_OUTPUT: ret /Target1/register/action ddal_register_write32 0 33279 1413829701 ==&gt; done OK retv 0 offset 33279 value 1413829701
SCR_OUTPUT: RP3 Transport write: offset = 0x81ff  value = 0x54455445
SCR_OUTPUT: 1 RP3 Transport: read 32 Bit register
CLI_OUTPUT: /Target1/register/action ddal_register_read32 0 0x81F0
CLI_OUTPUT: ret /Target1/register/action ddal_register_read32 0 0x81F0 ==&gt; done OK retv 0 offset 33264 value 0
SCR_OUTPUT: RP3 Transport read: offset = 0x81f0  value = 0x0
CLI_OUTPUT: /Target1/register/action ddal_register_read32 0 33265
CLI_OUTPUT: ret /Target1/register/action ddal_register_read32 0 33265 ==&gt; done OK retv 0 offset 33265 value 0
SCR_OUTPUT: RP3 Transport read: offset = 0x81f1  value = 0x0
CLI_OUTPUT: /Target1/register/action ddal_register_read32 0 33266
CLI_OUTPUT: ret /Target1/register/action ddal_register_read32 0 33266 ==&gt; done OK retv 0 offset 33266 value 0
SCR_OUTPUT: RP3 Transport read: offset = 0x81f2  value = 0x0
CLI_OUTPUT: /Target1/register/action ddal_register_read32 0 33267
CLI_OUTPUT: ret /Target1/register/action ddal_register_read32 0 33267 ==&gt; done OK retv 0 offset 33267 value 0
SCR_OUTPUT: RP3 Transport read: offset = 0x81f3  value = 0x0
CLI_OUTPUT: /Target1/register/action ddal_register_read32 0 33268
CLI_OUTPUT: ret /Target1/register/action ddal_register_read32 0 33268 ==&gt; done OK retv 0 offset 33268 value 0
SCR_OUTPUT: RP3 Transport read: offset = 0x81f4  value = 0x0
CLI_OUTPUT: /Target1/register/action ddal_register_read32 0 33269
CLI_OUTPUT: ret /Target1/register/action ddal_register_read32 0 33269 ==&gt; done OK retv 0 offset 33269 value 0
SCR_OUTPUT: RP3 Transport read: offset = 0x81f5  value = 0x0
CLI_OUTPUT: /Target1/register/action ddal_register_read32 0 33270
CLI_OUTPUT: ret /Target1/register/action ddal_register_read32 0 33270 ==&gt; done OK retv 0 offset 33270 value 0
SCR_OUTPUT: RP3 Transport read: offset = 0x81f6  value = 0x0
CLI_OUTPUT: /Target1/register/action ddal_register_read32 0 33271
CLI_OUTPUT: ret /Target1/register/action ddal_register_read32 0 33271 ==&gt; done OK retv 0 offset 33271 value 0
SCR_OUTPUT: RP3 Transport read: offset = 0x81f7  value = 0x0
CLI_OUTPUT: /Target1/register/action ddal_register_read32 0 33272
CLI_OUTPUT: ret /Target1/register/action ddal_register_read32 0 33272 ==&gt; done OK retv 0 offset 33272 value 0
SCR_OUTPUT: RP3 Transport read: offset = 0x81f8  value = 0x0
CLI_OUTPUT: /Target1/register/action ddal_register_read32 0 33273
CLI_OUTPUT: ret /Target1/register/action ddal_register_read32 0 33273 ==&gt; done OK retv 0 offset 33273 value 0
SCR_OUTPUT: RP3 Transport read: offset = 0x81f9  value = 0x0
CLI_OUTPUT: /Target1/register/action ddal_register_read32 0 33274
CLI_OUTPUT: ret /Target1/register/action ddal_register_read32 0 33274 ==&gt; done OK retv 0 offset 33274 value 0
SCR_OUTPUT: RP3 Transport read: offset = 0x81fa  value = 0x0
CLI_OUTPUT: /Target1/register/action ddal_register_read32 0 33275
CLI_OUTPUT: ret /Target1/register/action ddal_register_read32 0 33275 ==&gt; done OK retv 0 offset 33275 value 0
SCR_OUTPUT: RP3 Transport read: offset = 0x81fb  value = 0x0
CLI_OUTPUT: /Target1/register/action ddal_register_read32 0 33276
CLI_OUTPUT: ret /Target1/register/action ddal_register_read32 0 33276 ==&gt; done OK retv 0 offset 33276 value 0
SCR_OUTPUT: RP3 Transport read: offset = 0x81fc  value = 0x0
CLI_OUTPUT: /Target1/register/action ddal_register_read32 0 33277
CLI_OUTPUT: ret /Target1/register/action ddal_register_read32 0 33277 ==&gt; done OK retv 0 offset 33277 value 0
SCR_OUTPUT: RP3 Transport read: offset = 0x81fd  value = 0x0
CLI_OUTPUT: /Target1/register/action ddal_register_read32 0 33278
CLI_OUTPUT: ret /Target1/register/action ddal_register_read32 0 33278 ==&gt; done OK retv 0 offset 33278 value 0
SCR_OUTPUT: RP3 Transport read: offset = 0x81fe  value = 0x0
CLI_OUTPUT: /Target1/register/action ddal_register_read32 0 33279
CLI_OUTPUT: ret /Target1/register/action ddal_register_read32 0 33279 ==&gt; done OK retv 0 offset 33279 value 0
SCR_OUTPUT: RP3 Transport read: offset = 0x81ff  value = 0x0
SCR_OUTPUT: 1 RP3 Transport: write 32 Bit register
CLI_OUTPUT: /Target1/register/action ddal_register_write32 0 0x81F0 2827659402
CLI_OUTPUT: ret /Target1/register/action ddal_register_write32 0 0x81F0 2827659402 ==&gt; done OK retv 0 offset 33264 value -1467307894
SCR_OUTPUT: RP3 Transport write: offset = 0x81f0  value = 0xffffffffa88aa88a
CLI_OUTPUT: /Target1/register/action ddal_register_write32 0 33265 2827659402
CLI_OUTPUT: ret /Target1/register/action ddal_register_write32 0 33265 2827659402 ==&gt; done OK retv 0 offset 33265 value -1467307894
SCR_OUTPUT: RP3 Transport write: offset = 0x81f1  value = 0xffffffffa88aa88a
CLI_OUTPUT: /Target1/register/action ddal_register_write32 0 33266 2827659402
CLI_OUTPUT: ret /Target1/register/action ddal_register_write32 0 33266 2827659402 ==&gt; done OK retv 0 offset 33266 value -1467307894
SCR_OUTPUT: RP3 Transport write: offset = 0x81f2  value = 0xffffffffa88aa88a
CLI_OUTPUT: /Target1/register/action ddal_register_write32 0 33267 2827659402
CLI_OUTPUT: ret /Target1/register/action ddal_register_write32 0 33267 2827659402 ==&gt; done OK retv 0 offset 33267 value -1467307894
SCR_OUTPUT: RP3 Transport write: offset = 0x81f3  value = 0xffffffffa88aa88a
CLI_OUTPUT: /Target1/register/action ddal_register_write32 0 33268 2827659402
CLI_OUTPUT: ret /Target1/register/action ddal_register_write32 0 33268 2827659402 ==&gt; done OK retv 0 offset 33268 value -1467307894
SCR_OUTPUT: RP3 Transport write: offset = 0x81f4  value = 0xffffffffa88aa88a
CLI_OUTPUT: /Target1/register/action ddal_register_write32 0 33269 2827659402
CLI_OUTPUT: ret /Target1/register/action ddal_register_write32 0 33269 2827659402 ==&gt; done OK retv 0 offset 33269 value -1467307894
SCR_OUTPUT: RP3 Transport write: offset = 0x81f5  value = 0xffffffffa88aa88a
CLI_OUTPUT: /Target1/register/action ddal_register_write32 0 33270 2827659402
CLI_OUTPUT: ret /Target1/register/action ddal_register_write32 0 33270 2827659402 ==&gt; done OK retv 0 offset 33270 value -1467307894
SCR_OUTPUT: RP3 Transport write: offset = 0x81f6  value = 0xffffffffa88aa88a
CLI_OUTPUT: /Target1/register/action ddal_register_write32 0 33271 2827659402
CLI_OUTPUT: ret /Target1/register/action ddal_register_write32 0 33271 2827659402 ==&gt; done OK retv 0 offset 33271 value -1467307894
SCR_OUTPUT: RP3 Transport write: offset = 0x81f7  value = 0xffffffffa88aa88a
CLI_OUTPUT: /Target1/register/action ddal_register_write32 0 33272 2827659402
CLI_OUTPUT: ret /Target1/register/action ddal_register_write32 0 33272 2827659402 ==&gt; done OK retv 0 offset 33272 value -1467307894
SCR_OUTPUT: RP3 Transport write: offset = 0x81f8  value = 0xffffffffa88aa88a
CLI_OUTPUT: /Target1/register/action ddal_register_write32 0 33273 2827659402
CLI_OUTPUT: ret /Target1/register/action ddal_register_write32 0 33273 2827659402 ==&gt; done OK retv 0 offset 33273 value -1467307894
SCR_OUTPUT: RP3 Transport write: offset = 0x81f9  value = 0xffffffffa88aa88a
CLI_OUTPUT: /Target1/register/action ddal_register_write32 0 33274 2827659402
CLI_OUTPUT: ret /Target1/register/action ddal_register_write32 0 33274 2827659402 ==&gt; done OK retv 0 offset 33274 value -1467307894
SCR_OUTPUT: RP3 Transport write: offset = 0x81fa  value = 0xffffffffa88aa88a
CLI_OUTPUT: /Target1/register/action ddal_register_write32 0 33275 2827659402
CLI_OUTPUT: ret /Target1/register/action ddal_register_write32 0 33275 2827659402 ==&gt; done OK retv 0 offset 33275 value -1467307894
SCR_OUTPUT: RP3 Transport write: offset = 0x81fb  value = 0xffffffffa88aa88a
CLI_OUTPUT: /Target1/register/action ddal_register_write32 0 33276 2827659402
CLI_OUTPUT: ret /Target1/register/action ddal_register_write32 0 33276 2827659402 ==&gt; done OK retv 0 offset 33276 value -1467307894
SCR_OUTPUT: RP3 Transport write: offset = 0x81fc  value = 0xffffffffa88aa88a
CLI_OUTPUT: /Target1/register/action ddal_register_write32 0 33277 2827659402
CLI_OUTPUT: ret /Target1/register/action ddal_register_write32 0 33277 2827659402 ==&gt; done OK retv 0 offset 33277 value -1467307894
SCR_OUTPUT: RP3 Transport write: offset = 0x81fd  value = 0xffffffffa88aa88a
CLI_OUTPUT: /Target1/register/action ddal_register_write32 0 33278 2827659402
CLI_OUTPUT: ret /Target1/register/action ddal_register_write32 0 33278 2827659402 ==&gt; done OK retv 0 offset 33278 value -1467307894
SCR_OUTPUT: RP3 Transport write: offset = 0x81fe  value = 0xffffffffa88aa88a
CLI_OUTPUT: /Target1/register/action ddal_register_write32 0 33279 2827659402
CLI_OUTPUT: ret /Target1/register/action ddal_register_write32 0 33279 2827659402 ==&gt; done OK retv 0 offset 33279 value -1467307894
SCR_OUTPUT: RP3 Transport write: offset = 0x81ff  value = 0xffffffffa88aa88a
SCR_OUTPUT: 2 RP3 Transport: read 32 Bit register
CLI_OUTPUT: /Target1/register/action ddal_register_read32 0 0x81F0
CLI_OUTPUT: ret /Target1/register/action ddal_register_read32 0 0x81F0 ==&gt; done OK retv 0 offset 33264 value 0
SCR_OUTPUT: RP3 Transport read: offset = 0x81f0  value = 0x0
CLI_OUTPUT: /Target1/register/action ddal_register_read32 0 33265
CLI_OUTPUT: ret /Target1/register/action ddal_register_read32 0 33265 ==&gt; done OK retv 0 offset 33265 value 0
SCR_OUTPUT: RP3 Transport read: offset = 0x81f1  value = 0x0
CLI_OUTPUT: /Target1/register/action ddal_register_read32 0 33266
CLI_OUTPUT: ret /Target1/register/action ddal_register_read32 0 33266 ==&gt; done OK retv 0 offset 33266 value 0
SCR_OUTPUT: RP3 Transport read: offset = 0x81f2  value = 0x0
CLI_OUTPUT: /Target1/register/action ddal_register_read32 0 33267
CLI_OUTPUT: ret /Target1/register/action ddal_register_read32 0 33267 ==&gt; done OK retv 0 offset 33267 value 0
SCR_OUTPUT: RP3 Transport read: offset = 0x81f3  value = 0x0
CLI_OUTPUT: /Target1/register/action ddal_register_read32 0 33268
CLI_OUTPUT: ret /Target1/register/action ddal_register_read32 0 33268 ==&gt; done OK retv 0 offset 33268 value 0
SCR_OUTPUT: RP3 Transport read: offset = 0x81f4  value = 0x0
CLI_OUTPUT: /Target1/register/action ddal_register_read32 0 33269
CLI_OUTPUT: ret /Target1/register/action ddal_register_read32 0 33269 ==&gt; done OK retv 0 offset 33269 value 0
SCR_OUTPUT: RP3 Transport read: offset = 0x81f5  value = 0x0
CLI_OUTPUT: /Target1/register/action ddal_register_read32 0 33270
CLI_OUTPUT: ret /Target1/register/action ddal_register_read32 0 33270 ==&gt; done OK retv 0 offset 33270 value 0
SCR_OUTPUT: RP3 Transport read: offset = 0x81f6  value = 0x0
CLI_OUTPUT: /Target1/register/action ddal_register_read32 0 33271
CLI_OUTPUT: ret /Target1/register/action ddal_register_read32 0 33271 ==&gt; done OK retv 0 offset 33271 value 0
SCR_OUTPUT: RP3 Transport read: offset = 0x81f7  value = 0x0
CLI_OUTPUT: /Target1/register/action ddal_register_read32 0 33272
CLI_OUTPUT: ret /Target1/register/action ddal_register_read32 0 33272 ==&gt; done OK retv 0 offset 33272 value 0
SCR_OUTPUT: RP3 Transport read: offset = 0x81f8  value = 0x0
CLI_OUTPUT: /Target1/register/action ddal_register_read32 0 33273
CLI_OUTPUT: ret /Target1/register/action ddal_register_read32 0 33273 ==&gt; done OK retv 0 offset 33273 value 0
SCR_OUTPUT: RP3 Transport read: offset = 0x81f9  value = 0x0
CLI_OUTPUT: /Target1/register/action ddal_register_read32 0 33274
CLI_OUTPUT: ret /Target1/register/action ddal_register_read32 0 33274 ==&gt; done OK retv 0 offset 33274 value 0
SCR_OUTPUT: RP3 Transport read: offset = 0x81fa  value = 0x0
CLI_OUTPUT: /Target1/register/action ddal_register_read32 0 33275
CLI_OUTPUT: ret /Target1/register/action ddal_register_read32 0 33275 ==&gt; done OK retv 0 offset 33275 value 0
SCR_OUTPUT: RP3 Transport read: offset = 0x81fb  value = 0x0
CLI_OUTPUT: /Target1/register/action ddal_register_read32 0 33276
CLI_OUTPUT: ret /Target1/register/action ddal_register_read32 0 33276 ==&gt; done OK retv 0 offset 33276 value 0
SCR_OUTPUT: RP3 Transport read: offset = 0x81fc  value = 0x0
CLI_OUTPUT: /Target1/register/action ddal_register_read32 0 33277
CLI_OUTPUT: ret /Target1/register/action ddal_register_read32 0 33277 ==&gt; done OK retv 0 offset 33277 value 0
SCR_OUTPUT: RP3 Transport read: offset = 0x81fd  value = 0x0
CLI_OUTPUT: /Target1/register/action ddal_register_read32 0 33278
CLI_OUTPUT: ret /Target1/register/action ddal_register_read32 0 33278 ==&gt; done OK retv 0 offset 33278 value 0
SCR_OUTPUT: RP3 Transport read: offset = 0x81fe  value = 0x0
CLI_OUTPUT: /Target1/register/action ddal_register_read32 0 33279
CLI_OUTPUT: ret /Target1/register/action ddal_register_read32 0 33279 ==&gt; done OK retv 0 offset 33279 value 0
SCR_OUTPUT: RP3 Transport read: offset = 0x81ff  value = 0x0
SCR_OUTPUT: 2 RP3 Transport: write 32 Bit register
CLI_OUTPUT: /Target1/register/action ddal_register_write32 0 0x81F0 4241489103
CLI_OUTPUT: ret /Target1/register/action ddal_register_write32 0 0x81F0 4241489103 ==&gt; done OK retv 0 offset 33264 value -53478193
CLI_OUTPUT: /Target1/register/action ddal_register_write32 0 33265 4241489103
CLI_OUTPUT: ret /Target1/register/action ddal_register_write32 0 33265 4241489103 ==&gt; done OK retv 0 offset 33265 value -53478193
CLI_OUTPUT: /Target1/register/action ddal_register_write32 0 33266 4241489103
CLI_OUTPUT: ret /Target1/register/action ddal_register_write32 0 33266 4241489103 ==&gt; done OK retv 0 offset 33266 value -53478193
CLI_OUTPUT: /Target1/register/action ddal_register_write32 0 33267 4241489103
CLI_OUTPUT: ret /Target1/register/action ddal_register_write32 0 33267 4241489103 ==&gt; done OK retv 0 offset 33267 value -53478193
CLI_OUTPUT: /Target1/register/action ddal_register_write32 0 33268 4241489103
CLI_OUTPUT: ret /Target1/register/action ddal_register_write32 0 33268 4241489103 ==&gt; done OK retv 0 offset 33268 value -53478193
CLI_OUTPUT: /Target1/register/action ddal_register_write32 0 33269 4241489103
CLI_OUTPUT: ret /Target1/register/action ddal_register_write32 0 33269 4241489103 ==&gt; done OK retv 0 offset 33269 value -53478193
CLI_OUTPUT: /Target1/register/action ddal_register_write32 0 33270 4241489103
CLI_OUTPUT: ret /Target1/register/action ddal_register_write32 0 33270 4241489103 ==&gt; done OK retv 0 offset 33270 value -53478193
CLI_OUTPUT: /Target1/register/action ddal_register_write32 0 33271 4241489103
CLI_OUTPUT: ret /Target1/register/action ddal_register_write32 0 33271 4241489103 ==&gt; done OK retv 0 offset 33271 value -53478193
CLI_OUTPUT: /Target1/register/action ddal_register_write32 0 33272 4241489103
CLI_OUTPUT: ret /Target1/register/action ddal_register_write32 0 33272 4241489103 ==&gt; done OK retv 0 offset 33272 value -53478193
CLI_OUTPUT: /Target1/register/action ddal_register_write32 0 33273 4241489103
CLI_OUTPUT: ret /Target1/register/action ddal_register_write32 0 33273 4241489103 ==&gt; done OK retv 0 offset 33273 value -53478193
CLI_OUTPUT: /Target1/register/action ddal_register_write32 0 33274 4241489103
CLI_OUTPUT: ret /Target1/register/action ddal_register_write32 0 33274 4241489103 ==&gt; done OK retv 0 offset 33274 value -53478193
CLI_OUTPUT: /Target1/register/action ddal_register_write32 0 33275 4241489103
CLI_OUTPUT: ret /Target1/register/action ddal_register_write32 0 33275 4241489103 ==&gt; done OK retv 0 offset 33275 value -53478193
CLI_OUTPUT: /Target1/register/action ddal_register_write32 0 33276 4241489103
CLI_OUTPUT: ret /Target1/register/action ddal_register_write32 0 33276 4241489103 ==&gt; done OK retv 0 offset 33276 value -53478193
CLI_OUTPUT: /Target1/register/action ddal_register_write32 0 33277 4241489103
CLI_OUTPUT: ret /Target1/register/action ddal_register_write32 0 33277 4241489103 ==&gt; done OK retv 0 offset 33277 value -53478193
CLI_OUTPUT: /Target1/register/action ddal_register_write32 0 33278 4241489103
CLI_OUTPUT: ret /Target1/register/action ddal_register_write32 0 33278 4241489103 ==&gt; done OK retv 0 offset 33278 value -53478193
CLI_OUTPUT: /Target1/register/action ddal_register_write32 0 33279 4241489103
CLI_OUTPUT: ret /Target1/register/action ddal_register_write32 0 33279 4241489103 ==&gt; done OK retv 0 offset 33279 value -53478193
SCR_OUTPUT: ##### Test Case End: TC_03230_005 PASSED (0)
</stdout>
          <failedSince>0</failedSince>
        </case>
        <case>
          <duration>0.0</duration>
          <className>basic_components.sshd.functional</className>
          <testName>testsuite</testName>
          <skipped>true</skipped>
          <stdout>
No Tests
</stdout>
          <failedSince>1305</failedSince>
        </case>
        <case>
          <duration>0.0</duration>
          <className>system_integrity.scheduler.functional</className>
          <testName>testsuite</testName>
          <skipped>true</skipped>
          <stdout>
No Tests
</stdout>
          <failedSince>1305</failedSince>
        </case>
        <case>
          <duration>0.127</duration>
          <className>tests.common</className>
          <testName>checkuname</testName>
          <skipped>false</skipped>
          <stdout>
....
Linux fcmd15 3.14.51-g82d8086-fcmd #1 PREEMPT Thu Oct 29 17:38:53 UTC 2015 ppc GNU/Linux

	</stdout>
          <stderr>
	</stderr>
          <failedSince>0</failedSince>
        </case>
        <case>
          <duration>221.708</duration>
          <className>tests.fmontests</className>
          <testName>fmon_fsmr2_hack</testName>
          <skipped>false</skipped>
          <stdout>
....
/lvol2/production_jenkins/test-repos/src-fsmfmon/src/host/fmon/bin
TC_01040 running ...   (1/1)
TC_01040 done   (1/1)
TC_03011 running ...   (1/1)
TC_03011 done   (1/1)
TC_03020 running ...   (1/1)
TC_03020 done   (1/1)
TC_03030 running ...   (1/1)
TC_03030 done   (1/1)
TC_03050 running ...   (1/1)
TC_03050 done   (1/1)
TC_03080 running ...   (1/1)
TC_03080 done   (1/1)
TC_03100 running ...   (1/1)
TC_03100 done   (1/1)
TC_03130 running ...   (1/1)
TC_03130 done   (1/1)
TC_03150 running ...   (1/1)
TC_03150 done   (1/1)
TC_03160 running ...   (1/1)
TC_03160 done   (1/1)
TC_03170 running ...   (1/1)
TC_03170 done   (1/1)
TC_03210 running ...   (1/1)
TC_03210 done   (1/1)
TC_03230 running ...   (1/1)
TC_03230 done   (1/1)
Run 13 test cases done
LogFile: /lvol3/production_jenkins/test-repos/src-fsmwbit/src/log/tcm2.log
Statistic:
Case Count Passed Failed maxErrors avgErrors maxTime avgTime
TC_03011 1 1 0 0 0 { 00:00:03 } { 00:00:03 } {Sfn get close fd}
TC_03020 1 1 0 0 0 { 00:00:07 } { 00:00:07 } {Basic temperature Tests}
TC_03030 1 1 0 0 0 { 00:00:01 } { 00:00:01 } {Basic reset Tests}
TC_03050 1 1 0 0 0 { 00:00:01 } { 00:00:01 } {Basic power Tests}
TC_03080 1 1 0 0 0 { 00:00:01 } { 00:00:01 } {Basic led Tests}
TC_03100 1 1 0 0 0 { 00:02:42 } { 00:02:42 } {Basic rpram Tests}
TC_03130 1 1 0 0 0 { 00:00:01 } { 00:00:01 } {Basic Power Monitor Tests}
TC_03150 1 1 0 0 0 { 00:00:00 } { 00:00:00 } {FSP H/W Id}
TC_03160 1 1 0 0 0 { 00:00:00 } { 00:00:00 } {Basic External Alarm Tests}
TC_03170 1 1 0 0 0 { 00:00:01 } { 00:00:01 } {Basic Custom Out Tests}
TC_03210 1 0 1 4 4 { 00:00:00 } { 00:00:00 } {Basic gpio Tests}
TC_03230 1 1 0 0 0 { 00:00:34 } { 00:00:34 } {Basic register Tests}
Summary 12 11 1 4 0 { 00:02:42 } { 00:00:17 } {Totals and Sums}
OVERALL RESULT: FAIL

	</stdout>
          <stderr>
+(./host_fmon_fsmr2_hack.sh:6): ROOT=/lvol3/production_jenkins/test-repos/src-fsmwbit//src
+(./host_fmon_fsmr2_hack.sh:7): TARGET_NAME=fcmd15
+(./host_fmon_fsmr2_hack.sh:8): TMF_DIR=/var/fpwork/psulm/lfs-jenkins/workspace/LFS_CI_-_trunk_-_TestNonBlocking_-_FSM-r2_-_FCMD/workspace/src-test/src/unittest/tests/fmontests/fmon_fsmr2_hack
+(./host_fmon_fsmr2_hack.sh:10): cd /lvol3/production_jenkins/test-repos/src-fsmwbit//src/tools/ftcm
+(./host_fmon_fsmr2_hack.sh:11): ./startftcm -cfg /lvol2/production_jenkins/test-repos/src-fsmtest/src/test_scripts/configs/fcmd15.cfg
+(./host_fmon_fsmr2_hack.sh:11): true
+(./host_fmon_fsmr2_hack.sh:12): /lvol2/production_jenkins/bin/mkjunitxml.pl /lvol3/production_jenkins/test-repos/src-fsmwbit//src/log/tcm2.log
+(./host_fmon_fsmr2_hack.sh:14): &apos;[&apos; -f /lvol3/production_jenkins/test-repos/src-fsmwbit//src/log/fsmr2.xml &apos;]&apos;
+(./host_fmon_fsmr2_hack.sh:16): mkdir -p /var/fpwork/psulm/lfs-jenkins/workspace/LFS_CI_-_trunk_-_TestNonBlocking_-_FSM-r2_-_FCMD/workspace/src-test/src/unittest/tests/fmontests/fmon_fsmr2_hack/xml-reports
+(./host_fmon_fsmr2_hack.sh:17): cp /lvol3/production_jenkins/test-repos/src-fsmwbit//src/log/fsmr2.xml /var/fpwork/psulm/lfs-jenkins/workspace/LFS_CI_-_trunk_-_TestNonBlocking_-_FSM-r2_-_FCMD/workspace/src-test/src/unittest/tests/fmontests/fmon_fsmr2_hack/xml-reports/
	</stderr>
          <failedSince>0</failedSince>
        </case>
      </cases>
    </suite>
  </suites>
  <duration>481.83502</duration>
  <keepLongStdio>true</keepLongStdio>
</result>