<?xml version="1.0" ?>
<testsuite errors="0" failures="0" name="dummy_test" tests="1" time="0.005">
	<testcase classname="dummy_test" name="dummy_test" time="0.005"/>
	<system-out>
<![CDATA[....
This is a dummy test for collecting test results of sub tests. This test is doing nothing and will never fail.
]]>	</system-out>
	<system-err>
<![CDATA[]]>	</system-err>
</testsuite>
